[2025-12-05T02:47:02.538+0000] {taskinstance.py:1159} INFO - Dependencies all met for dep_context=non-requeueable deps ti=<TaskInstance: sodai_drinks_production_pipeline.train_model manual__2025-12-05T02:46:47+00:00 [queued]>
[2025-12-05T02:47:02.543+0000] {taskinstance.py:1159} INFO - Dependencies all met for dep_context=requeueable deps ti=<TaskInstance: sodai_drinks_production_pipeline.train_model manual__2025-12-05T02:46:47+00:00 [queued]>
[2025-12-05T02:47:02.544+0000] {taskinstance.py:1361} INFO - Starting attempt 1 of 2
[2025-12-05T02:47:02.550+0000] {taskinstance.py:1382} INFO - Executing <Task(PythonOperator): train_model> on 2025-12-05 02:46:47+00:00
[2025-12-05T02:47:02.561+0000] {standard_task_runner.py:57} INFO - Started process 3091 to run task
[2025-12-05T02:47:02.564+0000] {standard_task_runner.py:84} INFO - Running: ['***', 'tasks', 'run', 'sodai_drinks_production_pipeline', 'train_model', 'manual__2025-12-05T02:46:47+00:00', '--job-id', '20', '--raw', '--subdir', 'DAGS_FOLDER/pipeline_productivo.py', '--cfg-path', '/tmp/tmp_lemcp62']
[2025-12-05T02:47:02.566+0000] {standard_task_runner.py:85} INFO - Job 20: Subtask train_model
[2025-12-05T02:47:02.599+0000] {task_command.py:416} INFO - Running <TaskInstance: sodai_drinks_production_pipeline.train_model manual__2025-12-05T02:46:47+00:00 [running]> on host 7d9d64e391de
[2025-12-05T02:47:02.654+0000] {taskinstance.py:1662} INFO - Exporting env vars: AIRFLOW_CTX_DAG_EMAIL='team@sodaidrinks.com' AIRFLOW_CTX_DAG_OWNER='sodai_drinks_team' AIRFLOW_CTX_DAG_ID='sodai_drinks_production_pipeline' AIRFLOW_CTX_TASK_ID='train_model' AIRFLOW_CTX_EXECUTION_DATE='2025-12-05T02:46:47+00:00' AIRFLOW_CTX_TRY_NUMBER='1' AIRFLOW_CTX_DAG_RUN_ID='manual__2025-12-05T02:46:47+00:00'
[2025-12-05T02:47:02.853+0000] {model_training.py:373} INFO - 🚀 Iniciando entrenamiento del modelo XGBoost...
[2025-12-05T02:47:02.888+0000] {model_training.py:395} INFO - 📊 Dataset cargado:
[2025-12-05T02:47:02.889+0000] {model_training.py:396} INFO -    - Features: 15
[2025-12-05T02:47:02.889+0000] {model_training.py:397} INFO -    - Registros: 13920
[2025-12-05T02:47:02.889+0000] {model_training.py:398} INFO -    - Distribución de clases - Clase 0: 6960, Clase 1: 6960
[2025-12-05T02:47:02.896+0000] {model_training.py:408} INFO - 📂 Splits creados:
[2025-12-05T02:47:02.896+0000] {model_training.py:409} INFO -    - Train: 8352 muestras
[2025-12-05T02:47:02.896+0000] {model_training.py:410} INFO -    - Validation: 2784 muestras
[2025-12-05T02:47:02.896+0000] {model_training.py:411} INFO -    - Test: 2784 muestras
[2025-12-05T02:47:02.901+0000] {logging_mixin.py:154} WARNING - 2025/12/05 02:47:02 INFO mlflow.tracking.fluent: Experiment with name 'sodai_drinks_xgboost' does not exist. Creating a new experiment.
[2025-12-05T02:47:02.915+0000] {model_training.py:426} INFO - 📊 MLflow Run: initial_training_2024-W51_train_20251205_024702
[2025-12-05T02:47:02.954+0000] {logging_mixin.py:154} WARNING - 2025/12/05 02:47:02 WARNING mlflow.utils.git_utils: Failed to import Git (the Git executable is probably not on your PATH), so Git SHA is not available. Error: Failed to initialize: Bad git executable.
The git executable must be specified in one of the following ways:
    - be included in your $PATH
    - be set via $GIT_PYTHON_GIT_EXECUTABLE
    - explicitly set via git.refresh(<full-path-to-git-executable>)

All git commands will error until this is rectified.

This initial message can be silenced or aggravated in the future by setting the
$GIT_PYTHON_REFRESH environment variable. Use one of the following values:
    - quiet|q|silence|s|silent|none|n|0: for no message or exception
    - warn|w|warning|log|l|1: for a warning message (logging level CRITICAL, displayed by default)
    - error|e|exception|raise|r|2: for a raised exception

Example:
    export GIT_PYTHON_REFRESH=quiet
[2025-12-05T02:47:02.962+0000] {model_training.py:435} INFO - 📊 Registrando datasets en MLflow...
[2025-12-05T02:47:02.994+0000] {logging_mixin.py:154} WARNING - /home/***/.local/lib/python3.10/site-packages/mlflow/data/dataset_source_registry.py:143 UserWarning: The specified dataset source can be interpreted in multiple ways: LocalArtifactDatasetSource, LocalArtifactDatasetSource. MLflow will assume that this is a LocalArtifactDatasetSource source.
[2025-12-05T02:47:03.008+0000] {logging_mixin.py:154} WARNING - /home/***/.local/lib/python3.10/site-packages/mlflow/data/pandas_dataset.py:134 UserWarning: Hint: Inferred schema contains integer column(s). Integer columns in Python cannot represent missing values. If your input data contains missing values at inference time, it will be encoded as floats and will cause a schema enforcement error. The best way to avoid this problem is to infer the model schema based on a realistic data sample (training dataset) that includes missing values. Alternatively, you can declare integer columns as doubles (float64) whenever these columns may have missing values. See `Handling Integers With Missing Values <https://www.mlflow.org/docs/latest/models.html#handling-integers-with-missing-values>`_ for more details.
[2025-12-05T02:47:03.012+0000] {logging_mixin.py:154} WARNING - /home/***/.local/lib/python3.10/site-packages/mlflow/data/dataset_source_registry.py:143 UserWarning: The specified dataset source can be interpreted in multiple ways: LocalArtifactDatasetSource, LocalArtifactDatasetSource. MLflow will assume that this is a LocalArtifactDatasetSource source.
[2025-12-05T02:47:03.019+0000] {logging_mixin.py:154} WARNING - /home/***/.local/lib/python3.10/site-packages/mlflow/data/pandas_dataset.py:134 UserWarning: Hint: Inferred schema contains integer column(s). Integer columns in Python cannot represent missing values. If your input data contains missing values at inference time, it will be encoded as floats and will cause a schema enforcement error. The best way to avoid this problem is to infer the model schema based on a realistic data sample (training dataset) that includes missing values. Alternatively, you can declare integer columns as doubles (float64) whenever these columns may have missing values. See `Handling Integers With Missing Values <https://www.mlflow.org/docs/latest/models.html#handling-integers-with-missing-values>`_ for more details.
[2025-12-05T02:47:03.022+0000] {logging_mixin.py:154} WARNING - /home/***/.local/lib/python3.10/site-packages/mlflow/data/dataset_source_registry.py:143 UserWarning: The specified dataset source can be interpreted in multiple ways: LocalArtifactDatasetSource, LocalArtifactDatasetSource. MLflow will assume that this is a LocalArtifactDatasetSource source.
[2025-12-05T02:47:03.028+0000] {logging_mixin.py:154} WARNING - /home/***/.local/lib/python3.10/site-packages/mlflow/data/pandas_dataset.py:134 UserWarning: Hint: Inferred schema contains integer column(s). Integer columns in Python cannot represent missing values. If your input data contains missing values at inference time, it will be encoded as floats and will cause a schema enforcement error. The best way to avoid this problem is to infer the model schema based on a realistic data sample (training dataset) that includes missing values. Alternatively, you can declare integer columns as doubles (float64) whenever these columns may have missing values. See `Handling Integers With Missing Values <https://www.mlflow.org/docs/latest/models.html#handling-integers-with-missing-values>`_ for more details.
[2025-12-05T02:47:03.030+0000] {model_training.py:489} INFO - ✅ Datasets registrados en MLflow
[2025-12-05T02:47:03.030+0000] {model_training.py:69} INFO - 🔍 Iniciando optimización de hiperparámetros (timeout: 60s = 1 min)...
[2025-12-05T02:47:03.031+0000] {logging_mixin.py:154} WARNING -   0%|          | 0/50 [00:00<?, ?it/s]
[2025-12-05T02:47:03.107+0000] {logging_mixin.py:154} WARNING -                                       
[2025-12-05T02:47:03.107+0000] {logging_mixin.py:154} WARNING - 
[2025-12-05T02:47:03.107+0000] {logging_mixin.py:154} INFO - [I 2025-12-05 02:47:03,107] Trial 0 finished with value: 0.7809589513625388 and parameters: {'max_depth': 7, 'learning_rate': 0.2536999076681772, 'subsample': 0.8659969709057025, 'colsample_bytree': 0.7993292420985183, 'min_child_weight': 2, 'gamma': 0.7799726016810132, 'n_estimators': 76}. Best is trial 0 with value: 0.7809589513625388.
[2025-12-05T02:47:03.107+0000] {logging_mixin.py:154} WARNING -   0%|          | 0/50 [00:00<?, ?it/s]
[2025-12-05T02:47:03.108+0000] {logging_mixin.py:154} WARNING - Best trial: 0. Best value: 0.780959:   0%|          | 0/50 [00:00<?, ?it/s]
[2025-12-05T02:47:03.108+0000] {logging_mixin.py:154} WARNING - Best trial: 0. Best value: 0.780959:   2%|2         | 1/50 [00:00<00:03, 13.08it/s, 0.08/60 seconds]
[2025-12-05T02:47:03.193+0000] {logging_mixin.py:154} WARNING -                                                                                                     
[2025-12-05T02:47:03.194+0000] {logging_mixin.py:154} WARNING - 
[2025-12-05T02:47:03.194+0000] {logging_mixin.py:154} INFO - [I 2025-12-05 02:47:03,193] Trial 1 finished with value: 0.7793008910212474 and parameters: {'max_depth': 14, 'learning_rate': 0.07725378389307355, 'subsample': 0.8540362888980227, 'colsample_bytree': 0.5102922471479012, 'min_child_weight': 10, 'gamma': 4.162213204002109, 'n_estimators': 145}. Best is trial 0 with value: 0.7809589513625388.
[2025-12-05T02:47:03.194+0000] {logging_mixin.py:154} WARNING - Best trial: 0. Best value: 0.780959:   2%|2         | 1/50 [00:00<00:07,  6.16it/s, 0.08/60 seconds]
[2025-12-05T02:47:03.194+0000] {logging_mixin.py:154} WARNING - Best trial: 0. Best value: 0.780959:   2%|2         | 1/50 [00:00<00:07,  6.15it/s, 0.08/60 seconds]
[2025-12-05T02:47:03.194+0000] {logging_mixin.py:154} WARNING - Best trial: 0. Best value: 0.780959:   4%|4         | 2/50 [00:00<00:03, 12.29it/s, 0.08/60 seconds]
[2025-12-05T02:47:03.194+0000] {logging_mixin.py:154} WARNING - Best trial: 0. Best value: 0.780959:   4%|4         | 2/50 [00:00<00:03, 12.29it/s, 0.16/60 seconds]
[2025-12-05T02:47:03.488+0000] {logging_mixin.py:154} WARNING -                                                                                                     
[2025-12-05T02:47:03.488+0000] {logging_mixin.py:154} WARNING - 
[2025-12-05T02:47:03.488+0000] {logging_mixin.py:154} INFO - [I 2025-12-05 02:47:03,488] Trial 2 finished with value: 0.7827551364095654 and parameters: {'max_depth': 5, 'learning_rate': 0.018659959624904916, 'subsample': 0.6521211214797689, 'colsample_bytree': 0.762378215816119, 'min_child_weight': 5, 'gamma': 1.4561457009902097, 'n_estimators': 325}. Best is trial 2 with value: 0.7827551364095654.
[2025-12-05T02:47:03.488+0000] {logging_mixin.py:154} WARNING - Best trial: 0. Best value: 0.780959:   4%|4         | 2/50 [00:00<00:03, 12.29it/s, 0.16/60 seconds]
[2025-12-05T02:47:03.489+0000] {logging_mixin.py:154} WARNING - Best trial: 2. Best value: 0.782755:   4%|4         | 2/50 [00:00<00:03, 12.29it/s, 0.16/60 seconds]
[2025-12-05T02:47:03.489+0000] {logging_mixin.py:154} WARNING - Best trial: 2. Best value: 0.782755:   6%|6         | 3/50 [00:00<00:03, 12.29it/s, 0.46/60 seconds]
[2025-12-05T02:47:03.688+0000] {logging_mixin.py:154} WARNING -                                                                                                     
[2025-12-05T02:47:03.688+0000] {logging_mixin.py:154} WARNING - 
[2025-12-05T02:47:03.688+0000] {logging_mixin.py:154} INFO - [I 2025-12-05 02:47:03,688] Trial 3 finished with value: 0.7797297297297296 and parameters: {'max_depth': 4, 'learning_rate': 0.027010527749605478, 'subsample': 0.6831809216468459, 'colsample_bytree': 0.728034992108518, 'min_child_weight': 8, 'gamma': 0.9983689107917987, 'n_estimators': 281}. Best is trial 2 with value: 0.7827551364095654.
[2025-12-05T02:47:03.688+0000] {logging_mixin.py:154} WARNING - Best trial: 2. Best value: 0.782755:   6%|6         | 3/50 [00:00<00:03, 12.29it/s, 0.46/60 seconds]
[2025-12-05T02:47:03.689+0000] {logging_mixin.py:154} WARNING - Best trial: 2. Best value: 0.782755:   6%|6         | 3/50 [00:00<00:03, 12.29it/s, 0.46/60 seconds]
[2025-12-05T02:47:03.689+0000] {logging_mixin.py:154} WARNING - Best trial: 2. Best value: 0.782755:   8%|8         | 4/50 [00:00<00:08,  5.59it/s, 0.46/60 seconds]
[2025-12-05T02:47:03.689+0000] {logging_mixin.py:154} WARNING - Best trial: 2. Best value: 0.782755:   8%|8         | 4/50 [00:00<00:08,  5.59it/s, 0.66/60 seconds]
[2025-12-05T02:47:04.130+0000] {logging_mixin.py:154} WARNING -                                                                                                     
[2025-12-05T02:47:04.130+0000] {logging_mixin.py:154} WARNING - 
[2025-12-05T02:47:04.130+0000] {logging_mixin.py:154} INFO - [I 2025-12-05 02:47:04,130] Trial 4 finished with value: 0.7841677943166442 and parameters: {'max_depth': 10, 'learning_rate': 0.011711509955524094, 'subsample': 0.8037724259507192, 'colsample_bytree': 0.5852620618436457, 'min_child_weight': 1, 'gamma': 4.7444276862666666, 'n_estimators': 485}. Best is trial 4 with value: 0.7841677943166442.
[2025-12-05T02:47:04.130+0000] {logging_mixin.py:154} WARNING - Best trial: 2. Best value: 0.782755:   8%|8         | 4/50 [00:01<00:08,  5.59it/s, 0.66/60 seconds]
[2025-12-05T02:47:04.131+0000] {logging_mixin.py:154} WARNING - Best trial: 4. Best value: 0.784168:   8%|8         | 4/50 [00:01<00:08,  5.59it/s, 0.66/60 seconds]
[2025-12-05T02:47:04.131+0000] {logging_mixin.py:154} WARNING - Best trial: 4. Best value: 0.784168:  10%|#         | 5/50 [00:01<00:11,  3.89it/s, 0.66/60 seconds]
[2025-12-05T02:47:04.131+0000] {logging_mixin.py:154} WARNING - Best trial: 4. Best value: 0.784168:  10%|#         | 5/50 [00:01<00:11,  3.89it/s, 1.10/60 seconds]
[2025-12-05T02:47:04.475+0000] {logging_mixin.py:154} WARNING -                                                                                                     
[2025-12-05T02:47:04.476+0000] {logging_mixin.py:154} WARNING - 
[2025-12-05T02:47:04.476+0000] {logging_mixin.py:154} INFO - [I 2025-12-05 02:47:04,475] Trial 5 finished with value: 0.7777393708952645 and parameters: {'max_depth': 13, 'learning_rate': 0.028180680291847244, 'subsample': 0.5488360570031919, 'colsample_bytree': 0.8421165132560784, 'min_child_weight': 5, 'gamma': 0.6101911742238941, 'n_estimators': 273}. Best is trial 4 with value: 0.7841677943166442.
[2025-12-05T02:47:04.476+0000] {logging_mixin.py:154} WARNING - Best trial: 4. Best value: 0.784168:  10%|#         | 5/50 [00:01<00:11,  3.89it/s, 1.10/60 seconds]
[2025-12-05T02:47:04.476+0000] {logging_mixin.py:154} WARNING - Best trial: 4. Best value: 0.784168:  10%|#         | 5/50 [00:01<00:11,  3.89it/s, 1.10/60 seconds]
[2025-12-05T02:47:04.476+0000] {logging_mixin.py:154} WARNING - Best trial: 4. Best value: 0.784168:  12%|#2        | 6/50 [00:01<00:12,  3.53it/s, 1.10/60 seconds]
[2025-12-05T02:47:04.476+0000] {logging_mixin.py:154} WARNING - Best trial: 4. Best value: 0.784168:  12%|#2        | 6/50 [00:01<00:12,  3.53it/s, 1.44/60 seconds]
[2025-12-05T02:47:04.691+0000] {logging_mixin.py:154} WARNING -                                                                                                     
[2025-12-05T02:47:04.691+0000] {logging_mixin.py:154} WARNING - 
[2025-12-05T02:47:04.691+0000] {logging_mixin.py:154} INFO - [I 2025-12-05 02:47:04,691] Trial 6 finished with value: 0.7735719201651755 and parameters: {'max_depth': 3, 'learning_rate': 0.22038218939289875, 'subsample': 0.6293899908000085, 'colsample_bytree': 0.831261142176991, 'min_child_weight': 4, 'gamma': 2.600340105889054, 'n_estimators': 296}. Best is trial 4 with value: 0.7841677943166442.
[2025-12-05T02:47:04.691+0000] {logging_mixin.py:154} WARNING - Best trial: 4. Best value: 0.784168:  12%|#2        | 6/50 [00:01<00:12,  3.53it/s, 1.44/60 seconds]
[2025-12-05T02:47:04.692+0000] {logging_mixin.py:154} WARNING - Best trial: 4. Best value: 0.784168:  12%|#2        | 6/50 [00:01<00:12,  3.53it/s, 1.44/60 seconds]
[2025-12-05T02:47:04.692+0000] {logging_mixin.py:154} WARNING - Best trial: 4. Best value: 0.784168:  14%|#4        | 7/50 [00:01<00:11,  3.80it/s, 1.44/60 seconds]
[2025-12-05T02:47:04.692+0000] {logging_mixin.py:154} WARNING - Best trial: 4. Best value: 0.784168:  14%|#4        | 7/50 [00:01<00:11,  3.80it/s, 1.66/60 seconds]
[2025-12-05T02:47:04.945+0000] {logging_mixin.py:154} WARNING -                                                                                                     
[2025-12-05T02:47:04.945+0000] {logging_mixin.py:154} WARNING - 
[2025-12-05T02:47:04.945+0000] {logging_mixin.py:154} INFO - [I 2025-12-05 02:47:04,945] Trial 7 finished with value: 0.780835881753313 and parameters: {'max_depth': 5, 'learning_rate': 0.27051668818999286, 'subsample': 0.8875664116805573, 'colsample_bytree': 0.9697494707820946, 'min_child_weight': 9, 'gamma': 2.9894998940554256, 'n_estimators': 465}. Best is trial 4 with value: 0.7841677943166442.
[2025-12-05T02:47:04.945+0000] {logging_mixin.py:154} WARNING - Best trial: 4. Best value: 0.784168:  14%|#4        | 7/50 [00:01<00:11,  3.80it/s, 1.66/60 seconds]
[2025-12-05T02:47:04.946+0000] {logging_mixin.py:154} WARNING - Best trial: 4. Best value: 0.784168:  14%|#4        | 7/50 [00:01<00:11,  3.80it/s, 1.66/60 seconds]
[2025-12-05T02:47:04.946+0000] {logging_mixin.py:154} WARNING - Best trial: 4. Best value: 0.784168:  16%|#6        | 8/50 [00:01<00:10,  3.84it/s, 1.66/60 seconds]
[2025-12-05T02:47:04.946+0000] {logging_mixin.py:154} WARNING - Best trial: 4. Best value: 0.784168:  16%|#6        | 8/50 [00:01<00:10,  3.84it/s, 1.91/60 seconds]
[2025-12-05T02:47:05.207+0000] {logging_mixin.py:154} WARNING -                                                                                                     
[2025-12-05T02:47:05.207+0000] {logging_mixin.py:154} WARNING - 
[2025-12-05T02:47:05.207+0000] {logging_mixin.py:154} INFO - [I 2025-12-05 02:47:05,207] Trial 8 finished with value: 0.7824620573355818 and parameters: {'max_depth': 4, 'learning_rate': 0.01947558230629543, 'subsample': 0.522613644455269, 'colsample_bytree': 0.6626651653816322, 'min_child_weight': 4, 'gamma': 1.3567451588694794, 'n_estimators': 423}. Best is trial 4 with value: 0.7841677943166442.
[2025-12-05T02:47:05.207+0000] {logging_mixin.py:154} WARNING - Best trial: 4. Best value: 0.784168:  16%|#6        | 8/50 [00:02<00:10,  3.84it/s, 1.91/60 seconds]
[2025-12-05T02:47:05.208+0000] {logging_mixin.py:154} WARNING - Best trial: 4. Best value: 0.784168:  16%|#6        | 8/50 [00:02<00:10,  3.84it/s, 1.91/60 seconds]
[2025-12-05T02:47:05.208+0000] {logging_mixin.py:154} WARNING - Best trial: 4. Best value: 0.784168:  18%|#8        | 9/50 [00:02<00:10,  3.83it/s, 1.91/60 seconds]
[2025-12-05T02:47:05.208+0000] {logging_mixin.py:154} WARNING - Best trial: 4. Best value: 0.784168:  18%|#8        | 9/50 [00:02<00:10,  3.83it/s, 2.18/60 seconds]
[2025-12-05T02:47:05.652+0000] {logging_mixin.py:154} WARNING -                                                                                                     
[2025-12-05T02:47:05.653+0000] {logging_mixin.py:154} WARNING - 
[2025-12-05T02:47:05.653+0000] {logging_mixin.py:154} INFO - [I 2025-12-05 02:47:05,652] Trial 9 finished with value: 0.7850531367843675 and parameters: {'max_depth': 7, 'learning_rate': 0.026000059117302653, 'subsample': 0.7713480415791243, 'colsample_bytree': 0.5704621124873813, 'min_child_weight': 9, 'gamma': 0.3727532183988541, 'n_estimators': 495}. Best is trial 9 with value: 0.7850531367843675.
[2025-12-05T02:47:05.653+0000] {logging_mixin.py:154} WARNING - Best trial: 4. Best value: 0.784168:  18%|#8        | 9/50 [00:02<00:10,  3.83it/s, 2.18/60 seconds]
[2025-12-05T02:47:05.653+0000] {logging_mixin.py:154} WARNING - Best trial: 9. Best value: 0.785053:  18%|#8        | 9/50 [00:02<00:10,  3.83it/s, 2.18/60 seconds]
[2025-12-05T02:47:05.653+0000] {logging_mixin.py:154} WARNING - Best trial: 9. Best value: 0.785053:  20%|##        | 10/50 [00:02<00:12,  3.16it/s, 2.18/60 seconds]
[2025-12-05T02:47:05.654+0000] {logging_mixin.py:154} WARNING - Best trial: 9. Best value: 0.785053:  20%|##        | 10/50 [00:02<00:12,  3.16it/s, 2.62/60 seconds]
[2025-12-05T02:47:08.275+0000] {logging_mixin.py:154} WARNING -                                                                                                      
[2025-12-05T02:47:08.275+0000] {logging_mixin.py:154} WARNING - 
[2025-12-05T02:47:08.275+0000] {logging_mixin.py:154} INFO - [I 2025-12-05 02:47:08,274] Trial 10 finished with value: 0.7816804407713499 and parameters: {'max_depth': 9, 'learning_rate': 0.050022091577274774, 'subsample': 0.9847685553939328, 'colsample_bytree': 0.5089809378074097, 'min_child_weight': 7, 'gamma': 0.19362599980591444, 'n_estimators': 379}. Best is trial 9 with value: 0.7850531367843675.
[2025-12-05T02:47:08.275+0000] {logging_mixin.py:154} WARNING - Best trial: 9. Best value: 0.785053:  20%|##        | 10/50 [00:05<00:12,  3.16it/s, 2.62/60 seconds]
[2025-12-05T02:47:08.275+0000] {logging_mixin.py:154} WARNING - Best trial: 9. Best value: 0.785053:  20%|##        | 10/50 [00:05<00:12,  3.16it/s, 2.62/60 seconds]
[2025-12-05T02:47:08.275+0000] {logging_mixin.py:154} WARNING - Best trial: 9. Best value: 0.785053:  22%|##2       | 11/50 [00:05<00:39,  1.01s/it, 2.62/60 seconds]
[2025-12-05T02:47:08.276+0000] {logging_mixin.py:154} WARNING - Best trial: 9. Best value: 0.785053:  22%|##2       | 11/50 [00:05<00:39,  1.01s/it, 5.24/60 seconds]
[2025-12-05T02:47:09.641+0000] {logging_mixin.py:154} WARNING -                                                                                                      
[2025-12-05T02:47:09.641+0000] {logging_mixin.py:154} WARNING - 
