[2025-12-05T02:47:30.736+0000] {logging_mixin.py:154} INFO - [I 2025-12-05 02:47:30,735] Trial 43 finished with value: 0.7844474761255116 and parameters: {'max_depth': 12, 'learning_rate': 0.026335260748485814, 'subsample': 0.86687736502095, 'colsample_bytree': 0.6963176584926773, 'min_child_weight': 5, 'gamma': 2.1785864483220423, 'n_estimators': 464}. Best is trial 33 with value: 0.7899388171312032.
[2025-12-05T02:47:30.736+0000] {logging_mixin.py:154} WARNING - Best trial: 33. Best value: 0.789939:  86%|########6 | 43/50 [00:27<00:06,  1.11it/s, 27.22/60 seconds]
[2025-12-05T02:47:30.736+0000] {logging_mixin.py:154} WARNING - Best trial: 33. Best value: 0.789939:  86%|########6 | 43/50 [00:27<00:06,  1.11it/s, 27.22/60 seconds]
[2025-12-05T02:47:30.736+0000] {logging_mixin.py:154} WARNING - Best trial: 33. Best value: 0.789939:  88%|########8 | 44/50 [00:27<00:04,  1.29it/s, 27.22/60 seconds]
[2025-12-05T02:47:30.736+0000] {logging_mixin.py:154} WARNING - Best trial: 33. Best value: 0.789939:  88%|########8 | 44/50 [00:27<00:04,  1.29it/s, 27.70/60 seconds]
[2025-12-05T02:47:31.349+0000] {logging_mixin.py:154} WARNING -                                                                                                        
[2025-12-05T02:47:31.349+0000] {logging_mixin.py:154} WARNING - 
[2025-12-05T02:47:31.349+0000] {logging_mixin.py:154} INFO - [I 2025-12-05 02:47:31,349] Trial 44 finished with value: 0.7847670860251615 and parameters: {'max_depth': 10, 'learning_rate': 0.03202908944265319, 'subsample': 0.7927197917342053, 'colsample_bytree': 0.6694019919257268, 'min_child_weight': 4, 'gamma': 1.2470630519168755, 'n_estimators': 412}. Best is trial 33 with value: 0.7899388171312032.
[2025-12-05T02:47:31.349+0000] {logging_mixin.py:154} WARNING - Best trial: 33. Best value: 0.789939:  88%|########8 | 44/50 [00:28<00:04,  1.29it/s, 27.70/60 seconds]
[2025-12-05T02:47:31.350+0000] {logging_mixin.py:154} WARNING - Best trial: 33. Best value: 0.789939:  88%|########8 | 44/50 [00:28<00:04,  1.29it/s, 27.70/60 seconds]
[2025-12-05T02:47:31.350+0000] {logging_mixin.py:154} WARNING - Best trial: 33. Best value: 0.789939:  90%|######### | 45/50 [00:28<00:03,  1.37it/s, 27.70/60 seconds]
[2025-12-05T02:47:31.350+0000] {logging_mixin.py:154} WARNING - Best trial: 33. Best value: 0.789939:  90%|######### | 45/50 [00:28<00:03,  1.37it/s, 28.32/60 seconds]
[2025-12-05T02:47:31.936+0000] {logging_mixin.py:154} WARNING -                                                                                                        
[2025-12-05T02:47:31.936+0000] {logging_mixin.py:154} WARNING - 
[2025-12-05T02:47:31.937+0000] {logging_mixin.py:154} INFO - [I 2025-12-05 02:47:31,936] Trial 45 finished with value: 0.786178583646938 and parameters: {'max_depth': 9, 'learning_rate': 0.03813939342824996, 'subsample': 0.7757750462785874, 'colsample_bytree': 0.7424854810677134, 'min_child_weight': 6, 'gamma': 1.692863152838396, 'n_estimators': 452}. Best is trial 33 with value: 0.7899388171312032.
[2025-12-05T02:47:31.937+0000] {logging_mixin.py:154} WARNING - Best trial: 33. Best value: 0.789939:  90%|######### | 45/50 [00:28<00:03,  1.37it/s, 28.32/60 seconds]
[2025-12-05T02:47:31.937+0000] {logging_mixin.py:154} WARNING - Best trial: 33. Best value: 0.789939:  90%|######### | 45/50 [00:28<00:03,  1.37it/s, 28.32/60 seconds]
[2025-12-05T02:47:31.938+0000] {logging_mixin.py:154} WARNING - Best trial: 33. Best value: 0.789939:  92%|#########2| 46/50 [00:28<00:02,  1.46it/s, 28.32/60 seconds]
[2025-12-05T02:47:31.938+0000] {logging_mixin.py:154} WARNING - Best trial: 33. Best value: 0.789939:  92%|#########2| 46/50 [00:28<00:02,  1.46it/s, 28.91/60 seconds]
[2025-12-05T02:47:32.487+0000] {logging_mixin.py:154} WARNING -                                                                                                        
[2025-12-05T02:47:32.487+0000] {logging_mixin.py:154} WARNING - 
[2025-12-05T02:47:32.487+0000] {logging_mixin.py:154} INFO - [I 2025-12-05 02:47:32,487] Trial 46 finished with value: 0.7848619161268325 and parameters: {'max_depth': 14, 'learning_rate': 0.024194301246964412, 'subsample': 0.8052721759516217, 'colsample_bytree': 0.7209726207560759, 'min_child_weight': 4, 'gamma': 2.5305745474759114, 'n_estimators': 477}. Best is trial 33 with value: 0.7899388171312032.
[2025-12-05T02:47:32.487+0000] {logging_mixin.py:154} WARNING - Best trial: 33. Best value: 0.789939:  92%|#########2| 46/50 [00:29<00:02,  1.46it/s, 28.91/60 seconds]
[2025-12-05T02:47:32.487+0000] {logging_mixin.py:154} WARNING - Best trial: 33. Best value: 0.789939:  92%|#########2| 46/50 [00:29<00:02,  1.46it/s, 28.91/60 seconds]
[2025-12-05T02:47:32.488+0000] {logging_mixin.py:154} WARNING - Best trial: 33. Best value: 0.789939:  94%|#########3| 47/50 [00:29<00:01,  1.55it/s, 28.91/60 seconds]
[2025-12-05T02:47:32.488+0000] {logging_mixin.py:154} WARNING - Best trial: 33. Best value: 0.789939:  94%|#########3| 47/50 [00:29<00:01,  1.55it/s, 29.46/60 seconds]
[2025-12-05T02:47:33.203+0000] {logging_mixin.py:154} WARNING -                                                                                                        
[2025-12-05T02:47:33.203+0000] {logging_mixin.py:154} WARNING - 
[2025-12-05T02:47:33.203+0000] {logging_mixin.py:154} INFO - [I 2025-12-05 02:47:33,203] Trial 47 finished with value: 0.7820424948594927 and parameters: {'max_depth': 11, 'learning_rate': 0.01957241330402285, 'subsample': 0.7576000241385276, 'colsample_bytree': 0.7788728215203514, 'min_child_weight': 8, 'gamma': 1.596811976475361, 'n_estimators': 416}. Best is trial 33 with value: 0.7899388171312032.
[2025-12-05T02:47:33.203+0000] {logging_mixin.py:154} WARNING - Best trial: 33. Best value: 0.789939:  94%|#########3| 47/50 [00:30<00:01,  1.55it/s, 29.46/60 seconds]
[2025-12-05T02:47:33.204+0000] {logging_mixin.py:154} WARNING - Best trial: 33. Best value: 0.789939:  94%|#########3| 47/50 [00:30<00:01,  1.55it/s, 29.46/60 seconds]
[2025-12-05T02:47:33.204+0000] {logging_mixin.py:154} WARNING - Best trial: 33. Best value: 0.789939:  96%|#########6| 48/50 [00:30<00:01,  1.50it/s, 29.46/60 seconds]
[2025-12-05T02:47:33.204+0000] {logging_mixin.py:154} WARNING - Best trial: 33. Best value: 0.789939:  96%|#########6| 48/50 [00:30<00:01,  1.50it/s, 30.17/60 seconds]
[2025-12-05T02:47:33.500+0000] {logging_mixin.py:154} WARNING -                                                                                                        
[2025-12-05T02:47:33.501+0000] {logging_mixin.py:154} WARNING - 
[2025-12-05T02:47:33.501+0000] {logging_mixin.py:154} INFO - [I 2025-12-05 02:47:33,500] Trial 48 finished with value: 0.7865397688647179 and parameters: {'max_depth': 10, 'learning_rate': 0.028154950112075194, 'subsample': 0.8937533012704199, 'colsample_bytree': 0.6864149557825444, 'min_child_weight': 5, 'gamma': 2.1214425409044417, 'n_estimators': 389}. Best is trial 33 with value: 0.7899388171312032.
[2025-12-05T02:47:33.501+0000] {logging_mixin.py:154} WARNING - Best trial: 33. Best value: 0.789939:  96%|#########6| 48/50 [00:30<00:01,  1.50it/s, 30.17/60 seconds]
[2025-12-05T02:47:33.501+0000] {logging_mixin.py:154} WARNING - Best trial: 33. Best value: 0.789939:  96%|#########6| 48/50 [00:30<00:01,  1.50it/s, 30.17/60 seconds]
[2025-12-05T02:47:33.501+0000] {logging_mixin.py:154} WARNING - Best trial: 33. Best value: 0.789939:  98%|#########8| 49/50 [00:30<00:00,  1.80it/s, 30.17/60 seconds]
[2025-12-05T02:47:33.501+0000] {logging_mixin.py:154} WARNING - Best trial: 33. Best value: 0.789939:  98%|#########8| 49/50 [00:30<00:00,  1.80it/s, 30.47/60 seconds]
[2025-12-05T02:47:33.773+0000] {logging_mixin.py:154} WARNING -                                                                                                        
[2025-12-05T02:47:33.774+0000] {logging_mixin.py:154} WARNING - 
