[2025-12-05T02:47:09.641+0000] {logging_mixin.py:154} INFO - [I 2025-12-05 02:47:09,641] Trial 11 finished with value: 0.7849644429393837 and parameters: {'max_depth': 11, 'learning_rate': 0.01073717061321354, 'subsample': 0.7632960276972384, 'colsample_bytree': 0.6088980592730089, 'min_child_weight': 1, 'gamma': 4.623808979969583, 'n_estimators': 497}. Best is trial 9 with value: 0.7850531367843675.
[2025-12-05T02:47:09.642+0000] {logging_mixin.py:154} WARNING - Best trial: 9. Best value: 0.785053:  22%|##2       | 11/50 [00:06<00:39,  1.01s/it, 5.24/60 seconds]
[2025-12-05T02:47:09.642+0000] {logging_mixin.py:154} WARNING - Best trial: 9. Best value: 0.785053:  22%|##2       | 11/50 [00:06<00:39,  1.01s/it, 5.24/60 seconds]
[2025-12-05T02:47:09.642+0000] {logging_mixin.py:154} WARNING - Best trial: 9. Best value: 0.785053:  24%|##4       | 12/50 [00:06<00:42,  1.11s/it, 5.24/60 seconds]
[2025-12-05T02:47:09.642+0000] {logging_mixin.py:154} WARNING - Best trial: 9. Best value: 0.785053:  24%|##4       | 12/50 [00:06<00:42,  1.11s/it, 6.61/60 seconds]
[2025-12-05T02:47:10.944+0000] {logging_mixin.py:154} WARNING -                                                                                                      
[2025-12-05T02:47:10.944+0000] {logging_mixin.py:154} WARNING - 
[2025-12-05T02:47:10.944+0000] {logging_mixin.py:154} INFO - [I 2025-12-05 02:47:10,943] Trial 12 finished with value: 0.7808032675289313 and parameters: {'max_depth': 11, 'learning_rate': 0.010404091860330218, 'subsample': 0.7537045194904959, 'colsample_bytree': 0.6096892849041401, 'min_child_weight': 7, 'gamma': 3.639914234298688, 'n_estimators': 487}. Best is trial 9 with value: 0.7850531367843675.
[2025-12-05T02:47:10.944+0000] {logging_mixin.py:154} WARNING - Best trial: 9. Best value: 0.785053:  24%|##4       | 12/50 [00:07<00:42,  1.11s/it, 6.61/60 seconds]
[2025-12-05T02:47:10.944+0000] {logging_mixin.py:154} WARNING - Best trial: 9. Best value: 0.785053:  24%|##4       | 12/50 [00:07<00:42,  1.11s/it, 6.61/60 seconds]
[2025-12-05T02:47:10.944+0000] {logging_mixin.py:154} WARNING - Best trial: 9. Best value: 0.785053:  26%|##6       | 13/50 [00:07<00:43,  1.17s/it, 6.61/60 seconds]
[2025-12-05T02:47:10.944+0000] {logging_mixin.py:154} WARNING - Best trial: 9. Best value: 0.785053:  26%|##6       | 13/50 [00:07<00:43,  1.17s/it, 7.91/60 seconds]
[2025-12-05T02:47:11.512+0000] {logging_mixin.py:154} WARNING -                                                                                                      
[2025-12-05T02:47:11.512+0000] {logging_mixin.py:154} WARNING - 
[2025-12-05T02:47:11.513+0000] {logging_mixin.py:154} INFO - [I 2025-12-05 02:47:11,512] Trial 13 finished with value: 0.786874154262517 and parameters: {'max_depth': 8, 'learning_rate': 0.010706750551672943, 'subsample': 0.748020656084857, 'colsample_bytree': 0.6468115981014726, 'min_child_weight': 2, 'gamma': 1.9681551632316507, 'n_estimators': 371}. Best is trial 13 with value: 0.786874154262517.
[2025-12-05T02:47:11.513+0000] {logging_mixin.py:154} WARNING - Best trial: 9. Best value: 0.785053:  26%|##6       | 13/50 [00:08<00:43,  1.17s/it, 7.91/60 seconds]
[2025-12-05T02:47:11.513+0000] {logging_mixin.py:154} WARNING - Best trial: 13. Best value: 0.786874:  26%|##6       | 13/50 [00:08<00:43,  1.17s/it, 7.91/60 seconds]
[2025-12-05T02:47:11.513+0000] {logging_mixin.py:154} WARNING - Best trial: 13. Best value: 0.786874:  28%|##8       | 14/50 [00:08<00:35,  1.01it/s, 7.91/60 seconds]
[2025-12-05T02:47:11.513+0000] {logging_mixin.py:154} WARNING - Best trial: 13. Best value: 0.786874:  28%|##8       | 14/50 [00:08<00:35,  1.01it/s, 8.48/60 seconds]
[2025-12-05T02:47:12.378+0000] {logging_mixin.py:154} WARNING -                                                                                                       
[2025-12-05T02:47:12.379+0000] {logging_mixin.py:154} WARNING - 
[2025-12-05T02:47:12.379+0000] {logging_mixin.py:154} INFO - [I 2025-12-05 02:47:12,378] Trial 14 finished with value: 0.7845003399048266 and parameters: {'max_depth': 7, 'learning_rate': 0.01698679916169382, 'subsample': 0.707661700807858, 'colsample_bytree': 0.6762958873506789, 'min_child_weight': 3, 'gamma': 1.9568606917958216, 'n_estimators': 375}. Best is trial 13 with value: 0.786874154262517.
[2025-12-05T02:47:12.379+0000] {logging_mixin.py:154} WARNING - Best trial: 13. Best value: 0.786874:  28%|##8       | 14/50 [00:09<00:35,  1.01it/s, 8.48/60 seconds]
[2025-12-05T02:47:12.379+0000] {logging_mixin.py:154} WARNING - Best trial: 13. Best value: 0.786874:  28%|##8       | 14/50 [00:09<00:35,  1.01it/s, 8.48/60 seconds]
[2025-12-05T02:47:12.379+0000] {logging_mixin.py:154} WARNING - Best trial: 13. Best value: 0.786874:  30%|###       | 15/50 [00:09<00:33,  1.05it/s, 8.48/60 seconds]
[2025-12-05T02:47:12.379+0000] {logging_mixin.py:154} WARNING - Best trial: 13. Best value: 0.786874:  30%|###       | 15/50 [00:09<00:33,  1.05it/s, 9.35/60 seconds]
[2025-12-05T02:47:12.632+0000] {logging_mixin.py:154} WARNING -                                                                                                       
[2025-12-05T02:47:12.633+0000] {logging_mixin.py:154} WARNING - 
[2025-12-05T02:47:12.633+0000] {logging_mixin.py:154} INFO - [I 2025-12-05 02:47:12,632] Trial 15 finished with value: 0.7830832196452933 and parameters: {'max_depth': 8, 'learning_rate': 0.03249788109538154, 'subsample': 0.7974908756593923, 'colsample_bytree': 0.5674526345063926, 'min_child_weight': 7, 'gamma': 1.972773000560165, 'n_estimators': 181}. Best is trial 13 with value: 0.786874154262517.
[2025-12-05T02:47:12.633+0000] {logging_mixin.py:154} WARNING - Best trial: 13. Best value: 0.786874:  30%|###       | 15/50 [00:09<00:33,  1.05it/s, 9.35/60 seconds]
[2025-12-05T02:47:12.634+0000] {logging_mixin.py:154} WARNING - Best trial: 13. Best value: 0.786874:  30%|###       | 15/50 [00:09<00:33,  1.05it/s, 9.35/60 seconds]
[2025-12-05T02:47:12.634+0000] {logging_mixin.py:154} WARNING - Best trial: 13. Best value: 0.786874:  32%|###2      | 16/50 [00:09<00:25,  1.34it/s, 9.35/60 seconds]
[2025-12-05T02:47:12.635+0000] {logging_mixin.py:154} WARNING - Best trial: 13. Best value: 0.786874:  32%|###2      | 16/50 [00:09<00:25,  1.34it/s, 9.60/60 seconds]
[2025-12-05T02:47:13.268+0000] {logging_mixin.py:154} WARNING -                                                                                                       
[2025-12-05T02:47:13.269+0000] {logging_mixin.py:154} WARNING - 
[2025-12-05T02:47:13.269+0000] {logging_mixin.py:154} INFO - [I 2025-12-05 02:47:13,268] Trial 16 finished with value: 0.7802197802197802 and parameters: {'max_depth': 7, 'learning_rate': 0.01474202377188197, 'subsample': 0.7049223207318357, 'colsample_bytree': 0.6821463503080146, 'min_child_weight': 10, 'gamma': 0.013348678089825372, 'n_estimators': 398}. Best is trial 13 with value: 0.786874154262517.
[2025-12-05T02:47:13.269+0000] {logging_mixin.py:154} WARNING - Best trial: 13. Best value: 0.786874:  32%|###2      | 16/50 [00:10<00:25,  1.34it/s, 9.60/60 seconds]
[2025-12-05T02:47:13.269+0000] {logging_mixin.py:154} WARNING - Best trial: 13. Best value: 0.786874:  32%|###2      | 16/50 [00:10<00:25,  1.34it/s, 9.60/60 seconds]
[2025-12-05T02:47:13.269+0000] {logging_mixin.py:154} WARNING - Best trial: 13. Best value: 0.786874:  34%|###4      | 17/50 [00:10<00:23,  1.41it/s, 9.60/60 seconds]
[2025-12-05T02:47:13.269+0000] {logging_mixin.py:154} WARNING - Best trial: 13. Best value: 0.786874:  34%|###4      | 17/50 [00:10<00:23,  1.41it/s, 10.24/60 seconds]
[2025-12-05T02:47:13.770+0000] {logging_mixin.py:154} WARNING -                                                                                                        
[2025-12-05T02:47:13.770+0000] {logging_mixin.py:154} WARNING - 
[2025-12-05T02:47:13.770+0000] {logging_mixin.py:154} INFO - [I 2025-12-05 02:47:13,769] Trial 17 finished with value: 0.7840327533265097 and parameters: {'max_depth': 6, 'learning_rate': 0.04275815077038233, 'subsample': 0.6145187213147563, 'colsample_bytree': 0.5607041486304973, 'min_child_weight': 6, 'gamma': 1.853078808779741, 'n_estimators': 435}. Best is trial 13 with value: 0.786874154262517.
[2025-12-05T02:47:13.770+0000] {logging_mixin.py:154} WARNING - Best trial: 13. Best value: 0.786874:  34%|###4      | 17/50 [00:10<00:23,  1.41it/s, 10.24/60 seconds]
[2025-12-05T02:47:13.770+0000] {logging_mixin.py:154} WARNING - Best trial: 13. Best value: 0.786874:  34%|###4      | 17/50 [00:10<00:23,  1.41it/s, 10.24/60 seconds]
[2025-12-05T02:47:13.770+0000] {logging_mixin.py:154} WARNING - Best trial: 13. Best value: 0.786874:  36%|###6      | 18/50 [00:10<00:20,  1.54it/s, 10.24/60 seconds]
[2025-12-05T02:47:13.770+0000] {logging_mixin.py:154} WARNING - Best trial: 13. Best value: 0.786874:  36%|###6      | 18/50 [00:10<00:20,  1.54it/s, 10.74/60 seconds]
[2025-12-05T02:47:14.233+0000] {logging_mixin.py:154} WARNING -                                                                                                        
[2025-12-05T02:47:14.233+0000] {logging_mixin.py:154} WARNING - 
[2025-12-05T02:47:14.234+0000] {logging_mixin.py:154} INFO - [I 2025-12-05 02:47:14,233] Trial 18 finished with value: 0.7872412623006446 and parameters: {'max_depth': 9, 'learning_rate': 0.019997732895674577, 'subsample': 0.7268653811328937, 'colsample_bytree': 0.6389384604720569, 'min_child_weight': 2, 'gamma': 2.5458910137836117, 'n_estimators': 350}. Best is trial 18 with value: 0.7872412623006446.
[2025-12-05T02:47:14.234+0000] {logging_mixin.py:154} WARNING - Best trial: 13. Best value: 0.786874:  36%|###6      | 18/50 [00:11<00:20,  1.54it/s, 10.74/60 seconds]
[2025-12-05T02:47:14.234+0000] {logging_mixin.py:154} WARNING - Best trial: 18. Best value: 0.787241:  36%|###6      | 18/50 [00:11<00:20,  1.54it/s, 10.74/60 seconds]
[2025-12-05T02:47:14.234+0000] {logging_mixin.py:154} WARNING - Best trial: 18. Best value: 0.787241:  38%|###8      | 19/50 [00:11<00:18,  1.69it/s, 10.74/60 seconds]
[2025-12-05T02:47:14.234+0000] {logging_mixin.py:154} WARNING - Best trial: 18. Best value: 0.787241:  38%|###8      | 19/50 [00:11<00:18,  1.69it/s, 11.20/60 seconds]
[2025-12-05T02:47:14.632+0000] {logging_mixin.py:154} WARNING -                                                                                                        
[2025-12-05T02:47:14.632+0000] {logging_mixin.py:154} WARNING - 
[2025-12-05T02:47:14.632+0000] {logging_mixin.py:154} INFO - [I 2025-12-05 02:47:14,631] Trial 19 finished with value: 0.7835541963982331 and parameters: {'max_depth': 9, 'learning_rate': 0.013977087341011527, 'subsample': 0.5889680188468636, 'colsample_bytree': 0.643026126994367, 'min_child_weight': 2, 'gamma': 2.7168101155687836, 'n_estimators': 344}. Best is trial 18 with value: 0.7872412623006446.
[2025-12-05T02:47:14.632+0000] {logging_mixin.py:154} WARNING - Best trial: 18. Best value: 0.787241:  38%|###8      | 19/50 [00:11<00:18,  1.69it/s, 11.20/60 seconds]
[2025-12-05T02:47:14.632+0000] {logging_mixin.py:154} WARNING - Best trial: 18. Best value: 0.787241:  38%|###8      | 19/50 [00:11<00:18,  1.69it/s, 11.20/60 seconds]
[2025-12-05T02:47:14.632+0000] {logging_mixin.py:154} WARNING - Best trial: 18. Best value: 0.787241:  40%|####      | 20/50 [00:11<00:16,  1.87it/s, 11.20/60 seconds]
[2025-12-05T02:47:14.632+0000] {logging_mixin.py:154} WARNING - Best trial: 18. Best value: 0.787241:  40%|####      | 20/50 [00:11<00:16,  1.87it/s, 11.60/60 seconds]
[2025-12-05T02:47:14.886+0000] {logging_mixin.py:154} WARNING -                                                                                                        
[2025-12-05T02:47:14.886+0000] {logging_mixin.py:154} WARNING - 
[2025-12-05T02:47:14.886+0000] {logging_mixin.py:154} INFO - [I 2025-12-05 02:47:14,886] Trial 20 finished with value: 0.7838205302515295 and parameters: {'max_depth': 12, 'learning_rate': 0.021348106540406187, 'subsample': 0.713173333047047, 'colsample_bytree': 0.683199140604185, 'min_child_weight': 3, 'gamma': 3.3848865321308956, 'n_estimators': 216}. Best is trial 18 with value: 0.7872412623006446.
[2025-12-05T02:47:14.887+0000] {logging_mixin.py:154} WARNING - Best trial: 18. Best value: 0.787241:  40%|####      | 20/50 [00:11<00:16,  1.87it/s, 11.60/60 seconds]
[2025-12-05T02:47:14.887+0000] {logging_mixin.py:154} WARNING - Best trial: 18. Best value: 0.787241:  40%|####      | 20/50 [00:11<00:16,  1.87it/s, 11.60/60 seconds]
[2025-12-05T02:47:14.887+0000] {logging_mixin.py:154} WARNING - Best trial: 18. Best value: 0.787241:  42%|####2     | 21/50 [00:11<00:13,  2.22it/s, 11.60/60 seconds]
[2025-12-05T02:47:14.887+0000] {logging_mixin.py:154} WARNING - Best trial: 18. Best value: 0.787241:  42%|####2     | 21/50 [00:11<00:13,  2.22it/s, 11.86/60 seconds]
[2025-12-05T02:47:15.254+0000] {logging_mixin.py:154} WARNING -                                                                                                        
[2025-12-05T02:47:15.254+0000] {logging_mixin.py:154} WARNING - 
[2025-12-05T02:47:15.254+0000] {logging_mixin.py:154} INFO - [I 2025-12-05 02:47:15,254] Trial 21 finished with value: 0.7857627118644067 and parameters: {'max_depth': 8, 'learning_rate': 0.014062606700632625, 'subsample': 0.6684236508968989, 'colsample_bytree': 0.6349121578360457, 'min_child_weight': 2, 'gamma': 2.3879738784137254, 'n_estimators': 235}. Best is trial 18 with value: 0.7872412623006446.
[2025-12-05T02:47:15.254+0000] {logging_mixin.py:154} WARNING - Best trial: 18. Best value: 0.787241:  42%|####2     | 21/50 [00:12<00:13,  2.22it/s, 11.86/60 seconds]
[2025-12-05T02:47:15.255+0000] {logging_mixin.py:154} WARNING - Best trial: 18. Best value: 0.787241:  42%|####2     | 21/50 [00:12<00:13,  2.22it/s, 11.86/60 seconds]
[2025-12-05T02:47:15.255+0000] {logging_mixin.py:154} WARNING - Best trial: 18. Best value: 0.787241:  44%|####4     | 22/50 [00:12<00:11,  2.35it/s, 11.86/60 seconds]
[2025-12-05T02:47:15.255+0000] {logging_mixin.py:154} WARNING - Best trial: 18. Best value: 0.787241:  44%|####4     | 22/50 [00:12<00:11,  2.35it/s, 12.22/60 seconds]
[2025-12-05T02:47:15.528+0000] {logging_mixin.py:154} WARNING -                                                                                                        
[2025-12-05T02:47:15.528+0000] {logging_mixin.py:154} WARNING - 
[2025-12-05T02:47:15.528+0000] {logging_mixin.py:154} INFO - [I 2025-12-05 02:47:15,528] Trial 22 finished with value: 0.7845528455284553 and parameters: {'max_depth': 10, 'learning_rate': 0.013686736188074923, 'subsample': 0.663256749636801, 'colsample_bytree': 0.6410973866392413, 'min_child_weight': 2, 'gamma': 2.3075292735056783, 'n_estimators': 250}. Best is trial 18 with value: 0.7872412623006446.
[2025-12-05T02:47:15.529+0000] {logging_mixin.py:154} WARNING - Best trial: 18. Best value: 0.787241:  44%|####4     | 22/50 [00:12<00:11,  2.35it/s, 12.22/60 seconds]
[2025-12-05T02:47:15.529+0000] {logging_mixin.py:154} WARNING - Best trial: 18. Best value: 0.787241:  44%|####4     | 22/50 [00:12<00:11,  2.35it/s, 12.22/60 seconds]
[2025-12-05T02:47:15.529+0000] {logging_mixin.py:154} WARNING - Best trial: 18. Best value: 0.787241:  46%|####6     | 23/50 [00:12<00:10,  2.63it/s, 12.22/60 seconds]
[2025-12-05T02:47:15.529+0000] {logging_mixin.py:154} WARNING - Best trial: 18. Best value: 0.787241:  46%|####6     | 23/50 [00:12<00:10,  2.63it/s, 12.50/60 seconds]
[2025-12-05T02:47:15.921+0000] {logging_mixin.py:154} WARNING -                                                                                                        
[2025-12-05T02:47:15.921+0000] {logging_mixin.py:154} WARNING - 
[2025-12-05T02:47:15.921+0000] {logging_mixin.py:154} INFO - [I 2025-12-05 02:47:15,921] Trial 23 finished with value: 0.783728813559322 and parameters: {'max_depth': 8, 'learning_rate': 0.010807507692797902, 'subsample': 0.7209248089918716, 'colsample_bytree': 0.7286292951819917, 'min_child_weight': 3, 'gamma': 2.332245322505861, 'n_estimators': 334}. Best is trial 18 with value: 0.7872412623006446.
[2025-12-05T02:47:15.921+0000] {logging_mixin.py:154} WARNING - Best trial: 18. Best value: 0.787241:  46%|####6     | 23/50 [00:12<00:10,  2.63it/s, 12.50/60 seconds]
[2025-12-05T02:47:15.922+0000] {logging_mixin.py:154} WARNING - Best trial: 18. Best value: 0.787241:  46%|####6     | 23/50 [00:12<00:10,  2.63it/s, 12.50/60 seconds]
[2025-12-05T02:47:15.922+0000] {logging_mixin.py:154} WARNING - Best trial: 18. Best value: 0.787241:  48%|####8     | 24/50 [00:12<00:09,  2.60it/s, 12.50/60 seconds]
[2025-12-05T02:47:15.922+0000] {logging_mixin.py:154} WARNING - Best trial: 18. Best value: 0.787241:  48%|####8     | 24/50 [00:12<00:09,  2.60it/s, 12.89/60 seconds]
[2025-12-05T02:47:16.280+0000] {logging_mixin.py:154} WARNING -                                                                                                        
[2025-12-05T02:47:16.280+0000] {logging_mixin.py:154} WARNING - 
[2025-12-05T02:47:16.281+0000] {logging_mixin.py:154} INFO - [I 2025-12-05 02:47:16,280] Trial 24 finished with value: 0.7829642248722317 and parameters: {'max_depth': 10, 'learning_rate': 0.014693948284007628, 'subsample': 0.6584533293940609, 'colsample_bytree': 0.6242933866914708, 'min_child_weight': 1, 'gamma': 3.142022924436989, 'n_estimators': 210}. Best is trial 18 with value: 0.7872412623006446.
[2025-12-05T02:47:16.281+0000] {logging_mixin.py:154} WARNING - Best trial: 18. Best value: 0.787241:  48%|####8     | 24/50 [00:13<00:09,  2.60it/s, 12.89/60 seconds]
[2025-12-05T02:47:16.281+0000] {logging_mixin.py:154} WARNING - Best trial: 18. Best value: 0.787241:  48%|####8     | 24/50 [00:13<00:09,  2.60it/s, 12.89/60 seconds]
[2025-12-05T02:47:16.281+0000] {logging_mixin.py:154} WARNING - Best trial: 18. Best value: 0.787241:  50%|#####     | 25/50 [00:13<00:09,  2.66it/s, 12.89/60 seconds]
[2025-12-05T02:47:16.281+0000] {logging_mixin.py:154} WARNING - Best trial: 18. Best value: 0.787241:  50%|#####     | 25/50 [00:13<00:09,  2.66it/s, 13.25/60 seconds]
[2025-12-05T02:47:17.232+0000] {logging_mixin.py:154} WARNING -                                                                                                        
[2025-12-05T02:47:17.232+0000] {logging_mixin.py:154} WARNING - 
[2025-12-05T02:47:17.232+0000] {logging_mixin.py:154} INFO - [I 2025-12-05 02:47:17,232] Trial 25 finished with value: 0.7836456558773425 and parameters: {'max_depth': 9, 'learning_rate': 0.020969859867987023, 'subsample': 0.5799372287710487, 'colsample_bytree': 0.7148660508811218, 'min_child_weight': 4, 'gamma': 2.6319541939911635, 'n_estimators': 310}. Best is trial 18 with value: 0.7872412623006446.
[2025-12-05T02:47:17.232+0000] {logging_mixin.py:154} WARNING - Best trial: 18. Best value: 0.787241:  50%|#####     | 25/50 [00:14<00:09,  2.66it/s, 13.25/60 seconds]
[2025-12-05T02:47:17.233+0000] {logging_mixin.py:154} WARNING - Best trial: 18. Best value: 0.787241:  50%|#####     | 25/50 [00:14<00:09,  2.66it/s, 13.25/60 seconds]
[2025-12-05T02:47:17.233+0000] {logging_mixin.py:154} WARNING - Best trial: 18. Best value: 0.787241:  52%|#####2    | 26/50 [00:14<00:13,  1.82it/s, 13.25/60 seconds]
[2025-12-05T02:47:17.233+0000] {logging_mixin.py:154} WARNING - Best trial: 18. Best value: 0.787241:  52%|#####2    | 26/50 [00:14<00:13,  1.82it/s, 14.20/60 seconds]
[2025-12-05T02:47:17.421+0000] {logging_mixin.py:154} WARNING -                                                                                                        
[2025-12-05T02:47:17.422+0000] {logging_mixin.py:154} WARNING - 
[2025-12-05T02:47:17.422+0000] {logging_mixin.py:154} INFO - [I 2025-12-05 02:47:17,421] Trial 26 finished with value: 0.7818986049676762 and parameters: {'max_depth': 15, 'learning_rate': 0.01635206441526004, 'subsample': 0.7327122497128111, 'colsample_bytree': 0.6292781094949126, 'min_child_weight': 2, 'gamma': 2.1915455021344177, 'n_estimators': 124}. Best is trial 18 with value: 0.7872412623006446.
[2025-12-05T02:47:17.422+0000] {logging_mixin.py:154} WARNING - Best trial: 18. Best value: 0.787241:  52%|#####2    | 26/50 [00:14<00:13,  1.82it/s, 14.20/60 seconds]
[2025-12-05T02:47:17.422+0000] {logging_mixin.py:154} WARNING - Best trial: 18. Best value: 0.787241:  52%|#####2    | 26/50 [00:14<00:13,  1.82it/s, 14.20/60 seconds]
[2025-12-05T02:47:17.422+0000] {logging_mixin.py:154} WARNING - Best trial: 18. Best value: 0.787241:  54%|#####4    | 27/50 [00:14<00:10,  2.27it/s, 14.20/60 seconds]
[2025-12-05T02:47:17.422+0000] {logging_mixin.py:154} WARNING - Best trial: 18. Best value: 0.787241:  54%|#####4    | 27/50 [00:14<00:10,  2.27it/s, 14.39/60 seconds]
[2025-12-05T02:47:17.775+0000] {logging_mixin.py:154} WARNING -                                                                                                        
[2025-12-05T02:47:17.775+0000] {logging_mixin.py:154} WARNING - 
