[2025-12-05T02:47:17.776+0000] {logging_mixin.py:154} INFO - [I 2025-12-05 02:47:17,775] Trial 27 finished with value: 0.7865626060400407 and parameters: {'max_depth': 8, 'learning_rate': 0.01300844164774653, 'subsample': 0.6577136112265429, 'colsample_bytree': 0.7003426676659894, 'min_child_weight': 3, 'gamma': 1.4952944918171496, 'n_estimators': 245}. Best is trial 18 with value: 0.7872412623006446.
[2025-12-05T02:47:17.776+0000] {logging_mixin.py:154} WARNING - Best trial: 18. Best value: 0.787241:  54%|#####4    | 27/50 [00:14<00:10,  2.27it/s, 14.39/60 seconds]
[2025-12-05T02:47:17.776+0000] {logging_mixin.py:154} WARNING - Best trial: 18. Best value: 0.787241:  54%|#####4    | 27/50 [00:14<00:10,  2.27it/s, 14.39/60 seconds]
[2025-12-05T02:47:17.776+0000] {logging_mixin.py:154} WARNING - Best trial: 18. Best value: 0.787241:  56%|#####6    | 28/50 [00:14<00:09,  2.41it/s, 14.39/60 seconds]
[2025-12-05T02:47:17.776+0000] {logging_mixin.py:154} WARNING - Best trial: 18. Best value: 0.787241:  56%|#####6    | 28/50 [00:14<00:09,  2.41it/s, 14.74/60 seconds]
[2025-12-05T02:47:18.161+0000] {logging_mixin.py:154} WARNING -                                                                                                        
[2025-12-05T02:47:18.161+0000] {logging_mixin.py:154} WARNING - 
[2025-12-05T02:47:18.161+0000] {logging_mixin.py:154} INFO - [I 2025-12-05 02:47:18,161] Trial 28 finished with value: 0.7842087654734025 and parameters: {'max_depth': 6, 'learning_rate': 0.010036316079145837, 'subsample': 0.6253927919279821, 'colsample_bytree': 0.6972248821194833, 'min_child_weight': 3, 'gamma': 1.4290418838821088, 'n_estimators': 355}. Best is trial 18 with value: 0.7872412623006446.
[2025-12-05T02:47:18.161+0000] {logging_mixin.py:154} WARNING - Best trial: 18. Best value: 0.787241:  56%|#####6    | 28/50 [00:15<00:09,  2.41it/s, 14.74/60 seconds]
[2025-12-05T02:47:18.161+0000] {logging_mixin.py:154} WARNING - Best trial: 18. Best value: 0.787241:  56%|#####6    | 28/50 [00:15<00:09,  2.41it/s, 14.74/60 seconds]
[2025-12-05T02:47:18.162+0000] {logging_mixin.py:154} WARNING - Best trial: 18. Best value: 0.787241:  58%|#####8    | 29/50 [00:15<00:08,  2.46it/s, 14.74/60 seconds]
[2025-12-05T02:47:18.162+0000] {logging_mixin.py:154} WARNING - Best trial: 18. Best value: 0.787241:  58%|#####8    | 29/50 [00:15<00:08,  2.46it/s, 15.13/60 seconds]
[2025-12-05T02:47:20.727+0000] {logging_mixin.py:154} WARNING -                                                                                                        
[2025-12-05T02:47:20.727+0000] {logging_mixin.py:154} WARNING - 
[2025-12-05T02:47:20.727+0000] {logging_mixin.py:154} INFO - [I 2025-12-05 02:47:20,727] Trial 29 finished with value: 0.7858117326057298 and parameters: {'max_depth': 11, 'learning_rate': 0.01296837629523353, 'subsample': 0.7364097151854239, 'colsample_bytree': 0.7620728188053074, 'min_child_weight': 1, 'gamma': 0.9755428104419999, 'n_estimators': 431}. Best is trial 18 with value: 0.7872412623006446.
[2025-12-05T02:47:20.727+0000] {logging_mixin.py:154} WARNING - Best trial: 18. Best value: 0.787241:  58%|#####8    | 29/50 [00:17<00:08,  2.46it/s, 15.13/60 seconds]
[2025-12-05T02:47:20.727+0000] {logging_mixin.py:154} WARNING - Best trial: 18. Best value: 0.787241:  58%|#####8    | 29/50 [00:17<00:08,  2.46it/s, 15.13/60 seconds]
[2025-12-05T02:47:20.728+0000] {logging_mixin.py:154} WARNING - Best trial: 18. Best value: 0.787241:  60%|######    | 30/50 [00:17<00:21,  1.05s/it, 15.13/60 seconds]
[2025-12-05T02:47:20.728+0000] {logging_mixin.py:154} WARNING - Best trial: 18. Best value: 0.787241:  60%|######    | 30/50 [00:17<00:21,  1.05s/it, 17.70/60 seconds]
[2025-12-05T02:47:20.803+0000] {logging_mixin.py:154} WARNING -                                                                                                        
[2025-12-05T02:47:20.804+0000] {logging_mixin.py:154} WARNING - 
[2025-12-05T02:47:20.804+0000] {logging_mixin.py:154} INFO - [I 2025-12-05 02:47:20,803] Trial 30 finished with value: 0.7742150968603874 and parameters: {'max_depth': 8, 'learning_rate': 0.021665562818517083, 'subsample': 0.6960062125573042, 'colsample_bytree': 0.6632081513046253, 'min_child_weight': 4, 'gamma': 1.7692438551454872, 'n_estimators': 59}. Best is trial 18 with value: 0.7872412623006446.
[2025-12-05T02:47:20.804+0000] {logging_mixin.py:154} WARNING - Best trial: 18. Best value: 0.787241:  60%|######    | 30/50 [00:17<00:21,  1.05s/it, 17.70/60 seconds]
[2025-12-05T02:47:20.804+0000] {logging_mixin.py:154} WARNING - Best trial: 18. Best value: 0.787241:  60%|######    | 30/50 [00:17<00:21,  1.05s/it, 17.70/60 seconds]
[2025-12-05T02:47:20.804+0000] {logging_mixin.py:154} WARNING - Best trial: 18. Best value: 0.787241:  62%|######2   | 31/50 [00:17<00:20,  1.05s/it, 17.77/60 seconds]
[2025-12-05T02:47:21.637+0000] {logging_mixin.py:154} WARNING -                                                                                                        
[2025-12-05T02:47:21.637+0000] {logging_mixin.py:154} WARNING - 
[2025-12-05T02:47:21.637+0000] {logging_mixin.py:154} INFO - [I 2025-12-05 02:47:21,636] Trial 31 finished with value: 0.7848101265822786 and parameters: {'max_depth': 11, 'learning_rate': 0.012617717952670074, 'subsample': 0.7369691529379923, 'colsample_bytree': 0.7653278416823284, 'min_child_weight': 1, 'gamma': 0.9640927861666354, 'n_estimators': 439}. Best is trial 18 with value: 0.7872412623006446.
[2025-12-05T02:47:21.637+0000] {logging_mixin.py:154} WARNING - Best trial: 18. Best value: 0.787241:  62%|######2   | 31/50 [00:18<00:20,  1.05s/it, 17.77/60 seconds]
[2025-12-05T02:47:21.637+0000] {logging_mixin.py:154} WARNING - Best trial: 18. Best value: 0.787241:  62%|######2   | 31/50 [00:18<00:20,  1.05s/it, 17.77/60 seconds]
[2025-12-05T02:47:21.637+0000] {logging_mixin.py:154} WARNING - Best trial: 18. Best value: 0.787241:  64%|######4   | 32/50 [00:18<00:13,  1.29it/s, 17.77/60 seconds]
[2025-12-05T02:47:21.638+0000] {logging_mixin.py:154} WARNING - Best trial: 18. Best value: 0.787241:  64%|######4   | 32/50 [00:18<00:13,  1.29it/s, 18.61/60 seconds]
[2025-12-05T02:47:22.203+0000] {logging_mixin.py:154} WARNING -                                                                                                        
[2025-12-05T02:47:22.203+0000] {logging_mixin.py:154} WARNING - 
[2025-12-05T02:47:22.203+0000] {logging_mixin.py:154} INFO - [I 2025-12-05 02:47:22,203] Trial 32 finished with value: 0.7840986977381769 and parameters: {'max_depth': 10, 'learning_rate': 0.01640304920465948, 'subsample': 0.6900422725809425, 'colsample_bytree': 0.7480704121363784, 'min_child_weight': 1, 'gamma': 1.0809666819491528, 'n_estimators': 396}. Best is trial 18 with value: 0.7872412623006446.
[2025-12-05T02:47:22.203+0000] {logging_mixin.py:154} WARNING - Best trial: 18. Best value: 0.787241:  64%|######4   | 32/50 [00:19<00:13,  1.29it/s, 18.61/60 seconds]
[2025-12-05T02:47:22.204+0000] {logging_mixin.py:154} WARNING - Best trial: 18. Best value: 0.787241:  64%|######4   | 32/50 [00:19<00:13,  1.29it/s, 18.61/60 seconds]
[2025-12-05T02:47:22.204+0000] {logging_mixin.py:154} WARNING - Best trial: 18. Best value: 0.787241:  66%|######6   | 33/50 [00:19<00:12,  1.38it/s, 18.61/60 seconds]
[2025-12-05T02:47:22.204+0000] {logging_mixin.py:154} WARNING - Best trial: 18. Best value: 0.787241:  66%|######6   | 33/50 [00:19<00:12,  1.38it/s, 19.17/60 seconds]
[2025-12-05T02:47:24.188+0000] {logging_mixin.py:154} WARNING -                                                                                                        
[2025-12-05T02:47:24.188+0000] {logging_mixin.py:154} WARNING - 
[2025-12-05T02:47:24.188+0000] {logging_mixin.py:154} INFO - [I 2025-12-05 02:47:24,188] Trial 33 finished with value: 0.7899388171312032 and parameters: {'max_depth': 12, 'learning_rate': 0.012596586394519792, 'subsample': 0.7702311444125595, 'colsample_bytree': 0.7072155962269836, 'min_child_weight': 2, 'gamma': 1.6066455487015165, 'n_estimators': 411}. Best is trial 33 with value: 0.7899388171312032.
[2025-12-05T02:47:24.188+0000] {logging_mixin.py:154} WARNING - Best trial: 18. Best value: 0.787241:  66%|######6   | 33/50 [00:21<00:12,  1.38it/s, 19.17/60 seconds]
[2025-12-05T02:47:24.189+0000] {logging_mixin.py:154} WARNING - Best trial: 33. Best value: 0.789939:  66%|######6   | 33/50 [00:21<00:12,  1.38it/s, 19.17/60 seconds]
[2025-12-05T02:47:24.189+0000] {logging_mixin.py:154} WARNING - Best trial: 33. Best value: 0.789939:  68%|######8   | 34/50 [00:21<00:16,  1.05s/it, 19.17/60 seconds]
[2025-12-05T02:47:24.189+0000] {logging_mixin.py:154} WARNING - Best trial: 33. Best value: 0.789939:  68%|######8   | 34/50 [00:21<00:16,  1.05s/it, 21.16/60 seconds]
[2025-12-05T02:47:24.686+0000] {logging_mixin.py:154} WARNING -                                                                                                        
[2025-12-05T02:47:24.687+0000] {logging_mixin.py:154} WARNING - 
[2025-12-05T02:47:24.687+0000] {logging_mixin.py:154} INFO - [I 2025-12-05 02:47:24,686] Trial 34 finished with value: 0.7863945578231292 and parameters: {'max_depth': 13, 'learning_rate': 0.018159046246671615, 'subsample': 0.7861542819491799, 'colsample_bytree': 0.7110682557379422, 'min_child_weight': 3, 'gamma': 1.607047286127559, 'n_estimators': 364}. Best is trial 33 with value: 0.7899388171312032.
[2025-12-05T02:47:24.687+0000] {logging_mixin.py:154} WARNING - Best trial: 33. Best value: 0.789939:  68%|######8   | 34/50 [00:21<00:16,  1.05s/it, 21.16/60 seconds]
[2025-12-05T02:47:24.687+0000] {logging_mixin.py:154} WARNING - Best trial: 33. Best value: 0.789939:  68%|######8   | 34/50 [00:21<00:16,  1.05s/it, 21.16/60 seconds]
[2025-12-05T02:47:24.687+0000] {logging_mixin.py:154} WARNING - Best trial: 33. Best value: 0.789939:  70%|#######   | 35/50 [00:21<00:13,  1.11it/s, 21.16/60 seconds]
[2025-12-05T02:47:24.687+0000] {logging_mixin.py:154} WARNING - Best trial: 33. Best value: 0.789939:  70%|#######   | 35/50 [00:21<00:13,  1.11it/s, 21.66/60 seconds]
[2025-12-05T02:47:25.085+0000] {logging_mixin.py:154} WARNING -                                                                                                        
[2025-12-05T02:47:25.086+0000] {logging_mixin.py:154} WARNING - 
[2025-12-05T02:47:25.086+0000] {logging_mixin.py:154} INFO - [I 2025-12-05 02:47:25,085] Trial 35 finished with value: 0.7819397993311037 and parameters: {'max_depth': 6, 'learning_rate': 0.01003070288743342, 'subsample': 0.8239734386108969, 'colsample_bytree': 0.5428906120066748, 'min_child_weight': 2, 'gamma': 1.629972400658617, 'n_estimators': 318}. Best is trial 33 with value: 0.7899388171312032.
[2025-12-05T02:47:25.086+0000] {logging_mixin.py:154} WARNING - Best trial: 33. Best value: 0.789939:  70%|#######   | 35/50 [00:22<00:13,  1.11it/s, 21.66/60 seconds]
[2025-12-05T02:47:25.086+0000] {logging_mixin.py:154} WARNING - Best trial: 33. Best value: 0.789939:  70%|#######   | 35/50 [00:22<00:13,  1.11it/s, 21.66/60 seconds]
[2025-12-05T02:47:25.086+0000] {logging_mixin.py:154} WARNING - Best trial: 33. Best value: 0.789939:  72%|#######2  | 36/50 [00:22<00:10,  1.31it/s, 21.66/60 seconds]
[2025-12-05T02:47:25.087+0000] {logging_mixin.py:154} WARNING - Best trial: 33. Best value: 0.789939:  72%|#######2  | 36/50 [00:22<00:10,  1.31it/s, 22.05/60 seconds]
[2025-12-05T02:47:25.582+0000] {logging_mixin.py:154} WARNING -                                                                                                        
[2025-12-05T02:47:25.583+0000] {logging_mixin.py:154} WARNING - 
[2025-12-05T02:47:25.583+0000] {logging_mixin.py:154} INFO - [I 2025-12-05 02:47:25,582] Trial 36 finished with value: 0.7846467391304348 and parameters: {'max_depth': 13, 'learning_rate': 0.01227360537014865, 'subsample': 0.7724760915157266, 'colsample_bytree': 0.5896225411985808, 'min_child_weight': 3, 'gamma': 2.077416071975657, 'n_estimators': 285}. Best is trial 33 with value: 0.7899388171312032.
[2025-12-05T02:47:25.583+0000] {logging_mixin.py:154} WARNING - Best trial: 33. Best value: 0.789939:  72%|#######2  | 36/50 [00:22<00:10,  1.31it/s, 22.05/60 seconds]
[2025-12-05T02:47:25.583+0000] {logging_mixin.py:154} WARNING - Best trial: 33. Best value: 0.789939:  72%|#######2  | 36/50 [00:22<00:10,  1.31it/s, 22.05/60 seconds]
[2025-12-05T02:47:25.583+0000] {logging_mixin.py:154} WARNING - Best trial: 33. Best value: 0.789939:  74%|#######4  | 37/50 [00:22<00:08,  1.46it/s, 22.05/60 seconds]
[2025-12-05T02:47:25.584+0000] {logging_mixin.py:154} WARNING - Best trial: 33. Best value: 0.789939:  74%|#######4  | 37/50 [00:22<00:08,  1.46it/s, 22.55/60 seconds]
[2025-12-05T02:47:25.969+0000] {logging_mixin.py:154} WARNING -                                                                                                        
[2025-12-05T02:47:25.969+0000] {logging_mixin.py:154} WARNING - 
[2025-12-05T02:47:25.969+0000] {logging_mixin.py:154} INFO - [I 2025-12-05 02:47:25,968] Trial 37 finished with value: 0.7834699453551912 and parameters: {'max_depth': 15, 'learning_rate': 0.017235108507588234, 'subsample': 0.6812042996332444, 'colsample_bytree': 0.6571580651481882, 'min_child_weight': 5, 'gamma': 1.2450621071069075, 'n_estimators': 258}. Best is trial 33 with value: 0.7899388171312032.
[2025-12-05T02:47:25.969+0000] {logging_mixin.py:154} WARNING - Best trial: 33. Best value: 0.789939:  74%|#######4  | 37/50 [00:22<00:08,  1.46it/s, 22.55/60 seconds]
[2025-12-05T02:47:25.970+0000] {logging_mixin.py:154} WARNING - Best trial: 33. Best value: 0.789939:  74%|#######4  | 37/50 [00:22<00:08,  1.46it/s, 22.55/60 seconds]
[2025-12-05T02:47:25.970+0000] {logging_mixin.py:154} WARNING - Best trial: 33. Best value: 0.789939:  76%|#######6  | 38/50 [00:22<00:07,  1.67it/s, 22.55/60 seconds]
[2025-12-05T02:47:25.970+0000] {logging_mixin.py:154} WARNING - Best trial: 33. Best value: 0.789939:  76%|#######6  | 38/50 [00:22<00:07,  1.67it/s, 22.94/60 seconds]
[2025-12-05T02:47:26.308+0000] {logging_mixin.py:154} WARNING -                                                                                                        
[2025-12-05T02:47:26.308+0000] {logging_mixin.py:154} WARNING - 
[2025-12-05T02:47:26.308+0000] {logging_mixin.py:154} INFO - [I 2025-12-05 02:47:26,308] Trial 38 finished with value: 0.7899388171312032 and parameters: {'max_depth': 9, 'learning_rate': 0.023692643536450578, 'subsample': 0.832232184918823, 'colsample_bytree': 0.7004328722584814, 'min_child_weight': 2, 'gamma': 1.6426154122133068, 'n_estimators': 401}. Best is trial 33 with value: 0.7899388171312032.
[2025-12-05T02:47:26.308+0000] {logging_mixin.py:154} WARNING - Best trial: 33. Best value: 0.789939:  76%|#######6  | 38/50 [00:23<00:07,  1.67it/s, 22.94/60 seconds]
[2025-12-05T02:47:26.309+0000] {logging_mixin.py:154} WARNING - Best trial: 33. Best value: 0.789939:  76%|#######6  | 38/50 [00:23<00:07,  1.67it/s, 22.94/60 seconds]
[2025-12-05T02:47:26.309+0000] {logging_mixin.py:154} WARNING - Best trial: 33. Best value: 0.789939:  78%|#######8  | 39/50 [00:23<00:05,  1.91it/s, 22.94/60 seconds]
[2025-12-05T02:47:26.309+0000] {logging_mixin.py:154} WARNING - Best trial: 33. Best value: 0.789939:  78%|#######8  | 39/50 [00:23<00:05,  1.91it/s, 23.28/60 seconds]
[2025-12-05T02:47:26.975+0000] {logging_mixin.py:154} WARNING -                                                                                                        
[2025-12-05T02:47:26.975+0000] {logging_mixin.py:154} WARNING - 
[2025-12-05T02:47:26.976+0000] {logging_mixin.py:154} INFO - [I 2025-12-05 02:47:26,975] Trial 39 finished with value: 0.7790777701307637 and parameters: {'max_depth': 12, 'learning_rate': 0.023614459552338325, 'subsample': 0.8431480398292688, 'colsample_bytree': 0.7946210024959318, 'min_child_weight': 2, 'gamma': 0.7411206535763661, 'n_estimators': 397}. Best is trial 33 with value: 0.7899388171312032.
[2025-12-05T02:47:26.976+0000] {logging_mixin.py:154} WARNING - Best trial: 33. Best value: 0.789939:  78%|#######8  | 39/50 [00:23<00:05,  1.91it/s, 23.28/60 seconds]
[2025-12-05T02:47:26.976+0000] {logging_mixin.py:154} WARNING - Best trial: 33. Best value: 0.789939:  78%|#######8  | 39/50 [00:23<00:05,  1.91it/s, 23.28/60 seconds]
[2025-12-05T02:47:26.976+0000] {logging_mixin.py:154} WARNING - Best trial: 33. Best value: 0.789939:  80%|########  | 40/50 [00:23<00:05,  1.77it/s, 23.28/60 seconds]
[2025-12-05T02:47:26.977+0000] {logging_mixin.py:154} WARNING - Best trial: 33. Best value: 0.789939:  80%|########  | 40/50 [00:23<00:05,  1.77it/s, 23.94/60 seconds]
[2025-12-05T02:47:27.359+0000] {logging_mixin.py:154} WARNING -                                                                                                        
[2025-12-05T02:47:27.359+0000] {logging_mixin.py:154} WARNING - 
[2025-12-05T02:47:27.359+0000] {logging_mixin.py:154} INFO - [I 2025-12-05 02:47:27,359] Trial 40 finished with value: 0.7880231371214699 and parameters: {'max_depth': 9, 'learning_rate': 0.028745689878530708, 'subsample': 0.7973872617528801, 'colsample_bytree': 0.7266367682142773, 'min_child_weight': 5, 'gamma': 1.7955608730723236, 'n_estimators': 457}. Best is trial 33 with value: 0.7899388171312032.
[2025-12-05T02:47:27.360+0000] {logging_mixin.py:154} WARNING - Best trial: 33. Best value: 0.789939:  80%|########  | 40/50 [00:24<00:05,  1.77it/s, 23.94/60 seconds]
[2025-12-05T02:47:27.360+0000] {logging_mixin.py:154} WARNING - Best trial: 33. Best value: 0.789939:  80%|########  | 40/50 [00:24<00:05,  1.77it/s, 23.94/60 seconds]
[2025-12-05T02:47:27.360+0000] {logging_mixin.py:154} WARNING - Best trial: 33. Best value: 0.789939:  82%|########2 | 41/50 [00:24<00:04,  1.95it/s, 23.94/60 seconds]
[2025-12-05T02:47:27.360+0000] {logging_mixin.py:154} WARNING - Best trial: 33. Best value: 0.789939:  82%|########2 | 41/50 [00:24<00:04,  1.95it/s, 24.33/60 seconds]
[2025-12-05T02:47:29.725+0000] {logging_mixin.py:154} WARNING -                                                                                                        
[2025-12-05T02:47:29.726+0000] {logging_mixin.py:154} WARNING - 
[2025-12-05T02:47:29.726+0000] {logging_mixin.py:154} INFO - [I 2025-12-05 02:47:29,725] Trial 41 finished with value: 0.7859097127222981 and parameters: {'max_depth': 9, 'learning_rate': 0.0312970701887831, 'subsample': 0.8198684974553233, 'colsample_bytree': 0.7302638500945381, 'min_child_weight': 6, 'gamma': 1.852543644305992, 'n_estimators': 461}. Best is trial 33 with value: 0.7899388171312032.
[2025-12-05T02:47:29.726+0000] {logging_mixin.py:154} WARNING - Best trial: 33. Best value: 0.789939:  82%|########2 | 41/50 [00:26<00:04,  1.95it/s, 24.33/60 seconds]
[2025-12-05T02:47:29.727+0000] {logging_mixin.py:154} WARNING - Best trial: 33. Best value: 0.789939:  82%|########2 | 41/50 [00:26<00:04,  1.95it/s, 24.33/60 seconds]
[2025-12-05T02:47:29.727+0000] {logging_mixin.py:154} WARNING - Best trial: 33. Best value: 0.789939:  84%|########4 | 42/50 [00:26<00:08,  1.06s/it, 24.33/60 seconds]
[2025-12-05T02:47:29.727+0000] {logging_mixin.py:154} WARNING - Best trial: 33. Best value: 0.789939:  84%|########4 | 42/50 [00:26<00:08,  1.06s/it, 26.70/60 seconds]
[2025-12-05T02:47:30.254+0000] {logging_mixin.py:154} WARNING -                                                                                                        
[2025-12-05T02:47:30.254+0000] {logging_mixin.py:154} WARNING - 
[2025-12-05T02:47:30.254+0000] {logging_mixin.py:154} INFO - [I 2025-12-05 02:47:30,253] Trial 42 finished with value: 0.7873426335488262 and parameters: {'max_depth': 10, 'learning_rate': 0.024437570733902455, 'subsample': 0.7909451022606107, 'colsample_bytree': 0.6889618550961344, 'min_child_weight': 5, 'gamma': 2.090012634366994, 'n_estimators': 463}. Best is trial 33 with value: 0.7899388171312032.
[2025-12-05T02:47:30.254+0000] {logging_mixin.py:154} WARNING - Best trial: 33. Best value: 0.789939:  84%|########4 | 42/50 [00:27<00:08,  1.06s/it, 26.70/60 seconds]
[2025-12-05T02:47:30.254+0000] {logging_mixin.py:154} WARNING - Best trial: 33. Best value: 0.789939:  84%|########4 | 42/50 [00:27<00:08,  1.06s/it, 26.70/60 seconds]
[2025-12-05T02:47:30.254+0000] {logging_mixin.py:154} WARNING - Best trial: 33. Best value: 0.789939:  86%|########6 | 43/50 [00:27<00:06,  1.11it/s, 26.70/60 seconds]
[2025-12-05T02:47:30.254+0000] {logging_mixin.py:154} WARNING - Best trial: 33. Best value: 0.789939:  86%|########6 | 43/50 [00:27<00:06,  1.11it/s, 27.22/60 seconds]
[2025-12-05T02:47:30.735+0000] {logging_mixin.py:154} WARNING -                                                                                                        
[2025-12-05T02:47:30.736+0000] {logging_mixin.py:154} WARNING - 
