[2025-12-05T03:30:43.824+0000] {logging_mixin.py:154} INFO - [I 2025-12-05 03:30:43,823] Trial 49 finished with value: 0.7845410628019324 and parameters: {'max_depth': 9, 'learning_rate': 0.03602108463730221, 'subsample': 0.6297692106217869, 'colsample_bytree': 0.7209208433512238, 'min_child_weight': 4, 'gamma': 1.8815159679638342, 'n_estimators': 301}. Best is trial 44 with value: 0.7932038834951456.
[2025-12-05T03:30:43.824+0000] {logging_mixin.py:154} WARNING - Best trial: 44. Best value: 0.793204:  98%|#########8| 49/50 [00:26<00:00,  1.68it/s, 26.13/60 seconds]
[2025-12-05T03:30:43.824+0000] {logging_mixin.py:154} WARNING - Best trial: 44. Best value: 0.793204:  98%|#########8| 49/50 [00:26<00:00,  1.68it/s, 26.13/60 seconds]
[2025-12-05T03:30:43.824+0000] {logging_mixin.py:154} WARNING - Best trial: 44. Best value: 0.793204: 100%|##########| 50/50 [00:26<00:00,  1.89it/s, 26.13/60 seconds]
[2025-12-05T03:30:43.824+0000] {logging_mixin.py:154} WARNING - Best trial: 44. Best value: 0.793204: 100%|##########| 50/50 [00:26<00:00,  1.89it/s, 26.51/60 seconds]
[2025-12-05T03:30:43.824+0000] {logging_mixin.py:154} WARNING - Best trial: 44. Best value: 0.793204: 100%|##########| 50/50 [00:26<00:00,  1.89it/s, 26.51/60 seconds]
[2025-12-05T03:30:43.829+0000] {model_training.py:121} INFO - ✅ Optimización completada: 50 trials en 60s
[2025-12-05T03:30:43.829+0000] {model_training.py:122} INFO - ✅ Mejor F1-Score (validación): 0.7932
[2025-12-05T03:30:43.829+0000] {model_training.py:123} INFO - 📊 Mejores hiperparámetros encontrados:
[2025-12-05T03:30:43.829+0000] {model_training.py:125} INFO -    - max_depth: 12
[2025-12-05T03:30:43.829+0000] {model_training.py:125} INFO -    - learning_rate: 0.029325786613753443
[2025-12-05T03:30:43.829+0000] {model_training.py:125} INFO -    - subsample: 0.5927687352908736
[2025-12-05T03:30:43.829+0000] {model_training.py:125} INFO -    - colsample_bytree: 0.7381454770532535
[2025-12-05T03:30:43.829+0000] {model_training.py:125} INFO -    - min_child_weight: 3
[2025-12-05T03:30:43.829+0000] {model_training.py:125} INFO -    - gamma: 1.5241891840668735
[2025-12-05T03:30:43.829+0000] {model_training.py:125} INFO -    - n_estimators: 290
[2025-12-05T03:30:43.830+0000] {model_training.py:142} INFO - 📊 Generando gráficos de optimización de Optuna...
[2025-12-05T03:30:44.234+0000] {model_training.py:179} INFO -    ✓ Gráfico de importancia guardado: /opt/***/diagrams/hyperparameter_importance.png
[2025-12-05T03:30:44.415+0000] {model_training.py:239} INFO -    ✓ Gráfico de optimization history guardado: /opt/***/diagrams/optimization_history.png
[2025-12-05T03:30:44.415+0000] {model_training.py:253} INFO - ✅ Gráficos de Optuna generados exitosamente
[2025-12-05T03:30:44.419+0000] {model_training.py:506} INFO - 🎯 Entrenando modelo final con mejores hiperparámetros...
[2025-12-05T03:30:44.489+0000] {logging_mixin.py:154} INFO - [0]	validation_0-logloss:0.68468	validation_1-logloss:0.68608	validation_2-logloss:0.68628
[2025-12-05T03:30:44.496+0000] {logging_mixin.py:154} INFO - [1]	validation_0-logloss:0.67448	validation_1-logloss:0.67682	validation_2-logloss:0.67719
[2025-12-05T03:30:44.503+0000] {logging_mixin.py:154} INFO - [2]	validation_0-logloss:0.67170	validation_1-logloss:0.67472	validation_2-logloss:0.67505
[2025-12-05T03:30:44.510+0000] {logging_mixin.py:154} INFO - [3]	validation_0-logloss:0.66550	validation_1-logloss:0.66899	validation_2-logloss:0.66912
[2025-12-05T03:30:44.519+0000] {logging_mixin.py:154} INFO - [4]	validation_0-logloss:0.65957	validation_1-logloss:0.66338	validation_2-logloss:0.66333
[2025-12-05T03:30:44.526+0000] {logging_mixin.py:154} INFO - [5]	validation_0-logloss:0.65394	validation_1-logloss:0.65785	validation_2-logloss:0.65765
[2025-12-05T03:30:44.542+0000] {logging_mixin.py:154} INFO - [6]	validation_0-logloss:0.64556	validation_1-logloss:0.65040	validation_2-logloss:0.65039
[2025-12-05T03:30:44.633+0000] {logging_mixin.py:154} INFO - [7]	validation_0-logloss:0.63922	validation_1-logloss:0.64527	validation_2-logloss:0.64512
[2025-12-05T03:30:44.913+0000] {logging_mixin.py:154} INFO - [8]	validation_0-logloss:0.63289	validation_1-logloss:0.64043	validation_2-logloss:0.64003
[2025-12-05T03:30:44.931+0000] {logging_mixin.py:154} INFO - [9]	validation_0-logloss:0.62531	validation_1-logloss:0.63435	validation_2-logloss:0.63375
[2025-12-05T03:30:44.933+0000] {logging_mixin.py:154} INFO - [10]	validation_0-logloss:0.61787	validation_1-logloss:0.62767	validation_2-logloss:0.62704
[2025-12-05T03:30:44.934+0000] {logging_mixin.py:154} INFO - [11]	validation_0-logloss:0.61289	validation_1-logloss:0.62345	validation_2-logloss:0.62283
[2025-12-05T03:30:44.936+0000] {logging_mixin.py:154} INFO - [12]	validation_0-logloss:0.60597	validation_1-logloss:0.61720	validation_2-logloss:0.61679
[2025-12-05T03:30:44.938+0000] {logging_mixin.py:154} INFO - [13]	validation_0-logloss:0.59987	validation_1-logloss:0.61180	validation_2-logloss:0.61161
[2025-12-05T03:30:44.940+0000] {logging_mixin.py:154} INFO - [14]	validation_0-logloss:0.59825	validation_1-logloss:0.61045	validation_2-logloss:0.61044
[2025-12-05T03:30:44.941+0000] {logging_mixin.py:154} INFO - [15]	validation_0-logloss:0.59453	validation_1-logloss:0.60758	validation_2-logloss:0.60720
[2025-12-05T03:30:44.943+0000] {logging_mixin.py:154} INFO - [16]	validation_0-logloss:0.58820	validation_1-logloss:0.60239	validation_2-logloss:0.60207
[2025-12-05T03:30:44.945+0000] {logging_mixin.py:154} INFO - [17]	validation_0-logloss:0.58244	validation_1-logloss:0.59730	validation_2-logloss:0.59729
[2025-12-05T03:30:44.946+0000] {logging_mixin.py:154} INFO - [18]	validation_0-logloss:0.57679	validation_1-logloss:0.59277	validation_2-logloss:0.59276
[2025-12-05T03:30:44.947+0000] {logging_mixin.py:154} INFO - [19]	validation_0-logloss:0.57370	validation_1-logloss:0.58980	validation_2-logloss:0.58986
[2025-12-05T03:30:44.949+0000] {logging_mixin.py:154} INFO - [20]	validation_0-logloss:0.56876	validation_1-logloss:0.58549	validation_2-logloss:0.58577
[2025-12-05T03:30:44.950+0000] {logging_mixin.py:154} INFO - [21]	validation_0-logloss:0.56370	validation_1-logloss:0.58182	validation_2-logloss:0.58189
[2025-12-05T03:30:44.952+0000] {logging_mixin.py:154} INFO - [22]	validation_0-logloss:0.56231	validation_1-logloss:0.58081	validation_2-logloss:0.58086
[2025-12-05T03:30:44.954+0000] {logging_mixin.py:154} INFO - [23]	validation_0-logloss:0.55859	validation_1-logloss:0.57838	validation_2-logloss:0.57812
[2025-12-05T03:30:44.955+0000] {logging_mixin.py:154} INFO - [24]	validation_0-logloss:0.55756	validation_1-logloss:0.57752	validation_2-logloss:0.57736
[2025-12-05T03:30:44.956+0000] {logging_mixin.py:154} INFO - [25]	validation_0-logloss:0.55308	validation_1-logloss:0.57350	validation_2-logloss:0.57365
[2025-12-05T03:30:44.958+0000] {logging_mixin.py:154} INFO - [26]	validation_0-logloss:0.55057	validation_1-logloss:0.57100	validation_2-logloss:0.57117
[2025-12-05T03:30:44.959+0000] {logging_mixin.py:154} INFO - [27]	validation_0-logloss:0.54769	validation_1-logloss:0.56854	validation_2-logloss:0.56896
[2025-12-05T03:30:44.960+0000] {logging_mixin.py:154} INFO - [28]	validation_0-logloss:0.54508	validation_1-logloss:0.56618	validation_2-logloss:0.56662
[2025-12-05T03:30:44.962+0000] {logging_mixin.py:154} INFO - [29]	validation_0-logloss:0.54140	validation_1-logloss:0.56275	validation_2-logloss:0.56342
[2025-12-05T03:30:44.963+0000] {logging_mixin.py:154} INFO - [30]	validation_0-logloss:0.53714	validation_1-logloss:0.55968	validation_2-logloss:0.56030
[2025-12-05T03:30:44.965+0000] {logging_mixin.py:154} INFO - [31]	validation_0-logloss:0.53292	validation_1-logloss:0.55635	validation_2-logloss:0.55699
[2025-12-05T03:30:44.967+0000] {logging_mixin.py:154} INFO - [32]	validation_0-logloss:0.52938	validation_1-logloss:0.55369	validation_2-logloss:0.55448
[2025-12-05T03:30:44.968+0000] {logging_mixin.py:154} INFO - [33]	validation_0-logloss:0.52546	validation_1-logloss:0.55076	validation_2-logloss:0.55156
[2025-12-05T03:30:44.969+0000] {logging_mixin.py:154} INFO - [34]	validation_0-logloss:0.52379	validation_1-logloss:0.54918	validation_2-logloss:0.54993
[2025-12-05T03:30:44.971+0000] {logging_mixin.py:154} INFO - [35]	validation_0-logloss:0.52015	validation_1-logloss:0.54654	validation_2-logloss:0.54709
[2025-12-05T03:30:44.972+0000] {logging_mixin.py:154} INFO - [36]	validation_0-logloss:0.51914	validation_1-logloss:0.54576	validation_2-logloss:0.54639
[2025-12-05T03:30:44.974+0000] {logging_mixin.py:154} INFO - [37]	validation_0-logloss:0.51697	validation_1-logloss:0.54377	validation_2-logloss:0.54448
[2025-12-05T03:30:44.975+0000] {logging_mixin.py:154} INFO - [38]	validation_0-logloss:0.51498	validation_1-logloss:0.54214	validation_2-logloss:0.54305
[2025-12-05T03:30:44.977+0000] {logging_mixin.py:154} INFO - [39]	validation_0-logloss:0.51175	validation_1-logloss:0.53984	validation_2-logloss:0.54071
[2025-12-05T03:30:44.979+0000] {logging_mixin.py:154} INFO - [40]	validation_0-logloss:0.50890	validation_1-logloss:0.53749	validation_2-logloss:0.53840
[2025-12-05T03:30:44.980+0000] {logging_mixin.py:154} INFO - [41]	validation_0-logloss:0.50721	validation_1-logloss:0.53617	validation_2-logloss:0.53697
[2025-12-05T03:30:44.981+0000] {logging_mixin.py:154} INFO - [42]	validation_0-logloss:0.50393	validation_1-logloss:0.53391	validation_2-logloss:0.53466
[2025-12-05T03:30:44.983+0000] {logging_mixin.py:154} INFO - [43]	validation_0-logloss:0.50093	validation_1-logloss:0.53194	validation_2-logloss:0.53299
[2025-12-05T03:30:44.984+0000] {logging_mixin.py:154} INFO - [44]	validation_0-logloss:0.49785	validation_1-logloss:0.52996	validation_2-logloss:0.53105
[2025-12-05T03:30:44.986+0000] {logging_mixin.py:154} INFO - [45]	validation_0-logloss:0.49535	validation_1-logloss:0.52814	validation_2-logloss:0.52914
[2025-12-05T03:30:44.987+0000] {logging_mixin.py:154} INFO - [46]	validation_0-logloss:0.49434	validation_1-logloss:0.52749	validation_2-logloss:0.52842
[2025-12-05T03:30:44.988+0000] {logging_mixin.py:154} INFO - [47]	validation_0-logloss:0.49249	validation_1-logloss:0.52623	validation_2-logloss:0.52710
[2025-12-05T03:30:44.990+0000] {logging_mixin.py:154} INFO - [48]	validation_0-logloss:0.49139	validation_1-logloss:0.52523	validation_2-logloss:0.52607
[2025-12-05T03:30:44.992+0000] {logging_mixin.py:154} INFO - [49]	validation_0-logloss:0.48879	validation_1-logloss:0.52357	validation_2-logloss:0.52438
[2025-12-05T03:30:44.993+0000] {logging_mixin.py:154} INFO - [50]	validation_0-logloss:0.48846	validation_1-logloss:0.52321	validation_2-logloss:0.52400
[2025-12-05T03:30:44.994+0000] {logging_mixin.py:154} INFO - [51]	validation_0-logloss:0.48665	validation_1-logloss:0.52199	validation_2-logloss:0.52283
[2025-12-05T03:30:44.995+0000] {logging_mixin.py:154} INFO - [52]	validation_0-logloss:0.48454	validation_1-logloss:0.52088	validation_2-logloss:0.52169
[2025-12-05T03:30:44.997+0000] {logging_mixin.py:154} INFO - [53]	validation_0-logloss:0.48314	validation_1-logloss:0.51986	validation_2-logloss:0.52078
[2025-12-05T03:30:44.999+0000] {logging_mixin.py:154} INFO - [54]	validation_0-logloss:0.48173	validation_1-logloss:0.51890	validation_2-logloss:0.51979
[2025-12-05T03:30:45.000+0000] {logging_mixin.py:154} INFO - [55]	validation_0-logloss:0.47963	validation_1-logloss:0.51732	validation_2-logloss:0.51823
[2025-12-05T03:30:45.001+0000] {logging_mixin.py:154} INFO - [56]	validation_0-logloss:0.47768	validation_1-logloss:0.51622	validation_2-logloss:0.51698
[2025-12-05T03:30:45.003+0000] {logging_mixin.py:154} INFO - [57]	validation_0-logloss:0.47622	validation_1-logloss:0.51542	validation_2-logloss:0.51608
[2025-12-05T03:30:45.005+0000] {logging_mixin.py:154} INFO - [58]	validation_0-logloss:0.47457	validation_1-logloss:0.51443	validation_2-logloss:0.51498
[2025-12-05T03:30:45.006+0000] {logging_mixin.py:154} INFO - [59]	validation_0-logloss:0.47359	validation_1-logloss:0.51360	validation_2-logloss:0.51425
[2025-12-05T03:30:45.007+0000] {logging_mixin.py:154} INFO - [60]	validation_0-logloss:0.47206	validation_1-logloss:0.51283	validation_2-logloss:0.51332
[2025-12-05T03:30:45.008+0000] {logging_mixin.py:154} INFO - [61]	validation_0-logloss:0.47041	validation_1-logloss:0.51212	validation_2-logloss:0.51241
[2025-12-05T03:30:45.011+0000] {logging_mixin.py:154} INFO - [62]	validation_0-logloss:0.46834	validation_1-logloss:0.51094	validation_2-logloss:0.51114
[2025-12-05T03:30:45.017+0000] {logging_mixin.py:154} INFO - [63]	validation_0-logloss:0.46745	validation_1-logloss:0.51030	validation_2-logloss:0.51069
[2025-12-05T03:30:45.018+0000] {logging_mixin.py:154} INFO - [64]	validation_0-logloss:0.46661	validation_1-logloss:0.50971	validation_2-logloss:0.50993
[2025-12-05T03:30:45.019+0000] {logging_mixin.py:154} INFO - [65]	validation_0-logloss:0.46596	validation_1-logloss:0.50916	validation_2-logloss:0.50952
[2025-12-05T03:30:45.021+0000] {logging_mixin.py:154} INFO - [66]	validation_0-logloss:0.46442	validation_1-logloss:0.50848	validation_2-logloss:0.50868
[2025-12-05T03:30:45.022+0000] {logging_mixin.py:154} INFO - [67]	validation_0-logloss:0.46347	validation_1-logloss:0.50800	validation_2-logloss:0.50808
[2025-12-05T03:30:45.024+0000] {logging_mixin.py:154} INFO - [68]	validation_0-logloss:0.46213	validation_1-logloss:0.50722	validation_2-logloss:0.50729
[2025-12-05T03:30:45.026+0000] {logging_mixin.py:154} INFO - [69]	validation_0-logloss:0.46070	validation_1-logloss:0.50637	validation_2-logloss:0.50667
[2025-12-05T03:30:45.027+0000] {logging_mixin.py:154} INFO - [70]	validation_0-logloss:0.45950	validation_1-logloss:0.50552	validation_2-logloss:0.50576
[2025-12-05T03:30:45.028+0000] {logging_mixin.py:154} INFO - [71]	validation_0-logloss:0.45871	validation_1-logloss:0.50513	validation_2-logloss:0.50534
[2025-12-05T03:30:45.030+0000] {logging_mixin.py:154} INFO - [72]	validation_0-logloss:0.45784	validation_1-logloss:0.50485	validation_2-logloss:0.50509
[2025-12-05T03:30:45.032+0000] {logging_mixin.py:154} INFO - [73]	validation_0-logloss:0.45617	validation_1-logloss:0.50407	validation_2-logloss:0.50437
[2025-12-05T03:30:45.033+0000] {logging_mixin.py:154} INFO - [74]	validation_0-logloss:0.45526	validation_1-logloss:0.50354	validation_2-logloss:0.50389
[2025-12-05T03:30:45.034+0000] {logging_mixin.py:154} INFO - [75]	validation_0-logloss:0.45435	validation_1-logloss:0.50318	validation_2-logloss:0.50322
[2025-12-05T03:30:45.037+0000] {logging_mixin.py:154} INFO - [76]	validation_0-logloss:0.45326	validation_1-logloss:0.50274	validation_2-logloss:0.50272
[2025-12-05T03:30:45.038+0000] {logging_mixin.py:154} INFO - [77]	validation_0-logloss:0.45209	validation_1-logloss:0.50239	validation_2-logloss:0.50214
[2025-12-05T03:30:45.039+0000] {logging_mixin.py:154} INFO - [78]	validation_0-logloss:0.45078	validation_1-logloss:0.50168	validation_2-logloss:0.50163
[2025-12-05T03:30:45.042+0000] {logging_mixin.py:154} INFO - [79]	validation_0-logloss:0.44992	validation_1-logloss:0.50112	validation_2-logloss:0.50112
[2025-12-05T03:30:45.043+0000] {logging_mixin.py:154} INFO - [80]	validation_0-logloss:0.44882	validation_1-logloss:0.50051	validation_2-logloss:0.50069
[2025-12-05T03:30:45.045+0000] {logging_mixin.py:154} INFO - [81]	validation_0-logloss:0.44781	validation_1-logloss:0.50008	validation_2-logloss:0.50022
[2025-12-05T03:30:45.046+0000] {logging_mixin.py:154} INFO - [82]	validation_0-logloss:0.44690	validation_1-logloss:0.49954	validation_2-logloss:0.49987
[2025-12-05T03:30:45.047+0000] {logging_mixin.py:154} INFO - [83]	validation_0-logloss:0.44591	validation_1-logloss:0.49872	validation_2-logloss:0.49914
[2025-12-05T03:30:45.049+0000] {logging_mixin.py:154} INFO - [84]	validation_0-logloss:0.44553	validation_1-logloss:0.49847	validation_2-logloss:0.49897
[2025-12-05T03:30:45.051+0000] {logging_mixin.py:154} INFO - [85]	validation_0-logloss:0.44505	validation_1-logloss:0.49813	validation_2-logloss:0.49859
[2025-12-05T03:30:45.052+0000] {logging_mixin.py:154} INFO - [86]	validation_0-logloss:0.44441	validation_1-logloss:0.49774	validation_2-logloss:0.49815
[2025-12-05T03:30:45.053+0000] {logging_mixin.py:154} INFO - [87]	validation_0-logloss:0.44338	validation_1-logloss:0.49691	validation_2-logloss:0.49744
[2025-12-05T03:30:45.055+0000] {logging_mixin.py:154} INFO - [88]	validation_0-logloss:0.44273	validation_1-logloss:0.49664	validation_2-logloss:0.49728
[2025-12-05T03:30:45.056+0000] {logging_mixin.py:154} INFO - [89]	validation_0-logloss:0.44159	validation_1-logloss:0.49611	validation_2-logloss:0.49667
[2025-12-05T03:30:45.058+0000] {logging_mixin.py:154} INFO - [90]	validation_0-logloss:0.44071	validation_1-logloss:0.49583	validation_2-logloss:0.49633
[2025-12-05T03:30:45.059+0000] {logging_mixin.py:154} INFO - [91]	validation_0-logloss:0.43989	validation_1-logloss:0.49522	validation_2-logloss:0.49599
[2025-12-05T03:30:45.060+0000] {logging_mixin.py:154} INFO - [92]	validation_0-logloss:0.43976	validation_1-logloss:0.49508	validation_2-logloss:0.49589
[2025-12-05T03:30:45.061+0000] {logging_mixin.py:154} INFO - [93]	validation_0-logloss:0.43924	validation_1-logloss:0.49477	validation_2-logloss:0.49550
[2025-12-05T03:30:45.063+0000] {logging_mixin.py:154} INFO - [94]	validation_0-logloss:0.43829	validation_1-logloss:0.49443	validation_2-logloss:0.49535
[2025-12-05T03:30:45.064+0000] {logging_mixin.py:154} INFO - [95]	validation_0-logloss:0.43768	validation_1-logloss:0.49405	validation_2-logloss:0.49525
[2025-12-05T03:30:45.066+0000] {logging_mixin.py:154} INFO - [96]	validation_0-logloss:0.43639	validation_1-logloss:0.49352	validation_2-logloss:0.49476
[2025-12-05T03:30:45.067+0000] {logging_mixin.py:154} INFO - [97]	validation_0-logloss:0.43576	validation_1-logloss:0.49328	validation_2-logloss:0.49431
[2025-12-05T03:30:45.069+0000] {logging_mixin.py:154} INFO - [98]	validation_0-logloss:0.43532	validation_1-logloss:0.49299	validation_2-logloss:0.49418
[2025-12-05T03:30:45.070+0000] {logging_mixin.py:154} INFO - [99]	validation_0-logloss:0.43484	validation_1-logloss:0.49278	validation_2-logloss:0.49400
[2025-12-05T03:30:45.071+0000] {logging_mixin.py:154} INFO - [100]	validation_0-logloss:0.43384	validation_1-logloss:0.49204	validation_2-logloss:0.49351
[2025-12-05T03:30:45.072+0000] {logging_mixin.py:154} INFO - [101]	validation_0-logloss:0.43304	validation_1-logloss:0.49164	validation_2-logloss:0.49316
[2025-12-05T03:30:45.074+0000] {logging_mixin.py:154} INFO - [102]	validation_0-logloss:0.43194	validation_1-logloss:0.49113	validation_2-logloss:0.49281
[2025-12-05T03:30:45.076+0000] {logging_mixin.py:154} INFO - [103]	validation_0-logloss:0.43115	validation_1-logloss:0.49086	validation_2-logloss:0.49257
[2025-12-05T03:30:45.077+0000] {logging_mixin.py:154} INFO - [104]	validation_0-logloss:0.43070	validation_1-logloss:0.49053	validation_2-logloss:0.49243
[2025-12-05T03:30:45.079+0000] {logging_mixin.py:154} INFO - [105]	validation_0-logloss:0.42956	validation_1-logloss:0.49033	validation_2-logloss:0.49215
[2025-12-05T03:30:45.080+0000] {logging_mixin.py:154} INFO - [106]	validation_0-logloss:0.42913	validation_1-logloss:0.49027	validation_2-logloss:0.49210
[2025-12-05T03:30:45.081+0000] {logging_mixin.py:154} INFO - [107]	validation_0-logloss:0.42860	validation_1-logloss:0.49001	validation_2-logloss:0.49181
[2025-12-05T03:30:45.083+0000] {logging_mixin.py:154} INFO - [108]	validation_0-logloss:0.42806	validation_1-logloss:0.48953	validation_2-logloss:0.49144
[2025-12-05T03:30:45.085+0000] {logging_mixin.py:154} INFO - [109]	validation_0-logloss:0.42760	validation_1-logloss:0.48924	validation_2-logloss:0.49125
[2025-12-05T03:30:45.086+0000] {logging_mixin.py:154} INFO - [110]	validation_0-logloss:0.42710	validation_1-logloss:0.48897	validation_2-logloss:0.49097
[2025-12-05T03:30:45.087+0000] {logging_mixin.py:154} INFO - [111]	validation_0-logloss:0.42677	validation_1-logloss:0.48890	validation_2-logloss:0.49079
[2025-12-05T03:30:45.089+0000] {logging_mixin.py:154} INFO - [112]	validation_0-logloss:0.42636	validation_1-logloss:0.48878	validation_2-logloss:0.49048
[2025-12-05T03:30:45.090+0000] {logging_mixin.py:154} INFO - [113]	validation_0-logloss:0.42588	validation_1-logloss:0.48839	validation_2-logloss:0.49020
[2025-12-05T03:30:45.091+0000] {logging_mixin.py:154} INFO - [114]	validation_0-logloss:0.42539	validation_1-logloss:0.48803	validation_2-logloss:0.48991
[2025-12-05T03:30:45.092+0000] {logging_mixin.py:154} INFO - [115]	validation_0-logloss:0.42473	validation_1-logloss:0.48784	validation_2-logloss:0.48980
[2025-12-05T03:30:45.094+0000] {logging_mixin.py:154} INFO - [116]	validation_0-logloss:0.42368	validation_1-logloss:0.48746	validation_2-logloss:0.48952
[2025-12-05T03:30:45.096+0000] {logging_mixin.py:154} INFO - [117]	validation_0-logloss:0.42316	validation_1-logloss:0.48743	validation_2-logloss:0.48938
[2025-12-05T03:30:45.097+0000] {logging_mixin.py:154} INFO - [118]	validation_0-logloss:0.42258	validation_1-logloss:0.48719	validation_2-logloss:0.48909
[2025-12-05T03:30:45.099+0000] {logging_mixin.py:154} INFO - [119]	validation_0-logloss:0.42170	validation_1-logloss:0.48684	validation_2-logloss:0.48870
[2025-12-05T03:30:45.100+0000] {logging_mixin.py:154} INFO - [120]	validation_0-logloss:0.42123	validation_1-logloss:0.48663	validation_2-logloss:0.48854
[2025-12-05T03:30:45.102+0000] {logging_mixin.py:154} INFO - [121]	validation_0-logloss:0.42060	validation_1-logloss:0.48616	validation_2-logloss:0.48839
[2025-12-05T03:30:45.103+0000] {logging_mixin.py:154} INFO - [122]	validation_0-logloss:0.42041	validation_1-logloss:0.48617	validation_2-logloss:0.48834
[2025-12-05T03:30:45.104+0000] {logging_mixin.py:154} INFO - [123]	validation_0-logloss:0.41992	validation_1-logloss:0.48594	validation_2-logloss:0.48815
[2025-12-05T03:30:45.105+0000] {logging_mixin.py:154} INFO - [124]	validation_0-logloss:0.41926	validation_1-logloss:0.48589	validation_2-logloss:0.48797
[2025-12-05T03:3