[2025-12-05T03:30:31.676+0000] {logging_mixin.py:154} INFO - [I 2025-12-05 03:30:31,675] Trial 27 finished with value: 0.7751243781094526 and parameters: {'max_depth': 13, 'learning_rate': 0.039050011527852264, 'subsample': 0.6149349488552686, 'colsample_bytree': 0.8004405283702241, 'min_child_weight': 5, 'gamma': 0.38557751429787057, 'n_estimators': 400}. Best is trial 17 with value: 0.7887596899224807.
[2025-12-05T03:30:31.676+0000] {logging_mixin.py:154} WARNING - Best trial: 17. Best value: 0.78876:  54%|#####4    | 27/50 [00:14<00:09,  2.43it/s, 11.85/60 seconds]
[2025-12-05T03:30:31.676+0000] {logging_mixin.py:154} WARNING - Best trial: 17. Best value: 0.78876:  54%|#####4    | 27/50 [00:14<00:09,  2.43it/s, 11.85/60 seconds]
[2025-12-05T03:30:31.676+0000] {logging_mixin.py:154} WARNING - Best trial: 17. Best value: 0.78876:  56%|#####6    | 28/50 [00:14<00:22,  1.04s/it, 11.85/60 seconds]
[2025-12-05T03:30:31.677+0000] {logging_mixin.py:154} WARNING - Best trial: 17. Best value: 0.78876:  56%|#####6    | 28/50 [00:14<00:22,  1.04s/it, 14.36/60 seconds]
[2025-12-05T03:30:32.114+0000] {logging_mixin.py:154} WARNING -                                                                                                       
[2025-12-05T03:30:32.114+0000] {logging_mixin.py:154} WARNING - 
[2025-12-05T03:30:32.114+0000] {logging_mixin.py:154} INFO - [I 2025-12-05 03:30:32,114] Trial 28 finished with value: 0.7902912621359224 and parameters: {'max_depth': 10, 'learning_rate': 0.022896001203320738, 'subsample': 0.5358983319326962, 'colsample_bytree': 0.7354299694972601, 'min_child_weight': 4, 'gamma': 1.6289447359392302, 'n_estimators': 358}. Best is trial 28 with value: 0.7902912621359224.
[2025-12-05T03:30:32.114+0000] {logging_mixin.py:154} WARNING - Best trial: 17. Best value: 0.78876:  56%|#####6    | 28/50 [00:14<00:22,  1.04s/it, 14.36/60 seconds]
[2025-12-05T03:30:32.115+0000] {logging_mixin.py:154} WARNING - Best trial: 28. Best value: 0.790291:  56%|#####6    | 28/50 [00:14<00:22,  1.04s/it, 14.36/60 seconds]
[2025-12-05T03:30:32.115+0000] {logging_mixin.py:154} WARNING - Best trial: 28. Best value: 0.790291:  58%|#####8    | 29/50 [00:14<00:18,  1.16it/s, 14.36/60 seconds]
[2025-12-05T03:30:32.115+0000] {logging_mixin.py:154} WARNING - Best trial: 28. Best value: 0.790291:  58%|#####8    | 29/50 [00:14<00:18,  1.16it/s, 14.80/60 seconds]
[2025-12-05T03:30:32.529+0000] {logging_mixin.py:154} WARNING -                                                                                                        
[2025-12-05T03:30:32.530+0000] {logging_mixin.py:154} WARNING - 
[2025-12-05T03:30:32.530+0000] {logging_mixin.py:154} INFO - [I 2025-12-05 03:30:32,529] Trial 29 finished with value: 0.7854721549636804 and parameters: {'max_depth': 10, 'learning_rate': 0.014403870662373012, 'subsample': 0.6411404240008978, 'colsample_bytree': 0.7301407952742995, 'min_child_weight': 2, 'gamma': 1.7073374528236047, 'n_estimators': 460}. Best is trial 28 with value: 0.7902912621359224.
[2025-12-05T03:30:32.530+0000] {logging_mixin.py:154} WARNING - Best trial: 28. Best value: 0.790291:  58%|#####8    | 29/50 [00:15<00:18,  1.16it/s, 14.80/60 seconds]
[2025-12-05T03:30:32.530+0000] {logging_mixin.py:154} WARNING - Best trial: 28. Best value: 0.790291:  58%|#####8    | 29/50 [00:15<00:18,  1.16it/s, 14.80/60 seconds]
[2025-12-05T03:30:32.530+0000] {logging_mixin.py:154} WARNING - Best trial: 28. Best value: 0.790291:  60%|######    | 30/50 [00:15<00:14,  1.38it/s, 14.80/60 seconds]
[2025-12-05T03:30:32.530+0000] {logging_mixin.py:154} WARNING - Best trial: 28. Best value: 0.790291:  60%|######    | 30/50 [00:15<00:14,  1.38it/s, 15.21/60 seconds]
[2025-12-05T03:30:32.636+0000] {logging_mixin.py:154} WARNING -                                                                                                        
[2025-12-05T03:30:32.637+0000] {logging_mixin.py:154} WARNING - 
[2025-12-05T03:30:32.637+0000] {logging_mixin.py:154} INFO - [I 2025-12-05 03:30:32,636] Trial 30 finished with value: 0.7625548512920527 and parameters: {'max_depth': 6, 'learning_rate': 0.021665562818517083, 'subsample': 0.6964096858677439, 'colsample_bytree': 0.6940042236718942, 'min_child_weight': 2, 'gamma': 0.9642695035717401, 'n_estimators': 59}. Best is trial 28 with value: 0.7902912621359224.
[2025-12-05T03:30:32.637+0000] {logging_mixin.py:154} WARNING - Best trial: 28. Best value: 0.790291:  60%|######    | 30/50 [00:15<00:14,  1.38it/s, 15.21/60 seconds]
[2025-12-05T03:30:32.637+0000] {logging_mixin.py:154} WARNING - Best trial: 28. Best value: 0.790291:  60%|######    | 30/50 [00:15<00:14,  1.38it/s, 15.21/60 seconds]
[2025-12-05T03:30:32.637+0000] {logging_mixin.py:154} WARNING - Best trial: 28. Best value: 0.790291:  62%|######2   | 31/50 [00:15<00:10,  1.85it/s, 15.21/60 seconds]
[2025-12-05T03:30:32.637+0000] {logging_mixin.py:154} WARNING - Best trial: 28. Best value: 0.790291:  62%|######2   | 31/50 [00:15<00:10,  1.85it/s, 15.32/60 seconds]
[2025-12-05T03:30:33.147+0000] {logging_mixin.py:154} WARNING -                                                                                                        
[2025-12-05T03:30:33.148+0000] {logging_mixin.py:154} WARNING - 
[2025-12-05T03:30:33.148+0000] {logging_mixin.py:154} INFO - [I 2025-12-05 03:30:33,147] Trial 31 finished with value: 0.7868369351669942 and parameters: {'max_depth': 9, 'learning_rate': 0.026749043744603847, 'subsample': 0.5328448811304922, 'colsample_bytree': 0.7976528029958619, 'min_child_weight': 4, 'gamma': 0.807241073547021, 'n_estimators': 348}. Best is trial 28 with value: 0.7902912621359224.
[2025-12-05T03:30:33.148+0000] {logging_mixin.py:154} WARNING - Best trial: 28. Best value: 0.790291:  62%|######2   | 31/50 [00:15<00:10,  1.85it/s, 15.32/60 seconds]
[2025-12-05T03:30:33.148+0000] {logging_mixin.py:154} WARNING - Best trial: 28. Best value: 0.790291:  62%|######2   | 31/50 [00:15<00:10,  1.85it/s, 15.32/60 seconds]
[2025-12-05T03:30:33.148+0000] {logging_mixin.py:154} WARNING - Best trial: 28. Best value: 0.790291:  64%|######4   | 32/50 [00:15<00:09,  1.88it/s, 15.32/60 seconds]
[2025-12-05T03:30:33.148+0000] {logging_mixin.py:154} WARNING - Best trial: 28. Best value: 0.790291:  64%|######4   | 32/50 [00:15<00:09,  1.88it/s, 15.83/60 seconds]
[2025-12-05T03:30:33.796+0000] {logging_mixin.py:154} WARNING -                                                                                                        
[2025-12-05T03:30:33.796+0000] {logging_mixin.py:154} WARNING - 
[2025-12-05T03:30:33.796+0000] {logging_mixin.py:154} INFO - [I 2025-12-05 03:30:33,796] Trial 32 finished with value: 0.7891156462585035 and parameters: {'max_depth': 11, 'learning_rate': 0.018915563708871673, 'subsample': 0.5597049780411141, 'colsample_bytree': 0.8100821863974391, 'min_child_weight': 6, 'gamma': 1.6137501665673586, 'n_estimators': 409}. Best is trial 28 with value: 0.7902912621359224.
[2025-12-05T03:30:33.796+0000] {logging_mixin.py:154} WARNING - Best trial: 28. Best value: 0.790291:  64%|######4   | 32/50 [00:16<00:09,  1.88it/s, 15.83/60 seconds]
[2025-12-05T03:30:33.797+0000] {logging_mixin.py:154} WARNING - Best trial: 28. Best value: 0.790291:  64%|######4   | 32/50 [00:16<00:09,  1.88it/s, 15.83/60 seconds]
[2025-12-05T03:30:33.797+0000] {logging_mixin.py:154} WARNING - Best trial: 28. Best value: 0.790291:  66%|######6   | 33/50 [00:16<00:09,  1.76it/s, 15.83/60 seconds]
[2025-12-05T03:30:33.797+0000] {logging_mixin.py:154} WARNING - Best trial: 28. Best value: 0.790291:  66%|######6   | 33/50 [00:16<00:09,  1.76it/s, 16.48/60 seconds]
[2025-12-05T03:30:36.510+0000] {logging_mixin.py:154} WARNING -                                                                                                        
[2025-12-05T03:30:36.510+0000] {logging_mixin.py:154} WARNING - 
[2025-12-05T03:30:36.511+0000] {logging_mixin.py:154} INFO - [I 2025-12-05 03:30:36,510] Trial 33 finished with value: 0.7790298873101421 and parameters: {'max_depth': 11, 'learning_rate': 0.018813226079125295, 'subsample': 0.5017286807578624, 'colsample_bytree': 0.7580386589870838, 'min_child_weight': 10, 'gamma': 1.6066455487015165, 'n_estimators': 408}. Best is trial 28 with value: 0.7902912621359224.
[2025-12-05T03:30:36.511+0000] {logging_mixin.py:154} WARNING - Best trial: 28. Best value: 0.790291:  66%|######6   | 33/50 [00:19<00:09,  1.76it/s, 16.48/60 seconds]
[2025-12-05T03:30:36.511+0000] {logging_mixin.py:154} WARNING - Best trial: 28. Best value: 0.790291:  66%|######6   | 33/50 [00:19<00:09,  1.76it/s, 16.48/60 seconds]
[2025-12-05T03:30:36.511+0000] {logging_mixin.py:154} WARNING - Best trial: 28. Best value: 0.790291:  68%|######8   | 34/50 [00:19<00:19,  1.21s/it, 16.48/60 seconds]
[2025-12-05T03:30:36.512+0000] {logging_mixin.py:154} WARNING - Best trial: 28. Best value: 0.790291:  68%|######8   | 34/50 [00:19<00:19,  1.21s/it, 19.20/60 seconds]
[2025-12-05T03:30:36.908+0000] {logging_mixin.py:154} WARNING -                                                                                                        
[2025-12-05T03:30:36.908+0000] {logging_mixin.py:154} WARNING - 
[2025-12-05T03:30:36.908+0000] {logging_mixin.py:154} INFO - [I 2025-12-05 03:30:36,908] Trial 34 finished with value: 0.7877610490529384 and parameters: {'max_depth': 8, 'learning_rate': 0.013777257188039321, 'subsample': 0.5856891535493973, 'colsample_bytree': 0.7936671744355059, 'min_child_weight': 6, 'gamma': 1.2568008474787722, 'n_estimators': 457}. Best is trial 28 with value: 0.7902912621359224.
[2025-12-05T03:30:36.909+0000] {logging_mixin.py:154} WARNING - Best trial: 28. Best value: 0.790291:  68%|######8   | 34/50 [00:19<00:19,  1.21s/it, 19.20/60 seconds]
[2025-12-05T03:30:36.909+0000] {logging_mixin.py:154} WARNING - Best trial: 28. Best value: 0.790291:  68%|######8   | 34/50 [00:19<00:19,  1.21s/it, 19.20/60 seconds]
[2025-12-05T03:30:36.909+0000] {logging_mixin.py:154} WARNING - Best trial: 28. Best value: 0.790291:  70%|#######   | 35/50 [00:19<00:14,  1.03it/s, 19.20/60 seconds]
[2025-12-05T03:30:36.909+0000] {logging_mixin.py:154} WARNING - Best trial: 28. Best value: 0.790291:  70%|#######   | 35/50 [00:19<00:14,  1.03it/s, 19.59/60 seconds]
[2025-12-05T03:30:37.390+0000] {logging_mixin.py:154} WARNING -                                                                                                        
[2025-12-05T03:30:37.390+0000] {logging_mixin.py:154} WARNING - 
[2025-12-05T03:30:37.390+0000] {logging_mixin.py:154} INFO - [I 2025-12-05 03:30:37,390] Trial 35 finished with value: 0.7763221737020862 and parameters: {'max_depth': 7, 'learning_rate': 0.0100699970956041, 'subsample': 0.6409173647724858, 'colsample_bytree': 0.6300070346936067, 'min_child_weight': 9, 'gamma': 1.6365240522542195, 'n_estimators': 354}. Best is trial 28 with value: 0.7902912621359224.
[2025-12-05T03:30:37.390+0000] {logging_mixin.py:154} WARNING - Best trial: 28. Best value: 0.790291:  70%|#######   | 35/50 [00:20<00:14,  1.03it/s, 19.59/60 seconds]
[2025-12-05T03:30:37.391+0000] {logging_mixin.py:154} WARNING - Best trial: 28. Best value: 0.790291:  70%|#######   | 35/50 [00:20<00:14,  1.03it/s, 19.59/60 seconds]
[2025-12-05T03:30:37.391+0000] {logging_mixin.py:154} WARNING - Best trial: 28. Best value: 0.790291:  72%|#######2  | 36/50 [00:20<00:11,  1.22it/s, 19.59/60 seconds]
[2025-12-05T03:30:37.391+0000] {logging_mixin.py:154} WARNING - Best trial: 28. Best value: 0.790291:  72%|#######2  | 36/50 [00:20<00:11,  1.22it/s, 20.08/60 seconds]
[2025-12-05T03:30:37.658+0000] {logging_mixin.py:154} WARNING -                                                                                                        
[2025-12-05T03:30:37.658+0000] {logging_mixin.py:154} WARNING - 
[2025-12-05T03:30:37.658+0000] {logging_mixin.py:154} INFO - [I 2025-12-05 03:30:37,658] Trial 36 finished with value: 0.7826932425862906 and parameters: {'max_depth': 11, 'learning_rate': 0.01814659143998708, 'subsample': 0.560568838890829, 'colsample_bytree': 0.5330607226052434, 'min_child_weight': 1, 'gamma': 2.1298724197793555, 'n_estimators': 315}. Best is trial 28 with value: 0.7902912621359224.
[2025-12-05T03:30:37.658+0000] {logging_mixin.py:154} WARNING - Best trial: 28. Best value: 0.790291:  72%|#######2  | 36/50 [00:20<00:11,  1.22it/s, 20.08/60 seconds]
[2025-12-05T03:30:37.658+0000] {logging_mixin.py:154} WARNING - Best trial: 28. Best value: 0.790291:  72%|#######2  | 36/50 [00:20<00:11,  1.22it/s, 20.08/60 seconds]
[2025-12-05T03:30:37.658+0000] {logging_mixin.py:154} WARNING - Best trial: 28. Best value: 0.790291:  74%|#######4  | 37/50 [00:20<00:08,  1.53it/s, 20.08/60 seconds]
[2025-12-05T03:30:37.659+0000] {logging_mixin.py:154} WARNING - Best trial: 28. Best value: 0.790291:  74%|#######4  | 37/50 [00:20<00:08,  1.53it/s, 20.34/60 seconds]
[2025-12-05T03:30:38.181+0000] {logging_mixin.py:154} WARNING -                                                                                                        
[2025-12-05T03:30:38.181+0000] {logging_mixin.py:154} WARNING - 
[2025-12-05T03:30:38.182+0000] {logging_mixin.py:154} INFO - [I 2025-12-05 03:30:38,181] Trial 37 finished with value: 0.7914230019493178 and parameters: {'max_depth': 9, 'learning_rate': 0.02255641138113376, 'subsample': 0.5990956695593181, 'colsample_bytree': 0.7091650492772603, 'min_child_weight': 4, 'gamma': 1.0587021521364792, 'n_estimators': 500}. Best is trial 37 with value: 0.7914230019493178.
[2025-12-05T03:30:38.182+0000] {logging_mixin.py:154} WARNING - Best trial: 28. Best value: 0.790291:  74%|#######4  | 37/50 [00:20<00:08,  1.53it/s, 20.34/60 seconds]
[2025-12-05T03:30:38.182+0000] {logging_mixin.py:154} WARNING - Best trial: 37. Best value: 0.791423:  74%|#######4  | 37/50 [00:20<00:08,  1.53it/s, 20.34/60 seconds]
[2025-12-05T03:30:38.182+0000] {logging_mixin.py:154} WARNING - Best trial: 37. Best value: 0.791423:  76%|#######6  | 38/50 [00:20<00:07,  1.62it/s, 20.34/60 seconds]
[2025-12-05T03:30:38.182+0000] {logging_mixin.py:154} WARNING - Best trial: 37. Best value: 0.791423:  76%|#######6  | 38/50 [00:20<00:07,  1.62it/s, 20.87/60 seconds]
[2025-12-05T03:30:38.635+0000] {logging_mixin.py:154} WARNING -                                                                                                        
[2025-12-05T03:30:38.636+0000] {logging_mixin.py:154} WARNING - 
[2025-12-05T03:30:38.636+0000] {logging_mixin.py:154} INFO - [I 2025-12-05 03:30:38,635] Trial 38 finished with value: 0.7877906976744186 and parameters: {'max_depth': 10, 'learning_rate': 0.013203497640031633, 'subsample': 0.601276904759627, 'colsample_bytree': 0.7564745984594654, 'min_child_weight': 4, 'gamma': 1.1907733631255202, 'n_estimators': 411}. Best is trial 37 with value: 0.7914230019493178.
[2025-12-05T03:30:38.636+0000] {logging_mixin.py:154} WARNING - Best trial: 37. Best value: 0.791423:  76%|#######6  | 38/50 [00:21<00:07,  1.62it/s, 20.87/60 seconds]
[2025-12-05T03:30:38.636+0000] {logging_mixin.py:154} WARNING - Best trial: 37. Best value: 0.791423:  76%|#######6  | 38/50 [00:21<00:07,  1.62it/s, 20.87/60 seconds]
[2025-12-05T03:30:38.636+0000] {logging_mixin.py:154} WARNING - Best trial: 37. Best value: 0.791423:  78%|#######8  | 39/50 [00:21<00:06,  1.76it/s, 20.87/60 seconds]
[2025-12-05T03:30:38.637+0000] {logging_mixin.py:154} WARNING - Best trial: 37. Best value: 0.791423:  78%|#######8  | 39/50 [00:21<00:06,  1.76it/s, 21.32/60 seconds]
[2025-12-05T03:30:39.125+0000] {logging_mixin.py:154} WARNING -                                                                                                        
[2025-12-05T03:30:39.126+0000] {logging_mixin.py:154} WARNING - 
[2025-12-05T03:30:39.126+0000] {logging_mixin.py:154} INFO - [I 2025-12-05 03:30:39,125] Trial 39 finished with value: 0.7856797290759556 and parameters: {'max_depth': 10, 'learning_rate': 0.017298894972340804, 'subsample': 0.532069702805501, 'colsample_bytree': 0.6996817149861214, 'min_child_weight': 3, 'gamma': 2.4491446468066584, 'n_estimators': 463}. Best is trial 37 with value: 0.7914230019493178.
[2025-12-05T03:30:39.126+0000] {logging_mixin.py:154} WARNING - Best trial: 37. Best value: 0.791423:  78%|#######8  | 39/50 [00:21<00:06,  1.76it/s, 21.32/60 seconds]
[2025-12-05T03:30:39.126+0000] {logging_mixin.py:154} WARNING - Best trial: 37. Best value: 0.791423:  78%|#######8  | 39/50 [00:21<00:06,  1.76it/s, 21.32/60 seconds]
[2025-12-05T03:30:39.126+0000] {logging_mixin.py:154} WARNING - Best trial: 37. Best value: 0.791423:  80%|########  | 40/50 [00:21<00:05,  1.84it/s, 21.32/60 seconds]
[2025-12-05T03:30:39.126+0000] {logging_mixin.py:154} WARNING - Best trial: 37. Best value: 0.791423:  80%|########  | 40/50 [00:21<00:05,  1.84it/s, 21.81/60 seconds]
[2025-12-05T03:30:39.482+0000] {logging_mixin.py:154} WARNING -                                                                                                        
[2025-12-05T03:30:39.483+0000] {logging_mixin.py:154} WARNING - 
[2025-12-05T03:30:39.483+0000] {logging_mixin.py:154} INFO - [I 2025-12-05 03:30:39,482] Trial 40 finished with value: 0.792653455775737 and parameters: {'max_depth': 11, 'learning_rate': 0.02251350210517713, 'subsample': 0.5783040878492953, 'colsample_bytree': 0.7151790574181045, 'min_child_weight': 4, 'gamma': 1.5238033173663017, 'n_estimators': 382}. Best is trial 40 with value: 0.792653455775737.
[2025-12-05T03:30:39.483+0000] {logging_mixin.py:154} WARNING - Best trial: 37. Best value: 0.791423:  80%|########  | 40/50 [00:22<00:05,  1.84it/s, 21.81/60 seconds]
[2025-12-05T03:30:39.483+0000] {logging_mixin.py:154} WARNING - Best trial: 40. Best value: 0.792653:  80%|########  | 40/50 [00:22<00:05,  1.84it/s, 21.81/60 seconds]
[2025-12-05T03:30:39.484+0000] {logging_mixin.py:154} WARNING - Best trial: 40. Best value: 0.792653:  82%|########2 | 41/50 [00:22<00:04,  2.05it/s, 21.81/60 seconds]
[2025-12-05T03:30:39.484+0000] {logging_mixin.py:154} WARNING - Best trial: 40. Best value: 0.792653:  82%|########2 | 41/50 [00:22<00:04,  2.05it/s, 22.17/60 seconds]
[2025-12-05T03:30:39.794+0000] {logging_mixin.py:154} WARNING -                                                                                                        
[2025-12-05T03:30:39.794+0000] {logging_mixin.py:154} WARNING - 
[2025-12-05T03:30:39.794+0000] {logging_mixin.py:154} INFO - [I 2025-12-05 03:30:39,794] Trial 41 finished with value: 0.7914645974781764 and parameters: {'max_depth': 11, 'learning_rate': 0.02194331446657488, 'subsample': 0.5640600671464702, 'colsample_bytree': 0.7374821279913889, 'min_child_weight': 4, 'gamma': 1.5170169420694937, 'n_estimators': 372}. Best is trial 40 with value: 0.792653455775737.
[2025-12-05T03:30:39.794+0000] {logging_mixin.py:154} WARNING - Best trial: 40. Best value: 0.792653:  82%|########2 | 41/50 [00:22<00:04,  2.05it/s, 22.17/60 seconds]
[2025-12-05T03:30:39.795+0000] {logging_mixin.py:154} WARNING - Best trial: 40. Best value: 0.792653:  82%|########2 | 41/50 [00:22<00:04,  2.05it/s, 22.17/60 seconds]
[2025-12-05T03:30:39.795+0000] {logging_mixin.py:154} WARNING - Best trial: 40. Best value: 0.792653:  84%|########4 | 42/50 [00:22<00:03,  2.30it/s, 22.17/60 seconds]
[2025-12-05T03:30:39.795+0000] {logging_mixin.py:154} WARNING - Best trial: 40. Best value: 0.792653:  84%|########4 | 42/50 [00:22<00:03,  2.30it/s, 22.48/60 seconds]
[2025-12-05T03:30:40.204+0000] {logging_mixin.py:154} WARNING -                                                                                                        
[2025-12-05T03:30:40.204+0000] {logging_mixin.py:154} WARNING - 
[2025-12-05T03:30:40.204+0000] {logging_mixin.py:154} INFO - [I 2025-12-05 03:30:40,204] Trial 42 finished with value: 0.7924528301886793 and parameters: {'max_depth': 11, 'learning_rate': 0.022517348958077995, 'subsample': 0.5918472131064441, 'colsample_bytree': 0.723433706680513, 'min_child_weight': 4, 'gamma': 1.5339849230974711, 'n_estimators': 375}. Best is trial 40 with value: 0.792653455775737.
[2025-12-05T03:30:40.205+0000] {logging_mixin.py:154} WARNING - Best trial: 40. Best value: 0.792653:  84%|########4 | 42/50 [00:22<00:03,  2.30it/s, 22.48/60 seconds]
[2025-12-05T03:30:40.205+0000] {logging_mixin.py:154} WARNING - Best trial: 40. Best value: 0.792653:  84%|########4 | 42/50 [00:22<00:03,  2.30it/s, 22.48/60 seconds]
[2025-12-05T03:30:40.205+0000] {logging_mixin.py:154} WARNING - Best trial: 40. Best value: 0.792653:  86%|########6 | 43/50 [00:22<00:02,  2.34it/s, 22.48/60 seconds]
[2025-12-05T03:30:40.205+0000] {logging_mixin.py:154} WARNING - Best trial: 40. Best value: 0.792653:  86%|########6 | 43/50 [00:22<00:02,  2.34it/s, 22.89/60 seconds]
[2025-12-05T03:30:40.542+0000] {logging_mixin.py:154} WARNING -                                                                                                        
[2025-12-05T03:30:40.542+0000] {logging_mixin.py:154} WARNING - 
