[2025-12-05T03:30:19.811+0000] {logging_mixin.py:154} INFO - [I 2025-12-05 03:30:19,811] Trial 11 finished with value: 0.7790927021696252 and parameters: {'max_depth': 15, 'learning_rate': 0.04203132051823846, 'subsample': 0.5065883662316701, 'colsample_bytree': 0.8833069352482623, 'min_child_weight': 7, 'gamma': 0.11980023076172625, 'n_estimators': 200}. Best is trial 9 with value: 0.7884709330727895.
[2025-12-05T03:30:19.812+0000] {logging_mixin.py:154} WARNING - Best trial: 9. Best value: 0.788471:  22%|##2       | 11/50 [00:02<00:11,  3.31it/s, 0.65/60 seconds]
[2025-12-05T03:30:19.812+0000] {logging_mixin.py:154} WARNING - Best trial: 9. Best value: 0.788471:  22%|##2       | 11/50 [00:02<00:11,  3.31it/s, 0.65/60 seconds]
[2025-12-05T03:30:19.812+0000] {logging_mixin.py:154} WARNING - Best trial: 9. Best value: 0.788471:  24%|##4       | 12/50 [00:02<00:11,  3.31it/s, 2.50/60 seconds]
[2025-12-05T03:30:20.124+0000] {logging_mixin.py:154} WARNING -                                                                                                      
[2025-12-05T03:30:20.124+0000] {logging_mixin.py:154} WARNING - 
[2025-12-05T03:30:20.124+0000] {logging_mixin.py:154} INFO - [I 2025-12-05 03:30:20,124] Trial 12 finished with value: 0.7791203479942 and parameters: {'max_depth': 12, 'learning_rate': 0.01114827037344629, 'subsample': 0.7304833346944339, 'colsample_bytree': 0.670482675462742, 'min_child_weight': 6, 'gamma': 1.847155361087878, 'n_estimators': 200}. Best is trial 9 with value: 0.7884709330727895.
[2025-12-05T03:30:20.124+0000] {logging_mixin.py:154} WARNING - Best trial: 9. Best value: 0.788471:  24%|##4       | 12/50 [00:02<00:11,  3.31it/s, 2.50/60 seconds]
[2025-12-05T03:30:20.125+0000] {logging_mixin.py:154} WARNING - Best trial: 9. Best value: 0.788471:  24%|##4       | 12/50 [00:02<00:11,  3.31it/s, 2.50/60 seconds]
[2025-12-05T03:30:20.125+0000] {logging_mixin.py:154} WARNING - Best trial: 9. Best value: 0.788471:  26%|##6       | 13/50 [00:02<00:06,  5.43it/s, 2.50/60 seconds]
[2025-12-05T03:30:20.125+0000] {logging_mixin.py:154} WARNING - Best trial: 9. Best value: 0.788471:  26%|##6       | 13/50 [00:02<00:06,  5.43it/s, 2.81/60 seconds]
[2025-12-05T03:30:21.049+0000] {logging_mixin.py:154} WARNING -                                                                                                      
[2025-12-05T03:30:21.050+0000] {logging_mixin.py:154} WARNING - 
[2025-12-05T03:30:21.050+0000] {logging_mixin.py:154} INFO - [I 2025-12-05 03:30:21,049] Trial 13 finished with value: 0.7851116625310175 and parameters: {'max_depth': 9, 'learning_rate': 0.03243370646294105, 'subsample': 0.5769870218732032, 'colsample_bytree': 0.8859620061900355, 'min_child_weight': 3, 'gamma': 0.019706404858351456, 'n_estimators': 371}. Best is trial 9 with value: 0.7884709330727895.
[2025-12-05T03:30:21.050+0000] {logging_mixin.py:154} WARNING - Best trial: 9. Best value: 0.788471:  26%|##6       | 13/50 [00:03<00:06,  5.43it/s, 2.81/60 seconds]
[2025-12-05T03:30:21.050+0000] {logging_mixin.py:154} WARNING - Best trial: 9. Best value: 0.788471:  26%|##6       | 13/50 [00:03<00:06,  5.43it/s, 2.81/60 seconds]
[2025-12-05T03:30:21.050+0000] {logging_mixin.py:154} WARNING - Best trial: 9. Best value: 0.788471:  28%|##8       | 14/50 [00:03<00:12,  2.93it/s, 2.81/60 seconds]
[2025-12-05T03:30:21.050+0000] {logging_mixin.py:154} WARNING - Best trial: 9. Best value: 0.788471:  28%|##8       | 14/50 [00:03<00:12,  2.93it/s, 3.73/60 seconds]
[2025-12-05T03:30:21.462+0000] {logging_mixin.py:154} WARNING -                                                                                                      
[2025-12-05T03:30:21.462+0000] {logging_mixin.py:154} WARNING - 
[2025-12-05T03:30:21.462+0000] {logging_mixin.py:154} INFO - [I 2025-12-05 03:30:21,462] Trial 14 finished with value: 0.7807276302851524 and parameters: {'max_depth': 12, 'learning_rate': 0.07165489742426234, 'subsample': 0.7403530227890658, 'colsample_bytree': 0.603911867418651, 'min_child_weight': 10, 'gamma': 0.5972589133615754, 'n_estimators': 219}. Best is trial 9 with value: 0.7884709330727895.
[2025-12-05T03:30:21.462+0000] {logging_mixin.py:154} WARNING - Best trial: 9. Best value: 0.788471:  28%|##8       | 14/50 [00:04<00:12,  2.93it/s, 3.73/60 seconds]
[2025-12-05T03:30:21.463+0000] {logging_mixin.py:154} WARNING - Best trial: 9. Best value: 0.788471:  28%|##8       | 14/50 [00:04<00:12,  2.93it/s, 3.73/60 seconds]
[2025-12-05T03:30:21.463+0000] {logging_mixin.py:154} WARNING - Best trial: 9. Best value: 0.788471:  30%|###       | 15/50 [00:04<00:12,  2.79it/s, 3.73/60 seconds]
[2025-12-05T03:30:21.463+0000] {logging_mixin.py:154} WARNING - Best trial: 9. Best value: 0.788471:  30%|###       | 15/50 [00:04<00:12,  2.79it/s, 4.15/60 seconds]
[2025-12-05T03:30:21.883+0000] {logging_mixin.py:154} WARNING -                                                                                                      
[2025-12-05T03:30:21.883+0000] {logging_mixin.py:154} WARNING - 
[2025-12-05T03:30:21.883+0000] {logging_mixin.py:154} INFO - [I 2025-12-05 03:30:21,883] Trial 15 finished with value: 0.7863000482392667 and parameters: {'max_depth': 7, 'learning_rate': 0.022267609220785755, 'subsample': 0.6040439293797512, 'colsample_bytree': 0.731057379200564, 'min_child_weight': 6, 'gamma': 1.982070756240831, 'n_estimators': 346}. Best is trial 9 with value: 0.7884709330727895.
[2025-12-05T03:30:21.883+0000] {logging_mixin.py:154} WARNING - Best trial: 9. Best value: 0.788471:  30%|###       | 15/50 [00:04<00:12,  2.79it/s, 4.15/60 seconds]
[2025-12-05T03:30:21.884+0000] {logging_mixin.py:154} WARNING - Best trial: 9. Best value: 0.788471:  30%|###       | 15/50 [00:04<00:12,  2.79it/s, 4.15/60 seconds]
[2025-12-05T03:30:21.884+0000] {logging_mixin.py:154} WARNING - Best trial: 9. Best value: 0.788471:  32%|###2      | 16/50 [00:04<00:12,  2.68it/s, 4.15/60 seconds]
[2025-12-05T03:30:21.884+0000] {logging_mixin.py:154} WARNING - Best trial: 9. Best value: 0.788471:  32%|###2      | 16/50 [00:04<00:12,  2.68it/s, 4.57/60 seconds]
[2025-12-05T03:30:24.905+0000] {logging_mixin.py:154} WARNING -                                                                                                      
[2025-12-05T03:30:24.905+0000] {logging_mixin.py:154} WARNING - 
[2025-12-05T03:30:24.905+0000] {logging_mixin.py:154} INFO - [I 2025-12-05 03:30:24,904] Trial 16 finished with value: 0.7811579980372915 and parameters: {'max_depth': 12, 'learning_rate': 0.03679669699223571, 'subsample': 0.717692062126802, 'colsample_bytree': 0.9865105654704093, 'min_child_weight': 8, 'gamma': 0.7364943416771574, 'n_estimators': 251}. Best is trial 9 with value: 0.7884709330727895.
[2025-12-05T03:30:24.905+0000] {logging_mixin.py:154} WARNING - Best trial: 9. Best value: 0.788471:  32%|###2      | 16/50 [00:07<00:12,  2.68it/s, 4.57/60 seconds]
[2025-12-05T03:30:24.906+0000] {logging_mixin.py:154} WARNING - Best trial: 9. Best value: 0.788471:  32%|###2      | 16/50 [00:07<00:12,  2.68it/s, 4.57/60 seconds]
[2025-12-05T03:30:24.906+0000] {logging_mixin.py:154} WARNING - Best trial: 9. Best value: 0.788471:  34%|###4      | 17/50 [00:07<00:35,  1.07s/it, 4.57/60 seconds]
[2025-12-05T03:30:24.906+0000] {logging_mixin.py:154} WARNING - Best trial: 9. Best value: 0.788471:  34%|###4      | 17/50 [00:07<00:35,  1.07s/it, 7.59/60 seconds]
[2025-12-05T03:30:25.295+0000] {logging_mixin.py:154} WARNING -                                                                                                      
[2025-12-05T03:30:25.295+0000] {logging_mixin.py:154} WARNING - 
[2025-12-05T03:30:25.295+0000] {logging_mixin.py:154} INFO - [I 2025-12-05 03:30:25,295] Trial 17 finished with value: 0.7887596899224807 and parameters: {'max_depth': 7, 'learning_rate': 0.016621446618629864, 'subsample': 0.5602701559238367, 'colsample_bytree': 0.8352725713024431, 'min_child_weight': 5, 'gamma': 1.2918879667485017, 'n_estimators': 422}. Best is trial 17 with value: 0.7887596899224807.
[2025-12-05T03:30:25.296+0000] {logging_mixin.py:154} WARNING - Best trial: 9. Best value: 0.788471:  34%|###4      | 17/50 [00:07<00:35,  1.07s/it, 7.59/60 seconds]
[2025-12-05T03:30:25.296+0000] {logging_mixin.py:154} WARNING - Best trial: 17. Best value: 0.78876:  34%|###4      | 17/50 [00:07<00:35,  1.07s/it, 7.59/60 seconds]
[2025-12-05T03:30:25.296+0000] {logging_mixin.py:154} WARNING - Best trial: 17. Best value: 0.78876:  36%|###6      | 18/50 [00:07<00:28,  1.13it/s, 7.59/60 seconds]
[2025-12-05T03:30:25.296+0000] {logging_mixin.py:154} WARNING - Best trial: 17. Best value: 0.78876:  36%|###6      | 18/50 [00:07<00:28,  1.13it/s, 7.98/60 seconds]
[2025-12-05T03:30:25.664+0000] {logging_mixin.py:154} WARNING -                                                                                                      
[2025-12-05T03:30:25.664+0000] {logging_mixin.py:154} WARNING - 
[2025-12-05T03:30:25.664+0000] {logging_mixin.py:154} INFO - [I 2025-12-05 03:30:25,663] Trial 18 finished with value: 0.7830739299610895 and parameters: {'max_depth': 7, 'learning_rate': 0.016925694920845034, 'subsample': 0.6639926607342311, 'colsample_bytree': 0.6795137716522401, 'min_child_weight': 8, 'gamma': 1.4070712978947963, 'n_estimators': 428}. Best is trial 17 with value: 0.7887596899224807.
[2025-12-05T03:30:25.664+0000] {logging_mixin.py:154} WARNING - Best trial: 17. Best value: 0.78876:  36%|###6      | 18/50 [00:08<00:28,  1.13it/s, 7.98/60 seconds]
[2025-12-05T03:30:25.664+0000] {logging_mixin.py:154} WARNING - Best trial: 17. Best value: 0.78876:  36%|###6      | 18/50 [00:08<00:28,  1.13it/s, 7.98/60 seconds]
[2025-12-05T03:30:25.664+0000] {logging_mixin.py:154} WARNING - Best trial: 17. Best value: 0.78876:  38%|###8      | 19/50 [00:08<00:22,  1.35it/s, 7.98/60 seconds]
[2025-12-05T03:30:25.664+0000] {logging_mixin.py:154} WARNING - Best trial: 17. Best value: 0.78876:  38%|###8      | 19/50 [00:08<00:22,  1.35it/s, 8.35/60 seconds]
[2025-12-05T03:30:26.042+0000] {logging_mixin.py:154} WARNING -                                                                                                      
[2025-12-05T03:30:26.042+0000] {logging_mixin.py:154} WARNING - 
[2025-12-05T03:30:26.042+0000] {logging_mixin.py:154} INFO - [I 2025-12-05 03:30:26,042] Trial 19 finished with value: 0.7856797290759556 and parameters: {'max_depth': 8, 'learning_rate': 0.013982995253396586, 'subsample': 0.5865150402572666, 'colsample_bytree': 0.7780472853832113, 'min_child_weight': 4, 'gamma': 2.180499167861401, 'n_estimators': 436}. Best is trial 17 with value: 0.7887596899224807.
[2025-12-05T03:30:26.042+0000] {logging_mixin.py:154} WARNING - Best trial: 17. Best value: 0.78876:  38%|###8      | 19/50 [00:08<00:22,  1.35it/s, 8.35/60 seconds]
[2025-12-05T03:30:26.043+0000] {logging_mixin.py:154} WARNING - Best trial: 17. Best value: 0.78876:  38%|###8      | 19/50 [00:08<00:22,  1.35it/s, 8.35/60 seconds]
[2025-12-05T03:30:26.043+0000] {logging_mixin.py:154} WARNING - Best trial: 17. Best value: 0.78876:  40%|####      | 20/50 [00:08<00:19,  1.57it/s, 8.35/60 seconds]
[2025-12-05T03:30:26.043+0000] {logging_mixin.py:154} WARNING - Best trial: 17. Best value: 0.78876:  40%|####      | 20/50 [00:08<00:19,  1.57it/s, 8.73/60 seconds]
[2025-12-05T03:30:26.411+0000] {logging_mixin.py:154} WARNING -                                                                                                      
[2025-12-05T03:30:26.411+0000] {logging_mixin.py:154} WARNING - 
[2025-12-05T03:30:26.411+0000] {logging_mixin.py:154} INFO - [I 2025-12-05 03:30:26,411] Trial 20 finished with value: 0.7806295399515739 and parameters: {'max_depth': 6, 'learning_rate': 0.011001353972358057, 'subsample': 0.7848742979848753, 'colsample_bytree': 0.5721800280232665, 'min_child_weight': 7, 'gamma': 1.2959441430958178, 'n_estimators': 490}. Best is trial 17 with value: 0.7887596899224807.
[2025-12-05T03:30:26.411+0000] {logging_mixin.py:154} WARNING - Best trial: 17. Best value: 0.78876:  40%|####      | 20/50 [00:09<00:19,  1.57it/s, 8.73/60 seconds]
[2025-12-05T03:30:26.412+0000] {logging_mixin.py:154} WARNING - Best trial: 17. Best value: 0.78876:  40%|####      | 20/50 [00:09<00:19,  1.57it/s, 8.73/60 seconds]
[2025-12-05T03:30:26.412+0000] {logging_mixin.py:154} WARNING - Best trial: 17. Best value: 0.78876:  42%|####2     | 21/50 [00:09<00:16,  1.79it/s, 8.73/60 seconds]
[2025-12-05T03:30:26.412+0000] {logging_mixin.py:154} WARNING - Best trial: 17. Best value: 0.78876:  42%|####2     | 21/50 [00:09<00:16,  1.79it/s, 9.10/60 seconds]
[2025-12-05T03:30:26.999+0000] {logging_mixin.py:154} WARNING -                                                                                                      
[2025-12-05T03:30:26.999+0000] {logging_mixin.py:154} WARNING - 
[2025-12-05T03:30:26.999+0000] {logging_mixin.py:154} INFO - [I 2025-12-05 03:30:26,999] Trial 21 finished with value: 0.7854330708661419 and parameters: {'max_depth': 10, 'learning_rate': 0.026304180505866, 'subsample': 0.5450870264737138, 'colsample_bytree': 0.8426750094788226, 'min_child_weight': 5, 'gamma': 0.5319539258306393, 'n_estimators': 392}. Best is trial 17 with value: 0.7887596899224807.
[2025-12-05T03:30:26.999+0000] {logging_mixin.py:154} WARNING - Best trial: 17. Best value: 0.78876:  42%|####2     | 21/50 [00:09<00:16,  1.79it/s, 9.10/60 seconds]
[2025-12-05T03:30:26.999+0000] {logging_mixin.py:154} WARNING - Best trial: 17. Best value: 0.78876:  42%|####2     | 21/50 [00:09<00:16,  1.79it/s, 9.10/60 seconds]
[2025-12-05T03:30:27.000+0000] {logging_mixin.py:154} WARNING - Best trial: 17. Best value: 0.78876:  44%|####4     | 22/50 [00:09<00:15,  1.76it/s, 9.10/60 seconds]
[2025-12-05T03:30:27.000+0000] {logging_mixin.py:154} WARNING - Best trial: 17. Best value: 0.78876:  44%|####4     | 22/50 [00:09<00:15,  1.76it/s, 9.68/60 seconds]
[2025-12-05T03:30:27.435+0000] {logging_mixin.py:154} WARNING -                                                                                                      
[2025-12-05T03:30:27.436+0000] {logging_mixin.py:154} WARNING - 
[2025-12-05T03:30:27.436+0000] {logging_mixin.py:154} INFO - [I 2025-12-05 03:30:27,435] Trial 22 finished with value: 0.7845249755142019 and parameters: {'max_depth': 11, 'learning_rate': 0.01542130417398832, 'subsample': 0.550439614917992, 'colsample_bytree': 0.9090604843480867, 'min_child_weight': 3, 'gamma': 0.9953745296877342, 'n_estimators': 320}. Best is trial 17 with value: 0.7887596899224807.
[2025-12-05T03:30:27.436+0000] {logging_mixin.py:154} WARNING - Best trial: 17. Best value: 0.78876:  44%|####4     | 22/50 [00:10<00:15,  1.76it/s, 9.68/60 seconds]
[2025-12-05T03:30:27.436+0000] {logging_mixin.py:154} WARNING - Best trial: 17. Best value: 0.78876:  44%|####4     | 22/50 [00:10<00:15,  1.76it/s, 9.68/60 seconds]
[2025-12-05T03:30:27.436+0000] {logging_mixin.py:154} WARNING - Best trial: 17. Best value: 0.78876:  46%|####6     | 23/50 [00:10<00:14,  1.89it/s, 9.68/60 seconds]
[2025-12-05T03:30:27.436+0000] {logging_mixin.py:154} WARNING - Best trial: 17. Best value: 0.78876:  46%|####6     | 23/50 [00:10<00:14,  1.89it/s, 10.12/60 seconds]
[2025-12-05T03:30:27.854+0000] {logging_mixin.py:154} WARNING -                                                                                                       
[2025-12-05T03:30:27.854+0000] {logging_mixin.py:154} WARNING - 
[2025-12-05T03:30:27.855+0000] {logging_mixin.py:154} INFO - [I 2025-12-05 03:30:27,854] Trial 23 finished with value: 0.7864173228346455 and parameters: {'max_depth': 8, 'learning_rate': 0.02532505189495517, 'subsample': 0.501983344688615, 'colsample_bytree': 0.817373665305318, 'min_child_weight': 5, 'gamma': 0.5411536038379776, 'n_estimators': 443}. Best is trial 17 with value: 0.7887596899224807.
[2025-12-05T03:30:27.855+0000] {logging_mixin.py:154} WARNING - Best trial: 17. Best value: 0.78876:  46%|####6     | 23/50 [00:10<00:14,  1.89it/s, 10.12/60 seconds]
[2025-12-05T03:30:27.855+0000] {logging_mixin.py:154} WARNING - Best trial: 17. Best value: 0.78876:  46%|####6     | 23/50 [00:10<00:14,  1.89it/s, 10.12/60 seconds]
[2025-12-05T03:30:27.855+0000] {logging_mixin.py:154} WARNING - Best trial: 17. Best value: 0.78876:  48%|####8     | 24/50 [00:10<00:12,  2.02it/s, 10.12/60 seconds]
[2025-12-05T03:30:27.855+0000] {logging_mixin.py:154} WARNING - Best trial: 17. Best value: 0.78876:  48%|####8     | 24/50 [00:10<00:12,  2.02it/s, 10.54/60 seconds]
[2025-12-05T03:30:28.675+0000] {logging_mixin.py:154} WARNING -                                                                                                       
[2025-12-05T03:30:28.675+0000] {logging_mixin.py:154} WARNING - 
[2025-12-05T03:30:28.675+0000] {logging_mixin.py:154} INFO - [I 2025-12-05 03:30:28,674] Trial 24 finished with value: 0.7791044776119403 and parameters: {'max_depth': 14, 'learning_rate': 0.031381695570992706, 'subsample': 0.6182986058471591, 'colsample_bytree': 0.8553673189644329, 'min_child_weight': 6, 'gamma': 0.001635367732353732, 'n_estimators': 492}. Best is trial 17 with value: 0.7887596899224807.
[2025-12-05T03:30:28.675+0000] {logging_mixin.py:154} WARNING - Best trial: 17. Best value: 0.78876:  48%|####8     | 24/50 [00:11<00:12,  2.02it/s, 10.54/60 seconds]
[2025-12-05T03:30:28.675+0000] {logging_mixin.py:154} WARNING - Best trial: 17. Best value: 0.78876:  48%|####8     | 24/50 [00:11<00:12,  2.02it/s, 10.54/60 seconds]
[2025-12-05T03:30:28.675+0000] {logging_mixin.py:154} WARNING - Best trial: 17. Best value: 0.78876:  50%|#####     | 25/50 [00:11<00:14,  1.69it/s, 10.54/60 seconds]
[2025-12-05T03:30:28.675+0000] {logging_mixin.py:154} WARNING - Best trial: 17. Best value: 0.78876:  50%|#####     | 25/50 [00:11<00:14,  1.69it/s, 11.36/60 seconds]
[2025-12-05T03:30:28.967+0000] {logging_mixin.py:154} WARNING -                                                                                                       
[2025-12-05T03:30:28.968+0000] {logging_mixin.py:154} WARNING - 
[2025-12-05T03:30:28.968+0000] {logging_mixin.py:154} INFO - [I 2025-12-05 03:30:28,967] Trial 25 finished with value: 0.7800869985500241 and parameters: {'max_depth': 6, 'learning_rate': 0.02092343048029238, 'subsample': 0.5687015336457728, 'colsample_bytree': 0.7785521597266201, 'min_child_weight': 3, 'gamma': 0.43981942047821043, 'n_estimators': 247}. Best is trial 17 with value: 0.7887596899224807.
[2025-12-05T03:30:28.968+0000] {logging_mixin.py:154} WARNING - Best trial: 17. Best value: 0.78876:  50%|#####     | 25/50 [00:11<00:14,  1.69it/s, 11.36/60 seconds]
[2025-12-05T03:30:28.968+0000] {logging_mixin.py:154} WARNING - Best trial: 17. Best value: 0.78876:  50%|#####     | 25/50 [00:11<00:14,  1.69it/s, 11.36/60 seconds]
[2025-12-05T03:30:28.968+0000] {logging_mixin.py:154} WARNING - Best trial: 17. Best value: 0.78876:  52%|#####2    | 26/50 [00:11<00:12,  1.99it/s, 11.36/60 seconds]
[2025-12-05T03:30:28.968+0000] {logging_mixin.py:154} WARNING - Best trial: 17. Best value: 0.78876:  52%|#####2    | 26/50 [00:11<00:12,  1.99it/s, 11.65/60 seconds]
[2025-12-05T03:30:29.161+0000] {logging_mixin.py:154} WARNING -                                                                                                       
[2025-12-05T03:30:29.162+0000] {logging_mixin.py:154} WARNING - 
[2025-12-05T03:30:29.162+0000] {logging_mixin.py:154} INFO - [I 2025-12-05 03:30:29,161] Trial 26 finished with value: 0.7764932562620424 and parameters: {'max_depth': 8, 'learning_rate': 0.015770022257094406, 'subsample': 0.6807479867735176, 'colsample_bytree': 0.9171348486616118, 'min_child_weight': 9, 'gamma': 1.0550802462184825, 'n_estimators': 162}. Best is trial 17 with value: 0.7887596899224807.
[2025-12-05T03:30:29.162+0000] {logging_mixin.py:154} WARNING - Best trial: 17. Best value: 0.78876:  52%|#####2    | 26/50 [00:11<00:12,  1.99it/s, 11.65/60 seconds]
[2025-12-05T03:30:29.162+0000] {logging_mixin.py:154} WARNING - Best trial: 17. Best value: 0.78876:  52%|#####2    | 26/50 [00:11<00:12,  1.99it/s, 11.65/60 seconds]
[2025-12-05T03:30:29.162+0000] {logging_mixin.py:154} WARNING - Best trial: 17. Best value: 0.78876:  54%|#####4    | 27/50 [00:11<00:09,  2.43it/s, 11.65/60 seconds]
[2025-12-05T03:30:29.162+0000] {logging_mixin.py:154} WARNING - Best trial: 17. Best value: 0.78876:  54%|#####4    | 27/50 [00:11<00:09,  2.43it/s, 11.85/60 seconds]
[2025-12-05T03:30:31.675+0000] {logging_mixin.py:154} WARNING -                                                                                                       
[2025-12-05T03:30:31.676+0000] {logging_mixin.py:154} WARNING - 
