[2025-12-05T03:30:40.542+0000] {logging_mixin.py:154} INFO - [I 2025-12-05 03:30:40,542] Trial 43 finished with value: 0.7860600193610843 and parameters: {'max_depth': 13, 'learning_rate': 0.02414723079072681, 'subsample': 0.6279031443502773, 'colsample_bytree': 0.7151111083089366, 'min_child_weight': 4, 'gamma': 1.8721649724823046, 'n_estimators': 375}. Best is trial 40 with value: 0.792653455775737.
[2025-12-05T03:30:40.542+0000] {logging_mixin.py:154} WARNING - Best trial: 40. Best value: 0.792653:  86%|########6 | 43/50 [00:23<00:02,  2.34it/s, 22.89/60 seconds]
[2025-12-05T03:30:40.543+0000] {logging_mixin.py:154} WARNING - Best trial: 40. Best value: 0.792653:  86%|########6 | 43/50 [00:23<00:02,  2.34it/s, 22.89/60 seconds]
[2025-12-05T03:30:40.543+0000] {logging_mixin.py:154} WARNING - Best trial: 40. Best value: 0.792653:  88%|########8 | 44/50 [00:23<00:02,  2.50it/s, 22.89/60 seconds]
[2025-12-05T03:30:40.543+0000] {logging_mixin.py:154} WARNING - Best trial: 40. Best value: 0.792653:  88%|########8 | 44/50 [00:23<00:02,  2.50it/s, 23.23/60 seconds]
[2025-12-05T03:30:40.834+0000] {logging_mixin.py:154} WARNING -                                                                                                        
[2025-12-05T03:30:40.835+0000] {logging_mixin.py:154} WARNING - 
[2025-12-05T03:30:40.835+0000] {logging_mixin.py:154} INFO - [I 2025-12-05 03:30:40,834] Trial 44 finished with value: 0.7932038834951456 and parameters: {'max_depth': 12, 'learning_rate': 0.029325786613753443, 'subsample': 0.5927687352908736, 'colsample_bytree': 0.7381454770532535, 'min_child_weight': 3, 'gamma': 1.5241891840668735, 'n_estimators': 290}. Best is trial 44 with value: 0.7932038834951456.
[2025-12-05T03:30:40.835+0000] {logging_mixin.py:154} WARNING - Best trial: 40. Best value: 0.792653:  88%|########8 | 44/50 [00:23<00:02,  2.50it/s, 23.23/60 seconds]
[2025-12-05T03:30:40.835+0000] {logging_mixin.py:154} WARNING - Best trial: 44. Best value: 0.793204:  88%|########8 | 44/50 [00:23<00:02,  2.50it/s, 23.23/60 seconds]
[2025-12-05T03:30:40.835+0000] {logging_mixin.py:154} WARNING - Best trial: 44. Best value: 0.793204:  90%|######### | 45/50 [00:23<00:01,  2.72it/s, 23.23/60 seconds]
[2025-12-05T03:30:40.835+0000] {logging_mixin.py:154} WARNING - Best trial: 44. Best value: 0.793204:  90%|######### | 45/50 [00:23<00:01,  2.72it/s, 23.52/60 seconds]
[2025-12-05T03:30:41.416+0000] {logging_mixin.py:154} WARNING -                                                                                                        
[2025-12-05T03:30:41.416+0000] {logging_mixin.py:154} WARNING - 
[2025-12-05T03:30:41.416+0000] {logging_mixin.py:154} INFO - [I 2025-12-05 03:30:41,416] Trial 45 finished with value: 0.7865497076023393 and parameters: {'max_depth': 12, 'learning_rate': 0.03224982047981424, 'subsample': 0.599230638856677, 'colsample_bytree': 0.7096763211890253, 'min_child_weight': 3, 'gamma': 1.4634366073452725, 'n_estimators': 295}. Best is trial 44 with value: 0.7932038834951456.
[2025-12-05T03:30:41.417+0000] {logging_mixin.py:154} WARNING - Best trial: 44. Best value: 0.793204:  90%|######### | 45/50 [00:24<00:01,  2.72it/s, 23.52/60 seconds]
[2025-12-05T03:30:41.417+0000] {logging_mixin.py:154} WARNING - Best trial: 44. Best value: 0.793204:  90%|######### | 45/50 [00:24<00:01,  2.72it/s, 23.52/60 seconds]
[2025-12-05T03:30:41.417+0000] {logging_mixin.py:154} WARNING - Best trial: 44. Best value: 0.793204:  92%|#########2| 46/50 [00:24<00:01,  2.31it/s, 23.52/60 seconds]
[2025-12-05T03:30:41.417+0000] {logging_mixin.py:154} WARNING - Best trial: 44. Best value: 0.793204:  92%|#########2| 46/50 [00:24<00:01,  2.31it/s, 24.10/60 seconds]
[2025-12-05T03:30:41.555+0000] {logging_mixin.py:154} WARNING -                                                                                                        
[2025-12-05T03:30:41.556+0000] {logging_mixin.py:154} WARNING - 
[2025-12-05T03:30:41.556+0000] {logging_mixin.py:154} INFO - [I 2025-12-05 03:30:41,555] Trial 46 finished with value: 0.7817652764306499 and parameters: {'max_depth': 14, 'learning_rate': 0.029757183398089693, 'subsample': 0.6626215852536423, 'colsample_bytree': 0.6494163889034418, 'min_child_weight': 2, 'gamma': 0.8325714146998169, 'n_estimators': 98}. Best is trial 44 with value: 0.7932038834951456.
[2025-12-05T03:30:41.556+0000] {logging_mixin.py:154} WARNING - Best trial: 44. Best value: 0.793204:  92%|#########2| 46/50 [00:24<00:01,  2.31it/s, 24.10/60 seconds]
[2025-12-05T03:30:41.556+0000] {logging_mixin.py:154} WARNING - Best trial: 44. Best value: 0.793204:  92%|#########2| 46/50 [00:24<00:01,  2.31it/s, 24.10/60 seconds]
[2025-12-05T03:30:41.556+0000] {logging_mixin.py:154} WARNING - Best trial: 44. Best value: 0.793204:  94%|#########3| 47/50 [00:24<00:01,  2.90it/s, 24.10/60 seconds]
[2025-12-05T03:30:41.557+0000] {logging_mixin.py:154} WARNING - Best trial: 44. Best value: 0.793204:  94%|#########3| 47/50 [00:24<00:01,  2.90it/s, 24.24/60 seconds]
[2025-12-05T03:30:43.118+0000] {logging_mixin.py:154} WARNING -                                                                                                        
[2025-12-05T03:30:43.119+0000] {logging_mixin.py:154} WARNING - 
[2025-12-05T03:30:43.119+0000] {logging_mixin.py:154} INFO - [I 2025-12-05 03:30:43,118] Trial 47 finished with value: 0.7873170731707317 and parameters: {'max_depth': 12, 'learning_rate': 0.021281641878769724, 'subsample': 0.595375256048349, 'colsample_bytree': 0.7508633374165202, 'min_child_weight': 3, 'gamma': 1.0887592457172885, 'n_estimators': 330}. Best is trial 44 with value: 0.7932038834951456.
[2025-12-05T03:30:43.119+0000] {logging_mixin.py:154} WARNING - Best trial: 44. Best value: 0.793204:  94%|#########3| 47/50 [00:25<00:01,  2.90it/s, 24.24/60 seconds]
[2025-12-05T03:30:43.119+0000] {logging_mixin.py:154} WARNING - Best trial: 44. Best value: 0.793204:  94%|#########3| 47/50 [00:25<00:01,  2.90it/s, 24.24/60 seconds]
[2025-12-05T03:30:43.119+0000] {logging_mixin.py:154} WARNING - Best trial: 44. Best value: 0.793204:  96%|#########6| 48/50 [00:25<00:01,  1.41it/s, 24.24/60 seconds]
[2025-12-05T03:30:43.120+0000] {logging_mixin.py:154} WARNING - Best trial: 44. Best value: 0.793204:  96%|#########6| 48/50 [00:25<00:01,  1.41it/s, 25.80/60 seconds]
[2025-12-05T03:30:43.445+0000] {logging_mixin.py:154} WARNING -                                                                                                        
[2025-12-05T03:30:43.446+0000] {logging_mixin.py:154} WARNING - 
[2025-12-05T03:30:43.446+0000] {logging_mixin.py:154} INFO - [I 2025-12-05 03:30:43,445] Trial 48 finished with value: 0.7892156862745098 and parameters: {'max_depth': 13, 'learning_rate': 0.049216938533673864, 'subsample': 0.5798352609227864, 'colsample_bytree': 0.6945545089029195, 'min_child_weight': 1, 'gamma': 1.4399744951980828, 'n_estimators': 271}. Best is trial 44 with value: 0.7932038834951456.
[2025-12-05T03:30:43.446+0000] {logging_mixin.py:154} WARNING - Best trial: 44. Best value: 0.793204:  96%|#########6| 48/50 [00:26<00:01,  1.41it/s, 25.80/60 seconds]
[2025-12-05T03:30:43.446+0000] {logging_mixin.py:154} WARNING - Best trial: 44. Best value: 0.793204:  96%|#########6| 48/50 [00:26<00:01,  1.41it/s, 25.80/60 seconds]
[2025-12-05T03:30:43.446+0000] {logging_mixin.py:154} WARNING - Best trial: 44. Best value: 0.793204:  98%|#########8| 49/50 [00:26<00:00,  1.68it/s, 25.80/60 seconds]
[2025-12-05T03:30:43.446+0000] {logging_mixin.py:154} WARNING - Best trial: 44. Best value: 0.793204:  98%|#########8| 49/50 [00:26<00:00,  1.68it/s, 26.13/60 seconds]
[2025-12-05T03:30:43.823+0000] {logging_mixin.py:154} WARNING -                                                                                                        
[2025-12-05T03:30:43.823+0000] {logging_mixin.py:154} WARNING - 
