[2025-11-17T18:05:38.014+0000] {logging_mixin.py:154} INFO - [I 2025-11-17 18:05:38,013] Trial 36 finished with value: 0.813299232736573 and parameters: {'max_depth': 11, 'learning_rate': 0.2963100602215893, 'subsample': 0.653057267208021, 'colsample_bytree': 0.7567578866733125, 'min_child_weight': 7, 'gamma': 2.154499119672563, 'n_estimators': 339}. Best is trial 23 with value: 0.821969696969697.
[2025-11-17T18:05:38.014+0000] {logging_mixin.py:154} WARNING - Best trial: 23. Best value: 0.82197:  72%|#######2  | 36/50 [00:22<00:09,  1.42it/s]
[2025-11-17T18:05:38.014+0000] {logging_mixin.py:154} WARNING - Best trial: 23. Best value: 0.82197:  72%|#######2  | 36/50 [00:22<00:09,  1.42it/s]
[2025-11-17T18:05:38.014+0000] {logging_mixin.py:154} WARNING - Best trial: 23. Best value: 0.82197:  74%|#######4  | 37/50 [00:22<00:07,  1.65it/s]
[2025-11-17T18:05:38.272+0000] {logging_mixin.py:154} WARNING -                                                                                     
[2025-11-17T18:05:38.272+0000] {logging_mixin.py:154} WARNING - 
[2025-11-17T18:05:38.272+0000] {logging_mixin.py:154} INFO - [I 2025-11-17 18:05:38,272] Trial 37 finished with value: 0.8094327597195666 and parameters: {'max_depth': 14, 'learning_rate': 0.23266711863669523, 'subsample': 0.6721922480853463, 'colsample_bytree': 0.7742848282531624, 'min_child_weight': 8, 'gamma': 2.374698518798211, 'n_estimators': 342}. Best is trial 23 with value: 0.821969696969697.
[2025-11-17T18:05:38.272+0000] {logging_mixin.py:154} WARNING - Best trial: 23. Best value: 0.82197:  74%|#######4  | 37/50 [00:22<00:07,  1.65it/s]
[2025-11-17T18:05:38.273+0000] {logging_mixin.py:154} WARNING - Best trial: 23. Best value: 0.82197:  74%|#######4  | 37/50 [00:22<00:07,  1.65it/s]
[2025-11-17T18:05:38.273+0000] {logging_mixin.py:154} WARNING - Best trial: 23. Best value: 0.82197:  76%|#######6  | 38/50 [00:22<00:06,  1.99it/s]
[2025-11-17T18:05:38.780+0000] {logging_mixin.py:154} WARNING -                                                                                     
[2025-11-17T18:05:38.780+0000] {logging_mixin.py:154} WARNING - 
[2025-11-17T18:05:38.780+0000] {logging_mixin.py:154} INFO - [I 2025-11-17 18:05:38,779] Trial 38 finished with value: 0.821656050955414 and parameters: {'max_depth': 10, 'learning_rate': 0.2554280605726185, 'subsample': 0.681876037889931, 'colsample_bytree': 0.8115270368991969, 'min_child_weight': 5, 'gamma': 2.278129089208386, 'n_estimators': 401}. Best is trial 23 with value: 0.821969696969697.
[2025-11-17T18:05:38.780+0000] {logging_mixin.py:154} WARNING - Best trial: 23. Best value: 0.82197:  76%|#######6  | 38/50 [00:23<00:06,  1.99it/s]
[2025-11-17T18:05:38.780+0000] {logging_mixin.py:154} WARNING - Best trial: 23. Best value: 0.82197:  76%|#######6  | 38/50 [00:23<00:06,  1.99it/s]
[2025-11-17T18:05:38.781+0000] {logging_mixin.py:154} WARNING - Best trial: 23. Best value: 0.82197:  78%|#######8  | 39/50 [00:23<00:05,  1.98it/s]
[2025-11-17T18:05:39.221+0000] {logging_mixin.py:154} WARNING -                                                                                     
[2025-11-17T18:05:39.222+0000] {logging_mixin.py:154} WARNING - 
[2025-11-17T18:05:39.222+0000] {logging_mixin.py:154} INFO - [I 2025-11-17 18:05:39,221] Trial 39 finished with value: 0.8120590121872996 and parameters: {'max_depth': 11, 'learning_rate': 0.2535933616755778, 'subsample': 0.6818133317735567, 'colsample_bytree': 0.8004492118250908, 'min_child_weight': 5, 'gamma': 1.6933918169389515, 'n_estimators': 416}. Best is trial 23 with value: 0.821969696969697.
[2025-11-17T18:05:39.222+0000] {logging_mixin.py:154} WARNING - Best trial: 23. Best value: 0.82197:  78%|#######8  | 39/50 [00:23<00:05,  1.98it/s]
[2025-11-17T18:05:39.222+0000] {logging_mixin.py:154} WARNING - Best trial: 23. Best value: 0.82197:  78%|#######8  | 39/50 [00:23<00:05,  1.98it/s]
[2025-11-17T18:05:39.222+0000] {logging_mixin.py:154} WARNING - Best trial: 23. Best value: 0.82197:  80%|########  | 40/50 [00:23<00:04,  2.06it/s]
[2025-11-17T18:05:40.724+0000] {logging_mixin.py:154} WARNING -                                                                                     
[2025-11-17T18:05:40.724+0000] {logging_mixin.py:154} WARNING - 
[2025-11-17T18:05:40.725+0000] {logging_mixin.py:154} INFO - [I 2025-11-17 18:05:40,724] Trial 40 finished with value: 0.8220392653578213 and parameters: {'max_depth': 13, 'learning_rate': 0.26586927779980185, 'subsample': 0.7327028329245603, 'colsample_bytree': 0.7553147829342944, 'min_child_weight': 5, 'gamma': 2.1460534570210203, 'n_estimators': 400}. Best is trial 40 with value: 0.8220392653578213.
[2025-11-17T18:05:40.725+0000] {logging_mixin.py:154} WARNING - Best trial: 23. Best value: 0.82197:  80%|########  | 40/50 [00:24<00:04,  2.06it/s]
[2025-11-17T18:05:40.725+0000] {logging_mixin.py:154} WARNING - Best trial: 40. Best value: 0.822039:  80%|########  | 40/50 [00:24<00:04,  2.06it/s]
[2025-11-17T18:05:40.726+0000] {logging_mixin.py:154} WARNING - Best trial: 40. Best value: 0.822039:  82%|########2 | 41/50 [00:24<00:07,  1.27it/s]
[2025-11-17T18:05:41.408+0000] {logging_mixin.py:154} WARNING -                                                                                      
[2025-11-17T18:05:41.408+0000] {logging_mixin.py:154} WARNING - 
[2025-11-17T18:05:41.408+0000] {logging_mixin.py:154} INFO - [I 2025-11-17 18:05:41,408] Trial 41 finished with value: 0.8183556405353728 and parameters: {'max_depth': 15, 'learning_rate': 0.25013469169721997, 'subsample': 0.7345147004752268, 'colsample_bytree': 0.7555957737579784, 'min_child_weight': 5, 'gamma': 2.149765539215033, 'n_estimators': 455}. Best is trial 40 with value: 0.8220392653578213.
[2025-11-17T18:05:41.408+0000] {logging_mixin.py:154} WARNING - Best trial: 40. Best value: 0.822039:  82%|########2 | 41/50 [00:25<00:07,  1.27it/s]
[2025-11-17T18:05:41.409+0000] {logging_mixin.py:154} WARNING - Best trial: 40. Best value: 0.822039:  82%|########2 | 41/50 [00:25<00:07,  1.27it/s]
[2025-11-17T18:05:41.409+0000] {logging_mixin.py:154} WARNING - Best trial: 40. Best value: 0.822039:  84%|########4 | 42/50 [00:25<00:06,  1.32it/s]
[2025-11-17T18:05:42.209+0000] {logging_mixin.py:154} WARNING -                                                                                      
[2025-11-17T18:05:42.209+0000] {logging_mixin.py:154} WARNING - 
[2025-11-17T18:05:42.209+0000] {logging_mixin.py:154} INFO - [I 2025-11-17 18:05:42,208] Trial 42 finished with value: 0.8218829516539441 and parameters: {'max_depth': 12, 'learning_rate': 0.2925670466901754, 'subsample': 0.7004119939656738, 'colsample_bytree': 0.7180287079552196, 'min_child_weight': 5, 'gamma': 2.692304448914865, 'n_estimators': 393}. Best is trial 40 with value: 0.8220392653578213.
[2025-11-17T18:05:42.209+0000] {logging_mixin.py:154} WARNING - Best trial: 40. Best value: 0.822039:  84%|########4 | 42/50 [00:26<00:06,  1.32it/s]
[2025-11-17T18:05:42.209+0000] {logging_mixin.py:154} WARNING - Best trial: 40. Best value: 0.822039:  84%|########4 | 42/50 [00:26<00:06,  1.32it/s]
[2025-11-17T18:05:42.210+0000] {logging_mixin.py:154} WARNING - Best trial: 40. Best value: 0.822039:  86%|########6 | 43/50 [00:26<00:05,  1.30it/s]
[2025-11-17T18:05:42.865+0000] {logging_mixin.py:154} WARNING -                                                                                      
[2025-11-17T18:05:42.866+0000] {logging_mixin.py:154} WARNING - 
[2025-11-17T18:05:42.866+0000] {logging_mixin.py:154} INFO - [I 2025-11-17 18:05:42,865] Trial 43 finished with value: 0.8188175460902732 and parameters: {'max_depth': 13, 'learning_rate': 0.2451212494849401, 'subsample': 0.763742856000698, 'colsample_bytree': 0.7122156334140124, 'min_child_weight': 5, 'gamma': 2.7214281591452054, 'n_estimators': 389}. Best is trial 40 with value: 0.8220392653578213.
[2025-11-17T18:05:42.866+0000] {logging_mixin.py:154} WARNING - Best trial: 40. Best value: 0.822039:  86%|########6 | 43/50 [00:27<00:05,  1.30it/s]
[2025-11-17T18:05:42.866+0000] {logging_mixin.py:154} WARNING - Best trial: 40. Best value: 0.822039:  86%|########6 | 43/50 [00:27<00:05,  1.30it/s]
[2025-11-17T18:05:42.866+0000] {logging_mixin.py:154} WARNING - Best trial: 40. Best value: 0.822039:  88%|########8 | 44/50 [00:27<00:04,  1.36it/s]
[2025-11-17T18:05:43.293+0000] {logging_mixin.py:154} WARNING -                                                                                      
[2025-11-17T18:05:43.293+0000] {logging_mixin.py:154} WARNING - 
[2025-11-17T18:05:43.293+0000] {logging_mixin.py:154} INFO - [I 2025-11-17 18:05:43,293] Trial 44 finished with value: 0.8131443298969073 and parameters: {'max_depth': 12, 'learning_rate': 0.1874947988598784, 'subsample': 0.6987242864248353, 'colsample_bytree': 0.8128755916866788, 'min_child_weight': 5, 'gamma': 1.4894238971386666, 'n_estimators': 451}. Best is trial 40 with value: 0.8220392653578213.
[2025-11-17T18:05:43.293+0000] {logging_mixin.py:154} WARNING - Best trial: 40. Best value: 0.822039:  88%|########8 | 44/50 [00:27<00:04,  1.36it/s]
[2025-11-17T18:05:43.294+0000] {logging_mixin.py:154} WARNING - Best trial: 40. Best value: 0.822039:  88%|########8 | 44/50 [00:27<00:04,  1.36it/s]
[2025-11-17T18:05:43.294+0000] {logging_mixin.py:154} WARNING - Best trial: 40. Best value: 0.822039:  90%|######### | 45/50 [00:27<00:03,  1.55it/s]
[2025-11-17T18:05:43.652+0000] {logging_mixin.py:154} WARNING -                                                                                      
[2025-11-17T18:05:43.652+0000] {logging_mixin.py:154} WARNING - 
[2025-11-17T18:05:43.652+0000] {logging_mixin.py:154} INFO - [I 2025-11-17 18:05:43,651] Trial 45 finished with value: 0.8214285714285714 and parameters: {'max_depth': 12, 'learning_rate': 0.20138937588080424, 'subsample': 0.7193506642360497, 'colsample_bytree': 0.7424854810677134, 'min_child_weight': 5, 'gamma': 2.000163345932357, 'n_estimators': 397}. Best is trial 40 with value: 0.8220392653578213.
[2025-11-17T18:05:43.652+0000] {logging_mixin.py:154} WARNING - Best trial: 40. Best value: 0.822039:  90%|######### | 45/50 [00:27<00:03,  1.55it/s]
[2025-11-17T18:05:43.653+0000] {logging_mixin.py:154} WARNING - Best trial: 40. Best value: 0.822039:  90%|######### | 45/50 [00:27<00:03,  1.55it/s]
[2025-11-17T18:05:43.653+0000] {logging_mixin.py:154} WARNING - Best trial: 40. Best value: 0.822039:  92%|#########2| 46/50 [00:27<00:02,  1.79it/s]
[2025-11-17T18:05:43.940+0000] {logging_mixin.py:154} WARNING -                                                                                      
[2025-11-17T18:05:43.940+0000] {logging_mixin.py:154} WARNING - 
[2025-11-17T18:05:43.940+0000] {logging_mixin.py:154} INFO - [I 2025-11-17 18:05:43,940] Trial 46 finished with value: 0.8089743589743589 and parameters: {'max_depth': 13, 'learning_rate': 0.2075696182297025, 'subsample': 0.8052721759516217, 'colsample_bytree': 0.6841787747408874, 'min_child_weight': 4, 'gamma': 1.1942900145019897, 'n_estimators': 438}. Best is trial 40 with value: 0.8220392653578213.
[2025-11-17T18:05:43.940+0000] {logging_mixin.py:154} WARNING - Best trial: 40. Best value: 0.822039:  92%|#########2| 46/50 [00:28<00:02,  1.79it/s]
[2025-11-17T18:05:43.940+0000] {logging_mixin.py:154} WARNING - Best trial: 40. Best value: 0.822039:  92%|#########2| 46/50 [00:28<00:02,  1.79it/s]
[2025-11-17T18:05:43.941+0000] {logging_mixin.py:154} WARNING - Best trial: 40. Best value: 0.822039:  94%|#########3| 47/50 [00:28<00:01,  2.09it/s]
[2025-11-17T18:05:44.692+0000] {logging_mixin.py:154} WARNING -                                                                                      
[2025-11-17T18:05:44.692+0000] {logging_mixin.py:154} WARNING - 
[2025-11-17T18:05:44.693+0000] {logging_mixin.py:154} INFO - [I 2025-11-17 18:05:44,692] Trial 47 finished with value: 0.814102564102564 and parameters: {'max_depth': 12, 'learning_rate': 0.26952685035327767, 'subsample': 0.7209997580175973, 'colsample_bytree': 0.7454774168876486, 'min_child_weight': 5, 'gamma': 1.7684070340012097, 'n_estimators': 476}. Best is trial 40 with value: 0.8220392653578213.
[2025-11-17T18:05:44.693+0000] {logging_mixin.py:154} WARNING - Best trial: 40. Best value: 0.822039:  94%|#########3| 47/50 [00:28<00:01,  2.09it/s]
[2025-11-17T18:05:44.693+0000] {logging_mixin.py:154} WARNING - Best trial: 40. Best value: 0.822039:  94%|#########3| 47/50 [00:28<00:01,  2.09it/s]
[2025-11-17T18:05:44.693+0000] {logging_mixin.py:154} WARNING - Best trial: 40. Best value: 0.822039:  96%|#########6| 48/50 [00:28<00:01,  1.79it/s]
[2025-11-17T18:05:45.140+0000] {logging_mixin.py:154} WARNING -                                                                                      
[2025-11-17T18:05:45.140+0000] {logging_mixin.py:154} WARNING - 
[2025-11-17T18:05:45.140+0000] {logging_mixin.py:154} INFO - [I 2025-11-17 18:05:45,139] Trial 48 finished with value: 0.8152380952380953 and parameters: {'max_depth': 14, 'learning_rate': 0.2590631952856443, 'subsample': 0.7867321178073314, 'colsample_bytree': 0.7391473752717871, 'min_child_weight': 10, 'gamma': 2.0692191227788066, 'n_estimators': 395}. Best is trial 40 with value: 0.8220392653578213.
[2025-11-17T18:05:45.140+0000] {logging_mixin.py:154} WARNING - Best trial: 40. Best value: 0.822039:  96%|#########6| 48/50 [00:29<00:01,  1.79it/s]
[2025-11-17T18:05:45.140+0000] {logging_mixin.py:154} WARNING - Best trial: 40. Best value: 0.822039:  96%|#########6| 48/50 [00:29<00:01,  1.79it/s]
[2025-11-17T18:05:45.141+0000] {logging_mixin.py:154} WARNING - Best trial: 40. Best value: 0.822039:  98%|#########8| 49/50 [00:29<00:00,  1.90it/s]
[2025-11-17T18:05:47.936+0000] {logging_mixin.py:154} WARNING -                                                                                      
[2025-11-17T18:05:47.937+0000] {logging_mixin.py:154} WARNING - 
