[2025-11-18T01:32:29.064+0000] {logging_mixin.py:154} INFO - [I 2025-11-18 01:32:29,063] Trial 13 finished with value: 0.7969543147208122 and parameters: {'max_depth': 8, 'learning_rate': 0.04002834754638359, 'subsample': 0.748020656084857, 'colsample_bytree': 0.5890641831958864, 'min_child_weight': 10, 'gamma': 1.7472912901066726, 'n_estimators': 499}. Best is trial 9 with value: 0.802295918367347.
[2025-11-18T01:32:29.064+0000] {logging_mixin.py:154} WARNING - Best trial: 9. Best value: 0.802296:  26%|##6       | 13/50 [00:06<00:16,  2.28it/s]
[2025-11-18T01:32:29.064+0000] {logging_mixin.py:154} WARNING - Best trial: 9. Best value: 0.802296:  26%|##6       | 13/50 [00:06<00:16,  2.28it/s]
[2025-11-18T01:32:29.064+0000] {logging_mixin.py:154} WARNING - Best trial: 9. Best value: 0.802296:  28%|##8       | 14/50 [00:06<00:15,  2.38it/s]
[2025-11-18T01:32:29.530+0000] {logging_mixin.py:154} WARNING -                                                                                     
[2025-11-18T01:32:29.531+0000] {logging_mixin.py:154} WARNING - 
[2025-11-18T01:32:29.531+0000] {logging_mixin.py:154} INFO - [I 2025-11-18 01:32:29,530] Trial 14 finished with value: 0.7862694300518136 and parameters: {'max_depth': 12, 'learning_rate': 0.09465946337743743, 'subsample': 0.9318657440733, 'colsample_bytree': 0.5012553993955753, 'min_child_weight': 7, 'gamma': 0.1795351823831436, 'n_estimators': 360}. Best is trial 9 with value: 0.802295918367347.
[2025-11-18T01:32:29.531+0000] {logging_mixin.py:154} WARNING - Best trial: 9. Best value: 0.802296:  28%|##8       | 14/50 [00:06<00:15,  2.38it/s]
[2025-11-18T01:32:29.531+0000] {logging_mixin.py:154} WARNING - Best trial: 9. Best value: 0.802296:  28%|##8       | 14/50 [00:06<00:15,  2.38it/s]
[2025-11-18T01:32:29.531+0000] {logging_mixin.py:154} WARNING - Best trial: 9. Best value: 0.802296:  30%|###       | 15/50 [00:06<00:15,  2.30it/s]
[2025-11-18T01:32:29.741+0000] {logging_mixin.py:154} WARNING -                                                                                     
[2025-11-18T01:32:29.742+0000] {logging_mixin.py:154} WARNING - 
[2025-11-18T01:32:29.742+0000] {logging_mixin.py:154} INFO - [I 2025-11-18 01:32:29,741] Trial 15 finished with value: 0.7899371069182389 and parameters: {'max_depth': 7, 'learning_rate': 0.010457065772553613, 'subsample': 0.7762460564116191, 'colsample_bytree': 0.6500599391804969, 'min_child_weight': 8, 'gamma': 1.8694954037778246, 'n_estimators': 200}. Best is trial 9 with value: 0.802295918367347.
[2025-11-18T01:32:29.742+0000] {logging_mixin.py:154} WARNING - Best trial: 9. Best value: 0.802296:  30%|###       | 15/50 [00:07<00:15,  2.30it/s]
[2025-11-18T01:32:29.742+0000] {logging_mixin.py:154} WARNING - Best trial: 9. Best value: 0.802296:  30%|###       | 15/50 [00:07<00:15,  2.30it/s]
[2025-11-18T01:32:29.742+0000] {logging_mixin.py:154} WARNING - Best trial: 9. Best value: 0.802296:  32%|###2      | 16/50 [00:07<00:12,  2.73it/s]
[2025-11-18T01:32:31.886+0000] {logging_mixin.py:154} WARNING -                                                                                     
[2025-11-18T01:32:31.886+0000] {logging_mixin.py:154} WARNING - 
[2025-11-18T01:32:31.886+0000] {logging_mixin.py:154} INFO - [I 2025-11-18 01:32:31,886] Trial 16 finished with value: 0.8038216560509555 and parameters: {'max_depth': 11, 'learning_rate': 0.03703772238189893, 'subsample': 0.9158022566129167, 'colsample_bytree': 0.5587404371074098, 'min_child_weight': 9, 'gamma': 0.7364943416771574, 'n_estimators': 439}. Best is trial 16 with value: 0.8038216560509555.
[2025-11-18T01:32:31.886+0000] {logging_mixin.py:154} WARNING - Best trial: 9. Best value: 0.802296:  32%|###2      | 16/50 [00:09<00:12,  2.73it/s]
[2025-11-18T01:32:31.887+0000] {logging_mixin.py:154} WARNING - Best trial: 16. Best value: 0.803822:  32%|###2      | 16/50 [00:09<00:12,  2.73it/s]
[2025-11-18T01:32:31.887+0000] {logging_mixin.py:154} WARNING - Best trial: 16. Best value: 0.803822:  34%|###4      | 17/50 [00:09<00:29,  1.11it/s]
[2025-11-18T01:32:32.251+0000] {logging_mixin.py:154} WARNING -                                                                                      
[2025-11-18T01:32:32.251+0000] {logging_mixin.py:154} WARNING - 
[2025-11-18T01:32:32.251+0000] {logging_mixin.py:154} INFO - [I 2025-11-18 01:32:32,251] Trial 17 finished with value: 0.7999999999999999 and parameters: {'max_depth': 11, 'learning_rate': 0.03228207355898402, 'subsample': 0.8314102086870525, 'colsample_bytree': 0.6597747511818023, 'min_child_weight': 9, 'gamma': 0.8560616035329855, 'n_estimators': 441}. Best is trial 16 with value: 0.8038216560509555.
[2025-11-18T01:32:32.251+0000] {logging_mixin.py:154} WARNING - Best trial: 16. Best value: 0.803822:  34%|###4      | 17/50 [00:09<00:29,  1.11it/s]
[2025-11-18T01:32:32.251+0000] {logging_mixin.py:154} WARNING - Best trial: 16. Best value: 0.803822:  34%|###4      | 17/50 [00:09<00:29,  1.11it/s]
[2025-11-18T01:32:32.251+0000] {logging_mixin.py:154} WARNING - Best trial: 16. Best value: 0.803822:  36%|###6      | 18/50 [00:09<00:23,  1.35it/s]
[2025-11-18T01:32:32.572+0000] {logging_mixin.py:154} WARNING -                                                                                      
[2025-11-18T01:32:32.573+0000] {logging_mixin.py:154} WARNING - 
[2025-11-18T01:32:32.573+0000] {logging_mixin.py:154} INFO - [I 2025-11-18 01:32:32,572] Trial 18 finished with value: 0.801010739102969 and parameters: {'max_depth': 15, 'learning_rate': 0.018325226220449863, 'subsample': 0.920268595864156, 'colsample_bytree': 0.5658026415888999, 'min_child_weight': 9, 'gamma': 2.0592202798349284, 'n_estimators': 211}. Best is trial 16 with value: 0.8038216560509555.
[2025-11-18T01:32:32.573+0000] {logging_mixin.py:154} WARNING - Best trial: 16. Best value: 0.803822:  36%|###6      | 18/50 [00:09<00:23,  1.35it/s]
[2025-11-18T01:32:32.573+0000] {logging_mixin.py:154} WARNING - Best trial: 16. Best value: 0.803822:  36%|###6      | 18/50 [00:09<00:23,  1.35it/s]
[2025-11-18T01:32:32.573+0000] {logging_mixin.py:154} WARNING - Best trial: 16. Best value: 0.803822:  38%|###8      | 19/50 [00:09<00:19,  1.63it/s]
[2025-11-18T01:32:32.859+0000] {logging_mixin.py:154} WARNING -                                                                                      
[2025-11-18T01:32:32.860+0000] {logging_mixin.py:154} WARNING - 
[2025-11-18T01:32:32.860+0000] {logging_mixin.py:154} INFO - [I 2025-11-18 01:32:32,859] Trial 19 finished with value: 0.7984742530197074 and parameters: {'max_depth': 7, 'learning_rate': 0.0793423791839793, 'subsample': 0.7457265639467195, 'colsample_bytree': 0.6371401945264097, 'min_child_weight': 10, 'gamma': 1.1505322625282899, 'n_estimators': 439}. Best is trial 16 with value: 0.8038216560509555.
[2025-11-18T01:32:32.860+0000] {logging_mixin.py:154} WARNING - Best trial: 16. Best value: 0.803822:  38%|###8      | 19/50 [00:10<00:19,  1.63it/s]
[2025-11-18T01:32:32.860+0000] {logging_mixin.py:154} WARNING - Best trial: 16. Best value: 0.803822:  38%|###8      | 19/50 [00:10<00:19,  1.63it/s]
[2025-11-18T01:32:32.860+0000] {logging_mixin.py:154} WARNING - Best trial: 16. Best value: 0.803822:  40%|####      | 20/50 [00:10<00:15,  1.94it/s]
[2025-11-18T01:32:36.666+0000] {logging_mixin.py:154} WARNING -                                                                                      
[2025-11-18T01:32:36.666+0000] {logging_mixin.py:154} WARNING - 
[2025-11-18T01:32:36.666+0000] {logging_mixin.py:154} INFO - [I 2025-11-18 01:32:36,665] Trial 20 finished with value: 0.7873303167420814 and parameters: {'max_depth': 12, 'learning_rate': 0.0358949844934207, 'subsample': 0.8200300495029408, 'colsample_bytree': 0.6994307568140108, 'min_child_weight': 6, 'gamma': 0.4883783734495456, 'n_estimators': 490}. Best is trial 16 with value: 0.8038216560509555.
[2025-11-18T01:32:36.666+0000] {logging_mixin.py:154} WARNING - Best trial: 16. Best value: 0.803822:  40%|####      | 20/50 [00:13<00:15,  1.94it/s]
[2025-11-18T01:32:36.667+0000] {logging_mixin.py:154} WARNING - Best trial: 16. Best value: 0.803822:  40%|####      | 20/50 [00:13<00:15,  1.94it/s]
[2025-11-18T01:32:36.667+0000] {logging_mixin.py:154} WARNING - Best trial: 16. Best value: 0.803822:  42%|####2     | 21/50 [00:13<00:43,  1.50s/it]
[2025-11-18T01:32:37.172+0000] {logging_mixin.py:154} WARNING -                                                                                      
[2025-11-18T01:32:37.172+0000] {logging_mixin.py:154} WARNING - 
[2025-11-18T01:32:37.173+0000] {logging_mixin.py:154} INFO - [I 2025-11-18 01:32:37,172] Trial 21 finished with value: 0.8028259473346179 and parameters: {'max_depth': 9, 'learning_rate': 0.043066667651212115, 'subsample': 0.942305739419524, 'colsample_bytree': 0.5573194938641721, 'min_child_weight': 8, 'gamma': 0.45377261503000543, 'n_estimators': 369}. Best is trial 16 with value: 0.8038216560509555.
[2025-11-18T01:32:37.173+0000] {logging_mixin.py:154} WARNING - Best trial: 16. Best value: 0.803822:  42%|####2     | 21/50 [00:14<00:43,  1.50s/it]
[2025-11-18T01:32:37.173+0000] {logging_mixin.py:154} WARNING - Best trial: 16. Best value: 0.803822:  42%|####2     | 21/50 [00:14<00:43,  1.50s/it]
[2025-11-18T01:32:37.173+0000] {logging_mixin.py:154} WARNING - Best trial: 16. Best value: 0.803822:  44%|####4     | 22/50 [00:14<00:33,  1.20s/it]
[2025-11-18T01:32:37.543+0000] {logging_mixin.py:154} WARNING -                                                                                      
[2025-11-18T01:32:37.543+0000] {logging_mixin.py:154} WARNING - 
[2025-11-18T01:32:37.543+0000] {logging_mixin.py:154} INFO - [I 2025-11-18 01:32:37,543] Trial 22 finished with value: 0.8048315321042594 and parameters: {'max_depth': 8, 'learning_rate': 0.040359456141514524, 'subsample': 0.9206263246539036, 'colsample_bytree': 0.5449522872486244, 'min_child_weight': 8, 'gamma': 0.751691444508812, 'n_estimators': 332}. Best is trial 22 with value: 0.8048315321042594.
[2025-11-18T01:32:37.543+0000] {logging_mixin.py:154} WARNING - Best trial: 16. Best value: 0.803822:  44%|####4     | 22/50 [00:14<00:33,  1.20s/it]
[2025-11-18T01:32:37.543+0000] {logging_mixin.py:154} WARNING - Best trial: 22. Best value: 0.804832:  44%|####4     | 22/50 [00:14<00:33,  1.20s/it]
[2025-11-18T01:32:37.543+0000] {logging_mixin.py:154} WARNING - Best trial: 22. Best value: 0.804832:  46%|####6     | 23/50 [00:14<00:25,  1.05it/s]
[2025-11-18T01:32:37.966+0000] {logging_mixin.py:154} WARNING -                                                                                      
[2025-11-18T01:32:37.967+0000] {logging_mixin.py:154} WARNING - 
[2025-11-18T01:32:37.967+0000] {logging_mixin.py:154} INFO - [I 2025-11-18 01:32:37,966] Trial 23 finished with value: 0.8010236724248241 and parameters: {'max_depth': 10, 'learning_rate': 0.043176737971360485, 'subsample': 0.9402135174480032, 'colsample_bytree': 0.5635029394703334, 'min_child_weight': 8, 'gamma': 0.8008407117565207, 'n_estimators': 333}. Best is trial 22 with value: 0.8048315321042594.
[2025-11-18T01:32:37.967+0000] {logging_mixin.py:154} WARNING - Best trial: 22. Best value: 0.804832:  46%|####6     | 23/50 [00:15<00:25,  1.05it/s]
[2025-11-18T01:32:37.967+0000] {logging_mixin.py:154} WARNING - Best trial: 22. Best value: 0.804832:  46%|####6     | 23/50 [00:15<00:25,  1.05it/s]
[2025-11-18T01:32:37.967+0000] {logging_mixin.py:154} WARNING - Best trial: 22. Best value: 0.804832:  48%|####8     | 24/50 [00:15<00:20,  1.26it/s]
[2025-11-18T01:32:38.152+0000] {logging_mixin.py:154} WARNING -                                                                                      
[2025-11-18T01:32:38.153+0000] {logging_mixin.py:154} WARNING - 
[2025-11-18T01:32:38.153+0000] {logging_mixin.py:154} INFO - [I 2025-11-18 01:32:38,152] Trial 24 finished with value: 0.8005050505050506 and parameters: {'max_depth': 8, 'learning_rate': 0.04052336378781284, 'subsample': 0.8950886266563672, 'colsample_bytree': 0.622883635063563, 'min_child_weight': 6, 'gamma': 1.3557877526082447, 'n_estimators': 335}. Best is trial 22 with value: 0.8048315321042594.
[2025-11-18T01:32:38.153+0000] {logging_mixin.py:154} WARNING - Best trial: 22. Best value: 0.804832:  48%|####8     | 24/50 [00:15<00:20,  1.26it/s]
[2025-11-18T01:32:38.153+0000] {logging_mixin.py:154} WARNING - Best trial: 22. Best value: 0.804832:  48%|####8     | 24/50 [00:15<00:20,  1.26it/s]
[2025-11-18T01:32:38.153+0000] {logging_mixin.py:154} WARNING - Best trial: 22. Best value: 0.804832:  50%|#####     | 25/50 [00:15<00:15,  1.63it/s]
[2025-11-18T01:32:38.378+0000] {logging_mixin.py:154} WARNING -                                                                                      
[2025-11-18T01:32:38.378+0000] {logging_mixin.py:154} WARNING - 
[2025-11-18T01:32:38.379+0000] {logging_mixin.py:154} INFO - [I 2025-11-18 01:32:38,378] Trial 25 finished with value: 0.8010171646535283 and parameters: {'max_depth': 11, 'learning_rate': 0.06035179465852514, 'subsample': 0.9442202267644441, 'colsample_bytree': 0.542237414363943, 'min_child_weight': 8, 'gamma': 0.5984622313098521, 'n_estimators': 244}. Best is trial 22 with value: 0.8048315321042594.
[2025-11-18T01:32:38.379+0000] {logging_mixin.py:154} WARNING - Best trial: 22. Best value: 0.804832:  50%|#####     | 25/50 [00:15<00:15,  1.63it/s]
[2025-11-18T01:32:38.379+0000] {logging_mixin.py:154} WARNING - Best trial: 22. Best value: 0.804832:  50%|#####     | 25/50 [00:15<00:15,  1.63it/s]
[2025-11-18T01:32:38.379+0000] {logging_mixin.py:154} WARNING - Best trial: 22. Best value: 0.804832:  52%|#####2    | 26/50 [00:15<00:11,  2.01it/s]
[2025-11-18T01:32:38.611+0000] {logging_mixin.py:154} WARNING -                                                                                      
[2025-11-18T01:32:38.611+0000] {logging_mixin.py:154} WARNING - 
[2025-11-18T01:32:38.611+0000] {logging_mixin.py:154} INFO - [I 2025-11-18 01:32:38,611] Trial 26 finished with value: 0.8038216560509555 and parameters: {'max_depth': 8, 'learning_rate': 0.06641911495783007, 'subsample': 0.8839869250575327, 'colsample_bytree': 0.5405632146491377, 'min_child_weight': 9, 'gamma': 0.96644750440953, 'n_estimators': 386}. Best is trial 22 with value: 0.8048315321042594.
[2025-11-18T01:32:38.611+0000] {logging_mixin.py:154} WARNING - Best trial: 22. Best value: 0.804832:  52%|#####2    | 26/50 [00:15<00:11,  2.01it/s]
[2025-11-18T01:32:38.612+0000] {logging_mixin.py:154} WARNING - Best trial: 22. Best value: 0.804832:  52%|#####2    | 26/50 [00:15<00:11,  2.01it/s]
[2025-11-18T01:32:38.612+0000] {logging_mixin.py:154} WARNING - Best trial: 22. Best value: 0.804832:  54%|#####4    | 27/50 [00:15<00:09,  2.40it/s]
[2025-11-18T01:32:38.847+0000] {logging_mixin.py:154} WARNING -                                                                                      
[2025-11-18T01:32:38.847+0000] {logging_mixin.py:154} WARNING - 
[2025-11-18T01:32:38.847+0000] {logging_mixin.py:154} INFO - [I 2025-11-18 01:32:38,846] Trial 27 finished with value: 0.7989789406509253 and parameters: {'max_depth': 6, 'learning_rate': 0.1136332963446731, 'subsample': 0.8793125810669065, 'colsample_bytree': 0.6063265876537156, 'min_child_weight': 10, 'gamma': 1.106370658196623, 'n_estimators': 400}. Best is trial 22 with value: 0.8048315321042594.
[2025-11-18T01:32:38.847+0000] {logging_mixin.py:154} WARNING - Best trial: 22. Best value: 0.804832:  54%|#####4    | 27/50 [00:16<00:09,  2.40it/s]
[2025-11-18T01:32:38.847+0000] {logging_mixin.py:154} WARNING - Best trial: 22. Best value: 0.804832:  54%|#####4    | 27/50 [00:16<00:09,  2.40it/s]
[2025-11-18T01:32:38.847+0000] {logging_mixin.py:154} WARNING - Best trial: 22. Best value: 0.804832:  56%|#####6    | 28/50 [00:16<00:07,  2.76it/s]
[2025-11-18T01:32:39.159+0000] {logging_mixin.py:154} WARNING -                                                                                      
[2025-11-18T01:32:39.159+0000] {logging_mixin.py:154} WARNING - 
[2025-11-18T01:32:39.159+0000] {logging_mixin.py:154} INFO - [I 2025-11-18 01:32:39,158] Trial 28 finished with value: 0.8017789072426939 and parameters: {'max_depth': 8, 'learning_rate': 0.0622026864941322, 'subsample': 0.8479600221200123, 'colsample_bytree': 0.5451856668789216, 'min_child_weight': 9, 'gamma': 1.590084338858835, 'n_estimators': 452}. Best is trial 22 with value: 0.8048315321042594.
[2025-11-18T01:32:39.159+0000] {logging_mixin.py:154} WARNING - Best trial: 22. Best value: 0.804832:  56%|#####6    | 28/50 [00:16<00:07,  2.76it/s]
[2025-11-18T01:32:39.159+0000] {logging_mixin.py:154} WARNING - Best trial: 22. Best value: 0.804832:  56%|#####6    | 28/50 [00:16<00:07,  2.76it/s]
[2025-11-18T01:32:39.159+0000] {logging_mixin.py:154} WARNING - Best trial: 22. Best value: 0.804832:  58%|#####8    | 29/50 [00:16<00:07,  2.88it/s]
[2025-11-18T01:32:39.743+0000] {logging_mixin.py:154} WARNING -                                                                                      
[2025-11-18T01:32:39.743+0000] {logging_mixin.py:154} WARNING - 
[2025-11-18T01:32:39.744+0000] {logging_mixin.py:154} INFO - [I 2025-11-18 01:32:39,743] Trial 29 finished with value: 0.7938540332906531 and parameters: {'max_depth': 6, 'learning_rate': 0.11278320621021909, 'subsample': 0.8539190926713088, 'colsample_bytree': 0.6251406276829714, 'min_child_weight': 2, 'gamma': 0.8678364830754686, 'n_estimators': 312}. Best is trial 22 with value: 0.8048315321042594.
[2025-11-18T01:32:39.744+0000] {logging_mixin.py:154} WARNING - Best trial: 22. Best value: 0.804832:  58%|#####8    | 29/50 [00:17<00:07,  2.88it/s]
[2025-11-18T01:32:39.745+0000] {logging_mixin.py:154} WARNING - Best trial: 22. Best value: 0.804832:  58%|#####8    | 29/50 [00:17<00:07,  2.88it/s]
[2025-11-18T01:32:39.745+0000] {logging_mixin.py:154} WARNING - Best trial: 22. Best value: 0.804832:  60%|######    | 30/50 [00:17<00:08,  2.39it/s]
[2025-11-18T01:32:40.110+0000] {logging_mixin.py:154} WARNING -                                                                                      
[2025-11-18T01:32:40.110+0000] {logging_mixin.py:154} WARNING - 
[2025-11-18T01:32:40.110+0000] {logging_mixin.py:154} INFO - [I 2025-11-18 01:32:40,110] Trial 30 finished with value: 0.7954545454545455 and parameters: {'max_depth': 11, 'learning_rate': 0.07197374060104013, 'subsample': 0.9106049299724355, 'colsample_bytree': 0.5404601292621971, 'min_child_weight': 6, 'gamma': 1.1200822264589698, 'n_estimators': 59}. Best is trial 22 with value: 0.8048315321042594.
[2025-11-18T01:32:40.111+0000] {logging_mixin.py:154} WARNING - Best trial: 22. Best value: 0.804832:  60%|######    | 30/50 [00:17<00:08,  2.39it/s]
[2025-11-18T01:32:40.111+0000] {logging_mixin.py:154} WARNING - Best trial: 22. Best value: 0.804832:  60%|######    | 30/50 [00:17<00:08,  2.39it/s]
[2025-11-18T01:32:40.111+0000] {logging_mixin.py:154} WARNING - Best trial: 22. Best value: 0.804832:  62%|######2   | 31/50 [00:17<00:07,  2.48it/s]
[2025-11-18T01:32:40.441+0000] {logging_mixin.py:154} WARNING -                                                                                      
[2025-11-18T01:32:40.441+0000] {logging_mixin.py:154} WARNING - 
[2025-11-18T01:32:40.441+0000] {logging_mixin.py:154} INFO - [I 2025-11-18 01:32:40,441] Trial 31 finished with value: 0.802555910543131 and parameters: {'max_depth': 9, 'learning_rate': 0.04470991201200388, 'subsample': 0.9611518756711329, 'colsample_bytree': 0.5330125477464511, 'min_child_weight': 8, 'gamma': 0.49950387226746695, 'n_estimators': 356}. Best is trial 22 with value: 0.8048315321042594.
[2025-11-18T01:32:40.441+0000] {logging_mixin.py:154} WARNING - Best trial: 22. Best value: 0.804832:  62%|######2   | 31/50 [00:17<00:07,  2.48it/s]
[2025-11-18T01:32:40.442+0000] {logging_mixin.py:154} WARNING - Best trial: 22. Best value: 0.804832:  62%|######2   | 31/50 [00:17<00:07,  2.48it/s]
[2025-11-18T01:32:40.442+0000] {logging_mixin.py:154} WARNING - Best trial: 22. Best value: 0.804832:  64%|######4   | 32/50 [00:17<00:06,  2.62it/s]
[2025-11-18T01:32:40.728+0000] {logging_mixin.py:154} WARNING -                                                                                      
[2025-11-18T01:32:40.728+0000] {logging_mixin.py:154} WARNING - 
[2025-11-18T01:32:40.728+0000] {logging_mixin.py:154} INFO - [I 2025-11-18 01:32:40,728] Trial 32 finished with value: 0.8040842373962986 and parameters: {'max_depth': 10, 'learning_rate': 0.035080146031608174, 'subsample': 0.9078738412955842, 'colsample_bytree': 0.5295716509674251, 'min_child_weight': 10, 'gamma': 0.700320602086383, 'n_estimators': 390}. Best is trial 22 with value: 0.8048315321042594.
[2025-11-18T01:32:40.728+0000] {logging_mixin.py:154} WARNING - Best trial: 22. Best value: 0.804832:  64%|######4   | 32/50 [00:17<00:06,  2.62it/s]
[2025-11-18T01:32:40.729+0000] {logging_mixin.py:154} WARNING - Best trial: 22. Best value: 0.804832:  64%|######4   | 32/50 [00:17<00:06,  2.62it/s]
[2025-11-18T01:32:40.729+0000] {logging_mixin.py:154} WARNING - Best trial: 22. Best value: 0.804832:  66%|######6   | 33/50 [00:17<00:06,  2.83it/s]
[2025-11-18T01:32:40.887+0000] {logging_mixin.py:154} WARNING -                                                                                      
[2025-11-18T01:32:40.887+0000] {logging_mixin.py:154} WARNING - 
