[2025-11-18T01:32:40.887+0000] {logging_mixin.py:154} INFO - [I 2025-11-18 01:32:40,887] Trial 33 finished with value: 0.7949367088607594 and parameters: {'max_depth': 13, 'learning_rate': 0.03365584134447541, 'subsample': 0.8863815502354105, 'colsample_bytree': 0.5346384279790634, 'min_child_weight': 10, 'gamma': 0.7109318201925686, 'n_estimators': 110}. Best is trial 22 with value: 0.8048315321042594.
[2025-11-18T01:32:40.887+0000] {logging_mixin.py:154} WARNING - Best trial: 22. Best value: 0.804832:  66%|######6   | 33/50 [00:18<00:06,  2.83it/s]
[2025-11-18T01:32:40.888+0000] {logging_mixin.py:154} WARNING - Best trial: 22. Best value: 0.804832:  66%|######6   | 33/50 [00:18<00:06,  2.83it/s]
[2025-11-18T01:32:40.888+0000] {logging_mixin.py:154} WARNING - Best trial: 22. Best value: 0.804832:  68%|######8   | 34/50 [00:18<00:04,  3.39it/s]
[2025-11-18T01:32:41.219+0000] {logging_mixin.py:154} WARNING -                                                                                      
[2025-11-18T01:32:41.219+0000] {logging_mixin.py:154} WARNING - 
[2025-11-18T01:32:41.219+0000] {logging_mixin.py:154} INFO - [I 2025-11-18 01:32:41,219] Trial 34 finished with value: 0.800763844684914 and parameters: {'max_depth': 10, 'learning_rate': 0.03123384006198769, 'subsample': 0.9077871074541212, 'colsample_bytree': 0.6072000604491916, 'min_child_weight': 10, 'gamma': 1.2765560681622468, 'n_estimators': 399}. Best is trial 22 with value: 0.8048315321042594.
[2025-11-18T01:32:41.220+0000] {logging_mixin.py:154} WARNING - Best trial: 22. Best value: 0.804832:  68%|######8   | 34/50 [00:18<00:04,  3.39it/s]
[2025-11-18T01:32:41.220+0000] {logging_mixin.py:154} WARNING - Best trial: 22. Best value: 0.804832:  68%|######8   | 34/50 [00:18<00:04,  3.39it/s]
[2025-11-18T01:32:41.220+0000] {logging_mixin.py:154} WARNING - Best trial: 22. Best value: 0.804832:  70%|#######   | 35/50 [00:18<00:04,  3.27it/s]
[2025-11-18T01:32:42.857+0000] {logging_mixin.py:154} WARNING -                                                                                      
[2025-11-18T01:32:42.858+0000] {logging_mixin.py:154} WARNING - 
[2025-11-18T01:32:42.858+0000] {logging_mixin.py:154} INFO - [I 2025-11-18 01:32:42,857] Trial 35 finished with value: 0.8025396825396826 and parameters: {'max_depth': 8, 'learning_rate': 0.024375024069848896, 'subsample': 0.8618900172850131, 'colsample_bytree': 0.5262693571053811, 'min_child_weight': 9, 'gamma': 0.9077645066065027, 'n_estimators': 425}. Best is trial 22 with value: 0.8048315321042594.
[2025-11-18T01:32:42.858+0000] {logging_mixin.py:154} WARNING - Best trial: 22. Best value: 0.804832:  70%|#######   | 35/50 [00:20<00:04,  3.27it/s]
[2025-11-18T01:32:42.858+0000] {logging_mixin.py:154} WARNING - Best trial: 22. Best value: 0.804832:  70%|#######   | 35/50 [00:20<00:04,  3.27it/s]
[2025-11-18T01:32:42.859+0000] {logging_mixin.py:154} WARNING - Best trial: 22. Best value: 0.804832:  72%|#######2  | 36/50 [00:20<00:09,  1.42it/s]
[2025-11-18T01:32:43.367+0000] {logging_mixin.py:154} WARNING -                                                                                      
[2025-11-18T01:32:43.368+0000] {logging_mixin.py:154} WARNING - 
[2025-11-18T01:32:43.368+0000] {logging_mixin.py:154} INFO - [I 2025-11-18 01:32:43,367] Trial 36 finished with value: 0.8030495552731892 and parameters: {'max_depth': 12, 'learning_rate': 0.05087654486381147, 'subsample': 0.9597977223447891, 'colsample_bytree': 0.5808054012550603, 'min_child_weight': 9, 'gamma': 1.5614294039307972, 'n_estimators': 345}. Best is trial 22 with value: 0.8048315321042594.
[2025-11-18T01:32:43.368+0000] {logging_mixin.py:154} WARNING - Best trial: 22. Best value: 0.804832:  72%|#######2  | 36/50 [00:20<00:09,  1.42it/s]
[2025-11-18T01:32:43.368+0000] {logging_mixin.py:154} WARNING - Best trial: 22. Best value: 0.804832:  72%|#######2  | 36/50 [00:20<00:09,  1.42it/s]
[2025-11-18T01:32:43.368+0000] {logging_mixin.py:154} WARNING - Best trial: 22. Best value: 0.804832:  74%|#######4  | 37/50 [00:20<00:08,  1.55it/s]
[2025-11-18T01:32:43.605+0000] {logging_mixin.py:154} WARNING -                                                                                      
[2025-11-18T01:32:43.606+0000] {logging_mixin.py:154} WARNING - 
[2025-11-18T01:32:43.606+0000] {logging_mixin.py:154} INFO - [I 2025-11-18 01:32:43,605] Trial 37 finished with value: 0.7999999999999999 and parameters: {'max_depth': 6, 'learning_rate': 0.035641301817162074, 'subsample': 0.8667301202674141, 'colsample_bytree': 0.5208634342939849, 'min_child_weight': 10, 'gamma': 0.33467358795985264, 'n_estimators': 258}. Best is trial 22 with value: 0.8048315321042594.
[2025-11-18T01:32:43.606+0000] {logging_mixin.py:154} WARNING - Best trial: 22. Best value: 0.804832:  74%|#######4  | 37/50 [00:20<00:08,  1.55it/s]
[2025-11-18T01:32:43.606+0000] {logging_mixin.py:154} WARNING - Best trial: 22. Best value: 0.804832:  74%|#######4  | 37/50 [00:20<00:08,  1.55it/s]
[2025-11-18T01:32:43.606+0000] {logging_mixin.py:154} WARNING - Best trial: 22. Best value: 0.804832:  76%|#######6  | 38/50 [00:20<00:06,  1.91it/s]
[2025-11-18T01:32:45.682+0000] {logging_mixin.py:154} WARNING -                                                                                      
[2025-11-18T01:32:45.682+0000] {logging_mixin.py:154} WARNING - 
[2025-11-18T01:32:45.682+0000] {logging_mixin.py:154} INFO - [I 2025-11-18 01:32:45,682] Trial 38 finished with value: 0.8017902813299232 and parameters: {'max_depth': 10, 'learning_rate': 0.06577035992004197, 'subsample': 0.9159129388868827, 'colsample_bytree': 0.5674178589293486, 'min_child_weight': 9, 'gamma': 1.0029814107530692, 'n_estimators': 305}. Best is trial 22 with value: 0.8048315321042594.
[2025-11-18T01:32:45.682+0000] {logging_mixin.py:154} WARNING - Best trial: 22. Best value: 0.804832:  76%|#######6  | 38/50 [00:22<00:06,  1.91it/s]
[2025-11-18T01:32:45.683+0000] {logging_mixin.py:154} WARNING - Best trial: 22. Best value: 0.804832:  76%|#######6  | 38/50 [00:22<00:06,  1.91it/s]
[2025-11-18T01:32:45.683+0000] {logging_mixin.py:154} WARNING - Best trial: 22. Best value: 0.804832:  78%|#######8  | 39/50 [00:22<00:10,  1.01it/s]
[2025-11-18T01:32:46.229+0000] {logging_mixin.py:154} WARNING -                                                                                      
[2025-11-18T01:32:46.229+0000] {logging_mixin.py:154} WARNING - 
[2025-11-18T01:32:46.229+0000] {logging_mixin.py:154} INFO - [I 2025-11-18 01:32:46,229] Trial 39 finished with value: 0.7956298200514139 and parameters: {'max_depth': 13, 'learning_rate': 0.024149736099319453, 'subsample': 0.8896184945479426, 'colsample_bytree': 0.5009564238804844, 'min_child_weight': 4, 'gamma': 0.013282736215314839, 'n_estimators': 466}. Best is trial 22 with value: 0.8048315321042594.
[2025-11-18T01:32:46.229+0000] {logging_mixin.py:154} WARNING - Best trial: 22. Best value: 0.804832:  78%|#######8  | 39/50 [00:23<00:10,  1.01it/s]
[2025-11-18T01:32:46.230+0000] {logging_mixin.py:154} WARNING - Best trial: 22. Best value: 0.804832:  78%|#######8  | 39/50 [00:23<00:10,  1.01it/s]
[2025-11-18T01:32:46.230+0000] {logging_mixin.py:154} WARNING - Best trial: 22. Best value: 0.804832:  80%|########  | 40/50 [00:23<00:08,  1.17it/s]
[2025-11-18T01:32:48.537+0000] {logging_mixin.py:154} WARNING -                                                                                      
[2025-11-18T01:32:48.537+0000] {logging_mixin.py:154} WARNING - 
[2025-11-18T01:32:48.538+0000] {logging_mixin.py:154} INFO - [I 2025-11-18 01:32:48,537] Trial 40 finished with value: 0.8012738853503185 and parameters: {'max_depth': 11, 'learning_rate': 0.08099598539151615, 'subsample': 0.9734910922844446, 'colsample_bytree': 0.6020512941564147, 'min_child_weight': 8, 'gamma': 0.6861613597540982, 'n_estimators': 391}. Best is trial 22 with value: 0.8048315321042594.
[2025-11-18T01:32:48.538+0000] {logging_mixin.py:154} WARNING - Best trial: 22. Best value: 0.804832:  80%|########  | 40/50 [00:25<00:08,  1.17it/s]
[2025-11-18T01:32:48.538+0000] {logging_mixin.py:154} WARNING - Best trial: 22. Best value: 0.804832:  80%|########  | 40/50 [00:25<00:08,  1.17it/s]
[2025-11-18T01:32:48.538+0000] {logging_mixin.py:154} WARNING - Best trial: 22. Best value: 0.804832:  82%|########2 | 41/50 [00:25<00:11,  1.29s/it]
[2025-11-18T01:32:48.743+0000] {logging_mixin.py:154} WARNING -                                                                                      
[2025-11-18T01:32:48.743+0000] {logging_mixin.py:154} WARNING - 
[2025-11-18T01:32:48.744+0000] {logging_mixin.py:154} INFO - [I 2025-11-18 01:32:48,743] Trial 41 finished with value: 0.8040583386176284 and parameters: {'max_depth': 12, 'learning_rate': 0.048743238542306916, 'subsample': 0.9645148362039293, 'colsample_bytree': 0.5817595992958474, 'min_child_weight': 9, 'gamma': 1.4542812238641498, 'n_estimators': 345}. Best is trial 22 with value: 0.8048315321042594.
[2025-11-18T01:32:48.744+0000] {logging_mixin.py:154} WARNING - Best trial: 22. Best value: 0.804832:  82%|########2 | 41/50 [00:26<00:11,  1.29s/it]
[2025-11-18T01:32:48.744+0000] {logging_mixin.py:154} WARNING - Best trial: 22. Best value: 0.804832:  82%|########2 | 41/50 [00:26<00:11,  1.29s/it]
[2025-11-18T01:32:48.744+0000] {logging_mixin.py:154} WARNING - Best trial: 22. Best value: 0.804832:  84%|########4 | 42/50 [00:26<00:07,  1.03it/s]
[2025-11-18T01:32:48.940+0000] {logging_mixin.py:154} WARNING -                                                                                      
[2025-11-18T01:32:48.941+0000] {logging_mixin.py:154} WARNING - 
[2025-11-18T01:32:48.941+0000] {logging_mixin.py:154} INFO - [I 2025-11-18 01:32:48,940] Trial 42 finished with value: 0.8005082592121983 and parameters: {'max_depth': 12, 'learning_rate': 0.04708579593629236, 'subsample': 0.9647637315753956, 'colsample_bytree': 0.5522012577943192, 'min_child_weight': 10, 'gamma': 1.3586581093234438, 'n_estimators': 317}. Best is trial 22 with value: 0.8048315321042594.
[2025-11-18T01:32:48.941+0000] {logging_mixin.py:154} WARNING - Best trial: 22. Best value: 0.804832:  84%|########4 | 42/50 [00:26<00:07,  1.03it/s]
[2025-11-18T01:32:48.941+0000] {logging_mixin.py:154} WARNING - Best trial: 22. Best value: 0.804832:  84%|########4 | 42/50 [00:26<00:07,  1.03it/s]
[2025-11-18T01:32:48.941+0000] {logging_mixin.py:154} WARNING - Best trial: 22. Best value: 0.804832:  86%|########6 | 43/50 [00:26<00:05,  1.36it/s]
[2025-11-18T01:32:49.156+0000] {logging_mixin.py:154} WARNING -                                                                                      
[2025-11-18T01:32:49.156+0000] {logging_mixin.py:154} WARNING - 
[2025-11-18T01:32:49.157+0000] {logging_mixin.py:154} INFO - [I 2025-11-18 01:32:49,156] Trial 43 finished with value: 0.8017902813299232 and parameters: {'max_depth': 14, 'learning_rate': 0.05818845766266493, 'subsample': 0.9257265288933062, 'colsample_bytree': 0.5789600265995569, 'min_child_weight': 9, 'gamma': 1.0281641573269438, 'n_estimators': 413}. Best is trial 22 with value: 0.8048315321042594.
[2025-11-18T01:32:49.157+0000] {logging_mixin.py:154} WARNING - Best trial: 22. Best value: 0.804832:  86%|########6 | 43/50 [00:26<00:05,  1.36it/s]
[2025-11-18T01:32:49.157+0000] {logging_mixin.py:154} WARNING - Best trial: 22. Best value: 0.804832:  86%|########6 | 43/50 [00:26<00:05,  1.36it/s]
[2025-11-18T01:32:49.157+0000] {logging_mixin.py:154} WARNING - Best trial: 22. Best value: 0.804832:  88%|########8 | 44/50 [00:26<00:03,  1.72it/s]
[2025-11-18T01:32:49.494+0000] {logging_mixin.py:154} WARNING -                                                                                      
[2025-11-18T01:32:49.494+0000] {logging_mixin.py:154} WARNING - 
[2025-11-18T01:32:49.494+0000] {logging_mixin.py:154} INFO - [I 2025-11-18 01:32:49,493] Trial 44 finished with value: 0.8045685279187816 and parameters: {'max_depth': 9, 'learning_rate': 0.028932707342245487, 'subsample': 0.974943570005506, 'colsample_bytree': 0.5194841038205044, 'min_child_weight': 8, 'gamma': 0.6462687015500123, 'n_estimators': 278}. Best is trial 22 with value: 0.8048315321042594.
[2025-11-18T01:32:49.494+0000] {logging_mixin.py:154} WARNING - Best trial: 22. Best value: 0.804832:  88%|########8 | 44/50 [00:26<00:03,  1.72it/s]
[2025-11-18T01:32:49.494+0000] {logging_mixin.py:154} WARNING - Best trial: 22. Best value: 0.804832:  88%|########8 | 44/50 [00:26<00:03,  1.72it/s]
[2025-11-18T01:32:49.495+0000] {logging_mixin.py:154} WARNING - Best trial: 22. Best value: 0.804832:  90%|######### | 45/50 [00:26<00:02,  1.97it/s]
[2025-11-18T01:32:49.840+0000] {logging_mixin.py:154} WARNING -                                                                                      
[2025-11-18T01:32:49.840+0000] {logging_mixin.py:154} WARNING - 
[2025-11-18T01:32:49.840+0000] {logging_mixin.py:154} INFO - [I 2025-11-18 01:32:49,840] Trial 45 finished with value: 0.799240025332489 and parameters: {'max_depth': 9, 'learning_rate': 0.026863588714973543, 'subsample': 0.9860244033760543, 'colsample_bytree': 0.5233176666620485, 'min_child_weight': 7, 'gamma': 0.45571560039347925, 'n_estimators': 286}. Best is trial 22 with value: 0.8048315321042594.
[2025-11-18T01:32:49.840+0000] {logging_mixin.py:154} WARNING - Best trial: 22. Best value: 0.804832:  90%|######### | 45/50 [00:27<00:02,  1.97it/s]
[2025-11-18T01:32:49.841+0000] {logging_mixin.py:154} WARNING - Best trial: 22. Best value: 0.804832:  90%|######### | 45/50 [00:27<00:02,  1.97it/s]
[2025-11-18T01:32:49.841+0000] {logging_mixin.py:154} WARNING - Best trial: 22. Best value: 0.804832:  92%|#########2| 46/50 [00:27<00:01,  2.18it/s]
[2025-11-18T01:32:50.042+0000] {logging_mixin.py:154} WARNING -                                                                                      
[2025-11-18T01:32:50.043+0000] {logging_mixin.py:154} WARNING - 
[2025-11-18T01:32:50.043+0000] {logging_mixin.py:154} INFO - [I 2025-11-18 01:32:50,042] Trial 46 finished with value: 0.8010204081632654 and parameters: {'max_depth': 10, 'learning_rate': 0.03754551115039342, 'subsample': 0.9973408618733371, 'colsample_bytree': 0.5797344860819836, 'min_child_weight': 8, 'gamma': 0.6742688217617143, 'n_estimators': 225}. Best is trial 22 with value: 0.8048315321042594.
[2025-11-18T01:32:50.043+0000] {logging_mixin.py:154} WARNING - Best trial: 22. Best value: 0.804832:  92%|#########2| 46/50 [00:27<00:01,  2.18it/s]
[2025-11-18T01:32:50.043+0000] {logging_mixin.py:154} WARNING - Best trial: 22. Best value: 0.804832:  92%|#########2| 46/50 [00:27<00:01,  2.18it/s]
[2025-11-18T01:32:50.043+0000] {logging_mixin.py:154} WARNING - Best trial: 22. Best value: 0.804832:  94%|#########3| 47/50 [00:27<00:01,  2.62it/s]
[2025-11-18T01:32:50.430+0000] {logging_mixin.py:154} WARNING -                                                                                      
[2025-11-18T01:32:50.430+0000] {logging_mixin.py:154} WARNING - 
[2025-11-18T01:32:50.430+0000] {logging_mixin.py:154} INFO - [I 2025-11-18 01:32:50,430] Trial 47 finished with value: 0.8017789072426939 and parameters: {'max_depth': 13, 'learning_rate': 0.02976596457249386, 'subsample': 0.947257865606021, 'colsample_bytree': 0.5167665237972624, 'min_child_weight': 5, 'gamma': 0.26742623731616355, 'n_estimators': 265}. Best is trial 22 with value: 0.8048315321042594.
[2025-11-18T01:32:50.430+0000] {logging_mixin.py:154} WARNING - Best trial: 22. Best value: 0.804832:  94%|#########3| 47/50 [00:27<00:01,  2.62it/s]
[2025-11-18T01:32:50.431+0000] {logging_mixin.py:154} WARNING - Best trial: 22. Best value: 0.804832:  94%|#########3| 47/50 [00:27<00:01,  2.62it/s]
[2025-11-18T01:32:50.431+0000] {logging_mixin.py:154} WARNING - Best trial: 22. Best value: 0.804832:  96%|#########6| 48/50 [00:27<00:00,  2.61it/s]
[2025-11-18T01:32:50.777+0000] {logging_mixin.py:154} WARNING -                                                                                      
[2025-11-18T01:32:50.777+0000] {logging_mixin.py:154} WARNING - 
[2025-11-18T01:32:50.777+0000] {logging_mixin.py:154} INFO - [I 2025-11-18 01:32:50,777] Trial 48 finished with value: 0.8055731475617479 and parameters: {'max_depth': 11, 'learning_rate': 0.020406225242038018, 'subsample': 0.9719203445724947, 'colsample_bytree': 0.6860304875117555, 'min_child_weight': 7, 'gamma': 0.23091753723281427, 'n_estimators': 162}. Best is trial 48 with value: 0.8055731475617479.
[2025-11-18T01:32:50.777+0000] {logging_mixin.py:154} WARNING - Best trial: 22. Best value: 0.804832:  96%|#########6| 48/50 [00:28<00:00,  2.61it/s]
[2025-11-18T01:32:50.778+0000] {logging_mixin.py:154} WARNING - Best trial: 48. Best value: 0.805573:  96%|#########6| 48/50 [00:28<00:00,  2.61it/s]
[2025-11-18T01:32:50.778+0000] {logging_mixin.py:154} WARNING - Best trial: 48. Best value: 0.805573:  98%|#########8| 49/50 [00:28<00:00,  2.68it/s]
[2025-11-18T01:32:51.167+0000] {logging_mixin.py:154} WARNING -                                                                                      
[2025-11-18T01:32:51.168+0000] {logging_mixin.py:154} WARNING - 
