[2025-12-05T02:52:45.663+0000] {taskinstance.py:1159} INFO - Dependencies all met for dep_context=non-requeueable deps ti=<TaskInstance: sodai_drinks_production_pipeline.train_model scheduled__2025-11-23T00:00:00+00:00 [queued]>
[2025-12-05T02:52:45.670+0000] {taskinstance.py:1159} INFO - Dependencies all met for dep_context=requeueable deps ti=<TaskInstance: sodai_drinks_production_pipeline.train_model scheduled__2025-11-23T00:00:00+00:00 [queued]>
[2025-12-05T02:52:45.670+0000] {taskinstance.py:1361} INFO - Starting attempt 1 of 2
[2025-12-05T02:52:45.678+0000] {taskinstance.py:1382} INFO - Executing <Task(PythonOperator): train_model> on 2025-11-23 00:00:00+00:00
[2025-12-05T02:52:45.689+0000] {standard_task_runner.py:57} INFO - Started process 693 to run task
[2025-12-05T02:52:45.694+0000] {standard_task_runner.py:84} INFO - Running: ['***', 'tasks', 'run', 'sodai_drinks_production_pipeline', 'train_model', 'scheduled__2025-11-23T00:00:00+00:00', '--job-id', '10', '--raw', '--subdir', 'DAGS_FOLDER/pipeline_productivo.py', '--cfg-path', '/tmp/tmptpy9l_2h']
[2025-12-05T02:52:45.698+0000] {standard_task_runner.py:85} INFO - Job 10: Subtask train_model
[2025-12-05T02:52:45.737+0000] {task_command.py:416} INFO - Running <TaskInstance: sodai_drinks_production_pipeline.train_model scheduled__2025-11-23T00:00:00+00:00 [running]> on host 77cc39016fd2
[2025-12-05T02:52:45.797+0000] {taskinstance.py:1662} INFO - Exporting env vars: AIRFLOW_CTX_DAG_EMAIL='team@sodaidrinks.com' AIRFLOW_CTX_DAG_OWNER='sodai_drinks_team' AIRFLOW_CTX_DAG_ID='sodai_drinks_production_pipeline' AIRFLOW_CTX_TASK_ID='train_model' AIRFLOW_CTX_EXECUTION_DATE='2025-11-23T00:00:00+00:00' AIRFLOW_CTX_TRY_NUMBER='1' AIRFLOW_CTX_DAG_RUN_ID='scheduled__2025-11-23T00:00:00+00:00'
[2025-12-05T02:52:45.798+0000] {model_training.py:373} INFO - 🚀 Iniciando entrenamiento del modelo XGBoost...
[2025-12-05T02:52:46.117+0000] {model_training.py:395} INFO - 📊 Dataset cargado:
[2025-12-05T02:52:46.117+0000] {model_training.py:396} INFO -    - Features: 15
[2025-12-05T02:52:46.117+0000] {model_training.py:397} INFO -    - Registros: 13920
[2025-12-05T02:52:46.118+0000] {model_training.py:398} INFO -    - Distribución de clases - Clase 0: 6960, Clase 1: 6960
[2025-12-05T02:52:46.130+0000] {model_training.py:408} INFO - 📂 Splits creados:
[2025-12-05T02:52:46.130+0000] {model_training.py:409} INFO -    - Train: 8352 muestras
[2025-12-05T02:52:46.131+0000] {model_training.py:410} INFO -    - Validation: 2784 muestras
[2025-12-05T02:52:46.131+0000] {model_training.py:411} INFO -    - Test: 2784 muestras
[2025-12-05T02:52:46.138+0000] {logging_mixin.py:154} WARNING - 2025/12/05 02:52:46 INFO mlflow.tracking.fluent: Experiment with name 'sodai_drinks_xgboost' does not exist. Creating a new experiment.
[2025-12-05T02:52:46.157+0000] {model_training.py:426} INFO - 📊 MLflow Run: initial_training_2024-W51_train_20251205_025246
[2025-12-05T02:52:46.190+0000] {logging_mixin.py:154} WARNING - 2025/12/05 02:52:46 WARNING mlflow.utils.git_utils: Failed to import Git (the Git executable is probably not on your PATH), so Git SHA is not available. Error: Failed to initialize: Bad git executable.
The git executable must be specified in one of the following ways:
    - be included in your $PATH
    - be set via $GIT_PYTHON_GIT_EXECUTABLE
    - explicitly set via git.refresh(<full-path-to-git-executable>)

All git commands will error until this is rectified.

This initial message can be silenced or aggravated in the future by setting the
$GIT_PYTHON_REFRESH environment variable. Use one of the following values:
    - quiet|q|silence|s|silent|none|n|0: for no message or exception
    - warn|w|warning|log|l|1: for a warning message (logging level CRITICAL, displayed by default)
    - error|e|exception|raise|r|2: for a raised exception

Example:
    export GIT_PYTHON_REFRESH=quiet
[2025-12-05T02:52:46.202+0000] {model_training.py:435} INFO - 📊 Registrando datasets en MLflow...
[2025-12-05T02:52:46.241+0000] {logging_mixin.py:154} WARNING - /home/***/.local/lib/python3.10/site-packages/mlflow/data/dataset_source_registry.py:143 UserWarning: The specified dataset source can be interpreted in multiple ways: LocalArtifactDatasetSource, LocalArtifactDatasetSource. MLflow will assume that this is a LocalArtifactDatasetSource source.
[2025-12-05T02:52:46.262+0000] {logging_mixin.py:154} WARNING - /home/***/.local/lib/python3.10/site-packages/mlflow/data/pandas_dataset.py:134 UserWarning: Hint: Inferred schema contains integer column(s). Integer columns in Python cannot represent missing values. If your input data contains missing values at inference time, it will be encoded as floats and will cause a schema enforcement error. The best way to avoid this problem is to infer the model schema based on a realistic data sample (training dataset) that includes missing values. Alternatively, you can declare integer columns as doubles (float64) whenever these columns may have missing values. See `Handling Integers With Missing Values <https://www.mlflow.org/docs/latest/models.html#handling-integers-with-missing-values>`_ for more details.
[2025-12-05T02:52:46.266+0000] {logging_mixin.py:154} WARNING - /home/***/.local/lib/python3.10/site-packages/mlflow/data/dataset_source_registry.py:143 UserWarning: The specified dataset source can be interpreted in multiple ways: LocalArtifactDatasetSource, LocalArtifactDatasetSource. MLflow will assume that this is a LocalArtifactDatasetSource source.
[2025-12-05T02:52:46.274+0000] {logging_mixin.py:154} WARNING - /home/***/.local/lib/python3.10/site-packages/mlflow/data/pandas_dataset.py:134 UserWarning: Hint: Inferred schema contains integer column(s). Integer columns in Python cannot represent missing values. If your input data contains missing values at inference time, it will be encoded as floats and will cause a schema enforcement error. The best way to avoid this problem is to infer the model schema based on a realistic data sample (training dataset) that includes missing values. Alternatively, you can declare integer columns as doubles (float64) whenever these columns may have missing values. See `Handling Integers With Missing Values <https://www.mlflow.org/docs/latest/models.html#handling-integers-with-missing-values>`_ for more details.
[2025-12-05T02:52:46.278+0000] {logging_mixin.py:154} WARNING - /home/***/.local/lib/python3.10/site-packages/mlflow/data/dataset_source_registry.py:143 UserWarning: The specified dataset source can be interpreted in multiple ways: LocalArtifactDatasetSource, LocalArtifactDatasetSource. MLflow will assume that this is a LocalArtifactDatasetSource source.
[2025-12-05T02:52:46.288+0000] {logging_mixin.py:154} WARNING - /home/***/.local/lib/python3.10/site-packages/mlflow/data/pandas_dataset.py:134 UserWarning: Hint: Inferred schema contains integer column(s). Integer columns in Python cannot represent missing values. If your input data contains missing values at inference time, it will be encoded as floats and will cause a schema enforcement error. The best way to avoid this problem is to infer the model schema based on a realistic data sample (training dataset) that includes missing values. Alternatively, you can declare integer columns as doubles (float64) whenever these columns may have missing values. See `Handling Integers With Missing Values <https://www.mlflow.org/docs/latest/models.html#handling-integers-with-missing-values>`_ for more details.
[2025-12-05T02:52:46.290+0000] {model_training.py:489} INFO - ✅ Datasets registrados en MLflow
[2025-12-05T02:52:46.291+0000] {model_training.py:69} INFO - 🔍 Iniciando optimización de hiperparámetros (timeout: 60s = 1 min)...
[2025-12-05T02:52:46.292+0000] {logging_mixin.py:154} WARNING -   0%|          | 0/50 [00:00<?, ?it/s]
[2025-12-05T02:53:16.119+0000] {logging_mixin.py:154} WARNING -                                       
[2025-12-05T02:53:16.121+0000] {logging_mixin.py:154} WARNING - 
[2025-12-05T02:53:16.121+0000] {logging_mixin.py:154} INFO - [I 2025-12-05 02:53:16,118] Trial 0 finished with value: 0.7809589513625388 and parameters: {'max_depth': 7, 'learning_rate': 0.2536999076681772, 'subsample': 0.8659969709057025, 'colsample_bytree': 0.7993292420985183, 'min_child_weight': 2, 'gamma': 0.7799726016810132, 'n_estimators': 76}. Best is trial 0 with value: 0.7809589513625388.
[2025-12-05T02:53:16.121+0000] {logging_mixin.py:154} WARNING -   0%|          | 0/50 [00:29<?, ?it/s]
[2025-12-05T02:53:16.122+0000] {logging_mixin.py:154} WARNING - Best trial: 0. Best value: 0.780959:   0%|          | 0/50 [00:29<?, ?it/s]
[2025-12-05T02:53:16.122+0000] {logging_mixin.py:154} WARNING - Best trial: 0. Best value: 0.780959:   2%|2         | 1/50 [00:29<24:21, 29.83s/it]
[2025-12-05T02:53:16.122+0000] {logging_mixin.py:154} WARNING - Best trial: 0. Best value: 0.780959:   2%|2         | 1/50 [00:29<24:21, 29.83s/it, 29.83/60 seconds]
[2025-12-05T02:53:54.886+0000] {logging_mixin.py:154} WARNING -                                                                                                      
[2025-12-05T02:53:54.887+0000] {logging_mixin.py:154} WARNING - 
