[2025-12-05T02:58:42.485+0000] {logging_mixin.py:154} INFO - [I 2025-12-05 02:58:42,485] Trial 33 finished with value: 0.7899388171312032 and parameters: {'max_depth': 12, 'learning_rate': 0.012596586394519792, 'subsample': 0.7702311444125595, 'colsample_bytree': 0.7072155962269836, 'min_child_weight': 2, 'gamma': 1.6066455487015165, 'n_estimators': 411}. Best is trial 33 with value: 0.7899388171312032.
[2025-12-05T02:58:42.485+0000] {logging_mixin.py:154} WARNING - Best trial: 18. Best value: 0.787241:  66%|######6   | 33/50 [00:19<00:12,  1.35it/s, 18.21/60 seconds]
[2025-12-05T02:58:42.485+0000] {logging_mixin.py:154} WARNING - Best trial: 33. Best value: 0.789939:  66%|######6   | 33/50 [00:19<00:12,  1.35it/s, 18.21/60 seconds]
[2025-12-05T02:58:42.486+0000] {logging_mixin.py:154} WARNING - Best trial: 33. Best value: 0.789939:  68%|######8   | 34/50 [00:19<00:13,  1.18it/s, 18.21/60 seconds]
[2025-12-05T02:58:42.486+0000] {logging_mixin.py:154} WARNING - Best trial: 33. Best value: 0.789939:  68%|######8   | 34/50 [00:19<00:13,  1.18it/s, 19.30/60 seconds]
[2025-12-05T02:58:43.714+0000] {logging_mixin.py:154} WARNING -                                                                                                        
[2025-12-05T02:58:43.715+0000] {logging_mixin.py:154} WARNING - 
[2025-12-05T02:58:43.715+0000] {logging_mixin.py:154} INFO - [I 2025-12-05 02:58:43,714] Trial 34 finished with value: 0.7863945578231292 and parameters: {'max_depth': 13, 'learning_rate': 0.018159046246671615, 'subsample': 0.7861542819491799, 'colsample_bytree': 0.7110682557379422, 'min_child_weight': 3, 'gamma': 1.607047286127559, 'n_estimators': 364}. Best is trial 33 with value: 0.7899388171312032.
[2025-12-05T02:58:43.715+0000] {logging_mixin.py:154} WARNING - Best trial: 33. Best value: 0.789939:  68%|######8   | 34/50 [00:20<00:13,  1.18it/s, 19.30/60 seconds]
[2025-12-05T02:58:43.716+0000] {logging_mixin.py:154} WARNING - Best trial: 33. Best value: 0.789939:  68%|######8   | 34/50 [00:20<00:13,  1.18it/s, 19.30/60 seconds]
[2025-12-05T02:58:43.716+0000] {logging_mixin.py:154} WARNING - Best trial: 33. Best value: 0.789939:  70%|#######   | 35/50 [00:20<00:14,  1.04it/s, 19.30/60 seconds]
[2025-12-05T02:58:43.716+0000] {logging_mixin.py:154} WARNING - Best trial: 33. Best value: 0.789939:  70%|#######   | 35/50 [00:20<00:14,  1.04it/s, 20.53/60 seconds]
[2025-12-05T02:58:44.406+0000] {logging_mixin.py:154} WARNING -                                                                                                        
[2025-12-05T02:58:44.407+0000] {logging_mixin.py:154} WARNING - 
[2025-12-05T02:58:44.407+0000] {logging_mixin.py:154} INFO - [I 2025-12-05 02:58:44,406] Trial 35 finished with value: 0.7819397993311037 and parameters: {'max_depth': 6, 'learning_rate': 0.01003070288743342, 'subsample': 0.8239734386108969, 'colsample_bytree': 0.5428906120066748, 'min_child_weight': 2, 'gamma': 1.629972400658617, 'n_estimators': 318}. Best is trial 33 with value: 0.7899388171312032.
[2025-12-05T02:58:44.407+0000] {logging_mixin.py:154} WARNING - Best trial: 33. Best value: 0.789939:  70%|#######   | 35/50 [00:21<00:14,  1.04it/s, 20.53/60 seconds]
[2025-12-05T02:58:44.408+0000] {logging_mixin.py:154} WARNING - Best trial: 33. Best value: 0.789939:  70%|#######   | 35/50 [00:21<00:14,  1.04it/s, 20.53/60 seconds]
[2025-12-05T02:58:44.408+0000] {logging_mixin.py:154} WARNING - Best trial: 33. Best value: 0.789939:  72%|#######2  | 36/50 [00:21<00:12,  1.13it/s, 20.53/60 seconds]
[2025-12-05T02:58:44.408+0000] {logging_mixin.py:154} WARNING - Best trial: 33. Best value: 0.789939:  72%|#######2  | 36/50 [00:21<00:12,  1.13it/s, 21.22/60 seconds]
[2025-12-05T02:58:45.120+0000] {logging_mixin.py:154} WARNING -                                                                                                        
[2025-12-05T02:58:45.121+0000] {logging_mixin.py:154} WARNING - 
[2025-12-05T02:58:45.121+0000] {logging_mixin.py:154} INFO - [I 2025-12-05 02:58:45,120] Trial 36 finished with value: 0.7846467391304348 and parameters: {'max_depth': 13, 'learning_rate': 0.01227360537014865, 'subsample': 0.7724760915157266, 'colsample_bytree': 0.5896225411985808, 'min_child_weight': 3, 'gamma': 2.077416071975657, 'n_estimators': 285}. Best is trial 33 with value: 0.7899388171312032.
[2025-12-05T02:58:45.121+0000] {logging_mixin.py:154} WARNING - Best trial: 33. Best value: 0.789939:  72%|#######2  | 36/50 [00:21<00:12,  1.13it/s, 21.22/60 seconds]
[2025-12-05T02:58:45.121+0000] {logging_mixin.py:154} WARNING - Best trial: 33. Best value: 0.789939:  72%|#######2  | 36/50 [00:21<00:12,  1.13it/s, 21.22/60 seconds]
[2025-12-05T02:58:45.121+0000] {logging_mixin.py:154} WARNING - Best trial: 33. Best value: 0.789939:  74%|#######4  | 37/50 [00:21<00:10,  1.20it/s, 21.22/60 seconds]
[2025-12-05T02:58:45.121+0000] {logging_mixin.py:154} WARNING - Best trial: 33. Best value: 0.789939:  74%|#######4  | 37/50 [00:21<00:10,  1.20it/s, 21.94/60 seconds]
[2025-12-05T02:58:45.620+0000] {logging_mixin.py:154} WARNING -                                                                                                        
[2025-12-05T02:58:45.620+0000] {logging_mixin.py:154} WARNING - 
[2025-12-05T02:58:45.620+0000] {logging_mixin.py:154} INFO - [I 2025-12-05 02:58:45,619] Trial 37 finished with value: 0.7834699453551912 and parameters: {'max_depth': 15, 'learning_rate': 0.017235108507588234, 'subsample': 0.6812042996332444, 'colsample_bytree': 0.6571580651481882, 'min_child_weight': 5, 'gamma': 1.2450621071069075, 'n_estimators': 258}. Best is trial 33 with value: 0.7899388171312032.
[2025-12-05T02:58:45.620+0000] {logging_mixin.py:154} WARNING - Best trial: 33. Best value: 0.789939:  74%|#######4  | 37/50 [00:22<00:10,  1.20it/s, 21.94/60 seconds]
[2025-12-05T02:58:45.620+0000] {logging_mixin.py:154} WARNING - Best trial: 33. Best value: 0.789939:  74%|#######4  | 37/50 [00:22<00:10,  1.20it/s, 21.94/60 seconds]
[2025-12-05T02:58:45.620+0000] {logging_mixin.py:154} WARNING - Best trial: 33. Best value: 0.789939:  76%|#######6  | 38/50 [00:22<00:08,  1.37it/s, 21.94/60 seconds]
[2025-12-05T02:58:45.621+0000] {logging_mixin.py:154} WARNING - Best trial: 33. Best value: 0.789939:  76%|#######6  | 38/50 [00:22<00:08,  1.37it/s, 22.44/60 seconds]
[2025-12-05T02:58:46.098+0000] {logging_mixin.py:154} WARNING -                                                                                                        
[2025-12-05T02:58:46.098+0000] {logging_mixin.py:154} WARNING - 
[2025-12-05T02:58:46.098+0000] {logging_mixin.py:154} INFO - [I 2025-12-05 02:58:46,097] Trial 38 finished with value: 0.7899388171312032 and parameters: {'max_depth': 9, 'learning_rate': 0.023692643536450578, 'subsample': 0.832232184918823, 'colsample_bytree': 0.7004328722584814, 'min_child_weight': 2, 'gamma': 1.6426154122133068, 'n_estimators': 401}. Best is trial 33 with value: 0.7899388171312032.
[2025-12-05T02:58:46.098+0000] {logging_mixin.py:154} WARNING - Best trial: 33. Best value: 0.789939:  76%|#######6  | 38/50 [00:22<00:08,  1.37it/s, 22.44/60 seconds]
[2025-12-05T02:58:46.098+0000] {logging_mixin.py:154} WARNING - Best trial: 33. Best value: 0.789939:  76%|#######6  | 38/50 [00:22<00:08,  1.37it/s, 22.44/60 seconds]
[2025-12-05T02:58:46.099+0000] {logging_mixin.py:154} WARNING - Best trial: 33. Best value: 0.789939:  78%|#######8  | 39/50 [00:22<00:07,  1.53it/s, 22.44/60 seconds]
[2025-12-05T02:58:46.099+0000] {logging_mixin.py:154} WARNING - Best trial: 33. Best value: 0.789939:  78%|#######8  | 39/50 [00:22<00:07,  1.53it/s, 22.91/60 seconds]
[2025-12-05T02:58:46.673+0000] {logging_mixin.py:154} WARNING -                                                                                                        
[2025-12-05T02:58:46.673+0000] {logging_mixin.py:154} WARNING - 
[2025-12-05T02:58:46.674+0000] {logging_mixin.py:154} INFO - [I 2025-12-05 02:58:46,673] Trial 39 finished with value: 0.7790777701307637 and parameters: {'max_depth': 12, 'learning_rate': 0.023614459552338325, 'subsample': 0.8431480398292688, 'colsample_bytree': 0.7946210024959318, 'min_child_weight': 2, 'gamma': 0.7411206535763661, 'n_estimators': 397}. Best is trial 33 with value: 0.7899388171312032.
[2025-12-05T02:58:46.674+0000] {logging_mixin.py:154} WARNING - Best trial: 33. Best value: 0.789939:  78%|#######8  | 39/50 [00:23<00:07,  1.53it/s, 22.91/60 seconds]
[2025-12-05T02:58:46.674+0000] {logging_mixin.py:154} WARNING - Best trial: 33. Best value: 0.789939:  78%|#######8  | 39/50 [00:23<00:07,  1.53it/s, 22.91/60 seconds]
[2025-12-05T02:58:46.674+0000] {logging_mixin.py:154} WARNING - Best trial: 33. Best value: 0.789939:  80%|########  | 40/50 [00:23<00:06,  1.58it/s, 22.91/60 seconds]
[2025-12-05T02:58:46.674+0000] {logging_mixin.py:154} WARNING - Best trial: 33. Best value: 0.789939:  80%|########  | 40/50 [00:23<00:06,  1.58it/s, 23.49/60 seconds]
[2025-12-05T02:58:47.098+0000] {logging_mixin.py:154} WARNING -                                                                                                        
[2025-12-05T02:58:47.098+0000] {logging_mixin.py:154} WARNING - 
[2025-12-05T02:58:47.098+0000] {logging_mixin.py:154} INFO - [I 2025-12-05 02:58:47,098] Trial 40 finished with value: 0.7880231371214699 and parameters: {'max_depth': 9, 'learning_rate': 0.028745689878530708, 'subsample': 0.7973872617528801, 'colsample_bytree': 0.7266367682142773, 'min_child_weight': 5, 'gamma': 1.7955608730723236, 'n_estimators': 457}. Best is trial 33 with value: 0.7899388171312032.
[2025-12-05T02:58:47.098+0000] {logging_mixin.py:154} WARNING - Best trial: 33. Best value: 0.789939:  80%|########  | 40/50 [00:23<00:06,  1.58it/s, 23.49/60 seconds]
[2025-12-05T02:58:47.098+0000] {logging_mixin.py:154} WARNING - Best trial: 33. Best value: 0.789939:  80%|########  | 40/50 [00:23<00:06,  1.58it/s, 23.49/60 seconds]
[2025-12-05T02:58:47.099+0000] {logging_mixin.py:154} WARNING - Best trial: 33. Best value: 0.789939:  82%|########2 | 41/50 [00:23<00:05,  1.76it/s, 23.49/60 seconds]
[2025-12-05T02:58:47.099+0000] {logging_mixin.py:154} WARNING - Best trial: 33. Best value: 0.789939:  82%|########2 | 41/50 [00:23<00:05,  1.76it/s, 23.91/60 seconds]
[2025-12-05T02:58:47.466+0000] {logging_mixin.py:154} WARNING -                                                                                                        
[2025-12-05T02:58:47.466+0000] {logging_mixin.py:154} WARNING - 
[2025-12-05T02:58:47.467+0000] {logging_mixin.py:154} INFO - [I 2025-12-05 02:58:47,466] Trial 41 finished with value: 0.7859097127222981 and parameters: {'max_depth': 9, 'learning_rate': 0.0312970701887831, 'subsample': 0.8198684974553233, 'colsample_bytree': 0.7302638500945381, 'min_child_weight': 6, 'gamma': 1.852543644305992, 'n_estimators': 461}. Best is trial 33 with value: 0.7899388171312032.
[2025-12-05T02:58:47.467+0000] {logging_mixin.py:154} WARNING - Best trial: 33. Best value: 0.789939:  82%|########2 | 41/50 [00:24<00:05,  1.76it/s, 23.91/60 seconds]
[2025-12-05T02:58:47.467+0000] {logging_mixin.py:154} WARNING - Best trial: 33. Best value: 0.789939:  82%|########2 | 41/50 [00:24<00:05,  1.76it/s, 23.91/60 seconds]
[2025-12-05T02:58:47.467+0000] {logging_mixin.py:154} WARNING - Best trial: 33. Best value: 0.789939:  84%|########4 | 42/50 [00:24<00:04,  1.96it/s, 23.91/60 seconds]
[2025-12-05T02:58:47.467+0000] {logging_mixin.py:154} WARNING - Best trial: 33. Best value: 0.789939:  84%|########4 | 42/50 [00:24<00:04,  1.96it/s, 24.28/60 seconds]
[2025-12-05T02:58:52.425+0000] {logging_mixin.py:154} WARNING -                                                                                                        
[2025-12-05T02:58:52.426+0000] {logging_mixin.py:154} WARNING - 
[2025-12-05T02:58:52.426+0000] {logging_mixin.py:154} INFO - [I 2025-12-05 02:58:52,425] Trial 42 finished with value: 0.7873426335488262 and parameters: {'max_depth': 10, 'learning_rate': 0.024437570733902455, 'subsample': 0.7909451022606107, 'colsample_bytree': 0.6889618550961344, 'min_child_weight': 5, 'gamma': 2.090012634366994, 'n_estimators': 463}. Best is trial 33 with value: 0.7899388171312032.
[2025-12-05T02:58:52.426+0000] {logging_mixin.py:154} WARNING - Best trial: 33. Best value: 0.789939:  84%|########4 | 42/50 [00:29<00:04,  1.96it/s, 24.28/60 seconds]
[2025-12-05T02:58:52.427+0000] {logging_mixin.py:154} WARNING - Best trial: 33. Best value: 0.789939:  84%|########4 | 42/50 [00:29<00:04,  1.96it/s, 24.28/60 seconds]
[2025-12-05T02:58:52.427+0000] {logging_mixin.py:154} WARNING - Best trial: 33. Best value: 0.789939:  86%|########6 | 43/50 [00:29<00:12,  1.84s/it, 24.28/60 seconds]
[2025-12-05T02:58:52.427+0000] {logging_mixin.py:154} WARNING - Best trial: 33. Best value: 0.789939:  86%|########6 | 43/50 [00:29<00:12,  1.84s/it, 29.24/60 seconds]
[2025-12-05T02:58:52.910+0000] {logging_mixin.py:154} WARNING -                                                                                                        
[2025-12-05T02:58:52.910+0000] {logging_mixin.py:154} WARNING - 
[2025-12-05T02:58:52.910+0000] {logging_mixin.py:154} INFO - [I 2025-12-05 02:58:52,910] Trial 43 finished with value: 0.7844474761255116 and parameters: {'max_depth': 12, 'learning_rate': 0.026335260748485814, 'subsample': 0.86687736502095, 'colsample_bytree': 0.6963176584926773, 'min_child_weight': 5, 'gamma': 2.1785864483220423, 'n_estimators': 464}. Best is trial 33 with value: 0.7899388171312032.
[2025-12-05T02:58:52.911+0000] {logging_mixin.py:154} WARNING - Best trial: 33. Best value: 0.789939:  86%|########6 | 43/50 [00:29<00:12,  1.84s/it, 29.24/60 seconds]
[2025-12-05T02:58:52.911+0000] {logging_mixin.py:154} WARNING - Best trial: 33. Best value: 0.789939:  86%|########6 | 43/50 [00:29<00:12,  1.84s/it, 29.24/60 seconds]
[2025-12-05T02:58:52.911+0000] {logging_mixin.py:154} WARNING - Best trial: 33. Best value: 0.789939:  88%|########8 | 44/50 [00:29<00:08,  1.44s/it, 29.24/60 seconds]
[2025-12-05T02:58:52.911+0000] {logging_mixin.py:154} WARNING - Best trial: 33. Best value: 0.789939:  88%|########8 | 44/50 [00:29<00:08,  1.44s/it, 29.73/60 seconds]
[2025-12-05T02:58:53.367+0000] {logging_mixin.py:154} WARNING -                                                                                                        
[2025-12-05T02:58:53.367+0000] {logging_mixin.py:154} WARNING - 
[2025-12-05T02:58:53.367+0000] {logging_mixin.py:154} INFO - [I 2025-12-05 02:58:53,366] Trial 44 finished with value: 0.7847670860251615 and parameters: {'max_depth': 10, 'learning_rate': 0.03202908944265319, 'subsample': 0.7927197917342053, 'colsample_bytree': 0.6694019919257268, 'min_child_weight': 4, 'gamma': 1.2470630519168755, 'n_estimators': 412}. Best is trial 33 with value: 0.7899388171312032.
[2025-12-05T02:58:53.367+0000] {logging_mixin.py:154} WARNING - Best trial: 33. Best value: 0.789939:  88%|########8 | 44/50 [00:30<00:08,  1.44s/it, 29.73/60 seconds]
[2025-12-05T02:58:53.368+0000] {logging_mixin.py:154} WARNING - Best trial: 33. Best value: 0.789939:  88%|########8 | 44/50 [00:30<00:08,  1.44s/it, 29.73/60 seconds]
[2025-12-05T02:58:53.368+0000] {logging_mixin.py:154} WARNING - Best trial: 33. Best value: 0.789939:  90%|######### | 45/50 [00:30<00:05,  1.14s/it, 29.73/60 seconds]
[2025-12-05T02:58:53.368+0000] {logging_mixin.py:154} WARNING - Best trial: 33. Best value: 0.789939:  90%|######### | 45/50 [00:30<00:05,  1.14s/it, 30.18/60 seconds]
[2025-12-05T02:58:54.076+0000] {logging_mixin.py:154} WARNING -                                                                                                        
[2025-12-05T02:58:54.077+0000] {logging_mixin.py:154} WARNING - 
[2025-12-05T02:58:54.077+0000] {logging_mixin.py:154} INFO - [I 2025-12-05 02:58:54,076] Trial 45 finished with value: 0.786178583646938 and parameters: {'max_depth': 9, 'learning_rate': 0.03813939342824996, 'subsample': 0.7757750462785874, 'colsample_bytree': 0.7424854810677134, 'min_child_weight': 6, 'gamma': 1.692863152838396, 'n_estimators': 452}. Best is trial 33 with value: 0.7899388171312032.
[2025-12-05T02:58:54.077+0000] {logging_mixin.py:154} WARNING - Best trial: 33. Best value: 0.789939:  90%|######### | 45/50 [00:30<00:05,  1.14s/it, 30.18/60 seconds]
[2025-12-05T02:58:54.078+0000] {logging_mixin.py:154} WARNING - Best trial: 33. Best value: 0.789939:  90%|######### | 45/50 [00:30<00:05,  1.14s/it, 30.18/60 seconds]
[2025-12-05T02:58:54.078+0000] {logging_mixin.py:154} WARNING - Best trial: 33. Best value: 0.789939:  92%|#########2| 46/50 [00:30<00:04,  1.01s/it, 30.18/60 seconds]
[2025-12-05T02:58:54.078+0000] {logging_mixin.py:154} WARNING - Best trial: 33. Best value: 0.789939:  92%|#########2| 46/50 [00:30<00:04,  1.01s/it, 30.89/60 seconds]
[2025-12-05T02:58:54.533+0000] {logging_mixin.py:154} WARNING -                                                                                                        
[2025-12-05T02:58:54.533+0000] {logging_mixin.py:154} WARNING - 
[2025-12-05T02:58:54.533+0000] {logging_mixin.py:154} INFO - [I 2025-12-05 02:58:54,532] Trial 46 finished with value: 0.7848619161268325 and parameters: {'max_depth': 14, 'learning_rate': 0.024194301246964412, 'subsample': 0.8052721759516217, 'colsample_bytree': 0.7209726207560759, 'min_child_weight': 4, 'gamma': 2.5305745474759114, 'n_estimators': 477}. Best is trial 33 with value: 0.7899388171312032.
[2025-12-05T02:58:54.533+0000] {logging_mixin.py:154} WARNING - Best trial: 33. Best value: 0.789939:  92%|#########2| 46/50 [00:31<00:04,  1.01s/it, 30.89/60 seconds]
[2025-12-05T02:58:54.533+0000] {logging_mixin.py:154} WARNING - Best trial: 33. Best value: 0.789939:  92%|#########2| 46/50 [00:31<00:04,  1.01s/it, 30.89/60 seconds]
[2025-12-05T02:58:54.533+0000] {logging_mixin.py:154} WARNING - Best trial: 33. Best value: 0.789939:  94%|#########3| 47/50 [00:31<00:02,  1.18it/s, 30.89/60 seconds]
[2025-12-05T02:58:54.534+0000] {logging_mixin.py:154} WARNING - Best trial: 33. Best value: 0.789939:  94%|#########3| 47/50 [00:31<00:02,  1.18it/s, 31.35/60 seconds]
[2025-12-05T02:58:55.118+0000] {logging_mixin.py:154} WARNING -                                                                                                        
[2025-12-05T02:58:55.119+0000] {logging_mixin.py:154} WARNING - 
[2025-12-05T02:58:55.119+0000] {logging_mixin.py:154} INFO - [I 2025-12-05 02:58:55,118] Trial 47 finished with value: 0.7820424948594927 and parameters: {'max_depth': 11, 'learning_rate': 0.01957241330402285, 'subsample': 0.7576000241385276, 'colsample_bytree': 0.7788728215203514, 'min_child_weight': 8, 'gamma': 1.596811976475361, 'n_estimators': 416}. Best is trial 33 with value: 0.7899388171312032.
[2025-12-05T02:58:55.119+0000] {logging_mixin.py:154} WARNING - Best trial: 33. Best value: 0.789939:  94%|#########3| 47/50 [00:31<00:02,  1.18it/s, 31.35/60 seconds]
[2025-12-05T02:58:55.119+0000] {logging_mixin.py:154} WARNING - Best trial: 33. Best value: 0.789939:  94%|#########3| 47/50 [00:31<00:02,  1.18it/s, 31.35/60 seconds]
[2025-12-05T02:58:55.119+0000] {logging_mixin.py:154} WARNING - Best trial: 33. Best value: 0.789939:  96%|#########6| 48/50 [00:31<00:01,  1.30it/s, 31.35/60 seconds]
[2025-12-05T02:58:55.119+0000] {logging_mixin.py:154} WARNING - Best trial: 33. Best value: 0.789939:  96%|#########6| 48/50 [00:31<00:01,  1.30it/s, 31.93/60 seconds]
[2025-12-05T02:58:55.492+0000] {logging_mixin.py:154} WARNING -                                                                                                        
[2025-12-05T02:58:55.492+0000] {logging_mixin.py:154} WARNING - 
[2025-12-05T02:58:55.492+0000] {logging_mixin.py:154} INFO - [I 2025-12-05 02:58:55,492] Trial 48 finished with value: 0.7865397688647179 and parameters: {'max_depth': 10, 'learning_rate': 0.028154950112075194, 'subsample': 0.8937533012704199, 'colsample_bytree': 0.6864149557825444, 'min_child_weight': 5, 'gamma': 2.1214425409044417, 'n_estimators': 389}. Best is trial 33 with value: 0.7899388171312032.
[2025-12-05T02:58:55.492+0000] {logging_mixin.py:154} WARNING - Best trial: 33. Best value: 0.789939:  96%|#########6| 48/50 [00:32<00:01,  1.30it/s, 31.93/60 seconds]
[2025-12-05T02:58:55.493+0000] {logging_mixin.py:154} WARNING - Best trial: 33. Best value: 0.789939:  96%|#########6| 48/50 [00:32<00:01,  1.30it/s, 31.93/60 seconds]
[2025-12-05T02:58:55.493+0000] {logging_mixin.py:154} WARNING - Best trial: 33. Best value: 0.789939:  98%|#########8| 49/50 [00:32<00:00,  1.54it/s, 31.93/60 seconds]
[2025-12-05T02:58:55.493+0000] {logging_mixin.py:154} WARNING - Best trial: 33. Best value: 0.789939:  98%|#########8| 49/50 [00:32<00:00,  1.54it/s, 32.31/60 seconds]
[2025-12-05T02:58:55.938+0000] {logging_mixin.py:154} WARNING -                                                                                                        
[2025-12-05T02:58:55.938+0000] {logging_mixin.py:154} WARNING - 
