[2025-12-05T02:58:23.307+0000] {logging_mixin.py:154} INFO - [I 2025-12-05 02:58:23,307] Trial 0 finished with value: 0.7809589513625388 and parameters: {'max_depth': 7, 'learning_rate': 0.2536999076681772, 'subsample': 0.8659969709057025, 'colsample_bytree': 0.7993292420985183, 'min_child_weight': 2, 'gamma': 0.7799726016810132, 'n_estimators': 76}. Best is trial 0 with value: 0.7809589513625388.
[2025-12-05T02:58:23.307+0000] {logging_mixin.py:154} WARNING -   0%|          | 0/50 [00:00<?, ?it/s]
[2025-12-05T02:58:23.308+0000] {logging_mixin.py:154} WARNING - Best trial: 0. Best value: 0.780959:   0%|          | 0/50 [00:00<?, ?it/s]
[2025-12-05T02:58:23.308+0000] {logging_mixin.py:154} WARNING - Best trial: 0. Best value: 0.780959:   2%|2         | 1/50 [00:00<00:06,  8.14it/s]
[2025-12-05T02:58:23.308+0000] {logging_mixin.py:154} WARNING - Best trial: 0. Best value: 0.780959:   2%|2         | 1/50 [00:00<00:06,  8.14it/s, 0.12/60 seconds]
[2025-12-05T02:58:23.392+0000] {logging_mixin.py:154} WARNING -                                                                                                     
[2025-12-05T02:58:23.393+0000] {logging_mixin.py:154} WARNING - 
[2025-12-05T02:58:23.393+0000] {logging_mixin.py:154} INFO - [I 2025-12-05 02:58:23,392] Trial 1 finished with value: 0.7793008910212474 and parameters: {'max_depth': 14, 'learning_rate': 0.07725378389307355, 'subsample': 0.8540362888980227, 'colsample_bytree': 0.5102922471479012, 'min_child_weight': 10, 'gamma': 4.162213204002109, 'n_estimators': 145}. Best is trial 0 with value: 0.7809589513625388.
[2025-12-05T02:58:23.393+0000] {logging_mixin.py:154} WARNING - Best trial: 0. Best value: 0.780959:   2%|2         | 1/50 [00:00<00:06,  8.14it/s, 0.12/60 seconds]
[2025-12-05T02:58:23.393+0000] {logging_mixin.py:154} WARNING - Best trial: 0. Best value: 0.780959:   2%|2         | 1/50 [00:00<00:06,  8.14it/s, 0.12/60 seconds]
[2025-12-05T02:58:23.393+0000] {logging_mixin.py:154} WARNING - Best trial: 0. Best value: 0.780959:   4%|4         | 2/50 [00:00<00:05,  8.14it/s, 0.21/60 seconds]
[2025-12-05T02:58:23.727+0000] {logging_mixin.py:154} WARNING -                                                                                                     
[2025-12-05T02:58:23.727+0000] {logging_mixin.py:154} WARNING - 
[2025-12-05T02:58:23.728+0000] {logging_mixin.py:154} INFO - [I 2025-12-05 02:58:23,727] Trial 2 finished with value: 0.7827551364095654 and parameters: {'max_depth': 5, 'learning_rate': 0.018659959624904916, 'subsample': 0.6521211214797689, 'colsample_bytree': 0.762378215816119, 'min_child_weight': 5, 'gamma': 1.4561457009902097, 'n_estimators': 325}. Best is trial 2 with value: 0.7827551364095654.
[2025-12-05T02:58:23.728+0000] {logging_mixin.py:154} WARNING - Best trial: 0. Best value: 0.780959:   4%|4         | 2/50 [00:00<00:05,  8.14it/s, 0.21/60 seconds]
[2025-12-05T02:58:23.728+0000] {logging_mixin.py:154} WARNING - Best trial: 2. Best value: 0.782755:   4%|4         | 2/50 [00:00<00:05,  8.14it/s, 0.21/60 seconds]
[2025-12-05T02:58:23.728+0000] {logging_mixin.py:154} WARNING - Best trial: 2. Best value: 0.782755:   6%|6         | 3/50 [00:00<00:08,  5.33it/s, 0.21/60 seconds]
[2025-12-05T02:58:23.728+0000] {logging_mixin.py:154} WARNING - Best trial: 2. Best value: 0.782755:   6%|6         | 3/50 [00:00<00:08,  5.33it/s, 0.54/60 seconds]
[2025-12-05T02:58:24.019+0000] {logging_mixin.py:154} WARNING -                                                                                                     
[2025-12-05T02:58:24.019+0000] {logging_mixin.py:154} WARNING - 
[2025-12-05T02:58:24.019+0000] {logging_mixin.py:154} INFO - [I 2025-12-05 02:58:24,019] Trial 3 finished with value: 0.7797297297297296 and parameters: {'max_depth': 4, 'learning_rate': 0.027010527749605478, 'subsample': 0.6831809216468459, 'colsample_bytree': 0.728034992108518, 'min_child_weight': 8, 'gamma': 0.9983689107917987, 'n_estimators': 281}. Best is trial 2 with value: 0.7827551364095654.
[2025-12-05T02:58:24.019+0000] {logging_mixin.py:154} WARNING - Best trial: 2. Best value: 0.782755:   6%|6         | 3/50 [00:00<00:08,  5.33it/s, 0.54/60 seconds]
[2025-12-05T02:58:24.020+0000] {logging_mixin.py:154} WARNING - Best trial: 2. Best value: 0.782755:   6%|6         | 3/50 [00:00<00:08,  5.33it/s, 0.54/60 seconds]
[2025-12-05T02:58:24.020+0000] {logging_mixin.py:154} WARNING - Best trial: 2. Best value: 0.782755:   8%|8         | 4/50 [00:00<00:10,  4.47it/s, 0.54/60 seconds]
[2025-12-05T02:58:24.020+0000] {logging_mixin.py:154} WARNING - Best trial: 2. Best value: 0.782755:   8%|8         | 4/50 [00:00<00:10,  4.47it/s, 0.83/60 seconds]
[2025-12-05T02:58:24.431+0000] {logging_mixin.py:154} WARNING -                                                                                                     
[2025-12-05T02:58:24.432+0000] {logging_mixin.py:154} WARNING - 
[2025-12-05T02:58:24.432+0000] {logging_mixin.py:154} INFO - [I 2025-12-05 02:58:24,431] Trial 4 finished with value: 0.7841677943166442 and parameters: {'max_depth': 10, 'learning_rate': 0.011711509955524094, 'subsample': 0.8037724259507192, 'colsample_bytree': 0.5852620618436457, 'min_child_weight': 1, 'gamma': 4.7444276862666666, 'n_estimators': 485}. Best is trial 4 with value: 0.7841677943166442.
[2025-12-05T02:58:24.432+0000] {logging_mixin.py:154} WARNING - Best trial: 2. Best value: 0.782755:   8%|8         | 4/50 [00:01<00:10,  4.47it/s, 0.83/60 seconds]
[2025-12-05T02:58:24.432+0000] {logging_mixin.py:154} WARNING - Best trial: 4. Best value: 0.784168:   8%|8         | 4/50 [00:01<00:10,  4.47it/s, 0.83/60 seconds]
[2025-12-05T02:58:24.432+0000] {logging_mixin.py:154} WARNING - Best trial: 4. Best value: 0.784168:  10%|#         | 5/50 [00:01<00:12,  3.50it/s, 0.83/60 seconds]
[2025-12-05T02:58:24.432+0000] {logging_mixin.py:154} WARNING - Best trial: 4. Best value: 0.784168:  10%|#         | 5/50 [00:01<00:12,  3.50it/s, 1.25/60 seconds]
[2025-12-05T02:58:24.793+0000] {logging_mixin.py:154} WARNING -                                                                                                     
[2025-12-05T02:58:24.793+0000] {logging_mixin.py:154} WARNING - 
[2025-12-05T02:58:24.794+0000] {logging_mixin.py:154} INFO - [I 2025-12-05 02:58:24,793] Trial 5 finished with value: 0.7777393708952645 and parameters: {'max_depth': 13, 'learning_rate': 0.028180680291847244, 'subsample': 0.5488360570031919, 'colsample_bytree': 0.8421165132560784, 'min_child_weight': 5, 'gamma': 0.6101911742238941, 'n_estimators': 273}. Best is trial 4 with value: 0.7841677943166442.
[2025-12-05T02:58:24.794+0000] {logging_mixin.py:154} WARNING - Best trial: 4. Best value: 0.784168:  10%|#         | 5/50 [00:01<00:12,  3.50it/s, 1.25/60 seconds]
[2025-12-05T02:58:24.794+0000] {logging_mixin.py:154} WARNING - Best trial: 4. Best value: 0.784168:  10%|#         | 5/50 [00:01<00:12,  3.50it/s, 1.25/60 seconds]
[2025-12-05T02:58:24.794+0000] {logging_mixin.py:154} WARNING - Best trial: 4. Best value: 0.784168:  12%|#2        | 6/50 [00:01<00:13,  3.22it/s, 1.25/60 seconds]
[2025-12-05T02:58:24.794+0000] {logging_mixin.py:154} WARNING - Best trial: 4. Best value: 0.784168:  12%|#2        | 6/50 [00:01<00:13,  3.22it/s, 1.61/60 seconds]
[2025-12-05T02:58:24.935+0000] {logging_mixin.py:154} WARNING -                                                                                                     
[2025-12-05T02:58:24.935+0000] {logging_mixin.py:154} WARNING - 
[2025-12-05T02:58:24.935+0000] {logging_mixin.py:154} INFO - [I 2025-12-05 02:58:24,935] Trial 6 finished with value: 0.7735719201651755 and parameters: {'max_depth': 3, 'learning_rate': 0.22038218939289875, 'subsample': 0.6293899908000085, 'colsample_bytree': 0.831261142176991, 'min_child_weight': 4, 'gamma': 2.600340105889054, 'n_estimators': 296}. Best is trial 4 with value: 0.7841677943166442.
[2025-12-05T02:58:24.935+0000] {logging_mixin.py:154} WARNING - Best trial: 4. Best value: 0.784168:  12%|#2        | 6/50 [00:01<00:13,  3.22it/s, 1.61/60 seconds]
[2025-12-05T02:58:24.936+0000] {logging_mixin.py:154} WARNING - Best trial: 4. Best value: 0.784168:  12%|#2        | 6/50 [00:01<00:13,  3.22it/s, 1.61/60 seconds]
[2025-12-05T02:58:24.936+0000] {logging_mixin.py:154} WARNING - Best trial: 4. Best value: 0.784168:  14%|#4        | 7/50 [00:01<00:11,  3.89it/s, 1.61/60 seconds]
[2025-12-05T02:58:24.936+0000] {logging_mixin.py:154} WARNING - Best trial: 4. Best value: 0.784168:  14%|#4        | 7/50 [00:01<00:11,  3.89it/s, 1.75/60 seconds]
[2025-12-05T02:58:25.182+0000] {logging_mixin.py:154} WARNING -                                                                                                     
[2025-12-05T02:58:25.182+0000] {logging_mixin.py:154} WARNING - 
[2025-12-05T02:58:25.182+0000] {logging_mixin.py:154} INFO - [I 2025-12-05 02:58:25,181] Trial 7 finished with value: 0.780835881753313 and parameters: {'max_depth': 5, 'learning_rate': 0.27051668818999286, 'subsample': 0.8875664116805573, 'colsample_bytree': 0.9697494707820946, 'min_child_weight': 9, 'gamma': 2.9894998940554256, 'n_estimators': 465}. Best is trial 4 with value: 0.7841677943166442.
[2025-12-05T02:58:25.182+0000] {logging_mixin.py:154} WARNING - Best trial: 4. Best value: 0.784168:  14%|#4        | 7/50 [00:01<00:11,  3.89it/s, 1.75/60 seconds]
[2025-12-05T02:58:25.182+0000] {logging_mixin.py:154} WARNING - Best trial: 4. Best value: 0.784168:  14%|#4        | 7/50 [00:01<00:11,  3.89it/s, 1.75/60 seconds]
[2025-12-05T02:58:25.182+0000] {logging_mixin.py:154} WARNING - Best trial: 4. Best value: 0.784168:  16%|#6        | 8/50 [00:01<00:10,  3.94it/s, 1.75/60 seconds]
[2025-12-05T02:58:25.183+0000] {logging_mixin.py:154} WARNING - Best trial: 4. Best value: 0.784168:  16%|#6        | 8/50 [00:01<00:10,  3.94it/s, 2.00/60 seconds]
[2025-12-05T02:58:25.413+0000] {logging_mixin.py:154} WARNING -                                                                                                     
[2025-12-05T02:58:25.413+0000] {logging_mixin.py:154} WARNING - 
[2025-12-05T02:58:25.413+0000] {logging_mixin.py:154} INFO - [I 2025-12-05 02:58:25,413] Trial 8 finished with value: 0.7824620573355818 and parameters: {'max_depth': 4, 'learning_rate': 0.01947558230629543, 'subsample': 0.522613644455269, 'colsample_bytree': 0.6626651653816322, 'min_child_weight': 4, 'gamma': 1.3567451588694794, 'n_estimators': 423}. Best is trial 4 with value: 0.7841677943166442.
[2025-12-05T02:58:25.413+0000] {logging_mixin.py:154} WARNING - Best trial: 4. Best value: 0.784168:  16%|#6        | 8/50 [00:02<00:10,  3.94it/s, 2.00/60 seconds]
[2025-12-05T02:58:25.414+0000] {logging_mixin.py:154} WARNING - Best trial: 4. Best value: 0.784168:  16%|#6        | 8/50 [00:02<00:10,  3.94it/s, 2.00/60 seconds]
[2025-12-05T02:58:25.414+0000] {logging_mixin.py:154} WARNING - Best trial: 4. Best value: 0.784168:  18%|#8        | 9/50 [00:02<00:10,  4.05it/s, 2.00/60 seconds]
[2025-12-05T02:58:25.414+0000] {logging_mixin.py:154} WARNING - Best trial: 4. Best value: 0.784168:  18%|#8        | 9/50 [00:02<00:10,  4.05it/s, 2.23/60 seconds]
[2025-12-05T02:58:26.821+0000] {logging_mixin.py:154} WARNING -                                                                                                     
[2025-12-05T02:58:26.821+0000] {logging_mixin.py:154} WARNING - 
[2025-12-05T02:58:26.821+0000] {logging_mixin.py:154} INFO - [I 2025-12-05 02:58:26,821] Trial 9 finished with value: 0.7850531367843675 and parameters: {'max_depth': 7, 'learning_rate': 0.026000059117302653, 'subsample': 0.7713480415791243, 'colsample_bytree': 0.5704621124873813, 'min_child_weight': 9, 'gamma': 0.3727532183988541, 'n_estimators': 495}. Best is trial 9 with value: 0.7850531367843675.
[2025-12-05T02:58:26.821+0000] {logging_mixin.py:154} WARNING - Best trial: 4. Best value: 0.784168:  18%|#8        | 9/50 [00:03<00:10,  4.05it/s, 2.23/60 seconds]
[2025-12-05T02:58:26.822+0000] {logging_mixin.py:154} WARNING - Best trial: 9. Best value: 0.785053:  18%|#8        | 9/50 [00:03<00:10,  4.05it/s, 2.23/60 seconds]
[2025-12-05T02:58:26.822+0000] {logging_mixin.py:154} WARNING - Best trial: 9. Best value: 0.785053:  20%|##        | 10/50 [00:03<00:24,  1.66it/s, 2.23/60 seconds]
[2025-12-05T02:58:26.822+0000] {logging_mixin.py:154} WARNING - Best trial: 9. Best value: 0.785053:  20%|##        | 10/50 [00:03<00:24,  1.66it/s, 3.64/60 seconds]
[2025-12-05T02:58:27.111+0000] {logging_mixin.py:154} WARNING -                                                                                                      
[2025-12-05T02:58:27.111+0000] {logging_mixin.py:154} WARNING - 
[2025-12-05T02:58:27.111+0000] {logging_mixin.py:154} INFO - [I 2025-12-05 02:58:27,111] Trial 10 finished with value: 0.7816804407713499 and parameters: {'max_depth': 9, 'learning_rate': 0.050022091577274774, 'subsample': 0.9847685553939328, 'colsample_bytree': 0.5089809378074097, 'min_child_weight': 7, 'gamma': 0.19362599980591444, 'n_estimators': 379}. Best is trial 9 with value: 0.7850531367843675.
[2025-12-05T02:58:27.112+0000] {logging_mixin.py:154} WARNING - Best trial: 9. Best value: 0.785053:  20%|##        | 10/50 [00:03<00:24,  1.66it/s, 3.64/60 seconds]
[2025-12-05T02:58:27.112+0000] {logging_mixin.py:154} WARNING - Best trial: 9. Best value: 0.785053:  20%|##        | 10/50 [00:03<00:24,  1.66it/s, 3.64/60 seconds]
[2025-12-05T02:58:27.112+0000] {logging_mixin.py:154} WARNING - Best trial: 9. Best value: 0.785053:  22%|##2       | 11/50 [00:03<00:19,  1.97it/s, 3.64/60 seconds]
[2025-12-05T02:58:27.112+0000] {logging_mixin.py:154} WARNING - Best trial: 9. Best value: 0.785053:  22%|##2       | 11/50 [00:03<00:19,  1.97it/s, 3.93/60 seconds]
[2025-12-05T02:58:28.479+0000] {logging_mixin.py:154} WARNING -                                                                                                      
[2025-12-05T02:58:28.479+0000] {logging_mixin.py:154} WARNING - 
[2025-12-05T02:58:28.479+0000] {logging_mixin.py:154} INFO - [I 2025-12-05 02:58:28,478] Trial 11 finished with value: 0.7849644429393837 and parameters: {'max_depth': 11, 'learning_rate': 0.01073717061321354, 'subsample': 0.7632960276972384, 'colsample_bytree': 0.6088980592730089, 'min_child_weight': 1, 'gamma': 4.623808979969583, 'n_estimators': 497}. Best is trial 9 with value: 0.7850531367843675.
[2025-12-05T02:58:28.479+0000] {logging_mixin.py:154} WARNING - Best trial: 9. Best value: 0.785053:  22%|##2       | 11/50 [00:05<00:19,  1.97it/s, 3.93/60 seconds]
[2025-12-05T02:58:28.479+0000] {logging_mixin.py:154} WARNING - Best trial: 9. Best value: 0.785053:  22%|##2       | 11/50 [00:05<00:19,  1.97it/s, 3.93/60 seconds]
[2025-12-05T02:58:28.479+0000] {logging_mixin.py:154} WARNING - Best trial: 9. Best value: 0.785053:  24%|##4       | 12/50 [00:05<00:29,  1.30it/s, 3.93/60 seconds]
[2025-12-05T02:58:28.480+0000] {logging_mixin.py:154} WARNING - Best trial: 9. Best value: 0.785053:  24%|##4       | 12/50 [00:05<00:29,  1.30it/s, 5.29/60 seconds]
[2025-12-05T02:58:29.574+0000] {logging_mixin.py:154} WARNING -                                                                                                      
[2025-12-05T02:58:29.575+0000] {logging_mixin.py:154} WARNING - 
[2025-12-05T02:58:29.575+0000] {logging_mixin.py:154} INFO - [I 2025-12-05 02:58:29,574] Trial 12 finished with value: 0.7808032675289313 and parameters: {'max_depth': 11, 'learning_rate': 0.010404091860330218, 'subsample': 0.7537045194904959, 'colsample_bytree': 0.6096892849041401, 'min_child_weight': 7, 'gamma': 3.639914234298688, 'n_estimators': 487}. Best is trial 9 with value: 0.7850531367843675.
[2025-12-05T02:58:29.575+0000] {logging_mixin.py:154} WARNING - Best trial: 9. Best value: 0.785053:  24%|##4       | 12/50 [00:06<00:29,  1.30it/s, 5.29/60 seconds]
[2025-12-05T02:58:29.576+0000] {logging_mixin.py:154} WARNING - Best trial: 9. Best value: 0.785053:  24%|##4       | 12/50 [00:06<00:29,  1.30it/s, 5.29/60 seconds]
[2025-12-05T02:58:29.576+0000] {logging_mixin.py:154} WARNING - Best trial: 9. Best value: 0.785053:  26%|##6       | 13/50 [00:06<00:32,  1.15it/s, 5.29/60 seconds]
[2025-12-05T02:58:29.576+0000] {logging_mixin.py:154} WARNING - Best trial: 9. Best value: 0.785053:  26%|##6       | 13/50 [00:06<00:32,  1.15it/s, 6.39/60 seconds]
[2025-12-05T02:58:29.893+0000] {logging_mixin.py:154} WARNING -                                                                                                      
[2025-12-05T02:58:29.893+0000] {logging_mixin.py:154} WARNING - 
[2025-12-05T02:58:29.894+0000] {logging_mixin.py:154} INFO - [I 2025-12-05 02:58:29,893] Trial 13 finished with value: 0.786874154262517 and parameters: {'max_depth': 8, 'learning_rate': 0.010706750551672943, 'subsample': 0.748020656084857, 'colsample_bytree': 0.6468115981014726, 'min_child_weight': 2, 'gamma': 1.9681551632316507, 'n_estimators': 371}. Best is trial 13 with value: 0.786874154262517.
[2025-12-05T02:58:29.894+0000] {logging_mixin.py:154} WARNING - Best trial: 9. Best value: 0.785053:  26%|##6       | 13/50 [00:06<00:32,  1.15it/s, 6.39/60 seconds]
[2025-12-05T02:58:29.894+0000] {logging_mixin.py:154} WARNING - Best trial: 13. Best value: 0.786874:  26%|##6       | 13/50 [00:06<00:32,  1.15it/s, 6.39/60 seconds]
[2025-12-05T02:58:29.894+0000] {logging_mixin.py:154} WARNING - Best trial: 13. Best value: 0.786874:  28%|##8       | 14/50 [00:06<00:25,  1.43it/s, 6.39/60 seconds]
[2025-12-05T02:58:29.895+0000] {logging_mixin.py:154} WARNING - Best trial: 13. Best value: 0.786874:  28%|##8       | 14/50 [00:06<00:25,  1.43it/s, 6.71/60 seconds]
[2025-12-05T02:58:30.305+0000] {logging_mixin.py:154} WARNING -                                                                                                       
[2025-12-05T02:58:30.305+0000] {logging_mixin.py:154} WARNING - 
[2025-12-05T02:58:30.305+0000] {logging_mixin.py:154} INFO - [I 2025-12-05 02:58:30,304] Trial 14 finished with value: 0.7845003399048266 and parameters: {'max_depth': 7, 'learning_rate': 0.01698679916169382, 'subsample': 0.707661700807858, 'colsample_bytree': 0.6762958873506789, 'min_child_weight': 3, 'gamma': 1.9568606917958216, 'n_estimators': 375}. Best is trial 13 with value: 0.786874154262517.
[2025-12-05T02:58:30.305+0000] {logging_mixin.py:154} WARNING - Best trial: 13. Best value: 0.786874:  28%|##8       | 14/50 [00:07<00:25,  1.43it/s, 6.71/60 seconds]
[2025-12-05T02:58:30.305+0000] {logging_mixin.py:154} WARNING - Best trial: 13. Best value: 0.786874:  28%|##8       | 14/50 [00:07<00:25,  1.43it/s, 6.71/60 seconds]
[2025-12-05T02:58:30.306+0000] {logging_mixin.py:154} WARNING - Best trial: 13. Best value: 0.786874:  30%|###       | 15/50 [00:07<00:21,  1.63it/s, 6.71/60 seconds]
[2025-12-05T02:58:30.306+0000] {logging_mixin.py:154} WARNING - Best trial: 13. Best value: 0.786874:  30%|###       | 15/50 [00:07<00:21,  1.63it/s, 7.12/60 seconds]
[2025-12-05T02:58:30.581+0000] {logging_mixin.py:154} WARNING -                                                                                                       
[2025-12-05T02:58:30.581+0000] {logging_mixin.py:154} WARNING - 
[2025-12-05T02:58:30.581+0000] {logging_mixin.py:154} INFO - [I 2025-12-05 02:58:30,581] Trial 15 finished with value: 0.7830832196452933 and parameters: {'max_depth': 8, 'learning_rate': 0.03249788109538154, 'subsample': 0.7974908756593923, 'colsample_bytree': 0.5674526345063926, 'min_child_weight': 7, 'gamma': 1.972773000560165, 'n_estimators': 181}. Best is trial 13 with value: 0.786874154262517.
[2025-12-05T02:58:30.581+0000] {logging_mixin.py:154} WARNING - Best trial: 13. Best value: 0.786874:  30%|###       | 15/50 [00:07<00:21,  1.63it/s, 7.12/60 seconds]
[2025-12-05T02:58:30.581+0000] {logging_mixin.py:154} WARNING - Best trial: 13. Best value: 0.786874:  30%|###       | 15/50 [00:07<00:21,  1.63it/s, 7.12/60 seconds]
[2025-12-05T02:58:30.581+0000] {logging_mixin.py:154} WARNING - Best trial: 13. Best value: 0.786874:  32%|###2      | 16/50 [00:07<00:17,  1.95it/s, 7.12/60 seconds]
[2025-12-05T02:58:30.582+0000] {logging_mixin.py:154} WARNING - Best trial: 13. Best value: 0.786874:  32%|###2      | 16/50 [00:07<00:17,  1.95it/s, 7.40/60 seconds]
[2025-12-05T02:58:30.993+0000] {logging_mixin.py:154} WARNING -                                                                                                       
[2025-12-05T02:58:30.993+0000] {logging_mixin.py:154} WARNING - 
[2025-12-05T02:58:30.993+0000] {logging_mixin.py:154} INFO - [I 2025-12-05 02:58:30,993] Trial 16 finished with value: 0.7802197802197802 and parameters: {'max_depth': 7, 'learning_rate': 0.01474202377188197, 'subsample': 0.7049223207318357, 'colsample_bytree': 0.6821463503080146, 'min_child_weight': 10, 'gamma': 0.013348678089825372, 'n_estimators': 398}. Best is trial 13 with value: 0.786874154262517.
[2025-12-05T02:58:30.993+0000] {logging_mixin.py:154} WARNING - Best trial: 13. Best value: 0.786874:  32%|###2      | 16/50 [00:07<00:17,  1.95it/s, 7.40/60 seconds]
[2025-12-05T02:58:30.994+0000] {logging_mixin.py:154} WARNING - Best trial: 13. Best value: 0.786874:  32%|###2      | 16/50 [00:07<00:17,  1.95it/s, 7.40/60 seconds]
[2025-12-05T02:58:30.994+0000] {logging_mixin.py:154} WARNING - Best trial: 13. Best value: 0.786874:  34%|###4      | 17/50 [00:07<00:15,  2.07it/s, 7.40/60 seconds]
[2025-12-05T02:58:30.994+0000] {logging_mixin.py:154} WARNING - Best trial: 13. Best value: 0.786874:  34%|###4      | 17/50 [00:07<00:15,  2.07it/s, 7.81/60 seconds]
[2025-12-05T02:58:32.071+0000] {logging_mixin.py:154} WARNING -                                                                                                       
[2025-12-05T02:58:32.071+0000] {logging_mixin.py:154} WARNING - 
