[2025-12-05T02:58:32.071+0000] {logging_mixin.py:154} INFO - [I 2025-12-05 02:58:32,071] Trial 17 finished with value: 0.7840327533265097 and parameters: {'max_depth': 6, 'learning_rate': 0.04275815077038233, 'subsample': 0.6145187213147563, 'colsample_bytree': 0.5607041486304973, 'min_child_weight': 6, 'gamma': 1.853078808779741, 'n_estimators': 435}. Best is trial 13 with value: 0.786874154262517.
[2025-12-05T02:58:32.072+0000] {logging_mixin.py:154} WARNING - Best trial: 13. Best value: 0.786874:  34%|###4      | 17/50 [00:08<00:15,  2.07it/s, 7.81/60 seconds]
[2025-12-05T02:58:32.072+0000] {logging_mixin.py:154} WARNING - Best trial: 13. Best value: 0.786874:  34%|###4      | 17/50 [00:08<00:15,  2.07it/s, 7.81/60 seconds]
[2025-12-05T02:58:32.072+0000] {logging_mixin.py:154} WARNING - Best trial: 13. Best value: 0.786874:  36%|###6      | 18/50 [00:08<00:21,  1.51it/s, 7.81/60 seconds]
[2025-12-05T02:58:32.072+0000] {logging_mixin.py:154} WARNING - Best trial: 13. Best value: 0.786874:  36%|###6      | 18/50 [00:08<00:21,  1.51it/s, 8.89/60 seconds]
[2025-12-05T02:58:34.267+0000] {logging_mixin.py:154} WARNING -                                                                                                       
[2025-12-05T02:58:34.267+0000] {logging_mixin.py:154} WARNING - 
[2025-12-05T02:58:34.267+0000] {logging_mixin.py:154} INFO - [I 2025-12-05 02:58:34,267] Trial 18 finished with value: 0.7872412623006446 and parameters: {'max_depth': 9, 'learning_rate': 0.019997732895674577, 'subsample': 0.7268653811328937, 'colsample_bytree': 0.6389384604720569, 'min_child_weight': 2, 'gamma': 2.5458910137836117, 'n_estimators': 350}. Best is trial 18 with value: 0.7872412623006446.
[2025-12-05T02:58:34.267+0000] {logging_mixin.py:154} WARNING - Best trial: 13. Best value: 0.786874:  36%|###6      | 18/50 [00:11<00:21,  1.51it/s, 8.89/60 seconds]
[2025-12-05T02:58:34.268+0000] {logging_mixin.py:154} WARNING - Best trial: 18. Best value: 0.787241:  36%|###6      | 18/50 [00:11<00:21,  1.51it/s, 8.89/60 seconds]
[2025-12-05T02:58:34.268+0000] {logging_mixin.py:154} WARNING - Best trial: 18. Best value: 0.787241:  38%|###8      | 19/50 [00:11<00:34,  1.12s/it, 8.89/60 seconds]
[2025-12-05T02:58:34.268+0000] {logging_mixin.py:154} WARNING - Best trial: 18. Best value: 0.787241:  38%|###8      | 19/50 [00:11<00:34,  1.12s/it, 11.08/60 seconds]
[2025-12-05T02:58:34.577+0000] {logging_mixin.py:154} WARNING -                                                                                                        
[2025-12-05T02:58:34.578+0000] {logging_mixin.py:154} WARNING - 
[2025-12-05T02:58:34.578+0000] {logging_mixin.py:154} INFO - [I 2025-12-05 02:58:34,577] Trial 19 finished with value: 0.7835541963982331 and parameters: {'max_depth': 9, 'learning_rate': 0.013977087341011527, 'subsample': 0.5889680188468636, 'colsample_bytree': 0.643026126994367, 'min_child_weight': 2, 'gamma': 2.7168101155687836, 'n_estimators': 344}. Best is trial 18 with value: 0.7872412623006446.
[2025-12-05T02:58:34.578+0000] {logging_mixin.py:154} WARNING - Best trial: 18. Best value: 0.787241:  38%|###8      | 19/50 [00:11<00:34,  1.12s/it, 11.08/60 seconds]
[2025-12-05T02:58:34.578+0000] {logging_mixin.py:154} WARNING - Best trial: 18. Best value: 0.787241:  38%|###8      | 19/50 [00:11<00:34,  1.12s/it, 11.08/60 seconds]
[2025-12-05T02:58:34.578+0000] {logging_mixin.py:154} WARNING - Best trial: 18. Best value: 0.787241:  40%|####      | 20/50 [00:11<00:26,  1.14it/s, 11.08/60 seconds]
[2025-12-05T02:58:34.578+0000] {logging_mixin.py:154} WARNING - Best trial: 18. Best value: 0.787241:  40%|####      | 20/50 [00:11<00:26,  1.14it/s, 11.39/60 seconds]
[2025-12-05T02:58:34.926+0000] {logging_mixin.py:154} WARNING -                                                                                                        
[2025-12-05T02:58:34.927+0000] {logging_mixin.py:154} WARNING - 
[2025-12-05T02:58:34.927+0000] {logging_mixin.py:154} INFO - [I 2025-12-05 02:58:34,926] Trial 20 finished with value: 0.7838205302515295 and parameters: {'max_depth': 12, 'learning_rate': 0.021348106540406187, 'subsample': 0.713173333047047, 'colsample_bytree': 0.683199140604185, 'min_child_weight': 3, 'gamma': 3.3848865321308956, 'n_estimators': 216}. Best is trial 18 with value: 0.7872412623006446.
[2025-12-05T02:58:34.927+0000] {logging_mixin.py:154} WARNING - Best trial: 18. Best value: 0.787241:  40%|####      | 20/50 [00:11<00:26,  1.14it/s, 11.39/60 seconds]
[2025-12-05T02:58:34.927+0000] {logging_mixin.py:154} WARNING - Best trial: 18. Best value: 0.787241:  40%|####      | 20/50 [00:11<00:26,  1.14it/s, 11.39/60 seconds]
[2025-12-05T02:58:34.927+0000] {logging_mixin.py:154} WARNING - Best trial: 18. Best value: 0.787241:  42%|####2     | 21/50 [00:11<00:20,  1.39it/s, 11.39/60 seconds]
[2025-12-05T02:58:34.928+0000] {logging_mixin.py:154} WARNING - Best trial: 18. Best value: 0.787241:  42%|####2     | 21/50 [00:11<00:20,  1.39it/s, 11.74/60 seconds]
[2025-12-05T02:58:35.175+0000] {logging_mixin.py:154} WARNING -                                                                                                        
[2025-12-05T02:58:35.175+0000] {logging_mixin.py:154} WARNING - 
[2025-12-05T02:58:35.175+0000] {logging_mixin.py:154} INFO - [I 2025-12-05 02:58:35,175] Trial 21 finished with value: 0.7857627118644067 and parameters: {'max_depth': 8, 'learning_rate': 0.014062606700632625, 'subsample': 0.6684236508968989, 'colsample_bytree': 0.6349121578360457, 'min_child_weight': 2, 'gamma': 2.3879738784137254, 'n_estimators': 235}. Best is trial 18 with value: 0.7872412623006446.
[2025-12-05T02:58:35.175+0000] {logging_mixin.py:154} WARNING - Best trial: 18. Best value: 0.787241:  42%|####2     | 21/50 [00:11<00:20,  1.39it/s, 11.74/60 seconds]
[2025-12-05T02:58:35.176+0000] {logging_mixin.py:154} WARNING - Best trial: 18. Best value: 0.787241:  42%|####2     | 21/50 [00:11<00:20,  1.39it/s, 11.74/60 seconds]
[2025-12-05T02:58:35.176+0000] {logging_mixin.py:154} WARNING - Best trial: 18. Best value: 0.787241:  44%|####4     | 22/50 [00:11<00:16,  1.73it/s, 11.74/60 seconds]
[2025-12-05T02:58:35.176+0000] {logging_mixin.py:154} WARNING - Best trial: 18. Best value: 0.787241:  44%|####4     | 22/50 [00:11<00:16,  1.73it/s, 11.99/60 seconds]
[2025-12-05T02:58:35.564+0000] {logging_mixin.py:154} WARNING -                                                                                                        
[2025-12-05T02:58:35.565+0000] {logging_mixin.py:154} WARNING - 
[2025-12-05T02:58:35.565+0000] {logging_mixin.py:154} INFO - [I 2025-12-05 02:58:35,564] Trial 22 finished with value: 0.7845528455284553 and parameters: {'max_depth': 10, 'learning_rate': 0.013686736188074923, 'subsample': 0.663256749636801, 'colsample_bytree': 0.6410973866392413, 'min_child_weight': 2, 'gamma': 2.3075292735056783, 'n_estimators': 250}. Best is trial 18 with value: 0.7872412623006446.
[2025-12-05T02:58:35.565+0000] {logging_mixin.py:154} WARNING - Best trial: 18. Best value: 0.787241:  44%|####4     | 22/50 [00:12<00:16,  1.73it/s, 11.99/60 seconds]
[2025-12-05T02:58:35.565+0000] {logging_mixin.py:154} WARNING - Best trial: 18. Best value: 0.787241:  44%|####4     | 22/50 [00:12<00:16,  1.73it/s, 11.99/60 seconds]
[2025-12-05T02:58:35.565+0000] {logging_mixin.py:154} WARNING - Best trial: 18. Best value: 0.787241:  46%|####6     | 23/50 [00:12<00:14,  1.92it/s, 11.99/60 seconds]
[2025-12-05T02:58:35.565+0000] {logging_mixin.py:154} WARNING - Best trial: 18. Best value: 0.787241:  46%|####6     | 23/50 [00:12<00:14,  1.92it/s, 12.38/60 seconds]
[2025-12-05T02:58:35.907+0000] {logging_mixin.py:154} WARNING -                                                                                                        
[2025-12-05T02:58:35.907+0000] {logging_mixin.py:154} WARNING - 
[2025-12-05T02:58:35.907+0000] {logging_mixin.py:154} INFO - [I 2025-12-05 02:58:35,907] Trial 23 finished with value: 0.783728813559322 and parameters: {'max_depth': 8, 'learning_rate': 0.010807507692797902, 'subsample': 0.7209248089918716, 'colsample_bytree': 0.7286292951819917, 'min_child_weight': 3, 'gamma': 2.332245322505861, 'n_estimators': 334}. Best is trial 18 with value: 0.7872412623006446.
[2025-12-05T02:58:35.907+0000] {logging_mixin.py:154} WARNING - Best trial: 18. Best value: 0.787241:  46%|####6     | 23/50 [00:12<00:14,  1.92it/s, 12.38/60 seconds]
[2025-12-05T02:58:35.908+0000] {logging_mixin.py:154} WARNING - Best trial: 18. Best value: 0.787241:  46%|####6     | 23/50 [00:12<00:14,  1.92it/s, 12.38/60 seconds]
[2025-12-05T02:58:35.908+0000] {logging_mixin.py:154} WARNING - Best trial: 18. Best value: 0.787241:  48%|####8     | 24/50 [00:12<00:12,  2.14it/s, 12.38/60 seconds]
[2025-12-05T02:58:35.908+0000] {logging_mixin.py:154} WARNING - Best trial: 18. Best value: 0.787241:  48%|####8     | 24/50 [00:12<00:12,  2.14it/s, 12.72/60 seconds]
[2025-12-05T02:58:36.128+0000] {logging_mixin.py:154} WARNING -                                                                                                        
[2025-12-05T02:58:36.128+0000] {logging_mixin.py:154} WARNING - 
[2025-12-05T02:58:36.128+0000] {logging_mixin.py:154} INFO - [I 2025-12-05 02:58:36,128] Trial 24 finished with value: 0.7829642248722317 and parameters: {'max_depth': 10, 'learning_rate': 0.014693948284007628, 'subsample': 0.6584533293940609, 'colsample_bytree': 0.6242933866914708, 'min_child_weight': 1, 'gamma': 3.142022924436989, 'n_estimators': 210}. Best is trial 18 with value: 0.7872412623006446.
[2025-12-05T02:58:36.129+0000] {logging_mixin.py:154} WARNING - Best trial: 18. Best value: 0.787241:  48%|####8     | 24/50 [00:12<00:12,  2.14it/s, 12.72/60 seconds]
[2025-12-05T02:58:36.129+0000] {logging_mixin.py:154} WARNING - Best trial: 18. Best value: 0.787241:  48%|####8     | 24/50 [00:12<00:12,  2.14it/s, 12.72/60 seconds]
[2025-12-05T02:58:36.129+0000] {logging_mixin.py:154} WARNING - Best trial: 18. Best value: 0.787241:  50%|#####     | 25/50 [00:12<00:09,  2.54it/s, 12.72/60 seconds]
[2025-12-05T02:58:36.129+0000] {logging_mixin.py:154} WARNING - Best trial: 18. Best value: 0.787241:  50%|#####     | 25/50 [00:12<00:09,  2.54it/s, 12.94/60 seconds]
[2025-12-05T02:58:36.399+0000] {logging_mixin.py:154} WARNING -                                                                                                        
[2025-12-05T02:58:36.399+0000] {logging_mixin.py:154} WARNING - 
[2025-12-05T02:58:36.399+0000] {logging_mixin.py:154} INFO - [I 2025-12-05 02:58:36,399] Trial 25 finished with value: 0.7836456558773425 and parameters: {'max_depth': 9, 'learning_rate': 0.020969859867987023, 'subsample': 0.5799372287710487, 'colsample_bytree': 0.7148660508811218, 'min_child_weight': 4, 'gamma': 2.6319541939911635, 'n_estimators': 310}. Best is trial 18 with value: 0.7872412623006446.
[2025-12-05T02:58:36.399+0000] {logging_mixin.py:154} WARNING - Best trial: 18. Best value: 0.787241:  50%|#####     | 25/50 [00:13<00:09,  2.54it/s, 12.94/60 seconds]
[2025-12-05T02:58:36.400+0000] {logging_mixin.py:154} WARNING - Best trial: 18. Best value: 0.787241:  50%|#####     | 25/50 [00:13<00:09,  2.54it/s, 12.94/60 seconds]
[2025-12-05T02:58:36.400+0000] {logging_mixin.py:154} WARNING - Best trial: 18. Best value: 0.787241:  52%|#####2    | 26/50 [00:13<00:08,  2.80it/s, 12.94/60 seconds]
[2025-12-05T02:58:36.400+0000] {logging_mixin.py:154} WARNING - Best trial: 18. Best value: 0.787241:  52%|#####2    | 26/50 [00:13<00:08,  2.80it/s, 13.21/60 seconds]
[2025-12-05T02:58:36.566+0000] {logging_mixin.py:154} WARNING -                                                                                                        
[2025-12-05T02:58:36.567+0000] {logging_mixin.py:154} WARNING - 
[2025-12-05T02:58:36.567+0000] {logging_mixin.py:154} INFO - [I 2025-12-05 02:58:36,566] Trial 26 finished with value: 0.7818986049676762 and parameters: {'max_depth': 15, 'learning_rate': 0.01635206441526004, 'subsample': 0.7327122497128111, 'colsample_bytree': 0.6292781094949126, 'min_child_weight': 2, 'gamma': 2.1915455021344177, 'n_estimators': 124}. Best is trial 18 with value: 0.7872412623006446.
[2025-12-05T02:58:36.567+0000] {logging_mixin.py:154} WARNING - Best trial: 18. Best value: 0.787241:  52%|#####2    | 26/50 [00:13<00:08,  2.80it/s, 13.21/60 seconds]
[2025-12-05T02:58:36.567+0000] {logging_mixin.py:154} WARNING - Best trial: 18. Best value: 0.787241:  52%|#####2    | 26/50 [00:13<00:08,  2.80it/s, 13.21/60 seconds]
[2025-12-05T02:58:36.567+0000] {logging_mixin.py:154} WARNING - Best trial: 18. Best value: 0.787241:  54%|#####4    | 27/50 [00:13<00:06,  3.33it/s, 13.21/60 seconds]
[2025-12-05T02:58:36.567+0000] {logging_mixin.py:154} WARNING - Best trial: 18. Best value: 0.787241:  54%|#####4    | 27/50 [00:13<00:06,  3.33it/s, 13.38/60 seconds]
[2025-12-05T02:58:36.901+0000] {logging_mixin.py:154} WARNING -                                                                                                        
[2025-12-05T02:58:36.902+0000] {logging_mixin.py:154} WARNING - 
[2025-12-05T02:58:36.902+0000] {logging_mixin.py:154} INFO - [I 2025-12-05 02:58:36,901] Trial 27 finished with value: 0.7865626060400407 and parameters: {'max_depth': 8, 'learning_rate': 0.01300844164774653, 'subsample': 0.6577136112265429, 'colsample_bytree': 0.7003426676659894, 'min_child_weight': 3, 'gamma': 1.4952944918171496, 'n_estimators': 245}. Best is trial 18 with value: 0.7872412623006446.
[2025-12-05T02:58:36.902+0000] {logging_mixin.py:154} WARNING - Best trial: 18. Best value: 0.787241:  54%|#####4    | 27/50 [00:13<00:06,  3.33it/s, 13.38/60 seconds]
[2025-12-05T02:58:36.902+0000] {logging_mixin.py:154} WARNING - Best trial: 18. Best value: 0.787241:  54%|#####4    | 27/50 [00:13<00:06,  3.33it/s, 13.38/60 seconds]
[2025-12-05T02:58:36.902+0000] {logging_mixin.py:154} WARNING - Best trial: 18. Best value: 0.787241:  56%|#####6    | 28/50 [00:13<00:06,  3.22it/s, 13.38/60 seconds]
[2025-12-05T02:58:36.902+0000] {logging_mixin.py:154} WARNING - Best trial: 18. Best value: 0.787241:  56%|#####6    | 28/50 [00:13<00:06,  3.22it/s, 13.72/60 seconds]
[2025-12-05T02:58:37.254+0000] {logging_mixin.py:154} WARNING -                                                                                                        
[2025-12-05T02:58:37.254+0000] {logging_mixin.py:154} WARNING - 
[2025-12-05T02:58:37.254+0000] {logging_mixin.py:154} INFO - [I 2025-12-05 02:58:37,253] Trial 28 finished with value: 0.7842087654734025 and parameters: {'max_depth': 6, 'learning_rate': 0.010036316079145837, 'subsample': 0.6253927919279821, 'colsample_bytree': 0.6972248821194833, 'min_child_weight': 3, 'gamma': 1.4290418838821088, 'n_estimators': 355}. Best is trial 18 with value: 0.7872412623006446.
[2025-12-05T02:58:37.254+0000] {logging_mixin.py:154} WARNING - Best trial: 18. Best value: 0.787241:  56%|#####6    | 28/50 [00:14<00:06,  3.22it/s, 13.72/60 seconds]
[2025-12-05T02:58:37.255+0000] {logging_mixin.py:154} WARNING - Best trial: 18. Best value: 0.787241:  56%|#####6    | 28/50 [00:14<00:06,  3.22it/s, 13.72/60 seconds]
[2025-12-05T02:58:37.255+0000] {logging_mixin.py:154} WARNING - Best trial: 18. Best value: 0.787241:  58%|#####8    | 29/50 [00:14<00:06,  3.09it/s, 13.72/60 seconds]
[2025-12-05T02:58:37.255+0000] {logging_mixin.py:154} WARNING - Best trial: 18. Best value: 0.787241:  58%|#####8    | 29/50 [00:14<00:06,  3.09it/s, 14.07/60 seconds]
[2025-12-05T02:58:38.503+0000] {logging_mixin.py:154} WARNING -                                                                                                        
[2025-12-05T02:58:38.503+0000] {logging_mixin.py:154} WARNING - 
[2025-12-05T02:58:38.503+0000] {logging_mixin.py:154} INFO - [I 2025-12-05 02:58:38,503] Trial 29 finished with value: 0.7858117326057298 and parameters: {'max_depth': 11, 'learning_rate': 0.01296837629523353, 'subsample': 0.7364097151854239, 'colsample_bytree': 0.7620728188053074, 'min_child_weight': 1, 'gamma': 0.9755428104419999, 'n_estimators': 431}. Best is trial 18 with value: 0.7872412623006446.
[2025-12-05T02:58:38.503+0000] {logging_mixin.py:154} WARNING - Best trial: 18. Best value: 0.787241:  58%|#####8    | 29/50 [00:15<00:06,  3.09it/s, 14.07/60 seconds]
[2025-12-05T02:58:38.504+0000] {logging_mixin.py:154} WARNING - Best trial: 18. Best value: 0.787241:  58%|#####8    | 29/50 [00:15<00:06,  3.09it/s, 14.07/60 seconds]
[2025-12-05T02:58:38.504+0000] {logging_mixin.py:154} WARNING - Best trial: 18. Best value: 0.787241:  60%|######    | 30/50 [00:15<00:12,  1.66it/s, 14.07/60 seconds]
[2025-12-05T02:58:38.504+0000] {logging_mixin.py:154} WARNING - Best trial: 18. Best value: 0.787241:  60%|######    | 30/50 [00:15<00:12,  1.66it/s, 15.32/60 seconds]
[2025-12-05T02:58:40.374+0000] {logging_mixin.py:154} WARNING -                                                                                                        
[2025-12-05T02:58:40.374+0000] {logging_mixin.py:154} WARNING - 
[2025-12-05T02:58:40.374+0000] {logging_mixin.py:154} INFO - [I 2025-12-05 02:58:40,373] Trial 30 finished with value: 0.7742150968603874 and parameters: {'max_depth': 8, 'learning_rate': 0.021665562818517083, 'subsample': 0.6960062125573042, 'colsample_bytree': 0.6632081513046253, 'min_child_weight': 4, 'gamma': 1.7692438551454872, 'n_estimators': 59}. Best is trial 18 with value: 0.7872412623006446.
[2025-12-05T02:58:40.374+0000] {logging_mixin.py:154} WARNING - Best trial: 18. Best value: 0.787241:  60%|######    | 30/50 [00:17<00:12,  1.66it/s, 15.32/60 seconds]
[2025-12-05T02:58:40.374+0000] {logging_mixin.py:154} WARNING - Best trial: 18. Best value: 0.787241:  60%|######    | 30/50 [00:17<00:12,  1.66it/s, 15.32/60 seconds]
[2025-12-05T02:58:40.374+0000] {logging_mixin.py:154} WARNING - Best trial: 18. Best value: 0.787241:  62%|######2   | 31/50 [00:17<00:18,  1.02it/s, 15.32/60 seconds]
[2025-12-05T02:58:40.375+0000] {logging_mixin.py:154} WARNING - Best trial: 18. Best value: 0.787241:  62%|######2   | 31/50 [00:17<00:18,  1.02it/s, 17.19/60 seconds]
[2025-12-05T02:58:40.872+0000] {logging_mixin.py:154} WARNING -                                                                                                        
[2025-12-05T02:58:40.872+0000] {logging_mixin.py:154} WARNING - 
[2025-12-05T02:58:40.872+0000] {logging_mixin.py:154} INFO - [I 2025-12-05 02:58:40,872] Trial 31 finished with value: 0.7848101265822786 and parameters: {'max_depth': 11, 'learning_rate': 0.012617717952670074, 'subsample': 0.7369691529379923, 'colsample_bytree': 0.7653278416823284, 'min_child_weight': 1, 'gamma': 0.9640927861666354, 'n_estimators': 439}. Best is trial 18 with value: 0.7872412623006446.
[2025-12-05T02:58:40.872+0000] {logging_mixin.py:154} WARNING - Best trial: 18. Best value: 0.787241:  62%|######2   | 31/50 [00:17<00:18,  1.02it/s, 17.19/60 seconds]
[2025-12-05T02:58:40.872+0000] {logging_mixin.py:154} WARNING - Best trial: 18. Best value: 0.787241:  62%|######2   | 31/50 [00:17<00:18,  1.02it/s, 17.19/60 seconds]
[2025-12-05T02:58:40.873+0000] {logging_mixin.py:154} WARNING - Best trial: 18. Best value: 0.787241:  64%|######4   | 32/50 [00:17<00:15,  1.20it/s, 17.19/60 seconds]
[2025-12-05T02:58:40.873+0000] {logging_mixin.py:154} WARNING - Best trial: 18. Best value: 0.787241:  64%|######4   | 32/50 [00:17<00:15,  1.20it/s, 17.69/60 seconds]
[2025-12-05T02:58:41.390+0000] {logging_mixin.py:154} WARNING -                                                                                                        
[2025-12-05T02:58:41.390+0000] {logging_mixin.py:154} WARNING - 
[2025-12-05T02:58:41.390+0000] {logging_mixin.py:154} INFO - [I 2025-12-05 02:58:41,390] Trial 32 finished with value: 0.7840986977381769 and parameters: {'max_depth': 10, 'learning_rate': 0.01640304920465948, 'subsample': 0.6900422725809425, 'colsample_bytree': 0.7480704121363784, 'min_child_weight': 1, 'gamma': 1.0809666819491528, 'n_estimators': 396}. Best is trial 18 with value: 0.7872412623006446.
[2025-12-05T02:58:41.391+0000] {logging_mixin.py:154} WARNING - Best trial: 18. Best value: 0.787241:  64%|######4   | 32/50 [00:18<00:15,  1.20it/s, 17.69/60 seconds]
[2025-12-05T02:58:41.391+0000] {logging_mixin.py:154} WARNING - Best trial: 18. Best value: 0.787241:  64%|######4   | 32/50 [00:18<00:15,  1.20it/s, 17.69/60 seconds]
[2025-12-05T02:58:41.391+0000] {logging_mixin.py:154} WARNING - Best trial: 18. Best value: 0.787241:  66%|######6   | 33/50 [00:18<00:12,  1.35it/s, 17.69/60 seconds]
[2025-12-05T02:58:41.391+0000] {logging_mixin.py:154} WARNING - Best trial: 18. Best value: 0.787241:  66%|######6   | 33/50 [00:18<00:12,  1.35it/s, 18.21/60 seconds]
[2025-12-05T02:58:42.485+0000] {logging_mixin.py:154} WARNING -                                                                                                        
[2025-12-05T02:58:42.485+0000] {logging_mixin.py:154} WARNING - 
