[2025-11-17T22:17:04.569+0000] {logging_mixin.py:154} INFO - [I 2025-11-17 22:17:04,569] Trial 49 finished with value: 0.8 and parameters: {'max_depth': 14, 'learning_rate': 0.020740606901180705, 'subsample': 0.9781744949907051, 'colsample_bytree': 0.7052857296673494, 'min_child_weight': 7, 'gamma': 0.19495114510447442, 'n_estimators': 198}. Best is trial 48 with value: 0.8055731475617479.
[2025-11-17T22:17:04.569+0000] {logging_mixin.py:154} WARNING - Best trial: 48. Best value: 0.805573:  98%|#########8| 49/50 [00:26<00:00,  2.47it/s]
[2025-11-17T22:17:04.570+0000] {logging_mixin.py:154} WARNING - Best trial: 48. Best value: 0.805573:  98%|#########8| 49/50 [00:26<00:00,  2.47it/s]
[2025-11-17T22:17:04.570+0000] {logging_mixin.py:154} WARNING - Best trial: 48. Best value: 0.805573: 100%|##########| 50/50 [00:26<00:00,  2.79it/s]
[2025-11-17T22:17:04.570+0000] {logging_mixin.py:154} WARNING - Best trial: 48. Best value: 0.805573: 100%|##########| 50/50 [00:26<00:00,  1.92it/s]
[2025-11-17T22:17:04.570+0000] {model_training.py:111} INFO - ✅ Mejor F1-Score (validación): 0.8056
[2025-11-17T22:17:04.570+0000] {model_training.py:112} INFO - 📊 Mejores hiperparámetros encontrados:
[2025-11-17T22:17:04.570+0000] {model_training.py:114} INFO -    - max_depth: 11
[2025-11-17T22:17:04.570+0000] {model_training.py:114} INFO -    - learning_rate: 0.020406225242038018
[2025-11-17T22:17:04.571+0000] {model_training.py:114} INFO -    - subsample: 0.9719203445724947
[2025-11-17T22:17:04.571+0000] {model_training.py:114} INFO -    - colsample_bytree: 0.6860304875117555
[2025-11-17T22:17:04.571+0000] {model_training.py:114} INFO -    - min_child_weight: 7
[2025-11-17T22:17:04.571+0000] {model_training.py:114} INFO -    - gamma: 0.23091753723281427
[2025-11-17T22:17:04.571+0000] {model_training.py:114} INFO -    - n_estimators: 162
[2025-11-17T22:17:04.571+0000] {model_training.py:281} INFO - 🎯 Entrenando modelo final con mejores hiperparámetros...
[2025-11-17T22:17:04.592+0000] {logging_mixin.py:154} INFO - [0]	validation_0-logloss:0.68605	validation_1-logloss:0.68660	validation_2-logloss:0.68712
[2025-11-17T22:17:04.600+0000] {logging_mixin.py:154} INFO - [1]	validation_0-logloss:0.67954	validation_1-logloss:0.68099	validation_2-logloss:0.68151
[2025-11-17T22:17:04.608+0000] {logging_mixin.py:154} INFO - [2]	validation_0-logloss:0.67700	validation_1-logloss:0.67911	validation_2-logloss:0.67973
[2025-11-17T22:17:04.619+0000] {logging_mixin.py:154} INFO - [3]	validation_0-logloss:0.67081	validation_1-logloss:0.67387	validation_2-logloss:0.67442
[2025-11-17T22:17:04.627+0000] {logging_mixin.py:154} INFO - [4]	validation_0-logloss:0.66483	validation_1-logloss:0.66870	validation_2-logloss:0.66929
[2025-11-17T22:17:04.633+0000] {logging_mixin.py:154} INFO - [5]	validation_0-logloss:0.65953	validation_1-logloss:0.66383	validation_2-logloss:0.66445
[2025-11-17T22:17:04.640+0000] {logging_mixin.py:154} INFO - [6]	validation_0-logloss:0.65420	validation_1-logloss:0.65950	validation_2-logloss:0.66029
[2025-11-17T22:17:04.641+0000] {logging_mixin.py:154} INFO - [7]	validation_0-logloss:0.64826	validation_1-logloss:0.65428	validation_2-logloss:0.65529
[2025-11-17T22:17:04.643+0000] {logging_mixin.py:154} INFO - [8]	validation_0-logloss:0.64249	validation_1-logloss:0.64920	validation_2-logloss:0.65055
[2025-11-17T22:17:04.644+0000] {logging_mixin.py:154} INFO - [9]	validation_0-logloss:0.63554	validation_1-logloss:0.64312	validation_2-logloss:0.64464
[2025-11-17T22:17:04.646+0000] {logging_mixin.py:154} INFO - [10]	validation_0-logloss:0.62885	validation_1-logloss:0.63702	validation_2-logloss:0.63870
[2025-11-17T22:17:04.647+0000] {logging_mixin.py:154} INFO - [11]	validation_0-logloss:0.62420	validation_1-logloss:0.63365	validation_2-logloss:0.63509
[2025-11-17T22:17:04.649+0000] {logging_mixin.py:154} INFO - [12]	validation_0-logloss:0.61799	validation_1-logloss:0.62809	validation_2-logloss:0.62988
[2025-11-17T22:17:04.654+0000] {logging_mixin.py:154} INFO - [13]	validation_0-logloss:0.61363	validation_1-logloss:0.62450	validation_2-logloss:0.62634
[2025-11-17T22:17:04.657+0000] {logging_mixin.py:154} INFO - [14]	validation_0-logloss:0.61181	validation_1-logloss:0.62319	validation_2-logloss:0.62523
[2025-11-17T22:17:04.659+0000] {logging_mixin.py:154} INFO - [15]	validation_0-logloss:0.60939	validation_1-logloss:0.62128	validation_2-logloss:0.62359
[2025-11-17T22:17:04.661+0000] {logging_mixin.py:154} INFO - [16]	validation_0-logloss:0.60339	validation_1-logloss:0.61623	validation_2-logloss:0.61850
[2025-11-17T22:17:04.663+0000] {logging_mixin.py:154} INFO - [17]	validation_0-logloss:0.59803	validation_1-logloss:0.61108	validation_2-logloss:0.61362
[2025-11-17T22:17:04.665+0000] {logging_mixin.py:154} INFO - [18]	validation_0-logloss:0.59238	validation_1-logloss:0.60630	validation_2-logloss:0.60898
[2025-11-17T22:17:04.673+0000] {logging_mixin.py:154} INFO - [19]	validation_0-logloss:0.59033	validation_1-logloss:0.60480	validation_2-logloss:0.60761
[2025-11-17T22:17:04.676+0000] {logging_mixin.py:154} INFO - [20]	validation_0-logloss:0.58674	validation_1-logloss:0.60196	validation_2-logloss:0.60474
[2025-11-17T22:17:04.680+0000] {logging_mixin.py:154} INFO - [21]	validation_0-logloss:0.58146	validation_1-logloss:0.59744	validation_2-logloss:0.60051
[2025-11-17T22:17:04.684+0000] {logging_mixin.py:154} INFO - [22]	validation_0-logloss:0.57984	validation_1-logloss:0.59658	validation_2-logloss:0.59957
[2025-11-17T22:17:04.685+0000] {logging_mixin.py:154} INFO - [23]	validation_0-logloss:0.57573	validation_1-logloss:0.59312	validation_2-logloss:0.59626
[2025-11-17T22:17:04.691+0000] {logging_mixin.py:154} INFO - [24]	validation_0-logloss:0.57442	validation_1-logloss:0.59212	validation_2-logloss:0.59549
[2025-11-17T22:17:04.696+0000] {logging_mixin.py:154} INFO - [25]	validation_0-logloss:0.57105	validation_1-logloss:0.58934	validation_2-logloss:0.59280
[2025-11-17T22:17:04.697+0000] {logging_mixin.py:154} INFO - [26]	validation_0-logloss:0.56797	validation_1-logloss:0.58652	validation_2-logloss:0.59006
[2025-11-17T22:17:04.699+0000] {logging_mixin.py:154} INFO - [27]	validation_0-logloss:0.56447	validation_1-logloss:0.58387	validation_2-logloss:0.58739
[2025-11-17T22:17:04.702+0000] {logging_mixin.py:154} INFO - [28]	validation_0-logloss:0.56119	validation_1-logloss:0.58156	validation_2-logloss:0.58517
[2025-11-17T22:17:04.704+0000] {logging_mixin.py:154} INFO - [29]	validation_0-logloss:0.55707	validation_1-logloss:0.57758	validation_2-logloss:0.58142
[2025-11-17T22:17:04.706+0000] {logging_mixin.py:154} INFO - [30]	validation_0-logloss:0.55346	validation_1-logloss:0.57466	validation_2-logloss:0.57873
[2025-11-17T22:17:04.708+0000] {logging_mixin.py:154} INFO - [31]	validation_0-logloss:0.55005	validation_1-logloss:0.57206	validation_2-logloss:0.57629
[2025-11-17T22:17:04.710+0000] {logging_mixin.py:154} INFO - [32]	validation_0-logloss:0.54580	validation_1-logloss:0.56853	validation_2-logloss:0.57288
[2025-11-17T22:17:04.711+0000] {logging_mixin.py:154} INFO - [33]	validation_0-logloss:0.54168	validation_1-logloss:0.56512	validation_2-logloss:0.56954
[2025-11-17T22:17:04.713+0000] {logging_mixin.py:154} INFO - [34]	validation_0-logloss:0.53937	validation_1-logloss:0.56301	validation_2-logloss:0.56746
[2025-11-17T22:17:04.715+0000] {logging_mixin.py:154} INFO - [35]	validation_0-logloss:0.53619	validation_1-logloss:0.56041	validation_2-logloss:0.56504
[2025-11-17T22:17:04.717+0000] {logging_mixin.py:154} INFO - [36]	validation_0-logloss:0.53471	validation_1-logloss:0.55938	validation_2-logloss:0.56405
[2025-11-17T22:17:04.718+0000] {logging_mixin.py:154} INFO - [37]	validation_0-logloss:0.53195	validation_1-logloss:0.55759	validation_2-logloss:0.56228
[2025-11-17T22:17:04.720+0000] {logging_mixin.py:154} INFO - [38]	validation_0-logloss:0.52927	validation_1-logloss:0.55584	validation_2-logloss:0.56059
[2025-11-17T22:17:04.723+0000] {logging_mixin.py:154} INFO - [39]	validation_0-logloss:0.52640	validation_1-logloss:0.55336	validation_2-logloss:0.55831
[2025-11-17T22:17:04.724+0000] {logging_mixin.py:154} INFO - [40]	validation_0-logloss:0.52361	validation_1-logloss:0.55096	validation_2-logloss:0.55608
[2025-11-17T22:17:04.726+0000] {logging_mixin.py:154} INFO - [41]	validation_0-logloss:0.52130	validation_1-logloss:0.54925	validation_2-logloss:0.55433
[2025-11-17T22:17:04.728+0000] {logging_mixin.py:154} INFO - [42]	validation_0-logloss:0.51786	validation_1-logloss:0.54645	validation_2-logloss:0.55151
[2025-11-17T22:17:04.729+0000] {logging_mixin.py:154} INFO - [43]	validation_0-logloss:0.51434	validation_1-logloss:0.54374	validation_2-logloss:0.54875
[2025-11-17T22:17:04.731+0000] {logging_mixin.py:154} INFO - [44]	validation_0-logloss:0.51107	validation_1-logloss:0.54105	validation_2-logloss:0.54602
[2025-11-17T22:17:04.733+0000] {logging_mixin.py:154} INFO - [45]	validation_0-logloss:0.50882	validation_1-logloss:0.53970	validation_2-logloss:0.54459
[2025-11-17T22:17:04.735+0000] {logging_mixin.py:154} INFO - [46]	validation_0-logloss:0.50799	validation_1-logloss:0.53930	validation_2-logloss:0.54455
[2025-11-17T22:17:04.736+0000] {logging_mixin.py:154} INFO - [47]	validation_0-logloss:0.50564	validation_1-logloss:0.53735	validation_2-logloss:0.54277
[2025-11-17T22:17:04.737+0000] {logging_mixin.py:154} INFO - [48]	validation_0-logloss:0.50359	validation_1-logloss:0.53579	validation_2-logloss:0.54119
[2025-11-17T22:17:04.739+0000] {logging_mixin.py:154} INFO - [49]	validation_0-logloss:0.50061	validation_1-logloss:0.53341	validation_2-logloss:0.53885
[2025-11-17T22:17:04.741+0000] {logging_mixin.py:154} INFO - [50]	validation_0-logloss:0.49941	validation_1-logloss:0.53264	validation_2-logloss:0.53812
[2025-11-17T22:17:04.742+0000] {logging_mixin.py:154} INFO - [51]	validation_0-logloss:0.49727	validation_1-logloss:0.53100	validation_2-logloss:0.53652
[2025-11-17T22:17:04.747+0000] {logging_mixin.py:154} INFO - [52]	validation_0-logloss:0.49433	validation_1-logloss:0.52863	validation_2-logloss:0.53435
[2025-11-17T22:17:04.752+0000] {logging_mixin.py:154} INFO - [53]	validation_0-logloss:0.49253	validation_1-logloss:0.52760	validation_2-logloss:0.53336
[2025-11-17T22:17:04.754+0000] {logging_mixin.py:154} INFO - [54]	validation_0-logloss:0.49048	validation_1-logloss:0.52603	validation_2-logloss:0.53186
[2025-11-17T22:17:04.755+0000] {logging_mixin.py:154} INFO - [55]	validation_0-logloss:0.48788	validation_1-logloss:0.52377	validation_2-logloss:0.52961
[2025-11-17T22:17:04.756+0000] {logging_mixin.py:154} INFO - [56]	validation_0-logloss:0.48571	validation_1-logloss:0.52217	validation_2-logloss:0.52812
[2025-11-17T22:17:04.758+0000] {logging_mixin.py:154} INFO - [57]	validation_0-logloss:0.48384	validation_1-logloss:0.52094	validation_2-logloss:0.52679
[2025-11-17T22:17:04.759+0000] {logging_mixin.py:154} INFO - [58]	validation_0-logloss:0.48200	validation_1-logloss:0.51974	validation_2-logloss:0.52552
[2025-11-17T22:17:04.762+0000] {logging_mixin.py:154} INFO - [59]	validation_0-logloss:0.48036	validation_1-logloss:0.51875	validation_2-logloss:0.52445
[2025-11-17T22:17:04.774+0000] {logging_mixin.py:154} INFO - [60]	validation_0-logloss:0.47852	validation_1-logloss:0.51724	validation_2-logloss:0.52311
[2025-11-17T22:17:04.782+0000] {logging_mixin.py:154} INFO - [61]	validation_0-logloss:0.47657	validation_1-logloss:0.51575	validation_2-logloss:0.52185
[2025-11-17T22:17:04.788+0000] {logging_mixin.py:154} INFO - [62]	validation_0-logloss:0.47413	validation_1-logloss:0.51381	validation_2-logloss:0.52020
[2025-11-17T22:17:04.796+0000] {logging_mixin.py:154} INFO - [63]	validation_0-logloss:0.47248	validation_1-logloss:0.51296	validation_2-logloss:0.51936
[2025-11-17T22:17:04.801+0000] {logging_mixin.py:154} INFO - [64]	validation_0-logloss:0.47107	validation_1-logloss:0.51156	validation_2-logloss:0.51809
[2025-11-17T22:17:04.806+0000] {logging_mixin.py:154} INFO - [65]	validation_0-logloss:0.46965	validation_1-logloss:0.51056	validation_2-logloss:0.51724
[2025-11-17T22:17:04.807+0000] {logging_mixin.py:154} INFO - [66]	validation_0-logloss:0.46751	validation_1-logloss:0.50890	validation_2-logloss:0.51562
[2025-11-17T22:17:04.809+0000] {logging_mixin.py:154} INFO - [67]	validation_0-logloss:0.46592	validation_1-logloss:0.50799	validation_2-logloss:0.51459
[2025-11-17T22:17:04.810+0000] {logging_mixin.py:154} INFO - [68]	validation_0-logloss:0.46381	validation_1-logloss:0.50633	validation_2-logloss:0.51289
[2025-11-17T22:17:04.811+0000] {logging_mixin.py:154} INFO - [69]	validation_0-logloss:0.46177	validation_1-logloss:0.50472	validation_2-logloss:0.51141
[2025-11-17T22:17:04.813+0000] {logging_mixin.py:154} INFO - [70]	validation_0-logloss:0.45987	validation_1-logloss:0.50311	validation_2-logloss:0.50984
[2025-11-17T22:17:04.814+0000] {logging_mixin.py:154} INFO - [71]	validation_0-logloss:0.45858	validation_1-logloss:0.50224	validation_2-logloss:0.50908
[2025-11-17T22:17:04.816+0000] {logging_mixin.py:154} INFO - [72]	validation_0-logloss:0.45716	validation_1-logloss:0.50141	validation_2-logloss:0.50824
[2025-11-17T22:17:04.817+0000] {logging_mixin.py:154} INFO - [73]	validation_0-logloss:0.45517	validation_1-logloss:0.49977	validation_2-logloss:0.50682
[2025-11-17T22:17:04.818+0000] {logging_mixin.py:154} INFO - [74]	validation_0-logloss:0.45404	validation_1-logloss:0.49865	validation_2-logloss:0.50578
[2025-11-17T22:17:04.819+0000] {logging_mixin.py:154} INFO - [75]	validation_0-logloss:0.45266	validation_1-logloss:0.49756	validation_2-logloss:0.50481
[2025-11-17T22:17:04.820+0000] {logging_mixin.py:154} INFO - [76]	validation_0-logloss:0.45133	validation_1-logloss:0.49672	validation_2-logloss:0.50411
[2025-11-17T22:17:04.821+0000] {logging_mixin.py:154} INFO - [77]	validation_0-logloss:0.45029	validation_1-logloss:0.49615	validation_2-logloss:0.50364
[2025-11-17T22:17:04.823+0000] {logging_mixin.py:154} INFO - [78]	validation_0-logloss:0.44887	validation_1-logloss:0.49522	validation_2-logloss:0.50270
[2025-11-17T22:17:04.824+0000] {logging_mixin.py:154} INFO - [79]	validation_0-logloss:0.44774	validation_1-logloss:0.49452	validation_2-logloss:0.50200
[2025-11-17T22:17:04.825+0000] {logging_mixin.py:154} INFO - [80]	validation_0-logloss:0.44606	validation_1-logloss:0.49314	validation_2-logloss:0.50086
[2025-11-17T22:17:04.827+0000] {logging_mixin.py:154} INFO - [81]	validation_0-logloss:0.44433	validation_1-logloss:0.49200	validation_2-logloss:0.49972
[2025-11-17T22:17:04.828+0000] {logging_mixin.py:154} INFO - [82]	validation_0-logloss:0.44318	validation_1-logloss:0.49126	validation_2-logloss:0.49908
[2025-11-17T22:17:04.830+0000] {logging_mixin.py:154} INFO - [83]	validation_0-logloss:0.44155	validation_1-logloss:0.48993	validation_2-logloss:0.49784
[2025-11-17T22:17:04.832+0000] {logging_mixin.py:154} INFO - [84]	validation_0-logloss:0.44037	validation_1-logloss:0.48927	validation_2-logloss:0.49723
[2025-11-17T22:17:04.833+0000] {logging_mixin.py:154} INFO - [85]	validation_0-logloss:0.43956	validation_1-logloss:0.48901	validation_2-logloss:0.49700
[2025-11-17T22:17:04.834+0000] {logging_mixin.py:154} INFO - [86]	validation_0-logloss:0.43868	validation_1-logloss:0.48813	validation_2-logloss:0.49620
[2025-11-17T22:17:04.836+0000] {logging_mixin.py:154} INFO - [87]	validation_0-logloss:0.43790	validation_1-logloss:0.48739	validation_2-logloss:0.49557
[2025-11-17T22:17:04.837+0000] {logging_mixin.py:154} INFO - [88]	validation_0-logloss:0.43710	validation_1-logloss:0.48658	validation_2-logloss:0.49480
[2025-11-17T22:17:04.839+0000] {logging_mixin.py:154} INFO - [89]	validation_0-logloss:0.43555	validation_1-logloss:0.48552	validation_2-logloss:0.49381
[2025-11-17T22:17:04.840+0000] {logging_mixin.py:154} INFO - [90]	validation_0-logloss:0.43437	validation_1-logloss:0.48484	validation_2-logloss:0.49314
[2025-11-17T22:17:04.841+0000] {logging_mixin.py:154} INFO - [91]	validation_0-logloss:0.43331	validation_1-logloss:0.48429	validation_2-logloss:0.49261
[2025-11-17T22:17:04.842+0000] {logging_mixin.py:154} INFO - [92]	validation_0-logloss:0.43229	validation_1-logloss:0.48366	validation_2-logloss:0.49204
[2025-11-17T22:17:04.844+0000] {logging_mixin.py:154} INFO - [93]	validation_0-logloss:0.43166	validation_1-logloss:0.48336	validation_2-logloss:0.49198
[2025-11-17T22:17:04.846+0000] {logging_mixin.py:154} INFO - [94]	validation_0-logloss:0.43009	validation_1-logloss:0.48237	validation_2-logloss:0.49099
[2025-11-17T22:17:04.847+0000] {logging_mixin.py:154} INFO - [95]	validation_0-logloss:0.42917	validation_1-logloss:0.48170	validation_2-logloss:0.49053
[2025-11-17T22:17:04.849+0000] {logging_mixin.py:154} INFO - [96]	validation_0-logloss:0.42816	validation_1-logloss:0.48136	validation_2-logloss:0.49016
[2025-11-17T22:17:04.851+0000] {logging_mixin.py:154} INFO - [97]	validation_0-logloss:0.42721	validation_1-logloss:0.48108	validation_2-logloss:0.48980
[2025-11-17T22:17:04.852+0000] {logging_mixin.py:154} INFO - [98]	validation_0-logloss:0.42625	validation_1-logloss:0.48032	validation_2-logloss:0.48917
[2025-11-17T22:17:04.853+0000] {logging_mixin.py:154} INFO - [99]	validation_0-logloss:0.42574	validation_1-logloss:0.48003	validation_2-logloss:0.48904
[2025-11-17T22:17:04.855+0000] {logging_mixin.py:154} INFO - [100]	validation_0-logloss:0.42482	validation_1-logloss:0.47946	validation_2-logloss:0.48848
[2025-11-17T22:17:04.856+0000] {logging_mixin.py:154} INFO - [101]	validation_0-logloss:0.42347	validation_1-logloss:0.47855	validation_2-logloss:0.48770
[2025-11-17T22:17:04.857+0000] {logging_mixin.py:154} INFO - [102]	validation_0-logloss:0.42208	validation_1-logloss:0.47758	validation_2-logloss:0.48683
[2025-11-17T22:17:04.859+0000] {logging_mixin.py:154} INFO - [103]	validation_0-logloss:0.42115	validation_1-logloss:0.47732	validation_2-logloss:0.48636
[2025-11-17T22:17:04.861+0000] {logging_mixin.py:154} INFO - [104]	validation_0-logloss:0.42021	validation_1-logloss:0.47701	validation_2-logloss:0.48600
[2025-11-17T22:17:04.871+0000] {logging_mixin.py:154} INFO - [105]	validation_0-logloss:0.41895	validation_1-logloss:0.47609	validation_2-logloss:0.48524
[2025-11-17T22:17:04.873+0000] {logging_mixin.py:154} INFO - [106]	validation_0-logloss:0.41778	validation_1-logloss:0.47537	validation_2-logloss:0.48455
[2025-11-17T22:17:04.876+0000] {logging_mixin.py:154} INFO - [107]	validation_0-logloss:0.41689	validation_1-logloss:0.47508	validation_2-logloss:0.48421
[2025-11-17T22:17:04.877+0000] {logging_mixin.py:154} INFO - [108]	validation_0-logloss:0.41582	validation_1-logloss:0.47424	validation_2-logloss:0.48338
[2025-11-17T22:17:04.878+0000] {logging_mixin.py:154} INFO - [109]	validation_0-logloss:0.41494	validation_1-logloss:0.47392	validation_2-logloss:0.48313
[2025-11-17T22:17:04.921+0000] {logging_mixin.py:154} INFO - [110]	validation_0-logloss:0.41430	validation_1-logloss:0.47357	validation_2-logloss:0.48289
[2025-11-17T22:17:04.926+0000] {logging_mixin.py:154} INFO - [111]	validation_0-logloss:0.41352	validation_1-logloss:0.47325	validation_2-logloss:0.48257
[2025-11-17T22:17:04.927+0000] {logging_mixin.py:154} INFO - [112]	validation_0-logloss:0.41277	validation_1-logloss:0.47278	validation_2-logloss:0.48232
[2025-11-17T22:17:04.929+0000] {logging_mixin.py:154} INFO - [113]	validation_0-logloss:0.41162	validation_1-logloss:0.47209	validation_2-logloss:0.48161
[2025-11-17T22:17:04.930+0000] {logging_mixin.py:154} INFO - [114]	validation_0-logloss:0.41080	validation_1-logloss:0.47131	validation_2-logloss:0.48091
[2025-11-17T22:17:04.932+0000] {logging_mixin.py:154} INFO - [115]	validation_0-logloss:0.40987	validation_1-logloss:0.47080	validation_2-logloss:0.48051
[2025-11-17T22:17:04.933+0000] {logging_mixin.py:154} INFO - [116]	validation_0-logloss:0.40876	validation_1-logloss:0.47003	validation_2-logloss:0.47981
[2025-11-17T22:17:04.934+0000] {logging_mixin.py:154} INFO - [117]	validation_0-logloss:0.40799	validation_1-logloss:0.46978	validation_2-logloss:0.47953
[2025-11-17T22:17:04.935+0000] {logging_mixin.py:154} INFO - [118]	validation_0-logloss:0.40735	validation_1-logloss:0.46936	validation_2-logloss:0.47925
[2025-11-17T22:17:04.936+0000] {logging_mixin.py:154} INFO - [119]	validation_0-logloss:0.40696	validation_1-logloss:0.46921	validation_2-logloss:0.47931
[2025-11-17T22:17:04.938+0000] {logging_mixin.py:154} INFO - [120]	validation_0-logloss:0.40635	validation_1-logloss:0.46877	validation_2-logloss:0.47913
[2025-11-17T22:17:04.939+0000] {logging_mixin.py:154} INFO - [121]	validation_0-logloss:0.40567	validation_1-logloss:0.46856	validation_2-logloss:0.47889
[2025-11-17T22:17:04.941+0000] {logging_mixin.py:154} INFO - [122]	validation_0-logloss:0.40490	validation_1-logloss:0.46824	validation_2-logloss:0.47878
[2025-11-17T22:17:04.945+0000] {logging_mixin.py:154} INFO - [123]	validation_0-logloss:0.40396	validation_1-logloss:0.46756	validation_2-logloss:0.47819
[2025-11-17T22:17:04.954+0000] {logging_mixin.py:154} INFO - [124]	validation_0-logloss:0.40293	validation_1-logloss:0.46700	validation_2-logloss:0.47747
[2025-11-17T22:17:04.961+0000] {logging_mixin.py:154} INFO - [125]	validation_0-logloss:0.40202	validation_1-logloss:0.46641	validation_2-logloss:0.47697
[2025-11-17T22:17:04.965+0000] {logging_mixin.py:154} INFO - [126]	validation_0-logloss:0.40137	validation_1-logloss:0.46611	validation_2-logloss:0.47660
[2025-11-17T22:17:04.966+0000] {logging_mixin.py:154} INFO - [127]	validation_0-logloss:0.40049	validation_1-logloss:0.46546	validation_2-logloss:0.47596
[2025-11-17T22:17:04.967+0000] {logging_mixin.py:154} INFO - [128]	validation_0-logloss:0.40008	validation_1-logloss:0.46539	validation_2-logloss:0.47584
[2025-11-17T22:17:04.969+0000] {logging_mixin.py:154} INFO - [129]	validation_0-logloss:0.39942	validation_1-logloss:0.46507	validation_2-logloss:0.47559
[2025-11-17T22:17:04.970+0000] {logging_mixin.py:154} INFO - [130]	validation_0-logloss:0.39882	validation_1-logloss:0.464