[2025-11-17T22:16:38.115+0000] {taskinstance.py:1159} INFO - Dependencies all met for dep_context=non-requeueable deps ti=<TaskInstance: sodai_drinks_production_pipeline.train_model manual__2025-11-17T22:16:22.285567+00:00 [queued]>
[2025-11-17T22:16:38.122+0000] {taskinstance.py:1159} INFO - Dependencies all met for dep_context=requeueable deps ti=<TaskInstance: sodai_drinks_production_pipeline.train_model manual__2025-11-17T22:16:22.285567+00:00 [queued]>
[2025-11-17T22:16:38.122+0000] {taskinstance.py:1361} INFO - Starting attempt 1 of 2
[2025-11-17T22:16:38.132+0000] {taskinstance.py:1382} INFO - Executing <Task(PythonOperator): train_model> on 2025-11-17 22:16:22.285567+00:00
[2025-11-17T22:16:38.142+0000] {standard_task_runner.py:57} INFO - Started process 1096 to run task
[2025-11-17T22:16:38.145+0000] {standard_task_runner.py:84} INFO - Running: ['***', 'tasks', 'run', 'sodai_drinks_production_pipeline', 'train_model', 'manual__2025-11-17T22:16:22.285567+00:00', '--job-id', '88', '--raw', '--subdir', 'DAGS_FOLDER/pipeline_productivo.py', '--cfg-path', '/tmp/tmpbl20a4ii']
[2025-11-17T22:16:38.148+0000] {standard_task_runner.py:85} INFO - Job 88: Subtask train_model
[2025-11-17T22:16:38.183+0000] {task_command.py:416} INFO - Running <TaskInstance: sodai_drinks_production_pipeline.train_model manual__2025-11-17T22:16:22.285567+00:00 [running]> on host 4a9d41c94249
[2025-11-17T22:16:38.436+0000] {taskinstance.py:1662} INFO - Exporting env vars: AIRFLOW_CTX_DAG_EMAIL='team@sodaidrinks.com' AIRFLOW_CTX_DAG_OWNER='sodai_drinks_team' AIRFLOW_CTX_DAG_ID='sodai_drinks_production_pipeline' AIRFLOW_CTX_TASK_ID='train_model' AIRFLOW_CTX_EXECUTION_DATE='2025-11-17T22:16:22.285567+00:00' AIRFLOW_CTX_TRY_NUMBER='1' AIRFLOW_CTX_DAG_RUN_ID='manual__2025-11-17T22:16:22.285567+00:00'
[2025-11-17T22:16:38.437+0000] {model_training.py:229} INFO - 🚀 Iniciando entrenamiento del modelo XGBoost...
[2025-11-17T22:16:38.468+0000] {model_training.py:251} INFO - 📊 Dataset cargado:
[2025-11-17T22:16:38.468+0000] {model_training.py:252} INFO -    - Features: 15
[2025-11-17T22:16:38.468+0000] {model_training.py:253} INFO -    - Registros: 7438
[2025-11-17T22:16:38.469+0000] {model_training.py:254} INFO -    - Distribución de clases - Clase 0: 3719, Clase 1: 3719
[2025-11-17T22:16:38.474+0000] {model_training.py:264} INFO - 📂 Splits creados:
[2025-11-17T22:16:38.474+0000] {model_training.py:265} INFO -    - Train: 4462 muestras
[2025-11-17T22:16:38.474+0000] {model_training.py:266} INFO -    - Validation: 1488 muestras
[2025-11-17T22:16:38.474+0000] {model_training.py:267} INFO -    - Test: 1488 muestras
[2025-11-17T22:16:38.501+0000] {logging_mixin.py:154} WARNING - 2025/11/17 22:16:38 WARNING mlflow.utils.git_utils: Failed to import Git (the Git executable is probably not on your PATH), so Git SHA is not available. Error: Failed to initialize: Bad git executable.
The git executable must be specified in one of the following ways:
    - be included in your $PATH
    - be set via $GIT_PYTHON_GIT_EXECUTABLE
    - explicitly set via git.refresh(<full-path-to-git-executable>)

All git commands will error until this is rectified.

This initial message can be silenced or aggravated in the future by setting the
$GIT_PYTHON_REFRESH environment variable. Use one of the following values:
    - quiet|q|silence|s|silent|none|n|0: for no message or exception
    - warn|w|warning|log|l|1: for a warning message (logging level CRITICAL, displayed by default)
    - error|e|exception|raise|r|2: for a raised exception

Example:
    export GIT_PYTHON_REFRESH=quiet
[2025-11-17T22:16:38.509+0000] {model_training.py:64} INFO - 🔍 Iniciando optimización de hiperparámetros con 50 trials...
[2025-11-17T22:16:38.510+0000] {logging_mixin.py:154} WARNING -   0%|          | 0/50 [00:00<?, ?it/s]
[2025-11-17T22:16:38.584+0000] {logging_mixin.py:154} WARNING -                                       
[2025-11-17T22:16:38.585+0000] {logging_mixin.py:154} WARNING - 
[2025-11-17T22:16:38.585+0000] {logging_mixin.py:154} INFO - [I 2025-11-17 22:16:38,584] Trial 0 finished with value: 0.7868641339343206 and parameters: {'max_depth': 7, 'learning_rate': 0.2536999076681772, 'subsample': 0.8659969709057025, 'colsample_bytree': 0.7993292420985183, 'min_child_weight': 2, 'gamma': 0.7799726016810132, 'n_estimators': 76}. Best is trial 0 with value: 0.7868641339343206.
[2025-11-17T22:16:38.585+0000] {logging_mixin.py:154} WARNING -   0%|          | 0/50 [00:00<?, ?it/s]
[2025-11-17T22:16:38.585+0000] {logging_mixin.py:154} WARNING - Best trial: 0. Best value: 0.786864:   0%|          | 0/50 [00:00<?, ?it/s]
[2025-11-17T22:16:38.679+0000] {logging_mixin.py:154} WARNING -                                                                            
[2025-11-17T22:16:38.679+0000] {logging_mixin.py:154} WARNING - 
[2025-11-17T22:16:38.679+0000] {logging_mixin.py:154} INFO - [I 2025-11-17 22:16:38,679] Trial 1 finished with value: 0.7949843260188088 and parameters: {'max_depth': 14, 'learning_rate': 0.07725378389307355, 'subsample': 0.8540362888980227, 'colsample_bytree': 0.5102922471479012, 'min_child_weight': 10, 'gamma': 4.162213204002109, 'n_estimators': 145}. Best is trial 1 with value: 0.7949843260188088.
[2025-11-17T22:16:38.679+0000] {logging_mixin.py:154} WARNING - Best trial: 0. Best value: 0.786864:   2%|2         | 1/50 [00:00<00:08,  5.93it/s]
[2025-11-17T22:16:38.680+0000] {logging_mixin.py:154} WARNING - Best trial: 1. Best value: 0.794984:   2%|2         | 1/50 [00:00<00:08,  5.91it/s]
[2025-11-17T22:16:38.680+0000] {logging_mixin.py:154} WARNING - Best trial: 1. Best value: 0.794984:   4%|4         | 2/50 [00:00<00:04, 11.82it/s]
[2025-11-17T22:16:39.252+0000] {logging_mixin.py:154} WARNING -                                                                                    
[2025-11-17T22:16:39.252+0000] {logging_mixin.py:154} WARNING - 
[2025-11-17T22:16:39.252+0000] {logging_mixin.py:154} INFO - [I 2025-11-17 22:16:39,251] Trial 2 finished with value: 0.7931253978357734 and parameters: {'max_depth': 5, 'learning_rate': 0.018659959624904916, 'subsample': 0.6521211214797689, 'colsample_bytree': 0.762378215816119, 'min_child_weight': 5, 'gamma': 1.4561457009902097, 'n_estimators': 325}. Best is trial 1 with value: 0.7949843260188088.
[2025-11-17T22:16:39.252+0000] {logging_mixin.py:154} WARNING - Best trial: 1. Best value: 0.794984:   4%|4         | 2/50 [00:00<00:04, 11.82it/s]
[2025-11-17T22:16:39.252+0000] {logging_mixin.py:154} WARNING - Best trial: 1. Best value: 0.794984:   4%|4         | 2/50 [00:00<00:04, 11.82it/s]
[2025-11-17T22:16:39.584+0000] {logging_mixin.py:154} WARNING -                                                                                    
[2025-11-17T22:16:39.585+0000] {logging_mixin.py:154} WARNING - 
[2025-11-17T22:16:39.585+0000] {logging_mixin.py:154} INFO - [I 2025-11-17 22:16:39,584] Trial 3 finished with value: 0.7916666666666667 and parameters: {'max_depth': 4, 'learning_rate': 0.027010527749605478, 'subsample': 0.6831809216468459, 'colsample_bytree': 0.728034992108518, 'min_child_weight': 8, 'gamma': 0.9983689107917987, 'n_estimators': 281}. Best is trial 1 with value: 0.7949843260188088.
[2025-11-17T22:16:39.585+0000] {logging_mixin.py:154} WARNING - Best trial: 1. Best value: 0.794984:   6%|6         | 3/50 [00:01<00:03, 11.82it/s]
[2025-11-17T22:16:39.585+0000] {logging_mixin.py:154} WARNING - Best trial: 1. Best value: 0.794984:   6%|6         | 3/50 [00:01<00:03, 11.82it/s]
[2025-11-17T22:16:39.585+0000] {logging_mixin.py:154} WARNING - Best trial: 1. Best value: 0.794984:   8%|8         | 4/50 [00:01<00:13,  3.32it/s]
[2025-11-17T22:16:39.924+0000] {logging_mixin.py:154} WARNING -                                                                                    
[2025-11-17T22:16:39.924+0000] {logging_mixin.py:154} WARNING - 
[2025-11-17T22:16:39.924+0000] {logging_mixin.py:154} INFO - [I 2025-11-17 22:16:39,924] Trial 4 finished with value: 0.7889098928796472 and parameters: {'max_depth': 10, 'learning_rate': 0.011711509955524094, 'subsample': 0.8037724259507192, 'colsample_bytree': 0.5852620618436457, 'min_child_weight': 1, 'gamma': 4.7444276862666666, 'n_estimators': 485}. Best is trial 1 with value: 0.7949843260188088.
[2025-11-17T22:16:39.924+0000] {logging_mixin.py:154} WARNING - Best trial: 1. Best value: 0.794984:   8%|8         | 4/50 [00:01<00:13,  3.32it/s]
[2025-11-17T22:16:39.925+0000] {logging_mixin.py:154} WARNING - Best trial: 1. Best value: 0.794984:   8%|8         | 4/50 [00:01<00:13,  3.32it/s]
[2025-11-17T22:16:39.925+0000] {logging_mixin.py:154} WARNING - Best trial: 1. Best value: 0.794984:  10%|#         | 5/50 [00:01<00:14,  3.20it/s]
[2025-11-17T22:16:40.685+0000] {logging_mixin.py:154} WARNING -                                                                                    
[2025-11-17T22:16:40.685+0000] {logging_mixin.py:154} WARNING - 
[2025-11-17T22:16:40.685+0000] {logging_mixin.py:154} INFO - [I 2025-11-17 22:16:40,684] Trial 5 finished with value: 0.7961290322580645 and parameters: {'max_depth': 13, 'learning_rate': 0.028180680291847244, 'subsample': 0.5488360570031919, 'colsample_bytree': 0.8421165132560784, 'min_child_weight': 5, 'gamma': 0.6101911742238941, 'n_estimators': 273}. Best is trial 5 with value: 0.7961290322580645.
[2025-11-17T22:16:40.685+0000] {logging_mixin.py:154} WARNING - Best trial: 1. Best value: 0.794984:  10%|#         | 5/50 [00:02<00:14,  3.20it/s]
[2025-11-17T22:16:40.685+0000] {logging_mixin.py:154} WARNING - Best trial: 5. Best value: 0.796129:  10%|#         | 5/50 [00:02<00:14,  3.20it/s]
[2025-11-17T22:16:40.686+0000] {logging_mixin.py:154} WARNING - Best trial: 5. Best value: 0.796129:  12%|#2        | 6/50 [00:02<00:19,  2.24it/s]
[2025-11-17T22:16:40.892+0000] {logging_mixin.py:154} WARNING -                                                                                    
[2025-11-17T22:16:40.893+0000] {logging_mixin.py:154} WARNING - 
[2025-11-17T22:16:40.893+0000] {logging_mixin.py:154} INFO - [I 2025-11-17 22:16:40,892] Trial 6 finished with value: 0.7961783439490446 and parameters: {'max_depth': 3, 'learning_rate': 0.22038218939289875, 'subsample': 0.6293899908000085, 'colsample_bytree': 0.831261142176991, 'min_child_weight': 4, 'gamma': 2.600340105889054, 'n_estimators': 296}. Best is trial 6 with value: 0.7961783439490446.
[2025-11-17T22:16:40.893+0000] {logging_mixin.py:154} WARNING - Best trial: 5. Best value: 0.796129:  12%|#2        | 6/50 [00:02<00:19,  2.24it/s]
[2025-11-17T22:16:40.893+0000] {logging_mixin.py:154} WARNING - Best trial: 6. Best value: 0.796178:  12%|#2        | 6/50 [00:02<00:19,  2.24it/s]
[2025-11-17T22:16:40.893+0000] {logging_mixin.py:154} WARNING - Best trial: 6. Best value: 0.796178:  14%|#4        | 7/50 [00:02<00:16,  2.67it/s]
[2025-11-17T22:16:41.105+0000] {logging_mixin.py:154} WARNING -                                                                                    
[2025-11-17T22:16:41.105+0000] {logging_mixin.py:154} WARNING - 
[2025-11-17T22:16:41.105+0000] {logging_mixin.py:154} INFO - [I 2025-11-17 22:16:41,105] Trial 7 finished with value: 0.797717184527584 and parameters: {'max_depth': 5, 'learning_rate': 0.27051668818999286, 'subsample': 0.8875664116805573, 'colsample_bytree': 0.9697494707820946, 'min_child_weight': 9, 'gamma': 2.9894998940554256, 'n_estimators': 465}. Best is trial 7 with value: 0.797717184527584.
[2025-11-17T22:16:41.105+0000] {logging_mixin.py:154} WARNING - Best trial: 6. Best value: 0.796178:  14%|#4        | 7/50 [00:02<00:16,  2.67it/s]
[2025-11-17T22:16:41.106+0000] {logging_mixin.py:154} WARNING - Best trial: 7. Best value: 0.797717:  14%|#4        | 7/50 [00:02<00:16,  2.67it/s]
[2025-11-17T22:16:41.106+0000] {logging_mixin.py:154} WARNING - Best trial: 7. Best value: 0.797717:  16%|#6        | 8/50 [00:02<00:13,  3.06it/s]
[2025-11-17T22:16:41.386+0000] {logging_mixin.py:154} WARNING -                                                                                    
[2025-11-17T22:16:41.386+0000] {logging_mixin.py:154} WARNING - 
[2025-11-17T22:16:41.386+0000] {logging_mixin.py:154} INFO - [I 2025-11-17 22:16:41,385] Trial 8 finished with value: 0.7906388361796332 and parameters: {'max_depth': 4, 'learning_rate': 0.01947558230629543, 'subsample': 0.522613644455269, 'colsample_bytree': 0.6626651653816322, 'min_child_weight': 4, 'gamma': 1.3567451588694794, 'n_estimators': 423}. Best is trial 7 with value: 0.797717184527584.
[2025-11-17T22:16:41.386+0000] {logging_mixin.py:154} WARNING - Best trial: 7. Best value: 0.797717:  16%|#6        | 8/50 [00:02<00:13,  3.06it/s]
[2025-11-17T22:16:41.386+0000] {logging_mixin.py:154} WARNING - Best trial: 7. Best value: 0.797717:  16%|#6        | 8/50 [00:02<00:13,  3.06it/s]
[2025-11-17T22:16:41.386+0000] {logging_mixin.py:154} WARNING - Best trial: 7. Best value: 0.797717:  18%|#8        | 9/50 [00:02<00:12,  3.20it/s]
[2025-11-17T22:16:42.740+0000] {logging_mixin.py:154} WARNING -                                                                                    
[2025-11-17T22:16:42.741+0000] {logging_mixin.py:154} WARNING - 
[2025-11-17T22:16:42.741+0000] {logging_mixin.py:154} INFO - [I 2025-11-17 22:16:42,740] Trial 9 finished with value: 0.802295918367347 and parameters: {'max_depth': 7, 'learning_rate': 0.026000059117302653, 'subsample': 0.7713480415791243, 'colsample_bytree': 0.5704621124873813, 'min_child_weight': 9, 'gamma': 0.3727532183988541, 'n_estimators': 495}. Best is trial 9 with value: 0.802295918367347.
[2025-11-17T22:16:42.741+0000] {logging_mixin.py:154} WARNING - Best trial: 7. Best value: 0.797717:  18%|#8        | 9/50 [00:04<00:12,  3.20it/s]
[2025-11-17T22:16:42.742+0000] {logging_mixin.py:154} WARNING - Best trial: 9. Best value: 0.802296:  18%|#8        | 9/50 [00:04<00:12,  3.20it/s]
[2025-11-17T22:16:42.742+0000] {logging_mixin.py:154} WARNING - Best trial: 9. Best value: 0.802296:  20%|##        | 10/50 [00:04<00:24,  1.60it/s]
[2025-11-17T22:16:43.461+0000] {logging_mixin.py:154} WARNING -                                                                                     
[2025-11-17T22:16:43.461+0000] {logging_mixin.py:154} WARNING - 
[2025-11-17T22:16:43.461+0000] {logging_mixin.py:154} INFO - [I 2025-11-17 22:16:43,460] Trial 10 finished with value: 0.8020499679692504 and parameters: {'max_depth': 9, 'learning_rate': 0.050022091577274774, 'subsample': 0.9847685553939328, 'colsample_bytree': 0.5089809378074097, 'min_child_weight': 7, 'gamma': 0.19362599980591444, 'n_estimators': 379}. Best is trial 9 with value: 0.802295918367347.
[2025-11-17T22:16:43.461+0000] {logging_mixin.py:154} WARNING - Best trial: 9. Best value: 0.802296:  20%|##        | 10/50 [00:04<00:24,  1.60it/s]
[2025-11-17T22:16:43.461+0000] {logging_mixin.py:154} WARNING - Best trial: 9. Best value: 0.802296:  20%|##        | 10/50 [00:04<00:24,  1.60it/s]
[2025-11-17T22:16:43.462+0000] {logging_mixin.py:154} WARNING - Best trial: 9. Best value: 0.802296:  22%|##2       | 11/50 [00:04<00:25,  1.53it/s]
[2025-11-17T22:16:43.898+0000] {logging_mixin.py:154} WARNING -                                                                                     
[2025-11-17T22:16:43.898+0000] {logging_mixin.py:154} WARNING - 
[2025-11-17T22:16:43.898+0000] {logging_mixin.py:154} INFO - [I 2025-11-17 22:16:43,898] Trial 11 finished with value: 0.7966751918158568 and parameters: {'max_depth': 9, 'learning_rate': 0.05378356815268503, 'subsample': 0.998050295132841, 'colsample_bytree': 0.5043736834843053, 'min_child_weight': 7, 'gamma': 0.11757387798799368, 'n_estimators': 375}. Best is trial 9 with value: 0.802295918367347.
[2025-11-17T22:16:43.898+0000] {logging_mixin.py:154} WARNING - Best trial: 9. Best value: 0.802296:  22%|##2       | 11/50 [00:05<00:25,  1.53it/s]
[2025-11-17T22:16:43.898+0000] {logging_mixin.py:154} WARNING - Best trial: 9. Best value: 0.802296:  22%|##2       | 11/50 [00:05<00:25,  1.53it/s]
[2025-11-17T22:16:43.898+0000] {logging_mixin.py:154} WARNING - Best trial: 9. Best value: 0.802296:  24%|##4       | 12/50 [00:05<00:22,  1.70it/s]
[2025-11-17T22:16:44.600+0000] {logging_mixin.py:154} WARNING -                                                                                     
[2025-11-17T22:16:44.601+0000] {logging_mixin.py:154} WARNING - 
[2025-11-17T22:16:44.601+0000] {logging_mixin.py:154} INFO - [I 2025-11-17 22:16:44,600] Trial 12 finished with value: 0.7974193548387097 and parameters: {'max_depth': 10, 'learning_rate': 0.05421283096830384, 'subsample': 0.995800325533728, 'colsample_bytree': 0.5927234475789327, 'min_child_weight': 7, 'gamma': 0.01955562095026886, 'n_estimators': 406}. Best is trial 9 with value: 0.802295918367347.
[2025-11-17T22:16:44.601+0000] {logging_mixin.py:154} WARNING - Best trial: 9. Best value: 0.802296:  24%|##4       | 12/50 [00:06<00:22,  1.70it/s]
[2025-11-17T22:16:44.601+0000] {logging_mixin.py:154} WARNING - Best trial: 9. Best value: 0.802296:  24%|##4       | 12/50 [00:06<00:22,  1.70it/s]
[2025-11-17T22:16:44.602+0000] {logging_mixin.py:154} WARNING - Best trial: 9. Best value: 0.802296:  26%|##6       | 13/50 [00:06<00:23,  1.61it/s]
[2025-11-17T22:16:45.056+0000] {logging_mixin.py:154} WARNING -                                                                                     
[2025-11-17T22:16:45.057+0000] {logging_mixin.py:154} WARNING - 
[2025-11-17T22:16:45.057+0000] {logging_mixin.py:154} INFO - [I 2025-11-17 22:16:45,056] Trial 13 finished with value: 0.7969543147208122 and parameters: {'max_depth': 8, 'learning_rate': 0.04002834754638359, 'subsample': 0.748020656084857, 'colsample_bytree': 0.5890641831958864, 'min_child_weight': 10, 'gamma': 1.7472912901066726, 'n_estimators': 499}. Best is trial 9 with value: 0.802295918367347.
[2025-11-17T22:16:45.057+0000] {logging_mixin.py:154} WARNING - Best trial: 9. Best value: 0.802296:  26%|##6       | 13/50 [00:06<00:23,  1.61it/s]
[2025-11-17T22:16:45.057+0000] {logging_mixin.py:154} WARNING - Best trial: 9. Best value: 0.802296:  26%|##6       | 13/50 [00:06<00:23,  1.61it/s]
[2025-11-17T22:16:45.057+0000] {logging_mixin.py:154} WARNING - Best trial: 9. Best value: 0.802296:  28%|##8       | 14/50 [00:06<00:20,  1.75it/s]
[2025-11-17T22:16:45.593+0000] {logging_mixin.py:154} WARNING -                                                                                     
[2025-11-17T22:16:45.594+0000] {logging_mixin.py:154} WARNING - 
[2025-11-17T22:16:45.594+0000] {logging_mixin.py:154} INFO - [I 2025-11-17 22:16:45,593] Trial 14 finished with value: 0.7862694300518136 and parameters: {'max_depth': 12, 'learning_rate': 0.09465946337743743, 'subsample': 0.9318657440733, 'colsample_bytree': 0.5012553993955753, 'min_child_weight': 7, 'gamma': 0.1795351823831436, 'n_estimators': 360}. Best is trial 9 with value: 0.802295918367347.
[2025-11-17T22:16:45.594+0000] {logging_mixin.py:154} WARNING - Best trial: 9. Best value: 0.802296:  28%|##8       | 14/50 [00:07<00:20,  1.75it/s]
[2025-11-17T22:16:45.594+0000] {logging_mixin.py:154} WARNING - Best trial: 9. Best value: 0.802296:  28%|##8       | 14/50 [00:07<00:20,  1.75it/s]
[2025-11-17T22:16:45.594+0000] {logging_mixin.py:154} WARNING - Best trial: 9. Best value: 0.802296:  30%|###       | 15/50 [00:07<00:19,  1.78it/s]
[2025-11-17T22:16:46.435+0000] {logging_mixin.py:154} WARNING -                                                                                     
[2025-11-17T22:16:46.435+0000] {logging_mixin.py:154} WARNING - 
[2025-11-17T22:16:46.435+0000] {logging_mixin.py:154} INFO - [I 2025-11-17 22:16:46,434] Trial 15 finished with value: 0.7899371069182389 and parameters: {'max_depth': 7, 'learning_rate': 0.010457065772553613, 'subsample': 0.7762460564116191, 'colsample_bytree': 0.6500599391804969, 'min_child_weight': 8, 'gamma': 1.8694954037778246, 'n_estimators': 200}. Best is trial 9 with value: 0.802295918367347.
[2025-11-17T22:16:46.435+0000] {logging_mixin.py:154} WARNING - Best trial: 9. Best value: 0.802296:  30%|###       | 15/50 [00:07<00:19,  1.78it/s]
[2025-11-17T22:16:46.436+0000] {logging_mixin.py:154} WARNING - Best trial: 9. Best value: 0.802296:  30%|###       | 15/50 [00:07<00:19,  1.78it/s]
[2025-11-17T22:16:46.436+0000] {logging_mixin.py:154} WARNING - Best trial: 9. Best value: 0.802296:  32%|###2      | 16/50 [00:07<00:21,  1.55it/s]
[2025-11-17T22:16:48.635+0000] {logging_mixin.py:154} WARNING -                                                                                     
[2025-11-17T22:16:48.636+0000] {logging_mixin.py:154} WARNING - 
[2025-11-17T22:16:48.636+0000] {logging_mixin.py:154} INFO - [I 2025-11-17 22:16:48,635] Trial 16 finished with value: 0.8038216560509555 and parameters: {'max_depth': 11, 'learning_rate': 0.03703772238189893, 'subsample': 0.9158022566129167, 'colsample_bytree': 0.5587404371074098, 'min_child_weight': 9, 'gamma': 0.7364943416771574, 'n_estimators': 439}. Best is trial 16 with value: 0.8038216560509555.
[2025-11-17T22:16:48.636+0000] {logging_mixin.py:154} WARNING - Best trial: 9. Best value: 0.802296:  32%|###2      | 16/50 [00:10<00:21,  1.55it/s]
[2025-11-17T22:16:48.636+0000] {logging_mixin.py:154} WARNING - Best trial: 16. Best value: 0.803822:  32%|###2      | 16/50 [00:10<00:21,  1.55it/s]
[2025-11-17T22:16:48.636+0000] {logging_mixin.py:154} WARNING - Best trial: 16. Best value: 0.803822:  34%|###4      | 17/50 [00:10<00:36,  1.11s/it]
[2025-11-17T22:16:49.256+0000] {logging_mixin.py:154} WARNING -                                                                                      
[2025-11-17T22:16:49.256+0000] {logging_mixin.py:154} WARNING - 
