[2025-11-18T02:28:35.417+0000] {taskinstance.py:1159} INFO - Dependencies all met for dep_context=non-requeueable deps ti=<TaskInstance: sodai_drinks_production_pipeline.train_model scheduled__2025-11-09T00:00:00+00:00 [queued]>
[2025-11-18T02:28:35.423+0000] {taskinstance.py:1159} INFO - Dependencies all met for dep_context=requeueable deps ti=<TaskInstance: sodai_drinks_production_pipeline.train_model scheduled__2025-11-09T00:00:00+00:00 [queued]>
[2025-11-18T02:28:35.423+0000] {taskinstance.py:1361} INFO - Starting attempt 1 of 2
[2025-11-18T02:28:35.431+0000] {taskinstance.py:1382} INFO - Executing <Task(PythonOperator): train_model> on 2025-11-09 00:00:00+00:00
[2025-11-18T02:28:35.443+0000] {standard_task_runner.py:57} INFO - Started process 450 to run task
[2025-11-18T02:28:35.447+0000] {standard_task_runner.py:84} INFO - Running: ['***', 'tasks', 'run', 'sodai_drinks_production_pipeline', 'train_model', 'scheduled__2025-11-09T00:00:00+00:00', '--job-id', '152', '--raw', '--subdir', 'DAGS_FOLDER/pipeline_productivo.py', '--cfg-path', '/tmp/tmpr0zn__up']
[2025-11-18T02:28:35.450+0000] {standard_task_runner.py:85} INFO - Job 152: Subtask train_model
[2025-11-18T02:28:35.491+0000] {task_command.py:416} INFO - Running <TaskInstance: sodai_drinks_production_pipeline.train_model scheduled__2025-11-09T00:00:00+00:00 [running]> on host 3618904be5d4
[2025-11-18T02:28:35.782+0000] {taskinstance.py:1662} INFO - Exporting env vars: AIRFLOW_CTX_DAG_EMAIL='team@sodaidrinks.com' AIRFLOW_CTX_DAG_OWNER='sodai_drinks_team' AIRFLOW_CTX_DAG_ID='sodai_drinks_production_pipeline' AIRFLOW_CTX_TASK_ID='train_model' AIRFLOW_CTX_EXECUTION_DATE='2025-11-09T00:00:00+00:00' AIRFLOW_CTX_TRY_NUMBER='1' AIRFLOW_CTX_DAG_RUN_ID='scheduled__2025-11-09T00:00:00+00:00'
[2025-11-18T02:28:35.783+0000] {model_training.py:229} INFO - 🚀 Iniciando entrenamiento del modelo XGBoost...
[2025-11-18T02:28:35.855+0000] {model_training.py:251} INFO - 📊 Dataset cargado:
[2025-11-18T02:28:35.855+0000] {model_training.py:252} INFO -    - Features: 15
[2025-11-18T02:28:35.855+0000] {model_training.py:253} INFO -    - Registros: 412920
[2025-11-18T02:28:35.857+0000] {model_training.py:254} INFO -    - Distribución de clases - Clase 0: 206460, Clase 1: 206460
[2025-11-18T02:28:36.019+0000] {model_training.py:264} INFO - 📂 Splits creados:
[2025-11-18T02:28:36.019+0000] {model_training.py:265} INFO -    - Train: 247752 muestras
[2025-11-18T02:28:36.019+0000] {model_training.py:266} INFO -    - Validation: 82584 muestras
[2025-11-18T02:28:36.019+0000] {model_training.py:267} INFO -    - Test: 82584 muestras
[2025-11-18T02:28:36.062+0000] {logging_mixin.py:154} WARNING - 2025/11/18 02:28:36 WARNING mlflow.utils.git_utils: Failed to import Git (the Git executable is probably not on your PATH), so Git SHA is not available. Error: Failed to initialize: Bad git executable.
The git executable must be specified in one of the following ways:
    - be included in your $PATH
    - be set via $GIT_PYTHON_GIT_EXECUTABLE
    - explicitly set via git.refresh(<full-path-to-git-executable>)

All git commands will error until this is rectified.

This initial message can be silenced or aggravated in the future by setting the
$GIT_PYTHON_REFRESH environment variable. Use one of the following values:
    - quiet|q|silence|s|silent|none|n|0: for no message or exception
    - warn|w|warning|log|l|1: for a warning message (logging level CRITICAL, displayed by default)
    - error|e|exception|raise|r|2: for a raised exception

Example:
    export GIT_PYTHON_REFRESH=quiet
[2025-11-18T02:28:36.070+0000] {model_training.py:276} INFO - 📊 Registrando datasets en MLflow...
[2025-11-18T02:28:36.253+0000] {logging_mixin.py:154} WARNING - /home/***/.local/lib/python3.10/site-packages/mlflow/data/dataset_source_registry.py:143 UserWarning: The specified dataset source can be interpreted in multiple ways: LocalArtifactDatasetSource, LocalArtifactDatasetSource. MLflow will assume that this is a LocalArtifactDatasetSource source.
[2025-11-18T02:28:36.616+0000] {logging_mixin.py:154} WARNING - /home/***/.local/lib/python3.10/site-packages/mlflow/data/pandas_dataset.py:134 UserWarning: Hint: Inferred schema contains integer column(s). Integer columns in Python cannot represent missing values. If your input data contains missing values at inference time, it will be encoded as floats and will cause a schema enforcement error. The best way to avoid this problem is to infer the model schema based on a realistic data sample (training dataset) that includes missing values. Alternatively, you can declare integer columns as doubles (float64) whenever these columns may have missing values. See `Handling Integers With Missing Values <https://www.mlflow.org/docs/latest/models.html#handling-integers-with-missing-values>`_ for more details.
[2025-11-18T02:28:36.623+0000] {logging_mixin.py:154} WARNING - /home/***/.local/lib/python3.10/site-packages/mlflow/data/dataset_source_registry.py:143 UserWarning: The specified dataset source can be interpreted in multiple ways: LocalArtifactDatasetSource, LocalArtifactDatasetSource. MLflow will assume that this is a LocalArtifactDatasetSource source.
[2025-11-18T02:28:36.734+0000] {logging_mixin.py:154} WARNING - /home/***/.local/lib/python3.10/site-packages/mlflow/data/pandas_dataset.py:134 UserWarning: Hint: Inferred schema contains integer column(s). Integer columns in Python cannot represent missing values. If your input data contains missing values at inference time, it will be encoded as floats and will cause a schema enforcement error. The best way to avoid this problem is to infer the model schema based on a realistic data sample (training dataset) that includes missing values. Alternatively, you can declare integer columns as doubles (float64) whenever these columns may have missing values. See `Handling Integers With Missing Values <https://www.mlflow.org/docs/latest/models.html#handling-integers-with-missing-values>`_ for more details.
[2025-11-18T02:28:36.740+0000] {logging_mixin.py:154} WARNING - /home/***/.local/lib/python3.10/site-packages/mlflow/data/dataset_source_registry.py:143 UserWarning: The specified dataset source can be interpreted in multiple ways: LocalArtifactDatasetSource, LocalArtifactDatasetSource. MLflow will assume that this is a LocalArtifactDatasetSource source.
[2025-11-18T02:28:36.853+0000] {logging_mixin.py:154} WARNING - /home/***/.local/lib/python3.10/site-packages/mlflow/data/pandas_dataset.py:134 UserWarning: Hint: Inferred schema contains integer column(s). Integer columns in Python cannot represent missing values. If your input data contains missing values at inference time, it will be encoded as floats and will cause a schema enforcement error. The best way to avoid this problem is to infer the model schema based on a realistic data sample (training dataset) that includes missing values. Alternatively, you can declare integer columns as doubles (float64) whenever these columns may have missing values. See `Handling Integers With Missing Values <https://www.mlflow.org/docs/latest/models.html#handling-integers-with-missing-values>`_ for more details.
[2025-11-18T02:28:36.855+0000] {model_training.py:330} INFO - ✅ Datasets registrados en MLflow
[2025-11-18T02:28:36.855+0000] {model_training.py:64} INFO - 🔍 Iniciando optimización de hiperparámetros con 50 trials...
[2025-11-18T02:28:36.856+0000] {logging_mixin.py:154} WARNING -   0%|          | 0/50 [00:00<?, ?it/s]
[2025-11-18T02:28:38.327+0000] {logging_mixin.py:154} WARNING -                                       
[2025-11-18T02:28:38.327+0000] {logging_mixin.py:154} WARNING - 
[2025-11-18T02:28:38.327+0000] {logging_mixin.py:154} INFO - [I 2025-11-18 02:28:38,327] Trial 0 finished with value: 0.8374273348572224 and parameters: {'max_depth': 7, 'learning_rate': 0.2536999076681772, 'subsample': 0.8659969709057025, 'colsample_bytree': 0.7993292420985183, 'min_child_weight': 2, 'gamma': 0.7799726016810132, 'n_estimators': 76}. Best is trial 0 with value: 0.8374273348572224.
[2025-11-18T02:28:38.328+0000] {logging_mixin.py:154} WARNING -   0%|          | 0/50 [00:01<?, ?it/s]
[2025-11-18T02:28:38.328+0000] {logging_mixin.py:154} WARNING - Best trial: 0. Best value: 0.837427:   0%|          | 0/50 [00:01<?, ?it/s]
[2025-11-18T02:28:38.328+0000] {logging_mixin.py:154} WARNING - Best trial: 0. Best value: 0.837427:   2%|2         | 1/50 [00:01<01:12,  1.47s/it]
[2025-11-18T02:28:39.057+0000] {logging_mixin.py:154} WARNING -                                                                                    
[2025-11-18T02:28:39.057+0000] {logging_mixin.py:154} WARNING - 
[2025-11-18T02:28:39.057+0000] {logging_mixin.py:154} INFO - [I 2025-11-18 02:28:39,057] Trial 1 finished with value: 0.8396216609500052 and parameters: {'max_depth': 14, 'learning_rate': 0.07725378389307355, 'subsample': 0.8540362888980227, 'colsample_bytree': 0.5102922471479012, 'min_child_weight': 10, 'gamma': 4.162213204002109, 'n_estimators': 145}. Best is trial 1 with value: 0.8396216609500052.
[2025-11-18T02:28:39.057+0000] {logging_mixin.py:154} WARNING - Best trial: 0. Best value: 0.837427:   2%|2         | 1/50 [00:02<01:12,  1.47s/it]
[2025-11-18T02:28:39.058+0000] {logging_mixin.py:154} WARNING - Best trial: 1. Best value: 0.839622:   2%|2         | 1/50 [00:02<01:12,  1.47s/it]
[2025-11-18T02:28:39.058+0000] {logging_mixin.py:154} WARNING - Best trial: 1. Best value: 0.839622:   4%|4         | 2/50 [00:02<00:49,  1.04s/it]
[2025-11-18T02:28:46.450+0000] {logging_mixin.py:154} WARNING -                                                                                    
[2025-11-18T02:28:46.450+0000] {logging_mixin.py:154} WARNING - 
[2025-11-18T02:28:46.450+0000] {logging_mixin.py:154} INFO - [I 2025-11-18 02:28:46,450] Trial 2 finished with value: 0.8057348814928029 and parameters: {'max_depth': 5, 'learning_rate': 0.018659959624904916, 'subsample': 0.6521211214797689, 'colsample_bytree': 0.762378215816119, 'min_child_weight': 5, 'gamma': 1.4561457009902097, 'n_estimators': 325}. Best is trial 1 with value: 0.8396216609500052.
[2025-11-18T02:28:46.450+0000] {logging_mixin.py:154} WARNING - Best trial: 1. Best value: 0.839622:   4%|4         | 2/50 [00:09<00:49,  1.04s/it]
[2025-11-18T02:28:46.450+0000] {logging_mixin.py:154} WARNING - Best trial: 1. Best value: 0.839622:   4%|4         | 2/50 [00:09<00:49,  1.04s/it]
[2025-11-18T02:28:46.451+0000] {logging_mixin.py:154} WARNING - Best trial: 1. Best value: 0.839622:   6%|6         | 3/50 [00:09<03:05,  3.94s/it]
[2025-11-18T02:28:48.905+0000] {logging_mixin.py:154} WARNING -                                                                                    
[2025-11-18T02:28:48.905+0000] {logging_mixin.py:154} WARNING - 
[2025-11-18T02:28:48.905+0000] {logging_mixin.py:154} INFO - [I 2025-11-18 02:28:48,905] Trial 3 finished with value: 0.8020370056017655 and parameters: {'max_depth': 4, 'learning_rate': 0.027010527749605478, 'subsample': 0.6831809216468459, 'colsample_bytree': 0.728034992108518, 'min_child_weight': 8, 'gamma': 0.9983689107917987, 'n_estimators': 281}. Best is trial 1 with value: 0.8396216609500052.
[2025-11-18T02:28:48.906+0000] {logging_mixin.py:154} WARNING - Best trial: 1. Best value: 0.839622:   6%|6         | 3/50 [00:12<03:05,  3.94s/it]
[2025-11-18T02:28:48.906+0000] {logging_mixin.py:154} WARNING - Best trial: 1. Best value: 0.839622:   6%|6         | 3/50 [00:12<03:05,  3.94s/it]
[2025-11-18T02:28:48.906+0000] {logging_mixin.py:154} WARNING - Best trial: 1. Best value: 0.839622:   8%|8         | 4/50 [00:12<02:34,  3.35s/it]
[2025-11-18T02:28:53.967+0000] {logging_mixin.py:154} WARNING -                                                                                    
[2025-11-18T02:28:53.967+0000] {logging_mixin.py:154} WARNING - 
[2025-11-18T02:28:53.967+0000] {logging_mixin.py:154} INFO - [I 2025-11-18 02:28:53,966] Trial 4 finished with value: 0.827486454219855 and parameters: {'max_depth': 10, 'learning_rate': 0.011711509955524094, 'subsample': 0.8037724259507192, 'colsample_bytree': 0.5852620618436457, 'min_child_weight': 1, 'gamma': 4.7444276862666666, 'n_estimators': 485}. Best is trial 1 with value: 0.8396216609500052.
[2025-11-18T02:28:53.967+0000] {logging_mixin.py:154} WARNING - Best trial: 1. Best value: 0.839622:   8%|8         | 4/50 [00:17<02:34,  3.35s/it]
[2025-11-18T02:28:53.967+0000] {logging_mixin.py:154} WARNING - Best trial: 1. Best value: 0.839622:   8%|8         | 4/50 [00:17<02:34,  3.35s/it]
[2025-11-18T02:28:53.967+0000] {logging_mixin.py:154} WARNING - Best trial: 1. Best value: 0.839622:  10%|#         | 5/50 [00:17<02:58,  3.97s/it]
[2025-11-18T02:29:00.165+0000] {logging_mixin.py:154} WARNING -                                                                                    
[2025-11-18T02:29:00.165+0000] {logging_mixin.py:154} WARNING - 
[2025-11-18T02:29:00.165+0000] {logging_mixin.py:154} INFO - [I 2025-11-18 02:29:00,164] Trial 5 finished with value: 0.8491316806069535 and parameters: {'max_depth': 13, 'learning_rate': 0.028180680291847244, 'subsample': 0.5488360570031919, 'colsample_bytree': 0.8421165132560784, 'min_child_weight': 5, 'gamma': 0.6101911742238941, 'n_estimators': 273}. Best is trial 5 with value: 0.8491316806069535.
[2025-11-18T02:29:00.165+0000] {logging_mixin.py:154} WARNING - Best trial: 1. Best value: 0.839622:  10%|#         | 5/50 [00:23<02:58,  3.97s/it]
[2025-11-18T02:29:00.165+0000] {logging_mixin.py:154} WARNING - Best trial: 5. Best value: 0.849132:  10%|#         | 5/50 [00:23<02:58,  3.97s/it]
[2025-11-18T02:29:00.165+0000] {logging_mixin.py:154} WARNING - Best trial: 5. Best value: 0.849132:  12%|#2        | 6/50 [00:23<03:27,  4.73s/it]
[2025-11-18T02:29:02.102+0000] {logging_mixin.py:154} WARNING -                                                                                    
[2025-11-18T02:29:02.103+0000] {logging_mixin.py:154} WARNING - 
[2025-11-18T02:29:02.103+0000] {logging_mixin.py:154} INFO - [I 2025-11-18 02:29:02,102] Trial 6 finished with value: 0.8185292414591778 and parameters: {'max_depth': 3, 'learning_rate': 0.22038218939289875, 'subsample': 0.6293899908000085, 'colsample_bytree': 0.831261142176991, 'min_child_weight': 4, 'gamma': 2.600340105889054, 'n_estimators': 296}. Best is trial 5 with value: 0.8491316806069535.
[2025-11-18T02:29:02.103+0000] {logging_mixin.py:154} WARNING - Best trial: 5. Best value: 0.849132:  12%|#2        | 6/50 [00:25<03:27,  4.73s/it]
[2025-11-18T02:29:02.103+0000] {logging_mixin.py:154} WARNING - Best trial: 5. Best value: 0.849132:  12%|#2        | 6/50 [00:25<03:27,  4.73s/it]
[2025-11-18T02:29:02.103+0000] {logging_mixin.py:154} WARNING - Best trial: 5. Best value: 0.849132:  14%|#4        | 7/50 [00:25<02:44,  3.82s/it]
[2025-11-18T02:29:04.491+0000] {logging_mixin.py:154} WARNING -                                                                                    
[2025-11-18T02:29:04.491+0000] {logging_mixin.py:154} WARNING - 
[2025-11-18T02:29:04.491+0000] {logging_mixin.py:154} INFO - [I 2025-11-18 02:29:04,491] Trial 7 finished with value: 0.8319022954542821 and parameters: {'max_depth': 5, 'learning_rate': 0.27051668818999286, 'subsample': 0.8875664116805573, 'colsample_bytree': 0.9697494707820946, 'min_child_weight': 9, 'gamma': 2.9894998940554256, 'n_estimators': 465}. Best is trial 5 with value: 0.8491316806069535.
[2025-11-18T02:29:04.491+0000] {logging_mixin.py:154} WARNING - Best trial: 5. Best value: 0.849132:  14%|#4        | 7/50 [00:27<02:44,  3.82s/it]
[2025-11-18T02:29:04.492+0000] {logging_mixin.py:154} WARNING - Best trial: 5. Best value: 0.849132:  14%|#4        | 7/50 [00:27<02:44,  3.82s/it]
[2025-11-18T02:29:04.492+0000] {logging_mixin.py:154} WARNING - Best trial: 5. Best value: 0.849132:  16%|#6        | 8/50 [00:27<02:21,  3.36s/it]
[2025-11-18T02:29:08.671+0000] {logging_mixin.py:154} WARNING -                                                                                    
[2025-11-18T02:29:08.671+0000] {logging_mixin.py:154} WARNING - 
[2025-11-18T02:29:08.671+0000] {logging_mixin.py:154} INFO - [I 2025-11-18 02:29:08,671] Trial 8 finished with value: 0.8019524211390644 and parameters: {'max_depth': 4, 'learning_rate': 0.01947558230629543, 'subsample': 0.522613644455269, 'colsample_bytree': 0.6626651653816322, 'min_child_weight': 4, 'gamma': 1.3567451588694794, 'n_estimators': 423}. Best is trial 5 with value: 0.8491316806069535.
[2025-11-18T02:29:08.672+0000] {logging_mixin.py:154} WARNING - Best trial: 5. Best value: 0.849132:  16%|#6        | 8/50 [00:31<02:21,  3.36s/it]
[2025-11-18T02:29:08.672+0000] {logging_mixin.py:154} WARNING - Best trial: 5. Best value: 0.849132:  16%|#6        | 8/50 [00:31<02:21,  3.36s/it]
[2025-11-18T02:29:08.672+0000] {logging_mixin.py:154} WARNING - Best trial: 5. Best value: 0.849132:  18%|#8        | 9/50 [00:31<02:28,  3.62s/it]
[2025-11-18T02:29:15.548+0000] {logging_mixin.py:154} WARNING -                                                                                    
[2025-11-18T02:29:15.548+0000] {logging_mixin.py:154} WARNING - 
[2025-11-18T02:29:15.548+0000] {logging_mixin.py:154} INFO - [I 2025-11-18 02:29:15,547] Trial 9 finished with value: 0.8285743903984151 and parameters: {'max_depth': 7, 'learning_rate': 0.026000059117302653, 'subsample': 0.7713480415791243, 'colsample_bytree': 0.5704621124873813, 'min_child_weight': 9, 'gamma': 0.3727532183988541, 'n_estimators': 495}. Best is trial 5 with value: 0.8491316806069535.
[2025-11-18T02:29:15.548+0000] {logging_mixin.py:154} WARNING - Best trial: 5. Best value: 0.849132:  18%|#8        | 9/50 [00:38<02:28,  3.62s/it]
[2025-11-18T02:29:15.548+0000] {logging_mixin.py:154} WARNING - Best trial: 5. Best value: 0.849132:  18%|#8        | 9/50 [00:38<02:28,  3.62s/it]
[2025-11-18T02:29:15.548+0000] {logging_mixin.py:154} WARNING - Best trial: 5. Best value: 0.849132:  20%|##        | 10/50 [00:38<03:04,  4.62s/it]
[2025-11-18T02:29:21.567+0000] {logging_mixin.py:154} WARNING -                                                                                     
[2025-11-18T02:29:21.568+0000] {logging_mixin.py:154} WARNING - 
[2025-11-18T02:29:21.568+0000] {logging_mixin.py:154} INFO - [I 2025-11-18 02:29:21,567] Trial 10 finished with value: 0.8550697674418604 and parameters: {'max_depth': 15, 'learning_rate': 0.050022091577274774, 'subsample': 0.9847685553939328, 'colsample_bytree': 0.9046749166920307, 'min_child_weight': 7, 'gamma': 0.19362599980591444, 'n_estimators': 199}. Best is trial 10 with value: 0.8550697674418604.
[2025-11-18T02:29:21.568+0000] {logging_mixin.py:154} WARNING - Best trial: 5. Best value: 0.849132:  20%|##        | 10/50 [00:44<03:04,  4.62s/it]
[2025-11-18T02:29:21.568+0000] {logging_mixin.py:154} WARNING - Best trial: 10. Best value: 0.85507:  20%|##        | 10/50 [00:44<03:04,  4.62s/it]
[2025-11-18T02:29:21.568+0000] {logging_mixin.py:154} WARNING - Best trial: 10. Best value: 0.85507:  22%|##2       | 11/50 [00:44<03:16,  5.05s/it]
[2025-11-18T02:29:24.499+0000] {logging_mixin.py:154} WARNING -                                                                                     
[2025-11-18T02:29:24.499+0000] {logging_mixin.py:154} WARNING - 
[2025-11-18T02:29:24.499+0000] {logging_mixin.py:154} INFO - [I 2025-11-18 02:29:24,499] Trial 11 finished with value: 0.8546827794561933 and parameters: {'max_depth': 15, 'learning_rate': 0.05378356815268503, 'subsample': 0.9978996494132066, 'colsample_bytree': 0.9148154490068297, 'min_child_weight': 7, 'gamma': 0.11980023076172625, 'n_estimators': 181}. Best is trial 10 with value: 0.8550697674418604.
[2025-11-18T02:29:24.500+0000] {logging_mixin.py:154} WARNING - Best trial: 10. Best value: 0.85507:  22%|##2       | 11/50 [00:47<03:16,  5.05s/it]
[2025-11-18T02:29:24.500+0000] {logging_mixin.py:154} WARNING - Best trial: 10. Best value: 0.85507:  22%|##2       | 11/50 [00:47<03:16,  5.05s/it]
[2025-11-18T02:29:24.500+0000] {logging_mixin.py:154} WARNING - Best trial: 10. Best value: 0.85507:  24%|##4       | 12/50 [00:47<02:47,  4.41s/it]
[2025-11-18T02:29:28.432+0000] {logging_mixin.py:154} WARNING -                                                                                     
[2025-11-18T02:29:28.432+0000] {logging_mixin.py:154} WARNING - 
[2025-11-18T02:29:28.432+0000] {logging_mixin.py:154} INFO - [I 2025-11-18 02:29:28,432] Trial 12 finished with value: 0.85557880055788 and parameters: {'max_depth': 15, 'learning_rate': 0.058420701272470996, 'subsample': 0.9975933825858243, 'colsample_bytree': 0.9350329235150246, 'min_child_weight': 7, 'gamma': 0.018612940338927547, 'n_estimators': 182}. Best is trial 12 with value: 0.85557880055788.
[2025-11-18T02:29:28.433+0000] {logging_mixin.py:154} WARNING - Best trial: 10. Best value: 0.85507:  24%|##4       | 12/50 [00:51<02:47,  4.41s/it]
[2025-11-18T02:29:28.433+0000] {logging_mixin.py:154} WARNING - Best trial: 12. Best value: 0.855579:  24%|##4       | 12/50 [00:51<02:47,  4.41s/it]
[2025-11-18T02:29:28.433+0000] {logging_mixin.py:154} WARNING - Best trial: 12. Best value: 0.855579:  26%|##6       | 13/50 [00:51<02:37,  4.26s/it]
[2025-11-18T02:29:32.562+0000] {logging_mixin.py:154} WARNING -                                                                                      
[2025-11-18T02:29:32.562+0000] {logging_mixin.py:154} WARNING - 
