[2025-11-18T02:30:19.264+0000] {logging_mixin.py:154} INFO - [I 2025-11-18 02:30:19,264] Trial 33 finished with value: 0.8561253726495529 and parameters: {'max_depth': 15, 'learning_rate': 0.285279985824009, 'subsample': 0.8748051656120394, 'colsample_bytree': 0.7985855160383043, 'min_child_weight': 2, 'gamma': 1.1457735668872915, 'n_estimators': 53}. Best is trial 29 with value: 0.8590954071831888.
[2025-11-18T02:30:19.265+0000] {logging_mixin.py:154} WARNING - Best trial: 29. Best value: 0.859095:  66%|######6   | 33/50 [01:42<00:34,  2.04s/it]
[2025-11-18T02:30:19.265+0000] {logging_mixin.py:154} WARNING - Best trial: 29. Best value: 0.859095:  66%|######6   | 33/50 [01:42<00:34,  2.04s/it]
[2025-11-18T02:30:19.265+0000] {logging_mixin.py:154} WARNING - Best trial: 29. Best value: 0.859095:  68%|######8   | 34/50 [01:42<00:26,  1.67s/it]
[2025-11-18T02:30:20.246+0000] {logging_mixin.py:154} WARNING -                                                                                      
[2025-11-18T02:30:20.246+0000] {logging_mixin.py:154} WARNING - 
[2025-11-18T02:30:20.246+0000] {logging_mixin.py:154} INFO - [I 2025-11-18 02:30:20,246] Trial 34 finished with value: 0.8576010784803654 and parameters: {'max_depth': 14, 'learning_rate': 0.19438718045438536, 'subsample': 0.8367849635027444, 'colsample_bytree': 0.8655160834546057, 'min_child_weight': 2, 'gamma': 0.8050080656097026, 'n_estimators': 85}. Best is trial 29 with value: 0.8590954071831888.
[2025-11-18T02:30:20.246+0000] {logging_mixin.py:154} WARNING - Best trial: 29. Best value: 0.859095:  68%|######8   | 34/50 [01:43<00:26,  1.67s/it]
[2025-11-18T02:30:20.247+0000] {logging_mixin.py:154} WARNING - Best trial: 29. Best value: 0.859095:  68%|######8   | 34/50 [01:43<00:26,  1.67s/it]
[2025-11-18T02:30:20.247+0000] {logging_mixin.py:154} WARNING - Best trial: 29. Best value: 0.859095:  70%|#######   | 35/50 [01:43<00:21,  1.46s/it]
[2025-11-18T02:30:20.863+0000] {logging_mixin.py:154} WARNING -                                                                                      
[2025-11-18T02:30:20.864+0000] {logging_mixin.py:154} WARNING - 
[2025-11-18T02:30:20.864+0000] {logging_mixin.py:154} INFO - [I 2025-11-18 02:30:20,863] Trial 35 finished with value: 0.8530437704975026 and parameters: {'max_depth': 14, 'learning_rate': 0.2307913559266204, 'subsample': 0.8339925541362461, 'colsample_bytree': 0.7939069302007258, 'min_child_weight': 2, 'gamma': 1.6332191739762214, 'n_estimators': 79}. Best is trial 29 with value: 0.8590954071831888.
[2025-11-18T02:30:20.864+0000] {logging_mixin.py:154} WARNING - Best trial: 29. Best value: 0.859095:  70%|#######   | 35/50 [01:44<00:21,  1.46s/it]
[2025-11-18T02:30:20.864+0000] {logging_mixin.py:154} WARNING - Best trial: 29. Best value: 0.859095:  70%|#######   | 35/50 [01:44<00:21,  1.46s/it]
[2025-11-18T02:30:20.864+0000] {logging_mixin.py:154} WARNING - Best trial: 29. Best value: 0.859095:  72%|#######2  | 36/50 [01:44<00:16,  1.21s/it]
[2025-11-18T02:30:22.010+0000] {logging_mixin.py:154} WARNING -                                                                                      
[2025-11-18T02:30:22.010+0000] {logging_mixin.py:154} WARNING - 
[2025-11-18T02:30:22.010+0000] {logging_mixin.py:154} INFO - [I 2025-11-18 02:30:22,010] Trial 36 finished with value: 0.857664700613083 and parameters: {'max_depth': 15, 'learning_rate': 0.18703883122345422, 'subsample': 0.800932686459263, 'colsample_bytree': 0.8631514927224785, 'min_child_weight': 1, 'gamma': 1.115507211920115, 'n_estimators': 106}. Best is trial 29 with value: 0.8590954071831888.
[2025-11-18T02:30:22.010+0000] {logging_mixin.py:154} WARNING - Best trial: 29. Best value: 0.859095:  72%|#######2  | 36/50 [01:45<00:16,  1.21s/it]
[2025-11-18T02:30:22.011+0000] {logging_mixin.py:154} WARNING - Best trial: 29. Best value: 0.859095:  72%|#######2  | 36/50 [01:45<00:16,  1.21s/it]
[2025-11-18T02:30:22.011+0000] {logging_mixin.py:154} WARNING - Best trial: 29. Best value: 0.859095:  74%|#######4  | 37/50 [01:45<00:15,  1.19s/it]
[2025-11-18T02:30:22.938+0000] {logging_mixin.py:154} WARNING -                                                                                      
[2025-11-18T02:30:22.938+0000] {logging_mixin.py:154} WARNING - 
[2025-11-18T02:30:22.938+0000] {logging_mixin.py:154} INFO - [I 2025-11-18 02:30:22,938] Trial 37 finished with value: 0.8579260360527783 and parameters: {'max_depth': 15, 'learning_rate': 0.28510642664448643, 'subsample': 0.7881994592489804, 'colsample_bytree': 0.7644554827552403, 'min_child_weight': 1, 'gamma': 1.2285646971270927, 'n_estimators': 110}. Best is trial 29 with value: 0.8590954071831888.
[2025-11-18T02:30:22.938+0000] {logging_mixin.py:154} WARNING - Best trial: 29. Best value: 0.859095:  74%|#######4  | 37/50 [01:46<00:15,  1.19s/it]
[2025-11-18T02:30:22.938+0000] {logging_mixin.py:154} WARNING - Best trial: 29. Best value: 0.859095:  74%|#######4  | 37/50 [01:46<00:15,  1.19s/it]
[2025-11-18T02:30:22.938+0000] {logging_mixin.py:154} WARNING - Best trial: 29. Best value: 0.859095:  76%|#######6  | 38/50 [01:46<00:13,  1.11s/it]
[2025-11-18T02:30:24.658+0000] {logging_mixin.py:154} WARNING -                                                                                      
[2025-11-18T02:30:24.658+0000] {logging_mixin.py:154} WARNING - 
[2025-11-18T02:30:24.658+0000] {logging_mixin.py:154} INFO - [I 2025-11-18 02:30:24,658] Trial 38 finished with value: 0.8583563142155665 and parameters: {'max_depth': 13, 'learning_rate': 0.2554280605726185, 'subsample': 0.749199075074175, 'colsample_bytree': 0.7664153046451843, 'min_child_weight': 3, 'gamma': 0.6752118146611132, 'n_estimators': 148}. Best is trial 29 with value: 0.8590954071831888.
[2025-11-18T02:30:24.658+0000] {logging_mixin.py:154} WARNING - Best trial: 29. Best value: 0.859095:  76%|#######6  | 38/50 [01:47<00:13,  1.11s/it]
[2025-11-18T02:30:24.658+0000] {logging_mixin.py:154} WARNING - Best trial: 29. Best value: 0.859095:  76%|#######6  | 38/50 [01:47<00:13,  1.11s/it]
[2025-11-18T02:30:24.658+0000] {logging_mixin.py:154} WARNING - Best trial: 29. Best value: 0.859095:  78%|#######8  | 39/50 [01:47<00:14,  1.29s/it]
[2025-11-18T02:30:25.990+0000] {logging_mixin.py:154} WARNING -                                                                                      
[2025-11-18T02:30:25.990+0000] {logging_mixin.py:154} WARNING - 
[2025-11-18T02:30:25.991+0000] {logging_mixin.py:154} INFO - [I 2025-11-18 02:30:25,990] Trial 39 finished with value: 0.8534005857468273 and parameters: {'max_depth': 13, 'learning_rate': 0.24113697973497064, 'subsample': 0.770068602030471, 'colsample_bytree': 0.7290095371316789, 'min_child_weight': 3, 'gamma': 1.4936551844299712, 'n_estimators': 157}. Best is trial 29 with value: 0.8590954071831888.
[2025-11-18T02:30:25.991+0000] {logging_mixin.py:154} WARNING - Best trial: 29. Best value: 0.859095:  78%|#######8  | 39/50 [01:49<00:14,  1.29s/it]
[2025-11-18T02:30:25.991+0000] {logging_mixin.py:154} WARNING - Best trial: 29. Best value: 0.859095:  78%|#######8  | 39/50 [01:49<00:14,  1.29s/it]
[2025-11-18T02:30:25.991+0000] {logging_mixin.py:154} WARNING - Best trial: 29. Best value: 0.859095:  80%|########  | 40/50 [01:49<00:13,  1.31s/it]
[2025-11-18T02:30:28.617+0000] {logging_mixin.py:154} WARNING -                                                                                      
[2025-11-18T02:30:28.618+0000] {logging_mixin.py:154} WARNING - 
[2025-11-18T02:30:28.618+0000] {logging_mixin.py:154} INFO - [I 2025-11-18 02:30:28,617] Trial 40 finished with value: 0.8546738524437838 and parameters: {'max_depth': 14, 'learning_rate': 0.16705010566079484, 'subsample': 0.7161761807433544, 'colsample_bytree': 0.8181644988394768, 'min_child_weight': 3, 'gamma': 0.6900502643101684, 'n_estimators': 55}. Best is trial 29 with value: 0.8590954071831888.
[2025-11-18T02:30:28.618+0000] {logging_mixin.py:154} WARNING - Best trial: 29. Best value: 0.859095:  80%|########  | 40/50 [01:51<00:13,  1.31s/it]
[2025-11-18T02:30:28.618+0000] {logging_mixin.py:154} WARNING - Best trial: 29. Best value: 0.859095:  80%|########  | 40/50 [01:51<00:13,  1.31s/it]
[2025-11-18T02:30:28.618+0000] {logging_mixin.py:154} WARNING - Best trial: 29. Best value: 0.859095:  82%|########2 | 41/50 [01:51<00:15,  1.70s/it]
[2025-11-18T02:30:29.884+0000] {logging_mixin.py:154} WARNING -                                                                                      
[2025-11-18T02:30:29.884+0000] {logging_mixin.py:154} WARNING - 
[2025-11-18T02:30:29.884+0000] {logging_mixin.py:154} INFO - [I 2025-11-18 02:30:29,884] Trial 41 finished with value: 0.8569667507879098 and parameters: {'max_depth': 15, 'learning_rate': 0.24327148960873562, 'subsample': 0.8013089202122946, 'colsample_bytree': 0.7493877555652197, 'min_child_weight': 1, 'gamma': 1.2723760791666252, 'n_estimators': 120}. Best is trial 29 with value: 0.8590954071831888.
[2025-11-18T02:30:29.884+0000] {logging_mixin.py:154} WARNING - Best trial: 29. Best value: 0.859095:  82%|########2 | 41/50 [01:53<00:15,  1.70s/it]
[2025-11-18T02:30:29.884+0000] {logging_mixin.py:154} WARNING - Best trial: 29. Best value: 0.859095:  82%|########2 | 41/50 [01:53<00:15,  1.70s/it]
[2025-11-18T02:30:29.885+0000] {logging_mixin.py:154} WARNING - Best trial: 29. Best value: 0.859095:  84%|########4 | 42/50 [01:53<00:12,  1.57s/it]
[2025-11-18T02:30:31.449+0000] {logging_mixin.py:154} WARNING -                                                                                      
[2025-11-18T02:30:31.449+0000] {logging_mixin.py:154} WARNING - 
[2025-11-18T02:30:31.449+0000] {logging_mixin.py:154} INFO - [I 2025-11-18 02:30:31,449] Trial 42 finished with value: 0.8588884234045524 and parameters: {'max_depth': 13, 'learning_rate': 0.2920151470921643, 'subsample': 0.7342798096706802, 'colsample_bytree': 0.7782997094482516, 'min_child_weight': 1, 'gamma': 0.991560707889518, 'n_estimators': 158}. Best is trial 29 with value: 0.8590954071831888.
[2025-11-18T02:30:31.450+0000] {logging_mixin.py:154} WARNING - Best trial: 29. Best value: 0.859095:  84%|########4 | 42/50 [01:54<00:12,  1.57s/it]
[2025-11-18T02:30:31.450+0000] {logging_mixin.py:154} WARNING - Best trial: 29. Best value: 0.859095:  84%|########4 | 42/50 [01:54<00:12,  1.57s/it]
[2025-11-18T02:30:31.450+0000] {logging_mixin.py:154} WARNING - Best trial: 29. Best value: 0.859095:  86%|########6 | 43/50 [01:54<00:10,  1.57s/it]
[2025-11-18T02:30:32.903+0000] {logging_mixin.py:154} WARNING -                                                                                      
[2025-11-18T02:30:32.904+0000] {logging_mixin.py:154} WARNING - 
[2025-11-18T02:30:32.904+0000] {logging_mixin.py:154} INFO - [I 2025-11-18 02:30:32,903] Trial 43 finished with value: 0.8582724918942876 and parameters: {'max_depth': 13, 'learning_rate': 0.2915491682305283, 'subsample': 0.7288369488846976, 'colsample_bytree': 0.8289898809995806, 'min_child_weight': 2, 'gamma': 0.9706894179329566, 'n_estimators': 156}. Best is trial 29 with value: 0.8590954071831888.
[2025-11-18T02:30:32.904+0000] {logging_mixin.py:154} WARNING - Best trial: 29. Best value: 0.859095:  86%|########6 | 43/50 [01:56<00:10,  1.57s/it]
[2025-11-18T02:30:32.904+0000] {logging_mixin.py:154} WARNING - Best trial: 29. Best value: 0.859095:  86%|########6 | 43/50 [01:56<00:10,  1.57s/it]
[2025-11-18T02:30:32.904+0000] {logging_mixin.py:154} WARNING - Best trial: 29. Best value: 0.859095:  88%|########8 | 44/50 [01:56<00:09,  1.53s/it]
[2025-11-18T02:30:34.712+0000] {logging_mixin.py:154} WARNING -                                                                                      
[2025-11-18T02:30:34.713+0000] {logging_mixin.py:154} WARNING - 
[2025-11-18T02:30:34.713+0000] {logging_mixin.py:154} INFO - [I 2025-11-18 02:30:34,712] Trial 44 finished with value: 0.8612569406451163 and parameters: {'max_depth': 13, 'learning_rate': 0.2176335838016791, 'subsample': 0.7473540064360764, 'colsample_bytree': 0.8538136098696347, 'min_child_weight': 2, 'gamma': 0.6321800452596251, 'n_estimators': 275}. Best is trial 44 with value: 0.8612569406451163.
[2025-11-18T02:30:34.713+0000] {logging_mixin.py:154} WARNING - Best trial: 29. Best value: 0.859095:  88%|########8 | 44/50 [01:57<00:09,  1.53s/it]
[2025-11-18T02:30:34.713+0000] {logging_mixin.py:154} WARNING - Best trial: 44. Best value: 0.861257:  88%|########8 | 44/50 [01:57<00:09,  1.53s/it]
[2025-11-18T02:30:34.713+0000] {logging_mixin.py:154} WARNING - Best trial: 44. Best value: 0.861257:  90%|######### | 45/50 [01:57<00:08,  1.62s/it]
[2025-11-18T02:30:42.315+0000] {logging_mixin.py:154} WARNING -                                                                                      
[2025-11-18T02:30:42.315+0000] {logging_mixin.py:154} WARNING - 
[2025-11-18T02:30:42.316+0000] {logging_mixin.py:154} INFO - [I 2025-11-18 02:30:42,315] Trial 45 finished with value: 0.8612410134710685 and parameters: {'max_depth': 14, 'learning_rate': 0.21652473016976434, 'subsample': 0.679174191367626, 'colsample_bytree': 0.8486448816313377, 'min_child_weight': 1, 'gamma': 0.3122508960436464, 'n_estimators': 297}. Best is trial 44 with value: 0.8612569406451163.
[2025-11-18T02:30:42.316+0000] {logging_mixin.py:154} WARNING - Best trial: 44. Best value: 0.861257:  90%|######### | 45/50 [02:05<00:08,  1.62s/it]
[2025-11-18T02:30:42.316+0000] {logging_mixin.py:154} WARNING - Best trial: 44. Best value: 0.861257:  90%|######### | 45/50 [02:05<00:08,  1.62s/it]
[2025-11-18T02:30:42.316+0000] {logging_mixin.py:154} WARNING - Best trial: 44. Best value: 0.861257:  92%|#########2| 46/50 [02:05<00:13,  3.41s/it]
[2025-11-18T02:30:45.304+0000] {logging_mixin.py:154} WARNING -                                                                                      
[2025-11-18T02:30:45.304+0000] {logging_mixin.py:154} WARNING - 
[2025-11-18T02:30:45.304+0000] {logging_mixin.py:154} INFO - [I 2025-11-18 02:30:45,304] Trial 46 finished with value: 0.845016047258012 and parameters: {'max_depth': 6, 'learning_rate': 0.17419785409306932, 'subsample': 0.6771352680044573, 'colsample_bytree': 0.812728717551778, 'min_child_weight': 2, 'gamma': 0.3134137425353641, 'n_estimators': 307}. Best is trial 44 with value: 0.8612569406451163.
[2025-11-18T02:30:45.304+0000] {logging_mixin.py:154} WARNING - Best trial: 44. Best value: 0.861257:  92%|#########2| 46/50 [02:08<00:13,  3.41s/it]
[2025-11-18T02:30:45.304+0000] {logging_mixin.py:154} WARNING - Best trial: 44. Best value: 0.861257:  92%|#########2| 46/50 [02:08<00:13,  3.41s/it]
[2025-11-18T02:30:45.305+0000] {logging_mixin.py:154} WARNING - Best trial: 44. Best value: 0.861257:  94%|#########3| 47/50 [02:08<00:09,  3.29s/it]
[2025-11-18T02:30:53.082+0000] {logging_mixin.py:154} WARNING -                                                                                      
[2025-11-18T02:30:53.082+0000] {logging_mixin.py:154} WARNING - 
[2025-11-18T02:30:53.082+0000] {logging_mixin.py:154} INFO - [I 2025-11-18 02:30:53,082] Trial 47 finished with value: 0.8610846591568924 and parameters: {'max_depth': 14, 'learning_rate': 0.21548327909673523, 'subsample': 0.6317269664523955, 'colsample_bytree': 0.855090835012621, 'min_child_weight': 1, 'gamma': 0.29119154105076217, 'n_estimators': 350}. Best is trial 44 with value: 0.8612569406451163.
[2025-11-18T02:30:53.082+0000] {logging_mixin.py:154} WARNING - Best trial: 44. Best value: 0.861257:  94%|#########3| 47/50 [02:16<00:09,  3.29s/it]
[2025-11-18T02:30:53.083+0000] {logging_mixin.py:154} WARNING - Best trial: 44. Best value: 0.861257:  94%|#########3| 47/50 [02:16<00:09,  3.29s/it]
[2025-11-18T02:30:53.083+0000] {logging_mixin.py:154} WARNING - Best trial: 44. Best value: 0.861257:  96%|#########6| 48/50 [02:16<00:09,  4.63s/it]
[2025-11-18T02:30:58.103+0000] {logging_mixin.py:154} WARNING -                                                                                      
[2025-11-18T02:30:58.103+0000] {logging_mixin.py:154} WARNING - 
[2025-11-18T02:30:58.104+0000] {logging_mixin.py:154} INFO - [I 2025-11-18 02:30:58,103] Trial 48 finished with value: 0.8606498194945849 and parameters: {'max_depth': 12, 'learning_rate': 0.14597838458315252, 'subsample': 0.6366696460778377, 'colsample_bytree': 0.8952164906346743, 'min_child_weight': 2, 'gamma': 0.3225553701500413, 'n_estimators': 347}. Best is trial 44 with value: 0.8612569406451163.
[2025-11-18T02:30:58.104+0000] {logging_mixin.py:154} WARNING - Best trial: 44. Best value: 0.861257:  96%|#########6| 48/50 [02:21<00:09,  4.63s/it]
[2025-11-18T02:30:58.104+0000] {logging_mixin.py:154} WARNING - Best trial: 44. Best value: 0.861257:  96%|#########6| 48/50 [02:21<00:09,  4.63s/it]
[2025-11-18T02:30:58.104+0000] {logging_mixin.py:154} WARNING - Best trial: 44. Best value: 0.861257:  98%|#########8| 49/50 [02:21<00:04,  4.75s/it]
[2025-11-18T02:31:02.506+0000] {logging_mixin.py:154} WARNING -                                                                                      
[2025-11-18T02:31:02.507+0000] {logging_mixin.py:154} WARNING - 
