[2025-11-18T02:31:02.507+0000] {logging_mixin.py:154} INFO - [I 2025-11-18 02:31:02,506] Trial 49 finished with value: 0.8610496916094496 and parameters: {'max_depth': 12, 'learning_rate': 0.1374070531998135, 'subsample': 0.6193150032430397, 'colsample_bytree': 0.8984094413222538, 'min_child_weight': 4, 'gamma': 0.25821426346299414, 'n_estimators': 345}. Best is trial 44 with value: 0.8612569406451163.
[2025-11-18T02:31:02.507+0000] {logging_mixin.py:154} WARNING - Best trial: 44. Best value: 0.861257:  98%|#########8| 49/50 [02:25<00:04,  4.75s/it]
[2025-11-18T02:31:02.507+0000] {logging_mixin.py:154} WARNING - Best trial: 44. Best value: 0.861257:  98%|#########8| 49/50 [02:25<00:04,  4.75s/it]
[2025-11-18T02:31:02.508+0000] {logging_mixin.py:154} WARNING - Best trial: 44. Best value: 0.861257: 100%|##########| 50/50 [02:25<00:00,  4.65s/it]
[2025-11-18T02:31:02.508+0000] {logging_mixin.py:154} WARNING - Best trial: 44. Best value: 0.861257: 100%|##########| 50/50 [02:25<00:00,  2.91s/it]
[2025-11-18T02:31:02.508+0000] {model_training.py:111} INFO - ✅ Mejor F1-Score (validación): 0.8613
[2025-11-18T02:31:02.508+0000] {model_training.py:112} INFO - 📊 Mejores hiperparámetros encontrados:
[2025-11-18T02:31:02.508+0000] {model_training.py:114} INFO -    - max_depth: 13
[2025-11-18T02:31:02.509+0000] {model_training.py:114} INFO -    - learning_rate: 0.2176335838016791
[2025-11-18T02:31:02.509+0000] {model_training.py:114} INFO -    - subsample: 0.7473540064360764
[2025-11-18T02:31:02.509+0000] {model_training.py:114} INFO -    - colsample_bytree: 0.8538136098696347
[2025-11-18T02:31:02.509+0000] {model_training.py:114} INFO -    - min_child_weight: 2
[2025-11-18T02:31:02.509+0000] {model_training.py:114} INFO -    - gamma: 0.6321800452596251
[2025-11-18T02:31:02.509+0000] {model_training.py:114} INFO -    - n_estimators: 275
[2025-11-18T02:31:02.509+0000] {model_training.py:338} INFO - 🎯 Entrenando modelo final con mejores hiperparámetros...
[2025-11-18T02:31:02.614+0000] {logging_mixin.py:154} INFO - [0]	validation_0-logloss:0.61726	validation_1-logloss:0.61854	validation_2-logloss:0.61856
[2025-11-18T02:31:02.655+0000] {logging_mixin.py:154} INFO - [1]	validation_0-logloss:0.55328	validation_1-logloss:0.55607	validation_2-logloss:0.55601
[2025-11-18T02:31:02.763+0000] {logging_mixin.py:154} INFO - [2]	validation_0-logloss:0.53159	validation_1-logloss:0.53475	validation_2-logloss:0.53481
[2025-11-18T02:31:02.893+0000] {logging_mixin.py:154} INFO - [3]	validation_0-logloss:0.49291	validation_1-logloss:0.49769	validation_2-logloss:0.49764
[2025-11-18T02:31:03.094+0000] {logging_mixin.py:154} INFO - [4]	validation_0-logloss:0.46488	validation_1-logloss:0.47093	validation_2-logloss:0.47088
[2025-11-18T02:31:03.111+0000] {logging_mixin.py:154} INFO - [5]	validation_0-logloss:0.44910	validation_1-logloss:0.45584	validation_2-logloss:0.45569
[2025-11-18T02:31:03.127+0000] {logging_mixin.py:154} INFO - [6]	validation_0-logloss:0.43196	validation_1-logloss:0.43977	validation_2-logloss:0.43948
[2025-11-18T02:31:03.146+0000] {logging_mixin.py:154} INFO - [7]	validation_0-logloss:0.41975	validation_1-logloss:0.42874	validation_2-logloss:0.42834
[2025-11-18T02:31:03.164+0000] {logging_mixin.py:154} INFO - [8]	validation_0-logloss:0.41203	validation_1-logloss:0.42164	validation_2-logloss:0.42125
[2025-11-18T02:31:03.189+0000] {logging_mixin.py:154} INFO - [9]	validation_0-logloss:0.40118	validation_1-logloss:0.41223	validation_2-logloss:0.41195
[2025-11-18T02:31:03.206+0000] {logging_mixin.py:154} INFO - [10]	validation_0-logloss:0.39387	validation_1-logloss:0.40582	validation_2-logloss:0.40563
[2025-11-18T02:31:03.224+0000] {logging_mixin.py:154} INFO - [11]	validation_0-logloss:0.38824	validation_1-logloss:0.40090	validation_2-logloss:0.40056
[2025-11-18T02:31:03.240+0000] {logging_mixin.py:154} INFO - [12]	validation_0-logloss:0.38338	validation_1-logloss:0.39688	validation_2-logloss:0.39649
[2025-11-18T02:31:03.254+0000] {logging_mixin.py:154} INFO - [13]	validation_0-logloss:0.37983	validation_1-logloss:0.39399	validation_2-logloss:0.39357
[2025-11-18T02:31:03.266+0000] {logging_mixin.py:154} INFO - [14]	validation_0-logloss:0.37710	validation_1-logloss:0.39134	validation_2-logloss:0.39092
[2025-11-18T02:31:03.283+0000] {logging_mixin.py:154} INFO - [15]	validation_0-logloss:0.37485	validation_1-logloss:0.38943	validation_2-logloss:0.38906
[2025-11-18T02:31:03.306+0000] {logging_mixin.py:154} INFO - [16]	validation_0-logloss:0.36956	validation_1-logloss:0.38552	validation_2-logloss:0.38518
[2025-11-18T02:31:03.323+0000] {logging_mixin.py:154} INFO - [17]	validation_0-logloss:0.36526	validation_1-logloss:0.38230	validation_2-logloss:0.38209
[2025-11-18T02:31:03.349+0000] {logging_mixin.py:154} INFO - [18]	validation_0-logloss:0.36034	validation_1-logloss:0.37870	validation_2-logloss:0.37848
[2025-11-18T02:31:03.366+0000] {logging_mixin.py:154} INFO - [19]	validation_0-logloss:0.35909	validation_1-logloss:0.37764	validation_2-logloss:0.37741
[2025-11-18T02:31:03.387+0000] {logging_mixin.py:154} INFO - [20]	validation_0-logloss:0.35734	validation_1-logloss:0.37649	validation_2-logloss:0.37614
[2025-11-18T02:31:03.406+0000] {logging_mixin.py:154} INFO - [21]	validation_0-logloss:0.35498	validation_1-logloss:0.37472	validation_2-logloss:0.37427
[2025-11-18T02:31:03.425+0000] {logging_mixin.py:154} INFO - [22]	validation_0-logloss:0.35302	validation_1-logloss:0.37302	validation_2-logloss:0.37270
[2025-11-18T02:31:03.448+0000] {logging_mixin.py:154} INFO - [23]	validation_0-logloss:0.35185	validation_1-logloss:0.37210	validation_2-logloss:0.37174
[2025-11-18T02:31:03.498+0000] {logging_mixin.py:154} INFO - [24]	validation_0-logloss:0.35018	validation_1-logloss:0.37065	validation_2-logloss:0.37033
[2025-11-18T02:31:03.558+0000] {logging_mixin.py:154} INFO - [25]	validation_0-logloss:0.34896	validation_1-logloss:0.36963	validation_2-logloss:0.36944
[2025-11-18T02:31:03.571+0000] {logging_mixin.py:154} INFO - [26]	validation_0-logloss:0.34817	validation_1-logloss:0.36904	validation_2-logloss:0.36888
[2025-11-18T02:31:03.586+0000] {logging_mixin.py:154} INFO - [27]	validation_0-logloss:0.34527	validation_1-logloss:0.36676	validation_2-logloss:0.36644
[2025-11-18T02:31:03.598+0000] {logging_mixin.py:154} INFO - [28]	validation_0-logloss:0.34426	validation_1-logloss:0.36592	validation_2-logloss:0.36562
[2025-11-18T02:31:03.611+0000] {logging_mixin.py:154} INFO - [29]	validation_0-logloss:0.34388	validation_1-logloss:0.36569	validation_2-logloss:0.36537
[2025-11-18T02:31:03.625+0000] {logging_mixin.py:154} INFO - [30]	validation_0-logloss:0.34291	validation_1-logloss:0.36506	validation_2-logloss:0.36483
[2025-11-18T02:31:03.655+0000] {logging_mixin.py:154} INFO - [31]	validation_0-logloss:0.34098	validation_1-logloss:0.36362	validation_2-logloss:0.36327
[2025-11-18T02:31:03.678+0000] {logging_mixin.py:154} INFO - [32]	validation_0-logloss:0.33873	validation_1-logloss:0.36178	validation_2-logloss:0.36152
[2025-11-18T02:31:03.694+0000] {logging_mixin.py:154} INFO - [33]	validation_0-logloss:0.33593	validation_1-logloss:0.35968	validation_2-logloss:0.35952
[2025-11-18T02:31:03.708+0000] {logging_mixin.py:154} INFO - [34]	validation_0-logloss:0.33492	validation_1-logloss:0.35888	validation_2-logloss:0.35873
[2025-11-18T02:31:03.724+0000] {logging_mixin.py:154} INFO - [35]	validation_0-logloss:0.33385	validation_1-logloss:0.35824	validation_2-logloss:0.35823
[2025-11-18T02:31:03.740+0000] {logging_mixin.py:154} INFO - [36]	validation_0-logloss:0.33247	validation_1-logloss:0.35710	validation_2-logloss:0.35702
[2025-11-18T02:31:03.774+0000] {logging_mixin.py:154} INFO - [37]	validation_0-logloss:0.33144	validation_1-logloss:0.35635	validation_2-logloss:0.35639
[2025-11-18T02:31:03.801+0000] {logging_mixin.py:154} INFO - [38]	validation_0-logloss:0.33090	validation_1-logloss:0.35602	validation_2-logloss:0.35604
[2025-11-18T02:31:03.820+0000] {logging_mixin.py:154} INFO - [39]	validation_0-logloss:0.32992	validation_1-logloss:0.35537	validation_2-logloss:0.35545
[2025-11-18T02:31:03.840+0000] {logging_mixin.py:154} INFO - [40]	validation_0-logloss:0.32896	validation_1-logloss:0.35490	validation_2-logloss:0.35499
[2025-11-18T02:31:03.856+0000] {logging_mixin.py:154} INFO - [41]	validation_0-logloss:0.32837	validation_1-logloss:0.35451	validation_2-logloss:0.35462
[2025-11-18T02:31:03.874+0000] {logging_mixin.py:154} INFO - [42]	validation_0-logloss:0.32695	validation_1-logloss:0.35383	validation_2-logloss:0.35391
[2025-11-18T02:31:03.900+0000] {logging_mixin.py:154} INFO - [43]	validation_0-logloss:0.32554	validation_1-logloss:0.35284	validation_2-logloss:0.35284
[2025-11-18T02:31:03.921+0000] {logging_mixin.py:154} INFO - [44]	validation_0-logloss:0.32412	validation_1-logloss:0.35195	validation_2-logloss:0.35199
[2025-11-18T02:31:03.940+0000] {logging_mixin.py:154} INFO - [45]	validation_0-logloss:0.32228	validation_1-logloss:0.35093	validation_2-logloss:0.35107
[2025-11-18T02:31:03.957+0000] {logging_mixin.py:154} INFO - [46]	validation_0-logloss:0.32150	validation_1-logloss:0.35029	validation_2-logloss:0.35033
[2025-11-18T02:31:03.991+0000] {logging_mixin.py:154} INFO - [47]	validation_0-logloss:0.32050	validation_1-logloss:0.34980	validation_2-logloss:0.34982
[2025-11-18T02:31:04.015+0000] {logging_mixin.py:154} INFO - [48]	validation_0-logloss:0.31961	validation_1-logloss:0.34911	validation_2-logloss:0.34918
[2025-11-18T02:31:04.033+0000] {logging_mixin.py:154} INFO - [49]	validation_0-logloss:0.31863	validation_1-logloss:0.34851	validation_2-logloss:0.34861
[2025-11-18T02:31:04.062+0000] {logging_mixin.py:154} INFO - [50]	validation_0-logloss:0.31817	validation_1-logloss:0.34821	validation_2-logloss:0.34829
[2025-11-18T02:31:04.087+0000] {logging_mixin.py:154} INFO - [51]	validation_0-logloss:0.31716	validation_1-logloss:0.34776	validation_2-logloss:0.34788
[2025-11-18T02:31:04.106+0000] {logging_mixin.py:154} INFO - [52]	validation_0-logloss:0.31609	validation_1-logloss:0.34718	validation_2-logloss:0.34739
[2025-11-18T02:31:04.121+0000] {logging_mixin.py:154} INFO - [53]	validation_0-logloss:0.31554	validation_1-logloss:0.34675	validation_2-logloss:0.34697
[2025-11-18T02:31:04.136+0000] {logging_mixin.py:154} INFO - [54]	validation_0-logloss:0.31486	validation_1-logloss:0.34650	validation_2-logloss:0.34674
[2025-11-18T02:31:04.161+0000] {logging_mixin.py:154} INFO - [55]	validation_0-logloss:0.31382	validation_1-logloss:0.34591	validation_2-logloss:0.34623
[2025-11-18T02:31:04.183+0000] {logging_mixin.py:154} INFO - [56]	validation_0-logloss:0.31301	validation_1-logloss:0.34563	validation_2-logloss:0.34596
[2025-11-18T02:31:04.202+0000] {logging_mixin.py:154} INFO - [57]	validation_0-logloss:0.31210	validation_1-logloss:0.34505	validation_2-logloss:0.34533
[2025-11-18T02:31:04.224+0000] {logging_mixin.py:154} INFO - [58]	validation_0-logloss:0.31122	validation_1-logloss:0.34461	validation_2-logloss:0.34505
[2025-11-18T02:31:04.257+0000] {logging_mixin.py:154} INFO - [59]	validation_0-logloss:0.31066	validation_1-logloss:0.34439	validation_2-logloss:0.34476
[2025-11-18T02:31:04.277+0000] {logging_mixin.py:154} INFO - [60]	validation_0-logloss:0.31040	validation_1-logloss:0.34436	validation_2-logloss:0.34468
[2025-11-18T02:31:04.294+0000] {logging_mixin.py:154} INFO - [61]	validation_0-logloss:0.30965	validation_1-logloss:0.34399	validation_2-logloss:0.34429
[2025-11-18T02:31:04.308+0000] {logging_mixin.py:154} INFO - [62]	validation_0-logloss:0.30902	validation_1-logloss:0.34376	validation_2-logloss:0.34406
[2025-11-18T02:31:04.323+0000] {logging_mixin.py:154} INFO - [63]	validation_0-logloss:0.30843	validation_1-logloss:0.34349	validation_2-logloss:0.34388
[2025-11-18T02:31:04.337+0000] {logging_mixin.py:154} INFO - [64]	validation_0-logloss:0.30811	validation_1-logloss:0.34334	validation_2-logloss:0.34373
[2025-11-18T02:31:04.351+0000] {logging_mixin.py:154} INFO - [65]	validation_0-logloss:0.30794	validation_1-logloss:0.34330	validation_2-logloss:0.34361
[2025-11-18T02:31:04.369+0000] {logging_mixin.py:154} INFO - [66]	validation_0-logloss:0.30721	validation_1-logloss:0.34296	validation_2-logloss:0.34332
[2025-11-18T02:31:04.381+0000] {logging_mixin.py:154} INFO - [67]	validation_0-logloss:0.30708	validation_1-logloss:0.34289	validation_2-logloss:0.34321
[2025-11-18T02:31:04.397+0000] {logging_mixin.py:154} INFO - [68]	validation_0-logloss:0.30639	validation_1-logloss:0.34259	validation_2-logloss:0.34286
[2025-11-18T02:31:04.414+0000] {logging_mixin.py:154} INFO - [69]	validation_0-logloss:0.30611	validation_1-logloss:0.34250	validation_2-logloss:0.34279
[2025-11-18T02:31:04.430+0000] {logging_mixin.py:154} INFO - [70]	validation_0-logloss:0.30558	validation_1-logloss:0.34228	validation_2-logloss:0.34264
[2025-11-18T02:31:04.459+0000] {logging_mixin.py:154} INFO - [71]	validation_0-logloss:0.30534	validation_1-logloss:0.34220	validation_2-logloss:0.34255
[2025-11-18T02:31:04.473+0000] {logging_mixin.py:154} INFO - [72]	validation_0-logloss:0.30492	validation_1-logloss:0.34208	validation_2-logloss:0.34243
[2025-11-18T02:31:04.490+0000] {logging_mixin.py:154} INFO - [73]	validation_0-logloss:0.30424	validation_1-logloss:0.34194	validation_2-logloss:0.34219
[2025-11-18T02:31:04.500+0000] {logging_mixin.py:154} INFO - [74]	validation_0-logloss:0.30424	validation_1-logloss:0.34194	validation_2-logloss:0.34219
[2025-11-18T02:31:04.515+0000] {logging_mixin.py:154} INFO - [75]	validation_0-logloss:0.30373	validation_1-logloss:0.34173	validation_2-logloss:0.34195
[2025-11-18T02:31:04.529+0000] {logging_mixin.py:154} INFO - [76]	validation_0-logloss:0.30336	validation_1-logloss:0.34152	validation_2-logloss:0.34184
[2025-11-18T02:31:04.544+0000] {logging_mixin.py:154} INFO - [77]	validation_0-logloss:0.30308	validation_1-logloss:0.34136	validation_2-logloss:0.34176
[2025-11-18T02:31:04.559+0000] {logging_mixin.py:154} INFO - [78]	validation_0-logloss:0.30279	validation_1-logloss:0.34127	validation_2-logloss:0.34165
[2025-11-18T02:31:04.571+0000] {logging_mixin.py:154} INFO - [79]	validation_0-logloss:0.30271	validation_1-logloss:0.34126	validation_2-logloss:0.34166
[2025-11-18T02:31:04.586+0000] {logging_mixin.py:154} INFO - [80]	validation_0-logloss:0.30203	validation_1-logloss:0.34101	validation_2-logloss:0.34143
[2025-11-18T02:31:04.600+0000] {logging_mixin.py:154} INFO - [81]	validation_0-logloss:0.30129	validation_1-logloss:0.34077	validation_2-logloss:0.34131
[2025-11-18T02:31:04.615+0000] {logging_mixin.py:154} INFO - [82]	validation_0-logloss:0.30114	validation_1-logloss:0.34069	validation_2-logloss:0.34128
[2025-11-18T02:31:04.633+0000] {logging_mixin.py:154} INFO - [83]	validation_0-logloss:0.30108	validation_1-logloss:0.34070	validation_2-logloss:0.34131
[2025-11-18T02:31:04.648+0000] {logging_mixin.py:154} INFO - [84]	validation_0-logloss:0.30102	validation_1-logloss:0.34067	validation_2-logloss:0.34130
[2025-11-18T02:31:04.696+0000] {logging_mixin.py:154} INFO - [85]	validation_0-logloss:0.30081	validation_1-logloss:0.34055	validation_2-logloss:0.34124
[2025-11-18T02:31:04.850+0000] {logging_mixin.py:154} INFO - [86]	validation_0-logloss:0.30063	validation_1-logloss:0.34047	validation_2-logloss:0.34121
[2025-11-18T02:31:05.159+0000] {logging_mixin.py:154} INFO - [87]	validation_0-logloss:0.30061	validation_1-logloss:0.34047	validation_2-logloss:0.34120
[2025-11-18T02:31:05.325+0000] {logging_mixin.py:154} INFO - [88]	validation_0-logloss:0.30044	validation_1-logloss:0.34044	validation_2-logloss:0.34120
[2025-11-18T02:31:05.353+0000] {logging_mixin.py:154} INFO - [89]	validation_0-logloss:0.29966	validation_1-logloss:0.34032	validation_2-logloss:0.34095
[2025-11-18T02:31:05.441+0000] {logging_mixin.py:154} INFO - [90]	validation_0-logloss:0.29954	validation_1-logloss:0.34029	validation_2-logloss:0.34090
[2025-11-18T02:31:05.512+0000] {logging_mixin.py:154} INFO - [91]	validation_0-logloss:0.29942	validation_1-logloss:0.34021	validation_2-logloss:0.34083
[2025-11-18T02:31:05.544+0000] {logging_mixin.py:154} INFO - [92]	validation_0-logloss:0.29925	validation_1-logloss:0.34020	validation_2-logloss:0.34079
[2025-11-18T02:31:05.564+0000] {logging_mixin.py:154} INFO - [93]	validation_0-logloss:0.29915	validation_1-logloss:0.34016	validation_2-logloss:0.34072
[2025-11-18T02:31:05.586+0000] {logging_mixin.py:154} INFO - [94]	validation_0-logloss:0.29887	validation_1-logloss:0.34009	validation_2-logloss:0.34073
[2025-11-18T02:31:05.599+0000] {logging_mixin.py:154} INFO - [95]	validation_0-logloss:0.29872	validation_1-logloss:0.34011	validation_2-logloss:0.34074
[2025-11-18T02:31:05.618+0000] {logging_mixin.py:154} INFO - [96]	validation_0-logloss:0.29828	validation_1-logloss:0.34003	validation_2-logloss:0.34070
[2025-11-18T02:31:05.631+0000] {logging_mixin.py:154} INFO - [97]	validation_0-logloss:0.29811	validation_1-logloss:0.33990	validation_2-logloss:0.34063
[2025-11-18T02:31:05.646+0000] {logging_mixin.py:154} INFO - [98]	validation_0-logloss:0.29806	validation_1-logloss:0.33995	validation_2-logloss:0.34063
[2025-11-18T02:31:05.664+0000] {logging_mixin.py:154} INFO - [99]	validation_0-logloss:0.29799	validation_1-logloss:0.33991	validation_2-logloss:0.34060
[2025-11-18T02:31:05.679+0000] {logging_mixin.py:154} INFO - [100]	validation_0-logloss:0.29789	validation_1-logloss:0.33993	validation_2-logloss:0.34060
[2025-11-18T02:31:05.695+0000] {logging_mixin.py:154} INFO - [101]	validation_0-logloss:0.29780	validation_1-logloss:0.33995	validation_2-logloss:0.34057
[2025-11-18T02:31:05.714+0000] {logging_mixin.py:154} INFO - [102]	validation_0-logloss:0.29750	validation_1-logloss:0.33983	validation_2-logloss:0.34044
[2025-11-18T02:31:05.744+0000] {logging_mixin.py:154} INFO - [103]	validation_0-logloss:0.29704	validation_1-logloss:0.33964	validation_2-logloss:0.34030
[2025-11-18T02:31:05.773+0000] {logging_mixin.py:154} INFO - [104]	validation_0-logloss:0.29693	validation_1-logloss:0.33957	validation_2-logloss:0.34023
[2025-11-18T02:31:05.794+0000] {logging_mixin.py:154} INFO - [105]	validation_0-logloss:0.29681	validation_1-logloss:0.33960	validation_2-logloss:0.34026
[2025-11-18T02:31:05.816+0000] {logging_mixin.py:154} INFO - [106]	validation_0-logloss:0.29668	validation_1-logloss:0.33958	validation_2-logloss:0.34024
[2025-11-18T02:31:05.841+0000] {logging_mixin.py:154} INFO - [107]	validation_0-logloss:0.29660	validation_1-logloss:0.33953	validation_2-logloss:0.34014
[2025-11-18T02:31:05.927+0000] {logging_mixin.py:154} INFO - [108]	validation_0-logloss:0.29660	validation_1-logloss:0.33953	validation_2-logloss:0.34014
[2025-11-18T02:31:05.948+0000] {logging_mixin.py:154} INFO - [109]	validation_0-logloss:0.29628	validation_1-logloss:0.33953	validation_2-logloss:0.34004
[2025-11-18T02:31:05.962+0000] {logging_mixin.py:154} INFO - [110]	validation_0-logloss:0.29618	validation_1-logloss:0.33949	validation_2-logloss:0.34008
[2025-11-18T02:31:05.987+0000] {logging_mixin.py:154} INFO - [111]	validation_0-logloss:0.29598	validation_1-logloss:0.33948	validation_2-logloss:0.34010
[2025-11-18T02:31:06.001+0000] {logging_mixin.py:154} INFO - [112]	validation_0-logloss:0.29583	validation_1-logloss:0.33936	validation_2-logloss:0.34009
[2025-11-18T02:31:06.013+0000] {logging_mixin.py:154} INFO - [113]	validation_0-logloss:0.29570	validation_1-logloss:0.33937	validation_2-logloss:0.34007
[2025-11-18T02:31:06.024+0000] {logging_mixin.py:154} INFO - [114]	validation_0-logloss:0.29570	validation_1-logloss:0.33938	validation_2-logloss:0.34007
[2025-11-18T02:31:06.037+0000] {logging_mixin.py:154} INFO - [115]	validation_0-logloss:0.29560	validation_1-logloss:0.33937	validation_2-logloss:0.34001
[2025-11-18T02:31:06.050+0000] {logging_mixin.py:154} INFO - [116]	validation_0-logloss:0.29547	validation_1-logloss:0.33937	validation_2-logloss:0.34000
[2025-11-18T02:31:06.086+0000] {logging_mixin.py:154} INFO - [117]	validation_0-logloss:0.29530	validation_1-logloss:0.33934	validation_2-logloss:0.33997
[2025-11-18T02:31:06.102+0000] {logging_mixin.py:154} INFO - [118]	validation_0-logloss:0.29516	validation_1-logloss:0.33933	validation_2-logloss:0.33989
[2025-11-18T02:31:06.117+0000] {logging_mixin.py:154} INFO - [119]	validation_0-logloss:0.29498	validation_1-logloss:0.33931	validation_2-logloss:0.33991
[2025-11-18T02:31:06.133+0000] {logging_mixin.py:154} INFO - [120]	validation_0-logloss:0.29494	validation_1-logloss:0.33935	validation_2-logloss:0.33992
[2025-11-18T02:31:06.188+0000] {logging_mixin.py:154} INFO - [121]	validation_0-logloss:0.29481	validation_1-logloss:0.33935	validation_2-logloss:0.33988
[2025-11-18T02:31:06.233+0000] {logging_mixin.py:154} INFO - [122]	validation_0-logloss:0.29443	validation_1-logloss:0.33912	validation_2-logloss:0.33980
[2025-11-18T02:31:06.292+0000] {logging_mixin.py:154} INFO - [123]	validation_0-logloss:0.29437	validation_1-logloss:0.33909	validation_2-logloss:0.33976
[2025-11-18T02:31:06.306+0000] {logging_mixin.py:154} INFO - [124]	validation_0-logloss:0.29416	validation_1-logloss:0.33897	validation_2-logloss:0.33968
[2025-11-18T02:31:06.320+0000] {logging_mixin.py:154} INFO - [125]	validation_0-logloss:0.29400	validation_1-logloss:0.33887	validation_2-logloss:0.33961
[2025-11-18T02:31:06.338+0000] {logging_mixin.py:154} INFO - [126]	validation_0-logloss:0.29398	validation_1-logloss:0.33884	validation_2-logloss:0.33964
[2025-11-18T02:31:06.349+0000] {logging_mixin.py:154} INFO - [127]	validation_0-logloss:0.29395	validation_1-logloss:0.33884	validation_2-logloss:0.33964
[2025-11-18T02:31:06.375+0000] {logging_mixin.py:154} INFO - [128]	validation_0-logloss:0.29389	validation_1-logloss:0.33883	validation_2-logloss:0.33969
[2025-11-18T02:31:06.399+0000] {logging_mixin.py:154} INFO - [129]	validation_0-logloss:0.29371	validation_1-logloss:0.33886	validation_2-logloss:0.33964
[2025-11-18T02:31:06.413+0000] {logging_mixin.py:154} INFO - [130]	validation_0-logloss:0.29364	validation_1-log