[2025-11-19T20:40:48.728+0000] {logging_mixin.py:154} INFO - [I 2025-11-19 20:40:48,724] Trial 11 finished with value: 0.7966751918158568 and parameters: {'max_depth': 9, 'learning_rate': 0.05378356815268503, 'subsample': 0.998050295132841, 'colsample_bytree': 0.5043736834843053, 'min_child_weight': 7, 'gamma': 0.11757387798799368, 'n_estimators': 375}. Best is trial 9 with value: 0.802295918367347.
[2025-11-19T20:40:48.729+0000] {logging_mixin.py:154} WARNING - Best trial: 9. Best value: 0.802296:  92%|#########1| 11/12 [02:25<00:11, 11.13s/it]
[2025-11-19T20:40:48.729+0000] {logging_mixin.py:154} WARNING - Best trial: 9. Best value: 0.802296:  92%|#########1| 11/12 [02:25<00:11, 11.13s/it]
[2025-11-19T20:40:48.730+0000] {logging_mixin.py:154} WARNING - Best trial: 9. Best value: 0.802296: 100%|##########| 12/12 [02:25<00:00, 10.65s/it]
[2025-11-19T20:40:48.730+0000] {logging_mixin.py:154} WARNING - Best trial: 9. Best value: 0.802296: 100%|##########| 12/12 [02:25<00:00, 12.16s/it]
[2025-11-19T20:40:48.731+0000] {model_training.py:111} INFO - ✅ Mejor F1-Score (validación): 0.8023
[2025-11-19T20:40:48.732+0000] {model_training.py:112} INFO - 📊 Mejores hiperparámetros encontrados:
[2025-11-19T20:40:48.733+0000] {model_training.py:114} INFO -    - max_depth: 7
[2025-11-19T20:40:48.733+0000] {model_training.py:114} INFO -    - learning_rate: 0.026000059117302653
[2025-11-19T20:40:48.733+0000] {model_training.py:114} INFO -    - subsample: 0.7713480415791243
[2025-11-19T20:40:48.733+0000] {model_training.py:114} INFO -    - colsample_bytree: 0.5704621124873813
[2025-11-19T20:40:48.733+0000] {model_training.py:114} INFO -    - min_child_weight: 9
[2025-11-19T20:40:48.734+0000] {model_training.py:114} INFO -    - gamma: 0.3727532183988541
[2025-11-19T20:40:48.734+0000] {model_training.py:114} INFO -    - n_estimators: 495
[2025-11-19T20:40:48.734+0000] {model_training.py:338} INFO - 🎯 Entrenando modelo final con mejores hiperparámetros...
[2025-11-19T20:40:48.775+0000] {logging_mixin.py:154} INFO - [0]	validation_0-logloss:0.69162	validation_1-logloss:0.69188	validation_2-logloss:0.69221
[2025-11-19T20:40:48.782+0000] {logging_mixin.py:154} INFO - [1]	validation_0-logloss:0.68480	validation_1-logloss:0.68613	validation_2-logloss:0.68622
[2025-11-19T20:40:48.799+0000] {logging_mixin.py:154} INFO - [2]	validation_0-logloss:0.68257	validation_1-logloss:0.68439	validation_2-logloss:0.68449
[2025-11-19T20:40:48.801+0000] {logging_mixin.py:154} INFO - [3]	validation_0-logloss:0.67575	validation_1-logloss:0.67828	validation_2-logloss:0.67848
[2025-11-19T20:40:48.844+0000] {logging_mixin.py:154} INFO - [4]	validation_0-logloss:0.66903	validation_1-logloss:0.67246	validation_2-logloss:0.67260
[2025-11-19T20:40:48.877+0000] {logging_mixin.py:154} INFO - [5]	validation_0-logloss:0.66239	validation_1-logloss:0.66638	validation_2-logloss:0.66654
[2025-11-19T20:40:48.914+0000] {logging_mixin.py:154} INFO - [6]	validation_0-logloss:0.65619	validation_1-logloss:0.66100	validation_2-logloss:0.66120
[2025-11-19T20:40:48.951+0000] {logging_mixin.py:154} INFO - [7]	validation_0-logloss:0.64969	validation_1-logloss:0.65506	validation_2-logloss:0.65550
[2025-11-19T20:40:49.000+0000] {logging_mixin.py:154} INFO - [8]	validation_0-logloss:0.64739	validation_1-logloss:0.65314	validation_2-logloss:0.65362
[2025-11-19T20:40:49.034+0000] {logging_mixin.py:154} INFO - [9]	validation_0-logloss:0.63915	validation_1-logloss:0.64561	validation_2-logloss:0.64639
[2025-11-19T20:40:49.064+0000] {logging_mixin.py:154} INFO - [10]	validation_0-logloss:0.63421	validation_1-logloss:0.64152	validation_2-logloss:0.64217
[2025-11-19T20:40:49.107+0000] {logging_mixin.py:154} INFO - [11]	validation_0-logloss:0.62926	validation_1-logloss:0.63753	validation_2-logloss:0.63791
[2025-11-19T20:40:49.150+0000] {logging_mixin.py:154} INFO - [12]	validation_0-logloss:0.62369	validation_1-logloss:0.63228	validation_2-logloss:0.63316
[2025-11-19T20:40:49.190+0000] {logging_mixin.py:154} INFO - [13]	validation_0-logloss:0.62132	validation_1-logloss:0.63048	validation_2-logloss:0.63150
[2025-11-19T20:40:49.225+0000] {logging_mixin.py:154} INFO - [14]	validation_0-logloss:0.61951	validation_1-logloss:0.62896	validation_2-logloss:0.63007
[2025-11-19T20:40:49.249+0000] {logging_mixin.py:154} INFO - [15]	validation_0-logloss:0.61777	validation_1-logloss:0.62757	validation_2-logloss:0.62891
[2025-11-19T20:40:49.277+0000] {logging_mixin.py:154} INFO - [16]	validation_0-logloss:0.61649	validation_1-logloss:0.62682	validation_2-logloss:0.62841
[2025-11-19T20:40:49.304+0000] {logging_mixin.py:154} INFO - [17]	validation_0-logloss:0.61182	validation_1-logloss:0.62247	validation_2-logloss:0.62431
[2025-11-19T20:40:49.334+0000] {logging_mixin.py:154} INFO - [18]	validation_0-logloss:0.60738	validation_1-logloss:0.61901	validation_2-logloss:0.62069
[2025-11-19T20:40:49.360+0000] {logging_mixin.py:154} INFO - [19]	validation_0-logloss:0.60604	validation_1-logloss:0.61790	validation_2-logloss:0.61968
[2025-11-19T20:40:49.389+0000] {logging_mixin.py:154} INFO - [20]	validation_0-logloss:0.60236	validation_1-logloss:0.61499	validation_2-logloss:0.61641
[2025-11-19T20:40:49.423+0000] {logging_mixin.py:154} INFO - [21]	validation_0-logloss:0.59602	validation_1-logloss:0.60917	validation_2-logloss:0.61078
[2025-11-19T20:40:49.460+0000] {logging_mixin.py:154} INFO - [22]	validation_0-logloss:0.59488	validation_1-logloss:0.60845	validation_2-logloss:0.60999
[2025-11-19T20:40:49.506+0000] {logging_mixin.py:154} INFO - [23]	validation_0-logloss:0.59333	validation_1-logloss:0.60719	validation_2-logloss:0.60917
[2025-11-19T20:40:49.565+0000] {logging_mixin.py:154} INFO - [24]	validation_0-logloss:0.59218	validation_1-logloss:0.60653	validation_2-logloss:0.60861
[2025-11-19T20:40:49.652+0000] {logging_mixin.py:154} INFO - [25]	validation_0-logloss:0.58791	validation_1-logloss:0.60267	validation_2-logloss:0.60495
[2025-11-19T20:40:49.701+0000] {logging_mixin.py:154} INFO - [26]	validation_0-logloss:0.58438	validation_1-logloss:0.59953	validation_2-logloss:0.60184
[2025-11-19T20:40:49.731+0000] {logging_mixin.py:154} INFO - [27]	validation_0-logloss:0.58282	validation_1-logloss:0.59866	validation_2-logloss:0.60095
[2025-11-19T20:40:49.769+0000] {logging_mixin.py:154} INFO - [28]	validation_0-logloss:0.57937	validation_1-logloss:0.59585	validation_2-logloss:0.59820
[2025-11-19T20:40:49.803+0000] {logging_mixin.py:154} INFO - [29]	validation_0-logloss:0.57515	validation_1-logloss:0.59171	validation_2-logloss:0.59431
[2025-11-19T20:40:49.830+0000] {logging_mixin.py:154} INFO - [30]	validation_0-logloss:0.57198	validation_1-logloss:0.58928	validation_2-logloss:0.59201
[2025-11-19T20:40:49.865+0000] {logging_mixin.py:154} INFO - [31]	validation_0-logloss:0.56814	validation_1-logloss:0.58586	validation_2-logloss:0.58874
[2025-11-19T20:40:49.894+0000] {logging_mixin.py:154} INFO - [32]	validation_0-logloss:0.56505	validation_1-logloss:0.58345	validation_2-logloss:0.58622
[2025-11-19T20:40:49.922+0000] {logging_mixin.py:154} INFO - [33]	validation_0-logloss:0.55981	validation_1-logloss:0.57878	validation_2-logloss:0.58147
[2025-11-19T20:40:49.959+0000] {logging_mixin.py:154} INFO - [34]	validation_0-logloss:0.55703	validation_1-logloss:0.57632	validation_2-logloss:0.57899
[2025-11-19T20:40:49.991+0000] {logging_mixin.py:154} INFO - [35]	validation_0-logloss:0.55329	validation_1-logloss:0.57282	validation_2-logloss:0.57569
[2025-11-19T20:40:50.020+0000] {logging_mixin.py:154} INFO - [36]	validation_0-logloss:0.55181	validation_1-logloss:0.57158	validation_2-logloss:0.57465
[2025-11-19T20:40:50.053+0000] {logging_mixin.py:154} INFO - [37]	validation_0-logloss:0.54858	validation_1-logloss:0.56914	validation_2-logloss:0.57194
[2025-11-19T20:40:50.089+0000] {logging_mixin.py:154} INFO - [38]	validation_0-logloss:0.54569	validation_1-logloss:0.56683	validation_2-logloss:0.56948
[2025-11-19T20:40:50.139+0000] {logging_mixin.py:154} INFO - [39]	validation_0-logloss:0.54461	validation_1-logloss:0.56621	validation_2-logloss:0.56891
[2025-11-19T20:40:50.201+0000] {logging_mixin.py:154} INFO - [40]	validation_0-logloss:0.54151	validation_1-logloss:0.56335	validation_2-logloss:0.56611
[2025-11-19T20:40:50.238+0000] {logging_mixin.py:154} INFO - [41]	validation_0-logloss:0.54016	validation_1-logloss:0.56245	validation_2-logloss:0.56536
[2025-11-19T20:40:50.275+0000] {logging_mixin.py:154} INFO - [42]	validation_0-logloss:0.53572	validation_1-logloss:0.55856	validation_2-logloss:0.56154
[2025-11-19T20:40:50.301+0000] {logging_mixin.py:154} INFO - [43]	validation_0-logloss:0.53150	validation_1-logloss:0.55468	validation_2-logloss:0.55787
[2025-11-19T20:40:50.327+0000] {logging_mixin.py:154} INFO - [44]	validation_0-logloss:0.52742	validation_1-logloss:0.55116	validation_2-logloss:0.55423
[2025-11-19T20:40:50.358+0000] {logging_mixin.py:154} INFO - [45]	validation_0-logloss:0.52511	validation_1-logloss:0.54971	validation_2-logloss:0.55246
[2025-11-19T20:40:50.386+0000] {logging_mixin.py:154} INFO - [46]	validation_0-logloss:0.52464	validation_1-logloss:0.54944	validation_2-logloss:0.55225
[2025-11-19T20:40:50.416+0000] {logging_mixin.py:154} INFO - [47]	validation_0-logloss:0.52367	validation_1-logloss:0.54880	validation_2-logloss:0.55150
[2025-11-19T20:40:50.436+0000] {logging_mixin.py:154} INFO - [48]	validation_0-logloss:0.52290	validation_1-logloss:0.54808	validation_2-logloss:0.55092
[2025-11-19T20:40:50.477+0000] {logging_mixin.py:154} INFO - [49]	validation_0-logloss:0.51900	validation_1-logloss:0.54454	validation_2-logloss:0.54753
[2025-11-19T20:40:50.507+0000] {logging_mixin.py:154} INFO - [50]	validation_0-logloss:0.51789	validation_1-logloss:0.54360	validation_2-logloss:0.54677
[2025-11-19T20:40:50.535+0000] {logging_mixin.py:154} INFO - [51]	validation_0-logloss:0.51526	validation_1-logloss:0.54119	validation_2-logloss:0.54438
[2025-11-19T20:40:50.537+0000] {logging_mixin.py:154} INFO - [52]	validation_0-logloss:0.51179	validation_1-logloss:0.53800	validation_2-logloss:0.54145
[2025-11-19T20:40:50.543+0000] {logging_mixin.py:154} INFO - [53]	validation_0-logloss:0.51007	validation_1-logloss:0.53689	validation_2-logloss:0.54010
[2025-11-19T20:40:50.568+0000] {logging_mixin.py:154} INFO - [54]	validation_0-logloss:0.50802	validation_1-logloss:0.53517	validation_2-logloss:0.53836
[2025-11-19T20:40:50.595+0000] {logging_mixin.py:154} INFO - [55]	validation_0-logloss:0.50577	validation_1-logloss:0.53316	validation_2-logloss:0.53649
[2025-11-19T20:40:50.622+0000] {logging_mixin.py:154} INFO - [56]	validation_0-logloss:0.50357	validation_1-logloss:0.53119	validation_2-logloss:0.53461
[2025-11-19T20:40:50.653+0000] {logging_mixin.py:154} INFO - [57]	validation_0-logloss:0.50160	validation_1-logloss:0.52984	validation_2-logloss:0.53305
[2025-11-19T20:40:50.679+0000] {logging_mixin.py:154} INFO - [58]	validation_0-logloss:0.49972	validation_1-logloss:0.52825	validation_2-logloss:0.53162
[2025-11-19T20:40:50.710+0000] {logging_mixin.py:154} INFO - [59]	validation_0-logloss:0.49897	validation_1-logloss:0.52774	validation_2-logloss:0.53119
[2025-11-19T20:40:50.743+0000] {logging_mixin.py:154} INFO - [60]	validation_0-logloss:0.49731	validation_1-logloss:0.52626	validation_2-logloss:0.52982
[2025-11-19T20:40:50.781+0000] {logging_mixin.py:154} INFO - [61]	validation_0-logloss:0.49672	validation_1-logloss:0.52606	validation_2-logloss:0.52961
[2025-11-19T20:40:50.848+0000] {logging_mixin.py:154} INFO - [62]	validation_0-logloss:0.49366	validation_1-logloss:0.52351	validation_2-logloss:0.52715
[2025-11-19T20:40:50.922+0000] {logging_mixin.py:154} INFO - [63]	validation_0-logloss:0.49181	validation_1-logloss:0.52214	validation_2-logloss:0.52574
[2025-11-19T20:40:50.975+0000] {logging_mixin.py:154} INFO - [64]	validation_0-logloss:0.49036	validation_1-logloss:0.52076	validation_2-logloss:0.52444
[2025-11-19T20:40:51.019+0000] {logging_mixin.py:154} INFO - [65]	validation_0-logloss:0.48928	validation_1-logloss:0.51989	validation_2-logloss:0.52357
[2025-11-19T20:40:51.047+0000] {logging_mixin.py:154} INFO - [66]	validation_0-logloss:0.48669	validation_1-logloss:0.51760	validation_2-logloss:0.52128
[2025-11-19T20:40:51.078+0000] {logging_mixin.py:154} INFO - [67]	validation_0-logloss:0.48523	validation_1-logloss:0.51667	validation_2-logloss:0.52031
[2025-11-19T20:40:51.110+0000] {logging_mixin.py:154} INFO - [68]	validation_0-logloss:0.48290	validation_1-logloss:0.51453	validation_2-logloss:0.51818
[2025-11-19T20:40:51.151+0000] {logging_mixin.py:154} INFO - [69]	validation_0-logloss:0.48034	validation_1-logloss:0.51236	validation_2-logloss:0.51601
[2025-11-19T20:40:51.160+0000] {logging_mixin.py:154} INFO - [70]	validation_0-logloss:0.47811	validation_1-logloss:0.51028	validation_2-logloss:0.51401
[2025-11-19T20:40:51.162+0000] {logging_mixin.py:154} INFO - [71]	validation_0-logloss:0.47685	validation_1-logloss:0.50928	validation_2-logloss:0.51316
[2025-11-19T20:40:51.175+0000] {logging_mixin.py:154} INFO - [72]	validation_0-logloss:0.47556	validation_1-logloss:0.50860	validation_2-logloss:0.51259
[2025-11-19T20:40:51.180+0000] {logging_mixin.py:154} INFO - [73]	validation_0-logloss:0.47326	validation_1-logloss:0.50659	validation_2-logloss:0.51071
[2025-11-19T20:40:51.189+0000] {logging_mixin.py:154} INFO - [74]	validation_0-logloss:0.47237	validation_1-logloss:0.50578	validation_2-logloss:0.50996
[2025-11-19T20:40:51.195+0000] {logging_mixin.py:154} INFO - [75]	validation_0-logloss:0.47172	validation_1-logloss:0.50540	validation_2-logloss:0.50966
[2025-11-19T20:40:51.196+0000] {logging_mixin.py:154} INFO - [76]	validation_0-logloss:0.47035	validation_1-logloss:0.50448	validation_2-logloss:0.50879
[2025-11-19T20:40:51.197+0000] {logging_mixin.py:154} INFO - [77]	validation_0-logloss:0.46966	validation_1-logloss:0.50423	validation_2-logloss:0.50859
[2025-11-19T20:40:51.203+0000] {logging_mixin.py:154} INFO - [78]	validation_0-logloss:0.46817	validation_1-logloss:0.50292	validation_2-logloss:0.50734
[2025-11-19T20:40:51.228+0000] {logging_mixin.py:154} INFO - [79]	validation_0-logloss:0.46699	validation_1-logloss:0.50200	validation_2-logloss:0.50642
[2025-11-19T20:40:51.252+0000] {logging_mixin.py:154} INFO - [80]	validation_0-logloss:0.46586	validation_1-logloss:0.50105	validation_2-logloss:0.50552
[2025-11-19T20:40:51.254+0000] {logging_mixin.py:154} INFO - [81]	validation_0-logloss:0.46398	validation_1-logloss:0.49942	validation_2-logloss:0.50403
[2025-11-19T20:40:51.294+0000] {logging_mixin.py:154} INFO - [82]	validation_0-logloss:0.46300	validation_1-logloss:0.49857	validation_2-logloss:0.50323
[2025-11-19T20:40:51.298+0000] {logging_mixin.py:154} INFO - [83]	validation_0-logloss:0.46109	validation_1-logloss:0.49676	validation_2-logloss:0.50157
[2025-11-19T20:40:51.335+0000] {logging_mixin.py:154} INFO - [84]	validation_0-logloss:0.46009	validation_1-logloss:0.49623	validation_2-logloss:0.50102
[2025-11-19T20:40:51.371+0000] {logging_mixin.py:154} INFO - [85]	validation_0-logloss:0.45960	validation_1-logloss:0.49595	validation_2-logloss:0.50079
[2025-11-19T20:40:51.406+0000] {logging_mixin.py:154} INFO - [86]	validation_0-logloss:0.45889	validation_1-logloss:0.49533	validation_2-logloss:0.50017
[2025-11-19T20:40:51.435+0000] {logging_mixin.py:154} INFO - [87]	validation_0-logloss:0.45801	validation_1-logloss:0.49454	validation_2-logloss:0.49943
[2025-11-19T20:40:51.479+0000] {logging_mixin.py:154} INFO - [88]	validation_0-logloss:0.45698	validation_1-logloss:0.49351	validation_2-logloss:0.49845
[2025-11-19T20:40:51.518+0000] {logging_mixin.py:154} INFO - [89]	validation_0-logloss:0.45518	validation_1-logloss:0.49225	validation_2-logloss:0.49709
[2025-11-19T20:40:51.546+0000] {logging_mixin.py:154} INFO - [90]	validation_0-logloss:0.45424	validation_1-logloss:0.49187	validation_2-logloss:0.49640
[2025-11-19T20:40:51.586+0000] {logging_mixin.py:154} INFO - [91]	validation_0-logloss:0.45333	validation_1-logloss:0.49136	validation_2-logloss:0.49589
[2025-11-19T20:40:51.632+0000] {logging_mixin.py:154} INFO - [92]	validation_0-logloss:0.45288	validation_1-logloss:0.49112	validation_2-logloss:0.49583
[2025-11-19T20:40:51.674+0000] {logging_mixin.py:154} INFO - [93]	validation_0-logloss:0.45255	validation_1-logloss:0.49088	validation_2-logloss:0.49575
[2025-11-19T20:40:51.709+0000] {logging_mixin.py:154} INFO - [94]	validation_0-logloss:0.45152	validation_1-logloss:0.49020	validation_2-logloss:0.49495
[2025-11-19T20:40:51.747+0000] {logging_mixin.py:154} INFO - [95]	validation_0-logloss:0.45071	validation_1-logloss:0.48938	validation_2-logloss:0.49425
[2025-11-19T20:40:51.784+0000] {logging_mixin.py:154} INFO - [96]	validation_0-logloss:0.44962	validation_1-logloss:0.48865	validation_2-logloss:0.49357
[2025-11-19T20:40:51.837+0000] {logging_mixin.py:154} INFO - [97]	validation_0-logloss:0.44879	validation_1-logloss:0.48832	validation_2-logloss:0.49311
[2025-11-19T20:40:51.876+0000] {logging_mixin.py:154} INFO - [98]	validation_0-logloss:0.44845	validation_1-logloss:0.48802	validation_2-logloss:0.49287
[2025-11-19T20:40:51.914+0000] {logging_mixin.py:154} INFO - [99]	validation_0-logloss:0.44810	validation_1-logloss:0.48772	validation_2-logloss:0.49274
[2025-11-19T20:40:51.949+0000] {logging_mixin.py:154} INFO - [100]	validation_0-logloss:0.44719	validation_1-logloss:0.48707	validation_2-logloss:0.49208
[2025-11-19T20:40:51.981+0000] {logging_mixin.py:154} INFO - [101]	validation_0-logloss:0.44590	validation_1-logloss:0.48582	validation_2-logloss:0.49102
[2025-11-19T20:40:52.016+0000] {logging_mixin.py:154} INFO - [102]	validation_0-logloss:0.44431	validation_1-logloss:0.48424	validation_2-logloss:0.48973
[2025-11-19T20:40:52.044+0000] {logging_mixin.py:154} INFO - [103]	validation_0-logloss:0.44363	validation_1-logloss:0.48393	validation_2-logloss:0.48934
[2025-11-19T20:40:52.085+0000] {logging_mixin.py:154} INFO - [104]	validation_0-logloss:0.44276	validation_1-logloss:0.48348	validation_2-logloss:0.48887
[2025-11-19T20:40:52.119+0000] {logging_mixin.py:154} INFO - [105]	validation_0-logloss:0.44140	validation_1-logloss:0.48221	validation_2-logloss:0.48783
[2025-11-19T20:40:52.158+0000] {logging_mixin.py:154} INFO - [106]	validation_0-logloss:0.44080	validation_1-logloss:0.48192	validation_2-logloss:0.48746
[2025-11-19T20:40:52.197+0000] {logging_mixin.py:154} INFO - [107]	validation_0-logloss:0.44004	validation_1-logloss:0.48149	validation_2-logloss:0.48708
[2025-11-19T20:40:52.238+0000] {logging_mixin.py:154} INFO - [108]	validation_0-logloss:0.43882	validation_1-logloss:0.48030	validation_2-logloss:0.48608
[2025-11-19T20:40:52.276+0000] {logging_mixin.py:154} INFO - [109]	validation_0-logloss:0.43824	validation_1-logloss:0.47996	validation_2-logloss:0.48573
[2025-11-19T20:40:52.310+0000] {logging_mixin.py:154} INFO - [110]	validation_0-logloss:0.43754	validation_1-logloss:0.47940	validation_2-logloss:0.48521
[2025-11-19T20:40:52.347+0000] {logging_mixin.py:154} INFO - [111]	validation_0-logloss:0.43695	validation_1-logloss:0.47920	validation_2-logloss:0.48499
[2025-11-19T20:40:52.388+0000] {logging_mixin.py:154} INFO - [112]	validation_0-logloss:0.43616	validation_1-logloss:0.47878	validation_2-logloss:0.48451
[2025-11-19T20:40:52.423+0000] {logging_mixin.py:154} INFO - [113]	validation_0-logloss:0.43495	validation_1-logloss:0.47789	validation_2-logloss:0.48340
[2025-11-19T20:40:52.451+0000] {logging_mixin.py:154} INFO - [114]	validation_0-logloss:0.43450	validation_1-logloss:0.47740	validation_2-logloss:0.48304
[2025-11-19T20:40:52.483+0000] {logging_mixin.py:154} INFO - [115]	validation_0-logloss:0.43348	validation_1-logloss:0.47632	validation_2-logloss:0.48219
[2025-11-19T20:40:52.516+0000] {logging_mixin.py:154} INFO - [116]	validation_0-logloss:0.43281	validation_1-logloss:0.47578	validation_2-logloss:0.48181
[2025-11-19T20:40:52.551+0000] {logging_mixin.py:154} INFO - [117]	validation_0-logloss:0.43245	validation_1-logloss:0.47550	validation_2-logloss:0.48175
[2025-11-19T20:40:52.585+0000] {logging_mixin.py:154} INFO - [118]	validation_0-logloss:0.43172	validation_1-logloss:0.47512	validation_2-logloss:0.48144
[2025-11-19T20:40:52.608+0000] {logging_mixin.py:154} INFO - [119]	validation_0-logloss:0.43144	validation_1-logloss:0.47502	validation_2-logloss:0.48142
[2025-11-19T20:40:52.640+0000] {logging_mixin.py:154} INFO - [120]	validation_0-logloss:0.43064	validation_1-logloss:0.47450	validation_2-logloss:0.48099
[2025-11-19T20:40:52.675+0000] {logging_mixin.py:154} INFO - [121]	validation_0-logloss:0.43000	validation_1-logloss:0.47427	validation_2-logloss:0.48076
[2025-11-19T20:40:52.713+0000] {logging_mixin.py:154} INFO - [122]	validation_0-logloss:0.42922	validation_1-logloss:0.47396	validation_2-logloss:0.48040
[2025-11-19T20:40:52.744+0000] {logging_mixin.py:154} INFO - [123]	validation_0-logloss:0.42828	validation_1-logloss:0.47331	validation_2-logloss:0.47975
[2025-11-19T20:40:52.777+0000] {logging_mixin.py:154} INFO - [124]	validation_0-logloss:0.42754	validation_1-logloss:0.47288	validation_2-logloss:0.47924
[2025-11-19T20:40:52.816+0000] {logging_mixin.py:154} INFO - [125]	validation_0-logloss:0.42671	validation_1-logloss:0.47209	validation_2-logloss:0.47853
[2025-11-19T20:40:52.852+0000] {logging_mixin.py:154} INFO - [126]	validation_0-logloss:0.42638	validation_1-logloss:0.47174	validation_2-logloss:0.47831
[2025-11-19T20:40:52.883+0000] {logging_mixin.py:154} INFO - [127]	validation_0-logloss:0.42614	validation_1-logloss:0.47152	validation_2-logloss:0.47827
[2025-11-19T20:40:52.910+0000] {logging_mixin.py:154} INFO - [128]	validation_0-logloss:0.42586	validation_1-logloss:0.47153	validation_2-logloss:0.47825
[2025-11-19T20:40:52.943+0000] {logging_mixin.py:154} INFO - [129]	validation_0-logloss:0.42554	validation_1-logloss:0.47141	validation_2-logloss:0.47815
[2025-11-19T20:40:52.978+0000] {logging_mixin.py:154} INFO - [130]	validation_0-logloss:0.42471	validation_1-logloss:0