[2025-11-19T20:23:52.922+0000] {logging_mixin.py:154} INFO - [I 2025-11-19 20:23:52,918] Trial 0 finished with value: 0.7868641339343206 and parameters: {'max_depth': 7, 'learning_rate': 0.2536999076681772, 'subsample': 0.8659969709057025, 'colsample_bytree': 0.7993292420985183, 'min_child_weight': 2, 'gamma': 0.7799726016810132, 'n_estimators': 76}. Best is trial 0 with value: 0.7868641339343206.
[2025-11-19T20:23:52.923+0000] {logging_mixin.py:154} WARNING -   0%|          | 0/50 [00:02<?, ?it/s]
[2025-11-19T20:23:52.924+0000] {logging_mixin.py:154} WARNING - Best trial: 0. Best value: 0.786864:   0%|          | 0/50 [00:02<?, ?it/s]
[2025-11-19T20:23:52.924+0000] {logging_mixin.py:154} WARNING - Best trial: 0. Best value: 0.786864:   2%|2         | 1/50 [00:02<02:16,  2.78s/it]
[2025-11-19T20:23:55.868+0000] {logging_mixin.py:154} WARNING -                                                                                    
[2025-11-19T20:23:55.872+0000] {logging_mixin.py:154} WARNING - 
[2025-11-19T20:23:55.872+0000] {logging_mixin.py:154} INFO - [I 2025-11-19 20:23:55,865] Trial 1 finished with value: 0.7949843260188088 and parameters: {'max_depth': 14, 'learning_rate': 0.07725378389307355, 'subsample': 0.8540362888980227, 'colsample_bytree': 0.5102922471479012, 'min_child_weight': 10, 'gamma': 4.162213204002109, 'n_estimators': 145}. Best is trial 1 with value: 0.7949843260188088.
[2025-11-19T20:23:55.873+0000] {logging_mixin.py:154} WARNING - Best trial: 0. Best value: 0.786864:   2%|2         | 1/50 [00:05<02:16,  2.78s/it]
[2025-11-19T20:23:55.874+0000] {logging_mixin.py:154} WARNING - Best trial: 1. Best value: 0.794984:   2%|2         | 1/50 [00:05<02:16,  2.78s/it]
[2025-11-19T20:23:55.874+0000] {logging_mixin.py:154} WARNING - Best trial: 1. Best value: 0.794984:   4%|4         | 2/50 [00:05<02:18,  2.88s/it]
[2025-11-19T20:24:05.293+0000] {logging_mixin.py:154} WARNING -                                                                                    
[2025-11-19T20:24:05.295+0000] {logging_mixin.py:154} WARNING - 
[2025-11-19T20:24:05.296+0000] {logging_mixin.py:154} INFO - [I 2025-11-19 20:24:05,289] Trial 2 finished with value: 0.7931253978357734 and parameters: {'max_depth': 5, 'learning_rate': 0.018659959624904916, 'subsample': 0.6521211214797689, 'colsample_bytree': 0.762378215816119, 'min_child_weight': 5, 'gamma': 1.4561457009902097, 'n_estimators': 325}. Best is trial 1 with value: 0.7949843260188088.
[2025-11-19T20:24:05.298+0000] {logging_mixin.py:154} WARNING - Best trial: 1. Best value: 0.794984:   4%|4         | 2/50 [00:15<02:18,  2.88s/it]
[2025-11-19T20:24:05.300+0000] {logging_mixin.py:154} WARNING - Best trial: 1. Best value: 0.794984:   4%|4         | 2/50 [00:15<02:18,  2.88s/it]
[2025-11-19T20:24:05.301+0000] {logging_mixin.py:154} WARNING - Best trial: 1. Best value: 0.794984:   6%|6         | 3/50 [00:15<04:35,  5.87s/it]
[2025-11-19T20:24:10.969+0000] {logging_mixin.py:154} WARNING -                                                                                    
[2025-11-19T20:24:10.972+0000] {logging_mixin.py:154} WARNING - 
[2025-11-19T20:24:10.972+0000] {logging_mixin.py:154} INFO - [I 2025-11-19 20:24:10,967] Trial 3 finished with value: 0.7916666666666667 and parameters: {'max_depth': 4, 'learning_rate': 0.027010527749605478, 'subsample': 0.6831809216468459, 'colsample_bytree': 0.728034992108518, 'min_child_weight': 8, 'gamma': 0.9983689107917987, 'n_estimators': 281}. Best is trial 1 with value: 0.7949843260188088.
[2025-11-19T20:24:10.974+0000] {logging_mixin.py:154} WARNING - Best trial: 1. Best value: 0.794984:   6%|6         | 3/50 [00:20<04:35,  5.87s/it]
[2025-11-19T20:24:10.974+0000] {logging_mixin.py:154} WARNING - Best trial: 1. Best value: 0.794984:   6%|6         | 3/50 [00:20<04:35,  5.87s/it]
[2025-11-19T20:24:10.975+0000] {logging_mixin.py:154} WARNING - Best trial: 1. Best value: 0.794984:   8%|8         | 4/50 [00:20<04:26,  5.79s/it]
[2025-11-19T20:24:22.857+0000] {logging_mixin.py:154} WARNING -                                                                                    
[2025-11-19T20:24:22.863+0000] {logging_mixin.py:154} WARNING - 
[2025-11-19T20:24:22.864+0000] {logging_mixin.py:154} INFO - [I 2025-11-19 20:24:22,856] Trial 4 finished with value: 0.7889098928796472 and parameters: {'max_depth': 10, 'learning_rate': 0.011711509955524094, 'subsample': 0.8037724259507192, 'colsample_bytree': 0.5852620618436457, 'min_child_weight': 1, 'gamma': 4.7444276862666666, 'n_estimators': 485}. Best is trial 1 with value: 0.7949843260188088.
[2025-11-19T20:24:22.867+0000] {logging_mixin.py:154} WARNING - Best trial: 1. Best value: 0.794984:   8%|8         | 4/50 [00:32<04:26,  5.79s/it]
[2025-11-19T20:24:22.869+0000] {logging_mixin.py:154} WARNING - Best trial: 1. Best value: 0.794984:   8%|8         | 4/50 [00:32<04:26,  5.79s/it]
[2025-11-19T20:24:22.870+0000] {logging_mixin.py:154} WARNING - Best trial: 1. Best value: 0.794984:  10%|#         | 5/50 [00:32<05:59,  7.99s/it]
[2025-11-19T20:24:38.891+0000] {logging_mixin.py:154} WARNING -                                                                                    
[2025-11-19T20:24:38.899+0000] {logging_mixin.py:154} WARNING - 
[2025-11-19T20:24:38.899+0000] {logging_mixin.py:154} INFO - [I 2025-11-19 20:24:38,889] Trial 5 finished with value: 0.7961290322580645 and parameters: {'max_depth': 13, 'learning_rate': 0.028180680291847244, 'subsample': 0.5488360570031919, 'colsample_bytree': 0.8421165132560784, 'min_child_weight': 5, 'gamma': 0.6101911742238941, 'n_estimators': 273}. Best is trial 5 with value: 0.7961290322580645.
[2025-11-19T20:24:38.900+0000] {logging_mixin.py:154} WARNING - Best trial: 1. Best value: 0.794984:  10%|#         | 5/50 [00:48<05:59,  7.99s/it]
[2025-11-19T20:24:38.901+0000] {logging_mixin.py:154} WARNING - Best trial: 5. Best value: 0.796129:  10%|#         | 5/50 [00:48<05:59,  7.99s/it]
[2025-11-19T20:24:38.902+0000] {logging_mixin.py:154} WARNING - Best trial: 5. Best value: 0.796129:  12%|#2        | 6/50 [00:48<07:51, 10.73s/it]
[2025-11-19T20:24:44.951+0000] {logging_mixin.py:154} WARNING -                                                                                    
[2025-11-19T20:24:44.954+0000] {logging_mixin.py:154} WARNING - 
[2025-11-19T20:24:44.955+0000] {logging_mixin.py:154} INFO - [I 2025-11-19 20:24:44,947] Trial 6 finished with value: 0.7961783439490446 and parameters: {'max_depth': 3, 'learning_rate': 0.22038218939289875, 'subsample': 0.6293899908000085, 'colsample_bytree': 0.831261142176991, 'min_child_weight': 4, 'gamma': 2.600340105889054, 'n_estimators': 296}. Best is trial 6 with value: 0.7961783439490446.
[2025-11-19T20:24:44.956+0000] {logging_mixin.py:154} WARNING - Best trial: 5. Best value: 0.796129:  12%|#2        | 6/50 [00:54<07:51, 10.73s/it]
[2025-11-19T20:24:44.957+0000] {logging_mixin.py:154} WARNING - Best trial: 6. Best value: 0.796178:  12%|#2        | 6/50 [00:54<07:51, 10.73s/it]
[2025-11-19T20:24:44.957+0000] {logging_mixin.py:154} WARNING - Best trial: 6. Best value: 0.796178:  14%|#4        | 7/50 [00:54<06:35,  9.20s/it]
[2025-11-19T20:24:50.037+0000] {logging_mixin.py:154} WARNING -                                                                                    
[2025-11-19T20:24:50.039+0000] {logging_mixin.py:154} WARNING - 
[2025-11-19T20:24:50.039+0000] {logging_mixin.py:154} INFO - [I 2025-11-19 20:24:50,034] Trial 7 finished with value: 0.797717184527584 and parameters: {'max_depth': 5, 'learning_rate': 0.27051668818999286, 'subsample': 0.8875664116805573, 'colsample_bytree': 0.9697494707820946, 'min_child_weight': 9, 'gamma': 2.9894998940554256, 'n_estimators': 465}. Best is trial 7 with value: 0.797717184527584.
[2025-11-19T20:24:50.040+0000] {logging_mixin.py:154} WARNING - Best trial: 6. Best value: 0.796178:  14%|#4        | 7/50 [00:59<06:35,  9.20s/it]
[2025-11-19T20:24:50.042+0000] {logging_mixin.py:154} WARNING - Best trial: 7. Best value: 0.797717:  14%|#4        | 7/50 [00:59<06:35,  9.20s/it]
[2025-11-19T20:24:50.042+0000] {logging_mixin.py:154} WARNING - Best trial: 7. Best value: 0.797717:  16%|#6        | 8/50 [00:59<05:31,  7.89s/it]
[2025-11-19T20:25:02.027+0000] {logging_mixin.py:154} WARNING -                                                                                    
[2025-11-19T20:25:02.031+0000] {logging_mixin.py:154} WARNING - 
[2025-11-19T20:25:02.031+0000] {logging_mixin.py:154} INFO - [I 2025-11-19 20:25:02,024] Trial 8 finished with value: 0.7906388361796332 and parameters: {'max_depth': 4, 'learning_rate': 0.01947558230629543, 'subsample': 0.522613644455269, 'colsample_bytree': 0.6626651653816322, 'min_child_weight': 4, 'gamma': 1.3567451588694794, 'n_estimators': 423}. Best is trial 7 with value: 0.797717184527584.
[2025-11-19T20:25:02.032+0000] {logging_mixin.py:154} WARNING - Best trial: 7. Best value: 0.797717:  16%|#6        | 8/50 [01:11<05:31,  7.89s/it]
[2025-11-19T20:25:02.033+0000] {logging_mixin.py:154} WARNING - Best trial: 7. Best value: 0.797717:  16%|#6        | 8/50 [01:11<05:31,  7.89s/it]
[2025-11-19T20:25:02.033+0000] {logging_mixin.py:154} WARNING - Best trial: 7. Best value: 0.797717:  18%|#8        | 9/50 [01:11<06:16,  9.17s/it]
[2025-11-19T20:25:21.233+0000] {logging_mixin.py:154} WARNING -                                                                                    
[2025-11-19T20:25:21.236+0000] {logging_mixin.py:154} WARNING - 
[2025-11-19T20:25:21.236+0000] {logging_mixin.py:154} INFO - [I 2025-11-19 20:25:21,232] Trial 9 finished with value: 0.802295918367347 and parameters: {'max_depth': 7, 'learning_rate': 0.026000059117302653, 'subsample': 0.7713480415791243, 'colsample_bytree': 0.5704621124873813, 'min_child_weight': 9, 'gamma': 0.3727532183988541, 'n_estimators': 495}. Best is trial 9 with value: 0.802295918367347.
[2025-11-19T20:25:21.237+0000] {logging_mixin.py:154} WARNING - Best trial: 7. Best value: 0.797717:  18%|#8        | 9/50 [01:31<06:16,  9.17s/it]
[2025-11-19T20:25:21.238+0000] {logging_mixin.py:154} WARNING - Best trial: 9. Best value: 0.802296:  18%|#8        | 9/50 [01:31<06:16,  9.17s/it]
[2025-11-19T20:25:21.238+0000] {logging_mixin.py:154} WARNING - Best trial: 9. Best value: 0.802296:  20%|##        | 10/50 [01:31<08:10, 12.27s/it]
[2025-11-19T20:25:25.425+0000] {local_task_job_runner.py:294} WARNING - State of this instance has been externally set to None. Terminating instance.
[2025-11-19T20:25:25.444+0000] {process_utils.py:131} INFO - Sending 15 to group 516. PIDs of all processes in the group: [516]
[2025-11-19T20:25:25.446+0000] {process_utils.py:86} INFO - Sending the signal 15 to group 516
[2025-11-19T20:25:25.468+0000] {taskinstance.py:1632} ERROR - Received SIGTERM. Terminating subprocesses.
[2025-11-19T20:25:25.476+0000] {model_training.py:96} WARNING - Error al entrenar modelo: Task received SIGTERM signal
[2025-11-19T20:25:25.479+0000] {logging_mixin.py:154} WARNING -                                                                                     
[2025-11-19T20:25:25.479+0000] {logging_mixin.py:154} WARNING - 
[2025-11-19T20:25:25.480+0000] {logging_mixin.py:154} INFO - [I 2025-11-19 20:25:25,478] Trial 10 pruned. 
[2025-11-19T20:25:25.480+0000] {logging_mixin.py:154} WARNING - Best trial: 9. Best value: 0.802296:  20%|##        | 10/50 [01:35<08:10, 12.27s/it]
[2025-11-19T20:25:25.481+0000] {logging_mixin.py:154} WARNING - Best trial: 9. Best value: 0.802296:  20%|##        | 10/50 [01:35<08:10, 12.27s/it]
[2025-11-19T20:25:25.481+0000] {logging_mixin.py:154} WARNING - Best trial: 9. Best value: 0.802296:  22%|##2       | 11/50 [01:35<06:22,  9.81s/it]
[2025-11-19T20:25:32.351+0000] {logging_mixin.py:154} WARNING -                                                                                     
[2025-11-19T20:25:32.353+0000] {logging_mixin.py:154} WARNING - 
[2025-11-19T20:25:32.353+0000] {logging_mixin.py:154} INFO - [I 2025-11-19 20:25:32,346] Trial 11 finished with value: 0.7954256670902161 and parameters: {'max_depth': 7, 'learning_rate': 0.12587933563680417, 'subsample': 0.7632960276972384, 'colsample_bytree': 0.983768217188109, 'min_child_weight': 10, 'gamma': 2.537227381346241, 'n_estimators': 497}. Best is trial 9 with value: 0.802295918367347.
[2025-11-19T20:25:32.354+0000] {logging_mixin.py:154} WARNING - Best trial: 9. Best value: 0.802296:  22%|##2       | 11/50 [01:42<06:22,  9.81s/it]
[2025-11-19T20:25:32.354+0000] {logging_mixin.py:154} WARNING - Best trial: 9. Best value: 0.802296:  22%|##2       | 11/50 [01:42<06:22,  9.81s/it]
[2025-11-19T20:25:32.354+0000] {logging_mixin.py:154} WARNING - Best trial: 9. Best value: 0.802296:  24%|##4       | 12/50 [01:42<05:38,  8.92s/it]
[2025-11-19T20:25:37.437+0000] {logging_mixin.py:154} WARNING -                                                                                     
[2025-11-19T20:25:37.438+0000] {logging_mixin.py:154} WARNING - 
[2025-11-19T20:25:37.439+0000] {logging_mixin.py:154} INFO - [I 2025-11-19 20:25:37,435] Trial 12 finished with value: 0.7891414141414141 and parameters: {'max_depth': 7, 'learning_rate': 0.06314348458287034, 'subsample': 0.9283925176136929, 'colsample_bytree': 0.985600386744655, 'min_child_weight': 8, 'gamma': 3.2949832703527964, 'n_estimators': 422}. Best is trial 9 with value: 0.802295918367347.
[2025-11-19T20:25:37.440+0000] {logging_mixin.py:154} WARNING - Best trial: 9. Best value: 0.802296:  24%|##4       | 12/50 [01:47<05:38,  8.92s/it]
[2025-11-19T20:25:37.440+0000] {logging_mixin.py:154} WARNING - Best trial: 9. Best value: 0.802296:  24%|##4       | 12/50 [01:47<05:38,  8.92s/it]
[2025-11-19T20:25:37.440+0000] {logging_mixin.py:154} WARNING - Best trial: 9. Best value: 0.802296:  26%|##6       | 13/50 [01:47<04:47,  7.76s/it]
[2025-11-19T20:25:43.874+0000] {logging_mixin.py:154} WARNING -                                                                                     
[2025-11-19T20:25:43.885+0000] {logging_mixin.py:154} WARNING - 
