[2025-11-18T02:29:32.562+0000] {logging_mixin.py:154} INFO - [I 2025-11-18 02:29:32,562] Trial 13 finished with value: 0.8552359247459362 and parameters: {'max_depth': 12, 'learning_rate': 0.06916807831937295, 'subsample': 0.978821347867762, 'colsample_bytree': 0.9934492701794573, 'min_child_weight': 7, 'gamma': 0.015488936057811388, 'n_estimators': 204}. Best is trial 12 with value: 0.85557880055788.
[2025-11-18T02:29:32.562+0000] {logging_mixin.py:154} WARNING - Best trial: 12. Best value: 0.855579:  26%|##6       | 13/50 [00:55<02:37,  4.26s/it]
[2025-11-18T02:29:32.563+0000] {logging_mixin.py:154} WARNING - Best trial: 12. Best value: 0.855579:  26%|##6       | 13/50 [00:55<02:37,  4.26s/it]
[2025-11-18T02:29:32.563+0000] {logging_mixin.py:154} WARNING - Best trial: 12. Best value: 0.855579:  28%|##8       | 14/50 [00:55<02:32,  4.22s/it]
[2025-11-18T02:29:33.388+0000] {logging_mixin.py:154} WARNING -                                                                                      
[2025-11-18T02:29:33.388+0000] {logging_mixin.py:154} WARNING - 
[2025-11-18T02:29:33.388+0000] {logging_mixin.py:154} INFO - [I 2025-11-18 02:29:33,387] Trial 14 finished with value: 0.8454528633546119 and parameters: {'max_depth': 12, 'learning_rate': 0.09673924048608823, 'subsample': 0.9358515504377549, 'colsample_bytree': 0.9927384824675984, 'min_child_weight': 7, 'gamma': 1.7658276437910583, 'n_estimators': 83}. Best is trial 12 with value: 0.85557880055788.
[2025-11-18T02:29:33.388+0000] {logging_mixin.py:154} WARNING - Best trial: 12. Best value: 0.855579:  28%|##8       | 14/50 [00:56<02:32,  4.22s/it]
[2025-11-18T02:29:33.388+0000] {logging_mixin.py:154} WARNING - Best trial: 12. Best value: 0.855579:  28%|##8       | 14/50 [00:56<02:32,  4.22s/it]
[2025-11-18T02:29:33.388+0000] {logging_mixin.py:154} WARNING - Best trial: 12. Best value: 0.855579:  30%|###       | 15/50 [00:56<01:51,  3.20s/it]
[2025-11-18T02:29:35.457+0000] {logging_mixin.py:154} WARNING -                                                                                      
[2025-11-18T02:29:35.457+0000] {logging_mixin.py:154} WARNING - 
[2025-11-18T02:29:35.457+0000] {logging_mixin.py:154} INFO - [I 2025-11-18 02:29:35,457] Trial 15 finished with value: 0.8571195639514569 and parameters: {'max_depth': 11, 'learning_rate': 0.11968908286187309, 'subsample': 0.9364056486690675, 'colsample_bytree': 0.9974958165663781, 'min_child_weight': 6, 'gamma': 0.14037609619089722, 'n_estimators': 203}. Best is trial 15 with value: 0.8571195639514569.
[2025-11-18T02:29:35.457+0000] {logging_mixin.py:154} WARNING - Best trial: 12. Best value: 0.855579:  30%|###       | 15/50 [00:58<01:51,  3.20s/it]
[2025-11-18T02:29:35.457+0000] {logging_mixin.py:154} WARNING - Best trial: 15. Best value: 0.85712:  30%|###       | 15/50 [00:58<01:51,  3.20s/it] 
[2025-11-18T02:29:35.458+0000] {logging_mixin.py:154} WARNING - Best trial: 15. Best value: 0.85712:  32%|###2      | 16/50 [00:58<01:37,  2.86s/it]
[2025-11-18T02:29:36.799+0000] {logging_mixin.py:154} WARNING -                                                                                     
[2025-11-18T02:29:36.799+0000] {logging_mixin.py:154} WARNING - 
[2025-11-18T02:29:36.799+0000] {logging_mixin.py:154} INFO - [I 2025-11-18 02:29:36,799] Trial 16 finished with value: 0.8459482908207531 and parameters: {'max_depth': 10, 'learning_rate': 0.12064894421921311, 'subsample': 0.9102361265933461, 'colsample_bytree': 0.9229356746361634, 'min_child_weight': 3, 'gamma': 1.995402266192039, 'n_estimators': 137}. Best is trial 15 with value: 0.8571195639514569.
[2025-11-18T02:29:36.800+0000] {logging_mixin.py:154} WARNING - Best trial: 15. Best value: 0.85712:  32%|###2      | 16/50 [00:59<01:37,  2.86s/it]
[2025-11-18T02:29:36.800+0000] {logging_mixin.py:154} WARNING - Best trial: 15. Best value: 0.85712:  32%|###2      | 16/50 [00:59<01:37,  2.86s/it]
[2025-11-18T02:29:36.800+0000] {logging_mixin.py:154} WARNING - Best trial: 15. Best value: 0.85712:  34%|###4      | 17/50 [00:59<01:19,  2.40s/it]
[2025-11-18T02:29:39.370+0000] {logging_mixin.py:154} WARNING -                                                                                     
[2025-11-18T02:29:39.370+0000] {logging_mixin.py:154} WARNING - 
[2025-11-18T02:29:39.370+0000] {logging_mixin.py:154} INFO - [I 2025-11-18 02:29:39,369] Trial 17 finished with value: 0.8540977325763643 and parameters: {'max_depth': 11, 'learning_rate': 0.15701052530167575, 'subsample': 0.9377179521528545, 'colsample_bytree': 0.8805304594988683, 'min_child_weight': 6, 'gamma': 0.8378189001810171, 'n_estimators': 238}. Best is trial 15 with value: 0.8571195639514569.
[2025-11-18T02:29:39.370+0000] {logging_mixin.py:154} WARNING - Best trial: 15. Best value: 0.85712:  34%|###4      | 17/50 [01:02<01:19,  2.40s/it]
[2025-11-18T02:29:39.371+0000] {logging_mixin.py:154} WARNING - Best trial: 15. Best value: 0.85712:  34%|###4      | 17/50 [01:02<01:19,  2.40s/it]
[2025-11-18T02:29:39.371+0000] {logging_mixin.py:154} WARNING - Best trial: 15. Best value: 0.85712:  36%|###6      | 18/50 [01:02<01:18,  2.45s/it]
[2025-11-18T02:29:43.535+0000] {logging_mixin.py:154} WARNING -                                                                                     
[2025-11-18T02:29:43.536+0000] {logging_mixin.py:154} WARNING - 
[2025-11-18T02:29:43.536+0000] {logging_mixin.py:154} INFO - [I 2025-11-18 02:29:43,535] Trial 18 finished with value: 0.8517700144206168 and parameters: {'max_depth': 8, 'learning_rate': 0.1514527034326908, 'subsample': 0.8261383981047179, 'colsample_bytree': 0.9438872354180711, 'min_child_weight': 6, 'gamma': 1.0516994356527716, 'n_estimators': 350}. Best is trial 15 with value: 0.8571195639514569.
[2025-11-18T02:29:43.536+0000] {logging_mixin.py:154} WARNING - Best trial: 15. Best value: 0.85712:  36%|###6      | 18/50 [01:06<01:18,  2.45s/it]
[2025-11-18T02:29:43.536+0000] {logging_mixin.py:154} WARNING - Best trial: 15. Best value: 0.85712:  36%|###6      | 18/50 [01:06<01:18,  2.45s/it]
[2025-11-18T02:29:43.536+0000] {logging_mixin.py:154} WARNING - Best trial: 15. Best value: 0.85712:  38%|###8      | 19/50 [01:06<01:31,  2.97s/it]
[2025-11-18T02:29:47.112+0000] {logging_mixin.py:154} WARNING -                                                                                     
[2025-11-18T02:29:47.112+0000] {logging_mixin.py:154} WARNING - 
[2025-11-18T02:29:47.113+0000] {logging_mixin.py:154} INFO - [I 2025-11-18 02:29:47,112] Trial 19 finished with value: 0.8427164740785206 and parameters: {'max_depth': 13, 'learning_rate': 0.044088914536090144, 'subsample': 0.9153138184952526, 'colsample_bytree': 0.8762370106815631, 'min_child_weight': 8, 'gamma': 0.5733076917986858, 'n_estimators': 130}. Best is trial 15 with value: 0.8571195639514569.
[2025-11-18T02:29:47.113+0000] {logging_mixin.py:154} WARNING - Best trial: 15. Best value: 0.85712:  38%|###8      | 19/50 [01:10<01:31,  2.97s/it]
[2025-11-18T02:29:47.113+0000] {logging_mixin.py:154} WARNING - Best trial: 15. Best value: 0.85712:  38%|###8      | 19/50 [01:10<01:31,  2.97s/it]
[2025-11-18T02:29:47.113+0000] {logging_mixin.py:154} WARNING - Best trial: 15. Best value: 0.85712:  40%|####      | 20/50 [01:10<01:34,  3.15s/it]
[2025-11-18T02:29:49.393+0000] {logging_mixin.py:154} WARNING -                                                                                     
[2025-11-18T02:29:49.393+0000] {logging_mixin.py:154} WARNING - 
[2025-11-18T02:29:49.393+0000] {logging_mixin.py:154} INFO - [I 2025-11-18 02:29:49,393] Trial 20 finished with value: 0.8517696286395072 and parameters: {'max_depth': 9, 'learning_rate': 0.09148671869723242, 'subsample': 0.958903546401011, 'colsample_bytree': 0.9593451904725986, 'min_child_weight': 4, 'gamma': 0.0010358304347341321, 'n_estimators': 232}. Best is trial 15 with value: 0.8571195639514569.
[2025-11-18T02:29:49.393+0000] {logging_mixin.py:154} WARNING - Best trial: 15. Best value: 0.85712:  40%|####      | 20/50 [01:12<01:34,  3.15s/it]
[2025-11-18T02:29:49.394+0000] {logging_mixin.py:154} WARNING - Best trial: 15. Best value: 0.85712:  40%|####      | 20/50 [01:12<01:34,  3.15s/it]
[2025-11-18T02:29:49.394+0000] {logging_mixin.py:154} WARNING - Best trial: 15. Best value: 0.85712:  42%|####2     | 21/50 [01:12<01:23,  2.89s/it]
[2025-11-18T02:29:51.351+0000] {logging_mixin.py:154} WARNING -                                                                                     
[2025-11-18T02:29:51.351+0000] {logging_mixin.py:154} WARNING - 
[2025-11-18T02:29:51.351+0000] {logging_mixin.py:154} INFO - [I 2025-11-18 02:29:51,351] Trial 21 finished with value: 0.8536443690606194 and parameters: {'max_depth': 12, 'learning_rate': 0.06683222380427105, 'subsample': 0.9913804871670164, 'colsample_bytree': 0.9944720493098328, 'min_child_weight': 6, 'gamma': 0.036445764797950066, 'n_estimators': 190}. Best is trial 15 with value: 0.8571195639514569.
[2025-11-18T02:29:51.351+0000] {logging_mixin.py:154} WARNING - Best trial: 15. Best value: 0.85712:  42%|####2     | 21/50 [01:14<01:23,  2.89s/it]
[2025-11-18T02:29:51.351+0000] {logging_mixin.py:154} WARNING - Best trial: 15. Best value: 0.85712:  42%|####2     | 21/50 [01:14<01:23,  2.89s/it]
[2025-11-18T02:29:51.351+0000] {logging_mixin.py:154} WARNING - Best trial: 15. Best value: 0.85712:  44%|####4     | 22/50 [01:14<01:13,  2.61s/it]
[2025-11-18T02:29:56.507+0000] {logging_mixin.py:154} WARNING -                                                                                     
[2025-11-18T02:29:56.507+0000] {logging_mixin.py:154} WARNING - 
[2025-11-18T02:29:56.508+0000] {logging_mixin.py:154} INFO - [I 2025-11-18 02:29:56,507] Trial 22 finished with value: 0.8548910200523104 and parameters: {'max_depth': 13, 'learning_rate': 0.06635138444924245, 'subsample': 0.9554286909179174, 'colsample_bytree': 0.9951792360698415, 'min_child_weight': 8, 'gamma': 0.5371229941373923, 'n_estimators': 236}. Best is trial 15 with value: 0.8571195639514569.
[2025-11-18T02:29:56.508+0000] {logging_mixin.py:154} WARNING - Best trial: 15. Best value: 0.85712:  44%|####4     | 22/50 [01:19<01:13,  2.61s/it]
[2025-11-18T02:29:56.508+0000] {logging_mixin.py:154} WARNING - Best trial: 15. Best value: 0.85712:  44%|####4     | 22/50 [01:19<01:13,  2.61s/it]
[2025-11-18T02:29:56.509+0000] {logging_mixin.py:154} WARNING - Best trial: 15. Best value: 0.85712:  46%|####6     | 23/50 [01:19<01:31,  3.37s/it]
[2025-11-18T02:29:58.460+0000] {logging_mixin.py:154} WARNING -                                                                                     
[2025-11-18T02:29:58.460+0000] {logging_mixin.py:154} WARNING - 
[2025-11-18T02:29:58.460+0000] {logging_mixin.py:154} INFO - [I 2025-11-18 02:29:58,460] Trial 23 finished with value: 0.8548086770319338 and parameters: {'max_depth': 11, 'learning_rate': 0.1102393137570326, 'subsample': 0.8941468837236075, 'colsample_bytree': 0.9490014287727889, 'min_child_weight': 7, 'gamma': 0.42867278298184636, 'n_estimators': 163}. Best is trial 15 with value: 0.8571195639514569.
[2025-11-18T02:29:58.461+0000] {logging_mixin.py:154} WARNING - Best trial: 15. Best value: 0.85712:  46%|####6     | 23/50 [01:21<01:31,  3.37s/it]
[2025-11-18T02:29:58.461+0000] {logging_mixin.py:154} WARNING - Best trial: 15. Best value: 0.85712:  46%|####6     | 23/50 [01:21<01:31,  3.37s/it]
[2025-11-18T02:29:58.461+0000] {logging_mixin.py:154} WARNING - Best trial: 15. Best value: 0.85712:  48%|####8     | 24/50 [01:21<01:16,  2.95s/it]
[2025-11-18T02:30:00.065+0000] {logging_mixin.py:154} WARNING -                                                                                     
[2025-11-18T02:30:00.065+0000] {logging_mixin.py:154} WARNING - 
[2025-11-18T02:30:00.065+0000] {logging_mixin.py:154} INFO - [I 2025-11-18 02:30:00,065] Trial 24 finished with value: 0.8399149278611255 and parameters: {'max_depth': 14, 'learning_rate': 0.040811071538770914, 'subsample': 0.9533159477817149, 'colsample_bytree': 0.9385120515287855, 'min_child_weight': 5, 'gamma': 0.0011971396531038538, 'n_estimators': 101}. Best is trial 15 with value: 0.8571195639514569.
[2025-11-18T02:30:00.065+0000] {logging_mixin.py:154} WARNING - Best trial: 15. Best value: 0.85712:  48%|####8     | 24/50 [01:23<01:16,  2.95s/it]
[2025-11-18T02:30:00.066+0000] {logging_mixin.py:154} WARNING - Best trial: 15. Best value: 0.85712:  48%|####8     | 24/50 [01:23<01:16,  2.95s/it]
[2025-11-18T02:30:00.066+0000] {logging_mixin.py:154} WARNING - Best trial: 15. Best value: 0.85712:  50%|#####     | 25/50 [01:23<01:03,  2.54s/it]
[2025-11-18T02:30:01.810+0000] {logging_mixin.py:154} WARNING -                                                                                     
[2025-11-18T02:30:01.810+0000] {logging_mixin.py:154} WARNING - 
[2025-11-18T02:30:01.810+0000] {logging_mixin.py:154} INFO - [I 2025-11-18 02:30:01,810] Trial 25 finished with value: 0.8480678343063665 and parameters: {'max_depth': 11, 'learning_rate': 0.07553933541484759, 'subsample': 0.9980395671835806, 'colsample_bytree': 0.8951141686543551, 'min_child_weight': 9, 'gamma': 0.8770577475424767, 'n_estimators': 214}. Best is trial 15 with value: 0.8571195639514569.
[2025-11-18T02:30:01.810+0000] {logging_mixin.py:154} WARNING - Best trial: 15. Best value: 0.85712:  50%|#####     | 25/50 [01:24<01:03,  2.54s/it]
[2025-11-18T02:30:01.811+0000] {logging_mixin.py:154} WARNING - Best trial: 15. Best value: 0.85712:  50%|#####     | 25/50 [01:24<01:03,  2.54s/it]
[2025-11-18T02:30:01.811+0000] {logging_mixin.py:154} WARNING - Best trial: 15. Best value: 0.85712:  52%|#####2    | 26/50 [01:24<00:55,  2.30s/it]
[2025-11-18T02:30:06.823+0000] {logging_mixin.py:154} WARNING -                                                                                     
[2025-11-18T02:30:06.823+0000] {logging_mixin.py:154} WARNING - 
[2025-11-18T02:30:06.823+0000] {logging_mixin.py:154} INFO - [I 2025-11-18 02:30:06,823] Trial 26 finished with value: 0.8531528703154615 and parameters: {'max_depth': 14, 'learning_rate': 0.05883809110111052, 'subsample': 0.8540815292656528, 'colsample_bytree': 0.9987349142404867, 'min_child_weight': 8, 'gamma': 1.3294029248899564, 'n_estimators': 386}. Best is trial 15 with value: 0.8571195639514569.
[2025-11-18T02:30:06.823+0000] {logging_mixin.py:154} WARNING - Best trial: 15. Best value: 0.85712:  52%|#####2    | 26/50 [01:29<00:55,  2.30s/it]
[2025-11-18T02:30:06.823+0000] {logging_mixin.py:154} WARNING - Best trial: 15. Best value: 0.85712:  52%|#####2    | 26/50 [01:29<00:55,  2.30s/it]
[2025-11-18T02:30:06.823+0000] {logging_mixin.py:154} WARNING - Best trial: 15. Best value: 0.85712:  54%|#####4    | 27/50 [01:29<01:11,  3.12s/it]
[2025-11-18T02:30:08.110+0000] {logging_mixin.py:154} WARNING -                                                                                     
[2025-11-18T02:30:08.110+0000] {logging_mixin.py:154} WARNING - 
[2025-11-18T02:30:08.110+0000] {logging_mixin.py:154} INFO - [I 2025-11-18 02:30:08,110] Trial 27 finished with value: 0.8505866953933118 and parameters: {'max_depth': 12, 'learning_rate': 0.08576246384074226, 'subsample': 0.9178841039956706, 'colsample_bytree': 0.9633897503310432, 'min_child_weight': 6, 'gamma': 0.38557751429787057, 'n_estimators': 112}. Best is trial 15 with value: 0.8571195639514569.
[2025-11-18T02:30:08.111+0000] {logging_mixin.py:154} WARNING - Best trial: 15. Best value: 0.85712:  54%|#####4    | 27/50 [01:31<01:11,  3.12s/it]
[2025-11-18T02:30:08.111+0000] {logging_mixin.py:154} WARNING - Best trial: 15. Best value: 0.85712:  54%|#####4    | 27/50 [01:31<01:11,  3.12s/it]
[2025-11-18T02:30:08.111+0000] {logging_mixin.py:154} WARNING - Best trial: 15. Best value: 0.85712:  56%|#####6    | 28/50 [01:31<00:56,  2.57s/it]
[2025-11-18T02:30:10.623+0000] {logging_mixin.py:154} WARNING -                                                                                     
[2025-11-18T02:30:10.623+0000] {logging_mixin.py:154} WARNING - 
[2025-11-18T02:30:10.623+0000] {logging_mixin.py:154} INFO - [I 2025-11-18 02:30:10,623] Trial 28 finished with value: 0.8503698878704694 and parameters: {'max_depth': 9, 'learning_rate': 0.11979137311246871, 'subsample': 0.9553472566698922, 'colsample_bytree': 0.9298511164779876, 'min_child_weight': 10, 'gamma': 0.4340802706890221, 'n_estimators': 246}. Best is trial 15 with value: 0.8571195639514569.
[2025-11-18T02:30:10.623+0000] {logging_mixin.py:154} WARNING - Best trial: 15. Best value: 0.85712:  56%|#####6    | 28/50 [01:33<00:56,  2.57s/it]
[2025-11-18T02:30:10.623+0000] {logging_mixin.py:154} WARNING - Best trial: 15. Best value: 0.85712:  56%|#####6    | 28/50 [01:33<00:56,  2.57s/it]
[2025-11-18T02:30:10.623+0000] {logging_mixin.py:154} WARNING - Best trial: 15. Best value: 0.85712:  58%|#####8    | 29/50 [01:33<00:53,  2.55s/it]
[2025-11-18T02:30:12.620+0000] {logging_mixin.py:154} WARNING -                                                                                     
[2025-11-18T02:30:12.620+0000] {logging_mixin.py:154} WARNING - 
[2025-11-18T02:30:12.620+0000] {logging_mixin.py:154} INFO - [I 2025-11-18 02:30:12,619] Trial 29 finished with value: 0.8590954071831888 and parameters: {'max_depth': 15, 'learning_rate': 0.1705429333791686, 'subsample': 0.8738336006216247, 'colsample_bytree': 0.8529538327355479, 'min_child_weight': 2, 'gamma': 0.7557883892140732, 'n_estimators': 164}. Best is trial 29 with value: 0.8590954071831888.
[2025-11-18T02:30:12.620+0000] {logging_mixin.py:154} WARNING - Best trial: 15. Best value: 0.85712:  58%|#####8    | 29/50 [01:35<00:53,  2.55s/it]
[2025-11-18T02:30:12.620+0000] {logging_mixin.py:154} WARNING - Best trial: 29. Best value: 0.859095:  58%|#####8    | 29/50 [01:35<00:53,  2.55s/it]
[2025-11-18T02:30:12.620+0000] {logging_mixin.py:154} WARNING - Best trial: 29. Best value: 0.859095:  60%|######    | 30/50 [01:35<00:47,  2.39s/it]
[2025-11-18T02:30:13.739+0000] {logging_mixin.py:154} WARNING -                                                                                      
[2025-11-18T02:30:13.739+0000] {logging_mixin.py:154} WARNING - 
[2025-11-18T02:30:13.739+0000] {logging_mixin.py:154} INFO - [I 2025-11-18 02:30:13,739] Trial 30 finished with value: 0.8587734796354844 and parameters: {'max_depth': 15, 'learning_rate': 0.2152435611558149, 'subsample': 0.8778436899134676, 'colsample_bytree': 0.8411139720742797, 'min_child_weight': 1, 'gamma': 0.7155191719980978, 'n_estimators': 59}. Best is trial 29 with value: 0.8590954071831888.
[2025-11-18T02:30:13.739+0000] {logging_mixin.py:154} WARNING - Best trial: 29. Best value: 0.859095:  60%|######    | 30/50 [01:36<00:47,  2.39s/it]
[2025-11-18T02:30:13.739+0000] {logging_mixin.py:154} WARNING - Best trial: 29. Best value: 0.859095:  60%|######    | 30/50 [01:36<00:47,  2.39s/it]
[2025-11-18T02:30:13.739+0000] {logging_mixin.py:154} WARNING - Best trial: 29. Best value: 0.859095:  62%|######2   | 31/50 [01:36<00:38,  2.01s/it]
[2025-11-18T02:30:17.705+0000] {logging_mixin.py:154} WARNING -                                                                                      
[2025-11-18T02:30:17.706+0000] {logging_mixin.py:154} WARNING - 
[2025-11-18T02:30:17.706+0000] {logging_mixin.py:154} INFO - [I 2025-11-18 02:30:17,705] Trial 31 finished with value: 0.8584347502644395 and parameters: {'max_depth': 15, 'learning_rate': 0.20694257720422643, 'subsample': 0.8812829080304145, 'colsample_bytree': 0.8461045302619119, 'min_child_weight': 1, 'gamma': 0.7943301783676742, 'n_estimators': 59}. Best is trial 29 with value: 0.8590954071831888.
[2025-11-18T02:30:17.706+0000] {logging_mixin.py:154} WARNING - Best trial: 29. Best value: 0.859095:  62%|######2   | 31/50 [01:40<00:38,  2.01s/it]
[2025-11-18T02:30:17.706+0000] {logging_mixin.py:154} WARNING - Best trial: 29. Best value: 0.859095:  62%|######2   | 31/50 [01:40<00:38,  2.01s/it]
[2025-11-18T02:30:17.706+0000] {logging_mixin.py:154} WARNING - Best trial: 29. Best value: 0.859095:  64%|######4   | 32/50 [01:40<00:46,  2.59s/it]
[2025-11-18T02:30:18.465+0000] {logging_mixin.py:154} WARNING -                                                                                      
[2025-11-18T02:30:18.465+0000] {logging_mixin.py:154} WARNING - 
[2025-11-18T02:30:18.465+0000] {logging_mixin.py:154} INFO - [I 2025-11-18 02:30:18,464] Trial 32 finished with value: 0.8568477011827795 and parameters: {'max_depth': 14, 'learning_rate': 0.20230415501012156, 'subsample': 0.865923575497584, 'colsample_bytree': 0.8391136181806464, 'min_child_weight': 1, 'gamma': 0.8334644203486753, 'n_estimators': 52}. Best is trial 29 with value: 0.8590954071831888.
[2025-11-18T02:30:18.465+0000] {logging_mixin.py:154} WARNING - Best trial: 29. Best value: 0.859095:  64%|######4   | 32/50 [01:41<00:46,  2.59s/it]
[2025-11-18T02:30:18.465+0000] {logging_mixin.py:154} WARNING - Best trial: 29. Best value: 0.859095:  64%|######4   | 32/50 [01:41<00:46,  2.59s/it]
[2025-11-18T02:30:18.465+0000] {logging_mixin.py:154} WARNING - Best trial: 29. Best value: 0.859095:  66%|######6   | 33/50 [01:41<00:34,  2.04s/it]
[2025-11-18T02:30:19.264+0000] {logging_mixin.py:154} WARNING -                                                                                      
[2025-11-18T02:30:19.264+0000] {logging_mixin.py:154} WARNING - 
