[2025-11-19T20:25:43.888+0000] {logging_mixin.py:154} INFO - [I 2025-11-19 20:25:43,862] Trial 13 finished with value: 0.7956577266922095 and parameters: {'max_depth': 10, 'learning_rate': 0.14118748326755173, 'subsample': 0.748020656084857, 'colsample_bytree': 0.8859620061900355, 'min_child_weight': 8, 'gamma': 1.7761832509846056, 'n_estimators': 204}. Best is trial 9 with value: 0.802295918367347.
[2025-11-19T20:25:43.892+0000] {logging_mixin.py:154} WARNING - Best trial: 9. Best value: 0.802296:  26%|##6       | 13/50 [01:53<04:47,  7.76s/it]
[2025-11-19T20:25:43.896+0000] {logging_mixin.py:154} WARNING - Best trial: 9. Best value: 0.802296:  26%|##6       | 13/50 [01:53<04:47,  7.76s/it]
[2025-11-19T20:25:43.898+0000] {logging_mixin.py:154} WARNING - Best trial: 9. Best value: 0.802296:  28%|##8       | 14/50 [01:53<04:25,  7.36s/it]
[2025-11-19T20:38:22.112+0000] {taskinstance.py:1159} INFO - Dependencies all met for dep_context=non-requeueable deps ti=<TaskInstance: sodai_drinks_production_pipeline.train_model scheduled__2025-11-09T00:00:00+00:00 [queued]>
[2025-11-19T20:38:22.122+0000] {taskinstance.py:1159} INFO - Dependencies all met for dep_context=requeueable deps ti=<TaskInstance: sodai_drinks_production_pipeline.train_model scheduled__2025-11-09T00:00:00+00:00 [queued]>
[2025-11-19T20:38:22.123+0000] {taskinstance.py:1361} INFO - Starting attempt 1 of 2
[2025-11-19T20:38:22.131+0000] {taskinstance.py:1382} INFO - Executing <Task(PythonOperator): train_model> on 2025-11-09 00:00:00+00:00
[2025-11-19T20:38:22.148+0000] {standard_task_runner.py:57} INFO - Started process 506 to run task
[2025-11-19T20:38:22.154+0000] {standard_task_runner.py:84} INFO - Running: ['***', 'tasks', 'run', 'sodai_drinks_production_pipeline', 'train_model', 'scheduled__2025-11-09T00:00:00+00:00', '--job-id', '175', '--raw', '--subdir', 'DAGS_FOLDER/pipeline_productivo.py', '--cfg-path', '/tmp/tmprz2qlm6a']
[2025-11-19T20:38:22.156+0000] {standard_task_runner.py:85} INFO - Job 175: Subtask train_model
[2025-11-19T20:38:22.201+0000] {task_command.py:416} INFO - Running <TaskInstance: sodai_drinks_production_pipeline.train_model scheduled__2025-11-09T00:00:00+00:00 [running]> on host ca378069ecd9
[2025-11-19T20:38:22.263+0000] {taskinstance.py:1662} INFO - Exporting env vars: AIRFLOW_CTX_DAG_EMAIL='team@sodaidrinks.com' AIRFLOW_CTX_DAG_OWNER='sodai_drinks_team' AIRFLOW_CTX_DAG_ID='sodai_drinks_production_pipeline' AIRFLOW_CTX_TASK_ID='train_model' AIRFLOW_CTX_EXECUTION_DATE='2025-11-09T00:00:00+00:00' AIRFLOW_CTX_TRY_NUMBER='1' AIRFLOW_CTX_DAG_RUN_ID='scheduled__2025-11-09T00:00:00+00:00'
[2025-11-19T20:38:22.265+0000] {model_training.py:229} INFO - 🚀 Iniciando entrenamiento del modelo XGBoost...
[2025-11-19T20:38:22.321+0000] {model_training.py:251} INFO - 📊 Dataset cargado:
[2025-11-19T20:38:22.322+0000] {model_training.py:252} INFO -    - Features: 15
[2025-11-19T20:38:22.322+0000] {model_training.py:253} INFO -    - Registros: 7438
[2025-11-19T20:38:22.323+0000] {model_training.py:254} INFO -    - Distribución de clases - Clase 0: 3719, Clase 1: 3719
[2025-11-19T20:38:22.328+0000] {model_training.py:264} INFO - 📂 Splits creados:
[2025-11-19T20:38:22.328+0000] {model_training.py:265} INFO -    - Train: 4462 muestras
[2025-11-19T20:38:22.328+0000] {model_training.py:266} INFO -    - Validation: 1488 muestras
[2025-11-19T20:38:22.329+0000] {model_training.py:267} INFO -    - Test: 1488 muestras
[2025-11-19T20:38:22.631+0000] {logging_mixin.py:154} WARNING - 2025/11/19 20:38:22 WARNING mlflow.utils.git_utils: Failed to import Git (the Git executable is probably not on your PATH), so Git SHA is not available. Error: Failed to initialize: Bad git executable.
The git executable must be specified in one of the following ways:
    - be included in your $PATH
    - be set via $GIT_PYTHON_GIT_EXECUTABLE
    - explicitly set via git.refresh(<full-path-to-git-executable>)

All git commands will error until this is rectified.

This initial message can be silenced or aggravated in the future by setting the
$GIT_PYTHON_REFRESH environment variable. Use one of the following values:
    - quiet|q|silence|s|silent|none|n|0: for no message or exception
    - warn|w|warning|log|l|1: for a warning message (logging level CRITICAL, displayed by default)
    - error|e|exception|raise|r|2: for a raised exception

Example:
    export GIT_PYTHON_REFRESH=quiet
[2025-11-19T20:38:22.714+0000] {model_training.py:276} INFO - 📊 Registrando datasets en MLflow...
[2025-11-19T20:38:22.735+0000] {logging_mixin.py:154} WARNING - /home/***/.local/lib/python3.10/site-packages/mlflow/data/dataset_source_registry.py:143 UserWarning: The specified dataset source can be interpreted in multiple ways: LocalArtifactDatasetSource, LocalArtifactDatasetSource. MLflow will assume that this is a LocalArtifactDatasetSource source.
[2025-11-19T20:38:22.751+0000] {logging_mixin.py:154} WARNING - /home/***/.local/lib/python3.10/site-packages/mlflow/data/pandas_dataset.py:134 UserWarning: Hint: Inferred schema contains integer column(s). Integer columns in Python cannot represent missing values. If your input data contains missing values at inference time, it will be encoded as floats and will cause a schema enforcement error. The best way to avoid this problem is to infer the model schema based on a realistic data sample (training dataset) that includes missing values. Alternatively, you can declare integer columns as doubles (float64) whenever these columns may have missing values. See `Handling Integers With Missing Values <https://www.mlflow.org/docs/latest/models.html#handling-integers-with-missing-values>`_ for more details.
[2025-11-19T20:38:22.767+0000] {logging_mixin.py:154} WARNING - /home/***/.local/lib/python3.10/site-packages/mlflow/data/dataset_source_registry.py:143 UserWarning: The specified dataset source can be interpreted in multiple ways: LocalArtifactDatasetSource, LocalArtifactDatasetSource. MLflow will assume that this is a LocalArtifactDatasetSource source.
[2025-11-19T20:38:22.778+0000] {logging_mixin.py:154} WARNING - /home/***/.local/lib/python3.10/site-packages/mlflow/data/pandas_dataset.py:134 UserWarning: Hint: Inferred schema contains integer column(s). Integer columns in Python cannot represent missing values. If your input data contains missing values at inference time, it will be encoded as floats and will cause a schema enforcement error. The best way to avoid this problem is to infer the model schema based on a realistic data sample (training dataset) that includes missing values. Alternatively, you can declare integer columns as doubles (float64) whenever these columns may have missing values. See `Handling Integers With Missing Values <https://www.mlflow.org/docs/latest/models.html#handling-integers-with-missing-values>`_ for more details.
[2025-11-19T20:38:22.797+0000] {logging_mixin.py:154} WARNING - /home/***/.local/lib/python3.10/site-packages/mlflow/data/dataset_source_registry.py:143 UserWarning: The specified dataset source can be interpreted in multiple ways: LocalArtifactDatasetSource, LocalArtifactDatasetSource. MLflow will assume that this is a LocalArtifactDatasetSource source.
[2025-11-19T20:38:22.804+0000] {logging_mixin.py:154} WARNING - /home/***/.local/lib/python3.10/site-packages/mlflow/data/pandas_dataset.py:134 UserWarning: Hint: Inferred schema contains integer column(s). Integer columns in Python cannot represent missing values. If your input data contains missing values at inference time, it will be encoded as floats and will cause a schema enforcement error. The best way to avoid this problem is to infer the model schema based on a realistic data sample (training dataset) that includes missing values. Alternatively, you can declare integer columns as doubles (float64) whenever these columns may have missing values. See `Handling Integers With Missing Values <https://www.mlflow.org/docs/latest/models.html#handling-integers-with-missing-values>`_ for more details.
[2025-11-19T20:38:22.821+0000] {model_training.py:330} INFO - ✅ Datasets registrados en MLflow
[2025-11-19T20:38:22.821+0000] {model_training.py:64} INFO - 🔍 Iniciando optimización de hiperparámetros con 12 trials...
[2025-11-19T20:38:22.824+0000] {logging_mixin.py:154} WARNING -   0%|          | 0/12 [00:00<?, ?it/s]
[2025-11-19T20:38:26.739+0000] {logging_mixin.py:154} WARNING -                                       
[2025-11-19T20:38:26.744+0000] {logging_mixin.py:154} WARNING - 
[2025-11-19T20:38:26.745+0000] {logging_mixin.py:154} INFO - [I 2025-11-19 20:38:26,738] Trial 0 finished with value: 0.7868641339343206 and parameters: {'max_depth': 7, 'learning_rate': 0.2536999076681772, 'subsample': 0.8659969709057025, 'colsample_bytree': 0.7993292420985183, 'min_child_weight': 2, 'gamma': 0.7799726016810132, 'n_estimators': 76}. Best is trial 0 with value: 0.7868641339343206.
[2025-11-19T20:38:26.747+0000] {logging_mixin.py:154} WARNING -   0%|          | 0/12 [00:03<?, ?it/s]
[2025-11-19T20:38:26.749+0000] {logging_mixin.py:154} WARNING - Best trial: 0. Best value: 0.786864:   0%|          | 0/12 [00:03<?, ?it/s]
[2025-11-19T20:38:26.749+0000] {logging_mixin.py:154} WARNING - Best trial: 0. Best value: 0.786864:   8%|8         | 1/12 [00:03<00:43,  3.93s/it]
[2025-11-19T20:38:31.385+0000] {logging_mixin.py:154} WARNING -                                                                                    
[2025-11-19T20:38:31.387+0000] {logging_mixin.py:154} WARNING - 
[2025-11-19T20:38:31.388+0000] {logging_mixin.py:154} INFO - [I 2025-11-19 20:38:31,384] Trial 1 finished with value: 0.7949843260188088 and parameters: {'max_depth': 14, 'learning_rate': 0.07725378389307355, 'subsample': 0.8540362888980227, 'colsample_bytree': 0.5102922471479012, 'min_child_weight': 10, 'gamma': 4.162213204002109, 'n_estimators': 145}. Best is trial 1 with value: 0.7949843260188088.
[2025-11-19T20:38:31.389+0000] {logging_mixin.py:154} WARNING - Best trial: 0. Best value: 0.786864:   8%|8         | 1/12 [00:08<00:43,  3.93s/it]
[2025-11-19T20:38:31.390+0000] {logging_mixin.py:154} WARNING - Best trial: 1. Best value: 0.794984:   8%|8         | 1/12 [00:08<00:43,  3.93s/it]
[2025-11-19T20:38:31.390+0000] {logging_mixin.py:154} WARNING - Best trial: 1. Best value: 0.794984:  17%|#6        | 2/12 [00:08<00:43,  4.35s/it]
[2025-11-19T20:38:52.605+0000] {logging_mixin.py:154} WARNING -                                                                                    
[2025-11-19T20:38:52.606+0000] {logging_mixin.py:154} WARNING - 
[2025-11-19T20:38:52.607+0000] {logging_mixin.py:154} INFO - [I 2025-11-19 20:38:52,597] Trial 2 finished with value: 0.7931253978357734 and parameters: {'max_depth': 5, 'learning_rate': 0.018659959624904916, 'subsample': 0.6521211214797689, 'colsample_bytree': 0.762378215816119, 'min_child_weight': 5, 'gamma': 1.4561457009902097, 'n_estimators': 325}. Best is trial 1 with value: 0.7949843260188088.
[2025-11-19T20:38:52.608+0000] {logging_mixin.py:154} WARNING - Best trial: 1. Best value: 0.794984:  17%|#6        | 2/12 [00:29<00:43,  4.35s/it]
[2025-11-19T20:38:52.609+0000] {logging_mixin.py:154} WARNING - Best trial: 1. Best value: 0.794984:  17%|#6        | 2/12 [00:29<00:43,  4.35s/it]
[2025-11-19T20:38:52.610+0000] {logging_mixin.py:154} WARNING - Best trial: 1. Best value: 0.794984:  25%|##5       | 3/12 [00:29<01:48, 12.05s/it]
[2025-11-19T20:39:06.033+0000] {logging_mixin.py:154} WARNING -                                                                                    
[2025-11-19T20:39:06.038+0000] {logging_mixin.py:154} WARNING - 
[2025-11-19T20:39:06.038+0000] {logging_mixin.py:154} INFO - [I 2025-11-19 20:39:06,027] Trial 3 finished with value: 0.7916666666666667 and parameters: {'max_depth': 4, 'learning_rate': 0.027010527749605478, 'subsample': 0.6831809216468459, 'colsample_bytree': 0.728034992108518, 'min_child_weight': 8, 'gamma': 0.9983689107917987, 'n_estimators': 281}. Best is trial 1 with value: 0.7949843260188088.
[2025-11-19T20:39:06.039+0000] {logging_mixin.py:154} WARNING - Best trial: 1. Best value: 0.794984:  25%|##5       | 3/12 [00:43<01:48, 12.05s/it]
[2025-11-19T20:39:06.040+0000] {logging_mixin.py:154} WARNING - Best trial: 1. Best value: 0.794984:  25%|##5       | 3/12 [00:43<01:48, 12.05s/it]
[2025-11-19T20:39:06.040+0000] {logging_mixin.py:154} WARNING - Best trial: 1. Best value: 0.794984:  33%|###3      | 4/12 [00:43<01:40, 12.60s/it]
[2025-11-19T20:39:29.897+0000] {logging_mixin.py:154} WARNING -                                                                                    
[2025-11-19T20:39:29.898+0000] {logging_mixin.py:154} WARNING - 
[2025-11-19T20:39:29.899+0000] {logging_mixin.py:154} INFO - [I 2025-11-19 20:39:29,889] Trial 4 finished with value: 0.7889098928796472 and parameters: {'max_depth': 10, 'learning_rate': 0.011711509955524094, 'subsample': 0.8037724259507192, 'colsample_bytree': 0.5852620618436457, 'min_child_weight': 1, 'gamma': 4.7444276862666666, 'n_estimators': 485}. Best is trial 1 with value: 0.7949843260188088.
[2025-11-19T20:39:29.899+0000] {logging_mixin.py:154} WARNING - Best trial: 1. Best value: 0.794984:  33%|###3      | 4/12 [01:07<01:40, 12.60s/it]
[2025-11-19T20:39:29.900+0000] {logging_mixin.py:154} WARNING - Best trial: 1. Best value: 0.794984:  33%|###3      | 4/12 [01:07<01:40, 12.60s/it]
[2025-11-19T20:39:29.900+0000] {logging_mixin.py:154} WARNING - Best trial: 1. Best value: 0.794984:  42%|####1     | 5/12 [01:07<01:56, 16.66s/it]
[2025-11-19T20:39:54.271+0000] {logging_mixin.py:154} WARNING -                                                                                    
[2025-11-19T20:39:54.273+0000] {logging_mixin.py:154} WARNING - 
[2025-11-19T20:39:54.273+0000] {logging_mixin.py:154} INFO - [I 2025-11-19 20:39:54,269] Trial 5 finished with value: 0.7961290322580645 and parameters: {'max_depth': 13, 'learning_rate': 0.028180680291847244, 'subsample': 0.5488360570031919, 'colsample_bytree': 0.8421165132560784, 'min_child_weight': 5, 'gamma': 0.6101911742238941, 'n_estimators': 273}. Best is trial 5 with value: 0.7961290322580645.
[2025-11-19T20:39:54.274+0000] {logging_mixin.py:154} WARNING - Best trial: 1. Best value: 0.794984:  42%|####1     | 5/12 [01:31<01:56, 16.66s/it]
[2025-11-19T20:39:54.275+0000] {logging_mixin.py:154} WARNING - Best trial: 5. Best value: 0.796129:  42%|####1     | 5/12 [01:31<01:56, 16.66s/it]
[2025-11-19T20:39:54.275+0000] {logging_mixin.py:154} WARNING - Best trial: 5. Best value: 0.796129:  50%|#####     | 6/12 [01:31<01:55, 19.28s/it]
[2025-11-19T20:40:00.419+0000] {logging_mixin.py:154} WARNING -                                                                                    
[2025-11-19T20:40:00.420+0000] {logging_mixin.py:154} WARNING - 
[2025-11-19T20:40:00.421+0000] {logging_mixin.py:154} INFO - [I 2025-11-19 20:40:00,417] Trial 6 finished with value: 0.7961783439490446 and parameters: {'max_depth': 3, 'learning_rate': 0.22038218939289875, 'subsample': 0.6293899908000085, 'colsample_bytree': 0.831261142176991, 'min_child_weight': 4, 'gamma': 2.600340105889054, 'n_estimators': 296}. Best is trial 6 with value: 0.7961783439490446.
[2025-11-19T20:40:00.421+0000] {logging_mixin.py:154} WARNING - Best trial: 5. Best value: 0.796129:  50%|#####     | 6/12 [01:37<01:55, 19.28s/it]
[2025-11-19T20:40:00.422+0000] {logging_mixin.py:154} WARNING - Best trial: 6. Best value: 0.796178:  50%|#####     | 6/12 [01:37<01:55, 19.28s/it]
[2025-11-19T20:40:00.422+0000] {logging_mixin.py:154} WARNING - Best trial: 6. Best value: 0.796178:  58%|#####8    | 7/12 [01:37<01:14, 14.99s/it]
[2025-11-19T20:40:07.028+0000] {logging_mixin.py:154} WARNING -                                                                                    
[2025-11-19T20:40:07.030+0000] {logging_mixin.py:154} WARNING - 
[2025-11-19T20:40:07.031+0000] {logging_mixin.py:154} INFO - [I 2025-11-19 20:40:07,025] Trial 7 finished with value: 0.797717184527584 and parameters: {'max_depth': 5, 'learning_rate': 0.27051668818999286, 'subsample': 0.8875664116805573, 'colsample_bytree': 0.9697494707820946, 'min_child_weight': 9, 'gamma': 2.9894998940554256, 'n_estimators': 465}. Best is trial 7 with value: 0.797717184527584.
[2025-11-19T20:40:07.032+0000] {logging_mixin.py:154} WARNING - Best trial: 6. Best value: 0.796178:  58%|#####8    | 7/12 [01:44<01:14, 14.99s/it]
[2025-11-19T20:40:07.034+0000] {logging_mixin.py:154} WARNING - Best trial: 7. Best value: 0.797717:  58%|#####8    | 7/12 [01:44<01:14, 14.99s/it]
[2025-11-19T20:40:07.034+0000] {logging_mixin.py:154} WARNING - Best trial: 7. Best value: 0.797717:  67%|######6   | 8/12 [01:44<00:49, 12.32s/it]
[2025-11-19T20:40:16.633+0000] {logging_mixin.py:154} WARNING -                                                                                    
[2025-11-19T20:40:16.635+0000] {logging_mixin.py:154} WARNING - 
[2025-11-19T20:40:16.635+0000] {logging_mixin.py:154} INFO - [I 2025-11-19 20:40:16,632] Trial 8 finished with value: 0.7906388361796332 and parameters: {'max_depth': 4, 'learning_rate': 0.01947558230629543, 'subsample': 0.522613644455269, 'colsample_bytree': 0.6626651653816322, 'min_child_weight': 4, 'gamma': 1.3567451588694794, 'n_estimators': 423}. Best is trial 7 with value: 0.797717184527584.
[2025-11-19T20:40:16.635+0000] {logging_mixin.py:154} WARNING - Best trial: 7. Best value: 0.797717:  67%|######6   | 8/12 [01:53<00:49, 12.32s/it]
[2025-11-19T20:40:16.636+0000] {logging_mixin.py:154} WARNING - Best trial: 7. Best value: 0.797717:  67%|######6   | 8/12 [01:53<00:49, 12.32s/it]
[2025-11-19T20:40:16.636+0000] {logging_mixin.py:154} WARNING - Best trial: 7. Best value: 0.797717:  75%|#######5  | 9/12 [01:53<00:34, 11.47s/it]
[2025-11-19T20:40:30.469+0000] {logging_mixin.py:154} WARNING -                                                                                    
[2025-11-19T20:40:30.474+0000] {logging_mixin.py:154} WARNING - 
[2025-11-19T20:40:30.474+0000] {logging_mixin.py:154} INFO - [I 2025-11-19 20:40:30,467] Trial 9 finished with value: 0.802295918367347 and parameters: {'max_depth': 7, 'learning_rate': 0.026000059117302653, 'subsample': 0.7713480415791243, 'colsample_bytree': 0.5704621124873813, 'min_child_weight': 9, 'gamma': 0.3727532183988541, 'n_estimators': 495}. Best is trial 9 with value: 0.802295918367347.
[2025-11-19T20:40:30.475+0000] {logging_mixin.py:154} WARNING - Best trial: 7. Best value: 0.797717:  75%|#######5  | 9/12 [02:07<00:34, 11.47s/it]
[2025-11-19T20:40:30.475+0000] {logging_mixin.py:154} WARNING - Best trial: 9. Best value: 0.802296:  75%|#######5  | 9/12 [02:07<00:34, 11.47s/it]
[2025-11-19T20:40:30.475+0000] {logging_mixin.py:154} WARNING - Best trial: 9. Best value: 0.802296:  83%|########3 | 10/12 [02:07<00:24, 12.20s/it]
[2025-11-19T20:40:39.178+0000] {logging_mixin.py:154} WARNING -                                                                                     
[2025-11-19T20:40:39.182+0000] {logging_mixin.py:154} WARNING - 
[2025-11-19T20:40:39.183+0000] {logging_mixin.py:154} INFO - [I 2025-11-19 20:40:39,177] Trial 10 finished with value: 0.8020499679692504 and parameters: {'max_depth': 9, 'learning_rate': 0.05002209157727478, 'subsample': 0.9847685553939328, 'colsample_bytree': 0.5089809378074097, 'min_child_weight': 7, 'gamma': 0.19362599980591444, 'n_estimators': 379}. Best is trial 9 with value: 0.802295918367347.
[2025-11-19T20:40:39.185+0000] {logging_mixin.py:154} WARNING - Best trial: 9. Best value: 0.802296:  83%|########3 | 10/12 [02:16<00:24, 12.20s/it]
[2025-11-19T20:40:39.186+0000] {logging_mixin.py:154} WARNING - Best trial: 9. Best value: 0.802296:  83%|########3 | 10/12 [02:16<00:24, 12.20s/it]
[2025-11-19T20:40:39.187+0000] {logging_mixin.py:154} WARNING - Best trial: 9. Best value: 0.802296:  92%|#########1| 11/12 [02:16<00:11, 11.13s/it]
[2025-11-19T20:40:48.726+0000] {logging_mixin.py:154} WARNING -                                                                                     
[2025-11-19T20:40:48.728+0000] {logging_mixin.py:154} WARNING - 
