[2025-11-19T14:35:42.309+0000] {logging_mixin.py:154} INFO - [I 2025-11-19 14:35:42,295] Trial 40 finished with value: 0.8012738853503185 and parameters: {'max_depth': 11, 'learning_rate': 0.08099598539151615, 'subsample': 0.9734910922844446, 'colsample_bytree': 0.6020512941564147, 'min_child_weight': 8, 'gamma': 0.686161359754098, 'n_estimators': 391}. Best is trial 22 with value: 0.8048315321042594.
[2025-11-19T14:35:42.312+0000] {logging_mixin.py:154} WARNING - Best trial: 22. Best value: 0.804832:  80%|########  | 40/50 [10:19<03:27, 20.78s/it]
[2025-11-19T14:35:42.314+0000] {logging_mixin.py:154} WARNING - Best trial: 22. Best value: 0.804832:  80%|########  | 40/50 [10:19<03:27, 20.78s/it]
[2025-11-19T14:35:42.315+0000] {logging_mixin.py:154} WARNING - Best trial: 22. Best value: 0.804832:  82%|########2 | 41/50 [10:19<02:38, 17.57s/it]
[2025-11-19T14:35:51.184+0000] {logging_mixin.py:154} WARNING -                                                                                      
[2025-11-19T14:35:51.186+0000] {logging_mixin.py:154} WARNING - 
[2025-11-19T14:35:51.186+0000] {logging_mixin.py:154} INFO - [I 2025-11-19 14:35:51,183] Trial 41 finished with value: 0.8040583386176284 and parameters: {'max_depth': 12, 'learning_rate': 0.048743238542306916, 'subsample': 0.9645148362039293, 'colsample_bytree': 0.5817595992958474, 'min_child_weight': 9, 'gamma': 1.4542812238641498, 'n_estimators': 345}. Best is trial 22 with value: 0.8048315321042594.
[2025-11-19T14:35:51.187+0000] {logging_mixin.py:154} WARNING - Best trial: 22. Best value: 0.804832:  82%|########2 | 41/50 [10:28<02:38, 17.57s/it]
[2025-11-19T14:35:51.188+0000] {logging_mixin.py:154} WARNING - Best trial: 22. Best value: 0.804832:  82%|########2 | 41/50 [10:28<02:38, 17.57s/it]
[2025-11-19T14:35:51.188+0000] {logging_mixin.py:154} WARNING - Best trial: 22. Best value: 0.804832:  84%|########4 | 42/50 [10:28<01:59, 14.96s/it]
[2025-11-19T14:36:00.769+0000] {logging_mixin.py:154} WARNING -                                                                                      
[2025-11-19T14:36:00.776+0000] {logging_mixin.py:154} WARNING - 
[2025-11-19T14:36:00.778+0000] {logging_mixin.py:154} INFO - [I 2025-11-19 14:36:00,766] Trial 42 finished with value: 0.8005082592121983 and parameters: {'max_depth': 12, 'learning_rate': 0.047085795936292356, 'subsample': 0.9647637315753956, 'colsample_bytree': 0.5522012577943192, 'min_child_weight': 10, 'gamma': 1.3586581093234438, 'n_estimators': 317}. Best is trial 22 with value: 0.8048315321042594.
[2025-11-19T14:36:00.779+0000] {logging_mixin.py:154} WARNING - Best trial: 22. Best value: 0.804832:  84%|########4 | 42/50 [10:38<01:59, 14.96s/it]
[2025-11-19T14:36:00.782+0000] {logging_mixin.py:154} WARNING - Best trial: 22. Best value: 0.804832:  84%|########4 | 42/50 [10:38<01:59, 14.96s/it]
[2025-11-19T14:36:00.783+0000] {logging_mixin.py:154} WARNING - Best trial: 22. Best value: 0.804832:  86%|########6 | 43/50 [10:38<01:33, 13.35s/it]
[2025-11-19T14:36:10.029+0000] {logging_mixin.py:154} WARNING -                                                                                      
[2025-11-19T14:36:10.033+0000] {logging_mixin.py:154} WARNING - 
[2025-11-19T14:36:10.034+0000] {logging_mixin.py:154} INFO - [I 2025-11-19 14:36:10,027] Trial 43 finished with value: 0.8017902813299232 and parameters: {'max_depth': 14, 'learning_rate': 0.05818845766266493, 'subsample': 0.9257265288933061, 'colsample_bytree': 0.5789600265995569, 'min_child_weight': 9, 'gamma': 1.0281641573269438, 'n_estimators': 413}. Best is trial 22 with value: 0.8048315321042594.
[2025-11-19T14:36:10.035+0000] {logging_mixin.py:154} WARNING - Best trial: 22. Best value: 0.804832:  86%|########6 | 43/50 [10:47<01:33, 13.35s/it]
[2025-11-19T14:36:10.035+0000] {logging_mixin.py:154} WARNING - Best trial: 22. Best value: 0.804832:  86%|########6 | 43/50 [10:47<01:33, 13.35s/it]
[2025-11-19T14:36:10.036+0000] {logging_mixin.py:154} WARNING - Best trial: 22. Best value: 0.804832:  88%|########8 | 44/50 [10:47<01:12, 12.12s/it]
[2025-11-19T14:36:23.956+0000] {logging_mixin.py:154} WARNING -                                                                                      
[2025-11-19T14:36:23.958+0000] {logging_mixin.py:154} WARNING - 
[2025-11-19T14:36:23.959+0000] {logging_mixin.py:154} INFO - [I 2025-11-19 14:36:23,955] Trial 44 finished with value: 0.8045685279187816 and parameters: {'max_depth': 9, 'learning_rate': 0.028932707342245487, 'subsample': 0.974943570005506, 'colsample_bytree': 0.5194841038205044, 'min_child_weight': 8, 'gamma': 0.6462687015500123, 'n_estimators': 278}. Best is trial 22 with value: 0.8048315321042594.
[2025-11-19T14:36:23.960+0000] {logging_mixin.py:154} WARNING - Best trial: 22. Best value: 0.804832:  88%|########8 | 44/50 [11:01<01:12, 12.12s/it]
[2025-11-19T14:36:23.961+0000] {logging_mixin.py:154} WARNING - Best trial: 22. Best value: 0.804832:  88%|########8 | 44/50 [11:01<01:12, 12.12s/it]
[2025-11-19T14:36:23.961+0000] {logging_mixin.py:154} WARNING - Best trial: 22. Best value: 0.804832:  90%|######### | 45/50 [11:01<01:03, 12.66s/it]
[2025-11-19T14:36:38.146+0000] {logging_mixin.py:154} WARNING -                                                                                      
[2025-11-19T14:36:38.148+0000] {logging_mixin.py:154} WARNING - 
[2025-11-19T14:36:38.148+0000] {logging_mixin.py:154} INFO - [I 2025-11-19 14:36:38,145] Trial 45 finished with value: 0.799240025332489 and parameters: {'max_depth': 9, 'learning_rate': 0.026863588714973546, 'subsample': 0.9860244033760543, 'colsample_bytree': 0.5233176666620485, 'min_child_weight': 7, 'gamma': 0.4557156003934788, 'n_estimators': 286}. Best is trial 22 with value: 0.8048315321042594.
[2025-11-19T14:36:38.149+0000] {logging_mixin.py:154} WARNING - Best trial: 22. Best value: 0.804832:  90%|######### | 45/50 [11:15<01:03, 12.66s/it]
[2025-11-19T14:36:38.149+0000] {logging_mixin.py:154} WARNING - Best trial: 22. Best value: 0.804832:  90%|######### | 45/50 [11:15<01:03, 12.66s/it]
[2025-11-19T14:36:38.150+0000] {logging_mixin.py:154} WARNING - Best trial: 22. Best value: 0.804832:  92%|#########2| 46/50 [11:15<00:52, 13.12s/it]
[2025-11-19T14:36:48.041+0000] {logging_mixin.py:154} WARNING -                                                                                      
[2025-11-19T14:36:48.043+0000] {logging_mixin.py:154} WARNING - 
[2025-11-19T14:36:48.044+0000] {logging_mixin.py:154} INFO - [I 2025-11-19 14:36:48,040] Trial 46 finished with value: 0.8010204081632654 and parameters: {'max_depth': 10, 'learning_rate': 0.03754551115039342, 'subsample': 0.9973408618733371, 'colsample_bytree': 0.5797344860819836, 'min_child_weight': 8, 'gamma': 0.6742688217617143, 'n_estimators': 225}. Best is trial 22 with value: 0.8048315321042594.
[2025-11-19T14:36:48.044+0000] {logging_mixin.py:154} WARNING - Best trial: 22. Best value: 0.804832:  92%|#########2| 46/50 [11:25<00:52, 13.12s/it]
[2025-11-19T14:36:48.045+0000] {logging_mixin.py:154} WARNING - Best trial: 22. Best value: 0.804832:  92%|#########2| 46/50 [11:25<00:52, 13.12s/it]
[2025-11-19T14:36:48.045+0000] {logging_mixin.py:154} WARNING - Best trial: 22. Best value: 0.804832:  94%|#########3| 47/50 [11:25<00:36, 12.15s/it]
[2025-11-19T14:37:05.426+0000] {logging_mixin.py:154} WARNING -                                                                                      
[2025-11-19T14:37:05.429+0000] {logging_mixin.py:154} WARNING - 
[2025-11-19T14:37:05.429+0000] {logging_mixin.py:154} INFO - [I 2025-11-19 14:37:05,424] Trial 47 finished with value: 0.8017789072426939 and parameters: {'max_depth': 13, 'learning_rate': 0.02976596457249386, 'subsample': 0.947257865606021, 'colsample_bytree': 0.5167665237972624, 'min_child_weight': 5, 'gamma': 0.26742623731616355, 'n_estimators': 265}. Best is trial 22 with value: 0.8048315321042594.
[2025-11-19T14:37:05.430+0000] {logging_mixin.py:154} WARNING - Best trial: 22. Best value: 0.804832:  94%|#########3| 47/50 [11:43<00:36, 12.15s/it]
[2025-11-19T14:37:05.431+0000] {logging_mixin.py:154} WARNING - Best trial: 22. Best value: 0.804832:  94%|#########3| 47/50 [11:43<00:36, 12.15s/it]
[2025-11-19T14:37:05.433+0000] {logging_mixin.py:154} WARNING - Best trial: 22. Best value: 0.804832:  96%|#########6| 48/50 [11:43<00:27, 13.72s/it]
[2025-11-19T14:37:16.369+0000] {logging_mixin.py:154} WARNING -                                                                                      
[2025-11-19T14:37:16.371+0000] {logging_mixin.py:154} WARNING - 
[2025-11-19T14:37:16.371+0000] {logging_mixin.py:154} INFO - [I 2025-11-19 14:37:16,368] Trial 48 finished with value: 0.8055731475617479 and parameters: {'max_depth': 11, 'learning_rate': 0.020406225242038018, 'subsample': 0.9719203445724947, 'colsample_bytree': 0.6860304875117555, 'min_child_weight': 7, 'gamma': 0.23091753723281427, 'n_estimators': 162}. Best is trial 48 with value: 0.8055731475617479.
[2025-11-19T14:37:16.371+0000] {logging_mixin.py:154} WARNING - Best trial: 22. Best value: 0.804832:  96%|#########6| 48/50 [11:53<00:27, 13.72s/it]
[2025-11-19T14:37:16.372+0000] {logging_mixin.py:154} WARNING - Best trial: 48. Best value: 0.805573:  96%|#########6| 48/50 [11:53<00:27, 13.72s/it]
[2025-11-19T14:37:16.372+0000] {logging_mixin.py:154} WARNING - Best trial: 48. Best value: 0.805573:  98%|#########8| 49/50 [11:53<00:12, 12.89s/it]
[2025-11-19T14:37:35.365+0000] {logging_mixin.py:154} WARNING -                                                                                      
[2025-11-19T14:37:35.367+0000] {logging_mixin.py:154} WARNING - 
