[2025-11-19T14:30:59.648+0000] {logging_mixin.py:154} INFO - [I 2025-11-19 14:30:59,598] Trial 20 finished with value: 0.7873303167420814 and parameters: {'max_depth': 12, 'learning_rate': 0.0358949844934207, 'subsample': 0.8200300495029408, 'colsample_bytree': 0.6994307568140108, 'min_child_weight': 6, 'gamma': 0.4883783734495456, 'n_estimators': 490}. Best is trial 16 with value: 0.8038216560509555.
[2025-11-19T14:30:59.661+0000] {logging_mixin.py:154} WARNING - Best trial: 16. Best value: 0.803822:  40%|####      | 20/50 [05:37<10:00, 20.02s/it]
[2025-11-19T14:30:59.681+0000] {logging_mixin.py:154} WARNING - Best trial: 16. Best value: 0.803822:  40%|####      | 20/50 [05:37<10:00, 20.02s/it]
[2025-11-19T14:30:59.688+0000] {logging_mixin.py:154} WARNING - Best trial: 16. Best value: 0.803822:  42%|####2     | 21/50 [05:37<13:56, 28.84s/it]
[2025-11-19T14:31:26.503+0000] {logging_mixin.py:154} WARNING -                                                                                      
[2025-11-19T14:31:26.506+0000] {logging_mixin.py:154} WARNING - 
[2025-11-19T14:31:26.506+0000] {logging_mixin.py:154} INFO - [I 2025-11-19 14:31:26,501] Trial 21 finished with value: 0.8028259473346179 and parameters: {'max_depth': 9, 'learning_rate': 0.043066667651212115, 'subsample': 0.942305739419524, 'colsample_bytree': 0.5573194938641721, 'min_child_weight': 8, 'gamma': 0.45377261503000543, 'n_estimators': 369}. Best is trial 16 with value: 0.8038216560509555.
[2025-11-19T14:31:26.506+0000] {logging_mixin.py:154} WARNING - Best trial: 16. Best value: 0.803822:  42%|####2     | 21/50 [06:04<13:56, 28.84s/it]
[2025-11-19T14:31:26.507+0000] {logging_mixin.py:154} WARNING - Best trial: 16. Best value: 0.803822:  42%|####2     | 21/50 [06:04<13:56, 28.84s/it]
[2025-11-19T14:31:26.507+0000] {logging_mixin.py:154} WARNING - Best trial: 16. Best value: 0.803822:  44%|####4     | 22/50 [06:04<13:10, 28.23s/it]
[2025-11-19T14:31:37.432+0000] {logging_mixin.py:154} WARNING -                                                                                      
[2025-11-19T14:31:37.439+0000] {logging_mixin.py:154} WARNING - 
[2025-11-19T14:31:37.439+0000] {logging_mixin.py:154} INFO - [I 2025-11-19 14:31:37,431] Trial 22 finished with value: 0.8048315321042594 and parameters: {'max_depth': 8, 'learning_rate': 0.040359456141514524, 'subsample': 0.9206263246539035, 'colsample_bytree': 0.5449522872486244, 'min_child_weight': 8, 'gamma': 0.751691444508812, 'n_estimators': 332}. Best is trial 22 with value: 0.8048315321042594.
[2025-11-19T14:31:37.440+0000] {logging_mixin.py:154} WARNING - Best trial: 16. Best value: 0.803822:  44%|####4     | 22/50 [06:15<13:10, 28.23s/it]
[2025-11-19T14:31:37.441+0000] {logging_mixin.py:154} WARNING - Best trial: 22. Best value: 0.804832:  44%|####4     | 22/50 [06:15<13:10, 28.23s/it]
[2025-11-19T14:31:37.442+0000] {logging_mixin.py:154} WARNING - Best trial: 22. Best value: 0.804832:  46%|####6     | 23/50 [06:15<10:22, 23.04s/it]
[2025-11-19T14:31:48.852+0000] {logging_mixin.py:154} WARNING -                                                                                      
[2025-11-19T14:31:48.854+0000] {logging_mixin.py:154} WARNING - 
[2025-11-19T14:31:48.855+0000] {logging_mixin.py:154} INFO - [I 2025-11-19 14:31:48,851] Trial 23 finished with value: 0.8010236724248241 and parameters: {'max_depth': 10, 'learning_rate': 0.043176737971360485, 'subsample': 0.9402135174480031, 'colsample_bytree': 0.5635029394703334, 'min_child_weight': 8, 'gamma': 0.8008407117565207, 'n_estimators': 333}. Best is trial 22 with value: 0.8048315321042594.
[2025-11-19T14:31:48.855+0000] {logging_mixin.py:154} WARNING - Best trial: 22. Best value: 0.804832:  46%|####6     | 23/50 [06:26<10:22, 23.04s/it]
[2025-11-19T14:31:48.856+0000] {logging_mixin.py:154} WARNING - Best trial: 22. Best value: 0.804832:  46%|####6     | 23/50 [06:26<10:22, 23.04s/it]
[2025-11-19T14:31:48.857+0000] {logging_mixin.py:154} WARNING - Best trial: 22. Best value: 0.804832:  48%|####8     | 24/50 [06:26<08:28, 19.55s/it]
[2025-11-19T14:32:01.363+0000] {logging_mixin.py:154} WARNING -                                                                                      
[2025-11-19T14:32:01.367+0000] {logging_mixin.py:154} WARNING - 
[2025-11-19T14:32:01.368+0000] {logging_mixin.py:154} INFO - [I 2025-11-19 14:32:01,360] Trial 24 finished with value: 0.8005050505050506 and parameters: {'max_depth': 8, 'learning_rate': 0.04052336378781284, 'subsample': 0.8950886266563672, 'colsample_bytree': 0.622883635063563, 'min_child_weight': 6, 'gamma': 1.3557877526082447, 'n_estimators': 335}. Best is trial 22 with value: 0.8048315321042594.
[2025-11-19T14:32:01.369+0000] {logging_mixin.py:154} WARNING - Best trial: 22. Best value: 0.804832:  48%|####8     | 24/50 [06:38<08:28, 19.55s/it]
[2025-11-19T14:32:01.369+0000] {logging_mixin.py:154} WARNING - Best trial: 22. Best value: 0.804832:  48%|####8     | 24/50 [06:38<08:28, 19.55s/it]
[2025-11-19T14:32:01.370+0000] {logging_mixin.py:154} WARNING - Best trial: 22. Best value: 0.804832:  50%|#####     | 25/50 [06:38<07:16, 17.44s/it]
[2025-11-19T14:32:15.409+0000] {logging_mixin.py:154} WARNING -                                                                                      
[2025-11-19T14:32:15.411+0000] {logging_mixin.py:154} WARNING - 
[2025-11-19T14:32:15.411+0000] {logging_mixin.py:154} INFO - [I 2025-11-19 14:32:15,407] Trial 25 finished with value: 0.8010171646535283 and parameters: {'max_depth': 11, 'learning_rate': 0.06035179465852513, 'subsample': 0.9442202267644441, 'colsample_bytree': 0.542237414363943, 'min_child_weight': 8, 'gamma': 0.5984622313098522, 'n_estimators': 244}. Best is trial 22 with value: 0.8048315321042594.
[2025-11-19T14:32:15.412+0000] {logging_mixin.py:154} WARNING - Best trial: 22. Best value: 0.804832:  50%|#####     | 25/50 [06:52<07:16, 17.44s/it]
[2025-11-19T14:32:15.412+0000] {logging_mixin.py:154} WARNING - Best trial: 22. Best value: 0.804832:  50%|#####     | 25/50 [06:52<07:16, 17.44s/it]
[2025-11-19T14:32:15.413+0000] {logging_mixin.py:154} WARNING - Best trial: 22. Best value: 0.804832:  52%|#####2    | 26/50 [06:52<06:34, 16.42s/it]
[2025-11-19T14:32:36.890+0000] {logging_mixin.py:154} WARNING -                                                                                      
[2025-11-19T14:32:36.894+0000] {logging_mixin.py:154} WARNING - 
[2025-11-19T14:32:36.895+0000] {logging_mixin.py:154} INFO - [I 2025-11-19 14:32:36,879] Trial 26 finished with value: 0.8038216560509555 and parameters: {'max_depth': 8, 'learning_rate': 0.06641911495783007, 'subsample': 0.8839869250575327, 'colsample_bytree': 0.5405632146491376, 'min_child_weight': 9, 'gamma': 0.96644750440953, 'n_estimators': 386}. Best is trial 22 with value: 0.8048315321042594.
[2025-11-19T14:32:36.895+0000] {logging_mixin.py:154} WARNING - Best trial: 22. Best value: 0.804832:  52%|#####2    | 26/50 [07:14<06:34, 16.42s/it]
[2025-11-19T14:32:36.896+0000] {logging_mixin.py:154} WARNING - Best trial: 22. Best value: 0.804832:  52%|#####2    | 26/50 [07:14<06:34, 16.42s/it]
[2025-11-19T14:32:36.897+0000] {logging_mixin.py:154} WARNING - Best trial: 22. Best value: 0.804832:  54%|#####4    | 27/50 [07:14<06:52, 17.94s/it]
[2025-11-19T14:32:44.916+0000] {logging_mixin.py:154} WARNING -                                                                                      
[2025-11-19T14:32:44.917+0000] {logging_mixin.py:154} WARNING - 
[2025-11-19T14:32:44.918+0000] {logging_mixin.py:154} INFO - [I 2025-11-19 14:32:44,914] Trial 27 finished with value: 0.7989789406509253 and parameters: {'max_depth': 6, 'learning_rate': 0.1136332963446731, 'subsample': 0.8793125810669065, 'colsample_bytree': 0.6063265876537156, 'min_child_weight': 10, 'gamma': 1.106370658196623, 'n_estimators': 400}. Best is trial 22 with value: 0.8048315321042594.
[2025-11-19T14:32:44.918+0000] {logging_mixin.py:154} WARNING - Best trial: 22. Best value: 0.804832:  54%|#####4    | 27/50 [07:22<06:52, 17.94s/it]
[2025-11-19T14:32:44.919+0000] {logging_mixin.py:154} WARNING - Best trial: 22. Best value: 0.804832:  54%|#####4    | 27/50 [07:22<06:52, 17.94s/it]
[2025-11-19T14:32:44.919+0000] {logging_mixin.py:154} WARNING - Best trial: 22. Best value: 0.804832:  56%|#####6    | 28/50 [07:22<05:29, 14.96s/it]
[2025-11-19T14:32:54.707+0000] {logging_mixin.py:154} WARNING -                                                                                      
[2025-11-19T14:32:54.712+0000] {logging_mixin.py:154} WARNING - 
[2025-11-19T14:32:54.713+0000] {logging_mixin.py:154} INFO - [I 2025-11-19 14:32:54,704] Trial 28 finished with value: 0.8017789072426939 and parameters: {'max_depth': 8, 'learning_rate': 0.062202686494132194, 'subsample': 0.8479600221200122, 'colsample_bytree': 0.5451856668789216, 'min_child_weight': 9, 'gamma': 1.590084338858835, 'n_estimators': 452}. Best is trial 22 with value: 0.8048315321042594.
[2025-11-19T14:32:54.713+0000] {logging_mixin.py:154} WARNING - Best trial: 22. Best value: 0.804832:  56%|#####6    | 28/50 [07:32<05:29, 14.96s/it]
[2025-11-19T14:32:54.714+0000] {logging_mixin.py:154} WARNING - Best trial: 22. Best value: 0.804832:  56%|#####6    | 28/50 [07:32<05:29, 14.96s/it]
[2025-11-19T14:32:54.714+0000] {logging_mixin.py:154} WARNING - Best trial: 22. Best value: 0.804832:  58%|#####8    | 29/50 [07:32<04:41, 13.41s/it]
[2025-11-19T14:33:02.919+0000] {logging_mixin.py:154} WARNING -                                                                                      
[2025-11-19T14:33:02.921+0000] {logging_mixin.py:154} WARNING - 
[2025-11-19T14:33:02.921+0000] {logging_mixin.py:154} INFO - [I 2025-11-19 14:33:02,914] Trial 29 finished with value: 0.7938540332906531 and parameters: {'max_depth': 6, 'learning_rate': 0.11278320621021909, 'subsample': 0.8539190926713088, 'colsample_bytree': 0.6251406276829713, 'min_child_weight': 2, 'gamma': 0.8678364830754688, 'n_estimators': 312}. Best is trial 22 with value: 0.8048315321042594.
[2025-11-19T14:33:02.922+0000] {logging_mixin.py:154} WARNING - Best trial: 22. Best value: 0.804832:  58%|#####8    | 29/50 [07:40<04:41, 13.41s/it]
[2025-11-19T14:33:02.923+0000] {logging_mixin.py:154} WARNING - Best trial: 22. Best value: 0.804832:  58%|#####8    | 29/50 [07:40<04:41, 13.41s/it]
[2025-11-19T14:33:02.924+0000] {logging_mixin.py:154} WARNING - Best trial: 22. Best value: 0.804832:  60%|######    | 30/50 [07:40<03:57, 11.85s/it]
[2025-11-19T14:33:06.724+0000] {logging_mixin.py:154} WARNING -                                                                                      
[2025-11-19T14:33:06.731+0000] {logging_mixin.py:154} WARNING - 
[2025-11-19T14:33:06.732+0000] {logging_mixin.py:154} INFO - [I 2025-11-19 14:33:06,720] Trial 30 finished with value: 0.7954545454545455 and parameters: {'max_depth': 11, 'learning_rate': 0.07197374060104014, 'subsample': 0.9106049299724355, 'colsample_bytree': 0.5404601292621971, 'min_child_weight': 6, 'gamma': 1.1200822264589694, 'n_estimators': 59}. Best is trial 22 with value: 0.8048315321042594.
[2025-11-19T14:33:06.733+0000] {logging_mixin.py:154} WARNING - Best trial: 22. Best value: 0.804832:  60%|######    | 30/50 [07:44<03:57, 11.85s/it]
[2025-11-19T14:33:06.734+0000] {logging_mixin.py:154} WARNING - Best trial: 22. Best value: 0.804832:  60%|######    | 30/50 [07:44<03:57, 11.85s/it]
[2025-11-19T14:33:06.734+0000] {logging_mixin.py:154} WARNING - Best trial: 22. Best value: 0.804832:  62%|######2   | 31/50 [07:44<02:59,  9.44s/it]
[2025-11-19T14:33:18.975+0000] {logging_mixin.py:154} WARNING -                                                                                      
[2025-11-19T14:33:18.979+0000] {logging_mixin.py:154} WARNING - 
[2025-11-19T14:33:18.980+0000] {logging_mixin.py:154} INFO - [I 2025-11-19 14:33:18,972] Trial 31 finished with value: 0.802555910543131 and parameters: {'max_depth': 9, 'learning_rate': 0.04470991201200388, 'subsample': 0.9611518756711329, 'colsample_bytree': 0.5330125477464511, 'min_child_weight': 8, 'gamma': 0.49950387226746695, 'n_estimators': 356}. Best is trial 22 with value: 0.8048315321042594.
[2025-11-19T14:33:18.981+0000] {logging_mixin.py:154} WARNING - Best trial: 22. Best value: 0.804832:  62%|######2   | 31/50 [07:56<02:59,  9.44s/it]
[2025-11-19T14:33:18.982+0000] {logging_mixin.py:154} WARNING - Best trial: 22. Best value: 0.804832:  62%|######2   | 31/50 [07:56<02:59,  9.44s/it]
[2025-11-19T14:33:18.986+0000] {logging_mixin.py:154} WARNING - Best trial: 22. Best value: 0.804832:  64%|######4   | 32/50 [07:56<03:05, 10.28s/it]
[2025-11-19T14:33:43.947+0000] {logging_mixin.py:154} WARNING -                                                                                      
[2025-11-19T14:33:43.951+0000] {logging_mixin.py:154} WARNING - 
[2025-11-19T14:33:43.952+0000] {logging_mixin.py:154} INFO - [I 2025-11-19 14:33:43,940] Trial 32 finished with value: 0.8040842373962986 and parameters: {'max_depth': 10, 'learning_rate': 0.035080146031608174, 'subsample': 0.9078738412955842, 'colsample_bytree': 0.5295716509674251, 'min_child_weight': 10, 'gamma': 0.700320602086383, 'n_estimators': 390}. Best is trial 22 with value: 0.8048315321042594.
[2025-11-19T14:33:43.952+0000] {logging_mixin.py:154} WARNING - Best trial: 22. Best value: 0.804832:  64%|######4   | 32/50 [08:21<03:05, 10.28s/it]
[2025-11-19T14:33:43.955+0000] {logging_mixin.py:154} WARNING - Best trial: 22. Best value: 0.804832:  64%|######4   | 32/50 [08:21<03:05, 10.28s/it]
[2025-11-19T14:33:43.956+0000] {logging_mixin.py:154} WARNING - Best trial: 22. Best value: 0.804832:  66%|######6   | 33/50 [08:21<04:09, 14.69s/it]
[2025-11-19T14:33:53.179+0000] {logging_mixin.py:154} WARNING -                                                                                      
[2025-11-19T14:33:53.182+0000] {logging_mixin.py:154} WARNING - 
[2025-11-19T14:33:53.182+0000] {logging_mixin.py:154} INFO - [I 2025-11-19 14:33:53,178] Trial 33 finished with value: 0.7949367088607594 and parameters: {'max_depth': 13, 'learning_rate': 0.03365584134447541, 'subsample': 0.8863815502354104, 'colsample_bytree': 0.5346384279790634, 'min_child_weight': 10, 'gamma': 0.7109318201925684, 'n_estimators': 110}. Best is trial 22 with value: 0.8048315321042594.
[2025-11-19T14:33:53.183+0000] {logging_mixin.py:154} WARNING - Best trial: 22. Best value: 0.804832:  66%|######6   | 33/50 [08:30<04:09, 14.69s/it]
[2025-11-19T14:33:53.183+0000] {logging_mixin.py:154} WARNING - Best trial: 22. Best value: 0.804832:  66%|######6   | 33/50 [08:30<04:09, 14.69s/it]
[2025-11-19T14:33:53.183+0000] {logging_mixin.py:154} WARNING - Best trial: 22. Best value: 0.804832:  68%|######8   | 34/50 [08:30<03:28, 13.05s/it]
[2025-11-19T14:34:05.164+0000] {logging_mixin.py:154} WARNING -                                                                                      
[2025-11-19T14:34:05.167+0000] {logging_mixin.py:154} WARNING - 
[2025-11-19T14:34:05.167+0000] {logging_mixin.py:154} INFO - [I 2025-11-19 14:34:05,160] Trial 34 finished with value: 0.800763844684914 and parameters: {'max_depth': 10, 'learning_rate': 0.031233840061987688, 'subsample': 0.9077871074541212, 'colsample_bytree': 0.6072000604491916, 'min_child_weight': 10, 'gamma': 1.2765560681622463, 'n_estimators': 399}. Best is trial 22 with value: 0.8048315321042594.
[2025-11-19T14:34:05.168+0000] {logging_mixin.py:154} WARNING - Best trial: 22. Best value: 0.804832:  68%|######8   | 34/50 [08:42<03:28, 13.05s/it]
[2025-11-19T14:34:05.169+0000] {logging_mixin.py:154} WARNING - Best trial: 22. Best value: 0.804832:  68%|######8   | 34/50 [08:42<03:28, 13.05s/it]
[2025-11-19T14:34:05.170+0000] {logging_mixin.py:154} WARNING - Best trial: 22. Best value: 0.804832:  70%|#######   | 35/50 [08:42<03:10, 12.73s/it]
[2025-11-19T14:34:21.810+0000] {logging_mixin.py:154} WARNING -                                                                                      
[2025-11-19T14:34:21.812+0000] {logging_mixin.py:154} WARNING - 
[2025-11-19T14:34:21.813+0000] {logging_mixin.py:154} INFO - [I 2025-11-19 14:34:21,807] Trial 35 finished with value: 0.8025396825396826 and parameters: {'max_depth': 8, 'learning_rate': 0.0243750240698489, 'subsample': 0.8618900172850131, 'colsample_bytree': 0.5262693571053811, 'min_child_weight': 9, 'gamma': 0.9077645066065023, 'n_estimators': 425}. Best is trial 22 with value: 0.8048315321042594.
[2025-11-19T14:34:21.813+0000] {logging_mixin.py:154} WARNING - Best trial: 22. Best value: 0.804832:  70%|#######   | 35/50 [08:59<03:10, 12.73s/it]
[2025-11-19T14:34:21.814+0000] {logging_mixin.py:154} WARNING - Best trial: 22. Best value: 0.804832:  70%|#######   | 35/50 [08:59<03:10, 12.73s/it]
[2025-11-19T14:34:21.814+0000] {logging_mixin.py:154} WARNING - Best trial: 22. Best value: 0.804832:  72%|#######2  | 36/50 [08:59<03:14, 13.91s/it]
[2025-11-19T14:34:29.658+0000] {logging_mixin.py:154} WARNING -                                                                                      
[2025-11-19T14:34:29.660+0000] {logging_mixin.py:154} WARNING - 
[2025-11-19T14:34:29.660+0000] {logging_mixin.py:154} INFO - [I 2025-11-19 14:34:29,656] Trial 36 finished with value: 0.8030495552731892 and parameters: {'max_depth': 12, 'learning_rate': 0.05087654486381147, 'subsample': 0.9597977223447891, 'colsample_bytree': 0.5808054012550603, 'min_child_weight': 9, 'gamma': 1.5614294039307972, 'n_estimators': 345}. Best is trial 22 with value: 0.8048315321042594.
[2025-11-19T14:34:29.661+0000] {logging_mixin.py:154} WARNING - Best trial: 22. Best value: 0.804832:  72%|#######2  | 36/50 [09:07<03:14, 13.91s/it]
[2025-11-19T14:34:29.662+0000] {logging_mixin.py:154} WARNING - Best trial: 22. Best value: 0.804832:  72%|#######2  | 36/50 [09:07<03:14, 13.91s/it]
[2025-11-19T14:34:29.663+0000] {logging_mixin.py:154} WARNING - Best trial: 22. Best value: 0.804832:  74%|#######4  | 37/50 [09:07<02:37, 12.09s/it]
[2025-11-19T14:34:38.364+0000] {logging_mixin.py:154} WARNING -                                                                                      
[2025-11-19T14:34:38.366+0000] {logging_mixin.py:154} WARNING - 
[2025-11-19T14:34:38.367+0000] {logging_mixin.py:154} INFO - [I 2025-11-19 14:34:38,363] Trial 37 finished with value: 0.7999999999999999 and parameters: {'max_depth': 6, 'learning_rate': 0.035641301817162074, 'subsample': 0.8667301202674141, 'colsample_bytree': 0.5208634342939849, 'min_child_weight': 10, 'gamma': 0.33467358795985264, 'n_estimators': 258}. Best is trial 22 with value: 0.8048315321042594.
[2025-11-19T14:34:38.367+0000] {logging_mixin.py:154} WARNING - Best trial: 22. Best value: 0.804832:  74%|#######4  | 37/50 [09:15<02:37, 12.09s/it]
[2025-11-19T14:34:38.369+0000] {logging_mixin.py:154} WARNING - Best trial: 22. Best value: 0.804832:  74%|#######4  | 37/50 [09:15<02:37, 12.09s/it]
[2025-11-19T14:34:38.369+0000] {logging_mixin.py:154} WARNING - Best trial: 22. Best value: 0.804832:  76%|#######6  | 38/50 [09:15<02:12, 11.07s/it]
[2025-11-19T14:34:47.363+0000] {logging_mixin.py:154} WARNING -                                                                                      
[2025-11-19T14:34:47.365+0000] {logging_mixin.py:154} WARNING - 
[2025-11-19T14:34:47.365+0000] {logging_mixin.py:154} INFO - [I 2025-11-19 14:34:47,361] Trial 38 finished with value: 0.8017902813299232 and parameters: {'max_depth': 10, 'learning_rate': 0.06577035992004197, 'subsample': 0.9159129388868827, 'colsample_bytree': 0.5674178589293486, 'min_child_weight': 9, 'gamma': 1.0029814107530692, 'n_estimators': 305}. Best is trial 22 with value: 0.8048315321042594.
[2025-11-19T14:34:47.366+0000] {logging_mixin.py:154} WARNING - Best trial: 22. Best value: 0.804832:  76%|#######6  | 38/50 [09:24<02:12, 11.07s/it]
[2025-11-19T14:34:47.366+0000] {logging_mixin.py:154} WARNING - Best trial: 22. Best value: 0.804832:  76%|#######6  | 38/50 [09:24<02:12, 11.07s/it]
[2025-11-19T14:34:47.367+0000] {logging_mixin.py:154} WARNING - Best trial: 22. Best value: 0.804832:  78%|#######8  | 39/50 [09:24<01:54, 10.45s/it]
[2025-11-19T14:35:32.225+0000] {logging_mixin.py:154} WARNING -                                                                                      
[2025-11-19T14:35:32.229+0000] {logging_mixin.py:154} WARNING - 
[2025-11-19T14:35:32.230+0000] {logging_mixin.py:154} INFO - [I 2025-11-19 14:35:32,221] Trial 39 finished with value: 0.7956298200514139 and parameters: {'max_depth': 13, 'learning_rate': 0.024149736099319453, 'subsample': 0.8896184945479425, 'colsample_bytree': 0.5009564238804844, 'min_child_weight': 4, 'gamma': 0.01328273621531495, 'n_estimators': 466}. Best is trial 22 with value: 0.8048315321042594.
[2025-11-19T14:35:32.230+0000] {logging_mixin.py:154} WARNING - Best trial: 22. Best value: 0.804832:  78%|#######8  | 39/50 [10:09<01:54, 10.45s/it]
[2025-11-19T14:35:32.231+0000] {logging_mixin.py:154} WARNING - Best trial: 22. Best value: 0.804832:  78%|#######8  | 39/50 [10:09<01:54, 10.45s/it]
[2025-11-19T14:35:32.232+0000] {logging_mixin.py:154} WARNING - Best trial: 22. Best value: 0.804832:  80%|########  | 40/50 [10:09<03:27, 20.78s/it]
[2025-11-19T14:35:42.299+0000] {logging_mixin.py:154} WARNING -                                                                                      
[2025-11-19T14:35:42.308+0000] {logging_mixin.py:154} WARNING - 
