[2025-12-05T03:27:40.402+0000] {logging_mixin.py:154} INFO - [I 2025-12-05 03:27:40,401] Trial 49 finished with value: 0.7907416154936231 and parameters: {'max_depth': 7, 'learning_rate': 0.09871252031471883, 'subsample': 0.5481640263806078, 'colsample_bytree': 0.7031089219108861, 'min_child_weight': 2, 'gamma': 2.369579552803132, 'n_estimators': 230}. Best is trial 22 with value: 0.799623706491063.
[2025-12-05T03:27:40.402+0000] {logging_mixin.py:154} WARNING - Best trial: 22. Best value: 0.799624:  98%|#########8| 49/50 [00:12<00:00,  4.71it/s, 12.33/60 seconds]
[2025-12-05T03:27:40.402+0000] {logging_mixin.py:154} WARNING - Best trial: 22. Best value: 0.799624:  98%|#########8| 49/50 [00:12<00:00,  4.71it/s, 12.33/60 seconds]
[2025-12-05T03:27:40.402+0000] {logging_mixin.py:154} WARNING - Best trial: 22. Best value: 0.799624: 100%|##########| 50/50 [00:12<00:00,  5.24it/s, 12.33/60 seconds]
[2025-12-05T03:27:40.402+0000] {logging_mixin.py:154} WARNING - Best trial: 22. Best value: 0.799624: 100%|##########| 50/50 [00:12<00:00,  5.24it/s, 12.47/60 seconds]
[2025-12-05T03:27:40.402+0000] {logging_mixin.py:154} WARNING - Best trial: 22. Best value: 0.799624: 100%|##########| 50/50 [00:12<00:00,  4.01it/s, 12.47/60 seconds]
[2025-12-05T03:27:40.405+0000] {model_training.py:121} INFO - ✅ Optimización completada: 50 trials en 60s
[2025-12-05T03:27:40.405+0000] {model_training.py:122} INFO - ✅ Mejor F1-Score (validación): 0.7996
[2025-12-05T03:27:40.406+0000] {model_training.py:123} INFO - 📊 Mejores hiperparámetros encontrados:
[2025-12-05T03:27:40.406+0000] {model_training.py:125} INFO -    - max_depth: 10
[2025-12-05T03:27:40.406+0000] {model_training.py:125} INFO -    - learning_rate: 0.2888017200701533
[2025-12-05T03:27:40.406+0000] {model_training.py:125} INFO -    - subsample: 0.6607022444591759
[2025-12-05T03:27:40.406+0000] {model_training.py:125} INFO -    - colsample_bytree: 0.7537707692121094
[2025-12-05T03:27:40.406+0000] {model_training.py:125} INFO -    - min_child_weight: 2
[2025-12-05T03:27:40.406+0000] {model_training.py:125} INFO -    - gamma: 3.7461700799634294
[2025-12-05T03:27:40.406+0000] {model_training.py:125} INFO -    - n_estimators: 320
[2025-12-05T03:27:40.406+0000] {model_training.py:142} INFO - 📊 Generando gráficos de optimización de Optuna...
[2025-12-05T03:27:40.794+0000] {model_training.py:179} INFO -    ✓ Gráfico de importancia guardado: /opt/***/diagrams/hyperparameter_importance.png
[2025-12-05T03:27:40.993+0000] {model_training.py:239} INFO -    ✓ Gráfico de optimization history guardado: /opt/***/diagrams/optimization_history.png
[2025-12-05T03:27:40.994+0000] {model_training.py:253} INFO - ✅ Gráficos de Optuna generados exitosamente
[2025-12-05T03:27:41.000+0000] {model_training.py:506} INFO - 🎯 Entrenando modelo final con mejores hiperparámetros...
[2025-12-05T03:27:41.056+0000] {logging_mixin.py:154} INFO - [0]	validation_0-logloss:0.62502	validation_1-logloss:0.63070	validation_2-logloss:0.62925
[2025-12-05T03:27:41.059+0000] {logging_mixin.py:154} INFO - [1]	validation_0-logloss:0.56305	validation_1-logloss:0.57310	validation_2-logloss:0.56839
[2025-12-05T03:27:41.060+0000] {logging_mixin.py:154} INFO - [2]	validation_0-logloss:0.55126	validation_1-logloss:0.56592	validation_2-logloss:0.55921
[2025-12-05T03:27:41.063+0000] {logging_mixin.py:154} INFO - [3]	validation_0-logloss:0.52985	validation_1-logloss:0.54702	validation_2-logloss:0.53684
[2025-12-05T03:27:41.064+0000] {logging_mixin.py:154} INFO - [4]	validation_0-logloss:0.52001	validation_1-logloss:0.53764	validation_2-logloss:0.52653
[2025-12-05T03:27:41.069+0000] {logging_mixin.py:154} INFO - [5]	validation_0-logloss:0.51298	validation_1-logloss:0.53052	validation_2-logloss:0.51887
[2025-12-05T03:27:41.075+0000] {logging_mixin.py:154} INFO - [6]	validation_0-logloss:0.49914	validation_1-logloss:0.51802	validation_2-logloss:0.50708
[2025-12-05T03:27:41.078+0000] {logging_mixin.py:154} INFO - [7]	validation_0-logloss:0.48860	validation_1-logloss:0.51119	validation_2-logloss:0.49806
[2025-12-05T03:27:41.079+0000] {logging_mixin.py:154} INFO - [8]	validation_0-logloss:0.48503	validation_1-logloss:0.50768	validation_2-logloss:0.49446
[2025-12-05T03:27:41.080+0000] {logging_mixin.py:154} INFO - [9]	validation_0-logloss:0.47777	validation_1-logloss:0.50100	validation_2-logloss:0.48795
[2025-12-05T03:27:41.081+0000] {logging_mixin.py:154} INFO - [10]	validation_0-logloss:0.47198	validation_1-logloss:0.49823	validation_2-logloss:0.48195
[2025-12-05T03:27:41.082+0000] {logging_mixin.py:154} INFO - [11]	validation_0-logloss:0.46991	validation_1-logloss:0.49682	validation_2-logloss:0.48008
[2025-12-05T03:27:41.083+0000] {logging_mixin.py:154} INFO - [12]	validation_0-logloss:0.46911	validation_1-logloss:0.49691	validation_2-logloss:0.47902
[2025-12-05T03:27:41.084+0000] {logging_mixin.py:154} INFO - [13]	validation_0-logloss:0.46730	validation_1-logloss:0.49596	validation_2-logloss:0.47735
[2025-12-05T03:27:41.085+0000] {logging_mixin.py:154} INFO - [14]	validation_0-logloss:0.46713	validation_1-logloss:0.49641	validation_2-logloss:0.47719
[2025-12-05T03:27:41.086+0000] {logging_mixin.py:154} INFO - [15]	validation_0-logloss:0.46712	validation_1-logloss:0.49637	validation_2-logloss:0.47714
[2025-12-05T03:27:41.086+0000] {logging_mixin.py:154} INFO - [16]	validation_0-logloss:0.46534	validation_1-logloss:0.49642	validation_2-logloss:0.47679
[2025-12-05T03:27:41.087+0000] {logging_mixin.py:154} INFO - [17]	validation_0-logloss:0.46534	validation_1-logloss:0.49641	validation_2-logloss:0.47678
[2025-12-05T03:27:41.088+0000] {logging_mixin.py:154} INFO - [18]	validation_0-logloss:0.46449	validation_1-logloss:0.49582	validation_2-logloss:0.47696
[2025-12-05T03:27:41.089+0000] {logging_mixin.py:154} INFO - [19]	validation_0-logloss:0.46450	validation_1-logloss:0.49580	validation_2-logloss:0.47695
[2025-12-05T03:27:41.089+0000] {logging_mixin.py:154} INFO - [20]	validation_0-logloss:0.46454	validation_1-logloss:0.49580	validation_2-logloss:0.47695
[2025-12-05T03:27:41.090+0000] {logging_mixin.py:154} INFO - [21]	validation_0-logloss:0.46450	validation_1-logloss:0.49580	validation_2-logloss:0.47695
[2025-12-05T03:27:41.092+0000] {logging_mixin.py:154} INFO - [22]	validation_0-logloss:0.46449	validation_1-logloss:0.49582	validation_2-logloss:0.47697
[2025-12-05T03:27:41.094+0000] {logging_mixin.py:154} INFO - [23]	validation_0-logloss:0.46434	validation_1-logloss:0.49588	validation_2-logloss:0.47673
[2025-12-05T03:27:41.095+0000] {logging_mixin.py:154} INFO - [24]	validation_0-logloss:0.46433	validation_1-logloss:0.49586	validation_2-logloss:0.47671
[2025-12-05T03:27:41.096+0000] {logging_mixin.py:154} INFO - [25]	validation_0-logloss:0.46423	validation_1-logloss:0.49585	validation_2-logloss:0.47675
[2025-12-05T03:27:41.097+0000] {logging_mixin.py:154} INFO - [26]	validation_0-logloss:0.46423	validation_1-logloss:0.49584	validation_2-logloss:0.47675
[2025-12-05T03:27:41.098+0000] {logging_mixin.py:154} INFO - [27]	validation_0-logloss:0.46144	validation_1-logloss:0.49452	validation_2-logloss:0.47750
[2025-12-05T03:27:41.099+0000] {logging_mixin.py:154} INFO - [28]	validation_0-logloss:0.46001	validation_1-logloss:0.49434	validation_2-logloss:0.47780
[2025-12-05T03:27:41.100+0000] {logging_mixin.py:154} INFO - [29]	validation_0-logloss:0.45925	validation_1-logloss:0.49331	validation_2-logloss:0.47675
[2025-12-05T03:27:41.101+0000] {logging_mixin.py:154} INFO - [30]	validation_0-logloss:0.45925	validation_1-logloss:0.49333	validation_2-logloss:0.47678
[2025-12-05T03:27:41.102+0000] {logging_mixin.py:154} INFO - [31]	validation_0-logloss:0.45925	validation_1-logloss:0.49335	validation_2-logloss:0.47680
[2025-12-05T03:27:41.102+0000] {logging_mixin.py:154} INFO - [32]	validation_0-logloss:0.45925	validation_1-logloss:0.49333	validation_2-logloss:0.47678
[2025-12-05T03:27:41.103+0000] {logging_mixin.py:154} INFO - [33]	validation_0-logloss:0.45925	validation_1-logloss:0.49335	validation_2-logloss:0.47680
[2025-12-05T03:27:41.104+0000] {logging_mixin.py:154} INFO - [34]	validation_0-logloss:0.45925	validation_1-logloss:0.49334	validation_2-logloss:0.47679
[2025-12-05T03:27:41.106+0000] {logging_mixin.py:154} INFO - [35]	validation_0-logloss:0.45845	validation_1-logloss:0.49298	validation_2-logloss:0.47545
[2025-12-05T03:27:41.106+0000] {logging_mixin.py:154} INFO - [36]	validation_0-logloss:0.45845	validation_1-logloss:0.49300	validation_2-logloss:0.47547
[2025-12-05T03:27:41.108+0000] {logging_mixin.py:154} INFO - [37]	validation_0-logloss:0.45845	validation_1-logloss:0.49299	validation_2-logloss:0.47546
[2025-12-05T03:27:41.112+0000] {logging_mixin.py:154} INFO - [38]	validation_0-logloss:0.45811	validation_1-logloss:0.49257	validation_2-logloss:0.47510
[2025-12-05T03:27:41.114+0000] {logging_mixin.py:154} INFO - [39]	validation_0-logloss:0.45626	validation_1-logloss:0.49126	validation_2-logloss:0.47354
[2025-12-05T03:27:41.115+0000] {logging_mixin.py:154} INFO - [40]	validation_0-logloss:0.45627	validation_1-logloss:0.49128	validation_2-logloss:0.47357
[2025-12-05T03:27:41.116+0000] {logging_mixin.py:154} INFO - [41]	validation_0-logloss:0.45627	validation_1-logloss:0.49129	validation_2-logloss:0.47359
[2025-12-05T03:27:41.116+0000] {logging_mixin.py:154} INFO - [42]	validation_0-logloss:0.45627	validation_1-logloss:0.49129	validation_2-logloss:0.47359
[2025-12-05T03:27:41.118+0000] {logging_mixin.py:154} INFO - [43]	validation_0-logloss:0.45626	validation_1-logloss:0.49126	validation_2-logloss:0.47354
[2025-12-05T03:27:41.119+0000] {logging_mixin.py:154} INFO - [44]	validation_0-logloss:0.45626	validation_1-logloss:0.49126	validation_2-logloss:0.47353
[2025-12-05T03:27:41.120+0000] {logging_mixin.py:154} INFO - [45]	validation_0-logloss:0.45626	validation_1-logloss:0.49126	validation_2-logloss:0.47353
[2025-12-05T03:27:41.121+0000] {logging_mixin.py:154} INFO - [46]	validation_0-logloss:0.45564	validation_1-logloss:0.49103	validation_2-logloss:0.47334
[2025-12-05T03:27:41.122+0000] {logging_mixin.py:154} INFO - [47]	validation_0-logloss:0.45553	validation_1-logloss:0.49155	validation_2-logloss:0.47329
[2025-12-05T03:27:41.123+0000] {logging_mixin.py:154} INFO - [48]	validation_0-logloss:0.45553	validation_1-logloss:0.49155	validation_2-logloss:0.47330
[2025-12-05T03:27:41.124+0000] {logging_mixin.py:154} INFO - [49]	validation_0-logloss:0.45553	validation_1-logloss:0.49155	validation_2-logloss:0.47330
[2025-12-05T03:27:41.125+0000] {logging_mixin.py:154} INFO - [50]	validation_0-logloss:0.45553	validation_1-logloss:0.49155	validation_2-logloss:0.47329
[2025-12-05T03:27:41.125+0000] {logging_mixin.py:154} INFO - [51]	validation_0-logloss:0.45553	validation_1-logloss:0.49155	validation_2-logloss:0.47329
[2025-12-05T03:27:41.126+0000] {logging_mixin.py:154} INFO - [52]	validation_0-logloss:0.45553	validation_1-logloss:0.49157	validation_2-logloss:0.47333
[2025-12-05T03:27:41.127+0000] {logging_mixin.py:154} INFO - [53]	validation_0-logloss:0.45529	validation_1-logloss:0.49131	validation_2-logloss:0.47336
[2025-12-05T03:27:41.128+0000] {logging_mixin.py:154} INFO - [54]	validation_0-logloss:0.45369	validation_1-logloss:0.48988	validation_2-logloss:0.47086
[2025-12-05T03:27:41.130+0000] {logging_mixin.py:154} INFO - [55]	validation_0-logloss:0.45370	validation_1-logloss:0.48990	validation_2-logloss:0.47089
[2025-12-05T03:27:41.136+0000] {logging_mixin.py:154} INFO - [56]	validation_0-logloss:0.45275	validation_1-logloss:0.48942	validation_2-logloss:0.46986
[2025-12-05T03:27:41.140+0000] {logging_mixin.py:154} INFO - [57]	validation_0-logloss:0.45265	validation_1-logloss:0.48935	validation_2-logloss:0.47005
[2025-12-05T03:27:41.141+0000] {logging_mixin.py:154} INFO - [58]	validation_0-logloss:0.45266	validation_1-logloss:0.48938	validation_2-logloss:0.47009
[2025-12-05T03:27:41.144+0000] {logging_mixin.py:154} INFO - [59]	validation_0-logloss:0.45266	validation_1-logloss:0.48936	validation_2-logloss:0.47006
[2025-12-05T03:27:41.146+0000] {logging_mixin.py:154} INFO - [60]	validation_0-logloss:0.45265	validation_1-logloss:0.48936	validation_2-logloss:0.47005
[2025-12-05T03:27:41.148+0000] {logging_mixin.py:154} INFO - [61]	validation_0-logloss:0.45265	validation_1-logloss:0.48935	validation_2-logloss:0.47004
[2025-12-05T03:27:41.153+0000] {logging_mixin.py:154} INFO - [62]	validation_0-logloss:0.45230	validation_1-logloss:0.48915	validation_2-logloss:0.47000
[2025-12-05T03:27:41.156+0000] {logging_mixin.py:154} INFO - [63]	validation_0-logloss:0.45230	validation_1-logloss:0.48915	validation_2-logloss:0.46999
[2025-12-05T03:27:41.158+0000] {logging_mixin.py:154} INFO - [64]	validation_0-logloss:0.45230	validation_1-logloss:0.48915	validation_2-logloss:0.46999
[2025-12-05T03:27:41.161+0000] {logging_mixin.py:154} INFO - [65]	validation_0-logloss:0.45141	validation_1-logloss:0.48900	validation_2-logloss:0.46929
[2025-12-05T03:27:41.162+0000] {logging_mixin.py:154} INFO - [66]	validation_0-logloss:0.45141	validation_1-logloss:0.48901	validation_2-logloss:0.46931
[2025-12-05T03:27:41.164+0000] {logging_mixin.py:154} INFO - [67]	validation_0-logloss:0.45141	validation_1-logloss:0.48900	validation_2-logloss:0.46928
[2025-12-05T03:27:41.166+0000] {logging_mixin.py:154} INFO - [68]	validation_0-logloss:0.45141	validation_1-logloss:0.48901	validation_2-logloss:0.46930
[2025-12-05T03:27:41.168+0000] {logging_mixin.py:154} INFO - [69]	validation_0-logloss:0.45141	validation_1-logloss:0.48904	validation_2-logloss:0.46934
[2025-12-05T03:27:41.169+0000] {logging_mixin.py:154} INFO - [70]	validation_0-logloss:0.45141	validation_1-logloss:0.48902	validation_2-logloss:0.46932
[2025-12-05T03:27:41.172+0000] {logging_mixin.py:154} INFO - [71]	validation_0-logloss:0.45138	validation_1-logloss:0.48864	validation_2-logloss:0.46904
[2025-12-05T03:27:41.174+0000] {logging_mixin.py:154} INFO - [72]	validation_0-logloss:0.45137	validation_1-logloss:0.48859	validation_2-logloss:0.46897
[2025-12-05T03:27:41.178+0000] {logging_mixin.py:154} INFO - [73]	validation_0-logloss:0.45095	validation_1-logloss:0.48751	validation_2-logloss:0.46850
[2025-12-05T03:27:41.178+0000] {logging_mixin.py:154} INFO - [74]	validation_0-logloss:0.45094	validation_1-logloss:0.48750	validation_2-logloss:0.46849
[2025-12-05T03:27:41.179+0000] {logging_mixin.py:154} INFO - [75]	validation_0-logloss:0.45094	validation_1-logloss:0.48749	validation_2-logloss:0.46846
[2025-12-05T03:27:41.180+0000] {logging_mixin.py:154} INFO - [76]	validation_0-logloss:0.45092	validation_1-logloss:0.48685	validation_2-logloss:0.46849
[2025-12-05T03:27:41.181+0000] {logging_mixin.py:154} INFO - [77]	validation_0-logloss:0.45094	validation_1-logloss:0.48685	validation_2-logloss:0.46847
[2025-12-05T03:27:41.181+0000] {logging_mixin.py:154} INFO - [78]	validation_0-logloss:0.45096	validation_1-logloss:0.48685	validation_2-logloss:0.46846
[2025-12-05T03:27:41.183+0000] {logging_mixin.py:154} INFO - [79]	validation_0-logloss:0.45059	validation_1-logloss:0.48628	validation_2-logloss:0.46769
[2025-12-05T03:27:41.184+0000] {logging_mixin.py:154} INFO - [80]	validation_0-logloss:0.45061	validation_1-logloss:0.48629	validation_2-logloss:0.46769
[2025-12-05T03:27:41.184+0000] {logging_mixin.py:154} INFO - [81]	validation_0-logloss:0.44998	validation_1-logloss:0.48598	validation_2-logloss:0.46766
[2025-12-05T03:27:41.185+0000] {logging_mixin.py:154} INFO - [82]	validation_0-logloss:0.44928	validation_1-logloss:0.48538	validation_2-logloss:0.46770
[2025-12-05T03:27:41.186+0000] {logging_mixin.py:154} INFO - [83]	validation_0-logloss:0.44778	validation_1-logloss:0.48399	validation_2-logloss:0.46560
[2025-12-05T03:27:41.187+0000] {logging_mixin.py:154} INFO - [84]	validation_0-logloss:0.44778	validation_1-logloss:0.48399	validation_2-logloss:0.46560
[2025-12-05T03:27:41.188+0000] {logging_mixin.py:154} INFO - [85]	validation_0-logloss:0.44777	validation_1-logloss:0.48400	validation_2-logloss:0.46562
[2025-12-05T03:27:41.189+0000] {logging_mixin.py:154} INFO - [86]	validation_0-logloss:0.44777	validation_1-logloss:0.48402	validation_2-logloss:0.46567
[2025-12-05T03:27:41.190+0000] {logging_mixin.py:154} INFO - [87]	validation_0-logloss:0.44778	validation_1-logloss:0.48405	validation_2-logloss:0.46570
[2025-12-05T03:27:41.192+0000] {logging_mixin.py:154} INFO - [88]	validation_0-logloss:0.44780	validation_1-logloss:0.48407	validation_2-logloss:0.46574
[2025-12-05T03:27:41.194+0000] {logging_mixin.py:154} INFO - [89]	validation_0-logloss:0.44777	validation_1-logloss:0.48401	validation_2-logloss:0.46565
[2025-12-05T03:27:41.196+0000] {logging_mixin.py:154} INFO - [90]	validation_0-logloss:0.44778	validation_1-logloss:0.48399	validation_2-logloss:0.46560
[2025-12-05T03:27:41.198+0000] {logging_mixin.py:154} INFO - [91]	validation_0-logloss:0.44770	validation_1-logloss:0.48401	validation_2-logloss:0.46554
[2025-12-05T03:27:41.200+0000] {logging_mixin.py:154} INFO - [92]	validation_0-logloss:0.44770	validation_1-logloss:0.48400	validation_2-logloss:0.46553
[2025-12-05T03:27:41.202+0000] {logging_mixin.py:154} INFO - [93]	validation_0-logloss:0.44770	validation_1-logloss:0.48400	validation_2-logloss:0.46552
[2025-12-05T03:27:41.205+0000] {logging_mixin.py:154} INFO - [94]	validation_0-logloss:0.44761	validation_1-logloss:0.48376	validation_2-logloss:0.46518
[2025-12-05T03:27:41.208+0000] {logging_mixin.py:154} INFO - [95]	validation_0-logloss:0.44761	validation_1-logloss:0.48377	validation_2-logloss:0.46518
[2025-12-05T03:27:41.210+0000] {logging_mixin.py:154} INFO - [96]	validation_0-logloss:0.44761	validation_1-logloss:0.48376	validation_2-logloss:0.46517
[2025-12-05T03:27:41.211+0000] {logging_mixin.py:154} INFO - [97]	validation_0-logloss:0.44762	validation_1-logloss:0.48376	validation_2-logloss:0.46516
[2025-12-05T03:27:41.212+0000] {logging_mixin.py:154} INFO - [98]	validation_0-logloss:0.44762	validation_1-logloss:0.48376	validation_2-logloss:0.46516
[2025-12-05T03:27:41.213+0000] {logging_mixin.py:154} INFO - [99]	validation_0-logloss:0.44763	validation_1-logloss:0.48376	validation_2-logloss:0.46515
[2025-12-05T03:27:41.214+0000] {logging_mixin.py:154} INFO - [100]	validation_0-logloss:0.44761	validation_1-logloss:0.48376	validation_2-logloss:0.46516
[2025-12-05T03:27:41.215+0000] {logging_mixin.py:154} INFO - [101]	validation_0-logloss:0.44762	validation_1-logloss:0.48376	validation_2-logloss:0.46516
[2025-12-05T03:27:41.216+0000] {logging_mixin.py:154} INFO - [102]	validation_0-logloss:0.44761	validation_1-logloss:0.48377	validation_2-logloss:0.46519
[2025-12-05T03:27:41.217+0000] {logging_mixin.py:154} INFO - [103]	validation_0-logloss:0.44761	validation_1-logloss:0.48377	validation_2-logloss:0.46519
[2025-12-05T03:27:41.218+0000] {logging_mixin.py:154} INFO - [104]	validation_0-logloss:0.44584	validation_1-logloss:0.48211	validation_2-logloss:0.46529
[2025-12-05T03:27:41.219+0000] {logging_mixin.py:154} INFO - [105]	validation_0-logloss:0.44583	validation_1-logloss:0.48213	validation_2-logloss:0.46531
[2025-12-05T03:27:41.220+0000] {logging_mixin.py:154} INFO - [106]	validation_0-logloss:0.44584	validation_1-logloss:0.48215	validation_2-logloss:0.46535
[2025-12-05T03:27:41.221+0000] {logging_mixin.py:154} INFO - [107]	validation_0-logloss:0.44583	validation_1-logloss:0.48213	validation_2-logloss:0.46532
[2025-12-05T03:27:41.221+0000] {logging_mixin.py:154} INFO - [108]	validation_0-logloss:0.44575	validation_1-logloss:0.48207	validation_2-logloss:0.46509
[2025-12-05T03:27:41.223+0000] {logging_mixin.py:154} INFO - [109]	validation_0-logloss:0.44576	validation_1-logloss:0.48205	validation_2-logloss:0.46505
[2025-12-05T03:27:41.224+0000] {logging_mixin.py:154} INFO - [110]	validation_0-logloss:0.44575	validation_1-logloss:0.48205	validation_2-logloss:0.46506
[2025-12-05T03:27:41.224+0000] {logging_mixin.py:154} INFO - [111]	validation_0-logloss:0.44575	validation_1-logloss:0.48205	validation_2-logloss:0.46506
[2025-12-05T03:27:41.225+0000] {logging_mixin.py:154} INFO - [112]	validation_0-logloss:0.44575	validation_1-logloss:0.48205	validation_2-logloss:0.46506
[2025-12-05T03:27:41.226+0000] {logging_mixin.py:154} INFO - [113]	validation_0-logloss:0.44575	validation_1-logloss:0.48205	validation_2-logloss:0.46506
[2025-12-05T03:27:41.227+0000] {logging_mixin.py:154} INFO - [114]	validation_0-logloss:0.44575	validation_1-logloss:0.48208	validation_2-logloss:0.46510
[2025-12-05T03:27:41.227+0000] {logging_mixin.py:154} INFO - [115]	validation_0-logloss:0.44576	validation_1-logloss:0.48210	validation_2-logloss:0.46513
[2025-12-05T03:27:41.228+0000] {logging_mixin.py:154} INFO - [116]	validation_0-logloss:0.44576	validation_1-logloss:0.48212	validation_2-logloss:0.46515
[2025-12-05T03:27:41.229+0000] {logging_mixin.py:154} INFO - [117]	validation_0-logloss:0.44575	validation_1-logloss:0.48208	validation_2-logloss:0.46511
[2025-12-05T03:27:41.230+0000] {logging_mixin.py:154} INFO - [118]	validation_0-logloss:0.44567	validation_1-logloss:0.48199	validation_2-logloss:0.46540
[2025-12-05T03:27:41.231+0000] {logging_mixin.py:154} INFO - [119]	validation_0-logloss:0.44565	validation_1-logloss:0.48195	validation_2-logloss:0.46535
[2025-12-05T03:27:41.232+0000] {logging_mixin.py:154} INFO - [120]	validation_0-logloss:0.44536	validation_1-logloss:0.48225	validation_2-logloss:0.46561
[2025-12-05T03:27:41.233+0000] {logging_mixin.py:154} INFO - [121]	validation_0-logloss:0.44535	validation_1-logloss:0.48212	validation_2-logloss:0.46568
[2025-12-05T03:27:41.235+0000] {logging_mixin.py:154} INFO - [122]	validation_0-logloss:0.44534	validation_1-logloss:0.48211	validation_2-logloss:0.46567
[2025-12-05T03:27:41.236+0000] {logging_mixin.py:154} INFO - [123]	validation_0-logloss:0.44503	validation_1-logloss:0.48198	validation_2-logloss:0.46582
[2025-12-05T03:27:41.237+0000] {logging_mixin.py:154} INFO - [124]	validation_0-logloss:0.44505	validation_1-logloss:0.48202	validation_2-logloss:0.46587
[2025-12-05T03:27:41