[2025-12-05T03:27:27.487+0000] {taskinstance.py:1159} INFO - Dependencies all met for dep_context=non-requeueable deps ti=<TaskInstance: sodai_drinks_production_pipeline.train_model manual__2025-12-05T03:27:13+00:00 [queued]>
[2025-12-05T03:27:27.493+0000] {taskinstance.py:1159} INFO - Dependencies all met for dep_context=requeueable deps ti=<TaskInstance: sodai_drinks_production_pipeline.train_model manual__2025-12-05T03:27:13+00:00 [queued]>
[2025-12-05T03:27:27.493+0000] {taskinstance.py:1361} INFO - Starting attempt 1 of 2
[2025-12-05T03:27:27.500+0000] {taskinstance.py:1382} INFO - Executing <Task(PythonOperator): train_model> on 2025-12-05 03:27:13+00:00
[2025-12-05T03:27:27.510+0000] {standard_task_runner.py:57} INFO - Started process 2339 to run task
[2025-12-05T03:27:27.513+0000] {standard_task_runner.py:84} INFO - Running: ['***', 'tasks', 'run', 'sodai_drinks_production_pipeline', 'train_model', 'manual__2025-12-05T03:27:13+00:00', '--job-id', '27', '--raw', '--subdir', 'DAGS_FOLDER/pipeline_productivo.py', '--cfg-path', '/tmp/tmppa3mk1u9']
[2025-12-05T03:27:27.515+0000] {standard_task_runner.py:85} INFO - Job 27: Subtask train_model
[2025-12-05T03:27:27.550+0000] {task_command.py:416} INFO - Running <TaskInstance: sodai_drinks_production_pipeline.train_model manual__2025-12-05T03:27:13+00:00 [running]> on host d63631a18ada
[2025-12-05T03:27:27.787+0000] {taskinstance.py:1662} INFO - Exporting env vars: AIRFLOW_CTX_DAG_EMAIL='team@sodaidrinks.com' AIRFLOW_CTX_DAG_OWNER='sodai_drinks_team' AIRFLOW_CTX_DAG_ID='sodai_drinks_production_pipeline' AIRFLOW_CTX_TASK_ID='train_model' AIRFLOW_CTX_EXECUTION_DATE='2025-12-05T03:27:13+00:00' AIRFLOW_CTX_TRY_NUMBER='1' AIRFLOW_CTX_DAG_RUN_ID='manual__2025-12-05T03:27:13+00:00'
[2025-12-05T03:27:27.787+0000] {model_training.py:373} INFO - 🚀 Iniciando entrenamiento del modelo XGBoost...
[2025-12-05T03:27:27.819+0000] {model_training.py:395} INFO - 📊 Dataset cargado:
[2025-12-05T03:27:27.819+0000] {model_training.py:396} INFO -    - Features: 15
[2025-12-05T03:27:27.820+0000] {model_training.py:397} INFO -    - Registros: 10206
[2025-12-05T03:27:27.820+0000] {model_training.py:398} INFO -    - Distribución de clases - Clase 0: 5103, Clase 1: 5103
[2025-12-05T03:27:27.826+0000] {model_training.py:408} INFO - 📂 Splits creados:
[2025-12-05T03:27:27.826+0000] {model_training.py:409} INFO -    - Train: 6123 muestras
[2025-12-05T03:27:27.826+0000] {model_training.py:410} INFO -    - Validation: 2041 muestras
[2025-12-05T03:27:27.826+0000] {model_training.py:411} INFO -    - Test: 2042 muestras
[2025-12-05T03:27:27.844+0000] {model_training.py:426} INFO - 📊 MLflow Run: drift_evaluation_2025-W02_predict_20251205_032727
[2025-12-05T03:27:27.867+0000] {logging_mixin.py:154} WARNING - 2025/12/05 03:27:27 WARNING mlflow.utils.git_utils: Failed to import Git (the Git executable is probably not on your PATH), so Git SHA is not available. Error: Failed to initialize: Bad git executable.
The git executable must be specified in one of the following ways:
    - be included in your $PATH
    - be set via $GIT_PYTHON_GIT_EXECUTABLE
    - explicitly set via git.refresh(<full-path-to-git-executable>)

All git commands will error until this is rectified.

This initial message can be silenced or aggravated in the future by setting the
$GIT_PYTHON_REFRESH environment variable. Use one of the following values:
    - quiet|q|silence|s|silent|none|n|0: for no message or exception
    - warn|w|warning|log|l|1: for a warning message (logging level CRITICAL, displayed by default)
    - error|e|exception|raise|r|2: for a raised exception

Example:
    export GIT_PYTHON_REFRESH=quiet
[2025-12-05T03:27:27.875+0000] {model_training.py:435} INFO - 📊 Registrando datasets en MLflow...
[2025-12-05T03:27:27.903+0000] {logging_mixin.py:154} WARNING - /home/***/.local/lib/python3.10/site-packages/mlflow/data/dataset_source_registry.py:143 UserWarning: The specified dataset source can be interpreted in multiple ways: LocalArtifactDatasetSource, LocalArtifactDatasetSource. MLflow will assume that this is a LocalArtifactDatasetSource source.
[2025-12-05T03:27:27.915+0000] {logging_mixin.py:154} WARNING - /home/***/.local/lib/python3.10/site-packages/mlflow/data/pandas_dataset.py:134 UserWarning: Hint: Inferred schema contains integer column(s). Integer columns in Python cannot represent missing values. If your input data contains missing values at inference time, it will be encoded as floats and will cause a schema enforcement error. The best way to avoid this problem is to infer the model schema based on a realistic data sample (training dataset) that includes missing values. Alternatively, you can declare integer columns as doubles (float64) whenever these columns may have missing values. See `Handling Integers With Missing Values <https://www.mlflow.org/docs/latest/models.html#handling-integers-with-missing-values>`_ for more details.
[2025-12-05T03:27:27.918+0000] {logging_mixin.py:154} WARNING - /home/***/.local/lib/python3.10/site-packages/mlflow/data/dataset_source_registry.py:143 UserWarning: The specified dataset source can be interpreted in multiple ways: LocalArtifactDatasetSource, LocalArtifactDatasetSource. MLflow will assume that this is a LocalArtifactDatasetSource source.
[2025-12-05T03:27:27.923+0000] {logging_mixin.py:154} WARNING - /home/***/.local/lib/python3.10/site-packages/mlflow/data/pandas_dataset.py:134 UserWarning: Hint: Inferred schema contains integer column(s). Integer columns in Python cannot represent missing values. If your input data contains missing values at inference time, it will be encoded as floats and will cause a schema enforcement error. The best way to avoid this problem is to infer the model schema based on a realistic data sample (training dataset) that includes missing values. Alternatively, you can declare integer columns as doubles (float64) whenever these columns may have missing values. See `Handling Integers With Missing Values <https://www.mlflow.org/docs/latest/models.html#handling-integers-with-missing-values>`_ for more details.
[2025-12-05T03:27:27.926+0000] {logging_mixin.py:154} WARNING - /home/***/.local/lib/python3.10/site-packages/mlflow/data/dataset_source_registry.py:143 UserWarning: The specified dataset source can be interpreted in multiple ways: LocalArtifactDatasetSource, LocalArtifactDatasetSource. MLflow will assume that this is a LocalArtifactDatasetSource source.
[2025-12-05T03:27:27.931+0000] {logging_mixin.py:154} WARNING - /home/***/.local/lib/python3.10/site-packages/mlflow/data/pandas_dataset.py:134 UserWarning: Hint: Inferred schema contains integer column(s). Integer columns in Python cannot represent missing values. If your input data contains missing values at inference time, it will be encoded as floats and will cause a schema enforcement error. The best way to avoid this problem is to infer the model schema based on a realistic data sample (training dataset) that includes missing values. Alternatively, you can declare integer columns as doubles (float64) whenever these columns may have missing values. See `Handling Integers With Missing Values <https://www.mlflow.org/docs/latest/models.html#handling-integers-with-missing-values>`_ for more details.
[2025-12-05T03:27:27.932+0000] {model_training.py:489} INFO - ✅ Datasets registrados en MLflow
[2025-12-05T03:27:27.932+0000] {model_training.py:69} INFO - 🔍 Iniciando optimización de hiperparámetros (timeout: 60s = 1 min)...
[2025-12-05T03:27:27.933+0000] {logging_mixin.py:154} WARNING -   0%|          | 0/50 [00:00<?, ?it/s]
[2025-12-05T03:27:28.002+0000] {logging_mixin.py:154} WARNING -                                       
[2025-12-05T03:27:28.002+0000] {logging_mixin.py:154} WARNING - 
[2025-12-05T03:27:28.002+0000] {logging_mixin.py:154} INFO - [I 2025-12-05 03:27:28,002] Trial 0 finished with value: 0.7846299810246681 and parameters: {'max_depth': 7, 'learning_rate': 0.2536999076681772, 'subsample': 0.8659969709057025, 'colsample_bytree': 0.7993292420985183, 'min_child_weight': 2, 'gamma': 0.7799726016810132, 'n_estimators': 76}. Best is trial 0 with value: 0.7846299810246681.
[2025-12-05T03:27:28.002+0000] {logging_mixin.py:154} WARNING -   0%|          | 0/50 [00:00<?, ?it/s]
[2025-12-05T03:27:28.003+0000] {logging_mixin.py:154} WARNING - Best trial: 0. Best value: 0.78463:   0%|          | 0/50 [00:00<?, ?it/s]
[2025-12-05T03:27:28.003+0000] {logging_mixin.py:154} WARNING - Best trial: 0. Best value: 0.78463:   2%|2         | 1/50 [00:00<00:03, 14.45it/s, 0.07/60 seconds]
[2025-12-05T03:27:28.084+0000] {logging_mixin.py:154} WARNING -                                                                                                    
[2025-12-05T03:27:28.084+0000] {logging_mixin.py:154} WARNING - 
[2025-12-05T03:27:28.084+0000] {logging_mixin.py:154} INFO - [I 2025-12-05 03:27:28,084] Trial 1 finished with value: 0.785444234404537 and parameters: {'max_depth': 14, 'learning_rate': 0.07725378389307355, 'subsample': 0.8540362888980227, 'colsample_bytree': 0.5102922471479012, 'min_child_weight': 10, 'gamma': 4.162213204002109, 'n_estimators': 145}. Best is trial 1 with value: 0.785444234404537.
[2025-12-05T03:27:28.084+0000] {logging_mixin.py:154} WARNING - Best trial: 0. Best value: 0.78463:   2%|2         | 1/50 [00:00<00:07,  6.63it/s, 0.07/60 seconds]
[2025-12-05T03:27:28.085+0000] {logging_mixin.py:154} WARNING - Best trial: 1. Best value: 0.785444:   2%|2         | 1/50 [00:00<00:07,  6.61it/s, 0.07/60 seconds]
[2025-12-05T03:27:28.085+0000] {logging_mixin.py:154} WARNING - Best trial: 1. Best value: 0.785444:   4%|4         | 2/50 [00:00<00:03, 13.21it/s, 0.07/60 seconds]
[2025-12-05T03:27:28.085+0000] {logging_mixin.py:154} WARNING - Best trial: 1. Best value: 0.785444:   4%|4         | 2/50 [00:00<00:03, 13.21it/s, 0.15/60 seconds]
[2025-12-05T03:27:28.366+0000] {logging_mixin.py:154} WARNING -                                                                                                     
[2025-12-05T03:27:28.366+0000] {logging_mixin.py:154} WARNING - 
[2025-12-05T03:27:28.366+0000] {logging_mixin.py:154} INFO - [I 2025-12-05 03:27:28,365] Trial 2 finished with value: 0.7850117096018735 and parameters: {'max_depth': 5, 'learning_rate': 0.018659959624904916, 'subsample': 0.6521211214797689, 'colsample_bytree': 0.762378215816119, 'min_child_weight': 5, 'gamma': 1.4561457009902097, 'n_estimators': 325}. Best is trial 1 with value: 0.785444234404537.
[2025-12-05T03:27:28.366+0000] {logging_mixin.py:154} WARNING - Best trial: 1. Best value: 0.785444:   4%|4         | 2/50 [00:00<00:03, 13.21it/s, 0.15/60 seconds]
[2025-12-05T03:27:28.366+0000] {logging_mixin.py:154} WARNING - Best trial: 1. Best value: 0.785444:   4%|4         | 2/50 [00:00<00:03, 13.21it/s, 0.15/60 seconds]
[2025-12-05T03:27:28.367+0000] {logging_mixin.py:154} WARNING - Best trial: 1. Best value: 0.785444:   6%|6         | 3/50 [00:00<00:03, 13.21it/s, 0.43/60 seconds]
[2025-12-05T03:27:28.684+0000] {logging_mixin.py:154} WARNING -                                                                                                     
[2025-12-05T03:27:28.684+0000] {logging_mixin.py:154} WARNING - 
[2025-12-05T03:27:28.684+0000] {logging_mixin.py:154} INFO - [I 2025-12-05 03:27:28,684] Trial 3 finished with value: 0.7804419370004703 and parameters: {'max_depth': 4, 'learning_rate': 0.027010527749605478, 'subsample': 0.6831809216468459, 'colsample_bytree': 0.728034992108518, 'min_child_weight': 8, 'gamma': 0.9983689107917987, 'n_estimators': 281}. Best is trial 1 with value: 0.785444234404537.
[2025-12-05T03:27:28.684+0000] {logging_mixin.py:154} WARNING - Best trial: 1. Best value: 0.785444:   6%|6         | 3/50 [00:00<00:03, 13.21it/s, 0.43/60 seconds]
[2025-12-05T03:27:28.685+0000] {logging_mixin.py:154} WARNING - Best trial: 1. Best value: 0.785444:   6%|6         | 3/50 [00:00<00:03, 13.21it/s, 0.43/60 seconds]
[2025-12-05T03:27:28.685+0000] {logging_mixin.py:154} WARNING - Best trial: 1. Best value: 0.785444:   8%|8         | 4/50 [00:00<00:09,  4.82it/s, 0.43/60 seconds]
[2025-12-05T03:27:28.685+0000] {logging_mixin.py:154} WARNING - Best trial: 1. Best value: 0.785444:   8%|8         | 4/50 [00:00<00:09,  4.82it/s, 0.75/60 seconds]
[2025-12-05T03:27:29.156+0000] {logging_mixin.py:154} WARNING -                                                                                                     
[2025-12-05T03:27:29.157+0000] {logging_mixin.py:154} WARNING - 
[2025-12-05T03:27:29.157+0000] {logging_mixin.py:154} INFO - [I 2025-12-05 03:27:29,156] Trial 4 finished with value: 0.7855126999059265 and parameters: {'max_depth': 10, 'learning_rate': 0.011711509955524094, 'subsample': 0.8037724259507192, 'colsample_bytree': 0.5852620618436457, 'min_child_weight': 1, 'gamma': 4.7444276862666666, 'n_estimators': 485}. Best is trial 4 with value: 0.7855126999059265.
[2025-12-05T03:27:29.157+0000] {logging_mixin.py:154} WARNING - Best trial: 1. Best value: 0.785444:   8%|8         | 4/50 [00:01<00:09,  4.82it/s, 0.75/60 seconds]
[2025-12-05T03:27:29.158+0000] {logging_mixin.py:154} WARNING - Best trial: 4. Best value: 0.785513:   8%|8         | 4/50 [00:01<00:09,  4.82it/s, 0.75/60 seconds]
[2025-12-05T03:27:29.158+0000] {logging_mixin.py:154} WARNING - Best trial: 4. Best value: 0.785513:  10%|#         | 5/50 [00:01<00:12,  3.49it/s, 0.75/60 seconds]
[2025-12-05T03:27:29.158+0000] {logging_mixin.py:154} WARNING - Best trial: 4. Best value: 0.785513:  10%|#         | 5/50 [00:01<00:12,  3.49it/s, 1.22/60 seconds]
[2025-12-05T03:27:29.917+0000] {logging_mixin.py:154} WARNING -                                                                                                     
[2025-12-05T03:27:29.917+0000] {logging_mixin.py:154} WARNING - 
[2025-12-05T03:27:29.917+0000] {logging_mixin.py:154} INFO - [I 2025-12-05 03:27:29,917] Trial 5 finished with value: 0.7893485496909177 and parameters: {'max_depth': 13, 'learning_rate': 0.028180680291847244, 'subsample': 0.5488360570031919, 'colsample_bytree': 0.8421165132560784, 'min_child_weight': 5, 'gamma': 0.6101911742238941, 'n_estimators': 273}. Best is trial 5 with value: 0.7893485496909177.
[2025-12-05T03:27:29.917+0000] {logging_mixin.py:154} WARNING - Best trial: 4. Best value: 0.785513:  10%|#         | 5/50 [00:01<00:12,  3.49it/s, 1.22/60 seconds]
[2025-12-05T03:27:29.918+0000] {logging_mixin.py:154} WARNING - Best trial: 5. Best value: 0.789349:  10%|#         | 5/50 [00:01<00:12,  3.49it/s, 1.22/60 seconds]
[2025-12-05T03:27:29.918+0000] {logging_mixin.py:154} WARNING - Best trial: 5. Best value: 0.789349:  12%|#2        | 6/50 [00:01<00:18,  2.34it/s, 1.22/60 seconds]
[2025-12-05T03:27:29.918+0000] {logging_mixin.py:154} WARNING - Best trial: 5. Best value: 0.789349:  12%|#2        | 6/50 [00:01<00:18,  2.34it/s, 1.98/60 seconds]
[2025-12-05T03:27:30.084+0000] {logging_mixin.py:154} WARNING -                                                                                                     
[2025-12-05T03:27:30.084+0000] {logging_mixin.py:154} WARNING - 
[2025-12-05T03:27:30.084+0000] {logging_mixin.py:154} INFO - [I 2025-12-05 03:27:30,084] Trial 6 finished with value: 0.7945205479452054 and parameters: {'max_depth': 3, 'learning_rate': 0.22038218939289875, 'subsample': 0.6293899908000085, 'colsample_bytree': 0.831261142176991, 'min_child_weight': 4, 'gamma': 2.600340105889054, 'n_estimators': 296}. Best is trial 6 with value: 0.7945205479452054.
[2025-12-05T03:27:30.085+0000] {logging_mixin.py:154} WARNING - Best trial: 5. Best value: 0.789349:  12%|#2        | 6/50 [00:02<00:18,  2.34it/s, 1.98/60 seconds]
[2025-12-05T03:27:30.085+0000] {logging_mixin.py:154} WARNING - Best trial: 6. Best value: 0.794521:  12%|#2        | 6/50 [00:02<00:18,  2.34it/s, 1.98/60 seconds]
[2025-12-05T03:27:30.085+0000] {logging_mixin.py:154} WARNING - Best trial: 6. Best value: 0.794521:  14%|#4        | 7/50 [00:02<00:15,  2.86it/s, 1.98/60 seconds]
[2025-12-05T03:27:30.085+0000] {logging_mixin.py:154} WARNING - Best trial: 6. Best value: 0.794521:  14%|#4        | 7/50 [00:02<00:15,  2.86it/s, 2.15/60 seconds]
[2025-12-05T03:27:30.315+0000] {logging_mixin.py:154} WARNING -                                                                                                     
[2025-12-05T03:27:30.315+0000] {logging_mixin.py:154} WARNING - 
[2025-12-05T03:27:30.316+0000] {logging_mixin.py:154} INFO - [I 2025-12-05 03:27:30,315] Trial 7 finished with value: 0.7795648060548722 and parameters: {'max_depth': 5, 'learning_rate': 0.27051668818999286, 'subsample': 0.8875664116805573, 'colsample_bytree': 0.9697494707820946, 'min_child_weight': 9, 'gamma': 2.9894998940554256, 'n_estimators': 465}. Best is trial 6 with value: 0.7945205479452054.
[2025-12-05T03:27:30.316+0000] {logging_mixin.py:154} WARNING - Best trial: 6. Best value: 0.794521:  14%|#4        | 7/50 [00:02<00:15,  2.86it/s, 2.15/60 seconds]
[2025-12-05T03:27:30.316+0000] {logging_mixin.py:154} WARNING - Best trial: 6. Best value: 0.794521:  14%|#4        | 7/50 [00:02<00:15,  2.86it/s, 2.15/60 seconds]
[2025-12-05T03:27:30.316+0000] {logging_mixin.py:154} WARNING - Best trial: 6. Best value: 0.794521:  16%|#6        | 8/50 [00:02<00:13,  3.18it/s, 2.15/60 seconds]
[2025-12-05T03:27:30.316+0000] {logging_mixin.py:154} WARNING - Best trial: 6. Best value: 0.794521:  16%|#6        | 8/50 [00:02<00:13,  3.18it/s, 2.38/60 seconds]
[2025-12-05T03:27:30.569+0000] {logging_mixin.py:154} WARNING -                                                                                                     
[2025-12-05T03:27:30.570+0000] {logging_mixin.py:154} WARNING - 
[2025-12-05T03:27:30.570+0000] {logging_mixin.py:154} INFO - [I 2025-12-05 03:27:30,569] Trial 8 finished with value: 0.7869158878504673 and parameters: {'max_depth': 4, 'learning_rate': 0.01947558230629543, 'subsample': 0.522613644455269, 'colsample_bytree': 0.6626651653816322, 'min_child_weight': 4, 'gamma': 1.3567451588694794, 'n_estimators': 423}. Best is trial 6 with value: 0.7945205479452054.
[2025-12-05T03:27:30.570+0000] {logging_mixin.py:154} WARNING - Best trial: 6. Best value: 0.794521:  16%|#6        | 8/50 [00:02<00:13,  3.18it/s, 2.38/60 seconds]
[2025-12-05T03:27:30.570+0000] {logging_mixin.py:154} WARNING - Best trial: 6. Best value: 0.794521:  16%|#6        | 8/50 [00:02<00:13,  3.18it/s, 2.38/60 seconds]
[2025-12-05T03:27:30.570+0000] {logging_mixin.py:154} WARNING - Best trial: 6. Best value: 0.794521:  18%|#8        | 9/50 [00:02<00:12,  3.38it/s, 2.38/60 seconds]
[2025-12-05T03:27:30.570+0000] {logging_mixin.py:154} WARNING - Best trial: 6. Best value: 0.794521:  18%|#8        | 9/50 [00:02<00:12,  3.38it/s, 2.64/60 seconds]
[2025-12-05T03:27:31.484+0000] {logging_mixin.py:154} WARNING -                                                                                                     
[2025-12-05T03:27:31.484+0000] {logging_mixin.py:154} WARNING - 
[2025-12-05T03:27:31.484+0000] {logging_mixin.py:154} INFO - [I 2025-12-05 03:27:31,484] Trial 9 finished with value: 0.7897727272727272 and parameters: {'max_depth': 7, 'learning_rate': 0.026000059117302653, 'subsample': 0.7713480415791243, 'colsample_bytree': 0.5704621124873813, 'min_child_weight': 9, 'gamma': 0.3727532183988541, 'n_estimators': 495}. Best is trial 6 with value: 0.7945205479452054.
[2025-12-05T03:27:31.485+0000] {logging_mixin.py:154} WARNING - Best trial: 6. Best value: 0.794521:  18%|#8        | 9/50 [00:03<00:12,  3.38it/s, 2.64/60 seconds]
[2025-12-05T03:27:31.485+0000] {logging_mixin.py:154} WARNING - Best trial: 6. Best value: 0.794521:  18%|#8        | 9/50 [00:03<00:12,  3.38it/s, 2.64/60 seconds]
[2025-12-05T03:27:31.485+0000] {logging_mixin.py:154} WARNING - Best trial: 6. Best value: 0.794521:  20%|##        | 10/50 [00:03<00:19,  2.08it/s, 2.64/60 seconds]
[2025-12-05T03:27:31.485+0000] {logging_mixin.py:154} WARNING - Best trial: 6. Best value: 0.794521:  20%|##        | 10/50 [00:03<00:19,  2.08it/s, 3.55/60 seconds]
[2025-12-05T03:27:31.685+0000] {logging_mixin.py:154} WARNING -                                                                                                      
[2025-12-05T03:27:31.685+0000] {logging_mixin.py:154} WARNING - 
[2025-12-05T03:27:31.685+0000] {logging_mixin.py:154} INFO - [I 2025-12-05 03:27:31,685] Trial 10 finished with value: 0.7877664504170528 and parameters: {'max_depth': 9, 'learning_rate': 0.11662210085018034, 'subsample': 0.9847685553939328, 'colsample_bytree': 0.9046749166920307, 'min_child_weight': 7, 'gamma': 2.5732224534594175, 'n_estimators': 212}. Best is trial 6 with value: 0.7945205479452054.
[2025-12-05T03:27:31.686+0000] {logging_mixin.py:154} WARNING - Best trial: 6. Best value: 0.794521:  20%|##        | 10/50 [00:03<00:19,  2.08it/s, 3.55/60 seconds]
[2025-12-05T03:27:31.686+0000] {logging_mixin.py:154} WARNING - Best trial: 6. Best value: 0.794521:  20%|##        | 10/50 [00:03<00:19,  2.08it/s, 3.55/60 seconds]
[2025-12-05T03:27:31.686+0000] {logging_mixin.py:154} WARNING - Best trial: 6. Best value: 0.794521:  22%|##2       | 11/50 [00:03<00:15,  2.52it/s, 3.55/60 seconds]
[2025-12-05T03:27:31.686+0000] {logging_mixin.py:154} WARNING - Best trial: 6. Best value: 0.794521:  22%|##2       | 11/50 [00:03<00:15,  2.52it/s, 3.75/60 seconds]
[2025-12-05T03:27:32.026+0000] {logging_mixin.py:154} WARNING -                                                                                                      
[2025-12-05T03:27:32.026+0000] {logging_mixin.py:154} WARNING - 
