[2025-12-05T03:27:32.026+0000] {logging_mixin.py:154} INFO - [I 2025-12-05 03:27:32,026] Trial 11 finished with value: 0.7917448405253283 and parameters: {'max_depth': 8, 'learning_rate': 0.05378356815268503, 'subsample': 0.7009974103156724, 'colsample_bytree': 0.6805618256430145, 'min_child_weight': 3, 'gamma': 2.172895714424139, 'n_estimators': 378}. Best is trial 6 with value: 0.7945205479452054.
[2025-12-05T03:27:32.026+0000] {logging_mixin.py:154} WARNING - Best trial: 6. Best value: 0.794521:  22%|##2       | 11/50 [00:04<00:15,  2.52it/s, 3.75/60 seconds]
[2025-12-05T03:27:32.027+0000] {logging_mixin.py:154} WARNING - Best trial: 6. Best value: 0.794521:  22%|##2       | 11/50 [00:04<00:15,  2.52it/s, 3.75/60 seconds]
[2025-12-05T03:27:32.027+0000] {logging_mixin.py:154} WARNING - Best trial: 6. Best value: 0.794521:  24%|##4       | 12/50 [00:04<00:14,  2.63it/s, 3.75/60 seconds]
[2025-12-05T03:27:32.027+0000] {logging_mixin.py:154} WARNING - Best trial: 6. Best value: 0.794521:  24%|##4       | 12/50 [00:04<00:14,  2.63it/s, 4.09/60 seconds]
[2025-12-05T03:27:32.340+0000] {logging_mixin.py:154} WARNING -                                                                                                      
[2025-12-05T03:27:32.340+0000] {logging_mixin.py:154} WARNING - 
[2025-12-05T03:27:32.340+0000] {logging_mixin.py:154} INFO - [I 2025-12-05 03:27:32,340] Trial 12 finished with value: 0.7894983591186123 and parameters: {'max_depth': 11, 'learning_rate': 0.05771890707854544, 'subsample': 0.6396470776224414, 'colsample_bytree': 0.6984662606450532, 'min_child_weight': 3, 'gamma': 1.9379710203198037, 'n_estimators': 381}. Best is trial 6 with value: 0.7945205479452054.
[2025-12-05T03:27:32.340+0000] {logging_mixin.py:154} WARNING - Best trial: 6. Best value: 0.794521:  24%|##4       | 12/50 [00:04<00:14,  2.63it/s, 4.09/60 seconds]
[2025-12-05T03:27:32.340+0000] {logging_mixin.py:154} WARNING - Best trial: 6. Best value: 0.794521:  24%|##4       | 12/50 [00:04<00:14,  2.63it/s, 4.09/60 seconds]
[2025-12-05T03:27:32.341+0000] {logging_mixin.py:154} WARNING - Best trial: 6. Best value: 0.794521:  26%|##6       | 13/50 [00:04<00:13,  2.77it/s, 4.09/60 seconds]
[2025-12-05T03:27:32.341+0000] {logging_mixin.py:154} WARNING - Best trial: 6. Best value: 0.794521:  26%|##6       | 13/50 [00:04<00:13,  2.77it/s, 4.41/60 seconds]
[2025-12-05T03:27:32.516+0000] {logging_mixin.py:154} WARNING -                                                                                                      
[2025-12-05T03:27:32.516+0000] {logging_mixin.py:154} WARNING - 
[2025-12-05T03:27:32.516+0000] {logging_mixin.py:154} INFO - [I 2025-12-05 03:27:32,515] Trial 13 finished with value: 0.7873644507307874 and parameters: {'max_depth': 7, 'learning_rate': 0.13633746360005283, 'subsample': 0.7067081929159575, 'colsample_bytree': 0.8505812976968798, 'min_child_weight': 3, 'gamma': 3.1722857018777013, 'n_estimators': 357}. Best is trial 6 with value: 0.7945205479452054.
[2025-12-05T03:27:32.516+0000] {logging_mixin.py:154} WARNING - Best trial: 6. Best value: 0.794521:  26%|##6       | 13/50 [00:04<00:13,  2.77it/s, 4.41/60 seconds]
[2025-12-05T03:27:32.516+0000] {logging_mixin.py:154} WARNING - Best trial: 6. Best value: 0.794521:  26%|##6       | 13/50 [00:04<00:13,  2.77it/s, 4.41/60 seconds]
[2025-12-05T03:27:32.517+0000] {logging_mixin.py:154} WARNING - Best trial: 6. Best value: 0.794521:  28%|##8       | 14/50 [00:04<00:10,  3.28it/s, 4.41/60 seconds]
[2025-12-05T03:27:32.517+0000] {logging_mixin.py:154} WARNING - Best trial: 6. Best value: 0.794521:  28%|##8       | 14/50 [00:04<00:10,  3.28it/s, 4.58/60 seconds]
[2025-12-05T03:27:32.705+0000] {logging_mixin.py:154} WARNING -                                                                                                      
[2025-12-05T03:27:32.705+0000] {logging_mixin.py:154} WARNING - 
[2025-12-05T03:27:32.706+0000] {logging_mixin.py:154} INFO - [I 2025-12-05 03:27:32,705] Trial 14 finished with value: 0.7885607126113455 and parameters: {'max_depth': 8, 'learning_rate': 0.047246527645281505, 'subsample': 0.6251065863227702, 'colsample_bytree': 0.6482241750217291, 'min_child_weight': 6, 'gamma': 2.0712893672291193, 'n_estimators': 230}. Best is trial 6 with value: 0.7945205479452054.
[2025-12-05T03:27:32.706+0000] {logging_mixin.py:154} WARNING - Best trial: 6. Best value: 0.794521:  28%|##8       | 14/50 [00:04<00:10,  3.28it/s, 4.58/60 seconds]
[2025-12-05T03:27:32.706+0000] {logging_mixin.py:154} WARNING - Best trial: 6. Best value: 0.794521:  28%|##8       | 14/50 [00:04<00:10,  3.28it/s, 4.58/60 seconds]
[2025-12-05T03:27:32.706+0000] {logging_mixin.py:154} WARNING - Best trial: 6. Best value: 0.794521:  30%|###       | 15/50 [00:04<00:09,  3.70it/s, 4.58/60 seconds]
[2025-12-05T03:27:32.706+0000] {logging_mixin.py:154} WARNING - Best trial: 6. Best value: 0.794521:  30%|###       | 15/50 [00:04<00:09,  3.70it/s, 4.77/60 seconds]
[2025-12-05T03:27:32.973+0000] {logging_mixin.py:154} WARNING -                                                                                                      
[2025-12-05T03:27:32.973+0000] {logging_mixin.py:154} WARNING - 
[2025-12-05T03:27:32.973+0000] {logging_mixin.py:154} INFO - [I 2025-12-05 03:27:32,972] Trial 15 finished with value: 0.7818776272769734 and parameters: {'max_depth': 3, 'learning_rate': 0.11968908286187309, 'subsample': 0.5895974542510894, 'colsample_bytree': 0.7726048228853334, 'min_child_weight': 1, 'gamma': 3.39772903754386, 'n_estimators': 388}. Best is trial 6 with value: 0.7945205479452054.
[2025-12-05T03:27:32.973+0000] {logging_mixin.py:154} WARNING - Best trial: 6. Best value: 0.794521:  30%|###       | 15/50 [00:05<00:09,  3.70it/s, 4.77/60 seconds]
[2025-12-05T03:27:32.973+0000] {logging_mixin.py:154} WARNING - Best trial: 6. Best value: 0.794521:  30%|###       | 15/50 [00:05<00:09,  3.70it/s, 4.77/60 seconds]
[2025-12-05T03:27:32.974+0000] {logging_mixin.py:154} WARNING - Best trial: 6. Best value: 0.794521:  32%|###2      | 16/50 [00:05<00:09,  3.71it/s, 4.77/60 seconds]
[2025-12-05T03:27:32.974+0000] {logging_mixin.py:154} WARNING - Best trial: 6. Best value: 0.794521:  32%|###2      | 16/50 [00:05<00:09,  3.71it/s, 5.04/60 seconds]
[2025-12-05T03:27:33.150+0000] {logging_mixin.py:154} WARNING -                                                                                                      
[2025-12-05T03:27:33.150+0000] {logging_mixin.py:154} WARNING - 
[2025-12-05T03:27:33.151+0000] {logging_mixin.py:154} INFO - [I 2025-12-05 03:27:33,150] Trial 16 finished with value: 0.7861873226111636 and parameters: {'max_depth': 12, 'learning_rate': 0.19078720947878125, 'subsample': 0.7201929453408623, 'colsample_bytree': 0.7127947321819145, 'min_child_weight': 3, 'gamma': 2.267940990714351, 'n_estimators': 316}. Best is trial 6 with value: 0.7945205479452054.
[2025-12-05T03:27:33.151+0000] {logging_mixin.py:154} WARNING - Best trial: 6. Best value: 0.794521:  32%|###2      | 16/50 [00:05<00:09,  3.71it/s, 5.04/60 seconds]
[2025-12-05T03:27:33.151+0000] {logging_mixin.py:154} WARNING - Best trial: 6. Best value: 0.794521:  32%|###2      | 16/50 [00:05<00:09,  3.71it/s, 5.04/60 seconds]
[2025-12-05T03:27:33.151+0000] {logging_mixin.py:154} WARNING - Best trial: 6. Best value: 0.794521:  34%|###4      | 17/50 [00:05<00:07,  4.13it/s, 5.04/60 seconds]
[2025-12-05T03:27:33.151+0000] {logging_mixin.py:154} WARNING - Best trial: 6. Best value: 0.794521:  34%|###4      | 17/50 [00:05<00:07,  4.13it/s, 5.22/60 seconds]
[2025-12-05T03:27:33.513+0000] {logging_mixin.py:154} WARNING -                                                                                                      
[2025-12-05T03:27:33.513+0000] {logging_mixin.py:154} WARNING - 
[2025-12-05T03:27:33.513+0000] {logging_mixin.py:154} INFO - [I 2025-12-05 03:27:33,513] Trial 17 finished with value: 0.7885714285714286 and parameters: {'max_depth': 6, 'learning_rate': 0.08130496372013479, 'subsample': 0.5822023751269219, 'colsample_bytree': 0.9984716209762532, 'min_child_weight': 4, 'gamma': 0.02370059826544546, 'n_estimators': 174}. Best is trial 6 with value: 0.7945205479452054.
[2025-12-05T03:27:33.513+0000] {logging_mixin.py:154} WARNING - Best trial: 6. Best value: 0.794521:  34%|###4      | 17/50 [00:05<00:07,  4.13it/s, 5.22/60 seconds]
[2025-12-05T03:27:33.513+0000] {logging_mixin.py:154} WARNING - Best trial: 6. Best value: 0.794521:  34%|###4      | 17/50 [00:05<00:07,  4.13it/s, 5.22/60 seconds]
[2025-12-05T03:27:33.514+0000] {logging_mixin.py:154} WARNING - Best trial: 6. Best value: 0.794521:  36%|###6      | 18/50 [00:05<00:08,  3.60it/s, 5.22/60 seconds]
[2025-12-05T03:27:33.514+0000] {logging_mixin.py:154} WARNING - Best trial: 6. Best value: 0.794521:  36%|###6      | 18/50 [00:05<00:08,  3.60it/s, 5.58/60 seconds]
[2025-12-05T03:27:33.802+0000] {logging_mixin.py:154} WARNING -                                                                                                      
[2025-12-05T03:27:33.802+0000] {logging_mixin.py:154} WARNING - 
[2025-12-05T03:27:33.802+0000] {logging_mixin.py:154} INFO - [I 2025-12-05 03:27:33,802] Trial 18 finished with value: 0.7874762808349146 and parameters: {'max_depth': 15, 'learning_rate': 0.17178329359598116, 'subsample': 0.5053763102374137, 'colsample_bytree': 0.8112090431597467, 'min_child_weight': 6, 'gamma': 2.5755343320753394, 'n_estimators': 416}. Best is trial 6 with value: 0.7945205479452054.
[2025-12-05T03:27:33.802+0000] {logging_mixin.py:154} WARNING - Best trial: 6. Best value: 0.794521:  36%|###6      | 18/50 [00:05<00:08,  3.60it/s, 5.58/60 seconds]
[2025-12-05T03:27:33.803+0000] {logging_mixin.py:154} WARNING - Best trial: 6. Best value: 0.794521:  36%|###6      | 18/50 [00:05<00:08,  3.60it/s, 5.58/60 seconds]
[2025-12-05T03:27:33.803+0000] {logging_mixin.py:154} WARNING - Best trial: 6. Best value: 0.794521:  38%|###8      | 19/50 [00:05<00:08,  3.55it/s, 5.58/60 seconds]
[2025-12-05T03:27:33.803+0000] {logging_mixin.py:154} WARNING - Best trial: 6. Best value: 0.794521:  38%|###8      | 19/50 [00:05<00:08,  3.55it/s, 5.87/60 seconds]
[2025-12-05T03:27:33.097+0000] {logging_mixin.py:154} WARNING -                                                                                                      
[2025-12-05T03:27:33.098+0000] {logging_mixin.py:154} WARNING - 
[2025-12-05T03:27:33.098+0000] {logging_mixin.py:154} INFO - [I 2025-12-05 03:27:33,097] Trial 19 finished with value: 0.7792813812412505 and parameters: {'max_depth': 3, 'learning_rate': 0.04420741311989277, 'subsample': 0.7457265639467195, 'colsample_bytree': 0.8908170721427574, 'min_child_weight': 4, 'gamma': 1.6374529382141045, 'n_estimators': 273}. Best is trial 6 with value: 0.7945205479452054.
[2025-12-05T03:27:33.098+0000] {logging_mixin.py:154} WARNING - Best trial: 6. Best value: 0.794521:  38%|###8      | 19/50 [00:05<00:08,  3.55it/s, 5.87/60 seconds]
[2025-12-05T03:27:33.098+0000] {logging_mixin.py:154} WARNING - Best trial: 6. Best value: 0.794521:  38%|###8      | 19/50 [00:05<00:08,  3.55it/s, 5.87/60 seconds]
[2025-12-05T03:27:33.098+0000] {logging_mixin.py:154} WARNING - Best trial: 6. Best value: 0.794521:  40%|####      | 20/50 [00:05<00:08,  3.55it/s, 5.16/60 seconds]
[2025-12-05T03:27:31.842+0000] {logging_mixin.py:154} WARNING -                                                                                                      
[2025-12-05T03:27:31.842+0000] {logging_mixin.py:154} WARNING - 
[2025-12-05T03:27:31.842+0000] {logging_mixin.py:154} INFO - [I 2025-12-05 03:27:31,842] Trial 20 finished with value: 0.7954971857410882 and parameters: {'max_depth': 9, 'learning_rate': 0.29732098169006504, 'subsample': 0.6786169270416595, 'colsample_bytree': 0.756803279094787, 'min_child_weight': 2, 'gamma': 3.7128791722634453, 'n_estimators': 322}. Best is trial 20 with value: 0.7954971857410882.
[2025-12-05T03:27:31.842+0000] {logging_mixin.py:154} WARNING - Best trial: 6. Best value: 0.794521:  40%|####      | 20/50 [00:03<00:08,  3.55it/s, 5.16/60 seconds]
[2025-12-05T03:27:31.842+0000] {logging_mixin.py:154} WARNING - Best trial: 20. Best value: 0.795497:  40%|####      | 20/50 [00:03<00:08,  3.55it/s, 5.16/60 seconds]
[2025-12-05T03:27:31.843+0000] {logging_mixin.py:154} WARNING - Best trial: 20. Best value: 0.795497:  42%|####2     | 21/50 [00:03<00:08,  3.55it/s, 3.91/60 seconds]
[2025-12-05T03:27:32.078+0000] {logging_mixin.py:154} WARNING -                                                                                                       
[2025-12-05T03:27:32.079+0000] {logging_mixin.py:154} WARNING - 
[2025-12-05T03:27:32.079+0000] {logging_mixin.py:154} INFO - [I 2025-12-05 03:27:32,078] Trial 21 finished with value: 0.7922932330827068 and parameters: {'max_depth': 9, 'learning_rate': 0.244117920117425, 'subsample': 0.6777131753829286, 'colsample_bytree': 0.7544285777459799, 'min_child_weight': 2, 'gamma': 3.648982699720358, 'n_estimators': 327}. Best is trial 20 with value: 0.7954971857410882.
[2025-12-05T03:27:32.079+0000] {logging_mixin.py:154} WARNING - Best trial: 20. Best value: 0.795497:  42%|####2     | 21/50 [00:04<00:08,  3.55it/s, 3.91/60 seconds]
[2025-12-05T03:27:32.079+0000] {logging_mixin.py:154} WARNING - Best trial: 20. Best value: 0.795497:  42%|####2     | 21/50 [00:04<00:08,  3.55it/s, 3.91/60 seconds]
[2025-12-05T03:27:32.079+0000] {logging_mixin.py:154} WARNING - Best trial: 20. Best value: 0.795497:  44%|####4     | 22/50 [00:04<00:07,  3.55it/s, 4.15/60 seconds]
[2025-12-05T03:27:32.244+0000] {logging_mixin.py:154} WARNING -                                                                                                       
[2025-12-05T03:27:32.244+0000] {logging_mixin.py:154} WARNING - 
[2025-12-05T03:27:32.244+0000] {logging_mixin.py:154} INFO - [I 2025-12-05 03:27:32,244] Trial 22 finished with value: 0.799623706491063 and parameters: {'max_depth': 10, 'learning_rate': 0.2888017200701533, 'subsample': 0.6607022444591759, 'colsample_bytree': 0.7537707692121094, 'min_child_weight': 2, 'gamma': 3.7461700799634294, 'n_estimators': 320}. Best is trial 22 with value: 0.799623706491063.
[2025-12-05T03:27:32.244+0000] {logging_mixin.py:154} WARNING - Best trial: 20. Best value: 0.795497:  44%|####4     | 22/50 [00:04<00:07,  3.55it/s, 4.15/60 seconds]
[2025-12-05T03:27:32.245+0000] {logging_mixin.py:154} WARNING - Best trial: 22. Best value: 0.799624:  44%|####4     | 22/50 [00:04<00:07,  3.55it/s, 4.15/60 seconds]
[2025-12-05T03:27:32.245+0000] {logging_mixin.py:154} WARNING - Best trial: 22. Best value: 0.799624:  46%|####6     | 23/50 [00:04<00:07,  3.55it/s, 4.31/60 seconds]
[2025-12-05T03:27:32.373+0000] {logging_mixin.py:154} WARNING -                                                                                                       
[2025-12-05T03:27:32.373+0000] {logging_mixin.py:154} WARNING - 
[2025-12-05T03:27:32.373+0000] {logging_mixin.py:154} INFO - [I 2025-12-05 03:27:32,373] Trial 23 finished with value: 0.788020589611605 and parameters: {'max_depth': 10, 'learning_rate': 0.2961731536915933, 'subsample': 0.6085923597933817, 'colsample_bytree': 0.7914544480320255, 'min_child_weight': 2, 'gamma': 3.9722762948702672, 'n_estimators': 235}. Best is trial 22 with value: 0.799623706491063.
[2025-12-05T03:27:32.373+0000] {logging_mixin.py:154} WARNING - Best trial: 22. Best value: 0.799624:  46%|####6     | 23/50 [00:04<00:07,  3.55it/s, 4.31/60 seconds]
[2025-12-05T03:27:32.374+0000] {logging_mixin.py:154} WARNING - Best trial: 22. Best value: 0.799624:  46%|####6     | 23/50 [00:04<00:07,  3.55it/s, 4.31/60 seconds]
[2025-12-05T03:27:32.374+0000] {logging_mixin.py:154} WARNING - Best trial: 22. Best value: 0.799624:  48%|####8     | 24/50 [00:04<00:07,  3.55it/s, 4.44/60 seconds]
[2025-12-05T03:27:34.729+0000] {logging_mixin.py:154} WARNING -                                                                                                       
[2025-12-05T03:27:34.730+0000] {logging_mixin.py:154} WARNING - 
[2025-12-05T03:27:34.730+0000] {logging_mixin.py:154} INFO - [I 2025-12-05 03:27:34,729] Trial 24 finished with value: 0.7937999060591827 and parameters: {'max_depth': 12, 'learning_rate': 0.2002865409368662, 'subsample': 0.6570109846625861, 'colsample_bytree': 0.7351396865390426, 'min_child_weight': 1, 'gamma': 2.858688422494272, 'n_estimators': 305}. Best is trial 22 with value: 0.799623706491063.
[2025-12-05T03:27:34.730+0000] {logging_mixin.py:154} WARNING - Best trial: 22. Best value: 0.799624:  48%|####8     | 24/50 [00:06<00:07,  3.55it/s, 4.44/60 seconds]
[2025-12-05T03:27:34.730+0000] {logging_mixin.py:154} WARNING - Best trial: 22. Best value: 0.799624:  48%|####8     | 24/50 [00:06<00:07,  3.55it/s, 4.44/60 seconds]
[2025-12-05T03:27:34.731+0000] {logging_mixin.py:154} WARNING - Best trial: 22. Best value: 0.799624:  50%|#####     | 25/50 [00:06<00:04,  5.26it/s, 4.44/60 seconds]
[2025-12-05T03:27:34.731+0000] {logging_mixin.py:154} WARNING - Best trial: 22. Best value: 0.799624:  50%|#####     | 25/50 [00:06<00:04,  5.26it/s, 6.80/60 seconds]
[2025-12-05T03:27:34.960+0000] {logging_mixin.py:154} WARNING -                                                                                                       
[2025-12-05T03:27:34.960+0000] {logging_mixin.py:154} WARNING - 
[2025-12-05T03:27:34.960+0000] {logging_mixin.py:154} INFO - [I 2025-12-05 03:27:34,960] Trial 25 finished with value: 0.7900422733677783 and parameters: {'max_depth': 10, 'learning_rate': 0.20961947322354735, 'subsample': 0.5687015336457728, 'colsample_bytree': 0.8293948872008855, 'min_child_weight': 2, 'gamma': 3.5624807669909075, 'n_estimators': 342}. Best is trial 22 with value: 0.799623706491063.
[2025-12-05T03:27:34.960+0000] {logging_mixin.py:154} WARNING - Best trial: 22. Best value: 0.799624:  50%|#####     | 25/50 [00:07<00:04,  5.26it/s, 6.80/60 seconds]
[2025-12-05T03:27:34.960+0000] {logging_mixin.py:154} WARNING - Best trial: 22. Best value: 0.799624:  50%|#####     | 25/50 [00:07<00:04,  5.26it/s, 6.80/60 seconds]
[2025-12-05T03:27:34.961+0000] {logging_mixin.py:154} WARNING - Best trial: 22. Best value: 0.799624:  52%|#####2    | 26/50 [00:07<00:04,  5.10it/s, 6.80/60 seconds]
[2025-12-05T03:27:34.961+0000] {logging_mixin.py:154} WARNING - Best trial: 22. Best value: 0.799624:  52%|#####2    | 26/50 [00:07<00:04,  5.10it/s, 7.03/60 seconds]
[2025-12-05T03:27:35.146+0000] {logging_mixin.py:154} WARNING -                                                                                                       
[2025-12-05T03:27:35.146+0000] {logging_mixin.py:154} WARNING - 
[2025-12-05T03:27:35.146+0000] {logging_mixin.py:154} INFO - [I 2025-12-05 03:27:35,146] Trial 26 finished with value: 0.7878220140515222 and parameters: {'max_depth': 12, 'learning_rate': 0.29377001692014637, 'subsample': 0.6203538805551275, 'colsample_bytree': 0.7678009926237688, 'min_child_weight': 4, 'gamma': 4.410808507510323, 'n_estimators': 253}. Best is trial 22 with value: 0.799623706491063.
[2025-12-05T03:27:35.146+0000] {logging_mixin.py:154} WARNING - Best trial: 22. Best value: 0.799624:  52%|#####2    | 26/50 [00:07<00:04,  5.10it/s, 7.03/60 seconds]
[2025-12-05T03:27:35.147+0000] {logging_mixin.py:154} WARNING - Best trial: 22. Best value: 0.799624:  52%|#####2    | 26/50 [00:07<00:04,  5.10it/s, 7.03/60 seconds]
[2025-12-05T03:27:35.147+0000] {logging_mixin.py:154} WARNING - Best trial: 22. Best value: 0.799624:  54%|#####4    | 27/50 [00:07<00:04,  5.15it/s, 7.03/60 seconds]
[2025-12-05T03:27:35.147+0000] {logging_mixin.py:154} WARNING - Best trial: 22. Best value: 0.799624:  54%|#####4    | 27/50 [00:07<00:04,  5.15it/s, 7.21/60 seconds]
[2025-12-05T03:27:35.356+0000] {logging_mixin.py:154} WARNING -                                                                                                       
[2025-12-05T03:27:35.356+0000] {logging_mixin.py:154} WARNING - 
[2025-12-05T03:27:35.356+0000] {logging_mixin.py:154} INFO - [I 2025-12-05 03:27:35,356] Trial 27 finished with value: 0.7863167760074977 and parameters: {'max_depth': 11, 'learning_rate': 0.1544407518639595, 'subsample': 0.6616130241462054, 'colsample_bytree': 0.7252533578583884, 'min_child_weight': 2, 'gamma': 3.7865738307168035, 'n_estimators': 199}. Best is trial 22 with value: 0.799623706491063.
[2025-12-05T03:27:35.356+0000] {logging_mixin.py:154} WARNING - Best trial: 22. Best value: 0.799624:  54%|#####4    | 27/50 [00:07<00:04,  5.15it/s, 7.21/60 seconds]
[2025-12-05T03:27:35.357+0000] {logging_mixin.py:154} WARNING - Best trial: 22. Best value: 0.799624:  54%|#####4    | 27/50 [00:07<00:04,  5.15it/s, 7.21/60 seconds]
[2025-12-05T03:27:35.357+0000] {logging_mixin.py:154} WARNING - Best trial: 22. Best value: 0.799624:  56%|#####6    | 28/50 [00:07<00:04,  5.07it/s, 7.21/60 seconds]
[2025-12-05T03:27:35.357+0000] {logging_mixin.py:154} WARNING - Best trial: 22. Best value: 0.799624:  56%|#####6    | 28/50 [00:07<00:04,  5.07it/s, 7.42/60 seconds]
[2025-12-05T03:27:35.663+0000] {logging_mixin.py:154} WARNING -                                                                                                       
[2025-12-05T03:27:35.663+0000] {logging_mixin.py:154} WARNING - 
