[2025-12-05T03:27:39.275+0000] {logging_mixin.py:154} INFO - [I 2025-12-05 03:27:39,274] Trial 44 finished with value: 0.7882797731568998 and parameters: {'max_depth': 13, 'learning_rate': 0.19574916859069427, 'subsample': 0.635063237728222, 'colsample_bytree': 0.7800771601402421, 'min_child_weight': 10, 'gamma': 2.7403117569279756, 'n_estimators': 358}. Best is trial 22 with value: 0.799623706491063.
[2025-12-05T03:27:39.275+0000] {logging_mixin.py:154} WARNING - Best trial: 22. Best value: 0.799624:  88%|########8 | 44/50 [00:11<00:01,  5.37it/s, 11.14/60 seconds]
[2025-12-05T03:27:39.275+0000] {logging_mixin.py:154} WARNING - Best trial: 22. Best value: 0.799624:  88%|########8 | 44/50 [00:11<00:01,  5.37it/s, 11.14/60 seconds]
[2025-12-05T03:27:39.275+0000] {logging_mixin.py:154} WARNING - Best trial: 22. Best value: 0.799624:  90%|######### | 45/50 [00:11<00:00,  5.27it/s, 11.14/60 seconds]
[2025-12-05T03:27:39.275+0000] {logging_mixin.py:154} WARNING - Best trial: 22. Best value: 0.799624:  90%|######### | 45/50 [00:11<00:00,  5.27it/s, 11.34/60 seconds]
[2025-12-05T03:27:39.639+0000] {logging_mixin.py:154} WARNING -                                                                                                        
[2025-12-05T03:27:39.639+0000] {logging_mixin.py:154} WARNING - 
[2025-12-05T03:27:39.639+0000] {logging_mixin.py:154} INFO - [I 2025-12-05 03:27:39,639] Trial 45 finished with value: 0.7898448519040904 and parameters: {'max_depth': 9, 'learning_rate': 0.2655116211872589, 'subsample': 0.6070451153909954, 'colsample_bytree': 0.8572906393500376, 'min_child_weight': 3, 'gamma': 2.710719278966759, 'n_estimators': 196}. Best is trial 22 with value: 0.799623706491063.
[2025-12-05T03:27:39.640+0000] {logging_mixin.py:154} WARNING - Best trial: 22. Best value: 0.799624:  90%|######### | 45/50 [00:11<00:00,  5.27it/s, 11.34/60 seconds]
[2025-12-05T03:27:39.640+0000] {logging_mixin.py:154} WARNING - Best trial: 22. Best value: 0.799624:  90%|######### | 45/50 [00:11<00:00,  5.27it/s, 11.34/60 seconds]
[2025-12-05T03:27:39.640+0000] {logging_mixin.py:154} WARNING - Best trial: 22. Best value: 0.799624:  92%|#########2| 46/50 [00:11<00:00,  4.25it/s, 11.34/60 seconds]
[2025-12-05T03:27:39.640+0000] {logging_mixin.py:154} WARNING - Best trial: 22. Best value: 0.799624:  92%|#########2| 46/50 [00:11<00:00,  4.25it/s, 11.71/60 seconds]
[2025-12-05T03:27:39.840+0000] {logging_mixin.py:154} WARNING -                                                                                                        
[2025-12-05T03:27:39.841+0000] {logging_mixin.py:154} WARNING - 
[2025-12-05T03:27:39.841+0000] {logging_mixin.py:154} INFO - [I 2025-12-05 03:27:39,840] Trial 46 finished with value: 0.7941729323308271 and parameters: {'max_depth': 11, 'learning_rate': 0.2147618035337134, 'subsample': 0.5775490480258507, 'colsample_bytree': 0.6841787747408874, 'min_child_weight': 2, 'gamma': 3.0419367909208725, 'n_estimators': 228}. Best is trial 22 with value: 0.799623706491063.
[2025-12-05T03:27:39.841+0000] {logging_mixin.py:154} WARNING - Best trial: 22. Best value: 0.799624:  92%|#########2| 46/50 [00:11<00:00,  4.25it/s, 11.71/60 seconds]
[2025-12-05T03:27:39.841+0000] {logging_mixin.py:154} WARNING - Best trial: 22. Best value: 0.799624:  92%|#########2| 46/50 [00:11<00:00,  4.25it/s, 11.71/60 seconds]
[2025-12-05T03:27:39.841+0000] {logging_mixin.py:154} WARNING - Best trial: 22. Best value: 0.799624:  94%|#########3| 47/50 [00:11<00:00,  4.42it/s, 11.71/60 seconds]
[2025-12-05T03:27:39.841+0000] {logging_mixin.py:154} WARNING - Best trial: 22. Best value: 0.799624:  94%|#########3| 47/50 [00:11<00:00,  4.42it/s, 11.91/60 seconds]
[2025-12-05T03:27:40.128+0000] {logging_mixin.py:154} WARNING -                                                                                                        
[2025-12-05T03:27:40.129+0000] {logging_mixin.py:154} WARNING - 
[2025-12-05T03:27:40.129+0000] {logging_mixin.py:154} INFO - [I 2025-12-05 03:27:40,128] Trial 47 finished with value: 0.7803716055264412 and parameters: {'max_depth': 10, 'learning_rate': 0.21780155167499426, 'subsample': 0.564286035042707, 'colsample_bytree': 0.675553077830139, 'min_child_weight': 8, 'gamma': 3.0072862046467836, 'n_estimators': 240}. Best is trial 22 with value: 0.799623706491063.
[2025-12-05T03:27:40.129+0000] {logging_mixin.py:154} WARNING - Best trial: 22. Best value: 0.799624:  94%|#########3| 47/50 [00:12<00:00,  4.42it/s, 11.91/60 seconds]
[2025-12-05T03:27:40.129+0000] {logging_mixin.py:154} WARNING - Best trial: 22. Best value: 0.799624:  94%|#########3| 47/50 [00:12<00:00,  4.42it/s, 11.91/60 seconds]
[2025-12-05T03:27:40.129+0000] {logging_mixin.py:154} WARNING - Best trial: 22. Best value: 0.799624:  96%|#########6| 48/50 [00:12<00:00,  4.11it/s, 11.91/60 seconds]
[2025-12-05T03:27:40.129+0000] {logging_mixin.py:154} WARNING - Best trial: 22. Best value: 0.799624:  96%|#########6| 48/50 [00:12<00:00,  4.11it/s, 12.20/60 seconds]
[2025-12-05T03:27:40.263+0000] {logging_mixin.py:154} WARNING -                                                                                                        
[2025-12-05T03:27:40.263+0000] {logging_mixin.py:154} WARNING - 
[2025-12-05T03:27:40.263+0000] {logging_mixin.py:154} INFO - [I 2025-12-05 03:27:40,263] Trial 48 finished with value: 0.7981132075471697 and parameters: {'max_depth': 7, 'learning_rate': 0.16190195790333486, 'subsample': 0.591354666366511, 'colsample_bytree': 0.7062082794203216, 'min_child_weight': 2, 'gamma': 2.456956993153653, 'n_estimators': 226}. Best is trial 22 with value: 0.799623706491063.
[2025-12-05T03:27:40.264+0000] {logging_mixin.py:154} WARNING - Best trial: 22. Best value: 0.799624:  96%|#########6| 48/50 [00:12<00:00,  4.11it/s, 12.20/60 seconds]
[2025-12-05T03:27:40.264+0000] {logging_mixin.py:154} WARNING - Best trial: 22. Best value: 0.799624:  96%|#########6| 48/50 [00:12<00:00,  4.11it/s, 12.20/60 seconds]
[2025-12-05T03:27:40.264+0000] {logging_mixin.py:154} WARNING - Best trial: 22. Best value: 0.799624:  98%|#########8| 49/50 [00:12<00:00,  4.71it/s, 12.20/60 seconds]
[2025-12-05T03:27:40.264+0000] {logging_mixin.py:154} WARNING - Best trial: 22. Best value: 0.799624:  98%|#########8| 49/50 [00:12<00:00,  4.71it/s, 12.33/60 seconds]
[2025-12-05T03:27:40.401+0000] {logging_mixin.py:154} WARNING -                                                                                                        
[2025-12-05T03:27:40.402+0000] {logging_mixin.py:154} WARNING - 
