[2025-12-05T03:27:35.663+0000] {logging_mixin.py:154} INFO - [I 2025-12-05 03:27:35,663] Trial 28 finished with value: 0.7857482185273159 and parameters: {'max_depth': 8, 'learning_rate': 0.2171455535777444, 'subsample': 0.546219024858076, 'colsample_bytree': 0.794694790554928, 'min_child_weight': 5, 'gamma': 3.3230655973243, 'n_estimators': 431}. Best is trial 22 with value: 0.799623706491063.
[2025-12-05T03:27:35.663+0000] {logging_mixin.py:154} WARNING - Best trial: 22. Best value: 0.799624:  56%|#####6    | 28/50 [00:07<00:04,  5.07it/s, 7.42/60 seconds]
[2025-12-05T03:27:35.664+0000] {logging_mixin.py:154} WARNING - Best trial: 22. Best value: 0.799624:  56%|#####6    | 28/50 [00:07<00:04,  5.07it/s, 7.42/60 seconds]
[2025-12-05T03:27:35.664+0000] {logging_mixin.py:154} WARNING - Best trial: 22. Best value: 0.799624:  58%|#####8    | 29/50 [00:07<00:04,  4.51it/s, 7.42/60 seconds]
[2025-12-05T03:27:35.664+0000] {logging_mixin.py:154} WARNING - Best trial: 22. Best value: 0.799624:  58%|#####8    | 29/50 [00:07<00:04,  4.51it/s, 7.73/60 seconds]
[2025-12-05T03:27:35.980+0000] {logging_mixin.py:154} WARNING -                                                                                                       
[2025-12-05T03:27:35.980+0000] {logging_mixin.py:154} WARNING - 
[2025-12-05T03:27:35.980+0000] {logging_mixin.py:154} INFO - [I 2025-12-05 03:27:35,980] Trial 29 finished with value: 0.7881075979235488 and parameters: {'max_depth': 6, 'learning_rate': 0.24319645657859573, 'subsample': 0.6124822663159598, 'colsample_bytree': 0.8072376548021633, 'min_child_weight': 1, 'gamma': 2.847187050396487, 'n_estimators': 290}. Best is trial 22 with value: 0.799623706491063.
[2025-12-05T03:27:35.981+0000] {logging_mixin.py:154} WARNING - Best trial: 22. Best value: 0.799624:  58%|#####8    | 29/50 [00:08<00:04,  4.51it/s, 7.73/60 seconds]
[2025-12-05T03:27:35.981+0000] {logging_mixin.py:154} WARNING - Best trial: 22. Best value: 0.799624:  58%|#####8    | 29/50 [00:08<00:04,  4.51it/s, 7.73/60 seconds]
[2025-12-05T03:27:35.981+0000] {logging_mixin.py:154} WARNING - Best trial: 22. Best value: 0.799624:  60%|######    | 30/50 [00:08<00:04,  4.09it/s, 7.73/60 seconds]
[2025-12-05T03:27:35.981+0000] {logging_mixin.py:154} WARNING - Best trial: 22. Best value: 0.799624:  60%|######    | 30/50 [00:08<00:04,  4.09it/s, 8.05/60 seconds]
[2025-12-05T03:27:36.110+0000] {logging_mixin.py:154} WARNING -                                                                                                       
[2025-12-05T03:27:36.110+0000] {logging_mixin.py:154} WARNING - 
[2025-12-05T03:27:36.110+0000] {logging_mixin.py:154} INFO - [I 2025-12-05 03:27:36,110] Trial 30 finished with value: 0.7898686679174483 and parameters: {'max_depth': 15, 'learning_rate': 0.17397444259530553, 'subsample': 0.7254426108920368, 'colsample_bytree': 0.7467303713429848, 'min_child_weight': 2, 'gamma': 4.125575629298687, 'n_estimators': 59}. Best is trial 22 with value: 0.799623706491063.
[2025-12-05T03:27:36.110+0000] {logging_mixin.py:154} WARNING - Best trial: 22. Best value: 0.799624:  60%|######    | 30/50 [00:08<00:04,  4.09it/s, 8.05/60 seconds]
[2025-12-05T03:27:36.111+0000] {logging_mixin.py:154} WARNING - Best trial: 22. Best value: 0.799624:  60%|######    | 30/50 [00:08<00:04,  4.09it/s, 8.05/60 seconds]
[2025-12-05T03:27:36.111+0000] {logging_mixin.py:154} WARNING - Best trial: 22. Best value: 0.799624:  62%|######2   | 31/50 [00:08<00:04,  4.65it/s, 8.05/60 seconds]
[2025-12-05T03:27:36.111+0000] {logging_mixin.py:154} WARNING - Best trial: 22. Best value: 0.799624:  62%|######2   | 31/50 [00:08<00:04,  4.65it/s, 8.18/60 seconds]
[2025-12-05T03:27:36.237+0000] {logging_mixin.py:154} WARNING -                                                                                                       
[2025-12-05T03:27:36.237+0000] {logging_mixin.py:154} WARNING - 
[2025-12-05T03:27:36.237+0000] {logging_mixin.py:154} INFO - [I 2025-12-05 03:27:36,237] Trial 31 finished with value: 0.7883074021687884 and parameters: {'max_depth': 13, 'learning_rate': 0.22317814378777237, 'subsample': 0.6605119060623482, 'colsample_bytree': 0.7280189871055536, 'min_child_weight': 1, 'gamma': 2.928754650549913, 'n_estimators': 301}. Best is trial 22 with value: 0.799623706491063.
[2025-12-05T03:27:36.237+0000] {logging_mixin.py:154} WARNING - Best trial: 22. Best value: 0.799624:  62%|######2   | 31/50 [00:08<00:04,  4.65it/s, 8.18/60 seconds]
[2025-12-05T03:27:36.238+0000] {logging_mixin.py:154} WARNING - Best trial: 22. Best value: 0.799624:  62%|######2   | 31/50 [00:08<00:04,  4.65it/s, 8.18/60 seconds]
[2025-12-05T03:27:36.238+0000] {logging_mixin.py:154} WARNING - Best trial: 22. Best value: 0.799624:  64%|######4   | 32/50 [00:08<00:03,  5.22it/s, 8.18/60 seconds]
[2025-12-05T03:27:36.238+0000] {logging_mixin.py:154} WARNING - Best trial: 22. Best value: 0.799624:  64%|######4   | 32/50 [00:08<00:03,  5.22it/s, 8.30/60 seconds]
[2025-12-05T03:27:36.360+0000] {logging_mixin.py:154} WARNING -                                                                                                       
[2025-12-05T03:27:36.360+0000] {logging_mixin.py:154} WARNING - 
[2025-12-05T03:27:36.360+0000] {logging_mixin.py:154} INFO - [I 2025-12-05 03:27:36,360] Trial 32 finished with value: 0.7936802973977695 and parameters: {'max_depth': 11, 'learning_rate': 0.29178617567840454, 'subsample': 0.6451221656405878, 'colsample_bytree': 0.7876282214590115, 'min_child_weight': 1, 'gamma': 3.2341108883258967, 'n_estimators': 131}. Best is trial 22 with value: 0.799623706491063.
[2025-12-05T03:27:36.360+0000] {logging_mixin.py:154} WARNING - Best trial: 22. Best value: 0.799624:  64%|######4   | 32/50 [00:08<00:03,  5.22it/s, 8.30/60 seconds]
[2025-12-05T03:27:36.361+0000] {logging_mixin.py:154} WARNING - Best trial: 22. Best value: 0.799624:  64%|######4   | 32/50 [00:08<00:03,  5.22it/s, 8.30/60 seconds]
[2025-12-05T03:27:36.361+0000] {logging_mixin.py:154} WARNING - Best trial: 22. Best value: 0.799624:  66%|######6   | 33/50 [00:08<00:02,  5.79it/s, 8.30/60 seconds]
[2025-12-05T03:27:36.361+0000] {logging_mixin.py:154} WARNING - Best trial: 22. Best value: 0.799624:  66%|######6   | 33/50 [00:08<00:02,  5.79it/s, 8.43/60 seconds]
[2025-12-05T03:27:36.962+0000] {logging_mixin.py:154} WARNING -                                                                                                       
[2025-12-05T03:27:36.963+0000] {logging_mixin.py:154} WARNING - 
[2025-12-05T03:27:36.963+0000] {logging_mixin.py:154} INFO - [I 2025-12-05 03:27:36,962] Trial 33 finished with value: 0.7890772128060263 and parameters: {'max_depth': 13, 'learning_rate': 0.19107417716983646, 'subsample': 0.6815612813384653, 'colsample_bytree': 0.7514535312770341, 'min_child_weight': 3, 'gamma': 3.7793160403582253, 'n_estimators': 359}. Best is trial 22 with value: 0.799623706491063.
[2025-12-05T03:27:36.963+0000] {logging_mixin.py:154} WARNING - Best trial: 22. Best value: 0.799624:  66%|######6   | 33/50 [00:09<00:02,  5.79it/s, 8.43/60 seconds]
[2025-12-05T03:27:36.963+0000] {logging_mixin.py:154} WARNING - Best trial: 22. Best value: 0.799624:  66%|######6   | 33/50 [00:09<00:02,  5.79it/s, 8.43/60 seconds]
[2025-12-05T03:27:36.964+0000] {logging_mixin.py:154} WARNING - Best trial: 22. Best value: 0.799624:  68%|######8   | 34/50 [00:09<00:04,  3.40it/s, 8.43/60 seconds]
[2025-12-05T03:27:36.964+0000] {logging_mixin.py:154} WARNING - Best trial: 22. Best value: 0.799624:  68%|######8   | 34/50 [00:09<00:04,  3.40it/s, 9.03/60 seconds]
[2025-12-05T03:27:37.125+0000] {logging_mixin.py:154} WARNING -                                                                                                       
[2025-12-05T03:27:37.125+0000] {logging_mixin.py:154} WARNING - 
[2025-12-05T03:27:37.125+0000] {logging_mixin.py:154} INFO - [I 2025-12-05 03:27:37,124] Trial 34 finished with value: 0.7932330827067668 and parameters: {'max_depth': 12, 'learning_rate': 0.23788901404665022, 'subsample': 0.6412598509772234, 'colsample_bytree': 0.8645151530186234, 'min_child_weight': 1, 'gamma': 2.823606027754797, 'n_estimators': 310}. Best is trial 22 with value: 0.799623706491063.
[2025-12-05T03:27:37.125+0000] {logging_mixin.py:154} WARNING - Best trial: 22. Best value: 0.799624:  68%|######8   | 34/50 [00:09<00:04,  3.40it/s, 9.03/60 seconds]
[2025-12-05T03:27:37.125+0000] {logging_mixin.py:154} WARNING - Best trial: 22. Best value: 0.799624:  68%|######8   | 34/50 [00:09<00:04,  3.40it/s, 9.03/60 seconds]
[2025-12-05T03:27:37.125+0000] {logging_mixin.py:154} WARNING - Best trial: 22. Best value: 0.799624:  70%|#######   | 35/50 [00:09<00:03,  3.90it/s, 9.03/60 seconds]
[2025-12-05T03:27:37.126+0000] {logging_mixin.py:154} WARNING - Best trial: 22. Best value: 0.799624:  70%|#######   | 35/50 [00:09<00:03,  3.90it/s, 9.19/60 seconds]
[2025-12-05T03:27:37.412+0000] {logging_mixin.py:154} WARNING -                                                                                                       
[2025-12-05T03:27:37.413+0000] {logging_mixin.py:154} WARNING - 
[2025-12-05T03:27:37.413+0000] {logging_mixin.py:154} INFO - [I 2025-12-05 03:27:37,412] Trial 35 finished with value: 0.7874237447207884 and parameters: {'max_depth': 14, 'learning_rate': 0.15511690888776442, 'subsample': 0.6882246053491313, 'colsample_bytree': 0.8215527759466673, 'min_child_weight': 2, 'gamma': 4.326872424543696, 'n_estimators': 262}. Best is trial 22 with value: 0.799623706491063.
[2025-12-05T03:27:37.413+0000] {logging_mixin.py:154} WARNING - Best trial: 22. Best value: 0.799624:  70%|#######   | 35/50 [00:09<00:03,  3.90it/s, 9.19/60 seconds]
[2025-12-05T03:27:37.413+0000] {logging_mixin.py:154} WARNING - Best trial: 22. Best value: 0.799624:  70%|#######   | 35/50 [00:09<00:03,  3.90it/s, 9.19/60 seconds]
[2025-12-05T03:27:37.413+0000] {logging_mixin.py:154} WARNING - Best trial: 22. Best value: 0.799624:  72%|#######2  | 36/50 [00:09<00:03,  3.77it/s, 9.19/60 seconds]
[2025-12-05T03:27:37.414+0000] {logging_mixin.py:154} WARNING - Best trial: 22. Best value: 0.799624:  72%|#######2  | 36/50 [00:09<00:03,  3.77it/s, 9.48/60 seconds]
[2025-12-05T03:27:37.745+0000] {logging_mixin.py:154} WARNING -                                                                                                       
[2025-12-05T03:27:37.746+0000] {logging_mixin.py:154} WARNING - 
[2025-12-05T03:27:37.746+0000] {logging_mixin.py:154} INFO - [I 2025-12-05 03:27:37,745] Trial 36 finished with value: 0.7846663511594889 and parameters: {'max_depth': 11, 'learning_rate': 0.2983853978997117, 'subsample': 0.5975239277510864, 'colsample_bytree': 0.7762290887321446, 'min_child_weight': 3, 'gamma': 3.512585546453049, 'n_estimators': 335}. Best is trial 22 with value: 0.799623706491063.
[2025-12-05T03:27:37.746+0000] {logging_mixin.py:154} WARNING - Best trial: 22. Best value: 0.799624:  72%|#######2  | 36/50 [00:09<00:03,  3.77it/s, 9.48/60 seconds]
[2025-12-05T03:27:37.746+0000] {logging_mixin.py:154} WARNING - Best trial: 22. Best value: 0.799624:  72%|#######2  | 36/50 [00:09<00:03,  3.77it/s, 9.48/60 seconds]
[2025-12-05T03:27:37.746+0000] {logging_mixin.py:154} WARNING - Best trial: 22. Best value: 0.799624:  74%|#######4  | 37/50 [00:09<00:03,  3.51it/s, 9.48/60 seconds]
[2025-12-05T03:27:37.746+0000] {logging_mixin.py:154} WARNING - Best trial: 22. Best value: 0.799624:  74%|#######4  | 37/50 [00:09<00:03,  3.51it/s, 9.81/60 seconds]
[2025-12-05T03:27:37.875+0000] {logging_mixin.py:154} WARNING -                                                                                                       
[2025-12-05T03:27:37.876+0000] {logging_mixin.py:154} WARNING - 
[2025-12-05T03:27:37.876+0000] {logging_mixin.py:154} INFO - [I 2025-12-05 03:27:37,875] Trial 37 finished with value: 0.7893007977475364 and parameters: {'max_depth': 14, 'learning_rate': 0.20973744807701775, 'subsample': 0.6771373259337722, 'colsample_bytree': 0.7002996317419722, 'min_child_weight': 5, 'gamma': 4.991417930830016, 'n_estimators': 117}. Best is trial 22 with value: 0.799623706491063.
[2025-12-05T03:27:37.876+0000] {logging_mixin.py:154} WARNING - Best trial: 22. Best value: 0.799624:  74%|#######4  | 37/50 [00:09<00:03,  3.51it/s, 9.81/60 seconds]
[2025-12-05T03:27:37.876+0000] {logging_mixin.py:154} WARNING - Best trial: 22. Best value: 0.799624:  74%|#######4  | 37/50 [00:09<00:03,  3.51it/s, 9.81/60 seconds]
[2025-12-05T03:27:37.876+0000] {logging_mixin.py:154} WARNING - Best trial: 22. Best value: 0.799624:  76%|#######6  | 38/50 [00:09<00:02,  4.18it/s, 9.81/60 seconds]
[2025-12-05T03:27:37.876+0000] {logging_mixin.py:154} WARNING - Best trial: 22. Best value: 0.799624:  76%|#######6  | 38/50 [00:09<00:02,  4.18it/s, 9.94/60 seconds]
[2025-12-05T03:27:38.073+0000] {logging_mixin.py:154} WARNING -                                                                                                       
[2025-12-05T03:27:38.073+0000] {logging_mixin.py:154} WARNING - 
[2025-12-05T03:27:38.073+0000] {logging_mixin.py:154} INFO - [I 2025-12-05 03:27:38,072] Trial 38 finished with value: 0.7886792452830188 and parameters: {'max_depth': 9, 'learning_rate': 0.24413807503116688, 'subsample': 0.6543363040195738, 'colsample_bytree': 0.7374387585816288, 'min_child_weight': 2, 'gamma': 3.1808845202944283, 'n_estimators': 298}. Best is trial 22 with value: 0.799623706491063.
[2025-12-05T03:27:38.073+0000] {logging_mixin.py:154} WARNING - Best trial: 22. Best value: 0.799624:  76%|#######6  | 38/50 [00:10<00:02,  4.18it/s, 9.94/60 seconds]
[2025-12-05T03:27:38.073+0000] {logging_mixin.py:154} WARNING - Best trial: 22. Best value: 0.799624:  76%|#######6  | 38/50 [00:10<00:02,  4.18it/s, 9.94/60 seconds]
[2025-12-05T03:27:38.073+0000] {logging_mixin.py:154} WARNING - Best trial: 22. Best value: 0.799624:  78%|#######8  | 39/50 [00:10<00:02,  4.41it/s, 9.94/60 seconds]
[2025-12-05T03:27:38.074+0000] {logging_mixin.py:154} WARNING - Best trial: 22. Best value: 0.799624:  78%|#######8  | 39/50 [00:10<00:02,  4.41it/s, 10.14/60 seconds]
[2025-12-05T03:27:38.202+0000] {logging_mixin.py:154} WARNING -                                                                                                        
[2025-12-05T03:27:38.202+0000] {logging_mixin.py:154} WARNING - 
[2025-12-05T03:27:38.202+0000] {logging_mixin.py:154} INFO - [I 2025-12-05 03:27:38,201] Trial 39 finished with value: 0.7856141989724427 and parameters: {'max_depth': 5, 'learning_rate': 0.1817405595204955, 'subsample': 0.7443692531794522, 'colsample_bytree': 0.6464056736893695, 'min_child_weight': 4, 'gamma': 3.8946730818410353, 'n_estimators': 252}. Best is trial 22 with value: 0.799623706491063.
[2025-12-05T03:27:38.202+0000] {logging_mixin.py:154} WARNING - Best trial: 22. Best value: 0.799624:  78%|#######8  | 39/50 [00:10<00:02,  4.41it/s, 10.14/60 seconds]
[2025-12-05T03:27:38.202+0000] {logging_mixin.py:154} WARNING - Best trial: 22. Best value: 0.799624:  78%|#######8  | 39/50 [00:10<00:02,  4.41it/s, 10.14/60 seconds]
[2025-12-05T03:27:38.202+0000] {logging_mixin.py:154} WARNING - Best trial: 22. Best value: 0.799624:  80%|########  | 40/50 [00:10<00:01,  5.06it/s, 10.14/60 seconds]
[2025-12-05T03:27:38.202+0000] {logging_mixin.py:154} WARNING - Best trial: 22. Best value: 0.799624:  80%|########  | 40/50 [00:10<00:01,  5.06it/s, 10.27/60 seconds]
[2025-12-05T03:27:38.684+0000] {logging_mixin.py:154} WARNING -                                                                                                        
[2025-12-05T03:27:38.684+0000] {logging_mixin.py:154} WARNING - 
[2025-12-05T03:27:38.684+0000] {logging_mixin.py:154} INFO - [I 2025-12-05 03:27:38,684] Trial 40 finished with value: 0.7900422733677783 and parameters: {'max_depth': 4, 'learning_rate': 0.13822247771722157, 'subsample': 0.7682931120819217, 'colsample_bytree': 0.830212887993699, 'min_child_weight': 1, 'gamma': 2.4428505096685167, 'n_estimators': 400}. Best is trial 22 with value: 0.799623706491063.
[2025-12-05T03:27:38.684+0000] {logging_mixin.py:154} WARNING - Best trial: 22. Best value: 0.799624:  80%|########  | 40/50 [00:10<00:01,  5.06it/s, 10.27/60 seconds]
[2025-12-05T03:27:38.685+0000] {logging_mixin.py:154} WARNING - Best trial: 22. Best value: 0.799624:  80%|########  | 40/50 [00:10<00:01,  5.06it/s, 10.27/60 seconds]
[2025-12-05T03:27:38.685+0000] {logging_mixin.py:154} WARNING - Best trial: 22. Best value: 0.799624:  82%|########2 | 41/50 [00:10<00:02,  3.54it/s, 10.27/60 seconds]
[2025-12-05T03:27:38.685+0000] {logging_mixin.py:154} WARNING - Best trial: 22. Best value: 0.799624:  82%|########2 | 41/50 [00:10<00:02,  3.54it/s, 10.75/60 seconds]
[2025-12-05T03:27:38.836+0000] {logging_mixin.py:154} WARNING -                                                                                                        
[2025-12-05T03:27:38.836+0000] {logging_mixin.py:154} WARNING - 
[2025-12-05T03:27:38.837+0000] {logging_mixin.py:154} INFO - [I 2025-12-05 03:27:38,836] Trial 41 finished with value: 0.7920792079207921 and parameters: {'max_depth': 10, 'learning_rate': 0.26421338540410455, 'subsample': 0.6310529240110743, 'colsample_bytree': 0.7810296825773446, 'min_child_weight': 1, 'gamma': 3.2360384897666252, 'n_estimators': 154}. Best is trial 22 with value: 0.799623706491063.
[2025-12-05T03:27:38.837+0000] {logging_mixin.py:154} WARNING - Best trial: 22. Best value: 0.799624:  82%|########2 | 41/50 [00:10<00:02,  3.54it/s, 10.75/60 seconds]
[2025-12-05T03:27:38.837+0000] {logging_mixin.py:154} WARNING - Best trial: 22. Best value: 0.799624:  82%|########2 | 41/50 [00:10<00:02,  3.54it/s, 10.75/60 seconds]
[2025-12-05T03:27:38.837+0000] {logging_mixin.py:154} WARNING - Best trial: 22. Best value: 0.799624:  84%|########4 | 42/50 [00:10<00:01,  4.10it/s, 10.75/60 seconds]
[2025-12-05T03:27:38.837+0000] {logging_mixin.py:154} WARNING - Best trial: 22. Best value: 0.799624:  84%|########4 | 42/50 [00:10<00:01,  4.10it/s, 10.90/60 seconds]
[2025-12-05T03:27:38.926+0000] {logging_mixin.py:154} WARNING -                                                                                                        
[2025-12-05T03:27:38.926+0000] {logging_mixin.py:154} WARNING - 
[2025-12-05T03:27:38.927+0000] {logging_mixin.py:154} INFO - [I 2025-12-05 03:27:38,926] Trial 42 finished with value: 0.7847744360902256 and parameters: {'max_depth': 11, 'learning_rate': 0.2936474560401241, 'subsample': 0.6522997854739117, 'colsample_bytree': 0.7982283231826139, 'min_child_weight': 1, 'gamma': 3.076943536336121, 'n_estimators': 112}. Best is trial 22 with value: 0.799623706491063.
[2025-12-05T03:27:38.927+0000] {logging_mixin.py:154} WARNING - Best trial: 22. Best value: 0.799624:  84%|########4 | 42/50 [00:10<00:01,  4.10it/s, 10.90/60 seconds]
[2025-12-05T03:27:38.927+0000] {logging_mixin.py:154} WARNING - Best trial: 22. Best value: 0.799624:  84%|########4 | 42/50 [00:10<00:01,  4.10it/s, 10.90/60 seconds]
[2025-12-05T03:27:38.927+0000] {logging_mixin.py:154} WARNING - Best trial: 22. Best value: 0.799624:  86%|########6 | 43/50 [00:10<00:01,  4.10it/s, 10.99/60 seconds]
[2025-12-05T03:27:39.074+0000] {logging_mixin.py:154} WARNING -                                                                                                        
[2025-12-05T03:27:39.074+0000] {logging_mixin.py:154} WARNING - 
[2025-12-05T03:27:39.074+0000] {logging_mixin.py:154} INFO - [I 2025-12-05 03:27:39,074] Trial 43 finished with value: 0.7934117647058824 and parameters: {'max_depth': 12, 'learning_rate': 0.2494120470331246, 'subsample': 0.7053084671382666, 'colsample_bytree': 0.7500905207810826, 'min_child_weight': 1, 'gamma': 3.443044873559862, 'n_estimators': 282}. Best is trial 22 with value: 0.799623706491063.
[2025-12-05T03:27:39.075+0000] {logging_mixin.py:154} WARNING - Best trial: 22. Best value: 0.799624:  86%|########6 | 43/50 [00:11<00:01,  4.10it/s, 10.99/60 seconds]
[2025-12-05T03:27:39.075+0000] {logging_mixin.py:154} WARNING - Best trial: 22. Best value: 0.799624:  86%|########6 | 43/50 [00:11<00:01,  4.10it/s, 10.99/60 seconds]
[2025-12-05T03:27:39.075+0000] {logging_mixin.py:154} WARNING - Best trial: 22. Best value: 0.799624:  88%|########8 | 44/50 [00:11<00:01,  5.37it/s, 10.99/60 seconds]
[2025-12-05T03:27:39.075+0000] {logging_mixin.py:154} WARNING - Best trial: 22. Best value: 0.799624:  88%|########8 | 44/50 [00:11<00:01,  5.37it/s, 11.14/60 seconds]
[2025-12-05T03:27:39.274+0000] {logging_mixin.py:154} WARNING -                                                                                                        
[2025-12-05T03:27:39.275+0000] {logging_mixin.py:154} WARNING - 
