[2025-12-05T03:20:24.391+0000] {logging_mixin.py:154} INFO - [I 2025-12-05 03:20:24,391] Trial 43 finished with value: 0.7844474761255116 and parameters: {'max_depth': 12, 'learning_rate': 0.026335260748485814, 'subsample': 0.86687736502095, 'colsample_bytree': 0.6963176584926773, 'min_child_weight': 5, 'gamma': 2.1785864483220423, 'n_estimators': 464}. Best is trial 33 with value: 0.7899388171312032.
[2025-12-05T03:20:24.392+0000] {logging_mixin.py:154} WARNING - Best trial: 33. Best value: 0.789939:  86%|########6 | 43/50 [00:58<00:04,  1.59it/s, 57.92/60 seconds]
[2025-12-05T03:20:24.392+0000] {logging_mixin.py:154} WARNING - Best trial: 33. Best value: 0.789939:  86%|########6 | 43/50 [00:58<00:04,  1.59it/s, 57.92/60 seconds]
[2025-12-05T03:20:24.392+0000] {logging_mixin.py:154} WARNING - Best trial: 33. Best value: 0.789939:  88%|########8 | 44/50 [00:58<00:03,  1.77it/s, 57.92/60 seconds]
[2025-12-05T03:20:24.392+0000] {logging_mixin.py:154} WARNING - Best trial: 33. Best value: 0.789939:  88%|########8 | 44/50 [00:58<00:03,  1.77it/s, 58.33/60 seconds]
[2025-12-05T03:20:24.869+0000] {logging_mixin.py:154} WARNING -                                                                                                        
[2025-12-05T03:20:24.870+0000] {logging_mixin.py:154} WARNING - 
[2025-12-05T03:20:24.870+0000] {logging_mixin.py:154} INFO - [I 2025-12-05 03:20:24,869] Trial 44 finished with value: 0.7847670860251615 and parameters: {'max_depth': 10, 'learning_rate': 0.03202908944265319, 'subsample': 0.7927197917342053, 'colsample_bytree': 0.6694019919257268, 'min_child_weight': 4, 'gamma': 1.2470630519168755, 'n_estimators': 412}. Best is trial 33 with value: 0.7899388171312032.
[2025-12-05T03:20:24.870+0000] {logging_mixin.py:154} WARNING - Best trial: 33. Best value: 0.789939:  88%|########8 | 44/50 [00:58<00:03,  1.77it/s, 58.33/60 seconds]
[2025-12-05T03:20:24.870+0000] {logging_mixin.py:154} WARNING - Best trial: 33. Best value: 0.789939:  88%|########8 | 44/50 [00:58<00:03,  1.77it/s, 58.33/60 seconds]
[2025-12-05T03:20:24.870+0000] {logging_mixin.py:154} WARNING - Best trial: 33. Best value: 0.789939:  90%|######### | 45/50 [00:58<00:02,  1.86it/s, 58.33/60 seconds]
[2025-12-05T03:20:24.871+0000] {logging_mixin.py:154} WARNING - Best trial: 33. Best value: 0.789939:  90%|######### | 45/50 [00:58<00:02,  1.86it/s, 58.81/60 seconds]
[2025-12-05T03:20:27.219+0000] {logging_mixin.py:154} WARNING -                                                                                                        
[2025-12-05T03:20:27.220+0000] {logging_mixin.py:154} WARNING - 
