[2025-12-05T03:20:03.456+0000] {logging_mixin.py:154} INFO - [I 2025-12-05 03:20:03,455] Trial 10 finished with value: 0.7816804407713499 and parameters: {'max_depth': 9, 'learning_rate': 0.050022091577274774, 'subsample': 0.9847685553939328, 'colsample_bytree': 0.5089809378074097, 'min_child_weight': 7, 'gamma': 0.19362599980591444, 'n_estimators': 379}. Best is trial 9 with value: 0.7850531367843675.
[2025-12-05T03:20:03.456+0000] {logging_mixin.py:154} WARNING - Best trial: 9. Best value: 0.785053:  20%|##        | 10/50 [00:37<02:39,  3.98s/it, 35.15/60 seconds]
[2025-12-05T03:20:03.457+0000] {logging_mixin.py:154} WARNING - Best trial: 9. Best value: 0.785053:  20%|##        | 10/50 [00:37<02:39,  3.98s/it, 35.15/60 seconds]
[2025-12-05T03:20:03.457+0000] {logging_mixin.py:154} WARNING - Best trial: 9. Best value: 0.785053:  22%|##2       | 11/50 [00:37<02:14,  3.45s/it, 35.15/60 seconds]
[2025-12-05T03:20:03.457+0000] {logging_mixin.py:154} WARNING - Best trial: 9. Best value: 0.785053:  22%|##2       | 11/50 [00:37<02:14,  3.45s/it, 37.39/60 seconds]
[2025-12-05T03:20:06.843+0000] {logging_mixin.py:154} WARNING -                                                                                                       
[2025-12-05T03:20:06.844+0000] {logging_mixin.py:154} WARNING - 
[2025-12-05T03:20:06.844+0000] {logging_mixin.py:154} INFO - [I 2025-12-05 03:20:06,843] Trial 11 finished with value: 0.7849644429393837 and parameters: {'max_depth': 11, 'learning_rate': 0.01073717061321354, 'subsample': 0.7632960276972384, 'colsample_bytree': 0.6088980592730089, 'min_child_weight': 1, 'gamma': 4.623808979969583, 'n_estimators': 497}. Best is trial 9 with value: 0.7850531367843675.
[2025-12-05T03:20:06.844+0000] {logging_mixin.py:154} WARNING - Best trial: 9. Best value: 0.785053:  22%|##2       | 11/50 [00:40<02:14,  3.45s/it, 37.39/60 seconds]
[2025-12-05T03:20:06.845+0000] {logging_mixin.py:154} WARNING - Best trial: 9. Best value: 0.785053:  22%|##2       | 11/50 [00:40<02:14,  3.45s/it, 37.39/60 seconds]
[2025-12-05T03:20:06.845+0000] {logging_mixin.py:154} WARNING - Best trial: 9. Best value: 0.785053:  24%|##4       | 12/50 [00:40<02:10,  3.43s/it, 37.39/60 seconds]
[2025-12-05T03:20:06.845+0000] {logging_mixin.py:154} WARNING - Best trial: 9. Best value: 0.785053:  24%|##4       | 12/50 [00:40<02:10,  3.43s/it, 40.78/60 seconds]
[2025-12-05T03:20:09.957+0000] {logging_mixin.py:154} WARNING -                                                                                                       
[2025-12-05T03:20:09.957+0000] {logging_mixin.py:154} WARNING - 
[2025-12-05T03:20:09.957+0000] {logging_mixin.py:154} INFO - [I 2025-12-05 03:20:09,956] Trial 12 finished with value: 0.7808032675289313 and parameters: {'max_depth': 11, 'learning_rate': 0.010404091860330218, 'subsample': 0.7537045194904959, 'colsample_bytree': 0.6096892849041401, 'min_child_weight': 7, 'gamma': 3.639914234298688, 'n_estimators': 487}. Best is trial 9 with value: 0.7850531367843675.
[2025-12-05T03:20:09.957+0000] {logging_mixin.py:154} WARNING - Best trial: 9. Best value: 0.785053:  24%|##4       | 12/50 [00:43<02:10,  3.43s/it, 40.78/60 seconds]
[2025-12-05T03:20:09.957+0000] {logging_mixin.py:154} WARNING - Best trial: 9. Best value: 0.785053:  24%|##4       | 12/50 [00:43<02:10,  3.43s/it, 40.78/60 seconds]
[2025-12-05T03:20:09.958+0000] {logging_mixin.py:154} WARNING - Best trial: 9. Best value: 0.785053:  26%|##6       | 13/50 [00:43<02:03,  3.34s/it, 40.78/60 seconds]
[2025-12-05T03:20:09.958+0000] {logging_mixin.py:154} WARNING - Best trial: 9. Best value: 0.785053:  26%|##6       | 13/50 [00:43<02:03,  3.34s/it, 43.89/60 seconds]
[2025-12-05T03:20:10.323+0000] {logging_mixin.py:154} WARNING -                                                                                                       
[2025-12-05T03:20:10.323+0000] {logging_mixin.py:154} WARNING - 
[2025-12-05T03:20:10.323+0000] {logging_mixin.py:154} INFO - [I 2025-12-05 03:20:10,323] Trial 13 finished with value: 0.786874154262517 and parameters: {'max_depth': 8, 'learning_rate': 0.010706750551672943, 'subsample': 0.748020656084857, 'colsample_bytree': 0.6468115981014726, 'min_child_weight': 2, 'gamma': 1.9681551632316507, 'n_estimators': 371}. Best is trial 13 with value: 0.786874154262517.
[2025-12-05T03:20:10.324+0000] {logging_mixin.py:154} WARNING - Best trial: 9. Best value: 0.785053:  26%|##6       | 13/50 [00:44<02:03,  3.34s/it, 43.89/60 seconds]
[2025-12-05T03:20:10.324+0000] {logging_mixin.py:154} WARNING - Best trial: 13. Best value: 0.786874:  26%|##6       | 13/50 [00:44<02:03,  3.34s/it, 43.89/60 seconds]
[2025-12-05T03:20:10.324+0000] {logging_mixin.py:154} WARNING - Best trial: 13. Best value: 0.786874:  28%|##8       | 14/50 [00:44<01:27,  2.44s/it, 43.89/60 seconds]
[2025-12-05T03:20:10.324+0000] {logging_mixin.py:154} WARNING - Best trial: 13. Best value: 0.786874:  28%|##8       | 14/50 [00:44<01:27,  2.44s/it, 44.26/60 seconds]
[2025-12-05T03:20:10.753+0000] {logging_mixin.py:154} WARNING -                                                                                                        
[2025-12-05T03:20:10.753+0000] {logging_mixin.py:154} WARNING - 
[2025-12-05T03:20:10.753+0000] {logging_mixin.py:154} INFO - [I 2025-12-05 03:20:10,753] Trial 14 finished with value: 0.7845003399048266 and parameters: {'max_depth': 7, 'learning_rate': 0.01698679916169382, 'subsample': 0.707661700807858, 'colsample_bytree': 0.6762958873506789, 'min_child_weight': 3, 'gamma': 1.9568606917958216, 'n_estimators': 375}. Best is trial 13 with value: 0.786874154262517.
[2025-12-05T03:20:10.753+0000] {logging_mixin.py:154} WARNING - Best trial: 13. Best value: 0.786874:  28%|##8       | 14/50 [00:44<01:27,  2.44s/it, 44.26/60 seconds]
[2025-12-05T03:20:10.753+0000] {logging_mixin.py:154} WARNING - Best trial: 13. Best value: 0.786874:  28%|##8       | 14/50 [00:44<01:27,  2.44s/it, 44.26/60 seconds]
[2025-12-05T03:20:10.754+0000] {logging_mixin.py:154} WARNING - Best trial: 13. Best value: 0.786874:  30%|###       | 15/50 [00:44<01:04,  1.83s/it, 44.26/60 seconds]
[2025-12-05T03:20:10.754+0000] {logging_mixin.py:154} WARNING - Best trial: 13. Best value: 0.786874:  30%|###       | 15/50 [00:44<01:04,  1.83s/it, 44.69/60 seconds]
[2025-12-05T03:20:08.885+0000] {logging_mixin.py:154} WARNING -                                                                                                        
[2025-12-05T03:20:08.885+0000] {logging_mixin.py:154} WARNING - 
[2025-12-05T03:20:08.885+0000] {logging_mixin.py:154} INFO - [I 2025-12-05 03:20:08,884] Trial 15 finished with value: 0.7830832196452933 and parameters: {'max_depth': 8, 'learning_rate': 0.03249788109538154, 'subsample': 0.7974908756593923, 'colsample_bytree': 0.5674526345063926, 'min_child_weight': 7, 'gamma': 1.972773000560165, 'n_estimators': 181}. Best is trial 13 with value: 0.786874154262517.
[2025-12-05T03:20:08.885+0000] {logging_mixin.py:154} WARNING - Best trial: 13. Best value: 0.786874:  30%|###       | 15/50 [00:42<01:04,  1.83s/it, 44.69/60 seconds]
[2025-12-05T03:20:08.885+0000] {logging_mixin.py:154} WARNING - Best trial: 13. Best value: 0.786874:  30%|###       | 15/50 [00:42<01:04,  1.83s/it, 44.69/60 seconds]
[2025-12-05T03:20:08.885+0000] {logging_mixin.py:154} WARNING - Best trial: 13. Best value: 0.786874:  32%|###2      | 16/50 [00:42<01:02,  1.83s/it, 42.82/60 seconds]
[2025-12-05T03:20:09.445+0000] {logging_mixin.py:154} WARNING -                                                                                                        
[2025-12-05T03:20:09.445+0000] {logging_mixin.py:154} WARNING - 
[2025-12-05T03:20:09.445+0000] {logging_mixin.py:154} INFO - [I 2025-12-05 03:20:09,445] Trial 16 finished with value: 0.7802197802197802 and parameters: {'max_depth': 7, 'learning_rate': 0.01474202377188197, 'subsample': 0.7049223207318357, 'colsample_bytree': 0.6821463503080146, 'min_child_weight': 10, 'gamma': 0.013348678089825372, 'n_estimators': 398}. Best is trial 13 with value: 0.786874154262517.
[2025-12-05T03:20:09.446+0000] {logging_mixin.py:154} WARNING - Best trial: 13. Best value: 0.786874:  32%|###2      | 16/50 [00:43<01:02,  1.83s/it, 42.82/60 seconds]
[2025-12-05T03:20:09.446+0000] {logging_mixin.py:154} WARNING - Best trial: 13. Best value: 0.786874:  32%|###2      | 16/50 [00:43<01:02,  1.83s/it, 42.82/60 seconds]
[2025-12-05T03:20:09.446+0000] {logging_mixin.py:154} WARNING - Best trial: 13. Best value: 0.786874:  34%|###4      | 17/50 [00:43<01:00,  1.83s/it, 43.38/60 seconds]
[2025-12-05T03:20:09.850+0000] {logging_mixin.py:154} WARNING -                                                                                                        
[2025-12-05T03:20:09.850+0000] {logging_mixin.py:154} WARNING - 
[2025-12-05T03:20:09.850+0000] {logging_mixin.py:154} INFO - [I 2025-12-05 03:20:09,849] Trial 17 finished with value: 0.7840327533265097 and parameters: {'max_depth': 6, 'learning_rate': 0.04275815077038233, 'subsample': 0.6145187213147563, 'colsample_bytree': 0.5607041486304973, 'min_child_weight': 6, 'gamma': 1.853078808779741, 'n_estimators': 435}. Best is trial 13 with value: 0.786874154262517.
[2025-12-05T03:20:09.850+0000] {logging_mixin.py:154} WARNING - Best trial: 13. Best value: 0.786874:  34%|###4      | 17/50 [00:43<01:00,  1.83s/it, 43.38/60 seconds]
[2025-12-05T03:20:09.850+0000] {logging_mixin.py:154} WARNING - Best trial: 13. Best value: 0.786874:  34%|###4      | 17/50 [00:43<01:00,  1.83s/it, 43.38/60 seconds]
[2025-12-05T03:20:09.850+0000] {logging_mixin.py:154} WARNING - Best trial: 13. Best value: 0.786874:  36%|###6      | 18/50 [00:43<00:58,  1.83s/it, 43.79/60 seconds]
[2025-12-05T03:20:10.174+0000] {logging_mixin.py:154} WARNING -                                                                                                        
[2025-12-05T03:20:10.175+0000] {logging_mixin.py:154} WARNING - 
[2025-12-05T03:20:10.175+0000] {logging_mixin.py:154} INFO - [I 2025-12-05 03:20:10,174] Trial 18 finished with value: 0.7872412623006446 and parameters: {'max_depth': 9, 'learning_rate': 0.019997732895674577, 'subsample': 0.7268653811328937, 'colsample_bytree': 0.6389384604720569, 'min_child_weight': 2, 'gamma': 2.5458910137836117, 'n_estimators': 350}. Best is trial 18 with value: 0.7872412623006446.
[2025-12-05T03:20:10.175+0000] {logging_mixin.py:154} WARNING - Best trial: 13. Best value: 0.786874:  36%|###6      | 18/50 [00:44<00:58,  1.83s/it, 43.79/60 seconds]
[2025-12-05T03:20:10.175+0000] {logging_mixin.py:154} WARNING - Best trial: 18. Best value: 0.787241:  36%|###6      | 18/50 [00:44<00:58,  1.83s/it, 43.79/60 seconds]
[2025-12-05T03:20:10.175+0000] {logging_mixin.py:154} WARNING - Best trial: 18. Best value: 0.787241:  38%|###8      | 19/50 [00:44<00:56,  1.83s/it, 44.11/60 seconds]
[2025-12-05T03:20:10.522+0000] {logging_mixin.py:154} WARNING -                                                                                                        
[2025-12-05T03:20:10.522+0000] {logging_mixin.py:154} WARNING - 
[2025-12-05T03:20:10.522+0000] {logging_mixin.py:154} INFO - [I 2025-12-05 03:20:10,521] Trial 19 finished with value: 0.7835541963982331 and parameters: {'max_depth': 9, 'learning_rate': 0.013977087341011527, 'subsample': 0.5889680188468636, 'colsample_bytree': 0.643026126994367, 'min_child_weight': 2, 'gamma': 2.7168101155687836, 'n_estimators': 344}. Best is trial 18 with value: 0.7872412623006446.
[2025-12-05T03:20:10.522+0000] {logging_mixin.py:154} WARNING - Best trial: 18. Best value: 0.787241:  38%|###8      | 19/50 [00:44<00:56,  1.83s/it, 44.11/60 seconds]
[2025-12-05T03:20:10.522+0000] {logging_mixin.py:154} WARNING - Best trial: 18. Best value: 0.787241:  38%|###8      | 19/50 [00:44<00:56,  1.83s/it, 44.11/60 seconds]
[2025-12-05T03:20:10.523+0000] {logging_mixin.py:154} WARNING - Best trial: 18. Best value: 0.787241:  40%|####      | 20/50 [00:44<00:55,  1.83s/it, 44.46/60 seconds]
[2025-12-05T03:20:10.817+0000] {logging_mixin.py:154} WARNING -                                                                                                        
[2025-12-05T03:20:10.818+0000] {logging_mixin.py:154} WARNING - 
[2025-12-05T03:20:10.818+0000] {logging_mixin.py:154} INFO - [I 2025-12-05 03:20:10,817] Trial 20 finished with value: 0.7838205302515295 and parameters: {'max_depth': 12, 'learning_rate': 0.021348106540406187, 'subsample': 0.713173333047047, 'colsample_bytree': 0.683199140604185, 'min_child_weight': 3, 'gamma': 3.3848865321308956, 'n_estimators': 216}. Best is trial 18 with value: 0.7872412623006446.
[2025-12-05T03:20:10.818+0000] {logging_mixin.py:154} WARNING - Best trial: 18. Best value: 0.787241:  40%|####      | 20/50 [00:44<00:55,  1.83s/it, 44.46/60 seconds]
[2025-12-05T03:20:10.818+0000] {logging_mixin.py:154} WARNING - Best trial: 18. Best value: 0.787241:  40%|####      | 20/50 [00:44<00:55,  1.83s/it, 44.46/60 seconds]
[2025-12-05T03:20:10.818+0000] {logging_mixin.py:154} WARNING - Best trial: 18. Best value: 0.787241:  42%|####2     | 21/50 [00:44<00:53,  1.83s/it, 44.76/60 seconds]
[2025-12-05T03:20:11.246+0000] {logging_mixin.py:154} WARNING -                                                                                                        
[2025-12-05T03:20:11.246+0000] {logging_mixin.py:154} WARNING - 
[2025-12-05T03:20:11.246+0000] {logging_mixin.py:154} INFO - [I 2025-12-05 03:20:11,246] Trial 21 finished with value: 0.7857627118644067 and parameters: {'max_depth': 8, 'learning_rate': 0.014062606700632625, 'subsample': 0.6684236508968989, 'colsample_bytree': 0.6349121578360457, 'min_child_weight': 2, 'gamma': 2.3879738784137254, 'n_estimators': 235}. Best is trial 18 with value: 0.7872412623006446.
[2025-12-05T03:20:11.247+0000] {logging_mixin.py:154} WARNING - Best trial: 18. Best value: 0.787241:  42%|####2     | 21/50 [00:45<00:53,  1.83s/it, 44.76/60 seconds]
[2025-12-05T03:20:11.247+0000] {logging_mixin.py:154} WARNING - Best trial: 18. Best value: 0.787241:  42%|####2     | 21/50 [00:45<00:53,  1.83s/it, 44.76/60 seconds]
[2025-12-05T03:20:11.247+0000] {logging_mixin.py:154} WARNING - Best trial: 18. Best value: 0.787241:  44%|####4     | 22/50 [00:45<00:14,  1.96it/s, 44.76/60 seconds]
[2025-12-05T03:20:11.247+0000] {logging_mixin.py:154} WARNING - Best trial: 18. Best value: 0.787241:  44%|####4     | 22/50 [00:45<00:14,  1.96it/s, 45.18/60 seconds]
[2025-12-05T03:20:11.596+0000] {logging_mixin.py:154} WARNING -                                                                                                        
[2025-12-05T03:20:11.597+0000] {logging_mixin.py:154} WARNING - 
[2025-12-05T03:20:11.597+0000] {logging_mixin.py:154} INFO - [I 2025-12-05 03:20:11,596] Trial 22 finished with value: 0.7845528455284553 and parameters: {'max_depth': 10, 'learning_rate': 0.013686736188074923, 'subsample': 0.663256749636801, 'colsample_bytree': 0.6410973866392413, 'min_child_weight': 2, 'gamma': 2.3075292735056783, 'n_estimators': 250}. Best is trial 18 with value: 0.7872412623006446.
[2025-12-05T03:20:11.597+0000] {logging_mixin.py:154} WARNING - Best trial: 18. Best value: 0.787241:  44%|####4     | 22/50 [00:45<00:14,  1.96it/s, 45.18/60 seconds]
[2025-12-05T03:20:11.597+0000] {logging_mixin.py:154} WARNING - Best trial: 18. Best value: 0.787241:  44%|####4     | 22/50 [00:45<00:14,  1.96it/s, 45.18/60 seconds]
[2025-12-05T03:20:11.597+0000] {logging_mixin.py:154} WARNING - Best trial: 18. Best value: 0.787241:  46%|####6     | 23/50 [00:45<00:13,  2.05it/s, 45.18/60 seconds]
[2025-12-05T03:20:11.597+0000] {logging_mixin.py:154} WARNING - Best trial: 18. Best value: 0.787241:  46%|####6     | 23/50 [00:45<00:13,  2.05it/s, 45.53/60 seconds]
[2025-12-05T03:20:11.995+0000] {logging_mixin.py:154} WARNING -                                                                                                        
[2025-12-05T03:20:11.995+0000] {logging_mixin.py:154} WARNING - 
[2025-12-05T03:20:11.996+0000] {logging_mixin.py:154} INFO - [I 2025-12-05 03:20:11,995] Trial 23 finished with value: 0.783728813559322 and parameters: {'max_depth': 8, 'learning_rate': 0.010807507692797902, 'subsample': 0.7209248089918716, 'colsample_bytree': 0.7286292951819917, 'min_child_weight': 3, 'gamma': 2.332245322505861, 'n_estimators': 334}. Best is trial 18 with value: 0.7872412623006446.
[2025-12-05T03:20:11.996+0000] {logging_mixin.py:154} WARNING - Best trial: 18. Best value: 0.787241:  46%|####6     | 23/50 [00:45<00:13,  2.05it/s, 45.53/60 seconds]
[2025-12-05T03:20:11.996+0000] {logging_mixin.py:154} WARNING - Best trial: 18. Best value: 0.787241:  46%|####6     | 23/50 [00:45<00:13,  2.05it/s, 45.53/60 seconds]
[2025-12-05T03:20:11.996+0000] {logging_mixin.py:154} WARNING - Best trial: 18. Best value: 0.787241:  48%|####8     | 24/50 [00:45<00:12,  2.11it/s, 45.53/60 seconds]
[2025-12-05T03:20:11.996+0000] {logging_mixin.py:154} WARNING - Best trial: 18. Best value: 0.787241:  48%|####8     | 24/50 [00:45<00:12,  2.11it/s, 45.93/60 seconds]
[2025-12-05T03:20:12.233+0000] {logging_mixin.py:154} WARNING -                                                                                                        
[2025-12-05T03:20:12.233+0000] {logging_mixin.py:154} WARNING - 
[2025-12-05T03:20:12.234+0000] {logging_mixin.py:154} INFO - [I 2025-12-05 03:20:12,233] Trial 24 finished with value: 0.7829642248722317 and parameters: {'max_depth': 10, 'learning_rate': 0.014693948284007628, 'subsample': 0.6584533293940609, 'colsample_bytree': 0.6242933866914708, 'min_child_weight': 1, 'gamma': 3.142022924436989, 'n_estimators': 210}. Best is trial 18 with value: 0.7872412623006446.
[2025-12-05T03:20:12.234+0000] {logging_mixin.py:154} WARNING - Best trial: 18. Best value: 0.787241:  48%|####8     | 24/50 [00:46<00:12,  2.11it/s, 45.93/60 seconds]
[2025-12-05T03:20:12.234+0000] {logging_mixin.py:154} WARNING - Best trial: 18. Best value: 0.787241:  48%|####8     | 24/50 [00:46<00:12,  2.11it/s, 45.93/60 seconds]
[2025-12-05T03:20:12.234+0000] {logging_mixin.py:154} WARNING - Best trial: 18. Best value: 0.787241:  50%|#####     | 25/50 [00:46<00:10,  2.32it/s, 45.93/60 seconds]
[2025-12-05T03:20:12.234+0000] {logging_mixin.py:154} WARNING - Best trial: 18. Best value: 0.787241:  50%|#####     | 25/50 [00:46<00:10,  2.32it/s, 46.17/60 seconds]
[2025-12-05T03:20:12.581+0000] {logging_mixin.py:154} WARNING -                                                                                                        
[2025-12-05T03:20:12.581+0000] {logging_mixin.py:154} WARNING - 
[2025-12-05T03:20:12.581+0000] {logging_mixin.py:154} INFO - [I 2025-12-05 03:20:12,581] Trial 25 finished with value: 0.7836456558773425 and parameters: {'max_depth': 9, 'learning_rate': 0.020969859867987023, 'subsample': 0.5799372287710487, 'colsample_bytree': 0.7148660508811218, 'min_child_weight': 4, 'gamma': 2.6319541939911635, 'n_estimators': 310}. Best is trial 18 with value: 0.7872412623006446.
[2025-12-05T03:20:12.581+0000] {logging_mixin.py:154} WARNING - Best trial: 18. Best value: 0.787241:  50%|#####     | 25/50 [00:46<00:10,  2.32it/s, 46.17/60 seconds]
[2025-12-05T03:20:12.582+0000] {logging_mixin.py:154} WARNING - Best trial: 18. Best value: 0.787241:  50%|#####     | 25/50 [00:46<00:10,  2.32it/s, 46.17/60 seconds]
[2025-12-05T03:20:12.582+0000] {logging_mixin.py:154} WARNING - Best trial: 18. Best value: 0.787241:  52%|#####2    | 26/50 [00:46<00:09,  2.42it/s, 46.17/60 seconds]
[2025-12-05T03:20:12.582+0000] {logging_mixin.py:154} WARNING - Best trial: 18. Best value: 0.787241:  52%|#####2    | 26/50 [00:46<00:09,  2.42it/s, 46.52/60 seconds]
[2025-12-05T03:20:12.892+0000] {logging_mixin.py:154} WARNING -                                                                                                        
[2025-12-05T03:20:12.892+0000] {logging_mixin.py:154} WARNING - 
[2025-12-05T03:20:12.892+0000] {logging_mixin.py:154} INFO - [I 2025-12-05 03:20:12,892] Trial 26 finished with value: 0.7818986049676762 and parameters: {'max_depth': 15, 'learning_rate': 0.01635206441526004, 'subsample': 0.7327122497128111, 'colsample_bytree': 0.6292781094949126, 'min_child_weight': 2, 'gamma': 2.1915455021344177, 'n_estimators': 124}. Best is trial 18 with value: 0.7872412623006446.
[2025-12-05T03:20:12.892+0000] {logging_mixin.py:154} WARNING - Best trial: 18. Best value: 0.787241:  52%|#####2    | 26/50 [00:46<00:09,  2.42it/s, 46.52/60 seconds]
[2025-12-05T03:20:12.893+0000] {logging_mixin.py:154} WARNING - Best trial: 18. Best value: 0.787241:  52%|#####2    | 26/50 [00:46<00:09,  2.42it/s, 46.52/60 seconds]
[2025-12-05T03:20:12.893+0000] {logging_mixin.py:154} WARNING - Best trial: 18. Best value: 0.787241:  54%|#####4    | 27/50 [00:46<00:08,  2.57it/s, 46.52/60 seconds]
[2025-12-05T03:20:12.893+0000] {logging_mixin.py:154} WARNING - Best trial: 18. Best value: 0.787241:  54%|#####4    | 27/50 [00:46<00:08,  2.57it/s, 46.83/60 seconds]
[2025-12-05T03:20:13.310+0000] {logging_mixin.py:154} WARNING -                                                                                                        
[2025-12-05T03:20:13.310+0000] {logging_mixin.py:154} WARNING - 
