[2025-12-05T03:20:27.220+0000] {logging_mixin.py:154} INFO - [I 2025-12-05 03:20:27,219] Trial 45 finished with value: 0.786178583646938 and parameters: {'max_depth': 9, 'learning_rate': 0.03813939342824996, 'subsample': 0.7757750462785874, 'colsample_bytree': 0.7424854810677134, 'min_child_weight': 6, 'gamma': 1.692863152838396, 'n_estimators': 452}. Best is trial 33 with value: 0.7899388171312032.
[2025-12-05T03:20:27.220+0000] {logging_mixin.py:154} WARNING - Best trial: 33. Best value: 0.789939:  90%|######### | 45/50 [01:01<00:02,  1.86it/s, 58.81/60 seconds]
[2025-12-05T03:20:27.220+0000] {logging_mixin.py:154} WARNING - Best trial: 33. Best value: 0.789939:  90%|######### | 45/50 [01:01<00:02,  1.86it/s, 58.81/60 seconds]
[2025-12-05T03:20:27.220+0000] {logging_mixin.py:154} WARNING - Best trial: 33. Best value: 0.789939:  92%|#########2| 46/50 [01:01<00:04,  1.08s/it, 58.81/60 seconds]
[2025-12-05T03:20:27.220+0000] {logging_mixin.py:154} WARNING - Best trial: 33. Best value: 0.789939:  92%|#########2| 46/50 [01:01<00:04,  1.08s/it, 61.16/60 seconds]
[2025-12-05T03:20:27.220+0000] {logging_mixin.py:154} WARNING - Best trial: 33. Best value: 0.789939:  92%|#########2| 46/50 [01:01<00:05,  1.33s/it, 61.16/60 seconds]
[2025-12-05T03:20:27.224+0000] {model_training.py:121} INFO - ✅ Optimización completada: 46 trials en 60s
[2025-12-05T03:20:27.224+0000] {model_training.py:122} INFO - ✅ Mejor F1-Score (validación): 0.7899
[2025-12-05T03:20:27.224+0000] {model_training.py:123} INFO - 📊 Mejores hiperparámetros encontrados:
[2025-12-05T03:20:27.224+0000] {model_training.py:125} INFO -    - max_depth: 12
[2025-12-05T03:20:27.224+0000] {model_training.py:125} INFO -    - learning_rate: 0.012596586394519792
[2025-12-05T03:20:27.224+0000] {model_training.py:125} INFO -    - subsample: 0.7702311444125595
[2025-12-05T03:20:27.224+0000] {model_training.py:125} INFO -    - colsample_bytree: 0.7072155962269836
[2025-12-05T03:20:27.224+0000] {model_training.py:125} INFO -    - min_child_weight: 2
[2025-12-05T03:20:27.224+0000] {model_training.py:125} INFO -    - gamma: 1.6066455487015165
[2025-12-05T03:20:27.224+0000] {model_training.py:125} INFO -    - n_estimators: 411
[2025-12-05T03:20:27.225+0000] {model_training.py:142} INFO - 📊 Generando gráficos de optimización de Optuna...
[2025-12-05T03:20:27.625+0000] {model_training.py:179} INFO -    ✓ Gráfico de importancia guardado: /opt/***/diagrams/hyperparameter_importance.png
[2025-12-05T03:20:27.806+0000] {model_training.py:239} INFO -    ✓ Gráfico de optimization history guardado: /opt/***/diagrams/optimization_history.png
[2025-12-05T03:20:27.807+0000] {model_training.py:253} INFO - ✅ Gráficos de Optuna generados exitosamente
[2025-12-05T03:20:27.811+0000] {model_training.py:506} INFO - 🎯 Entrenando modelo final con mejores hiperparámetros...
[2025-12-05T03:20:27.896+0000] {logging_mixin.py:154} INFO - [0]	validation_0-logloss:0.68947	validation_1-logloss:0.68970	validation_2-logloss:0.68954
[2025-12-05T03:20:27.897+0000] {logging_mixin.py:154} INFO - [1]	validation_0-logloss:0.68634	validation_1-logloss:0.68687	validation_2-logloss:0.68657
[2025-12-05T03:20:27.899+0000] {logging_mixin.py:154} INFO - [2]	validation_0-logloss:0.68519	validation_1-logloss:0.68604	validation_2-logloss:0.68560
[2025-12-05T03:20:27.902+0000] {logging_mixin.py:154} INFO - [3]	validation_0-logloss:0.68226	validation_1-logloss:0.68342	validation_2-logloss:0.68282
[2025-12-05T03:20:27.903+0000] {logging_mixin.py:154} INFO - [4]	validation_0-logloss:0.67926	validation_1-logloss:0.68083	validation_2-logloss:0.68000
[2025-12-05T03:20:27.904+0000] {logging_mixin.py:154} INFO - [5]	validation_0-logloss:0.67672	validation_1-logloss:0.67835	validation_2-logloss:0.67741
[2025-12-05T03:20:27.906+0000] {logging_mixin.py:154} INFO - [6]	validation_0-logloss:0.67412	validation_1-logloss:0.67611	validation_2-logloss:0.67491
[2025-12-05T03:20:27.908+0000] {logging_mixin.py:154} INFO - [7]	validation_0-logloss:0.67072	validation_1-logloss:0.67295	validation_2-logloss:0.67153
[2025-12-05T03:20:27.910+0000] {logging_mixin.py:154} INFO - [8]	validation_0-logloss:0.66736	validation_1-logloss:0.66984	validation_2-logloss:0.66831
[2025-12-05T03:20:27.911+0000] {logging_mixin.py:154} INFO - [9]	validation_0-logloss:0.66315	validation_1-logloss:0.66621	validation_2-logloss:0.66445
[2025-12-05T03:20:27.914+0000] {logging_mixin.py:154} INFO - [10]	validation_0-logloss:0.65908	validation_1-logloss:0.66247	validation_2-logloss:0.66051
[2025-12-05T03:20:27.916+0000] {logging_mixin.py:154} INFO - [11]	validation_0-logloss:0.65640	validation_1-logloss:0.66030	validation_2-logloss:0.65829
[2025-12-05T03:20:27.918+0000] {logging_mixin.py:154} INFO - [12]	validation_0-logloss:0.65276	validation_1-logloss:0.65692	validation_2-logloss:0.65474
[2025-12-05T03:20:27.920+0000] {logging_mixin.py:154} INFO - [13]	validation_0-logloss:0.65008	validation_1-logloss:0.65441	validation_2-logloss:0.65220
[2025-12-05T03:20:27.922+0000] {logging_mixin.py:154} INFO - [14]	validation_0-logloss:0.64909	validation_1-logloss:0.65379	validation_2-logloss:0.65148
[2025-12-05T03:20:27.923+0000] {logging_mixin.py:154} INFO - [15]	validation_0-logloss:0.64789	validation_1-logloss:0.65278	validation_2-logloss:0.65035
[2025-12-05T03:20:27.925+0000] {logging_mixin.py:154} INFO - [16]	validation_0-logloss:0.64414	validation_1-logloss:0.64949	validation_2-logloss:0.64688
[2025-12-05T03:20:27.927+0000] {logging_mixin.py:154} INFO - [17]	validation_0-logloss:0.64082	validation_1-logloss:0.64630	validation_2-logloss:0.64350
[2025-12-05T03:20:27.930+0000] {logging_mixin.py:154} INFO - [18]	validation_0-logloss:0.63728	validation_1-logloss:0.64321	validation_2-logloss:0.64019
[2025-12-05T03:20:27.931+0000] {logging_mixin.py:154} INFO - [19]	validation_0-logloss:0.63623	validation_1-logloss:0.64239	validation_2-logloss:0.63926
[2025-12-05T03:20:27.933+0000] {logging_mixin.py:154} INFO - [20]	validation_0-logloss:0.63430	validation_1-logloss:0.64073	validation_2-logloss:0.63748
[2025-12-05T03:20:27.935+0000] {logging_mixin.py:154} INFO - [21]	validation_0-logloss:0.63089	validation_1-logloss:0.63784	validation_2-logloss:0.63429
[2025-12-05T03:20:27.937+0000] {logging_mixin.py:154} INFO - [22]	validation_0-logloss:0.63003	validation_1-logloss:0.63738	validation_2-logloss:0.63372
[2025-12-05T03:20:27.939+0000] {logging_mixin.py:154} INFO - [23]	validation_0-logloss:0.62737	validation_1-logloss:0.63498	validation_2-logloss:0.63127
[2025-12-05T03:20:27.941+0000] {logging_mixin.py:154} INFO - [24]	validation_0-logloss:0.62642	validation_1-logloss:0.63433	validation_2-logloss:0.63042
[2025-12-05T03:20:27.944+0000] {logging_mixin.py:154} INFO - [25]	validation_0-logloss:0.62416	validation_1-logloss:0.63222	validation_2-logloss:0.62830
[2025-12-05T03:20:27.947+0000] {logging_mixin.py:154} INFO - [26]	validation_0-logloss:0.62235	validation_1-logloss:0.63046	validation_2-logloss:0.62645
[2025-12-05T03:20:27.949+0000] {logging_mixin.py:154} INFO - [27]	validation_0-logloss:0.62018	validation_1-logloss:0.62882	validation_2-logloss:0.62470
[2025-12-05T03:20:27.951+0000] {logging_mixin.py:154} INFO - [28]	validation_0-logloss:0.61797	validation_1-logloss:0.62708	validation_2-logloss:0.62280
[2025-12-05T03:20:27.953+0000] {logging_mixin.py:154} INFO - [29]	validation_0-logloss:0.61517	validation_1-logloss:0.62439	validation_2-logloss:0.61996
[2025-12-05T03:20:27.955+0000] {logging_mixin.py:154} INFO - [30]	validation_0-logloss:0.61263	validation_1-logloss:0.62216	validation_2-logloss:0.61757
[2025-12-05T03:20:27.956+0000] {logging_mixin.py:154} INFO - [31]	validation_0-logloss:0.61013	validation_1-logloss:0.62016	validation_2-logloss:0.61545
[2025-12-05T03:20:27.960+0000] {logging_mixin.py:154} INFO - [32]	validation_0-logloss:0.60714	validation_1-logloss:0.61760	validation_2-logloss:0.61285
[2025-12-05T03:20:27.962+0000] {logging_mixin.py:154} INFO - [33]	validation_0-logloss:0.60410	validation_1-logloss:0.61500	validation_2-logloss:0.61005
[2025-12-05T03:20:27.963+0000] {logging_mixin.py:154} INFO - [34]	validation_0-logloss:0.60261	validation_1-logloss:0.61354	validation_2-logloss:0.60853
[2025-12-05T03:20:27.964+0000] {logging_mixin.py:154} INFO - [35]	validation_0-logloss:0.60020	validation_1-logloss:0.61148	validation_2-logloss:0.60628
[2025-12-05T03:20:27.967+0000] {logging_mixin.py:154} INFO - [36]	validation_0-logloss:0.59935	validation_1-logloss:0.61081	validation_2-logloss:0.60551
[2025-12-05T03:20:27.969+0000] {logging_mixin.py:154} INFO - [37]	validation_0-logloss:0.59747	validation_1-logloss:0.60946	validation_2-logloss:0.60400
[2025-12-05T03:20:27.970+0000] {logging_mixin.py:154} INFO - [38]	validation_0-logloss:0.59584	validation_1-logloss:0.60816	validation_2-logloss:0.60256
[2025-12-05T03:20:27.972+0000] {logging_mixin.py:154} INFO - [39]	validation_0-logloss:0.59376	validation_1-logloss:0.60628	validation_2-logloss:0.60057
[2025-12-05T03:20:27.974+0000] {logging_mixin.py:154} INFO - [40]	validation_0-logloss:0.59163	validation_1-logloss:0.60437	validation_2-logloss:0.59849
[2025-12-05T03:20:27.975+0000] {logging_mixin.py:154} INFO - [41]	validation_0-logloss:0.59007	validation_1-logloss:0.60310	validation_2-logloss:0.59702
[2025-12-05T03:20:27.977+0000] {logging_mixin.py:154} INFO - [42]	validation_0-logloss:0.58718	validation_1-logloss:0.60067	validation_2-logloss:0.59447
[2025-12-05T03:20:27.980+0000] {logging_mixin.py:154} INFO - [43]	validation_0-logloss:0.58465	validation_1-logloss:0.59855	validation_2-logloss:0.59217
[2025-12-05T03:20:27.982+0000] {logging_mixin.py:154} INFO - [44]	validation_0-logloss:0.58222	validation_1-logloss:0.59643	validation_2-logloss:0.58991
[2025-12-05T03:20:27.984+0000] {logging_mixin.py:154} INFO - [45]	validation_0-logloss:0.58061	validation_1-logloss:0.59519	validation_2-logloss:0.58856
[2025-12-05T03:20:27.987+0000] {logging_mixin.py:154} INFO - [46]	validation_0-logloss:0.57991	validation_1-logloss:0.59490	validation_2-logloss:0.58812
[2025-12-05T03:20:27.989+0000] {logging_mixin.py:154} INFO - [47]	validation_0-logloss:0.57813	validation_1-logloss:0.59332	validation_2-logloss:0.58649
[2025-12-05T03:20:28.010+0000] {logging_mixin.py:154} INFO - [48]	validation_0-logloss:0.57659	validation_1-logloss:0.59211	validation_2-logloss:0.58506
[2025-12-05T03:20:28.013+0000] {logging_mixin.py:154} INFO - [49]	validation_0-logloss:0.57409	validation_1-logloss:0.59006	validation_2-logloss:0.58286
[2025-12-05T03:20:28.015+0000] {logging_mixin.py:154} INFO - [50]	validation_0-logloss:0.57330	validation_1-logloss:0.58951	validation_2-logloss:0.58221
[2025-12-05T03:20:28.016+0000] {logging_mixin.py:154} INFO - [51]	validation_0-logloss:0.57161	validation_1-logloss:0.58803	validation_2-logloss:0.58067
[2025-12-05T03:20:28.020+0000] {logging_mixin.py:154} INFO - [52]	validation_0-logloss:0.56920	validation_1-logloss:0.58616	validation_2-logloss:0.57856
[2025-12-05T03:20:28.022+0000] {logging_mixin.py:154} INFO - [53]	validation_0-logloss:0.56798	validation_1-logloss:0.58531	validation_2-logloss:0.57755
[2025-12-05T03:20:28.023+0000] {logging_mixin.py:154} INFO - [54]	validation_0-logloss:0.56618	validation_1-logloss:0.58378	validation_2-logloss:0.57600
[2025-12-05T03:20:28.025+0000] {logging_mixin.py:154} INFO - [55]	validation_0-logloss:0.56416	validation_1-logloss:0.58198	validation_2-logloss:0.57399
[2025-12-05T03:20:28.033+0000] {logging_mixin.py:154} INFO - [56]	validation_0-logloss:0.56239	validation_1-logloss:0.58050	validation_2-logloss:0.57244
[2025-12-05T03:20:28.041+0000] {logging_mixin.py:154} INFO - [57]	validation_0-logloss:0.56110	validation_1-logloss:0.57954	validation_2-logloss:0.57137
[2025-12-05T03:20:28.050+0000] {logging_mixin.py:154} INFO - [58]	validation_0-logloss:0.55950	validation_1-logloss:0.57823	validation_2-logloss:0.57000
[2025-12-05T03:20:28.059+0000] {logging_mixin.py:154} INFO - [59]	validation_0-logloss:0.55819	validation_1-logloss:0.57722	validation_2-logloss:0.56886
[2025-12-05T03:20:28.067+0000] {logging_mixin.py:154} INFO - [60]	validation_0-logloss:0.55659	validation_1-logloss:0.57589	validation_2-logloss:0.56738
[2025-12-05T03:20:28.074+0000] {logging_mixin.py:154} INFO - [61]	validation_0-logloss:0.55497	validation_1-logloss:0.57461	validation_2-logloss:0.56596
[2025-12-05T03:20:28.082+0000] {logging_mixin.py:154} INFO - [62]	validation_0-logloss:0.55269	validation_1-logloss:0.57268	validation_2-logloss:0.56394
[2025-12-05T03:20:28.091+0000] {logging_mixin.py:154} INFO - [63]	validation_0-logloss:0.55142	validation_1-logloss:0.57179	validation_2-logloss:0.56298
[2025-12-05T03:20:28.098+0000] {logging_mixin.py:154} INFO - [64]	validation_0-logloss:0.55007	validation_1-logloss:0.57052	validation_2-logloss:0.56164
[2025-12-05T03:20:28.107+0000] {logging_mixin.py:154} INFO - [65]	validation_0-logloss:0.54904	validation_1-logloss:0.56971	validation_2-logloss:0.56073
[2025-12-05T03:20:28.116+0000] {logging_mixin.py:154} INFO - [66]	validation_0-logloss:0.54689	validation_1-logloss:0.56801	validation_2-logloss:0.55887
[2025-12-05T03:20:28.125+0000] {logging_mixin.py:154} INFO - [67]	validation_0-logloss:0.54568	validation_1-logloss:0.56709	validation_2-logloss:0.55787
[2025-12-05T03:20:28.134+0000] {logging_mixin.py:154} INFO - [68]	validation_0-logloss:0.54398	validation_1-logloss:0.56556	validation_2-logloss:0.55625
[2025-12-05T03:20:28.145+0000] {logging_mixin.py:154} INFO - [69]	validation_0-logloss:0.54217	validation_1-logloss:0.56408	validation_2-logloss:0.55468
[2025-12-05T03:20:28.154+0000] {logging_mixin.py:154} INFO - [70]	validation_0-logloss:0.54047	validation_1-logloss:0.56266	validation_2-logloss:0.55318
[2025-12-05T03:20:28.163+0000] {logging_mixin.py:154} INFO - [71]	validation_0-logloss:0.53933	validation_1-logloss:0.56171	validation_2-logloss:0.55230
[2025-12-05T03:20:28.166+0000] {logging_mixin.py:154} INFO - [72]	validation_0-logloss:0.53796	validation_1-logloss:0.56060	validation_2-logloss:0.55127
[2025-12-05T03:20:28.168+0000] {logging_mixin.py:154} INFO - [73]	validation_0-logloss:0.53612	validation_1-logloss:0.55915	validation_2-logloss:0.54973
[2025-12-05T03:20:28.170+0000] {logging_mixin.py:154} INFO - [74]	validation_0-logloss:0.53498	validation_1-logloss:0.55807	validation_2-logloss:0.54854
[2025-12-05T03:20:28.171+0000] {logging_mixin.py:154} INFO - [75]	validation_0-logloss:0.53373	validation_1-logloss:0.55694	validation_2-logloss:0.54738
[2025-12-05T03:20:28.175+0000] {logging_mixin.py:154} INFO - [76]	validation_0-logloss:0.53247	validation_1-logloss:0.55599	validation_2-logloss:0.54633
[2025-12-05T03:20:28.178+0000] {logging_mixin.py:154} INFO - [77]	validation_0-logloss:0.53137	validation_1-logloss:0.55518	validation_2-logloss:0.54542
[2025-12-05T03:20:28.180+0000] {logging_mixin.py:154} INFO - [78]	validation_0-logloss:0.53003	validation_1-logloss:0.55408	validation_2-logloss:0.54419
[2025-12-05T03:20:28.181+0000] {logging_mixin.py:154} INFO - [79]	validation_0-logloss:0.52888	validation_1-logloss:0.55313	validation_2-logloss:0.54319
[2025-12-05T03:20:28.190+0000] {logging_mixin.py:154} INFO - [80]	validation_0-logloss:0.52732	validation_1-logloss:0.55181	validation_2-logloss:0.54176
[2025-12-05T03:20:28.199+0000] {logging_mixin.py:154} INFO - [81]	validation_0-logloss:0.52556	validation_1-logloss:0.55039	validation_2-logloss:0.54020
[2025-12-05T03:20:28.201+0000] {logging_mixin.py:154} INFO - [82]	validation_0-logloss:0.52464	validation_1-logloss:0.54962	validation_2-logloss:0.53930
[2025-12-05T03:20:28.204+0000] {logging_mixin.py:154} INFO - [83]	validation_0-logloss:0.52305	validation_1-logloss:0.54828	validation_2-logloss:0.53790
[2025-12-05T03:20:28.206+0000] {logging_mixin.py:154} INFO - [84]	validation_0-logloss:0.52208	validation_1-logloss:0.54768	validation_2-logloss:0.53707
[2025-12-05T03:20:28.207+0000] {logging_mixin.py:154} INFO - [85]	validation_0-logloss:0.52144	validation_1-logloss:0.54731	validation_2-logloss:0.53668
[2025-12-05T03:20:28.213+0000] {logging_mixin.py:154} INFO - [86]	validation_0-logloss:0.52048	validation_1-logloss:0.54641	validation_2-logloss:0.53571
[2025-12-05T03:20:28.215+0000] {logging_mixin.py:154} INFO - [87]	validation_0-logloss:0.51976	validation_1-logloss:0.54577	validation_2-logloss:0.53498
[2025-12-05T03:20:28.217+0000] {logging_mixin.py:154} INFO - [88]	validation_0-logloss:0.51886	validation_1-logloss:0.54492	validation_2-logloss:0.53406
[2025-12-05T03:20:28.226+0000] {logging_mixin.py:154} INFO - [89]	validation_0-logloss:0.51736	validation_1-logloss:0.54372	validation_2-logloss:0.53282
[2025-12-05T03:20:28.227+0000] {logging_mixin.py:154} INFO - [90]	validation_0-logloss:0.51635	validation_1-logloss:0.54306	validation_2-logloss:0.53212
[2025-12-05T03:20:28.231+0000] {logging_mixin.py:154} INFO - [91]	validation_0-logloss:0.51543	validation_1-logloss:0.54246	validation_2-logloss:0.53136
[2025-12-05T03:20:28.232+0000] {logging_mixin.py:154} INFO - [92]	validation_0-logloss:0.51437	validation_1-logloss:0.54170	validation_2-logloss:0.53049
[2025-12-05T03:20:28.234+0000] {logging_mixin.py:154} INFO - [93]	validation_0-logloss:0.51364	validation_1-logloss:0.54135	validation_2-logloss:0.53003
[2025-12-05T03:20:28.237+0000] {logging_mixin.py:154} INFO - [94]	validation_0-logloss:0.51210	validation_1-logloss:0.54027	validation_2-logloss:0.52880
[2025-12-05T03:20:28.239+0000] {logging_mixin.py:154} INFO - [95]	validation_0-logloss:0.51099	validation_1-logloss:0.53945	validation_2-logloss:0.52791
[2025-12-05T03:20:28.240+0000] {logging_mixin.py:154} INFO - [96]	validation_0-logloss:0.51007	validation_1-logloss:0.53888	validation_2-logloss:0.52721
[2025-12-05T03:20:28.243+0000] {logging_mixin.py:154} INFO - [97]	validation_0-logloss:0.50917	validation_1-logloss:0.53829	validation_2-logloss:0.52657
[2025-12-05T03:20:28.244+0000] {logging_mixin.py:154} INFO - [98]	validation_0-logloss:0.50828	validation_1-logloss:0.53755	validation_2-logloss:0.52574
[2025-12-05T03:20:28.246+0000] {logging_mixin.py:154} INFO - [99]	validation_0-logloss:0.50786	validation_1-logloss:0.53731	validation_2-logloss:0.52541
[2025-12-05T03:20:28.247+0000] {logging_mixin.py:154} INFO - [100]	validation_0-logloss:0.50699	validation_1-logloss:0.53656	validation_2-logloss:0.52465
[2025-12-05T03:20:28.250+0000] {logging_mixin.py:154} INFO - [101]	validation_0-logloss:0.50560	validation_1-logloss:0.53553	validation_2-logloss:0.52357
[2025-12-05T03:20:28.252+0000] {logging_mixin.py:154} INFO - [102]	validation_0-logloss:0.50426	validation_1-logloss:0.53459	validation_2-logloss:0.52257
[2025-12-05T03:20:28.254+0000] {logging_mixin.py:154} INFO - [103]	validation_0-logloss:0.50354	validation_1-logloss:0.53412	validation_2-logloss:0.52205
[2025-12-05T03:20:28.256+0000] {logging_mixin.py:154} INFO - [104]	validation_0-logloss:0.50265	validation_1-logloss:0.53365	validation_2-logloss:0.52148
[2025-12-05T03:20:28.258+0000] {logging_mixin.py:154} INFO - [105]	validation_0-logloss:0.50127	validation_1-logloss:0.53267	validation_2-logloss:0.52051
[2025-12-05T03:20:28.260+0000] {logging_mixin.py:154} INFO - [106]	validation_0-logloss:0.50012	validation_1-logloss:0.53173	validation_2-logloss:0.51953
[2025-12-05T03:20:28.262+0000] {logging_mixin.py:154} INFO - [107]	validation_0-logloss:0.49937	validation_1-logloss:0.53122	validation_2-logloss:0.51896
[2025-12-05T03:20:28.264+0000] {logging_mixin.py:154} INFO - [108]	validation_0-logloss:0.49819	validation_1-logloss:0.53026	validation_2-logloss:0.51795
[2025-12-05T03:20:28.266+0000] {logging_mixin.py:154} INFO - [109]	validation_0-logloss:0.49738	validation_1-logloss:0.52980	validation_2-logloss:0.51731
[2025-12-05T03:20:28.267+0000] {logging_mixin.py:154} INFO - [110]	validation_0-logloss:0.49664	validation_1-logloss:0.52919	validation_2-logloss:0.51663
[2025-12-05T03:20:28.270+0000] {logging_mixin.py:154} INFO - [111]	validation_0-logloss:0.49593	validation_1-logloss:0.52870	validation_2-logloss:0.51610
[2025-12-05T03:20:28.272+0000] {logging_mixin.py:154} INFO - [112]	validation_0-logloss:0.49499	validation_1-logloss:0.52789	validation_2-logloss:0.51533
[2025-12-05T03:20:28.273+0000] {logging_mixin.py:154} INFO - [113]	validation_0-logloss:0.49386	validation_1-logloss:0.52708	validation_2-logloss:0.51446
[2025-12-05T03:20:28.275+0000] {logging_mixin.py:154} INFO - [114]	validation_0-logloss:0.49292	validation_1-logloss:0.52623	validation_2-logloss:0.51352
[2025-12-05T03:20:28.277+0000] {logging_mixin.py:154} INFO - [115]	validation_0-logloss:0.49191	validation_1-logloss:0.52539	validation_2-logloss:0.51268
[2025-12-05T03:20:28.279+0000] {logging_mixin.py:154} INFO - [116]	validation_0-logloss:0.49073	validation_1-logloss:0.52448	validation_2-logloss:0.51169
[2025-12-05T03:20:28.281+0000] {logging_mixin.py:154} INFO - [117]	validation_0-logloss:0.49003	validation_1-logloss:0.52412	validation_2-logloss:0.51121
[2025-12-05T03:20:28.282+0000] {logging_mixin.py:154} INFO - [118]	validation_0-logloss:0.48924	validation_1-logloss:0.52348	validation_2-logloss:0.51044
[2025-12-05T03:20:28.284+0000] {logging_mixin.py:154} INFO - [119]	validation_0-logloss:0.48884	validation_1-logloss:0.52328	validation_2-logloss:0.51022
[2025-12-05T03:20:28.286+0000] {logging_mixin.py:154} INFO - [120]	validation_0-logloss:0.48802	validation_1-logloss:0.52262	validation_2-logloss:0.50946
[2025-12-05T03:20:28.288+0000] {logging_mixin.py:154} INFO - [121]	validation_0-logloss:0.48739	validation_1-logloss:0.52230	validation_2-logloss:0.50902
[2025-12-05T03:20:28.290+0000] {logging_mixin.py:154} INFO - [122]	validation_0-logloss:0.48648	validation_1-logloss:0.52169	validation_2-logloss:0.50838
[2025-12-05T03:20:28.292+0000] {logging_mixin.py:154} INFO - [123]	validation_0-logloss:0.48551	validation_1-logloss:0.52095	validation_2-logloss:0.50761
[2025-12-05T03:20:28.293+0000] {logging_mixin.py:154} INFO - [124]	validation_0-logloss:0.48452	validation_1-logloss:0.52021	validation_2-logloss:0.50691
[2025-12-05T03:20: