[2025-12-05T03:20:13.310+0000] {logging_mixin.py:154} INFO - [I 2025-12-05 03:20:13,310] Trial 27 finished with value: 0.7865626060400407 and parameters: {'max_depth': 8, 'learning_rate': 0.01300844164774653, 'subsample': 0.6577136112265429, 'colsample_bytree': 0.7003426676659894, 'min_child_weight': 3, 'gamma': 1.4952944918171496, 'n_estimators': 245}. Best is trial 18 with value: 0.7872412623006446.
[2025-12-05T03:20:13.310+0000] {logging_mixin.py:154} WARNING - Best trial: 18. Best value: 0.787241:  54%|#####4    | 27/50 [00:47<00:08,  2.57it/s, 46.83/60 seconds]
[2025-12-05T03:20:13.311+0000] {logging_mixin.py:154} WARNING - Best trial: 18. Best value: 0.787241:  54%|#####4    | 27/50 [00:47<00:08,  2.57it/s, 46.83/60 seconds]
[2025-12-05T03:20:13.311+0000] {logging_mixin.py:154} WARNING - Best trial: 18. Best value: 0.787241:  56%|#####6    | 28/50 [00:47<00:08,  2.52it/s, 46.83/60 seconds]
[2025-12-05T03:20:13.311+0000] {logging_mixin.py:154} WARNING - Best trial: 18. Best value: 0.787241:  56%|#####6    | 28/50 [00:47<00:08,  2.52it/s, 47.25/60 seconds]
[2025-12-05T03:20:13.718+0000] {logging_mixin.py:154} WARNING -                                                                                                        
[2025-12-05T03:20:13.718+0000] {logging_mixin.py:154} WARNING - 
[2025-12-05T03:20:13.718+0000] {logging_mixin.py:154} INFO - [I 2025-12-05 03:20:13,717] Trial 28 finished with value: 0.7842087654734025 and parameters: {'max_depth': 6, 'learning_rate': 0.010036316079145837, 'subsample': 0.6253927919279821, 'colsample_bytree': 0.6972248821194833, 'min_child_weight': 3, 'gamma': 1.4290418838821088, 'n_estimators': 355}. Best is trial 18 with value: 0.7872412623006446.
[2025-12-05T03:20:13.718+0000] {logging_mixin.py:154} WARNING - Best trial: 18. Best value: 0.787241:  56%|#####6    | 28/50 [00:47<00:08,  2.52it/s, 47.25/60 seconds]
[2025-12-05T03:20:13.719+0000] {logging_mixin.py:154} WARNING - Best trial: 18. Best value: 0.787241:  56%|#####6    | 28/50 [00:47<00:08,  2.52it/s, 47.25/60 seconds]
[2025-12-05T03:20:13.719+0000] {logging_mixin.py:154} WARNING - Best trial: 18. Best value: 0.787241:  58%|#####8    | 29/50 [00:47<00:08,  2.50it/s, 47.25/60 seconds]
[2025-12-05T03:20:13.719+0000] {logging_mixin.py:154} WARNING - Best trial: 18. Best value: 0.787241:  58%|#####8    | 29/50 [00:47<00:08,  2.50it/s, 47.66/60 seconds]
[2025-12-05T03:20:14.390+0000] {logging_mixin.py:154} WARNING -                                                                                                        
[2025-12-05T03:20:14.390+0000] {logging_mixin.py:154} WARNING - 
[2025-12-05T03:20:14.390+0000] {logging_mixin.py:154} INFO - [I 2025-12-05 03:20:14,390] Trial 29 finished with value: 0.7858117326057298 and parameters: {'max_depth': 11, 'learning_rate': 0.01296837629523353, 'subsample': 0.7364097151854239, 'colsample_bytree': 0.7620728188053074, 'min_child_weight': 1, 'gamma': 0.9755428104419999, 'n_estimators': 431}. Best is trial 18 with value: 0.7872412623006446.
[2025-12-05T03:20:14.390+0000] {logging_mixin.py:154} WARNING - Best trial: 18. Best value: 0.787241:  58%|#####8    | 29/50 [00:48<00:08,  2.50it/s, 47.66/60 seconds]
[2025-12-05T03:20:14.391+0000] {logging_mixin.py:154} WARNING - Best trial: 18. Best value: 0.787241:  58%|#####8    | 29/50 [00:48<00:08,  2.50it/s, 47.66/60 seconds]
[2025-12-05T03:20:14.391+0000] {logging_mixin.py:154} WARNING - Best trial: 18. Best value: 0.787241:  60%|######    | 30/50 [00:48<00:09,  2.11it/s, 47.66/60 seconds]
[2025-12-05T03:20:14.391+0000] {logging_mixin.py:154} WARNING - Best trial: 18. Best value: 0.787241:  60%|######    | 30/50 [00:48<00:09,  2.11it/s, 48.33/60 seconds]
[2025-12-05T03:20:14.478+0000] {logging_mixin.py:154} WARNING -                                                                                                        
[2025-12-05T03:20:14.478+0000] {logging_mixin.py:154} WARNING - 
[2025-12-05T03:20:14.478+0000] {logging_mixin.py:154} INFO - [I 2025-12-05 03:20:14,478] Trial 30 finished with value: 0.7742150968603874 and parameters: {'max_depth': 8, 'learning_rate': 0.021665562818517083, 'subsample': 0.6960062125573042, 'colsample_bytree': 0.6632081513046253, 'min_child_weight': 4, 'gamma': 1.7692438551454872, 'n_estimators': 59}. Best is trial 18 with value: 0.7872412623006446.
[2025-12-05T03:20:14.478+0000] {logging_mixin.py:154} WARNING - Best trial: 18. Best value: 0.787241:  60%|######    | 30/50 [00:48<00:09,  2.11it/s, 48.33/60 seconds]
[2025-12-05T03:20:14.478+0000] {logging_mixin.py:154} WARNING - Best trial: 18. Best value: 0.787241:  60%|######    | 30/50 [00:48<00:09,  2.11it/s, 48.33/60 seconds]
[2025-12-05T03:20:14.478+0000] {logging_mixin.py:154} WARNING - Best trial: 18. Best value: 0.787241:  62%|######2   | 31/50 [00:48<00:09,  2.11it/s, 48.42/60 seconds]
[2025-12-05T03:20:15.140+0000] {logging_mixin.py:154} WARNING -                                                                                                        
[2025-12-05T03:20:15.141+0000] {logging_mixin.py:154} WARNING - 
[2025-12-05T03:20:15.141+0000] {logging_mixin.py:154} INFO - [I 2025-12-05 03:20:15,140] Trial 31 finished with value: 0.7848101265822786 and parameters: {'max_depth': 11, 'learning_rate': 0.012617717952670074, 'subsample': 0.7369691529379923, 'colsample_bytree': 0.7653278416823284, 'min_child_weight': 1, 'gamma': 0.9640927861666354, 'n_estimators': 439}. Best is trial 18 with value: 0.7872412623006446.
[2025-12-05T03:20:15.141+0000] {logging_mixin.py:154} WARNING - Best trial: 18. Best value: 0.787241:  62%|######2   | 31/50 [00:49<00:09,  2.11it/s, 48.42/60 seconds]
[2025-12-05T03:20:15.141+0000] {logging_mixin.py:154} WARNING - Best trial: 18. Best value: 0.787241:  62%|######2   | 31/50 [00:49<00:09,  2.11it/s, 48.42/60 seconds]
[2025-12-05T03:20:15.141+0000] {logging_mixin.py:154} WARNING - Best trial: 18. Best value: 0.787241:  64%|######4   | 32/50 [00:49<00:07,  2.32it/s, 48.42/60 seconds]
[2025-12-05T03:20:15.142+0000] {logging_mixin.py:154} WARNING - Best trial: 18. Best value: 0.787241:  64%|######4   | 32/50 [00:49<00:07,  2.32it/s, 49.08/60 seconds]
[2025-12-05T03:20:16.112+0000] {logging_mixin.py:154} WARNING -                                                                                                        
[2025-12-05T03:20:16.112+0000] {logging_mixin.py:154} WARNING - 
[2025-12-05T03:20:16.113+0000] {logging_mixin.py:154} INFO - [I 2025-12-05 03:20:16,112] Trial 32 finished with value: 0.7840986977381769 and parameters: {'max_depth': 10, 'learning_rate': 0.01640304920465948, 'subsample': 0.6900422725809425, 'colsample_bytree': 0.7480704121363784, 'min_child_weight': 1, 'gamma': 1.0809666819491528, 'n_estimators': 396}. Best is trial 18 with value: 0.7872412623006446.
[2025-12-05T03:20:16.113+0000] {logging_mixin.py:154} WARNING - Best trial: 18. Best value: 0.787241:  64%|######4   | 32/50 [00:50<00:07,  2.32it/s, 49.08/60 seconds]
[2025-12-05T03:20:16.113+0000] {logging_mixin.py:154} WARNING - Best trial: 18. Best value: 0.787241:  64%|######4   | 32/50 [00:50<00:07,  2.32it/s, 49.08/60 seconds]
[2025-12-05T03:20:16.113+0000] {logging_mixin.py:154} WARNING - Best trial: 18. Best value: 0.787241:  66%|######6   | 33/50 [00:50<00:09,  1.79it/s, 49.08/60 seconds]
[2025-12-05T03:20:16.113+0000] {logging_mixin.py:154} WARNING - Best trial: 18. Best value: 0.787241:  66%|######6   | 33/50 [00:50<00:09,  1.79it/s, 50.05/60 seconds]
[2025-12-05T03:20:16.610+0000] {logging_mixin.py:154} WARNING -                                                                                                        
[2025-12-05T03:20:16.610+0000] {logging_mixin.py:154} WARNING - 
[2025-12-05T03:20:16.610+0000] {logging_mixin.py:154} INFO - [I 2025-12-05 03:20:16,609] Trial 33 finished with value: 0.7899388171312032 and parameters: {'max_depth': 12, 'learning_rate': 0.012596586394519792, 'subsample': 0.7702311444125595, 'colsample_bytree': 0.7072155962269836, 'min_child_weight': 2, 'gamma': 1.6066455487015165, 'n_estimators': 411}. Best is trial 33 with value: 0.7899388171312032.
[2025-12-05T03:20:16.610+0000] {logging_mixin.py:154} WARNING - Best trial: 18. Best value: 0.787241:  66%|######6   | 33/50 [00:50<00:09,  1.79it/s, 50.05/60 seconds]
[2025-12-05T03:20:16.610+0000] {logging_mixin.py:154} WARNING - Best trial: 33. Best value: 0.789939:  66%|######6   | 33/50 [00:50<00:09,  1.79it/s, 50.05/60 seconds]
[2025-12-05T03:20:16.610+0000] {logging_mixin.py:154} WARNING - Best trial: 33. Best value: 0.789939:  68%|######8   | 34/50 [00:50<00:08,  1.84it/s, 50.05/60 seconds]
[2025-12-05T03:20:16.611+0000] {logging_mixin.py:154} WARNING - Best trial: 33. Best value: 0.789939:  68%|######8   | 34/50 [00:50<00:08,  1.84it/s, 50.55/60 seconds]
[2025-12-05T03:20:19.272+0000] {logging_mixin.py:154} WARNING -                                                                                                        
[2025-12-05T03:20:19.272+0000] {logging_mixin.py:154} WARNING - 
[2025-12-05T03:20:19.273+0000] {logging_mixin.py:154} INFO - [I 2025-12-05 03:20:19,272] Trial 34 finished with value: 0.7863945578231292 and parameters: {'max_depth': 13, 'learning_rate': 0.018159046246671615, 'subsample': 0.7861542819491799, 'colsample_bytree': 0.7110682557379422, 'min_child_weight': 3, 'gamma': 1.607047286127559, 'n_estimators': 364}. Best is trial 33 with value: 0.7899388171312032.
[2025-12-05T03:20:19.273+0000] {logging_mixin.py:154} WARNING - Best trial: 33. Best value: 0.789939:  68%|######8   | 34/50 [00:53<00:08,  1.84it/s, 50.55/60 seconds]
[2025-12-05T03:20:19.273+0000] {logging_mixin.py:154} WARNING - Best trial: 33. Best value: 0.789939:  68%|######8   | 34/50 [00:53<00:08,  1.84it/s, 50.55/60 seconds]
[2025-12-05T03:20:19.273+0000] {logging_mixin.py:154} WARNING - Best trial: 33. Best value: 0.789939:  70%|#######   | 35/50 [00:53<00:16,  1.11s/it, 50.55/60 seconds]
[2025-12-05T03:20:19.273+0000] {logging_mixin.py:154} WARNING - Best trial: 33. Best value: 0.789939:  70%|#######   | 35/50 [00:53<00:16,  1.11s/it, 53.21/60 seconds]
[2025-12-05T03:20:19.806+0000] {logging_mixin.py:154} WARNING -                                                                                                        
[2025-12-05T03:20:19.806+0000] {logging_mixin.py:154} WARNING - 
[2025-12-05T03:20:19.806+0000] {logging_mixin.py:154} INFO - [I 2025-12-05 03:20:19,805] Trial 35 finished with value: 0.7819397993311037 and parameters: {'max_depth': 6, 'learning_rate': 0.01003070288743342, 'subsample': 0.8239734386108969, 'colsample_bytree': 0.5428906120066748, 'min_child_weight': 2, 'gamma': 1.629972400658617, 'n_estimators': 318}. Best is trial 33 with value: 0.7899388171312032.
[2025-12-05T03:20:19.806+0000] {logging_mixin.py:154} WARNING - Best trial: 33. Best value: 0.789939:  70%|#######   | 35/50 [00:53<00:16,  1.11s/it, 53.21/60 seconds]
[2025-12-05T03:20:19.806+0000] {logging_mixin.py:154} WARNING - Best trial: 33. Best value: 0.789939:  70%|#######   | 35/50 [00:53<00:16,  1.11s/it, 53.21/60 seconds]
[2025-12-05T03:20:19.806+0000] {logging_mixin.py:154} WARNING - Best trial: 33. Best value: 0.789939:  72%|#######2  | 36/50 [00:53<00:13,  1.05it/s, 53.21/60 seconds]
[2025-12-05T03:20:19.807+0000] {logging_mixin.py:154} WARNING - Best trial: 33. Best value: 0.789939:  72%|#######2  | 36/50 [00:53<00:13,  1.05it/s, 53.74/60 seconds]
[2025-12-05T03:20:20.311+0000] {logging_mixin.py:154} WARNING -                                                                                                        
[2025-12-05T03:20:20.311+0000] {logging_mixin.py:154} WARNING - 
[2025-12-05T03:20:20.311+0000] {logging_mixin.py:154} INFO - [I 2025-12-05 03:20:20,310] Trial 36 finished with value: 0.7846467391304348 and parameters: {'max_depth': 13, 'learning_rate': 0.01227360537014865, 'subsample': 0.7724760915157266, 'colsample_bytree': 0.5896225411985808, 'min_child_weight': 3, 'gamma': 2.077416071975657, 'n_estimators': 285}. Best is trial 33 with value: 0.7899388171312032.
[2025-12-05T03:20:20.311+0000] {logging_mixin.py:154} WARNING - Best trial: 33. Best value: 0.789939:  72%|#######2  | 36/50 [00:54<00:13,  1.05it/s, 53.74/60 seconds]
[2025-12-05T03:20:20.311+0000] {logging_mixin.py:154} WARNING - Best trial: 33. Best value: 0.789939:  72%|#######2  | 36/50 [00:54<00:13,  1.05it/s, 53.74/60 seconds]
[2025-12-05T03:20:20.311+0000] {logging_mixin.py:154} WARNING - Best trial: 33. Best value: 0.789939:  74%|#######4  | 37/50 [00:54<00:10,  1.21it/s, 53.74/60 seconds]
[2025-12-05T03:20:20.312+0000] {logging_mixin.py:154} WARNING - Best trial: 33. Best value: 0.789939:  74%|#######4  | 37/50 [00:54<00:10,  1.21it/s, 54.25/60 seconds]
[2025-12-05T03:20:20.700+0000] {logging_mixin.py:154} WARNING -                                                                                                        
[2025-12-05T03:20:20.700+0000] {logging_mixin.py:154} WARNING - 
[2025-12-05T03:20:20.700+0000] {logging_mixin.py:154} INFO - [I 2025-12-05 03:20:20,700] Trial 37 finished with value: 0.7834699453551912 and parameters: {'max_depth': 15, 'learning_rate': 0.017235108507588234, 'subsample': 0.6812042996332444, 'colsample_bytree': 0.6571580651481882, 'min_child_weight': 5, 'gamma': 1.2450621071069075, 'n_estimators': 258}. Best is trial 33 with value: 0.7899388171312032.
[2025-12-05T03:20:20.700+0000] {logging_mixin.py:154} WARNING - Best trial: 33. Best value: 0.789939:  74%|#######4  | 37/50 [00:54<00:10,  1.21it/s, 54.25/60 seconds]
[2025-12-05T03:20:20.701+0000] {logging_mixin.py:154} WARNING - Best trial: 33. Best value: 0.789939:  74%|#######4  | 37/50 [00:54<00:10,  1.21it/s, 54.25/60 seconds]
[2025-12-05T03:20:20.701+0000] {logging_mixin.py:154} WARNING - Best trial: 33. Best value: 0.789939:  76%|#######6  | 38/50 [00:54<00:08,  1.43it/s, 54.25/60 seconds]
[2025-12-05T03:20:20.701+0000] {logging_mixin.py:154} WARNING - Best trial: 33. Best value: 0.789939:  76%|#######6  | 38/50 [00:54<00:08,  1.43it/s, 54.64/60 seconds]
[2025-12-05T03:20:21.649+0000] {logging_mixin.py:154} WARNING -                                                                                                        
[2025-12-05T03:20:21.649+0000] {logging_mixin.py:154} WARNING - 
[2025-12-05T03:20:21.649+0000] {logging_mixin.py:154} INFO - [I 2025-12-05 03:20:21,649] Trial 38 finished with value: 0.7899388171312032 and parameters: {'max_depth': 9, 'learning_rate': 0.023692643536450578, 'subsample': 0.832232184918823, 'colsample_bytree': 0.7004328722584814, 'min_child_weight': 2, 'gamma': 1.6426154122133068, 'n_estimators': 401}. Best is trial 33 with value: 0.7899388171312032.
[2025-12-05T03:20:21.649+0000] {logging_mixin.py:154} WARNING - Best trial: 33. Best value: 0.789939:  76%|#######6  | 38/50 [00:55<00:08,  1.43it/s, 54.64/60 seconds]
[2025-12-05T03:20:21.650+0000] {logging_mixin.py:154} WARNING - Best trial: 33. Best value: 0.789939:  76%|#######6  | 38/50 [00:55<00:08,  1.43it/s, 54.64/60 seconds]
[2025-12-05T03:20:21.650+0000] {logging_mixin.py:154} WARNING - Best trial: 33. Best value: 0.789939:  78%|#######8  | 39/50 [00:55<00:08,  1.30it/s, 54.64/60 seconds]
[2025-12-05T03:20:21.650+0000] {logging_mixin.py:154} WARNING - Best trial: 33. Best value: 0.789939:  78%|#######8  | 39/50 [00:55<00:08,  1.30it/s, 55.59/60 seconds]
[2025-12-05T03:20:22.200+0000] {logging_mixin.py:154} WARNING -                                                                                                        
[2025-12-05T03:20:22.201+0000] {logging_mixin.py:154} WARNING - 
[2025-12-05T03:20:22.201+0000] {logging_mixin.py:154} INFO - [I 2025-12-05 03:20:22,200] Trial 39 finished with value: 0.7790777701307637 and parameters: {'max_depth': 12, 'learning_rate': 0.023614459552338325, 'subsample': 0.8431480398292688, 'colsample_bytree': 0.7946210024959318, 'min_child_weight': 2, 'gamma': 0.7411206535763661, 'n_estimators': 397}. Best is trial 33 with value: 0.7899388171312032.
[2025-12-05T03:20:22.201+0000] {logging_mixin.py:154} WARNING - Best trial: 33. Best value: 0.789939:  78%|#######8  | 39/50 [00:56<00:08,  1.30it/s, 55.59/60 seconds]
[2025-12-05T03:20:22.201+0000] {logging_mixin.py:154} WARNING - Best trial: 33. Best value: 0.789939:  78%|#######8  | 39/50 [00:56<00:08,  1.30it/s, 55.59/60 seconds]
[2025-12-05T03:20:22.201+0000] {logging_mixin.py:154} WARNING - Best trial: 33. Best value: 0.789939:  80%|########  | 40/50 [00:56<00:07,  1.41it/s, 55.59/60 seconds]
[2025-12-05T03:20:22.201+0000] {logging_mixin.py:154} WARNING - Best trial: 33. Best value: 0.789939:  80%|########  | 40/50 [00:56<00:07,  1.41it/s, 56.14/60 seconds]
[2025-12-05T03:20:22.677+0000] {logging_mixin.py:154} WARNING -                                                                                                        
[2025-12-05T03:20:22.677+0000] {logging_mixin.py:154} WARNING - 
[2025-12-05T03:20:22.677+0000] {logging_mixin.py:154} INFO - [I 2025-12-05 03:20:22,677] Trial 40 finished with value: 0.7880231371214699 and parameters: {'max_depth': 9, 'learning_rate': 0.028745689878530708, 'subsample': 0.7973872617528801, 'colsample_bytree': 0.7266367682142773, 'min_child_weight': 5, 'gamma': 1.7955608730723236, 'n_estimators': 457}. Best is trial 33 with value: 0.7899388171312032.
[2025-12-05T03:20:22.678+0000] {logging_mixin.py:154} WARNING - Best trial: 33. Best value: 0.789939:  80%|########  | 40/50 [00:56<00:07,  1.41it/s, 56.14/60 seconds]
[2025-12-05T03:20:22.678+0000] {logging_mixin.py:154} WARNING - Best trial: 33. Best value: 0.789939:  80%|########  | 40/50 [00:56<00:07,  1.41it/s, 56.14/60 seconds]
[2025-12-05T03:20:22.678+0000] {logging_mixin.py:154} WARNING - Best trial: 33. Best value: 0.789939:  82%|########2 | 41/50 [00:56<00:05,  1.56it/s, 56.14/60 seconds]
[2025-12-05T03:20:22.678+0000] {logging_mixin.py:154} WARNING - Best trial: 33. Best value: 0.789939:  82%|########2 | 41/50 [00:56<00:05,  1.56it/s, 56.62/60 seconds]
[2025-12-05T03:20:23.504+0000] {logging_mixin.py:154} WARNING -                                                                                                        
[2025-12-05T03:20:23.504+0000] {logging_mixin.py:154} WARNING - 
[2025-12-05T03:20:23.504+0000] {logging_mixin.py:154} INFO - [I 2025-12-05 03:20:23,504] Trial 41 finished with value: 0.7859097127222981 and parameters: {'max_depth': 9, 'learning_rate': 0.0312970701887831, 'subsample': 0.8198684974553233, 'colsample_bytree': 0.7302638500945381, 'min_child_weight': 6, 'gamma': 1.852543644305992, 'n_estimators': 461}. Best is trial 33 with value: 0.7899388171312032.
[2025-12-05T03:20:23.504+0000] {logging_mixin.py:154} WARNING - Best trial: 33. Best value: 0.789939:  82%|########2 | 41/50 [00:57<00:05,  1.56it/s, 56.62/60 seconds]
[2025-12-05T03:20:23.505+0000] {logging_mixin.py:154} WARNING - Best trial: 33. Best value: 0.789939:  82%|########2 | 41/50 [00:57<00:05,  1.56it/s, 56.62/60 seconds]
[2025-12-05T03:20:23.505+0000] {logging_mixin.py:154} WARNING - Best trial: 33. Best value: 0.789939:  84%|########4 | 42/50 [00:57<00:05,  1.44it/s, 56.62/60 seconds]
[2025-12-05T03:20:23.505+0000] {logging_mixin.py:154} WARNING - Best trial: 33. Best value: 0.789939:  84%|########4 | 42/50 [00:57<00:05,  1.44it/s, 57.44/60 seconds]
[2025-12-05T03:20:23.983+0000] {logging_mixin.py:154} WARNING -                                                                                                        
[2025-12-05T03:20:23.983+0000] {logging_mixin.py:154} WARNING - 
[2025-12-05T03:20:23.983+0000] {logging_mixin.py:154} INFO - [I 2025-12-05 03:20:23,982] Trial 42 finished with value: 0.7873426335488262 and parameters: {'max_depth': 10, 'learning_rate': 0.024437570733902455, 'subsample': 0.7909451022606107, 'colsample_bytree': 0.6889618550961344, 'min_child_weight': 5, 'gamma': 2.090012634366994, 'n_estimators': 463}. Best is trial 33 with value: 0.7899388171312032.
[2025-12-05T03:20:23.983+0000] {logging_mixin.py:154} WARNING - Best trial: 33. Best value: 0.789939:  84%|########4 | 42/50 [00:57<00:05,  1.44it/s, 57.44/60 seconds]
[2025-12-05T03:20:23.984+0000] {logging_mixin.py:154} WARNING - Best trial: 33. Best value: 0.789939:  84%|########4 | 42/50 [00:57<00:05,  1.44it/s, 57.44/60 seconds]
[2025-12-05T03:20:23.984+0000] {logging_mixin.py:154} WARNING - Best trial: 33. Best value: 0.789939:  86%|########6 | 43/50 [00:57<00:04,  1.59it/s, 57.44/60 seconds]
[2025-12-05T03:20:23.984+0000] {logging_mixin.py:154} WARNING - Best trial: 33. Best value: 0.789939:  86%|########6 | 43/50 [00:57<00:04,  1.59it/s, 57.92/60 seconds]
[2025-12-05T03:20:24.391+0000] {logging_mixin.py:154} WARNING -                                                                                                        
[2025-12-05T03:20:24.391+0000] {logging_mixin.py:154} WARNING - 
