[2025-11-17T22:05:30.440+0000] {logging_mixin.py:154} INFO - [I 2025-11-17 22:05:30,440] Trial 0 finished with value: 0.8374273348572224 and parameters: {'max_depth': 7, 'learning_rate': 0.2536999076681772, 'subsample': 0.8659969709057025, 'colsample_bytree': 0.7993292420985183, 'min_child_weight': 2, 'gamma': 0.7799726016810132, 'n_estimators': 76}. Best is trial 0 with value: 0.8374273348572224.
[2025-11-17T22:05:30.441+0000] {logging_mixin.py:154} WARNING -   0%|          | 0/50 [00:00<?, ?it/s]
[2025-11-17T22:05:30.441+0000] {logging_mixin.py:154} WARNING - Best trial: 0. Best value: 0.837427:   0%|          | 0/50 [00:00<?, ?it/s]
[2025-11-17T22:05:30.441+0000] {logging_mixin.py:154} WARNING - Best trial: 0. Best value: 0.837427:   2%|2         | 1/50 [00:00<00:35,  1.38it/s]
[2025-11-17T22:05:32.051+0000] {logging_mixin.py:154} WARNING -                                                                                    
[2025-11-17T22:05:32.051+0000] {logging_mixin.py:154} WARNING - 
[2025-11-17T22:05:32.052+0000] {logging_mixin.py:154} INFO - [I 2025-11-17 22:05:32,051] Trial 1 finished with value: 0.8396216609500052 and parameters: {'max_depth': 14, 'learning_rate': 0.07725378389307355, 'subsample': 0.8540362888980227, 'colsample_bytree': 0.5102922471479012, 'min_child_weight': 10, 'gamma': 4.162213204002109, 'n_estimators': 145}. Best is trial 1 with value: 0.8396216609500052.
[2025-11-17T22:05:32.052+0000] {logging_mixin.py:154} WARNING - Best trial: 0. Best value: 0.837427:   2%|2         | 1/50 [00:02<00:35,  1.38it/s]
[2025-11-17T22:05:32.052+0000] {logging_mixin.py:154} WARNING - Best trial: 1. Best value: 0.839622:   2%|2         | 1/50 [00:02<00:35,  1.38it/s]
[2025-11-17T22:05:32.052+0000] {logging_mixin.py:154} WARNING - Best trial: 1. Best value: 0.839622:   4%|4         | 2/50 [00:02<00:59,  1.25s/it]
[2025-11-17T22:05:36.670+0000] {logging_mixin.py:154} WARNING -                                                                                    
[2025-11-17T22:05:36.671+0000] {logging_mixin.py:154} WARNING - 
[2025-11-17T22:05:36.671+0000] {logging_mixin.py:154} INFO - [I 2025-11-17 22:05:36,670] Trial 2 finished with value: 0.8057348814928029 and parameters: {'max_depth': 5, 'learning_rate': 0.018659959624904916, 'subsample': 0.6521211214797689, 'colsample_bytree': 0.762378215816119, 'min_child_weight': 5, 'gamma': 1.4561457009902097, 'n_estimators': 325}. Best is trial 1 with value: 0.8396216609500052.
[2025-11-17T22:05:36.671+0000] {logging_mixin.py:154} WARNING - Best trial: 1. Best value: 0.839622:   4%|4         | 2/50 [00:06<00:59,  1.25s/it]
[2025-11-17T22:05:36.671+0000] {logging_mixin.py:154} WARNING - Best trial: 1. Best value: 0.839622:   4%|4         | 2/50 [00:06<00:59,  1.25s/it]
[2025-11-17T22:05:36.671+0000] {logging_mixin.py:154} WARNING - Best trial: 1. Best value: 0.839622:   6%|6         | 3/50 [00:06<02:10,  2.79s/it]
[2025-11-17T22:05:36.993+0000] {logging_mixin.py:154} WARNING -                                                                                    
[2025-11-17T22:05:36.993+0000] {logging_mixin.py:154} WARNING - 
[2025-11-17T22:05:36.993+0000] {logging_mixin.py:154} INFO - [I 2025-11-17 22:05:36,993] Trial 3 finished with value: 0.8020370056017655 and parameters: {'max_depth': 4, 'learning_rate': 0.027010527749605478, 'subsample': 0.6831809216468459, 'colsample_bytree': 0.728034992108518, 'min_child_weight': 8, 'gamma': 0.9983689107917987, 'n_estimators': 281}. Best is trial 1 with value: 0.8396216609500052.
[2025-11-17T22:05:36.993+0000] {logging_mixin.py:154} WARNING - Best trial: 1. Best value: 0.839622:   6%|6         | 3/50 [00:07<02:10,  2.79s/it]
[2025-11-17T22:05:36.993+0000] {logging_mixin.py:154} WARNING - Best trial: 1. Best value: 0.839622:   6%|6         | 3/50 [00:07<02:10,  2.79s/it]
[2025-11-17T22:05:36.994+0000] {logging_mixin.py:154} WARNING - Best trial: 1. Best value: 0.839622:   8%|8         | 4/50 [00:07<01:23,  1.81s/it]
[2025-11-17T22:05:42.084+0000] {logging_mixin.py:154} WARNING -                                                                                    
[2025-11-17T22:05:42.085+0000] {logging_mixin.py:154} WARNING - 
[2025-11-17T22:05:42.085+0000] {logging_mixin.py:154} INFO - [I 2025-11-17 22:05:42,084] Trial 4 finished with value: 0.827486454219855 and parameters: {'max_depth': 10, 'learning_rate': 0.011711509955524094, 'subsample': 0.8037724259507192, 'colsample_bytree': 0.5852620618436457, 'min_child_weight': 1, 'gamma': 4.7444276862666666, 'n_estimators': 485}. Best is trial 1 with value: 0.8396216609500052.
[2025-11-17T22:05:42.085+0000] {logging_mixin.py:154} WARNING - Best trial: 1. Best value: 0.839622:   8%|8         | 4/50 [00:12<01:23,  1.81s/it]
[2025-11-17T22:05:42.085+0000] {logging_mixin.py:154} WARNING - Best trial: 1. Best value: 0.839622:   8%|8         | 4/50 [00:12<01:23,  1.81s/it]
[2025-11-17T22:05:42.085+0000] {logging_mixin.py:154} WARNING - Best trial: 1. Best value: 0.839622:  10%|#         | 5/50 [00:12<02:14,  3.00s/it]
[2025-11-17T22:05:47.210+0000] {logging_mixin.py:154} WARNING -                                                                                    
[2025-11-17T22:05:47.210+0000] {logging_mixin.py:154} WARNING - 
[2025-11-17T22:05:47.210+0000] {logging_mixin.py:154} INFO - [I 2025-11-17 22:05:47,210] Trial 5 finished with value: 0.8491316806069535 and parameters: {'max_depth': 13, 'learning_rate': 0.028180680291847244, 'subsample': 0.5488360570031919, 'colsample_bytree': 0.8421165132560784, 'min_child_weight': 5, 'gamma': 0.6101911742238941, 'n_estimators': 273}. Best is trial 5 with value: 0.8491316806069535.
[2025-11-17T22:05:47.210+0000] {logging_mixin.py:154} WARNING - Best trial: 1. Best value: 0.839622:  10%|#         | 5/50 [00:17<02:14,  3.00s/it]
[2025-11-17T22:05:47.211+0000] {logging_mixin.py:154} WARNING - Best trial: 5. Best value: 0.849132:  10%|#         | 5/50 [00:17<02:14,  3.00s/it]
[2025-11-17T22:05:47.211+0000] {logging_mixin.py:154} WARNING - Best trial: 5. Best value: 0.849132:  12%|#2        | 6/50 [00:17<02:43,  3.72s/it]
[2025-11-17T22:05:48.796+0000] {logging_mixin.py:154} WARNING -                                                                                    
[2025-11-17T22:05:48.796+0000] {logging_mixin.py:154} WARNING - 
[2025-11-17T22:05:48.796+0000] {logging_mixin.py:154} INFO - [I 2025-11-17 22:05:48,796] Trial 6 finished with value: 0.8185292414591778 and parameters: {'max_depth': 3, 'learning_rate': 0.22038218939289875, 'subsample': 0.6293899908000085, 'colsample_bytree': 0.831261142176991, 'min_child_weight': 4, 'gamma': 2.600340105889054, 'n_estimators': 296}. Best is trial 5 with value: 0.8491316806069535.
[2025-11-17T22:05:48.796+0000] {logging_mixin.py:154} WARNING - Best trial: 5. Best value: 0.849132:  12%|#2        | 6/50 [00:19<02:43,  3.72s/it]
[2025-11-17T22:05:48.797+0000] {logging_mixin.py:154} WARNING - Best trial: 5. Best value: 0.849132:  12%|#2        | 6/50 [00:19<02:43,  3.72s/it]
[2025-11-17T22:05:48.797+0000] {logging_mixin.py:154} WARNING - Best trial: 5. Best value: 0.849132:  14%|#4        | 7/50 [00:19<02:09,  3.02s/it]
[2025-11-17T22:05:51.287+0000] {logging_mixin.py:154} WARNING -                                                                                    
[2025-11-17T22:05:51.287+0000] {logging_mixin.py:154} WARNING - 
[2025-11-17T22:05:51.287+0000] {logging_mixin.py:154} INFO - [I 2025-11-17 22:05:51,287] Trial 7 finished with value: 0.8319022954542821 and parameters: {'max_depth': 5, 'learning_rate': 0.27051668818999286, 'subsample': 0.8875664116805573, 'colsample_bytree': 0.9697494707820946, 'min_child_weight': 9, 'gamma': 2.9894998940554256, 'n_estimators': 465}. Best is trial 5 with value: 0.8491316806069535.
[2025-11-17T22:05:51.287+0000] {logging_mixin.py:154} WARNING - Best trial: 5. Best value: 0.849132:  14%|#4        | 7/50 [00:21<02:09,  3.02s/it]
[2025-11-17T22:05:51.288+0000] {logging_mixin.py:154} WARNING - Best trial: 5. Best value: 0.849132:  14%|#4        | 7/50 [00:21<02:09,  3.02s/it]
[2025-11-17T22:05:51.288+0000] {logging_mixin.py:154} WARNING - Best trial: 5. Best value: 0.849132:  16%|#6        | 8/50 [00:21<01:59,  2.85s/it]
[2025-11-17T22:05:55.104+0000] {logging_mixin.py:154} WARNING -                                                                                    
[2025-11-17T22:05:55.104+0000] {logging_mixin.py:154} WARNING - 
[2025-11-17T22:05:55.105+0000] {logging_mixin.py:154} INFO - [I 2025-11-17 22:05:55,104] Trial 8 finished with value: 0.8019524211390644 and parameters: {'max_depth': 4, 'learning_rate': 0.01947558230629543, 'subsample': 0.522613644455269, 'colsample_bytree': 0.6626651653816322, 'min_child_weight': 4, 'gamma': 1.3567451588694794, 'n_estimators': 423}. Best is trial 5 with value: 0.8491316806069535.
[2025-11-17T22:05:55.105+0000] {logging_mixin.py:154} WARNING - Best trial: 5. Best value: 0.849132:  16%|#6        | 8/50 [00:25<01:59,  2.85s/it]
[2025-11-17T22:05:55.105+0000] {logging_mixin.py:154} WARNING - Best trial: 5. Best value: 0.849132:  16%|#6        | 8/50 [00:25<01:59,  2.85s/it]
[2025-11-17T22:05:55.105+0000] {logging_mixin.py:154} WARNING - Best trial: 5. Best value: 0.849132:  18%|#8        | 9/50 [00:25<02:09,  3.15s/it]
[2025-11-17T22:06:04.002+0000] {logging_mixin.py:154} WARNING -                                                                                    
[2025-11-17T22:06:04.002+0000] {logging_mixin.py:154} WARNING - 
[2025-11-17T22:06:04.002+0000] {logging_mixin.py:154} INFO - [I 2025-11-17 22:06:04,002] Trial 9 finished with value: 0.8285743903984151 and parameters: {'max_depth': 7, 'learning_rate': 0.026000059117302653, 'subsample': 0.7713480415791243, 'colsample_bytree': 0.5704621124873813, 'min_child_weight': 9, 'gamma': 0.3727532183988541, 'n_estimators': 495}. Best is trial 5 with value: 0.8491316806069535.
[2025-11-17T22:06:04.002+0000] {logging_mixin.py:154} WARNING - Best trial: 5. Best value: 0.849132:  18%|#8        | 9/50 [00:34<02:09,  3.15s/it]
[2025-11-17T22:06:04.003+0000] {logging_mixin.py:154} WARNING - Best trial: 5. Best value: 0.849132:  18%|#8        | 9/50 [00:34<02:09,  3.15s/it]
[2025-11-17T22:06:04.003+0000] {logging_mixin.py:154} WARNING - Best trial: 5. Best value: 0.849132:  20%|##        | 10/50 [00:34<03:17,  4.93s/it]
[2025-11-17T22:06:05.941+0000] {logging_mixin.py:154} WARNING -                                                                                     
[2025-11-17T22:06:05.941+0000] {logging_mixin.py:154} WARNING - 
[2025-11-17T22:06:05.941+0000] {logging_mixin.py:154} INFO - [I 2025-11-17 22:06:05,940] Trial 10 finished with value: 0.8550697674418604 and parameters: {'max_depth': 15, 'learning_rate': 0.050022091577274774, 'subsample': 0.9847685553939328, 'colsample_bytree': 0.9046749166920307, 'min_child_weight': 7, 'gamma': 0.19362599980591444, 'n_estimators': 199}. Best is trial 10 with value: 0.8550697674418604.
[2025-11-17T22:06:05.941+0000] {logging_mixin.py:154} WARNING - Best trial: 5. Best value: 0.849132:  20%|##        | 10/50 [00:36<03:17,  4.93s/it]
[2025-11-17T22:06:05.941+0000] {logging_mixin.py:154} WARNING - Best trial: 10. Best value: 0.85507:  20%|##        | 10/50 [00:36<03:17,  4.93s/it]
[2025-11-17T22:06:05.941+0000] {logging_mixin.py:154} WARNING - Best trial: 10. Best value: 0.85507:  22%|##2       | 11/50 [00:36<02:36,  4.01s/it]
[2025-11-17T22:06:12.091+0000] {logging_mixin.py:154} WARNING -                                                                                     
[2025-11-17T22:06:12.091+0000] {logging_mixin.py:154} WARNING - 
[2025-11-17T22:06:12.091+0000] {logging_mixin.py:154} INFO - [I 2025-11-17 22:06:12,091] Trial 11 finished with value: 0.8546827794561933 and parameters: {'max_depth': 15, 'learning_rate': 0.05378356815268503, 'subsample': 0.9978996494132066, 'colsample_bytree': 0.9148154490068297, 'min_child_weight': 7, 'gamma': 0.11980023076172625, 'n_estimators': 181}. Best is trial 10 with value: 0.8550697674418604.
[2025-11-17T22:06:12.091+0000] {logging_mixin.py:154} WARNING - Best trial: 10. Best value: 0.85507:  22%|##2       | 11/50 [00:42<02:36,  4.01s/it]
[2025-11-17T22:06:12.092+0000] {logging_mixin.py:154} WARNING - Best trial: 10. Best value: 0.85507:  22%|##2       | 11/50 [00:42<02:36,  4.01s/it]
[2025-11-17T22:06:12.092+0000] {logging_mixin.py:154} WARNING - Best trial: 10. Best value: 0.85507:  24%|##4       | 12/50 [00:42<02:57,  4.66s/it]
[2025-11-17T22:06:16.743+0000] {logging_mixin.py:154} WARNING -                                                                                     
[2025-11-17T22:06:16.743+0000] {logging_mixin.py:154} WARNING - 
[2025-11-17T22:06:16.743+0000] {logging_mixin.py:154} INFO - [I 2025-11-17 22:06:16,743] Trial 12 finished with value: 0.85557880055788 and parameters: {'max_depth': 15, 'learning_rate': 0.058420701272470996, 'subsample': 0.9975933825858243, 'colsample_bytree': 0.9350329235150246, 'min_child_weight': 7, 'gamma': 0.018612940338927547, 'n_estimators': 182}. Best is trial 12 with value: 0.85557880055788.
[2025-11-17T22:06:16.744+0000] {logging_mixin.py:154} WARNING - Best trial: 10. Best value: 0.85507:  24%|##4       | 12/50 [00:47<02:57,  4.66s/it]
[2025-11-17T22:06:16.744+0000] {logging_mixin.py:154} WARNING - Best trial: 12. Best value: 0.855579:  24%|##4       | 12/50 [00:47<02:57,  4.66s/it]
[2025-11-17T22:06:16.744+0000] {logging_mixin.py:154} WARNING - Best trial: 12. Best value: 0.855579:  26%|##6       | 13/50 [00:47<02:52,  4.66s/it]
[2025-11-17T22:06:22.097+0000] {logging_mixin.py:154} WARNING -                                                                                      
[2025-11-17T22:06:22.097+0000] {logging_mixin.py:154} WARNING - 
[2025-11-17T22:06:22.097+0000] {logging_mixin.py:154} INFO - [I 2025-11-17 22:06:22,097] Trial 13 finished with value: 0.8552359247459362 and parameters: {'max_depth': 12, 'learning_rate': 0.06916807831937295, 'subsample': 0.978821347867762, 'colsample_bytree': 0.9934492701794573, 'min_child_weight': 7, 'gamma': 0.015488936057811388, 'n_estimators': 204}. Best is trial 12 with value: 0.85557880055788.
[2025-11-17T22:06:22.097+0000] {logging_mixin.py:154} WARNING - Best trial: 12. Best value: 0.855579:  26%|##6       | 13/50 [00:52<02:52,  4.66s/it]
[2025-11-17T22:06:22.097+0000] {logging_mixin.py:154} WARNING - Best trial: 12. Best value: 0.855579:  26%|##6       | 13/50 [00:52<02:52,  4.66s/it]
[2025-11-17T22:06:22.097+0000] {logging_mixin.py:154} WARNING - Best trial: 12. Best value: 0.855579:  28%|##8       | 14/50 [00:52<02:55,  4.87s/it]
[2025-11-17T22:06:23.616+0000] {logging_mixin.py:154} WARNING -                                                                                      
[2025-11-17T22:06:23.616+0000] {logging_mixin.py:154} WARNING - 
[2025-11-17T22:06:23.616+0000] {logging_mixin.py:154} INFO - [I 2025-11-17 22:06:23,616] Trial 14 finished with value: 0.8454528633546119 and parameters: {'max_depth': 12, 'learning_rate': 0.09673924048608823, 'subsample': 0.9358515504377549, 'colsample_bytree': 0.9927384824675984, 'min_child_weight': 7, 'gamma': 1.7658276437910583, 'n_estimators': 83}. Best is trial 12 with value: 0.85557880055788.
[2025-11-17T22:06:23.617+0000] {logging_mixin.py:154} WARNING - Best trial: 12. Best value: 0.855579:  28%|##8       | 14/50 [00:53<02:55,  4.87s/it]
[2025-11-17T22:06:23.617+0000] {logging_mixin.py:154} WARNING - Best trial: 12. Best value: 0.855579:  28%|##8       | 14/50 [00:53<02:55,  4.87s/it]
[2025-11-17T22:06:23.617+0000] {logging_mixin.py:154} WARNING - Best trial: 12. Best value: 0.855579:  30%|###       | 15/50 [00:53<02:15,  3.86s/it]
[2025-11-17T22:06:26.118+0000] {logging_mixin.py:154} WARNING -                                                                                      
[2025-11-17T22:06:26.118+0000] {logging_mixin.py:154} WARNING - 
[2025-11-17T22:06:26.119+0000] {logging_mixin.py:154} INFO - [I 2025-11-17 22:06:26,118] Trial 15 finished with value: 0.8571195639514569 and parameters: {'max_depth': 11, 'learning_rate': 0.11968908286187309, 'subsample': 0.9364056486690675, 'colsample_bytree': 0.9974958165663781, 'min_child_weight': 6, 'gamma': 0.14037609619089722, 'n_estimators': 203}. Best is trial 15 with value: 0.8571195639514569.
[2025-11-17T22:06:26.119+0000] {logging_mixin.py:154} WARNING - Best trial: 12. Best value: 0.855579:  30%|###       | 15/50 [00:56<02:15,  3.86s/it]
[2025-11-17T22:06:26.119+0000] {logging_mixin.py:154} WARNING - Best trial: 15. Best value: 0.85712:  30%|###       | 15/50 [00:56<02:15,  3.86s/it] 
[2025-11-17T22:06:26.119+0000] {logging_mixin.py:154} WARNING - Best trial: 15. Best value: 0.85712:  32%|###2      | 16/50 [00:56<01:57,  3.45s/it]
[2025-11-17T22:06:27.384+0000] {logging_mixin.py:154} WARNING -                                                                                     
[2025-11-17T22:06:27.384+0000] {logging_mixin.py:154} WARNING - 
[2025-11-17T22:06:27.384+0000] {logging_mixin.py:154} INFO - [I 2025-11-17 22:06:27,383] Trial 16 finished with value: 0.8459482908207531 and parameters: {'max_depth': 10, 'learning_rate': 0.12064894421921311, 'subsample': 0.9102361265933461, 'colsample_bytree': 0.9229356746361634, 'min_child_weight': 3, 'gamma': 1.995402266192039, 'n_estimators': 137}. Best is trial 15 with value: 0.8571195639514569.
[2025-11-17T22:06:27.384+0000] {logging_mixin.py:154} WARNING - Best trial: 15. Best value: 0.85712:  32%|###2      | 16/50 [00:57<01:57,  3.45s/it]
[2025-11-17T22:06:27.384+0000] {logging_mixin.py:154} WARNING - Best trial: 15. Best value: 0.85712:  32%|###2      | 16/50 [00:57<01:57,  3.45s/it]
[2025-11-17T22:06:27.384+0000] {logging_mixin.py:154} WARNING - Best trial: 15. Best value: 0.85712:  34%|###4      | 17/50 [00:57<01:32,  2.79s/it]
[2025-11-17T22:06:29.635+0000] {logging_mixin.py:154} WARNING -                                                                                     
[2025-11-17T22:06:29.635+0000] {logging_mixin.py:154} WARNING - 
[2025-11-17T22:06:29.635+0000] {logging_mixin.py:154} INFO - [I 2025-11-17 22:06:29,635] Trial 17 finished with value: 0.8540977325763643 and parameters: {'max_depth': 11, 'learning_rate': 0.15701052530167575, 'subsample': 0.9377179521528545, 'colsample_bytree': 0.8805304594988683, 'min_child_weight': 6, 'gamma': 0.8378189001810171, 'n_estimators': 238}. Best is trial 15 with value: 0.8571195639514569.
[2025-11-17T22:06:29.635+0000] {logging_mixin.py:154} WARNING - Best trial: 15. Best value: 0.85712:  34%|###4      | 17/50 [00:59<01:32,  2.79s/it]
[2025-11-17T22:06:29.636+0000] {logging_mixin.py:154} WARNING - Best trial: 15. Best value: 0.85712:  34%|###4      | 17/50 [00:59<01:32,  2.79s/it]
[2025-11-17T22:06:29.636+0000] {logging_mixin.py:154} WARNING - Best trial: 15. Best value: 0.85712:  36%|###6      | 18/50 [00:59<01:24,  2.63s/it]
[2025-11-17T22:06:33.541+0000] {logging_mixin.py:154} WARNING -                                                                                     
[2025-11-17T22:06:33.541+0000] {logging_mixin.py:154} WARNING - 
[2025-11-17T22:06:33.541+0000] {logging_mixin.py:154} INFO - [I 2025-11-17 22:06:33,541] Trial 18 finished with value: 0.8517700144206168 and parameters: {'max_depth': 8, 'learning_rate': 0.1514527034326908, 'subsample': 0.8261383981047179, 'colsample_bytree': 0.9438872354180711, 'min_child_weight': 6, 'gamma': 1.0516994356527716, 'n_estimators': 350}. Best is trial 15 with value: 0.8571195639514569.
[2025-11-17T22:06:33.541+0000] {logging_mixin.py:154} WARNING - Best trial: 15. Best value: 0.85712:  36%|###6      | 18/50 [01:03<01:24,  2.63s/it]
[2025-11-17T22:06:33.541+0000] {logging_mixin.py:154} WARNING - Best trial: 15. Best value: 0.85712:  36%|###6      | 18/50 [01:03<01:24,  2.63s/it]
[2025-11-17T22:06:33.542+0000] {logging_mixin.py:154} WARNING - Best trial: 15. Best value: 0.85712:  38%|###8      | 19/50 [01:03<01:33,  3.01s/it]
[2025-11-17T22:06:35.692+0000] {logging_mixin.py:154} WARNING -                                                                                     
[2025-11-17T22:06:35.692+0000] {logging_mixin.py:154} WARNING - 
[2025-11-17T22:06:35.692+0000] {logging_mixin.py:154} INFO - [I 2025-11-17 22:06:35,692] Trial 19 finished with value: 0.8427164740785206 and parameters: {'max_depth': 13, 'learning_rate': 0.044088914536090144, 'subsample': 0.9153138184952526, 'colsample_bytree': 0.8762370106815631, 'min_child_weight': 8, 'gamma': 0.5733076917986858, 'n_estimators': 130}. Best is trial 15 with value: 0.8571195639514569.
[2025-11-17T22:06:35.692+0000] {logging_mixin.py:154} WARNING - Best trial: 15. Best value: 0.85712:  38%|###8      | 19/50 [01:05<01:33,  3.01s/it]
[2025-11-17T22:06:35.693+0000] {logging_mixin.py:154} WARNING - Best trial: 15. Best value: 0.85712:  38%|###8      | 19/50 [01:05<01:33,  3.01s/it]
[2025-11-17T22:06:35.693+0000] {logging_mixin.py:154} WARNING - Best trial: 15. Best value: 0.85712:  40%|####      | 20/50 [01:05<01:22,  2.75s/it]
[2025-11-17T22:06:38.034+0000] {logging_mixin.py:154} WARNING -                                                                                     
[2025-11-17T22:06:38.034+0000] {logging_mixin.py:154} WARNING - 
