[2025-11-17T16:51:52.369+0000] {logging_mixin.py:154} INFO - [I 2025-11-17 16:51:52,368] Trial 4 finished with value: 1.0 and parameters: {'max_depth': 10, 'learning_rate': 0.011711509955524094, 'subsample': 0.8037724259507192, 'colsample_bytree': 0.5852620618436457, 'min_child_weight': 1, 'gamma': 4.7444276862666666, 'n_estimators': 485}. Best is trial 0 with value: 1.0.
[2025-11-17T16:51:52.369+0000] {logging_mixin.py:154} WARNING - Best trial: 0. Best value: 1:   8%|8         | 4/50 [00:02<00:11,  3.96it/s]
[2025-11-17T16:51:52.369+0000] {logging_mixin.py:154} WARNING - Best trial: 0. Best value: 1:   8%|8         | 4/50 [00:02<00:11,  3.96it/s]
[2025-11-17T16:51:52.370+0000] {logging_mixin.py:154} WARNING - Best trial: 0. Best value: 1:  10%|#         | 5/50 [00:02<00:23,  1.89it/s]
[2025-11-17T16:51:52.524+0000] {logging_mixin.py:154} WARNING -                                                                             
[2025-11-17T16:51:52.524+0000] {logging_mixin.py:154} WARNING - 
[2025-11-17T16:51:52.524+0000] {logging_mixin.py:154} INFO - [I 2025-11-17 16:51:52,524] Trial 5 finished with value: 1.0 and parameters: {'max_depth': 13, 'learning_rate': 0.028180680291847244, 'subsample': 0.5488360570031919, 'colsample_bytree': 0.8421165132560784, 'min_child_weight': 5, 'gamma': 0.6101911742238941, 'n_estimators': 273}. Best is trial 0 with value: 1.0.
[2025-11-17T16:51:52.525+0000] {logging_mixin.py:154} WARNING - Best trial: 0. Best value: 1:  10%|#         | 5/50 [00:02<00:23,  1.89it/s]
[2025-11-17T16:51:52.525+0000] {logging_mixin.py:154} WARNING - Best trial: 0. Best value: 1:  10%|#         | 5/50 [00:02<00:23,  1.89it/s]
[2025-11-17T16:51:52.525+0000] {logging_mixin.py:154} WARNING - Best trial: 0. Best value: 1:  12%|#2        | 6/50 [00:02<00:17,  2.49it/s]
[2025-11-17T16:51:52.699+0000] {logging_mixin.py:154} WARNING -                                                                             
[2025-11-17T16:51:52.699+0000] {logging_mixin.py:154} WARNING - 
[2025-11-17T16:51:52.699+0000] {logging_mixin.py:154} INFO - [I 2025-11-17 16:51:52,698] Trial 6 finished with value: 1.0 and parameters: {'max_depth': 3, 'learning_rate': 0.22038218939289875, 'subsample': 0.6293899908000085, 'colsample_bytree': 0.831261142176991, 'min_child_weight': 4, 'gamma': 2.600340105889054, 'n_estimators': 296}. Best is trial 0 with value: 1.0.
[2025-11-17T16:51:52.699+0000] {logging_mixin.py:154} WARNING - Best trial: 0. Best value: 1:  12%|#2        | 6/50 [00:02<00:17,  2.49it/s]
[2025-11-17T16:51:52.699+0000] {logging_mixin.py:154} WARNING - Best trial: 0. Best value: 1:  12%|#2        | 6/50 [00:02<00:17,  2.49it/s]
[2025-11-17T16:51:52.700+0000] {logging_mixin.py:154} WARNING - Best trial: 0. Best value: 1:  14%|#4        | 7/50 [00:02<00:14,  3.05it/s]
[2025-11-17T16:51:53.181+0000] {logging_mixin.py:154} WARNING -                                                                             
[2025-11-17T16:51:53.181+0000] {logging_mixin.py:154} WARNING - 
[2025-11-17T16:51:53.181+0000] {logging_mixin.py:154} INFO - [I 2025-11-17 16:51:53,181] Trial 7 finished with value: 1.0 and parameters: {'max_depth': 5, 'learning_rate': 0.27051668818999286, 'subsample': 0.8875664116805573, 'colsample_bytree': 0.9697494707820946, 'min_child_weight': 9, 'gamma': 2.9894998940554256, 'n_estimators': 465}. Best is trial 0 with value: 1.0.
[2025-11-17T16:51:53.182+0000] {logging_mixin.py:154} WARNING - Best trial: 0. Best value: 1:  14%|#4        | 7/50 [00:02<00:14,  3.05it/s]
[2025-11-17T16:51:53.182+0000] {logging_mixin.py:154} WARNING - Best trial: 0. Best value: 1:  14%|#4        | 7/50 [00:02<00:14,  3.05it/s]
[2025-11-17T16:51:53.182+0000] {logging_mixin.py:154} WARNING - Best trial: 0. Best value: 1:  16%|#6        | 8/50 [00:02<00:15,  2.65it/s]
[2025-11-17T16:51:53.598+0000] {logging_mixin.py:154} WARNING -                                                                             
[2025-11-17T16:51:53.598+0000] {logging_mixin.py:154} WARNING - 
[2025-11-17T16:51:53.599+0000] {logging_mixin.py:154} INFO - [I 2025-11-17 16:51:53,598] Trial 8 finished with value: 1.0 and parameters: {'max_depth': 4, 'learning_rate': 0.01947558230629543, 'subsample': 0.522613644455269, 'colsample_bytree': 0.6626651653816322, 'min_child_weight': 4, 'gamma': 1.3567451588694794, 'n_estimators': 423}. Best is trial 0 with value: 1.0.
[2025-11-17T16:51:53.599+0000] {logging_mixin.py:154} WARNING - Best trial: 0. Best value: 1:  16%|#6        | 8/50 [00:03<00:15,  2.65it/s]
[2025-11-17T16:51:53.599+0000] {logging_mixin.py:154} WARNING - Best trial: 0. Best value: 1:  16%|#6        | 8/50 [00:03<00:15,  2.65it/s]
[2025-11-17T16:51:53.599+0000] {logging_mixin.py:154} WARNING - Best trial: 0. Best value: 1:  18%|#8        | 9/50 [00:03<00:15,  2.57it/s]
[2025-11-17T16:51:53.985+0000] {logging_mixin.py:154} WARNING -                                                                             
[2025-11-17T16:51:53.985+0000] {logging_mixin.py:154} WARNING - 
[2025-11-17T16:51:53.985+0000] {logging_mixin.py:154} INFO - [I 2025-11-17 16:51:53,984] Trial 9 finished with value: 1.0 and parameters: {'max_depth': 7, 'learning_rate': 0.026000059117302653, 'subsample': 0.7713480415791243, 'colsample_bytree': 0.5704621124873813, 'min_child_weight': 9, 'gamma': 0.3727532183988541, 'n_estimators': 495}. Best is trial 0 with value: 1.0.
[2025-11-17T16:51:53.985+0000] {logging_mixin.py:154} WARNING - Best trial: 0. Best value: 1:  18%|#8        | 9/50 [00:03<00:15,  2.57it/s]
[2025-11-17T16:51:53.985+0000] {logging_mixin.py:154} WARNING - Best trial: 0. Best value: 1:  18%|#8        | 9/50 [00:03<00:15,  2.57it/s]
[2025-11-17T16:51:53.985+0000] {logging_mixin.py:154} WARNING - Best trial: 0. Best value: 1:  20%|##        | 10/50 [00:03<00:15,  2.57it/s]
[2025-11-17T16:51:54.143+0000] {logging_mixin.py:154} WARNING -                                                                              
[2025-11-17T16:51:54.144+0000] {logging_mixin.py:154} WARNING - 
[2025-11-17T16:51:54.144+0000] {logging_mixin.py:154} INFO - [I 2025-11-17 16:51:54,143] Trial 10 finished with value: 1.0 and parameters: {'max_depth': 9, 'learning_rate': 0.13402293085826736, 'subsample': 0.9847685553939328, 'colsample_bytree': 0.9661451709558936, 'min_child_weight': 1, 'gamma': 0.19362599980591444, 'n_estimators': 56}. Best is trial 0 with value: 1.0.
[2025-11-17T16:51:54.144+0000] {logging_mixin.py:154} WARNING - Best trial: 0. Best value: 1:  20%|##        | 10/50 [00:03<00:15,  2.57it/s]
[2025-11-17T16:51:54.144+0000] {logging_mixin.py:154} WARNING - Best trial: 0. Best value: 1:  20%|##        | 10/50 [00:03<00:15,  2.57it/s]
[2025-11-17T16:51:54.144+0000] {logging_mixin.py:154} WARNING - Best trial: 0. Best value: 1:  22%|##2       | 11/50 [00:03<00:12,  3.14it/s]
[2025-11-17T16:51:54.200+0000] {logging_mixin.py:154} WARNING -                                                                              
[2025-11-17T16:51:54.200+0000] {logging_mixin.py:154} WARNING - 
[2025-11-17T16:51:54.200+0000] {logging_mixin.py:154} INFO - [I 2025-11-17 16:51:54,200] Trial 11 finished with value: 1.0 and parameters: {'max_depth': 15, 'learning_rate': 0.08433020501242801, 'subsample': 0.8664124332941949, 'colsample_bytree': 0.5078705764600705, 'min_child_weight': 7, 'gamma': 3.9913585301982164, 'n_estimators': 75}. Best is trial 0 with value: 1.0.
[2025-11-17T16:51:54.201+0000] {logging_mixin.py:154} WARNING - Best trial: 0. Best value: 1:  22%|##2       | 11/50 [00:03<00:12,  3.14it/s]
[2025-11-17T16:51:54.201+0000] {logging_mixin.py:154} WARNING - Best trial: 0. Best value: 1:  22%|##2       | 11/50 [00:03<00:12,  3.14it/s]
[2025-11-17T16:51:54.373+0000] {logging_mixin.py:154} WARNING -                                                                              
[2025-11-17T16:51:54.373+0000] {logging_mixin.py:154} WARNING - 
[2025-11-17T16:51:54.374+0000] {logging_mixin.py:154} INFO - [I 2025-11-17 16:51:54,373] Trial 12 finished with value: 1.0 and parameters: {'max_depth': 12, 'learning_rate': 0.06314348458287034, 'subsample': 0.864680708099463, 'colsample_bytree': 0.5039095702194569, 'min_child_weight': 3, 'gamma': 1.9379710203198037, 'n_estimators': 147}. Best is trial 0 with value: 1.0.
[2025-11-17T16:51:54.374+0000] {logging_mixin.py:154} WARNING - Best trial: 0. Best value: 1:  24%|##4       | 12/50 [00:04<00:12,  3.14it/s]
[2025-11-17T16:51:54.374+0000] {logging_mixin.py:154} WARNING - Best trial: 0. Best value: 1:  24%|##4       | 12/50 [00:04<00:12,  3.14it/s]
[2025-11-17T16:51:54.374+0000] {logging_mixin.py:154} WARNING - Best trial: 0. Best value: 1:  26%|##6       | 13/50 [00:04<00:08,  4.48it/s]
[2025-11-17T16:51:55.054+0000] {logging_mixin.py:154} WARNING -                                                                              
[2025-11-17T16:51:55.055+0000] {logging_mixin.py:154} WARNING - 
[2025-11-17T16:51:55.055+0000] {logging_mixin.py:154} INFO - [I 2025-11-17 16:51:55,054] Trial 13 finished with value: 1.0 and parameters: {'max_depth': 8, 'learning_rate': 0.13798805957047924, 'subsample': 0.9432342259904403, 'colsample_bytree': 0.6738167152482912, 'min_child_weight': 10, 'gamma': 3.1870848536021006, 'n_estimators': 152}. Best is trial 0 with value: 1.0.
[2025-11-17T16:51:55.055+0000] {logging_mixin.py:154} WARNING - Best trial: 0. Best value: 1:  26%|##6       | 13/50 [00:04<00:08,  4.48it/s]
[2025-11-17T16:51:55.055+0000] {logging_mixin.py:154} WARNING - Best trial: 0. Best value: 1:  26%|##6       | 13/50 [00:04<00:08,  4.48it/s]
[2025-11-17T16:51:55.055+0000] {logging_mixin.py:154} WARNING - Best trial: 0. Best value: 1:  28%|##8       | 14/50 [00:04<00:12,  2.96it/s]
[2025-11-17T16:51:55.410+0000] {logging_mixin.py:154} WARNING -                                                                              
[2025-11-17T16:51:55.411+0000] {logging_mixin.py:154} WARNING - 
[2025-11-17T16:51:55.411+0000] {logging_mixin.py:154} INFO - [I 2025-11-17 16:51:55,410] Trial 14 finished with value: 1.0 and parameters: {'max_depth': 11, 'learning_rate': 0.04790259665253396, 'subsample': 0.8088460426240018, 'colsample_bytree': 0.6075230739252026, 'min_child_weight': 7, 'gamma': 2.034414437749115, 'n_estimators': 158}. Best is trial 0 with value: 1.0.
[2025-11-17T16:51:55.411+0000] {logging_mixin.py:154} WARNING - Best trial: 0. Best value: 1:  28%|##8       | 14/50 [00:05<00:12,  2.96it/s]
[2025-11-17T16:51:55.411+0000] {logging_mixin.py:154} WARNING - Best trial: 0. Best value: 1:  28%|##8       | 14/50 [00:05<00:12,  2.96it/s]
[2025-11-17T16:51:55.411+0000] {logging_mixin.py:154} WARNING - Best trial: 0. Best value: 1:  30%|###       | 15/50 [00:05<00:11,  2.92it/s]
[2025-11-17T16:51:55.537+0000] {logging_mixin.py:154} WARNING -                                                                              
[2025-11-17T16:51:55.537+0000] {logging_mixin.py:154} WARNING - 
[2025-11-17T16:51:55.537+0000] {logging_mixin.py:154} INFO - [I 2025-11-17 16:51:55,537] Trial 15 finished with value: 1.0 and parameters: {'max_depth': 15, 'learning_rate': 0.2882196757347537, 'subsample': 0.7320625027186143, 'colsample_bytree': 0.8053686578886188, 'min_child_weight': 2, 'gamma': 4.994635667627424, 'n_estimators': 213}. Best is trial 0 with value: 1.0.
[2025-11-17T16:51:55.537+0000] {logging_mixin.py:154} WARNING - Best trial: 0. Best value: 1:  30%|###       | 15/50 [00:05<00:11,  2.92it/s]
[2025-11-17T16:51:55.538+0000] {logging_mixin.py:154} WARNING - Best trial: 0. Best value: 1:  30%|###       | 15/50 [00:05<00:11,  2.92it/s]
[2025-11-17T16:51:55.538+0000] {logging_mixin.py:154} WARNING - Best trial: 0. Best value: 1:  32%|###2      | 16/50 [00:05<00:09,  3.53it/s]
[2025-11-17T16:51:55.600+0000] {logging_mixin.py:154} WARNING -                                                                              
[2025-11-17T16:51:55.600+0000] {logging_mixin.py:154} WARNING - 
[2025-11-17T16:51:55.600+0000] {logging_mixin.py:154} INFO - [I 2025-11-17 16:51:55,600] Trial 16 finished with value: 1.0 and parameters: {'max_depth': 7, 'learning_rate': 0.17520135782947968, 'subsample': 0.9268902052398681, 'colsample_bytree': 0.8791118085065369, 'min_child_weight': 6, 'gamma': 0.017529116939214218, 'n_estimators': 107}. Best is trial 0 with value: 1.0.
[2025-11-17T16:51:55.600+0000] {logging_mixin.py:154} WARNING - Best trial: 0. Best value: 1:  32%|###2      | 16/50 [00:05<00:09,  3.53it/s]
[2025-11-17T16:51:55.601+0000] {logging_mixin.py:154} WARNING - Best trial: 0. Best value: 1:  32%|###2      | 16/50 [00:05<00:09,  3.53it/s]
[2025-11-17T16:51:55.698+0000] {logging_mixin.py:154} WARNING -                                                                              
[2025-11-17T16:51:55.698+0000] {logging_mixin.py:154} WARNING - 
[2025-11-17T16:51:55.698+0000] {logging_mixin.py:154} INFO - [I 2025-11-17 16:51:55,698] Trial 17 finished with value: 1.0 and parameters: {'max_depth': 13, 'learning_rate': 0.10070722762109156, 'subsample': 0.8306789058646904, 'colsample_bytree': 0.7359848155226387, 'min_child_weight': 3, 'gamma': 3.7661903543164286, 'n_estimators': 225}. Best is trial 0 with value: 1.0.
[2025-11-17T16:51:55.698+0000] {logging_mixin.py:154} WARNING - Best trial: 0. Best value: 1:  34%|###4      | 17/50 [00:05<00:09,  3.53it/s]
[2025-11-17T16:51:55.699+0000] {logging_mixin.py:154} WARNING - Best trial: 0. Best value: 1:  34%|###4      | 17/50 [00:05<00:09,  3.53it/s]
[2025-11-17T16:51:55.699+0000] {logging_mixin.py:154} WARNING - Best trial: 0. Best value: 1:  36%|###6      | 18/50 [00:05<00:06,  5.14it/s]
[2025-11-17T16:51:55.815+0000] {logging_mixin.py:154} WARNING -                                                                              
[2025-11-17T16:51:55.815+0000] {logging_mixin.py:154} WARNING - 
[2025-11-17T16:51:55.815+0000] {logging_mixin.py:154} INFO - [I 2025-11-17 16:51:55,814] Trial 18 finished with value: 1.0 and parameters: {'max_depth': 7, 'learning_rate': 0.17178329359598116, 'subsample': 0.7500270538802906, 'colsample_bytree': 0.6887495513843278, 'min_child_weight': 10, 'gamma': 2.19327351716428, 'n_estimators': 98}. Best is trial 0 with value: 1.0.
[2025-11-17T16:51:55.815+0000] {logging_mixin.py:154} WARNING - Best trial: 0. Best value: 1:  36%|###6      | 18/50 [00:05<00:06,  5.14it/s]
[2025-11-17T16:51:55.815+0000] {logging_mixin.py:154} WARNING - Best trial: 0. Best value: 1:  36%|###6      | 18/50 [00:05<00:06,  5.14it/s]
[2025-11-17T16:51:55.815+0000] {logging_mixin.py:154} WARNING - Best trial: 0. Best value: 1:  38%|###8      | 19/50 [00:05<00:05,  5.68it/s]
[2025-11-17T16:51:55.933+0000] {logging_mixin.py:154} WARNING -                                                                              
[2025-11-17T16:51:55.934+0000] {logging_mixin.py:154} WARNING - 
[2025-11-17T16:51:55.934+0000] {logging_mixin.py:154} INFO - [I 2025-11-17 16:51:55,933] Trial 19 finished with value: 1.0 and parameters: {'max_depth': 9, 'learning_rate': 0.09592678009738861, 'subsample': 0.9344585828141339, 'colsample_bytree': 0.6366751481528996, 'min_child_weight': 6, 'gamma': 1.0361167069823118, 'n_estimators': 196}. Best is trial 0 with value: 1.0.
[2025-11-17T16:51:55.934+0000] {logging_mixin.py:154} WARNING - Best trial: 0. Best value: 1:  38%|###8      | 19/50 [00:05<00:05,  5.68it/s]
[2025-11-17T16:51:55.934+0000] {logging_mixin.py:154} WARNING - Best trial: 0. Best value: 1:  38%|###8      | 19/50 [00:05<00:05,  5.68it/s]
[2025-11-17T16:51:55.934+0000] {logging_mixin.py:154} WARNING - Best trial: 0. Best value: 1:  40%|####      | 20/50 [00:05<00:04,  6.19it/s]
[2025-11-17T16:51:56.013+0000] {logging_mixin.py:154} WARNING -                                                                              
[2025-11-17T16:51:56.013+0000] {logging_mixin.py:154} WARNING - 
[2025-11-17T16:51:56.013+0000] {logging_mixin.py:154} INFO - [I 2025-11-17 16:51:56,013] Trial 20 finished with value: 1.0 and parameters: {'max_depth': 11, 'learning_rate': 0.04926245107637736, 'subsample': 0.998510870613041, 'colsample_bytree': 0.5463659366548221, 'min_child_weight': 2, 'gamma': 1.7157909251581636, 'n_estimators': 116}. Best is trial 0 with value: 1.0.
[2025-11-17T16:51:56.014+0000] {logging_mixin.py:154} WARNING - Best trial: 0. Best value: 1:  40%|####      | 20/50 [00:05<00:04,  6.19it/s]
[2025-11-17T16:51:56.014+0000] {logging_mixin.py:154} WARNING - Best trial: 0. Best value: 1:  40%|####      | 20/50 [00:05<00:04,  6.19it/s]
[2025-11-17T16:51:56.277+0000] {logging_mixin.py:154} WARNING -                                                                              
[2025-11-17T16:51:56.277+0000] {logging_mixin.py:154} WARNING - 
[2025-11-17T16:51:56.277+0000] {logging_mixin.py:154} INFO - [I 2025-11-17 16:51:56,276] Trial 21 finished with value: 1.0 and parameters: {'max_depth': 6, 'learning_rate': 0.06226155568745843, 'subsample': 0.7057033952607448, 'colsample_bytree': 0.7759796055262358, 'min_child_weight': 5, 'gamma': 1.5276956143300353, 'n_estimators': 361}. Best is trial 0 with value: 1.0.
[2025-11-17T16:51:56.277+0000] {logging_mixin.py:154} WARNING - Best trial: 0. Best value: 1:  42%|####2     | 21/50 [00:06<00:04,  6.19it/s]
[2025-11-17T16:51:56.278+0000] {logging_mixin.py:154} WARNING - Best trial: 0. Best value: 1:  42%|####2     | 21/50 [00:06<00:04,  6.19it/s]
[2025-11-17T16:51:56.278+0000] {logging_mixin.py:154} WARNING - Best trial: 0. Best value: 1:  44%|####4     | 22/50 [00:06<00:04,  6.03it/s]
[2025-11-17T16:51:56.467+0000] {logging_mixin.py:154} WARNING -                                                                              
[2025-11-17T16:51:56.467+0000] {logging_mixin.py:154} WARNING - 
[2025-11-17T16:51:56.467+0000] {logging_mixin.py:154} INFO - [I 2025-11-17 16:51:56,467] Trial 22 finished with value: 1.0 and parameters: {'max_depth': 5, 'learning_rate': 0.040359456141514524, 'subsample': 0.6470120397024134, 'colsample_bytree': 0.7613644253663145, 'min_child_weight': 7, 'gamma': 1.009388247963655, 'n_estimators': 350}. Best is trial 0 with value: 1.0.
[2025-11-17T16:51:56.467+0000] {logging_mixin.py:154} WARNING - Best trial: 0. Best value: 1:  44%|####4     | 22/50 [00:06<00:04,  6.03it/s]
[2025-11-17T16:51:56.468+0000] {logging_mixin.py:154} WARNING - Best trial: 0. Best value: 1:  44%|####4     | 22/50 [00:06<00:04,  6.03it/s]
[2025-11-17T16:51:56.468+0000] {logging_mixin.py:154} WARNING - Best trial: 0. Best value: 1:  46%|####6     | 23/50 [00:06<00:04,  5.83it/s]
[2025-11-17T16:51:56.613+0000] {logging_mixin.py:154} WARNING -                                                                              
[2025-11-17T16:51:56.613+0000] {logging_mixin.py:154} WARNING - 
[2025-11-17T16:51:56.614+0000] {logging_mixin.py:154} INFO - [I 2025-11-17 16:51:56,613] Trial 23 finished with value: 1.0 and parameters: {'max_depth': 6, 'learning_rate': 0.07685334861630029, 'subsample': 0.782365201265565, 'colsample_bytree': 0.7020843771180812, 'min_child_weight': 4, 'gamma': 0.6938496971529924, 'n_estimators': 343}. Best is trial 0 with value: 1.0.
[2025-11-17T16:51:56.614+0000] {logging_mixin.py:154} WARNING - Best trial: 0. Best value: 1:  46%|####6     | 23/50 [00:06<00:04,  5.83it/s]
[2025-11-17T16:51:56.614+0000] {logging_mixin.py:154} WARNING - Best trial: 0. Best value: 1:  46%|####6     | 23/50 [00:06<00:04,  5.83it/s]
[2025-11-17T16:51:56.614+0000] {logging_mixin.py:154} WARNING - Best trial: 0. Best value: 1:  48%|####8     | 24/50 [00:06<00:04,  6.06it/s]
[2025-11-17T16:51:56.728+0000] {logging_mixin.py:154} WARNING -                                                                              
[2025-11-17T16:51:56.729+0000] {logging_mixin.py:154} WARNING - 
[2025-11-17T16:51:56.729+0000] {logging_mixin.py:154} INFO - [I 2025-11-17 16:51:56,728] Trial 24 finished with value: 1.0 and parameters: {'max_depth': 8, 'learning_rate': 0.010013630262534089, 'subsample': 0.8423057456218509, 'colsample_bytree': 0.6242933866914708, 'min_child_weight': 3, 'gamma': 1.4128741920624508, 'n_estimators': 189}. Best is trial 0 with value: 1.0.
[2025-11-17T16:51:56.729+0000] {logging_mixin.py:154} WARNING - Best trial: 0. Best value: 1:  48%|####8     | 24/50 [00:06<00:04,  6.06it/s]
[2025-11-17T16:51:56.729+0000] {logging_mixin.py:154} WARNING - Best trial: 0. Best value: 1:  48%|####8     | 24/50 [00:06<00:04,  6.06it/s]
[2025-11-17T16:51:56.730+0000] {logging_mixin.py:154} WARNING - Best trial: 0. Best value: 1:  50%|#####     | 25/50 [00:06<00:03,  6.57it/s]
[2025-11-17T16:51:56.871+0000] {logging_mixin.py:154} WARNING -                                                                              
[2025-11-17T16:51:56.871+0000] {logging_mixin.py:154} WARNING - 
[2025-11-17T16:51:56.871+0000] {logging_mixin.py:154} INFO - [I 2025-11-17 16:51:56,871] Trial 25 finished with value: 1.0 and parameters: {'max_depth': 3, 'learning_rate': 0.12230088282593155, 'subsample': 0.8805991604929907, 'colsample_bytree': 0.7233868647082242, 'min_child_weight': 8, 'gamma': 2.3587699010186514, 'n_estimators': 394}. Best is trial 0 with value: 1.0.
[2025-11-17T16:51:56.871+0000] {logging_mixin.py:154} WARNING - Best trial: 0. Best value: 1:  50%|#####     | 25/50 [00:06<00:03,  6.57it/s]
[2025-11-17T16:51:56.871+0000] {logging_mixin.py:154} WARNING - Best trial: 0. Best value: 1:  50%|#####     | 25/50 [00:06<00:03,  6.57it/s]
[2025-11-17T16:51:56.872+0000] {logging_mixin.py:154} WARNING - Best trial: 0. Best value: 1:  52%|#####2    | 26/50 [00:06<00:03,  6.69it/s]
[2025-11-17T16:51:56.517+0000] {logging_mixin.py:154} WARNING -                                                                              
[2025-11-17T16:51:56.517+0000] {logging_mixin.py:154} WARNING - 
