[2025-11-17T23:45:31.771+0000] {logging_mixin.py:154} INFO - [I 2025-11-17 23:45:31,771] Trial 0 finished with value: 0.7868641339343206 and parameters: {'max_depth': 7, 'learning_rate': 0.2536999076681772, 'subsample': 0.8659969709057025, 'colsample_bytree': 0.7993292420985183, 'min_child_weight': 2, 'gamma': 0.7799726016810132, 'n_estimators': 76}. Best is trial 0 with value: 0.7868641339343206.
[2025-11-17T23:45:31.771+0000] {logging_mixin.py:154} WARNING -   0%|          | 0/50 [00:01<?, ?it/s]
[2025-11-17T23:45:31.771+0000] {logging_mixin.py:154} WARNING - Best trial: 0. Best value: 0.786864:   0%|          | 0/50 [00:01<?, ?it/s]
[2025-11-17T23:45:31.771+0000] {logging_mixin.py:154} WARNING - Best trial: 0. Best value: 0.786864:   2%|2         | 1/50 [00:01<00:55,  1.13s/it]
[2025-11-17T23:45:31.873+0000] {logging_mixin.py:154} WARNING -                                                                                    
[2025-11-17T23:45:31.873+0000] {logging_mixin.py:154} WARNING - 
[2025-11-17T23:45:31.873+0000] {logging_mixin.py:154} INFO - [I 2025-11-17 23:45:31,873] Trial 1 finished with value: 0.7949843260188088 and parameters: {'max_depth': 14, 'learning_rate': 0.07725378389307355, 'subsample': 0.8540362888980227, 'colsample_bytree': 0.5102922471479012, 'min_child_weight': 10, 'gamma': 4.162213204002109, 'n_estimators': 145}. Best is trial 1 with value: 0.7949843260188088.
[2025-11-17T23:45:31.873+0000] {logging_mixin.py:154} WARNING - Best trial: 0. Best value: 0.786864:   2%|2         | 1/50 [00:01<00:55,  1.13s/it]
[2025-11-17T23:45:31.874+0000] {logging_mixin.py:154} WARNING - Best trial: 1. Best value: 0.794984:   2%|2         | 1/50 [00:01<00:55,  1.13s/it]
[2025-11-17T23:45:31.874+0000] {logging_mixin.py:154} WARNING - Best trial: 1. Best value: 0.794984:   4%|4         | 2/50 [00:01<00:25,  1.90it/s]
[2025-11-17T23:45:32.615+0000] {logging_mixin.py:154} WARNING -                                                                                    
[2025-11-17T23:45:32.615+0000] {logging_mixin.py:154} WARNING - 
[2025-11-17T23:45:32.615+0000] {logging_mixin.py:154} INFO - [I 2025-11-17 23:45:32,615] Trial 2 finished with value: 0.7931253978357734 and parameters: {'max_depth': 5, 'learning_rate': 0.018659959624904916, 'subsample': 0.6521211214797689, 'colsample_bytree': 0.762378215816119, 'min_child_weight': 5, 'gamma': 1.4561457009902097, 'n_estimators': 325}. Best is trial 1 with value: 0.7949843260188088.
[2025-11-17T23:45:32.615+0000] {logging_mixin.py:154} WARNING - Best trial: 1. Best value: 0.794984:   4%|4         | 2/50 [00:01<00:25,  1.90it/s]
[2025-11-17T23:45:32.616+0000] {logging_mixin.py:154} WARNING - Best trial: 1. Best value: 0.794984:   4%|4         | 2/50 [00:01<00:25,  1.90it/s]
[2025-11-17T23:45:32.616+0000] {logging_mixin.py:154} WARNING - Best trial: 1. Best value: 0.794984:   6%|6         | 3/50 [00:01<00:29,  1.60it/s]
[2025-11-17T23:45:32.330+0000] {logging_mixin.py:154} WARNING -                                                                                    
[2025-11-17T23:45:32.330+0000] {logging_mixin.py:154} WARNING - 
[2025-11-17T23:45:32.330+0000] {logging_mixin.py:154} INFO - [I 2025-11-17 23:45:32,330] Trial 3 finished with value: 0.7916666666666667 and parameters: {'max_depth': 4, 'learning_rate': 0.027010527749605478, 'subsample': 0.6831809216468459, 'colsample_bytree': 0.728034992108518, 'min_child_weight': 8, 'gamma': 0.9983689107917987, 'n_estimators': 281}. Best is trial 1 with value: 0.7949843260188088.
[2025-11-17T23:45:32.330+0000] {logging_mixin.py:154} WARNING - Best trial: 1. Best value: 0.794984:   6%|6         | 3/50 [00:01<00:29,  1.60it/s]
[2025-11-17T23:45:32.330+0000] {logging_mixin.py:154} WARNING - Best trial: 1. Best value: 0.794984:   6%|6         | 3/50 [00:01<00:29,  1.60it/s]
[2025-11-17T23:45:32.838+0000] {logging_mixin.py:154} WARNING -                                                                                    
[2025-11-17T23:45:32.838+0000] {logging_mixin.py:154} WARNING - 
[2025-11-17T23:45:32.838+0000] {logging_mixin.py:154} INFO - [I 2025-11-17 23:45:32,838] Trial 4 finished with value: 0.7889098928796472 and parameters: {'max_depth': 10, 'learning_rate': 0.011711509955524094, 'subsample': 0.8037724259507192, 'colsample_bytree': 0.5852620618436457, 'min_child_weight': 1, 'gamma': 4.7444276862666666, 'n_estimators': 485}. Best is trial 1 with value: 0.7949843260188088.
[2025-11-17T23:45:32.838+0000] {logging_mixin.py:154} WARNING - Best trial: 1. Best value: 0.794984:   8%|8         | 4/50 [00:02<00:28,  1.60it/s]
[2025-11-17T23:45:32.839+0000] {logging_mixin.py:154} WARNING - Best trial: 1. Best value: 0.794984:   8%|8         | 4/50 [00:02<00:28,  1.60it/s]
[2025-11-17T23:45:32.839+0000] {logging_mixin.py:154} WARNING - Best trial: 1. Best value: 0.794984:  10%|#         | 5/50 [00:02<00:15,  2.99it/s]
[2025-11-17T23:45:33.315+0000] {logging_mixin.py:154} WARNING -                                                                                    
[2025-11-17T23:45:33.315+0000] {logging_mixin.py:154} WARNING - 
[2025-11-17T23:45:33.315+0000] {logging_mixin.py:154} INFO - [I 2025-11-17 23:45:33,315] Trial 5 finished with value: 0.7961290322580645 and parameters: {'max_depth': 13, 'learning_rate': 0.028180680291847244, 'subsample': 0.5488360570031919, 'colsample_bytree': 0.8421165132560784, 'min_child_weight': 5, 'gamma': 0.6101911742238941, 'n_estimators': 273}. Best is trial 5 with value: 0.7961290322580645.
[2025-11-17T23:45:33.315+0000] {logging_mixin.py:154} WARNING - Best trial: 1. Best value: 0.794984:  10%|#         | 5/50 [00:02<00:15,  2.99it/s]
[2025-11-17T23:45:33.316+0000] {logging_mixin.py:154} WARNING - Best trial: 5. Best value: 0.796129:  10%|#         | 5/50 [00:02<00:15,  2.99it/s]
[2025-11-17T23:45:33.316+0000] {logging_mixin.py:154} WARNING - Best trial: 5. Best value: 0.796129:  12%|#2        | 6/50 [00:02<00:16,  2.67it/s]
[2025-11-17T23:45:33.488+0000] {logging_mixin.py:154} WARNING -                                                                                    
[2025-11-17T23:45:33.488+0000] {logging_mixin.py:154} WARNING - 
[2025-11-17T23:45:33.488+0000] {logging_mixin.py:154} INFO - [I 2025-11-17 23:45:33,487] Trial 6 finished with value: 0.7961783439490446 and parameters: {'max_depth': 3, 'learning_rate': 0.22038218939289875, 'subsample': 0.6293899908000085, 'colsample_bytree': 0.831261142176991, 'min_child_weight': 4, 'gamma': 2.600340105889054, 'n_estimators': 296}. Best is trial 6 with value: 0.7961783439490446.
[2025-11-17T23:45:33.488+0000] {logging_mixin.py:154} WARNING - Best trial: 5. Best value: 0.796129:  12%|#2        | 6/50 [00:02<00:16,  2.67it/s]
[2025-11-17T23:45:33.488+0000] {logging_mixin.py:154} WARNING - Best trial: 6. Best value: 0.796178:  12%|#2        | 6/50 [00:02<00:16,  2.67it/s]
[2025-11-17T23:45:33.489+0000] {logging_mixin.py:154} WARNING - Best trial: 6. Best value: 0.796178:  14%|#4        | 7/50 [00:02<00:13,  3.16it/s]
[2025-11-17T23:45:33.759+0000] {logging_mixin.py:154} WARNING -                                                                                    
[2025-11-17T23:45:33.759+0000] {logging_mixin.py:154} WARNING - 
[2025-11-17T23:45:33.759+0000] {logging_mixin.py:154} INFO - [I 2025-11-17 23:45:33,759] Trial 7 finished with value: 0.797717184527584 and parameters: {'max_depth': 5, 'learning_rate': 0.27051668818999286, 'subsample': 0.8875664116805573, 'colsample_bytree': 0.9697494707820946, 'min_child_weight': 9, 'gamma': 2.9894998940554256, 'n_estimators': 465}. Best is trial 7 with value: 0.797717184527584.
[2025-11-17T23:45:33.759+0000] {logging_mixin.py:154} WARNING - Best trial: 6. Best value: 0.796178:  14%|#4        | 7/50 [00:03<00:13,  3.16it/s]
[2025-11-17T23:45:33.760+0000] {logging_mixin.py:154} WARNING - Best trial: 7. Best value: 0.797717:  14%|#4        | 7/50 [00:03<00:13,  3.16it/s]
[2025-11-17T23:45:33.760+0000] {logging_mixin.py:154} WARNING - Best trial: 7. Best value: 0.797717:  16%|#6        | 8/50 [00:03<00:12,  3.30it/s]
[2025-11-17T23:45:34.334+0000] {logging_mixin.py:154} WARNING -                                                                                    
[2025-11-17T23:45:34.335+0000] {logging_mixin.py:154} WARNING - 
[2025-11-17T23:45:34.335+0000] {logging_mixin.py:154} INFO - [I 2025-11-17 23:45:34,334] Trial 8 finished with value: 0.7906388361796332 and parameters: {'max_depth': 4, 'learning_rate': 0.01947558230629543, 'subsample': 0.522613644455269, 'colsample_bytree': 0.6626651653816322, 'min_child_weight': 4, 'gamma': 1.3567451588694794, 'n_estimators': 423}. Best is trial 7 with value: 0.797717184527584.
[2025-11-17T23:45:34.335+0000] {logging_mixin.py:154} WARNING - Best trial: 7. Best value: 0.797717:  16%|#6        | 8/50 [00:03<00:12,  3.30it/s]
[2025-11-17T23:45:34.335+0000] {logging_mixin.py:154} WARNING - Best trial: 7. Best value: 0.797717:  16%|#6        | 8/50 [00:03<00:12,  3.30it/s]
[2025-11-17T23:45:34.335+0000] {logging_mixin.py:154} WARNING - Best trial: 7. Best value: 0.797717:  18%|#8        | 9/50 [00:03<00:15,  2.61it/s]
[2025-11-17T23:45:34.936+0000] {logging_mixin.py:154} WARNING -                                                                                    
[2025-11-17T23:45:34.937+0000] {logging_mixin.py:154} WARNING - 
[2025-11-17T23:45:34.937+0000] {logging_mixin.py:154} INFO - [I 2025-11-17 23:45:34,936] Trial 9 finished with value: 0.802295918367347 and parameters: {'max_depth': 7, 'learning_rate': 0.026000059117302653, 'subsample': 0.7713480415791243, 'colsample_bytree': 0.5704621124873813, 'min_child_weight': 9, 'gamma': 0.3727532183988541, 'n_estimators': 495}. Best is trial 9 with value: 0.802295918367347.
[2025-11-17T23:45:34.937+0000] {logging_mixin.py:154} WARNING - Best trial: 7. Best value: 0.797717:  18%|#8        | 9/50 [00:04<00:15,  2.61it/s]
[2025-11-17T23:45:34.937+0000] {logging_mixin.py:154} WARNING - Best trial: 9. Best value: 0.802296:  18%|#8        | 9/50 [00:04<00:15,  2.61it/s]
[2025-11-17T23:45:34.937+0000] {logging_mixin.py:154} WARNING - Best trial: 9. Best value: 0.802296:  20%|##        | 10/50 [00:04<00:17,  2.23it/s]
[2025-11-17T23:45:35.761+0000] {logging_mixin.py:154} WARNING -                                                                                     
[2025-11-17T23:45:35.762+0000] {logging_mixin.py:154} WARNING - 
[2025-11-17T23:45:35.762+0000] {logging_mixin.py:154} INFO - [I 2025-11-17 23:45:35,761] Trial 10 finished with value: 0.8020499679692504 and parameters: {'max_depth': 9, 'learning_rate': 0.050022091577274774, 'subsample': 0.9847685553939328, 'colsample_bytree': 0.5089809378074097, 'min_child_weight': 7, 'gamma': 0.19362599980591444, 'n_estimators': 379}. Best is trial 9 with value: 0.802295918367347.
[2025-11-17T23:45:35.762+0000] {logging_mixin.py:154} WARNING - Best trial: 9. Best value: 0.802296:  20%|##        | 10/50 [00:05<00:17,  2.23it/s]
[2025-11-17T23:45:35.762+0000] {logging_mixin.py:154} WARNING - Best trial: 9. Best value: 0.802296:  20%|##        | 10/50 [00:05<00:17,  2.23it/s]
[2025-11-17T23:45:35.762+0000] {logging_mixin.py:154} WARNING - Best trial: 9. Best value: 0.802296:  22%|##2       | 11/50 [00:05<00:21,  1.78it/s]
[2025-11-17T23:45:36.949+0000] {logging_mixin.py:154} WARNING -                                                                                     
[2025-11-17T23:45:36.949+0000] {logging_mixin.py:154} WARNING - 
[2025-11-17T23:45:36.949+0000] {logging_mixin.py:154} INFO - [I 2025-11-17 23:45:36,949] Trial 11 finished with value: 0.7966751918158568 and parameters: {'max_depth': 9, 'learning_rate': 0.05378356815268503, 'subsample': 0.998050295132841, 'colsample_bytree': 0.5043736834843053, 'min_child_weight': 7, 'gamma': 0.11757387798799368, 'n_estimators': 375}. Best is trial 9 with value: 0.802295918367347.
[2025-11-17T23:45:36.949+0000] {logging_mixin.py:154} WARNING - Best trial: 9. Best value: 0.802296:  22%|##2       | 11/50 [00:06<00:21,  1.78it/s]
[2025-11-17T23:45:36.950+0000] {logging_mixin.py:154} WARNING - Best trial: 9. Best value: 0.802296:  22%|##2       | 11/50 [00:06<00:21,  1.78it/s]
[2025-11-17T23:45:36.950+0000] {logging_mixin.py:154} WARNING - Best trial: 9. Best value: 0.802296:  24%|##4       | 12/50 [00:06<00:28,  1.34it/s]
[2025-11-17T23:45:37.541+0000] {logging_mixin.py:154} WARNING -                                                                                     
[2025-11-17T23:45:37.541+0000] {logging_mixin.py:154} WARNING - 
[2025-11-17T23:45:37.541+0000] {logging_mixin.py:154} INFO - [I 2025-11-17 23:45:37,541] Trial 12 finished with value: 0.7974193548387097 and parameters: {'max_depth': 10, 'learning_rate': 0.05421283096830384, 'subsample': 0.995800325533728, 'colsample_bytree': 0.5927234475789327, 'min_child_weight': 7, 'gamma': 0.01955562095026886, 'n_estimators': 406}. Best is trial 9 with value: 0.802295918367347.
[2025-11-17T23:45:37.541+0000] {logging_mixin.py:154} WARNING - Best trial: 9. Best value: 0.802296:  24%|##4       | 12/50 [00:06<00:28,  1.34it/s]
[2025-11-17T23:45:37.542+0000] {logging_mixin.py:154} WARNING - Best trial: 9. Best value: 0.802296:  24%|##4       | 12/50 [00:06<00:28,  1.34it/s]
[2025-11-17T23:45:37.542+0000] {logging_mixin.py:154} WARNING - Best trial: 9. Best value: 0.802296:  26%|##6       | 13/50 [00:06<00:25,  1.43it/s]
[2025-11-17T23:45:38.857+0000] {logging_mixin.py:154} WARNING -                                                                                     
[2025-11-17T23:45:38.857+0000] {logging_mixin.py:154} WARNING - 
[2025-11-17T23:45:38.857+0000] {logging_mixin.py:154} INFO - [I 2025-11-17 23:45:38,856] Trial 13 finished with value: 0.7969543147208122 and parameters: {'max_depth': 8, 'learning_rate': 0.04002834754638359, 'subsample': 0.748020656084857, 'colsample_bytree': 0.5890641831958864, 'min_child_weight': 10, 'gamma': 1.7472912901066726, 'n_estimators': 499}. Best is trial 9 with value: 0.802295918367347.
[2025-11-17T23:45:38.857+0000] {logging_mixin.py:154} WARNING - Best trial: 9. Best value: 0.802296:  26%|##6       | 13/50 [00:08<00:25,  1.43it/s]
[2025-11-17T23:45:38.857+0000] {logging_mixin.py:154} WARNING - Best trial: 9. Best value: 0.802296:  26%|##6       | 13/50 [00:08<00:25,  1.43it/s]
[2025-11-17T23:45:38.857+0000] {logging_mixin.py:154} WARNING - Best trial: 9. Best value: 0.802296:  28%|##8       | 14/50 [00:08<00:31,  1.13it/s]
[2025-11-17T23:45:40.397+0000] {logging_mixin.py:154} WARNING -                                                                                     
[2025-11-17T23:45:40.398+0000] {logging_mixin.py:154} WARNING - 
[2025-11-17T23:45:40.398+0000] {logging_mixin.py:154} INFO - [I 2025-11-17 23:45:40,397] Trial 14 finished with value: 0.7862694300518136 and parameters: {'max_depth': 12, 'learning_rate': 0.09465946337743743, 'subsample': 0.9318657440733, 'colsample_bytree': 0.5012553993955753, 'min_child_weight': 7, 'gamma': 0.1795351823831436, 'n_estimators': 360}. Best is trial 9 with value: 0.802295918367347.
[2025-11-17T23:45:40.398+0000] {logging_mixin.py:154} WARNING - Best trial: 9. Best value: 0.802296:  28%|##8       | 14/50 [00:09<00:31,  1.13it/s]
[2025-11-17T23:45:40.399+0000] {logging_mixin.py:154} WARNING - Best trial: 9. Best value: 0.802296:  28%|##8       | 14/50 [00:09<00:31,  1.13it/s]
[2025-11-17T23:45:40.399+0000] {logging_mixin.py:154} WARNING - Best trial: 9. Best value: 0.802296:  30%|###       | 15/50 [00:09<00:37,  1.08s/it]
[2025-11-17T23:45:40.580+0000] {logging_mixin.py:154} WARNING -                                                                                     
[2025-11-17T23:45:40.580+0000] {logging_mixin.py:154} WARNING - 
[2025-11-17T23:45:40.581+0000] {logging_mixin.py:154} INFO - [I 2025-11-17 23:45:40,580] Trial 15 finished with value: 0.7899371069182389 and parameters: {'max_depth': 7, 'learning_rate': 0.010457065772553613, 'subsample': 0.7762460564116191, 'colsample_bytree': 0.6500599391804969, 'min_child_weight': 8, 'gamma': 1.8694954037778246, 'n_estimators': 200}. Best is trial 9 with value: 0.802295918367347.
[2025-11-17T23:45:40.581+0000] {logging_mixin.py:154} WARNING - Best trial: 9. Best value: 0.802296:  30%|###       | 15/50 [00:09<00:37,  1.08s/it]
[2025-11-17T23:45:40.581+0000] {logging_mixin.py:154} WARNING - Best trial: 9. Best value: 0.802296:  30%|###       | 15/50 [00:09<00:37,  1.08s/it]
[2025-11-17T23:45:40.581+0000] {logging_mixin.py:154} WARNING - Best trial: 9. Best value: 0.802296:  32%|###2      | 16/50 [00:09<00:27,  1.23it/s]
[2025-11-17T23:45:47.289+0000] {logging_mixin.py:154} WARNING -                                                                                     
[2025-11-17T23:45:47.289+0000] {logging_mixin.py:154} WARNING - 
[2025-11-17T23:45:47.289+0000] {logging_mixin.py:154} INFO - [I 2025-11-17 23:45:47,288] Trial 16 finished with value: 0.8038216560509555 and parameters: {'max_depth': 11, 'learning_rate': 0.03703772238189893, 'subsample': 0.9158022566129167, 'colsample_bytree': 0.5587404371074098, 'min_child_weight': 9, 'gamma': 0.7364943416771574, 'n_estimators': 439}. Best is trial 16 with value: 0.8038216560509555.
[2025-11-17T23:45:47.289+0000] {logging_mixin.py:154} WARNING - Best trial: 9. Best value: 0.802296:  32%|###2      | 16/50 [00:16<00:27,  1.23it/s]
[2025-11-17T23:45:47.290+0000] {logging_mixin.py:154} WARNING - Best trial: 16. Best value: 0.803822:  32%|###2      | 16/50 [00:16<00:27,  1.23it/s]
[2025-11-17T23:45:47.290+0000] {logging_mixin.py:154} WARNING - Best trial: 16. Best value: 0.803822:  34%|###4      | 17/50 [00:16<01:25,  2.58s/it]
[2025-11-17T23:45:47.897+0000] {logging_mixin.py:154} WARNING -                                                                                      
[2025-11-17T23:45:47.897+0000] {logging_mixin.py:154} WARNING - 
[2025-11-17T23:45:47.898+0000] {logging_mixin.py:154} INFO - [I 2025-11-17 23:45:47,897] Trial 17 finished with value: 0.7999999999999999 and parameters: {'max_depth': 11, 'learning_rate': 0.03228207355898402, 'subsample': 0.8314102086870525, 'colsample_bytree': 0.6597747511818023, 'min_child_weight': 9, 'gamma': 0.8560616035329855, 'n_estimators': 441}. Best is trial 16 with value: 0.8038216560509555.
[2025-11-17T23:45:47.898+0000] {logging_mixin.py:154} WARNING - Best trial: 16. Best value: 0.803822:  34%|###4      | 17/50 [00:17<01:25,  2.58s/it]
[2025-11-17T23:45:47.898+0000] {logging_mixin.py:154} WARNING - Best trial: 16. Best value: 0.803822:  34%|###4      | 17/50 [00:17<01:25,  2.58s/it]
[2025-11-17T23:45:47.898+0000] {logging_mixin.py:154} WARNING - Best trial: 16. Best value: 0.803822:  36%|###6      | 18/50 [00:17<01:03,  1.99s/it]
[2025-11-17T23:45:48.104+0000] {logging_mixin.py:154} WARNING -                                                                                      
[2025-11-17T23:45:48.104+0000] {logging_mixin.py:154} WARNING - 
[2025-11-17T23:45:48.104+0000] {logging_mixin.py:154} INFO - [I 2025-11-17 23:45:48,104] Trial 18 finished with value: 0.801010739102969 and parameters: {'max_depth': 15, 'learning_rate': 0.018325226220449863, 'subsample': 0.920268595864156, 'colsample_bytree': 0.5658026415888999, 'min_child_weight': 9, 'gamma': 2.0592202798349284, 'n_estimators': 211}. Best is trial 16 with value: 0.8038216560509555.
[2025-11-17T23:45:48.105+0000] {logging_mixin.py:154} WARNING - Best trial: 16. Best value: 0.803822:  36%|###6      | 18/50 [00:17<01:03,  1.99s/it]
[2025-11-17T23:45:48.105+0000] {logging_mixin.py:154} WARNING - Best trial: 16. Best value: 0.803822:  36%|###6      | 18/50 [00:17<01:03,  1.99s/it]
[2025-11-17T23:45:48.105+0000] {logging_mixin.py:154} WARNING - Best trial: 16. Best value: 0.803822:  38%|###8      | 19/50 [00:17<00:45,  1.45s/it]
[2025-11-17T23:45:48.483+0000] {logging_mixin.py:154} WARNING -                                                                                      
[2025-11-17T23:45:48.484+0000] {logging_mixin.py:154} WARNING - 
[2025-11-17T23:45:48.484+0000] {logging_mixin.py:154} INFO - [I 2025-11-17 23:45:48,483] Trial 19 finished with value: 0.7984742530197074 and parameters: {'max_depth': 7, 'learning_rate': 0.0793423791839793, 'subsample': 0.7457265639467195, 'colsample_bytree': 0.6371401945264097, 'min_child_weight': 10, 'gamma': 1.1505322625282899, 'n_estimators': 439}. Best is trial 16 with value: 0.8038216560509555.
[2025-11-17T23:45:48.484+0000] {logging_mixin.py:154} WARNING - Best trial: 16. Best value: 0.803822:  38%|###8      | 19/50 [00:17<00:45,  1.45s/it]
[2025-11-17T23:45:48.484+0000] {logging_mixin.py:154} WARNING - Best trial: 16. Best value: 0.803822:  38%|###8      | 19/50 [00:17<00:45,  1.45s/it]
[2025-11-17T23:45:48.484+0000] {logging_mixin.py:154} WARNING - Best trial: 16. Best value: 0.803822:  40%|####      | 20/50 [00:17<00:33,  1.13s/it]
[2025-11-17T23:45:49.049+0000] {logging_mixin.py:154} WARNING -                                                                                      
[2025-11-17T23:45:49.049+0000] {logging_mixin.py:154} WARNING - 
