[2025-11-17T16:51:56.517+0000] {logging_mixin.py:154} INFO - [I 2025-11-17 16:51:56,517] Trial 26 finished with value: 1.0 and parameters: {'max_depth': 5, 'learning_rate': 0.2076958776620184, 'subsample': 0.8013160906116554, 'colsample_bytree': 0.7680673299542455, 'min_child_weight': 2, 'gamma': 1.8319020601855835, 'n_estimators': 237}. Best is trial 0 with value: 1.0.
[2025-11-17T16:51:56.517+0000] {logging_mixin.py:154} WARNING - Best trial: 0. Best value: 1:  52%|#####2    | 26/50 [00:06<00:03,  6.69it/s]
[2025-11-17T16:51:56.518+0000] {logging_mixin.py:154} WARNING - Best trial: 0. Best value: 1:  52%|#####2    | 26/50 [00:06<00:03,  6.69it/s]
[2025-11-17T16:51:56.670+0000] {logging_mixin.py:154} WARNING -                                                                              
[2025-11-17T16:51:56.671+0000] {logging_mixin.py:154} WARNING - 
[2025-11-17T16:51:56.671+0000] {logging_mixin.py:154} INFO - [I 2025-11-17 16:51:56,670] Trial 27 finished with value: 1.0 and parameters: {'max_depth': 14, 'learning_rate': 0.03939662577060052, 'subsample': 0.7466101798420048, 'colsample_bytree': 0.6509538913625886, 'min_child_weight': 5, 'gamma': 2.515455607674821, 'n_estimators': 306}. Best is trial 0 with value: 1.0.
[2025-11-17T16:51:56.671+0000] {logging_mixin.py:154} WARNING - Best trial: 0. Best value: 1:  54%|#####4    | 27/50 [00:06<00:03,  6.69it/s]
[2025-11-17T16:51:56.671+0000] {logging_mixin.py:154} WARNING - Best trial: 0. Best value: 1:  54%|#####4    | 27/50 [00:06<00:03,  6.69it/s]
[2025-11-17T16:51:56.725+0000] {logging_mixin.py:154} WARNING -                                                                              
[2025-11-17T16:51:56.726+0000] {logging_mixin.py:154} WARNING - 
[2025-11-17T16:51:56.726+0000] {logging_mixin.py:154} INFO - [I 2025-11-17 16:51:56,725] Trial 28 finished with value: 1.0 and parameters: {'max_depth': 9, 'learning_rate': 0.06979783842198856, 'subsample': 0.914379616379793, 'colsample_bytree': 0.6972248821194833, 'min_child_weight': 6, 'gamma': 1.296251572480895, 'n_estimators': 59}. Best is trial 0 with value: 1.0.
[2025-11-17T16:51:56.726+0000] {logging_mixin.py:154} WARNING - Best trial: 0. Best value: 1:  56%|#####6    | 28/50 [00:06<00:03,  6.69it/s]
[2025-11-17T16:51:56.726+0000] {logging_mixin.py:154} WARNING - Best trial: 0. Best value: 1:  56%|#####6    | 28/50 [00:06<00:03,  6.69it/s]
[2025-11-17T16:51:56.923+0000] {logging_mixin.py:154} WARNING -                                                                              
[2025-11-17T16:51:56.923+0000] {logging_mixin.py:154} WARNING - 
[2025-11-17T16:51:56.923+0000] {logging_mixin.py:154} INFO - [I 2025-11-17 16:51:56,922] Trial 29 finished with value: 1.0 and parameters: {'max_depth': 6, 'learning_rate': 0.10740351793361068, 'subsample': 0.6621290107742509, 'colsample_bytree': 0.7809660607784132, 'min_child_weight': 8, 'gamma': 0.736382109665927, 'n_estimators': 257}. Best is trial 0 with value: 1.0.
[2025-11-17T16:51:56.923+0000] {logging_mixin.py:154} WARNING - Best trial: 0. Best value: 1:  58%|#####8    | 29/50 [00:06<00:03,  6.69it/s]
[2025-11-17T16:51:56.924+0000] {logging_mixin.py:154} WARNING - Best trial: 0. Best value: 1:  58%|#####8    | 29/50 [00:06<00:03,  6.69it/s]
[2025-11-17T16:51:57.091+0000] {logging_mixin.py:154} WARNING -                                                                              
[2025-11-17T16:51:57.092+0000] {logging_mixin.py:154} WARNING - 
[2025-11-17T16:51:57.092+0000] {logging_mixin.py:154} INFO - [I 2025-11-17 16:51:57,091] Trial 30 finished with value: 1.0 and parameters: {'max_depth': 4, 'learning_rate': 0.08396697072762462, 'subsample': 0.6976873687939461, 'colsample_bytree': 0.7239995577721037, 'min_child_weight': 9, 'gamma': 1.1885572640785753, 'n_estimators': 320}. Best is trial 0 with value: 1.0.
[2025-11-17T16:51:57.092+0000] {logging_mixin.py:154} WARNING - Best trial: 0. Best value: 1:  60%|######    | 30/50 [00:06<00:02,  6.69it/s]
[2025-11-17T16:51:57.092+0000] {logging_mixin.py:154} WARNING - Best trial: 0. Best value: 1:  60%|######    | 30/50 [00:06<00:02,  6.69it/s]
[2025-11-17T16:51:57.092+0000] {logging_mixin.py:154} WARNING - Best trial: 0. Best value: 1:  62%|######2   | 31/50 [00:06<00:01, 12.52it/s]
[2025-11-17T16:51:57.328+0000] {logging_mixin.py:154} WARNING -                                                                              
[2025-11-17T16:51:57.328+0000] {logging_mixin.py:154} WARNING - 
[2025-11-17T16:51:57.328+0000] {logging_mixin.py:154} INFO - [I 2025-11-17 16:51:57,328] Trial 31 finished with value: 1.0 and parameters: {'max_depth': 4, 'learning_rate': 0.015332375021157885, 'subsample': 0.5984196241262435, 'colsample_bytree': 0.5632613446856177, 'min_child_weight': 8, 'gamma': 0.9272130712818459, 'n_estimators': 258}. Best is trial 0 with value: 1.0.
[2025-11-17T16:51:57.328+0000] {logging_mixin.py:154} WARNING - Best trial: 0. Best value: 1:  62%|######2   | 31/50 [00:07<00:01, 12.52it/s]
[2025-11-17T16:51:57.329+0000] {logging_mixin.py:154} WARNING - Best trial: 0. Best value: 1:  62%|######2   | 31/50 [00:07<00:01, 12.52it/s]
[2025-11-17T16:51:59.927+0000] {logging_mixin.py:154} WARNING -                                                                              
[2025-11-17T16:51:59.928+0000] {logging_mixin.py:154} WARNING - 
[2025-11-17T16:51:59.928+0000] {logging_mixin.py:154} INFO - [I 2025-11-17 16:51:59,927] Trial 32 finished with value: 1.0 and parameters: {'max_depth': 5, 'learning_rate': 0.013904565700856082, 'subsample': 0.6848361317801072, 'colsample_bytree': 0.7399648309762211, 'min_child_weight': 10, 'gamma': 1.6299524441311175, 'n_estimators': 392}. Best is trial 0 with value: 1.0.
[2025-11-17T16:51:59.928+0000] {logging_mixin.py:154} WARNING - Best trial: 0. Best value: 1:  64%|######4   | 32/50 [00:09<00:01, 12.52it/s]
[2025-11-17T16:51:59.928+0000] {logging_mixin.py:154} WARNING - Best trial: 0. Best value: 1:  64%|######4   | 32/50 [00:09<00:01, 12.52it/s]
[2025-11-17T16:51:59.928+0000] {logging_mixin.py:154} WARNING - Best trial: 0. Best value: 1:  66%|######6   | 33/50 [00:09<00:07,  2.24it/s]
[2025-11-17T16:52:00.129+0000] {logging_mixin.py:154} WARNING -                                                                              
[2025-11-17T16:52:00.129+0000] {logging_mixin.py:154} WARNING - 
[2025-11-17T16:52:00.129+0000] {logging_mixin.py:154} INFO - [I 2025-11-17 16:52:00,129] Trial 33 finished with value: 1.0 and parameters: {'max_depth': 3, 'learning_rate': 0.02459105361921938, 'subsample': 0.607027494839728, 'colsample_bytree': 0.6184627965043862, 'min_child_weight': 1, 'gamma': 0.4534043597236998, 'n_estimators': 277}. Best is trial 0 with value: 1.0.
[2025-11-17T16:52:00.129+0000] {logging_mixin.py:154} WARNING - Best trial: 0. Best value: 1:  66%|######6   | 33/50 [00:09<00:07,  2.24it/s]
[2025-11-17T16:52:00.130+0000] {logging_mixin.py:154} WARNING - Best trial: 0. Best value: 1:  66%|######6   | 33/50 [00:09<00:07,  2.24it/s]
[2025-11-17T16:52:00.130+0000] {logging_mixin.py:154} WARNING - Best trial: 0. Best value: 1:  68%|######8   | 34/50 [00:09<00:06,  2.46it/s]
[2025-11-17T16:52:00.231+0000] {logging_mixin.py:154} WARNING -                                                                              
[2025-11-17T16:52:00.231+0000] {logging_mixin.py:154} WARNING - 
[2025-11-17T16:52:00.231+0000] {logging_mixin.py:154} INFO - [I 2025-11-17 16:52:00,231] Trial 34 finished with value: 1.0 and parameters: {'max_depth': 8, 'learning_rate': 0.021588700627419785, 'subsample': 0.8354375348215042, 'colsample_bytree': 0.8423480996125103, 'min_child_weight': 9, 'gamma': 0.9074603843461653, 'n_estimators': 130}. Best is trial 0 with value: 1.0.
[2025-11-17T16:52:00.231+0000] {logging_mixin.py:154} WARNING - Best trial: 0. Best value: 1:  68%|######8   | 34/50 [00:10<00:06,  2.46it/s]
[2025-11-17T16:52:00.232+0000] {logging_mixin.py:154} WARNING - Best trial: 0. Best value: 1:  68%|######8   | 34/50 [00:10<00:06,  2.46it/s]
[2025-11-17T16:52:00.232+0000] {logging_mixin.py:154} WARNING - Best trial: 0. Best value: 1:  70%|#######   | 35/50 [00:10<00:05,  2.87it/s]
[2025-11-17T16:52:00.809+0000] {logging_mixin.py:154} WARNING -                                                                              
[2025-11-17T16:52:00.810+0000] {logging_mixin.py:154} WARNING - 
[2025-11-17T16:52:00.810+0000] {logging_mixin.py:154} INFO - [I 2025-11-17 16:52:00,809] Trial 35 finished with value: 1.0 and parameters: {'max_depth': 4, 'learning_rate': 0.03248920196622468, 'subsample': 0.7255552137933929, 'colsample_bytree': 0.6760069710066988, 'min_child_weight': 8, 'gamma': 0.6272375417168982, 'n_estimators': 282}. Best is trial 0 with value: 1.0.
[2025-11-17T16:52:00.810+0000] {logging_mixin.py:154} WARNING - Best trial: 0. Best value: 1:  70%|#######   | 35/50 [00:10<00:05,  2.87it/s]
[2025-11-17T16:52:00.811+0000] {logging_mixin.py:154} WARNING - Best trial: 0. Best value: 1:  70%|#######   | 35/50 [00:10<00:05,  2.87it/s]
[2025-11-17T16:52:00.811+0000] {logging_mixin.py:154} WARNING - Best trial: 0. Best value: 1:  72%|#######2  | 36/50 [00:10<00:05,  2.51it/s]
[2025-11-17T16:52:01.001+0000] {logging_mixin.py:154} WARNING -                                                                              
[2025-11-17T16:52:01.001+0000] {logging_mixin.py:154} WARNING - 
[2025-11-17T16:52:01.001+0000] {logging_mixin.py:154} INFO - [I 2025-11-17 16:52:01,001] Trial 36 finished with value: 1.0 and parameters: {'max_depth': 10, 'learning_rate': 0.031262480955702776, 'subsample': 0.5630794185826808, 'colsample_bytree': 0.59465350241714, 'min_child_weight': 4, 'gamma': 1.2706760304447093, 'n_estimators': 174}. Best is trial 0 with value: 1.0.
[2025-11-17T16:52:01.001+0000] {logging_mixin.py:154} WARNING - Best trial: 0. Best value: 1:  72%|#######2  | 36/50 [00:10<00:05,  2.51it/s]
[2025-11-17T16:52:01.002+0000] {logging_mixin.py:154} WARNING - Best trial: 0. Best value: 1:  72%|#######2  | 36/50 [00:10<00:05,  2.51it/s]
[2025-11-17T16:52:01.002+0000] {logging_mixin.py:154} WARNING - Best trial: 0. Best value: 1:  74%|#######4  | 37/50 [00:10<00:04,  2.86it/s]
[2025-11-17T16:52:01.072+0000] {logging_mixin.py:154} WARNING -                                                                              
[2025-11-17T16:52:01.072+0000] {logging_mixin.py:154} WARNING - 
[2025-11-17T16:52:01.072+0000] {logging_mixin.py:154} INFO - [I 2025-11-17 16:52:01,072] Trial 37 finished with value: 1.0 and parameters: {'max_depth': 6, 'learning_rate': 0.018420031426564277, 'subsample': 0.6728536894133935, 'colsample_bytree': 0.6571580651481882, 'min_child_weight': 5, 'gamma': 0.3403054142983504, 'n_estimators': 82}. Best is trial 0 with value: 1.0.
[2025-11-17T16:52:01.073+0000] {logging_mixin.py:154} WARNING - Best trial: 0. Best value: 1:  74%|#######4  | 37/50 [00:10<00:04,  2.86it/s]
[2025-11-17T16:52:01.073+0000] {logging_mixin.py:154} WARNING - Best trial: 0. Best value: 1:  74%|#######4  | 37/50 [00:10<00:04,  2.86it/s]
[2025-11-17T16:52:01.376+0000] {logging_mixin.py:154} WARNING -                                                                              
[2025-11-17T16:52:01.376+0000] {logging_mixin.py:154} WARNING - 
[2025-11-17T16:52:01.376+0000] {logging_mixin.py:154} INFO - [I 2025-11-17 16:52:01,376] Trial 38 finished with value: 1.0 and parameters: {'max_depth': 3, 'learning_rate': 0.2554280605726185, 'subsample': 0.6391456388659016, 'colsample_bytree': 0.8153747422472718, 'min_child_weight': 10, 'gamma': 1.5803937072366097, 'n_estimators': 320}. Best is trial 0 with value: 1.0.
[2025-11-17T16:52:01.376+0000] {logging_mixin.py:154} WARNING - Best trial: 0. Best value: 1:  76%|#######6  | 38/50 [00:11<00:04,  2.86it/s]
[2025-11-17T16:52:01.377+0000] {logging_mixin.py:154} WARNING - Best trial: 0. Best value: 1:  76%|#######6  | 38/50 [00:11<00:04,  2.86it/s]
[2025-11-17T16:52:01.377+0000] {logging_mixin.py:154} WARNING - Best trial: 0. Best value: 1:  78%|#######8  | 39/50 [00:11<00:03,  3.51it/s]
[2025-11-17T16:52:01.808+0000] {logging_mixin.py:154} WARNING -                                                                              
[2025-11-17T16:52:01.809+0000] {logging_mixin.py:154} WARNING - 
[2025-11-17T16:52:01.809+0000] {logging_mixin.py:154} INFO - [I 2025-11-17 16:52:01,808] Trial 39 finished with value: 1.0 and parameters: {'max_depth': 7, 'learning_rate': 0.026057821911226336, 'subsample': 0.7052990884293289, 'colsample_bytree': 0.5853866185353638, 'min_child_weight': 9, 'gamma': 2.844139246298312, 'n_estimators': 465}. Best is trial 0 with value: 1.0.
[2025-11-17T16:52:01.809+0000] {logging_mixin.py:154} WARNING - Best trial: 0. Best value: 1:  78%|#######8  | 39/50 [00:11<00:03,  3.51it/s]
[2025-11-17T16:52:01.809+0000] {logging_mixin.py:154} WARNING - Best trial: 0. Best value: 1:  78%|#######8  | 39/50 [00:11<00:03,  3.51it/s]
[2025-11-17T16:52:01.809+0000] {logging_mixin.py:154} WARNING - Best trial: 0. Best value: 1:  80%|########  | 40/50 [00:11<00:03,  3.15it/s]
[2025-11-17T16:52:02.063+0000] {logging_mixin.py:154} WARNING -                                                                              
[2025-11-17T16:52:02.063+0000] {logging_mixin.py:154} WARNING - 
[2025-11-17T16:52:02.063+0000] {logging_mixin.py:154} INFO - [I 2025-11-17 16:52:02,063] Trial 40 finished with value: 1.0 and parameters: {'max_depth': 5, 'learning_rate': 0.05717331128354488, 'subsample': 0.7647821175671958, 'colsample_bytree': 0.7118121448133726, 'min_child_weight': 7, 'gamma': 4.303037842964204, 'n_estimators': 382}. Best is trial 0 with value: 1.0.
[2025-11-17T16:52:02.063+0000] {logging_mixin.py:154} WARNING - Best trial: 0. Best value: 1:  80%|########  | 40/50 [00:11<00:03,  3.15it/s]
[2025-11-17T16:52:02.064+0000] {logging_mixin.py:154} WARNING - Best trial: 0. Best value: 1:  80%|########  | 40/50 [00:11<00:03,  3.15it/s]
[2025-11-17T16:52:02.064+0000] {logging_mixin.py:154} WARNING - Best trial: 0. Best value: 1:  82%|########2 | 41/50 [00:11<00:02,  3.31it/s]
[2025-11-17T16:52:02.332+0000] {logging_mixin.py:154} WARNING -                                                                              
[2025-11-17T16:52:02.332+0000] {logging_mixin.py:154} WARNING - 
[2025-11-17T16:52:02.332+0000] {logging_mixin.py:154} INFO - [I 2025-11-17 16:52:02,332] Trial 41 finished with value: 1.0 and parameters: {'max_depth': 13, 'learning_rate': 0.01808876165651747, 'subsample': 0.7883725240235987, 'colsample_bytree': 0.5401699253209691, 'min_child_weight': 1, 'gamma': 4.945855972102122, 'n_estimators': 438}. Best is trial 0 with value: 1.0.
[2025-11-17T16:52:02.332+0000] {logging_mixin.py:154} WARNING - Best trial: 0. Best value: 1:  82%|########2 | 41/50 [00:12<00:02,  3.31it/s]
[2025-11-17T16:52:02.333+0000] {logging_mixin.py:154} WARNING - Best trial: 0. Best value: 1:  82%|########2 | 41/50 [00:12<00:02,  3.31it/s]
[2025-11-17T16:52:02.333+0000] {logging_mixin.py:154} WARNING - Best trial: 0. Best value: 1:  84%|########4 | 42/50 [00:12<00:02,  3.40it/s]
[2025-11-17T16:52:02.946+0000] {logging_mixin.py:154} WARNING -                                                                              
[2025-11-17T16:52:02.946+0000] {logging_mixin.py:154} WARNING - 
[2025-11-17T16:52:02.946+0000] {logging_mixin.py:154} INFO - [I 2025-11-17 16:52:02,946] Trial 42 finished with value: 1.0 and parameters: {'max_depth': 12, 'learning_rate': 0.01259183793226757, 'subsample': 0.8113302058745213, 'colsample_bytree': 0.5026633281348275, 'min_child_weight': 1, 'gamma': 4.595340531170811, 'n_estimators': 416}. Best is trial 0 with value: 1.0.
[2025-11-17T16:52:02.947+0000] {logging_mixin.py:154} WARNING - Best trial: 0. Best value: 1:  84%|########4 | 42/50 [00:12<00:02,  3.40it/s]
[2025-11-17T16:52:02.947+0000] {logging_mixin.py:154} WARNING - Best trial: 0. Best value: 1:  84%|########4 | 42/50 [00:12<00:02,  3.40it/s]
[2025-11-17T16:52:02.947+0000] {logging_mixin.py:154} WARNING - Best trial: 0. Best value: 1:  86%|########6 | 43/50 [00:12<00:02,  2.63it/s]
[2025-11-17T16:52:03.123+0000] {logging_mixin.py:154} WARNING -                                                                              
[2025-11-17T16:52:03.123+0000] {logging_mixin.py:154} WARNING - 
[2025-11-17T16:52:03.123+0000] {logging_mixin.py:154} INFO - [I 2025-11-17 16:52:03,123] Trial 43 finished with value: 1.0 and parameters: {'max_depth': 10, 'learning_rate': 0.021612295907331665, 'subsample': 0.8622665031787808, 'colsample_bytree': 0.5471478180224407, 'min_child_weight': 2, 'gamma': 3.2936510937134327, 'n_estimators': 134}. Best is trial 0 with value: 1.0.
[2025-11-17T16:52:03.123+0000] {logging_mixin.py:154} WARNING - Best trial: 0. Best value: 1:  86%|########6 | 43/50 [00:12<00:02,  2.63it/s]
[2025-11-17T16:52:03.123+0000] {logging_mixin.py:154} WARNING - Best trial: 0. Best value: 1:  86%|########6 | 43/50 [00:12<00:02,  2.63it/s]
[2025-11-17T16:52:03.124+0000] {logging_mixin.py:154} WARNING - Best trial: 0. Best value: 1:  88%|########8 | 44/50 [00:12<00:01,  3.09it/s]
[2025-11-17T16:52:03.524+0000] {logging_mixin.py:154} WARNING -                                                                              
[2025-11-17T16:52:03.524+0000] {logging_mixin.py:154} WARNING - 
[2025-11-17T16:52:03.525+0000] {logging_mixin.py:154} INFO - [I 2025-11-17 16:52:03,524] Trial 44 finished with value: 1.0 and parameters: {'max_depth': 14, 'learning_rate': 0.29905651392943317, 'subsample': 0.8190296500635499, 'colsample_bytree': 0.5327768661820909, 'min_child_weight': 4, 'gamma': 2.0007548837709557, 'n_estimators': 470}. Best is trial 0 with value: 1.0.
[2025-11-17T16:52:03.525+0000] {logging_mixin.py:154} WARNING - Best trial: 0. Best value: 1:  88%|########8 | 44/50 [00:13<00:01,  3.09it/s]
[2025-11-17T16:52:03.525+0000] {logging_mixin.py:154} WARNING - Best trial: 0. Best value: 1:  88%|########8 | 44/50 [00:13<00:01,  3.09it/s]
[2025-11-17T16:52:03.525+0000] {logging_mixin.py:154} WARNING - Best trial: 0. Best value: 1:  90%|######### | 45/50 [00:13<00:01,  2.89it/s]
[2025-11-17T16:52:03.620+0000] {logging_mixin.py:154} WARNING -                                                                              
[2025-11-17T16:52:03.621+0000] {logging_mixin.py:154} WARNING - 
[2025-11-17T16:52:03.621+0000] {logging_mixin.py:154} INFO - [I 2025-11-17 16:52:03,620] Trial 45 finished with value: 1.0 and parameters: {'max_depth': 10, 'learning_rate': 0.01634652213454863, 'subsample': 0.8943344450144015, 'colsample_bytree': 0.600193026589709, 'min_child_weight': 3, 'gamma': 3.692733719658312, 'n_estimators': 85}. Best is trial 0 with value: 1.0.
[2025-11-17T16:52:03.621+0000] {logging_mixin.py:154} WARNING - Best trial: 0. Best value: 1:  90%|######### | 45/50 [00:13<00:01,  2.89it/s]
[2025-11-17T16:52:03.621+0000] {logging_mixin.py:154} WARNING - Best trial: 0. Best value: 1:  90%|######### | 45/50 [00:13<00:01,  2.89it/s]
[2025-11-17T16:52:03.868+0000] {logging_mixin.py:154} WARNING -                                                                              
[2025-11-17T16:52:03.868+0000] {logging_mixin.py:154} WARNING - 
[2025-11-17T16:52:03.868+0000] {logging_mixin.py:154} INFO - [I 2025-11-17 16:52:03,868] Trial 46 finished with value: 1.0 and parameters: {'max_depth': 8, 'learning_rate': 0.011985505938781576, 'subsample': 0.7622899107873413, 'colsample_bytree': 0.521201519744329, 'min_child_weight': 1, 'gamma': 4.321795141294614, 'n_estimators': 239}. Best is trial 0 with value: 1.0.
[2025-11-17T16:52:03.869+0000] {logging_mixin.py:154} WARNING - Best trial: 0. Best value: 1:  92%|#########2| 46/50 [00:13<00:01,  2.89it/s]
[2025-11-17T16:52:03.869+0000] {logging_mixin.py:154} WARNING - Best trial: 0. Best value: 1:  92%|#########2| 46/50 [00:13<00:01,  2.89it/s]
[2025-11-17T16:52:03.869+0000] {logging_mixin.py:154} WARNING - Best trial: 0. Best value: 1:  94%|#########3| 47/50 [00:13<00:00,  3.73it/s]
[2025-11-17T16:52:04.221+0000] {logging_mixin.py:154} WARNING -                                                                              
[2025-11-17T16:52:04.222+0000] {logging_mixin.py:154} WARNING - 
[2025-11-17T16:52:04.222+0000] {logging_mixin.py:154} INFO - [I 2025-11-17 16:52:04,221] Trial 47 finished with value: 1.0 and parameters: {'max_depth': 12, 'learning_rate': 0.1505317905125208, 'subsample': 0.8430552025961003, 'colsample_bytree': 0.5769147757896422, 'min_child_weight': 2, 'gamma': 0.2097804635915267, 'n_estimators': 301}. Best is trial 0 with value: 1.0.
[2025-11-17T16:52:04.222+0000] {logging_mixin.py:154} WARNING - Best trial: 0. Best value: 1:  94%|#########3| 47/50 [00:13<00:00,  3.73it/s]
[2025-11-17T16:52:04.222+0000] {logging_mixin.py:154} WARNING - Best trial: 0. Best value: 1:  94%|#########3| 47/50 [00:13<00:00,  3.73it/s]
[2025-11-17T16:52:04.222+0000] {logging_mixin.py:154} WARNING - Best trial: 0. Best value: 1:  96%|#########6| 48/50 [00:13<00:00,  3.47it/s]
[2025-11-17T16:52:04.465+0000] {logging_mixin.py:154} WARNING -                                                                              
[2025-11-17T16:52:04.465+0000] {logging_mixin.py:154} WARNING - 
