[2025-11-17T20:51:52.797+0000] {logging_mixin.py:154} INFO - [I 2025-11-17 20:51:52,797] Trial 42 finished with value: 0.8218829516539441 and parameters: {'max_depth': 12, 'learning_rate': 0.2925670466901754, 'subsample': 0.7004119939656738, 'colsample_bytree': 0.7180287079552196, 'min_child_weight': 5, 'gamma': 2.692304448914865, 'n_estimators': 393}. Best is trial 40 with value: 0.8220392653578213.
[2025-11-17T20:51:52.798+0000] {logging_mixin.py:154} WARNING - Best trial: 40. Best value: 0.822039:  84%|########4 | 42/50 [00:19<00:04,  1.66it/s]
[2025-11-17T20:51:52.798+0000] {logging_mixin.py:154} WARNING - Best trial: 40. Best value: 0.822039:  84%|########4 | 42/50 [00:19<00:04,  1.66it/s]
[2025-11-17T20:51:52.798+0000] {logging_mixin.py:154} WARNING - Best trial: 40. Best value: 0.822039:  86%|########6 | 43/50 [00:19<00:04,  1.72it/s]
[2025-11-17T20:51:53.000+0000] {logging_mixin.py:154} WARNING -                                                                                      
[2025-11-17T20:51:53.000+0000] {logging_mixin.py:154} WARNING - 
[2025-11-17T20:51:53.000+0000] {logging_mixin.py:154} INFO - [I 2025-11-17 20:51:53,000] Trial 43 finished with value: 0.8188175460902732 and parameters: {'max_depth': 13, 'learning_rate': 0.2451212494849401, 'subsample': 0.763742856000698, 'colsample_bytree': 0.7122156334140124, 'min_child_weight': 5, 'gamma': 2.7214281591452054, 'n_estimators': 389}. Best is trial 40 with value: 0.8220392653578213.
[2025-11-17T20:51:53.001+0000] {logging_mixin.py:154} WARNING - Best trial: 40. Best value: 0.822039:  86%|########6 | 43/50 [00:19<00:04,  1.72it/s]
[2025-11-17T20:51:53.001+0000] {logging_mixin.py:154} WARNING - Best trial: 40. Best value: 0.822039:  86%|########6 | 43/50 [00:19<00:04,  1.72it/s]
[2025-11-17T20:51:53.001+0000] {logging_mixin.py:154} WARNING - Best trial: 40. Best value: 0.822039:  88%|########8 | 44/50 [00:19<00:02,  2.13it/s]
[2025-11-17T20:51:53.282+0000] {logging_mixin.py:154} WARNING -                                                                                      
[2025-11-17T20:51:53.283+0000] {logging_mixin.py:154} WARNING - 
[2025-11-17T20:51:53.283+0000] {logging_mixin.py:154} INFO - [I 2025-11-17 20:51:53,282] Trial 44 finished with value: 0.8131443298969073 and parameters: {'max_depth': 12, 'learning_rate': 0.1874947988598784, 'subsample': 0.6987242864248353, 'colsample_bytree': 0.8128755916866788, 'min_child_weight': 5, 'gamma': 1.4894238971386666, 'n_estimators': 451}. Best is trial 40 with value: 0.8220392653578213.
[2025-11-17T20:51:53.283+0000] {logging_mixin.py:154} WARNING - Best trial: 40. Best value: 0.822039:  88%|########8 | 44/50 [00:19<00:02,  2.13it/s]
[2025-11-17T20:51:53.283+0000] {logging_mixin.py:154} WARNING - Best trial: 40. Best value: 0.822039:  88%|########8 | 44/50 [00:19<00:02,  2.13it/s]
[2025-11-17T20:51:53.283+0000] {logging_mixin.py:154} WARNING - Best trial: 40. Best value: 0.822039:  90%|######### | 45/50 [00:19<00:02,  2.41it/s]
[2025-11-17T20:51:53.595+0000] {logging_mixin.py:154} WARNING -                                                                                      
[2025-11-17T20:51:53.595+0000] {logging_mixin.py:154} WARNING - 
[2025-11-17T20:51:53.595+0000] {logging_mixin.py:154} INFO - [I 2025-11-17 20:51:53,594] Trial 45 finished with value: 0.8214285714285714 and parameters: {'max_depth': 12, 'learning_rate': 0.20138937588080424, 'subsample': 0.7193506642360497, 'colsample_bytree': 0.7424854810677134, 'min_child_weight': 5, 'gamma': 2.000163345932357, 'n_estimators': 397}. Best is trial 40 with value: 0.8220392653578213.
[2025-11-17T20:51:53.595+0000] {logging_mixin.py:154} WARNING - Best trial: 40. Best value: 0.822039:  90%|######### | 45/50 [00:20<00:02,  2.41it/s]
[2025-11-17T20:51:53.596+0000] {logging_mixin.py:154} WARNING - Best trial: 40. Best value: 0.822039:  90%|######### | 45/50 [00:20<00:02,  2.41it/s]
[2025-11-17T20:51:53.596+0000] {logging_mixin.py:154} WARNING - Best trial: 40. Best value: 0.822039:  92%|#########2| 46/50 [00:20<00:01,  2.60it/s]
[2025-11-17T20:51:53.856+0000] {logging_mixin.py:154} WARNING -                                                                                      
[2025-11-17T20:51:53.856+0000] {logging_mixin.py:154} WARNING - 
[2025-11-17T20:51:53.856+0000] {logging_mixin.py:154} INFO - [I 2025-11-17 20:51:53,856] Trial 46 finished with value: 0.8089743589743589 and parameters: {'max_depth': 13, 'learning_rate': 0.2075696182297025, 'subsample': 0.8052721759516217, 'colsample_bytree': 0.6841787747408874, 'min_child_weight': 4, 'gamma': 1.1942900145019897, 'n_estimators': 438}. Best is trial 40 with value: 0.8220392653578213.
[2025-11-17T20:51:53.856+0000] {logging_mixin.py:154} WARNING - Best trial: 40. Best value: 0.822039:  92%|#########2| 46/50 [00:20<00:01,  2.60it/s]
[2025-11-17T20:51:53.857+0000] {logging_mixin.py:154} WARNING - Best trial: 40. Best value: 0.822039:  92%|#########2| 46/50 [00:20<00:01,  2.60it/s]
[2025-11-17T20:51:53.857+0000] {logging_mixin.py:154} WARNING - Best trial: 40. Best value: 0.822039:  94%|#########3| 47/50 [00:20<00:01,  2.88it/s]
[2025-11-17T20:51:54.042+0000] {logging_mixin.py:154} WARNING -                                                                                      
[2025-11-17T20:51:54.043+0000] {logging_mixin.py:154} WARNING - 
[2025-11-17T20:51:54.043+0000] {logging_mixin.py:154} INFO - [I 2025-11-17 20:51:54,042] Trial 47 finished with value: 0.814102564102564 and parameters: {'max_depth': 12, 'learning_rate': 0.26952685035327767, 'subsample': 0.7209997580175973, 'colsample_bytree': 0.7454774168876486, 'min_child_weight': 5, 'gamma': 1.7684070340012097, 'n_estimators': 476}. Best is trial 40 with value: 0.8220392653578213.
[2025-11-17T20:51:54.043+0000] {logging_mixin.py:154} WARNING - Best trial: 40. Best value: 0.822039:  94%|#########3| 47/50 [00:20<00:01,  2.88it/s]
[2025-11-17T20:51:54.043+0000] {logging_mixin.py:154} WARNING - Best trial: 40. Best value: 0.822039:  94%|#########3| 47/50 [00:20<00:01,  2.88it/s]
[2025-11-17T20:51:54.043+0000] {logging_mixin.py:154} WARNING - Best trial: 40. Best value: 0.822039:  96%|#########6| 48/50 [00:20<00:00,  3.34it/s]
[2025-11-17T20:51:54.224+0000] {logging_mixin.py:154} WARNING -                                                                                      
[2025-11-17T20:51:54.224+0000] {logging_mixin.py:154} WARNING - 
[2025-11-17T20:51:54.224+0000] {logging_mixin.py:154} INFO - [I 2025-11-17 20:51:54,224] Trial 48 finished with value: 0.8152380952380953 and parameters: {'max_depth': 14, 'learning_rate': 0.2590631952856443, 'subsample': 0.7867321178073314, 'colsample_bytree': 0.7391473752717871, 'min_child_weight': 10, 'gamma': 2.0692191227788066, 'n_estimators': 395}. Best is trial 40 with value: 0.8220392653578213.
[2025-11-17T20:51:54.224+0000] {logging_mixin.py:154} WARNING - Best trial: 40. Best value: 0.822039:  96%|#########6| 48/50 [00:20<00:00,  3.34it/s]
[2025-11-17T20:51:54.225+0000] {logging_mixin.py:154} WARNING - Best trial: 40. Best value: 0.822039:  96%|#########6| 48/50 [00:20<00:00,  3.34it/s]
[2025-11-17T20:51:54.225+0000] {logging_mixin.py:154} WARNING - Best trial: 40. Best value: 0.822039:  98%|#########8| 49/50 [00:20<00:00,  3.79it/s]
[2025-11-17T20:51:54.380+0000] {logging_mixin.py:154} WARNING -                                                                                      
[2025-11-17T20:51:54.380+0000] {logging_mixin.py:154} WARNING - 
