[2025-11-17T22:06:38.035+0000] {logging_mixin.py:154} INFO - [I 2025-11-17 22:06:38,034] Trial 20 finished with value: 0.8517696286395072 and parameters: {'max_depth': 9, 'learning_rate': 0.09148671869723242, 'subsample': 0.958903546401011, 'colsample_bytree': 0.9593451904725986, 'min_child_weight': 4, 'gamma': 0.0010358304347341321, 'n_estimators': 232}. Best is trial 15 with value: 0.8571195639514569.
[2025-11-17T22:06:38.035+0000] {logging_mixin.py:154} WARNING - Best trial: 15. Best value: 0.85712:  40%|####      | 20/50 [01:08<01:22,  2.75s/it]
[2025-11-17T22:06:38.035+0000] {logging_mixin.py:154} WARNING - Best trial: 15. Best value: 0.85712:  40%|####      | 20/50 [01:08<01:22,  2.75s/it]
[2025-11-17T22:06:38.036+0000] {logging_mixin.py:154} WARNING - Best trial: 15. Best value: 0.85712:  42%|####2     | 21/50 [01:08<01:16,  2.63s/it]
[2025-11-17T22:06:44.782+0000] {logging_mixin.py:154} WARNING -                                                                                     
[2025-11-17T22:06:44.782+0000] {logging_mixin.py:154} WARNING - 
[2025-11-17T22:06:44.782+0000] {logging_mixin.py:154} INFO - [I 2025-11-17 22:06:44,782] Trial 21 finished with value: 0.8536443690606194 and parameters: {'max_depth': 12, 'learning_rate': 0.06683222380427105, 'subsample': 0.9913804871670164, 'colsample_bytree': 0.9944720493098328, 'min_child_weight': 6, 'gamma': 0.036445764797950066, 'n_estimators': 190}. Best is trial 15 with value: 0.8571195639514569.
[2025-11-17T22:06:44.783+0000] {logging_mixin.py:154} WARNING - Best trial: 15. Best value: 0.85712:  42%|####2     | 21/50 [01:15<01:16,  2.63s/it]
[2025-11-17T22:06:44.783+0000] {logging_mixin.py:154} WARNING - Best trial: 15. Best value: 0.85712:  42%|####2     | 21/50 [01:15<01:16,  2.63s/it]
[2025-11-17T22:06:44.783+0000] {logging_mixin.py:154} WARNING - Best trial: 15. Best value: 0.85712:  44%|####4     | 22/50 [01:15<01:48,  3.87s/it]
[2025-11-17T22:06:48.313+0000] {logging_mixin.py:154} WARNING -                                                                                     
[2025-11-17T22:06:48.313+0000] {logging_mixin.py:154} WARNING - 
[2025-11-17T22:06:48.314+0000] {logging_mixin.py:154} INFO - [I 2025-11-17 22:06:48,313] Trial 22 finished with value: 0.8548910200523104 and parameters: {'max_depth': 13, 'learning_rate': 0.06635138444924245, 'subsample': 0.9554286909179174, 'colsample_bytree': 0.9951792360698415, 'min_child_weight': 8, 'gamma': 0.5371229941373923, 'n_estimators': 236}. Best is trial 15 with value: 0.8571195639514569.
[2025-11-17T22:06:48.314+0000] {logging_mixin.py:154} WARNING - Best trial: 15. Best value: 0.85712:  44%|####4     | 22/50 [01:18<01:48,  3.87s/it]
[2025-11-17T22:06:48.314+0000] {logging_mixin.py:154} WARNING - Best trial: 15. Best value: 0.85712:  44%|####4     | 22/50 [01:18<01:48,  3.87s/it]
[2025-11-17T22:06:48.314+0000] {logging_mixin.py:154} WARNING - Best trial: 15. Best value: 0.85712:  46%|####6     | 23/50 [01:18<01:41,  3.77s/it]
[2025-11-17T22:06:50.930+0000] {logging_mixin.py:154} WARNING -                                                                                     
[2025-11-17T22:06:50.930+0000] {logging_mixin.py:154} WARNING - 
[2025-11-17T22:06:50.931+0000] {logging_mixin.py:154} INFO - [I 2025-11-17 22:06:50,930] Trial 23 finished with value: 0.8548086770319338 and parameters: {'max_depth': 11, 'learning_rate': 0.1102393137570326, 'subsample': 0.8941468837236075, 'colsample_bytree': 0.9490014287727889, 'min_child_weight': 7, 'gamma': 0.42867278298184636, 'n_estimators': 163}. Best is trial 15 with value: 0.8571195639514569.
[2025-11-17T22:06:50.931+0000] {logging_mixin.py:154} WARNING - Best trial: 15. Best value: 0.85712:  46%|####6     | 23/50 [01:21<01:41,  3.77s/it]
[2025-11-17T22:06:50.931+0000] {logging_mixin.py:154} WARNING - Best trial: 15. Best value: 0.85712:  46%|####6     | 23/50 [01:21<01:41,  3.77s/it]
[2025-11-17T22:06:50.931+0000] {logging_mixin.py:154} WARNING - Best trial: 15. Best value: 0.85712:  48%|####8     | 24/50 [01:21<01:28,  3.42s/it]
[2025-11-17T22:06:56.452+0000] {logging_mixin.py:154} WARNING -                                                                                     
[2025-11-17T22:06:56.453+0000] {logging_mixin.py:154} WARNING - 
[2025-11-17T22:06:56.453+0000] {logging_mixin.py:154} INFO - [I 2025-11-17 22:06:56,452] Trial 24 finished with value: 0.8399149278611255 and parameters: {'max_depth': 14, 'learning_rate': 0.040811071538770914, 'subsample': 0.9533159477817149, 'colsample_bytree': 0.9385120515287855, 'min_child_weight': 5, 'gamma': 0.0011971396531038538, 'n_estimators': 101}. Best is trial 15 with value: 0.8571195639514569.
[2025-11-17T22:06:56.453+0000] {logging_mixin.py:154} WARNING - Best trial: 15. Best value: 0.85712:  48%|####8     | 24/50 [01:26<01:28,  3.42s/it]
[2025-11-17T22:06:56.453+0000] {logging_mixin.py:154} WARNING - Best trial: 15. Best value: 0.85712:  48%|####8     | 24/50 [01:26<01:28,  3.42s/it]
[2025-11-17T22:06:56.453+0000] {logging_mixin.py:154} WARNING - Best trial: 15. Best value: 0.85712:  50%|#####     | 25/50 [01:26<01:41,  4.05s/it]
[2025-11-17T22:06:58.503+0000] {logging_mixin.py:154} WARNING -                                                                                     
[2025-11-17T22:06:58.503+0000] {logging_mixin.py:154} WARNING - 
[2025-11-17T22:06:58.503+0000] {logging_mixin.py:154} INFO - [I 2025-11-17 22:06:58,503] Trial 25 finished with value: 0.8480678343063665 and parameters: {'max_depth': 11, 'learning_rate': 0.07553933541484759, 'subsample': 0.9980395671835806, 'colsample_bytree': 0.8951141686543551, 'min_child_weight': 9, 'gamma': 0.8770577475424767, 'n_estimators': 214}. Best is trial 15 with value: 0.8571195639514569.
[2025-11-17T22:06:58.503+0000] {logging_mixin.py:154} WARNING - Best trial: 15. Best value: 0.85712:  50%|#####     | 25/50 [01:28<01:41,  4.05s/it]
[2025-11-17T22:06:58.504+0000] {logging_mixin.py:154} WARNING - Best trial: 15. Best value: 0.85712:  50%|#####     | 25/50 [01:28<01:41,  4.05s/it]
[2025-11-17T22:06:58.504+0000] {logging_mixin.py:154} WARNING - Best trial: 15. Best value: 0.85712:  52%|#####2    | 26/50 [01:28<01:22,  3.45s/it]
[2025-11-17T22:07:05.475+0000] {logging_mixin.py:154} WARNING -                                                                                     
[2025-11-17T22:07:05.475+0000] {logging_mixin.py:154} WARNING - 
[2025-11-17T22:07:05.475+0000] {logging_mixin.py:154} INFO - [I 2025-11-17 22:07:05,475] Trial 26 finished with value: 0.8531528703154615 and parameters: {'max_depth': 14, 'learning_rate': 0.05883809110111052, 'subsample': 0.8540815292656528, 'colsample_bytree': 0.9987349142404867, 'min_child_weight': 8, 'gamma': 1.3294029248899564, 'n_estimators': 386}. Best is trial 15 with value: 0.8571195639514569.
[2025-11-17T22:07:05.475+0000] {logging_mixin.py:154} WARNING - Best trial: 15. Best value: 0.85712:  52%|#####2    | 26/50 [01:35<01:22,  3.45s/it]
[2025-11-17T22:07:05.475+0000] {logging_mixin.py:154} WARNING - Best trial: 15. Best value: 0.85712:  52%|#####2    | 26/50 [01:35<01:22,  3.45s/it]
[2025-11-17T22:07:05.476+0000] {logging_mixin.py:154} WARNING - Best trial: 15. Best value: 0.85712:  54%|#####4    | 27/50 [01:35<01:43,  4.51s/it]
[2025-11-17T22:07:07.629+0000] {logging_mixin.py:154} WARNING -                                                                                     
[2025-11-17T22:07:07.629+0000] {logging_mixin.py:154} WARNING - 
[2025-11-17T22:07:07.629+0000] {logging_mixin.py:154} INFO - [I 2025-11-17 22:07:07,629] Trial 27 finished with value: 0.8505866953933118 and parameters: {'max_depth': 12, 'learning_rate': 0.08576246384074226, 'subsample': 0.9178841039956706, 'colsample_bytree': 0.9633897503310432, 'min_child_weight': 6, 'gamma': 0.38557751429787057, 'n_estimators': 112}. Best is trial 15 with value: 0.8571195639514569.
[2025-11-17T22:07:07.629+0000] {logging_mixin.py:154} WARNING - Best trial: 15. Best value: 0.85712:  54%|#####4    | 27/50 [01:37<01:43,  4.51s/it]
[2025-11-17T22:07:07.630+0000] {logging_mixin.py:154} WARNING - Best trial: 15. Best value: 0.85712:  54%|#####4    | 27/50 [01:37<01:43,  4.51s/it]
[2025-11-17T22:07:07.630+0000] {logging_mixin.py:154} WARNING - Best trial: 15. Best value: 0.85712:  56%|#####6    | 28/50 [01:37<01:23,  3.80s/it]
[2025-11-17T22:07:13.221+0000] {logging_mixin.py:154} WARNING -                                                                                     
[2025-11-17T22:07:13.221+0000] {logging_mixin.py:154} WARNING - 
[2025-11-17T22:07:13.221+0000] {logging_mixin.py:154} INFO - [I 2025-11-17 22:07:13,221] Trial 28 finished with value: 0.8503698878704694 and parameters: {'max_depth': 9, 'learning_rate': 0.11979137311246871, 'subsample': 0.9553472566698922, 'colsample_bytree': 0.9298511164779876, 'min_child_weight': 10, 'gamma': 0.4340802706890221, 'n_estimators': 246}. Best is trial 15 with value: 0.8571195639514569.
[2025-11-17T22:07:13.221+0000] {logging_mixin.py:154} WARNING - Best trial: 15. Best value: 0.85712:  56%|#####6    | 28/50 [01:43<01:23,  3.80s/it]
[2025-11-17T22:07:13.222+0000] {logging_mixin.py:154} WARNING - Best trial: 15. Best value: 0.85712:  56%|#####6    | 28/50 [01:43<01:23,  3.80s/it]
[2025-11-17T22:07:13.222+0000] {logging_mixin.py:154} WARNING - Best trial: 15. Best value: 0.85712:  58%|#####8    | 29/50 [01:43<01:31,  4.34s/it]
[2025-11-17T22:07:19.761+0000] {logging_mixin.py:154} WARNING -                                                                                     
[2025-11-17T22:07:19.761+0000] {logging_mixin.py:154} WARNING - 
[2025-11-17T22:07:19.762+0000] {logging_mixin.py:154} INFO - [I 2025-11-17 22:07:19,761] Trial 29 finished with value: 0.8590954071831888 and parameters: {'max_depth': 15, 'learning_rate': 0.1705429333791686, 'subsample': 0.8738336006216247, 'colsample_bytree': 0.8529538327355479, 'min_child_weight': 2, 'gamma': 0.7557883892140732, 'n_estimators': 164}. Best is trial 29 with value: 0.8590954071831888.
[2025-11-17T22:07:19.762+0000] {logging_mixin.py:154} WARNING - Best trial: 15. Best value: 0.85712:  58%|#####8    | 29/50 [01:50<01:31,  4.34s/it]
[2025-11-17T22:07:19.762+0000] {logging_mixin.py:154} WARNING - Best trial: 29. Best value: 0.859095:  58%|#####8    | 29/50 [01:50<01:31,  4.34s/it]
[2025-11-17T22:07:19.762+0000] {logging_mixin.py:154} WARNING - Best trial: 29. Best value: 0.859095:  60%|######    | 30/50 [01:50<01:39,  5.00s/it]
[2025-11-17T22:07:20.906+0000] {logging_mixin.py:154} WARNING -                                                                                      
[2025-11-17T22:07:20.907+0000] {logging_mixin.py:154} WARNING - 
[2025-11-17T22:07:20.907+0000] {logging_mixin.py:154} INFO - [I 2025-11-17 22:07:20,906] Trial 30 finished with value: 0.8587734796354844 and parameters: {'max_depth': 15, 'learning_rate': 0.2152435611558149, 'subsample': 0.8778436899134676, 'colsample_bytree': 0.8411139720742797, 'min_child_weight': 1, 'gamma': 0.7155191719980978, 'n_estimators': 59}. Best is trial 29 with value: 0.8590954071831888.
[2025-11-17T22:07:20.907+0000] {logging_mixin.py:154} WARNING - Best trial: 29. Best value: 0.859095:  60%|######    | 30/50 [01:51<01:39,  5.00s/it]
[2025-11-17T22:07:20.907+0000] {logging_mixin.py:154} WARNING - Best trial: 29. Best value: 0.859095:  60%|######    | 30/50 [01:51<01:39,  5.00s/it]
[2025-11-17T22:07:20.907+0000] {logging_mixin.py:154} WARNING - Best trial: 29. Best value: 0.859095:  62%|######2   | 31/50 [01:51<01:13,  3.84s/it]
[2025-11-17T22:07:21.700+0000] {logging_mixin.py:154} WARNING -                                                                                      
[2025-11-17T22:07:21.700+0000] {logging_mixin.py:154} WARNING - 
[2025-11-17T22:07:21.700+0000] {logging_mixin.py:154} INFO - [I 2025-11-17 22:07:21,699] Trial 31 finished with value: 0.8584347502644395 and parameters: {'max_depth': 15, 'learning_rate': 0.20694257720422643, 'subsample': 0.8812829080304145, 'colsample_bytree': 0.8461045302619119, 'min_child_weight': 1, 'gamma': 0.7943301783676742, 'n_estimators': 59}. Best is trial 29 with value: 0.8590954071831888.
[2025-11-17T22:07:21.700+0000] {logging_mixin.py:154} WARNING - Best trial: 29. Best value: 0.859095:  62%|######2   | 31/50 [01:51<01:13,  3.84s/it]
[2025-11-17T22:07:21.701+0000] {logging_mixin.py:154} WARNING - Best trial: 29. Best value: 0.859095:  62%|######2   | 31/50 [01:51<01:13,  3.84s/it]
[2025-11-17T22:07:21.701+0000] {logging_mixin.py:154} WARNING - Best trial: 29. Best value: 0.859095:  64%|######4   | 32/50 [01:51<00:52,  2.93s/it]
[2025-11-17T22:07:22.425+0000] {logging_mixin.py:154} WARNING -                                                                                      
[2025-11-17T22:07:22.425+0000] {logging_mixin.py:154} WARNING - 
[2025-11-17T22:07:22.425+0000] {logging_mixin.py:154} INFO - [I 2025-11-17 22:07:22,425] Trial 32 finished with value: 0.8568477011827795 and parameters: {'max_depth': 14, 'learning_rate': 0.20230415501012156, 'subsample': 0.865923575497584, 'colsample_bytree': 0.8391136181806464, 'min_child_weight': 1, 'gamma': 0.8334644203486753, 'n_estimators': 52}. Best is trial 29 with value: 0.8590954071831888.
[2025-11-17T22:07:22.425+0000] {logging_mixin.py:154} WARNING - Best trial: 29. Best value: 0.859095:  64%|######4   | 32/50 [01:52<00:52,  2.93s/it]
[2025-11-17T22:07:22.426+0000] {logging_mixin.py:154} WARNING - Best trial: 29. Best value: 0.859095:  64%|######4   | 32/50 [01:52<00:52,  2.93s/it]
[2025-11-17T22:07:22.426+0000] {logging_mixin.py:154} WARNING - Best trial: 29. Best value: 0.859095:  66%|######6   | 33/50 [01:52<00:38,  2.27s/it]
[2025-11-17T22:07:23.309+0000] {logging_mixin.py:154} WARNING -                                                                                      
[2025-11-17T22:07:23.309+0000] {logging_mixin.py:154} WARNING - 
[2025-11-17T22:07:23.309+0000] {logging_mixin.py:154} INFO - [I 2025-11-17 22:07:23,309] Trial 33 finished with value: 0.8561253726495529 and parameters: {'max_depth': 15, 'learning_rate': 0.285279985824009, 'subsample': 0.8748051656120394, 'colsample_bytree': 0.7985855160383043, 'min_child_weight': 2, 'gamma': 1.1457735668872915, 'n_estimators': 53}. Best is trial 29 with value: 0.8590954071831888.
[2025-11-17T22:07:23.309+0000] {logging_mixin.py:154} WARNING - Best trial: 29. Best value: 0.859095:  66%|######6   | 33/50 [01:53<00:38,  2.27s/it]
[2025-11-17T22:07:23.310+0000] {logging_mixin.py:154} WARNING - Best trial: 29. Best value: 0.859095:  66%|######6   | 33/50 [01:53<00:38,  2.27s/it]
[2025-11-17T22:07:23.310+0000] {logging_mixin.py:154} WARNING - Best trial: 29. Best value: 0.859095:  68%|######8   | 34/50 [01:53<00:29,  1.85s/it]
[2025-11-17T22:07:24.072+0000] {local_task_job_runner.py:294} WARNING - State of this instance has been externally set to None. Terminating instance.
[2025-11-17T22:07:24.073+0000] {process_utils.py:131} INFO - Sending 15 to group 4200. PIDs of all processes in the group: [4200]
[2025-11-17T22:07:24.074+0000] {process_utils.py:86} INFO - Sending the signal 15 to group 4200
[2025-11-17T22:07:24.075+0000] {taskinstance.py:1632} ERROR - Received SIGTERM. Terminating subprocesses.
[2025-11-17T22:07:24.076+0000] {model_training.py:96} WARNING - Error al entrenar modelo: Task received SIGTERM signal
[2025-11-17T22:07:24.076+0000] {logging_mixin.py:154} WARNING -                                                                                      
[2025-11-17T22:07:24.077+0000] {logging_mixin.py:154} WARNING - 
[2025-11-17T22:07:24.077+0000] {logging_mixin.py:154} INFO - [I 2025-11-17 22:07:24,076] Trial 34 pruned. 
[2025-11-17T22:07:24.077+0000] {logging_mixin.py:154} WARNING - Best trial: 29. Best value: 0.859095:  68%|######8   | 34/50 [01:54<00:29,  1.85s/it]
[2025-11-17T22:07:24.078+0000] {logging_mixin.py:154} WARNING - Best trial: 29. Best value: 0.859095:  68%|######8   | 34/50 [01:54<00:29,  1.85s/it]
[2025-11-17T22:07:24.078+0000] {logging_mixin.py:154} WARNING - Best trial: 29. Best value: 0.859095:  70%|#######   | 35/50 [01:54<00:22,  1.53s/it]
[2025-11-17T22:07:25.142+0000] {logging_mixin.py:154} WARNING -                                                                                      
[2025-11-17T22:07:25.142+0000] {logging_mixin.py:154} WARNING - 
[2025-11-17T22:07:25.142+0000] {logging_mixin.py:154} INFO - [I 2025-11-17 22:07:25,142] Trial 35 finished with value: 0.8542705410356902 and parameters: {'max_depth': 13, 'learning_rate': 0.2307913559266204, 'subsample': 0.8867145515959478, 'colsample_bytree': 0.790295636656416, 'min_child_weight': 1, 'gamma': 1.5952376503517773, 'n_estimators': 156}. Best is trial 29 with value: 0.8590954071831888.
[2025-11-17T22:07:25.142+0000] {logging_mixin.py:154} WARNING - Best trial: 29. Best value: 0.859095:  70%|#######   | 35/50 [01:55<00:22,  1.53s/it]
[2025-11-17T22:07:25.143+0000] {logging_mixin.py:154} WARNING - Best trial: 29. Best value: 0.859095:  70%|#######   | 35/50 [01:55<00:22,  1.53s/it]
[2025-11-17T22:07:25.143+0000] {logging_mixin.py:154} WARNING - Best trial: 29. Best value: 0.859095:  72%|#######2  | 36/50 [01:55<00:19,  1.39s/it]
[2025-11-17T22:07:26.566+0000] {logging_mixin.py:154} WARNING -                                                                                      
[2025-11-17T22:07:26.566+0000] {logging_mixin.py:154} WARNING - 
[2025-11-17T22:07:26.566+0000] {logging_mixin.py:154} INFO - [I 2025-11-17 22:07:26,566] Trial 36 finished with value: 0.855771019345238 and parameters: {'max_depth': 15, 'learning_rate': 0.297397702629371, 'subsample': 0.8104744917345268, 'colsample_bytree': 0.7567578866733125, 'min_child_weight': 3, 'gamma': 1.215007896631833, 'n_estimators': 125}. Best is trial 29 with value: 0.8590954071831888.
[2025-11-17T22:07:26.566+0000] {logging_mixin.py:154} WARNING - Best trial: 29. Best value: 0.859095:  72%|#######2  | 36/50 [01:56<00:19,  1.39s/it]
[2025-11-17T22:07:26.567+0000] {logging_mixin.py:154} WARNING - Best trial: 29. Best value: 0.859095:  72%|#######2  | 36/50 [01:56<00:19,  1.39s/it]
[2025-11-17T22:07:26.567+0000] {logging_mixin.py:154} WARNING - Best trial: 29. Best value: 0.859095:  74%|#######4  | 37/50 [01:56<00:18,  1.40s/it]
[2025-11-17T22:07:29.703+0000] {logging_mixin.py:154} WARNING -                                                                                      
[2025-11-17T22:07:29.704+0000] {logging_mixin.py:154} WARNING - 
[2025-11-17T22:07:29.704+0000] {logging_mixin.py:154} INFO - [I 2025-11-17 22:07:29,703] Trial 37 finished with value: 0.8589317659085101 and parameters: {'max_depth': 14, 'learning_rate': 0.17139869110437309, 'subsample': 0.8620575320884823, 'colsample_bytree': 0.8573151457767663, 'min_child_weight': 1, 'gamma': 0.6859209612886334, 'n_estimators': 74}. Best is trial 29 with value: 0.8590954071831888.
[2025-11-17T22:07:29.704+0000] {logging_mixin.py:154} WARNING - Best trial: 29. Best value: 0.859095:  74%|#######4  | 37/50 [01:59<00:18,  1.40s/it]
[2025-11-17T22:07:29.704+0000] {logging_mixin.py:154} WARNING - Best trial: 29. Best value: 0.859095:  74%|#######4  | 37/50 [01:59<00:18,  1.40s/it]
[2025-11-17T22:07:29.704+0000] {logging_mixin.py:154} WARNING - Best trial: 29. Best value: 0.859095:  76%|#######6  | 38/50 [01:59<00:23,  1.92s/it]
[2025-11-17T22:07:31.277+0000] {logging_mixin.py:154} WARNING -                                                                                      
[2025-11-17T22:07:31.277+0000] {logging_mixin.py:154} WARNING - 
[2025-11-17T22:07:31.277+0000] {logging_mixin.py:154} INFO - [I 2025-11-17 22:07:31,276] Trial 38 finished with value: 0.8564064459202155 and parameters: {'max_depth': 14, 'learning_rate': 0.17506048804672916, 'subsample': 0.8428403672632834, 'colsample_bytree': 0.823289133365817, 'min_child_weight': 1, 'gamma': 1.0915743975744583, 'n_estimators': 69}. Best is trial 29 with value: 0.8590954071831888.
[2025-11-17T22:07:31.277+0000] {logging_mixin.py:154} WARNING - Best trial: 29. Best value: 0.859095:  76%|#######6  | 38/50 [02:01<00:23,  1.92s/it]
[2025-11-17T22:07:31.277+0000] {logging_mixin.py:154} WARNING - Best trial: 29. Best value: 0.859095:  76%|#######6  | 38/50 [02:01<00:23,  1.92s/it]
[2025-11-17T22:07:31.277+0000] {logging_mixin.py:154} WARNING - Best trial: 29. Best value: 0.859095:  78%|#######8  | 39/50 [02:01<00:19,  1.82s/it]
[2025-11-17T22:07:30.844+0000] {logging_mixin.py:154} WARNING -                                                                                      
[2025-11-17T22:07:30.844+0000] {logging_mixin.py:154} WARNING - 
[2025-11-17T22:07:30.844+0000] {logging_mixin.py:154} INFO - [I 2025-11-17 22:07:30,844] Trial 39 finished with value: 0.8560451295384901 and parameters: {'max_depth': 15, 'learning_rate': 0.2381309866288989, 'subsample': 0.7987938973801172, 'colsample_bytree': 0.8599355586712609, 'min_child_weight': 2, 'gamma': 1.4936551844299712, 'n_estimators': 97}. Best is trial 29 with value: 0.8590954071831888.
[2025-11-17T22:07:30.844+0000] {logging_mixin.py:154} WARNING - Best trial: 29. Best value: 0.859095:  78%|#######8  | 39/50 [02:01<00:19,  1.82s/it]
[2025-11-17T22:07:30.844+0000] {logging_mixin.py:154} WARNING - Best trial: 29. Best value: 0.859095:  78%|#######8  | 39/50 [02:01<00:19,  1.82s/it]
[2025-11-17T22:07:32.584+0000] {logging_mixin.py:154} WARNING -                                                                                      
[2025-11-17T22:07:32.584+0000] {logging_mixin.py:154} WARNING - 
