[2025-11-17T16:34:25.088+0000] {taskinstance.py:1159} INFO - Dependencies all met for dep_context=non-requeueable deps ti=<TaskInstance: sodai_drinks_production_pipeline.train_model scheduled__2025-11-09T00:00:00+00:00 [queued]>
[2025-11-17T16:34:25.094+0000] {taskinstance.py:1159} INFO - Dependencies all met for dep_context=requeueable deps ti=<TaskInstance: sodai_drinks_production_pipeline.train_model scheduled__2025-11-09T00:00:00+00:00 [queued]>
[2025-11-17T16:34:25.094+0000] {taskinstance.py:1361} INFO - Starting attempt 1 of 2
[2025-11-17T16:34:25.101+0000] {taskinstance.py:1382} INFO - Executing <Task(PythonOperator): train_model> on 2025-11-09 00:00:00+00:00
[2025-11-17T16:34:25.113+0000] {standard_task_runner.py:57} INFO - Started process 17473 to run task
[2025-11-17T16:34:25.117+0000] {standard_task_runner.py:84} INFO - Running: ['***', 'tasks', 'run', 'sodai_drinks_production_pipeline', 'train_model', 'scheduled__2025-11-09T00:00:00+00:00', '--job-id', '18', '--raw', '--subdir', 'DAGS_FOLDER/pipeline_productivo.py', '--cfg-path', '/tmp/tmprdr_reu0']
[2025-11-17T16:34:25.121+0000] {standard_task_runner.py:85} INFO - Job 18: Subtask train_model
[2025-11-17T16:34:25.159+0000] {task_command.py:416} INFO - Running <TaskInstance: sodai_drinks_production_pipeline.train_model scheduled__2025-11-09T00:00:00+00:00 [running]> on host d1f907c36040
[2025-11-17T16:34:25.209+0000] {taskinstance.py:1662} INFO - Exporting env vars: AIRFLOW_CTX_DAG_EMAIL='team@sodaidrinks.com' AIRFLOW_CTX_DAG_OWNER='sodai_drinks_team' AIRFLOW_CTX_DAG_ID='sodai_drinks_production_pipeline' AIRFLOW_CTX_TASK_ID='train_model' AIRFLOW_CTX_EXECUTION_DATE='2025-11-09T00:00:00+00:00' AIRFLOW_CTX_TRY_NUMBER='1' AIRFLOW_CTX_DAG_RUN_ID='scheduled__2025-11-09T00:00:00+00:00'
[2025-11-17T16:34:25.210+0000] {model_training.py:229} INFO - 🚀 Iniciando entrenamiento del modelo XGBoost...
[2025-11-17T16:34:25.247+0000] {model_training.py:244} INFO - 📊 Dataset cargado:
[2025-11-17T16:34:25.247+0000] {model_training.py:245} INFO -    - Features: 16
[2025-11-17T16:34:25.247+0000] {model_training.py:246} INFO -    - Registros: 3719
[2025-11-17T16:34:25.248+0000] {model_training.py:247} INFO -    - Distribución de clases - Clase 0: 0, Clase 1: 3719
[2025-11-17T16:34:25.253+0000] {model_training.py:257} INFO - 📂 Splits creados:
[2025-11-17T16:34:25.253+0000] {model_training.py:258} INFO -    - Train: 2231 muestras
[2025-11-17T16:34:25.253+0000] {model_training.py:259} INFO -    - Validation: 744 muestras
[2025-11-17T16:34:25.254+0000] {model_training.py:260} INFO -    - Test: 744 muestras
[2025-11-17T16:34:25.261+0000] {logging_mixin.py:154} WARNING - 2025/11/17 16:34:25 INFO mlflow.tracking.fluent: Experiment with name 'sodai_drinks_xgboost' does not exist. Creating a new experiment.
[2025-11-17T16:34:25.520+0000] {logging_mixin.py:154} WARNING - 2025/11/17 16:34:25 WARNING mlflow.utils.git_utils: Failed to import Git (the Git executable is probably not on your PATH), so Git SHA is not available. Error: Failed to initialize: Bad git executable.
The git executable must be specified in one of the following ways:
    - be included in your $PATH
    - be set via $GIT_PYTHON_GIT_EXECUTABLE
    - explicitly set via git.refresh(<full-path-to-git-executable>)

All git commands will error until this is rectified.

This initial message can be silenced or aggravated in the future by setting the
$GIT_PYTHON_REFRESH environment variable. Use one of the following values:
    - quiet|q|silence|s|silent|none|n|0: for no message or exception
    - warn|w|warning|log|l|1: for a warning message (logging level CRITICAL, displayed by default)
    - error|e|exception|raise|r|2: for a raised exception

Example:
    export GIT_PYTHON_REFRESH=quiet
[2025-11-17T16:34:25.528+0000] {model_training.py:64} INFO - 🔍 Iniciando optimización de hiperparámetros con 50 trials...
[2025-11-17T16:34:25.531+0000] {logging_mixin.py:154} WARNING -   0%|          | 0/50 [00:00<?, ?it/s]
[2025-11-17T16:34:25.541+0000] {model_training.py:96} WARNING - Error al entrenar modelo: Invalid classes inferred from unique values of `y`.  Expected: [0], got [1]
[2025-11-17T16:34:25.542+0000] {logging_mixin.py:154} WARNING -                                       
[2025-11-17T16:34:25.542+0000] {logging_mixin.py:154} WARNING - 
[2025-11-17T16:34:25.542+0000] {logging_mixin.py:154} INFO - [I 2025-11-17 16:34:25,541] Trial 0 pruned. 
[2025-11-17T16:34:25.542+0000] {logging_mixin.py:154} WARNING -   0%|          | 0/50 [00:00<?, ?it/s]
[2025-11-17T16:34:25.542+0000] {model_training.py:96} WARNING - Error al entrenar modelo: Invalid classes inferred from unique values of `y`.  Expected: [0], got [1]
[2025-11-17T16:34:25.543+0000] {logging_mixin.py:154} WARNING -                                       
[2025-11-17T16:34:25.543+0000] {logging_mixin.py:154} WARNING - 
[2025-11-17T16:34:25.543+0000] {logging_mixin.py:154} INFO - [I 2025-11-17 16:34:25,543] Trial 1 pruned. 
[2025-11-17T16:34:25.543+0000] {logging_mixin.py:154} WARNING -   2%|2         | 1/50 [00:00<00:00, 83.17it/s]
[2025-11-17T16:34:25.543+0000] {model_training.py:96} WARNING - Error al entrenar modelo: Invalid classes inferred from unique values of `y`.  Expected: [0], got [1]
[2025-11-17T16:34:25.544+0000] {logging_mixin.py:154} WARNING -                                               
[2025-11-17T16:34:25.544+0000] {logging_mixin.py:154} WARNING - 
[2025-11-17T16:34:25.544+0000] {logging_mixin.py:154} INFO - [I 2025-11-17 16:34:25,544] Trial 2 pruned. 
[2025-11-17T16:34:25.544+0000] {logging_mixin.py:154} WARNING -   4%|4         | 2/50 [00:00<00:00, 153.86it/s]
[2025-11-17T16:34:25.544+0000] {model_training.py:96} WARNING - Error al entrenar modelo: Invalid classes inferred from unique values of `y`.  Expected: [0], got [1]
[2025-11-17T16:34:25.545+0000] {logging_mixin.py:154} WARNING -                                                
[2025-11-17T16:34:25.545+0000] {logging_mixin.py:154} WARNING - 
[2025-11-17T16:34:25.545+0000] {logging_mixin.py:154} INFO - [I 2025-11-17 16:34:25,545] Trial 3 pruned. 
[2025-11-17T16:34:25.545+0000] {logging_mixin.py:154} WARNING -   6%|6         | 3/50 [00:00<00:00, 215.85it/s]
[2025-11-17T16:34:25.545+0000] {model_training.py:96} WARNING - Error al entrenar modelo: Invalid classes inferred from unique values of `y`.  Expected: [0], got [1]
[2025-11-17T16:34:25.546+0000] {logging_mixin.py:154} WARNING -                                                
[2025-11-17T16:34:25.546+0000] {logging_mixin.py:154} WARNING - 
[2025-11-17T16:34:25.546+0000] {logging_mixin.py:154} INFO - [I 2025-11-17 16:34:25,545] Trial 4 pruned. 
[2025-11-17T16:34:25.546+0000] {logging_mixin.py:154} WARNING -   8%|8         | 4/50 [00:00<00:00, 270.11it/s]
[2025-11-17T16:34:25.546+0000] {model_training.py:96} WARNING - Error al entrenar modelo: Invalid classes inferred from unique values of `y`.  Expected: [0], got [1]
[2025-11-17T16:34:25.546+0000] {logging_mixin.py:154} WARNING -                                                
[2025-11-17T16:34:25.547+0000] {logging_mixin.py:154} WARNING - 
[2025-11-17T16:34:25.547+0000] {logging_mixin.py:154} INFO - [I 2025-11-17 16:34:25,546] Trial 5 pruned. 
[2025-11-17T16:34:25.547+0000] {logging_mixin.py:154} WARNING -  10%|#         | 5/50 [00:00<00:00, 317.50it/s]
[2025-11-17T16:34:25.547+0000] {model_training.py:96} WARNING - Error al entrenar modelo: Invalid classes inferred from unique values of `y`.  Expected: [0], got [1]
[2025-11-17T16:34:25.547+0000] {logging_mixin.py:154} WARNING -                                                
[2025-11-17T16:34:25.548+0000] {logging_mixin.py:154} WARNING - 
[2025-11-17T16:34:25.548+0000] {logging_mixin.py:154} INFO - [I 2025-11-17 16:34:25,547] Trial 6 pruned. 
[2025-11-17T16:34:25.548+0000] {logging_mixin.py:154} WARNING -  12%|#2        | 6/50 [00:00<00:00, 358.31it/s]
[2025-11-17T16:34:25.548+0000] {model_training.py:96} WARNING - Error al entrenar modelo: Invalid classes inferred from unique values of `y`.  Expected: [0], got [1]
[2025-11-17T16:34:25.548+0000] {logging_mixin.py:154} WARNING -                                                
[2025-11-17T16:34:25.548+0000] {logging_mixin.py:154} WARNING - 
[2025-11-17T16:34:25.549+0000] {logging_mixin.py:154} INFO - [I 2025-11-17 16:34:25,548] Trial 7 pruned. 
[2025-11-17T16:34:25.549+0000] {logging_mixin.py:154} WARNING -  14%|#4        | 7/50 [00:00<00:00, 394.74it/s]
[2025-11-17T16:34:25.549+0000] {model_training.py:96} WARNING - Error al entrenar modelo: Invalid classes inferred from unique values of `y`.  Expected: [0], got [1]
[2025-11-17T16:34:25.549+0000] {logging_mixin.py:154} WARNING -                                                
[2025-11-17T16:34:25.549+0000] {logging_mixin.py:154} WARNING - 
[2025-11-17T16:34:25.549+0000] {logging_mixin.py:154} INFO - [I 2025-11-17 16:34:25,549] Trial 8 pruned. 
[2025-11-17T16:34:25.550+0000] {logging_mixin.py:154} WARNING -  16%|#6        | 8/50 [00:00<00:00, 428.98it/s]
[2025-11-17T16:34:25.550+0000] {model_training.py:96} WARNING - Error al entrenar modelo: Invalid classes inferred from unique values of `y`.  Expected: [0], got [1]
[2025-11-17T16:34:25.550+0000] {logging_mixin.py:154} WARNING -                                                
[2025-11-17T16:34:25.550+0000] {logging_mixin.py:154} WARNING - 
[2025-11-17T16:34:25.550+0000] {logging_mixin.py:154} INFO - [I 2025-11-17 16:34:25,550] Trial 9 pruned. 
[2025-11-17T16:34:25.550+0000] {logging_mixin.py:154} WARNING -  18%|#8        | 9/50 [00:00<00:00, 459.83it/s]
[2025-11-17T16:34:25.566+0000] {model_training.py:96} WARNING - Error al entrenar modelo: Invalid classes inferred from unique values of `y`.  Expected: [0], got [1]
[2025-11-17T16:34:25.566+0000] {logging_mixin.py:154} WARNING -                                                
[2025-11-17T16:34:25.566+0000] {logging_mixin.py:154} WARNING - 
[2025-11-17T16:34:25.566+0000] {logging_mixin.py:154} INFO - [I 2025-11-17 16:34:25,566] Trial 10 pruned. 
[2025-11-17T16:34:25.567+0000] {logging_mixin.py:154} WARNING -  20%|##        | 10/50 [00:00<00:00, 280.63it/s]
[2025-11-17T16:34:25.581+0000] {model_training.py:96} WARNING - Error al entrenar modelo: Invalid classes inferred from unique values of `y`.  Expected: [0], got [1]
[2025-11-17T16:34:25.581+0000] {logging_mixin.py:154} WARNING -                                                 
[2025-11-17T16:34:25.581+0000] {logging_mixin.py:154} WARNING - 
[2025-11-17T16:34:25.581+0000] {logging_mixin.py:154} INFO - [I 2025-11-17 16:34:25,581] Trial 11 pruned. 
[2025-11-17T16:34:25.581+0000] {logging_mixin.py:154} WARNING -  22%|##2       | 11/50 [00:00<00:00, 219.83it/s]
[2025-11-17T16:34:25.596+0000] {model_training.py:96} WARNING - Error al entrenar modelo: Invalid classes inferred from unique values of `y`.  Expected: [0], got [1]
[2025-11-17T16:34:25.596+0000] {logging_mixin.py:154} WARNING -                                                 
[2025-11-17T16:34:25.596+0000] {logging_mixin.py:154} WARNING - 
[2025-11-17T16:34:25.596+0000] {logging_mixin.py:154} INFO - [I 2025-11-17 16:34:25,596] Trial 12 pruned. 
[2025-11-17T16:34:25.596+0000] {logging_mixin.py:154} WARNING -  24%|##4       | 12/50 [00:00<00:00, 184.11it/s]
[2025-11-17T16:34:25.611+0000] {model_training.py:96} WARNING - Error al entrenar modelo: Invalid classes inferred from unique values of `y`.  Expected: [0], got [1]
[2025-11-17T16:34:25.611+0000] {logging_mixin.py:154} WARNING -                                                 
[2025-11-17T16:34:25.611+0000] {logging_mixin.py:154} WARNING - 
[2025-11-17T16:34:25.611+0000] {logging_mixin.py:154} INFO - [I 2025-11-17 16:34:25,611] Trial 13 pruned. 
[2025-11-17T16:34:25.612+0000] {logging_mixin.py:154} WARNING -  26%|##6       | 13/50 [00:00<00:00, 161.29it/s]
[2025-11-17T16:34:25.628+0000] {model_training.py:96} WARNING - Error al entrenar modelo: Invalid classes inferred from unique values of `y`.  Expected: [0], got [1]
[2025-11-17T16:34:25.629+0000] {logging_mixin.py:154} WARNING -                                                 
[2025-11-17T16:34:25.629+0000] {logging_mixin.py:154} WARNING - 
[2025-11-17T16:34:25.629+0000] {logging_mixin.py:154} INFO - [I 2025-11-17 16:34:25,629] Trial 14 pruned. 
[2025-11-17T16:34:25.629+0000] {logging_mixin.py:154} WARNING -  28%|##8       | 14/50 [00:00<00:00, 142.69it/s]
[2025-11-17T16:34:25.645+0000] {model_training.py:96} WARNING - Error al entrenar modelo: Invalid classes inferred from unique values of `y`.  Expected: [0], got [1]
[2025-11-17T16:34:25.645+0000] {logging_mixin.py:154} WARNING -                                                 
[2025-11-17T16:34:25.645+0000] {logging_mixin.py:154} WARNING - 
[2025-11-17T16:34:25.646+0000] {logging_mixin.py:154} INFO - [I 2025-11-17 16:34:25,645] Trial 15 pruned. 
[2025-11-17T16:34:25.646+0000] {logging_mixin.py:154} WARNING -  30%|###       | 15/50 [00:00<00:00, 130.78it/s]
[2025-11-17T16:34:25.646+0000] {logging_mixin.py:154} WARNING -  32%|###2      | 16/50 [00:00<00:00, 139.36it/s]
[2025-11-17T16:34:25.660+0000] {model_training.py:96} WARNING - Error al entrenar modelo: Invalid classes inferred from unique values of `y`.  Expected: [0], got [1]
[2025-11-17T16:34:25.660+0000] {logging_mixin.py:154} WARNING -                                                 
[2025-11-17T16:34:25.661+0000] {logging_mixin.py:154} WARNING - 
[2025-11-17T16:34:25.661+0000] {logging_mixin.py:154} INFO - [I 2025-11-17 16:34:25,660] Trial 16 pruned. 
[2025-11-17T16:34:25.661+0000] {logging_mixin.py:154} WARNING -  32%|###2      | 16/50 [00:00<00:00, 139.36it/s]
[2025-11-17T16:34:25.675+0000] {model_training.py:96} WARNING - Error al entrenar modelo: Invalid classes inferred from unique values of `y`.  Expected: [0], got [1]
[2025-11-17T16:34:25.676+0000] {logging_mixin.py:154} WARNING -                                                 
[2025-11-17T16:34:25.676+0000] {logging_mixin.py:154} WARNING - 
[2025-11-17T16:34:25.676+0000] {logging_mixin.py:154} INFO - [I 2025-11-17 16:34:25,676] Trial 17 pruned. 
[2025-11-17T16:34:25.676+0000] {logging_mixin.py:154} WARNING -  34%|###4      | 17/50 [00:00<00:00, 139.36it/s]
[2025-11-17T16:34:25.692+0000] {model_training.py:96} WARNING - Error al entrenar modelo: Invalid classes inferred from unique values of `y`.  Expected: [0], got [1]
[2025-11-17T16:34:25.692+0000] {logging_mixin.py:154} WARNING -                                                 
[2025-11-17T16:34:25.692+0000] {logging_mixin.py:154} WARNING - 
[2025-11-17T16:34:25.692+0000] {logging_mixin.py:154} INFO - [I 2025-11-17 16:34:25,692] Trial 18 pruned. 
[2025-11-17T16:34:25.693+0000] {logging_mixin.py:154} WARNING -  36%|###6      | 18/50 [00:00<00:00, 139.36it/s]
[2025-11-17T16:34:25.708+0000] {model_training.py:96} WARNING - Error al entrenar modelo: Invalid classes inferred from unique values of `y`.  Expected: [0], got [1]
[2025-11-17T16:34:25.708+0000] {logging_mixin.py:154} WARNING -                                                 
[2025-11-17T16:34:25.708+0000] {logging_mixin.py:154} WARNING - 
[2025-11-17T16:34:25.708+0000] {logging_mixin.py:154} INFO - [I 2025-11-17 16:34:25,708] Trial 19 pruned. 
[2025-11-17T16:34:25.708+0000] {logging_mixin.py:154} WARNING -  38%|###8      | 19/50 [00:00<00:00, 139.36it/s]
[2025-11-17T16:34:25.723+0000] {model_training.py:96} WARNING - Error al entrenar modelo: Invalid classes inferred from unique values of `y`.  Expected: [0], got [1]
[2025-11-17T16:34:25.724+0000] {logging_mixin.py:154} WARNING -                                                 
[2025-11-17T16:34:25.724+0000] {logging_mixin.py:154} WARNING - 
[2025-11-17T16:34:25.724+0000] {logging_mixin.py:154} INFO - [I 2025-11-17 16:34:25,724] Trial 20 pruned. 
[2025-11-17T16:34:25.724+0000] {logging_mixin.py:154} WARNING -  40%|####      | 20/50 [00:00<00:00, 139.36it/s]
[2025-11-17T16:34:25.739+0000] {model_training.py:96} WARNING - Error al entrenar modelo: Invalid classes inferred from unique values of `y`.  Expected: [0], got [1]
[2025-11-17T16:34:25.739+0000] {logging_mixin.py:154} WARNING -                                                 
[2025-11-17T16:34:25.739+0000] {logging_mixin.py:154} WARNING - 
[2025-11-17T16:34:25.740+0000] {logging_mixin.py:154} INFO - [I 2025-11-17 16:34:25,739] Trial 21 pruned. 
[2025-11-17T16:34:25.740+0000] {logging_mixin.py:154} WARNING -  42%|####2     | 21/50 [00:00<00:00, 139.36it/s]
[2025-11-17T16:34:25.755+0000] {model_training.py:96} WARNING - Error al entrenar modelo: Invalid classes inferred from unique values of `y`.  Expected: [0], got [1]
[2025-11-17T16:34:25.755+0000] {logging_mixin.py:154} WARNING -                                                 
[2025-11-17T16:34:25.755+0000] {logging_mixin.py:154} WARNING - 
[2025-11-17T16:34:25.755+0000] {logging_mixin.py:154} INFO - [I 2025-11-17 16:34:25,755] Trial 22 pruned. 
[2025-11-17T16:34:25.755+0000] {logging_mixin.py:154} WARNING -  44%|####4     | 22/50 [00:00<00:00, 139.36it/s]
[2025-11-17T16:34:25.771+0000] {model_training.py:96} WARNING - Error al entrenar modelo: Invalid classes inferred from unique values of `y`.  Expected: [0], got [1]
[2025-11-17T16:34:25.771+0000] {logging_mixin.py:154} WARNING -                                                 
[2025-11-17T16:34:25.771+0000] {logging_mixin.py:154} WARNING - 
[2025-11-17T16:34:25.771+0000] {logging_mixin.py:154} INFO - [I 2025-11-17 16:34:25,771] Trial 23 pruned. 
[2025-11-17T16:34:25.771+0000] {logging_mixin.py:154} WARNING -  46%|####6     | 23/50 [00:00<00:00, 139.36it/s]
[2025-11-17T16:34:25.787+0000] {model_training.py:96} WARNING - Error al entrenar modelo: Invalid classes inferred from unique values of `y`.  Expected: [0], got [1]
[2025-11-17T16:34:25.787+0000] {logging_mixin.py:154} WARNING -                                                 
[2025-11-17T16:34:25.787+0000] {logging_mixin.py:154} WARNING - 
[2025-11-17T16:34:25.787+0000] {logging_mixin.py:154} INFO - [I 2025-11-17 16:34:25,787] Trial 24 pruned. 
[2025-11-17T16:34:25.787+0000] {logging_mixin.py:154} WARNING -  48%|####8     | 24/50 [00:00<00:00, 139.36it/s]
[2025-11-17T16:34:25.803+0000] {model_training.py:96} WARNING - Error al entrenar modelo: Invalid classes inferred from unique values of `y`.  Expected: [0], got [1]
[2025-11-17T16:34:25.803+0000] {logging_mixin.py:154} WARNING -                                                 
[2025-11-17T16:34:25.803+0000] {logging_mixin.py:154} WARNING - 
[2025-11-17T16:34:25.803+0000] {logging_mixin.py:154} INFO - [I 2025-11-17 16:34:25,803] Trial 25 pruned. 
[2025-11-17T16:34:25.803+0000] {logging_mixin.py:154} WARNING -  50%|#####     | 25/50 [00:00<00:00, 139.36it/s]
[2025-11-17T16:34:25.819+0000] {model_training.py:96} WARNING - Error al entrenar modelo: Invalid classes inferred from unique values of `y`.  Expected: [0], got [1]
[2025-11-17T16:34:25.820+0000] {logging_mixin.py:154} WARNING -                                                 
[2025-11-17T16:34:25.820+0000] {logging_mixin.py:154} WARNING - 
[2025-11-17T16:34:25.820+0000] {logging_mixin.py:154} INFO - [I 2025-11-17 16:34:25,819] Trial 26 pruned. 
[2025-11-17T16:34:25.820+0000] {logging_mixin.py:154} WARNING -  52%|#####2    | 26/50 [00:00<00:00, 139.36it/s]
[2025-11-17T16:34:25.837+0000] {model_training.py:96} WARNING - Error al entrenar modelo: Invalid classes inferred from unique values of `y`.  Expected: [0], got [1]
[2025-11-17T16:34:25.837+0000] {logging_mixin.py:154} WARNING -                                                 
[2025-11-17T16:34:25.837+0000] {logging_mixin.py:154} WARNING - 
[2025-11-17T16:34:25.837+0000] {logging_mixin.py:154} INFO - [I 2025-11-17 16:34:25,837] Trial 27 pruned. 
[2025-11-17T16:34:25.837+0000] {logging_mixin.py:154} WARNING -  54%|#####4    | 27/50 [00:00<00:00, 139.36it/s]
[2025-11-17T16:34:25.853+0000] {model_training.py:96} WARNING - Error al entrenar modelo: Invalid classes inferred from unique values of `y`.  Expected: [0], got [1]
[2025-11-17T16:34:25.853+0000] {logging_mixin.py:154} WARNING -                                                 
[2025-11-17T16:34:25.854+0000] {logging_mixin.py:154} WARNING - 
[2025-11-17T16:34:25.854+0000] {logging_mixin.py:154} INFO - [I 2025-11-17 16:34:25,853] Trial 28 pruned. 
[2025-11-17T16:34:25.854+0000] {logging_mixin.py:154} WARNING -  56%|#####6    | 28/50 [00:00<00:00, 139.36it/s]
[2025-11-17T16:34:25.870+0000] {model_training.py:96} WARNING - Error al entrenar modelo: Invalid classes inferred from unique values of `y`.  Expected: [0], got [1]
[2025-11-17T16:34:25.870+0000] {logging_mixin.py:154} WARNING -                                                 
[2025-11-17T16:34:25.870+0000] {logging_mixin.py:154} WARNING - 
[2025-11-17T16:34:25.870+0000] {logging_mixin.py:154} INFO - [I 2025-11-17 16:34:25,870] Trial 29 pruned. 
[2025-11-17T16:34:25.870+0000] {logging_mixin.py:154} WARNING -  58%|#####8    | 29/50 [00:00<00:00, 139.36it/s]
[2025-11-17T16:34:25.871+0000] {logging_mixin.py:154} WARNING -  60%|######    | 30/50 [00:00<00:00, 82.56it/s] 
[2025-11-17T16:34:25.887+0000] {model_training.py:96} WARNING - Error al entrenar modelo: Invalid classes inferred from unique values of `y`.  Expected: [0], got [1]
[2025-11-17T16:34:25.888+0000] {logging_mixin.py:154} WARNING -                                                
[2025-11-17T16:34:25.888+0000] {logging_mixin.py:154} WARNING - 
