[2025-11-17T16:52:04.465+0000] {logging_mixin.py:154} INFO - [I 2025-11-17 16:52:04,465] Trial 48 finished with value: 1.0 and parameters: {'max_depth': 4, 'learning_rate': 0.022359260965063632, 'subsample': 0.7808089645355373, 'colsample_bytree': 0.7480750356947958, 'min_child_weight': 6, 'gamma': 2.1527009708516665, 'n_estimators': 499}. Best is trial 0 with value: 1.0.
[2025-11-17T16:52:04.465+0000] {logging_mixin.py:154} WARNING - Best trial: 0. Best value: 1:  96%|#########6| 48/50 [00:14<00:00,  3.47it/s]
[2025-11-17T16:52:04.466+0000] {logging_mixin.py:154} WARNING - Best trial: 0. Best value: 1:  96%|#########6| 48/50 [00:14<00:00,  3.47it/s]
[2025-11-17T16:52:04.466+0000] {logging_mixin.py:154} WARNING - Best trial: 0. Best value: 1:  98%|#########8| 49/50 [00:14<00:00,  3.61it/s]
[2025-11-17T16:52:04.603+0000] {logging_mixin.py:154} WARNING -                                                                              
[2025-11-17T16:52:04.603+0000] {logging_mixin.py:154} WARNING - 
[2025-11-17T16:52:04.603+0000] {logging_mixin.py:154} INFO - [I 2025-11-17 16:52:04,603] Trial 49 finished with value: 1.0 and parameters: {'max_depth': 15, 'learning_rate': 0.24674342709131625, 'subsample': 0.9513115572932672, 'colsample_bytree': 0.523014757508963, 'min_child_weight': 10, 'gamma': 1.8279628997052506, 'n_estimators': 203}. Best is trial 0 with value: 1.0.
[2025-11-17T16:52:04.604+0000] {logging_mixin.py:154} WARNING - Best trial: 0. Best value: 1:  98%|#########8| 49/50 [00:14<00:00,  3.61it/s]
[2025-11-17T16:52:04.604+0000] {logging_mixin.py:154} WARNING - Best trial: 0. Best value: 1:  98%|#########8| 49/50 [00:14<00:00,  3.61it/s]
[2025-11-17T16:52:04.604+0000] {logging_mixin.py:154} WARNING - Best trial: 0. Best value: 1: 100%|##########| 50/50 [00:14<00:00,  4.17it/s]
[2025-11-17T16:52:04.604+0000] {logging_mixin.py:154} WARNING - Best trial: 0. Best value: 1: 100%|##########| 50/50 [00:14<00:00,  3.48it/s]
[2025-11-17T16:52:04.604+0000] {model_training.py:111} INFO - ✅ Mejor F1-Score (validación): 1.0000
[2025-11-17T16:52:04.604+0000] {model_training.py:112} INFO - 📊 Mejores hiperparámetros encontrados:
[2025-11-17T16:52:04.605+0000] {model_training.py:114} INFO -    - max_depth: 7
[2025-11-17T16:52:04.605+0000] {model_training.py:114} INFO -    - learning_rate: 0.2536999076681772
[2025-11-17T16:52:04.605+0000] {model_training.py:114} INFO -    - subsample: 0.8659969709057025
[2025-11-17T16:52:04.605+0000] {model_training.py:114} INFO -    - colsample_bytree: 0.7993292420985183
[2025-11-17T16:52:04.605+0000] {model_training.py:114} INFO -    - min_child_weight: 2
[2025-11-17T16:52:04.605+0000] {model_training.py:114} INFO -    - gamma: 0.7799726016810132
[2025-11-17T16:52:04.605+0000] {model_training.py:114} INFO -    - n_estimators: 76
[2025-11-17T16:52:04.605+0000] {model_training.py:274} INFO - 🎯 Entrenando modelo final con mejores hiperparámetros...
[2025-11-17T16:52:04.616+0000] {logging_mixin.py:154} INFO - [0]	validation_0-logloss:0.47169	validation_1-logloss:0.47169	validation_2-logloss:0.47169
[2025-11-17T16:52:04.617+0000] {logging_mixin.py:154} INFO - [1]	validation_0-logloss:0.33768	validation_1-logloss:0.33768	validation_2-logloss:0.33768
[2025-11-17T16:52:04.618+0000] {logging_mixin.py:154} INFO - [2]	validation_0-logloss:0.24822	validation_1-logloss:0.24822	validation_2-logloss:0.24822
[2025-11-17T16:52:04.619+0000] {logging_mixin.py:154} INFO - [3]	validation_0-logloss:0.18542	validation_1-logloss:0.18542	validation_2-logloss:0.18542
[2025-11-17T16:52:04.619+0000] {logging_mixin.py:154} INFO - [4]	validation_0-logloss:0.14001	validation_1-logloss:0.14001	validation_2-logloss:0.14001
[2025-11-17T16:52:04.620+0000] {logging_mixin.py:154} INFO - [5]	validation_0-logloss:0.10652	validation_1-logloss:0.10652	validation_2-logloss:0.10652
[2025-11-17T16:52:04.621+0000] {logging_mixin.py:154} INFO - [6]	validation_0-logloss:0.08148	validation_1-logloss:0.08148	validation_2-logloss:0.08148
[2025-11-17T16:52:04.622+0000] {logging_mixin.py:154} INFO - [7]	validation_0-logloss:0.06259	validation_1-logloss:0.06259	validation_2-logloss:0.06259
[2025-11-17T16:52:04.627+0000] {logging_mixin.py:154} INFO - [8]	validation_0-logloss:0.05892	validation_1-logloss:0.05888	validation_2-logloss:0.05916
[2025-11-17T16:52:04.631+0000] {logging_mixin.py:154} INFO - [9]	validation_0-logloss:0.05617	validation_1-logloss:0.05604	validation_2-logloss:0.05660
[2025-11-17T16:52:04.632+0000] {logging_mixin.py:154} INFO - [10]	validation_0-logloss:0.04333	validation_1-logloss:0.04323	validation_2-logloss:0.04367
[2025-11-17T16:52:04.633+0000] {logging_mixin.py:154} INFO - [11]	validation_0-logloss:0.03352	validation_1-logloss:0.03344	validation_2-logloss:0.03377
[2025-11-17T16:52:04.634+0000] {logging_mixin.py:154} INFO - [12]	validation_0-logloss:0.02598	validation_1-logloss:0.02592	validation_2-logloss:0.02618
[2025-11-17T16:52:04.635+0000] {logging_mixin.py:154} INFO - [13]	validation_0-logloss:0.02019	validation_1-logloss:0.02014	validation_2-logloss:0.02034
[2025-11-17T16:52:04.636+0000] {logging_mixin.py:154} INFO - [14]	validation_0-logloss:0.01572	validation_1-logloss:0.01568	validation_2-logloss:0.01584
[2025-11-17T16:52:04.637+0000] {logging_mixin.py:154} INFO - [15]	validation_0-logloss:0.01553	validation_1-logloss:0.01547	validation_2-logloss:0.01567
[2025-11-17T16:52:04.638+0000] {logging_mixin.py:154} INFO - [16]	validation_0-logloss:0.01212	validation_1-logloss:0.01208	validation_2-logloss:0.01223
[2025-11-17T16:52:04.639+0000] {logging_mixin.py:154} INFO - [17]	validation_0-logloss:0.00949	validation_1-logloss:0.00946	validation_2-logloss:0.00958
[2025-11-17T16:52:04.640+0000] {logging_mixin.py:154} INFO - [18]	validation_0-logloss:0.00745	validation_1-logloss:0.00743	validation_2-logloss:0.00752
[2025-11-17T16:52:04.641+0000] {logging_mixin.py:154} INFO - [19]	validation_0-logloss:0.00587	validation_1-logloss:0.00585	validation_2-logloss:0.00593
[2025-11-17T16:52:04.642+0000] {logging_mixin.py:154} INFO - [20]	validation_0-logloss:0.00575	validation_1-logloss:0.00574	validation_2-logloss:0.00580
[2025-11-17T16:52:04.643+0000] {logging_mixin.py:154} INFO - [21]	validation_0-logloss:0.00575	validation_1-logloss:0.00574	validation_2-logloss:0.00580
[2025-11-17T16:52:04.644+0000] {logging_mixin.py:154} INFO - [22]	validation_0-logloss:0.00575	validation_1-logloss:0.00574	validation_2-logloss:0.00580
[2025-11-17T16:52:04.645+0000] {logging_mixin.py:154} INFO - [23]	validation_0-logloss:0.00575	validation_1-logloss:0.00574	validation_2-logloss:0.00580
[2025-11-17T16:52:04.646+0000] {logging_mixin.py:154} INFO - [24]	validation_0-logloss:0.00575	validation_1-logloss:0.00574	validation_2-logloss:0.00580
[2025-11-17T16:52:04.647+0000] {logging_mixin.py:154} INFO - [25]	validation_0-logloss:0.00455	validation_1-logloss:0.00454	validation_2-logloss:0.00460
[2025-11-17T16:52:04.648+0000] {logging_mixin.py:154} INFO - [26]	validation_0-logloss:0.00362	validation_1-logloss:0.00362	validation_2-logloss:0.00366
[2025-11-17T16:52:04.649+0000] {logging_mixin.py:154} INFO - [27]	validation_0-logloss:0.00362	validation_1-logloss:0.00362	validation_2-logloss:0.00366
[2025-11-17T16:52:04.651+0000] {logging_mixin.py:154} INFO - [28]	validation_0-logloss:0.00290	validation_1-logloss:0.00290	validation_2-logloss:0.00293
[2025-11-17T16:52:04.652+0000] {logging_mixin.py:154} INFO - [29]	validation_0-logloss:0.00234	validation_1-logloss:0.00234	validation_2-logloss:0.00236
[2025-11-17T16:52:04.653+0000] {logging_mixin.py:154} INFO - [30]	validation_0-logloss:0.00234	validation_1-logloss:0.00234	validation_2-logloss:0.00236
[2025-11-17T16:52:04.654+0000] {logging_mixin.py:154} INFO - [31]	validation_0-logloss:0.00190	validation_1-logloss:0.00190	validation_2-logloss:0.00192
[2025-11-17T16:52:04.655+0000] {logging_mixin.py:154} INFO - [32]	validation_0-logloss:0.00156	validation_1-logloss:0.00155	validation_2-logloss:0.00157
[2025-11-17T16:52:04.656+0000] {logging_mixin.py:154} INFO - [33]	validation_0-logloss:0.00129	validation_1-logloss:0.00128	validation_2-logloss:0.00130
[2025-11-17T16:52:04.657+0000] {logging_mixin.py:154} INFO - [34]	validation_0-logloss:0.00129	validation_1-logloss:0.00128	validation_2-logloss:0.00130
[2025-11-17T16:52:04.658+0000] {logging_mixin.py:154} INFO - [35]	validation_0-logloss:0.00107	validation_1-logloss:0.00107	validation_2-logloss:0.00108
[2025-11-17T16:52:04.659+0000] {logging_mixin.py:154} INFO - [36]	validation_0-logloss:0.00090	validation_1-logloss:0.00090	validation_2-logloss:0.00091
[2025-11-17T16:52:04.660+0000] {logging_mixin.py:154} INFO - [37]	validation_0-logloss:0.00090	validation_1-logloss:0.00090	validation_2-logloss:0.00091
[2025-11-17T16:52:04.661+0000] {logging_mixin.py:154} INFO - [38]	validation_0-logloss:0.00090	validation_1-logloss:0.00090	validation_2-logloss:0.00091
[2025-11-17T16:52:04.661+0000] {logging_mixin.py:154} INFO - [39]	validation_0-logloss:0.00090	validation_1-logloss:0.00090	validation_2-logloss:0.00091
[2025-11-17T16:52:04.663+0000] {logging_mixin.py:154} INFO - [40]	validation_0-logloss:0.00090	validation_1-logloss:0.00090	validation_2-logloss:0.00091
[2025-11-17T16:52:04.665+0000] {logging_mixin.py:154} INFO - [41]	validation_0-logloss:0.00090	validation_1-logloss:0.00090	validation_2-logloss:0.00091
[2025-11-17T16:52:04.666+0000] {logging_mixin.py:154} INFO - [42]	validation_0-logloss:0.00090	validation_1-logloss:0.00090	validation_2-logloss:0.00091
[2025-11-17T16:52:04.667+0000] {logging_mixin.py:154} INFO - [43]	validation_0-logloss:0.00090	validation_1-logloss:0.00090	validation_2-logloss:0.00091
[2025-11-17T16:52:04.668+0000] {logging_mixin.py:154} INFO - [44]	validation_0-logloss:0.00090	validation_1-logloss:0.00090	validation_2-logloss:0.00091
[2025-11-17T16:52:04.668+0000] {logging_mixin.py:154} INFO - [45]	validation_0-logloss:0.00090	validation_1-logloss:0.00090	validation_2-logloss:0.00091
[2025-11-17T16:52:04.669+0000] {logging_mixin.py:154} INFO - [46]	validation_0-logloss:0.00090	validation_1-logloss:0.00090	validation_2-logloss:0.00091
[2025-11-17T16:52:04.670+0000] {logging_mixin.py:154} INFO - [47]	validation_0-logloss:0.00090	validation_1-logloss:0.00090	validation_2-logloss:0.00091
[2025-11-17T16:52:04.671+0000] {logging_mixin.py:154} INFO - [48]	validation_0-logloss:0.00090	validation_1-logloss:0.00090	validation_2-logloss:0.00091
[2025-11-17T16:52:04.672+0000] {logging_mixin.py:154} INFO - [49]	validation_0-logloss:0.00090	validation_1-logloss:0.00090	validation_2-logloss:0.00091
[2025-11-17T16:52:04.672+0000] {logging_mixin.py:154} INFO - [50]	validation_0-logloss:0.00090	validation_1-logloss:0.00090	validation_2-logloss:0.00091
[2025-11-17T16:52:04.673+0000] {logging_mixin.py:154} INFO - [51]	validation_0-logloss:0.00090	validation_1-logloss:0.00090	validation_2-logloss:0.00091
[2025-11-17T16:52:04.674+0000] {logging_mixin.py:154} INFO - [52]	validation_0-logloss:0.00090	validation_1-logloss:0.00090	validation_2-logloss:0.00091
[2025-11-17T16:52:04.675+0000] {logging_mixin.py:154} INFO - [53]	validation_0-logloss:0.00090	validation_1-logloss:0.00090	validation_2-logloss:0.00091
[2025-11-17T16:52:04.676+0000] {logging_mixin.py:154} INFO - [54]	validation_0-logloss:0.00090	validation_1-logloss:0.00090	validation_2-logloss:0.00091
[2025-11-17T16:52:04.677+0000] {logging_mixin.py:154} INFO - [55]	validation_0-logloss:0.00090	validation_1-logloss:0.00090	validation_2-logloss:0.00091
[2025-11-17T16:52:04.678+0000] {logging_mixin.py:154} INFO - [56]	validation_0-logloss:0.00090	validation_1-logloss:0.00090	validation_2-logloss:0.00091
[2025-11-17T16:52:04.679+0000] {logging_mixin.py:154} INFO - [57]	validation_0-logloss:0.00090	validation_1-logloss:0.00090	validation_2-logloss:0.00091
[2025-11-17T16:52:04.680+0000] {logging_mixin.py:154} INFO - [58]	validation_0-logloss:0.00090	validation_1-logloss:0.00090	validation_2-logloss:0.00091
[2025-11-17T16:52:04.681+0000] {logging_mixin.py:154} INFO - [59]	validation_0-logloss:0.00090	validation_1-logloss:0.00090	validation_2-logloss:0.00091
[2025-11-17T16:52:04.681+0000] {logging_mixin.py:154} INFO - [60]	validation_0-logloss:0.00090	validation_1-logloss:0.00090	validation_2-logloss:0.00091
[2025-11-17T16:52:04.683+0000] {logging_mixin.py:154} INFO - [61]	validation_0-logloss:0.00090	validation_1-logloss:0.00090	validation_2-logloss:0.00091
[2025-11-17T16:52:04.684+0000] {logging_mixin.py:154} INFO - [62]	validation_0-logloss:0.00090	validation_1-logloss:0.00090	validation_2-logloss:0.00091
[2025-11-17T16:52:04.685+0000] {logging_mixin.py:154} INFO - [63]	validation_0-logloss:0.00090	validation_1-logloss:0.00090	validation_2-logloss:0.00091
[2025-11-17T16:52:04.686+0000] {logging_mixin.py:154} INFO - [64]	validation_0-logloss:0.00090	validation_1-logloss:0.00090	validation_2-logloss:0.00091
[2025-11-17T16:52:04.687+0000] {logging_mixin.py:154} INFO - [65]	validation_0-logloss:0.00090	validation_1-logloss:0.00090	validation_2-logloss:0.00091
[2025-11-17T16:52:04.687+0000] {logging_mixin.py:154} INFO - [66]	validation_0-logloss:0.00090	validation_1-logloss:0.00090	validation_2-logloss:0.00091
[2025-11-17T16:52:04.688+0000] {logging_mixin.py:154} INFO - [67]	validation_0-logloss:0.00090	validation_1-logloss:0.00090	validation_2-logloss:0.00091
[2025-11-17T16:52:04.690+0000] {logging_mixin.py:154} INFO - [68]	validation_0-logloss:0.00090	validation_1-logloss:0.00090	validation_2-logloss:0.00091
[2025-11-17T16:52:04.692+0000] {logging_mixin.py:154} INFO - [69]	validation_0-logloss:0.00090	validation_1-logloss:0.00090	validation_2-logloss:0.00091
[2025-11-17T16:52:04.693+0000] {logging_mixin.py:154} INFO - [70]	validation_0-logloss:0.00090	validation_1-logloss:0.00090	validation_2-logloss:0.00091
[2025-11-17T16:52:04.695+0000] {logging_mixin.py:154} INFO - [71]	validation_0-logloss:0.00090	validation_1-logloss:0.00090	validation_2-logloss:0.00091
[2025-11-17T16:52:04.697+0000] {logging_mixin.py:154} INFO - [72]	validation_0-logloss:0.00090	validation_1-logloss:0.00090	validation_2-logloss:0.00091
[2025-11-17T16:52:04.698+0000] {logging_mixin.py:154} INFO - [73]	validation_0-logloss:0.00090	validation_1-logloss:0.00090	validation_2-logloss:0.00091
[2025-11-17T16:52:04.699+0000] {logging_mixin.py:154} INFO - [74]	validation_0-logloss:0.00090	validation_1-logloss:0.00090	validation_2-logloss:0.00091
[2025-11-17T16:52:04.700+0000] {logging_mixin.py:154} INFO - [75]	validation_0-logloss:0.00090	validation_1-logloss:0.00090	validation_2-logloss:0.00091
[2025-11-17T16:52:04.701+0000] {model_training.py:284} INFO - 📊 Evaluando modelo en conjunto de TEST...
[2025-11-17T16:52:04.714+0000] {model_training.py:297} INFO - 🎯 Métricas de TEST:
[2025-11-17T16:52:04.714+0000] {model_training.py:298} INFO -    - Accuracy: 1.0000
[2025-11-17T16:52:04.714+0000] {model_training.py:299} INFO -    - Precision: 1.0000
[2025-11-17T16:52:04.714+0000] {model_training.py:300} INFO -    - Recall: 1.0000
[2025-11-17T16:52:04.715+0000] {model_training.py:301} INFO -    - F1-Score: 1.0000
[2025-11-17T16:52:04.715+0000] {model_training.py:302} INFO -    - ROC-AUC: 1.0000
[2025-11-17T16:52:04.715+0000] {model_training.py:132} INFO - 📈 Generando gráficos de interpretabilidad con SHAP...
[2025-11-17T16:52:04.718+0000] {logging_mixin.py:154} WARNING - /home/***/.local/lib/python3.10/site-packages/xgboost/core.py:160 UserWarning: [16:52:04] WARNING: /workspace/src/c_api/c_api.cc:1240: Saving into deprecated binary model format, please consider using `json` or `ubj`. Model format will default to JSON in XGBoost 2.2 if not specified.
[2025-11-17T16:52:05.147+0000] {model_training.py:157} INFO -    ✓ Summary plot guardado: /opt/***/diagrams/shap_summary.png
[2025-11-17T16:52:05.341+0000] {model_training.py:168} INFO -    ✓ Feature importance plot guardado: /opt/***/diagrams/shap_feature_importance.png
[2025-11-17T16:52:05.770+0000] {model_training.py:184} INFO -    ✓ Waterfall plot guardado: /opt/***/diagrams/shap_waterfall.png
[2025-11-17T16:52:05.771+0000] {model_training.py:186} INFO - ✅ Gráficos SHAP generados exitosamente
[2025-11-17T16:52:05.842+0000] {model_training.py:215} INFO -    ✓ Confusion matrix guardada: /opt/***/diagrams/confusion_matrix.png
[2025-11-17T16:52:05.848+0000] {model_training.py:340} INFO - 📤 Registrando resultados en MLflow...
[2025-11-17T16:52:05.854+0000] {logging_mixin.py:154} WARNING - /home/***/.local/lib/python3.10/site-packages/xgboost/core.py:160 UserWarning: [16:52:05] WARNING: /workspace/src/c_api/c_api.cc:1240: Saving into deprecated binary model format, please consider using `json` or `ubj`. Model format will default to JSON in XGBoost 2.2 if not specified.
[2025-11-17T16:52:08.232+0000] {logging_mixin.py:154} WARNING - /home/***/.local/lib/python3.10/site-packages/_distutils_hack/__init__.py:33 UserWarning: Setuptools is replacing distutils.
[2025-11-17T16:52:08.248+0000] {model_training.py:370} INFO - ✅ Resultados registrados en MLflow exitosamente
[2025-11-17T16:52:08.280+0000] {model_training.py:378} INFO - ✅ Entrenamiento completado exitosamente
[2025-11-17T16:52:08.280+0000] {python.py:194} INFO - Done. Returned value was: {'status': 'success', 'model_type': 'xgboost', 'test_metrics': {'test_accuracy': 1.0, 'test_precision': 1.0, 'test_recall': 1.0, 'test_f1': 1.0, 'test_roc_auc': 1.0}, 'best_params': {'max_depth': 7, 'learning_rate': 0.2536999076681772, 'subsample': 0.8659969709057025, 'colsample_bytree': 0.7993292420985183, 'min_child_weight': 2, 'gamma': 0.7799726016810132, 'n_estimators': 76}}
[2025-11-17T16:52:08.293+0000] {taskinstance.py:1400} INFO - Marking task as SUCCESS. dag_id=sodai_drinks_production_pipeline, task_id=train_model, execution_date=20251109T000000, start_date=20251117T165149, end_date=20251117T165208
[2025-11-17T16:52:08.376+0000] {local_task_job_runner.py:228} INFO - Task exited with return code 0
[2025-11-17T16:52:08.393+0000] {taskinstance.py:2778} INFO - 0 downstream tasks scheduled from follow-on schedule check
[2025-11-17T17:59:46.362+0000] {taskinstance.py:1159} INFO - Dependencies all met for dep_context=non-requeueable deps ti=<TaskInstance: sodai_drinks_production_pipeline.train_model scheduled__2025-11-09T00:00:00+00:00 [queued]>
[2025-11-17T17:59:46.368+0000] {taskinstance.py:1159} INFO - Dependencies all met for dep_context=requeueable deps ti=<TaskInstance: sodai_drinks_production_pipeline.train_model scheduled__2025-11-09T00:00:00+00:00 [queued]>
[2025-11-17T17:59:46.369+0000] {taskinstance.py:1361} INFO - Starting attempt 1 of 2
[2025-11-17T17:59:46.377+0000] {taskinstance.py:1382} INFO - Executing <Task(PythonOperator): train_model> on 2025-11-09 00:00:00+00:00
[2025-11-17T17:59:46.389+0000] {standard_task_runner.py:57} INFO - Started process 1081 to run task
[2025-11-17T17:59:46.392+0000] {standard_task_runner.py:84} INFO - Running: ['***', 'tasks', 'run', 'sodai_drinks_production_pipeline', 'train_model', 'scheduled__2025-11-09T00:00:00+00:00', '--job-id', '32', '--raw', '--subdir', 'DAGS_FOLDER/pipeline_productivo.py', '--cfg-path', '/tmp/tmpxt_8vd95']
[2025-11-17T17:59:46.395+0000] {standard_task_runner.py:85} INFO - Job 32: Subtask train_model
[2025-11-17T17:59:46.442+0000] {task_command.py:416} INFO - Running <TaskInstance: sodai_drinks_production_pipeline.train_model scheduled__2025-11-09T00:00:00+00:00 [running]> on host d1f907c36040
[2025-11-17T17:59:46.499+0000] {taskinstance.py:1662} INFO - Exporting env vars: AIRFLOW_CTX_DAG_EMAIL='team@sodaidrinks.com' AIRFLOW_CTX_DAG_OWNER='sodai_drinks_team' AIRFLOW_CTX_DAG_ID='sodai_drinks_production_pipeline' AIRFLOW_CTX_TASK_ID='train_model' AIRFLOW_CTX_EXECUTION_DATE='2025-11-09T00:00:00+00:00' AIRFLOW_CTX_TRY_NUMBER='1' AIRFLOW_CTX_DAG_RUN_ID='scheduled__2025-11-09T00:00:00+00:00'
[2025-11-17T17:59:46.501+0000] {model_training.py:229} INFO - 🚀 Iniciando entrenamiento del modelo XGBoost...
[2025-11-17T17:59:46.547+0000] {model_training.py:251} INFO - 📊 Dataset cargado:
[2025-11-17T17:59:46.548+0000] {model_training.py:252} INFO -    - Features: 15
[2025-11-17T17:59:46.548+0000] {model_training.py:253} INFO -    - Registros: 7438
[2025-11-17T17:59:46.549+0000] {model_training.py:254} INFO -    - Distribución de clases - Clase 0: 3719, Clase 1: 3719
[2025-11-17T17:59:46.556+0000] {model_training.py:264} INFO - 📂 Splits creados:
[2025-11-17T17:59:46.556+0000] {model_training.py:265} INFO -    - Train: 4462 muestras
[2025-11-17T17:59:46.556+0000] {model_training.py:266} INFO -    - Validation: 1488 muestras
[2025-11-17T17:59:46.556+0000] {model_training.py:267} INFO -    - Test: 1488 muestras
[2025-11-17T17:59:46.814+0000] {logging_mixin.py:154} WARNING - 2025/11/17 17:59:46 WARNING mlflow.utils.git_utils: Failed to import Git (the Git executable is probably not on your PATH), so Git SHA is not available. Error: Failed to initialize: Bad git executable.
The git executable must be specified in one of the following ways:
    - be included in your $PATH
    - be set via $GIT_PYTHON_GIT_EXECUTABLE
    - explicitly set via git.refresh(<full-path-to-git-executable>)

All git commands will error until this is rectified.

This initial message can be silenced or aggravated in the future by setting the
$GIT_PYTHON_REFRESH environment variable. Use one of the following values:
    - quiet|q|silence|s|silent|none|n|0: for no message or exception
    - warn|w|warning|log|l|1: for a warning message (logging level CRITICAL, displayed by default)
    - error|e|exception|raise|r|2: for a raised exception

Example:
    export GIT_PYTHON_REFRESH=quiet
[2025-11-17T17:59:46.823+0000] {model_training.py:64} INFO - 🔍 Iniciando optimización de hiperparámetros con 50 trials...
[2025-11-17T17:59:46.825+0000] {logging_mixin.py:154} WARNING -   0%|          | 0/50 [00:00<?, ?it/s]
[2025-11-17T17:59:46.092+0000] {logging_mixin.py:154} WARNING -                                       
[2025-11-17T17:59:46.092+0000] {logging_mixin.py:154} WARNING - 
