[2025-11-17T22:54:17.014+0000] {logging_mixin.py:154} INFO - [I 2025-11-17 22:54:17,013] Trial 0 finished with value: 0.7868641339343206 and parameters: {'max_depth': 7, 'learning_rate': 0.2536999076681772, 'subsample': 0.8659969709057025, 'colsample_bytree': 0.7993292420985183, 'min_child_weight': 2, 'gamma': 0.7799726016810132, 'n_estimators': 76}. Best is trial 0 with value: 0.7868641339343206.
[2025-11-17T22:54:17.014+0000] {logging_mixin.py:154} WARNING -   0%|          | 0/50 [00:00<?, ?it/s]
[2025-11-17T22:54:17.014+0000] {logging_mixin.py:154} WARNING - Best trial: 0. Best value: 0.786864:   0%|          | 0/50 [00:00<?, ?it/s]
[2025-11-17T22:54:17.014+0000] {logging_mixin.py:154} WARNING - Best trial: 0. Best value: 0.786864:   2%|2         | 1/50 [00:00<00:06,  8.08it/s]
[2025-11-17T22:54:17.239+0000] {logging_mixin.py:154} WARNING -                                                                                    
[2025-11-17T22:54:17.240+0000] {logging_mixin.py:154} WARNING - 
[2025-11-17T22:54:17.240+0000] {logging_mixin.py:154} INFO - [I 2025-11-17 22:54:17,239] Trial 1 finished with value: 0.7949843260188088 and parameters: {'max_depth': 14, 'learning_rate': 0.07725378389307355, 'subsample': 0.8540362888980227, 'colsample_bytree': 0.5102922471479012, 'min_child_weight': 10, 'gamma': 4.162213204002109, 'n_estimators': 145}. Best is trial 1 with value: 0.7949843260188088.
[2025-11-17T22:54:17.240+0000] {logging_mixin.py:154} WARNING - Best trial: 0. Best value: 0.786864:   2%|2         | 1/50 [00:00<00:06,  8.08it/s]
[2025-11-17T22:54:17.240+0000] {logging_mixin.py:154} WARNING - Best trial: 1. Best value: 0.794984:   2%|2         | 1/50 [00:00<00:06,  8.08it/s]
[2025-11-17T22:54:17.240+0000] {logging_mixin.py:154} WARNING - Best trial: 1. Best value: 0.794984:   4%|4         | 2/50 [00:00<00:08,  5.44it/s]
[2025-11-17T22:54:17.475+0000] {logging_mixin.py:154} WARNING -                                                                                    
[2025-11-17T22:54:17.475+0000] {logging_mixin.py:154} WARNING - 
[2025-11-17T22:54:17.475+0000] {logging_mixin.py:154} INFO - [I 2025-11-17 22:54:17,475] Trial 2 finished with value: 0.7931253978357734 and parameters: {'max_depth': 5, 'learning_rate': 0.018659959624904916, 'subsample': 0.6521211214797689, 'colsample_bytree': 0.762378215816119, 'min_child_weight': 5, 'gamma': 1.4561457009902097, 'n_estimators': 325}. Best is trial 1 with value: 0.7949843260188088.
[2025-11-17T22:54:17.475+0000] {logging_mixin.py:154} WARNING - Best trial: 1. Best value: 0.794984:   4%|4         | 2/50 [00:00<00:08,  5.44it/s]
[2025-11-17T22:54:17.476+0000] {logging_mixin.py:154} WARNING - Best trial: 1. Best value: 0.794984:   4%|4         | 2/50 [00:00<00:08,  5.44it/s]
[2025-11-17T22:54:17.476+0000] {logging_mixin.py:154} WARNING - Best trial: 1. Best value: 0.794984:   6%|6         | 3/50 [00:00<00:09,  4.82it/s]
[2025-11-17T22:54:17.653+0000] {logging_mixin.py:154} WARNING -                                                                                    
[2025-11-17T22:54:17.653+0000] {logging_mixin.py:154} WARNING - 
[2025-11-17T22:54:17.653+0000] {logging_mixin.py:154} INFO - [I 2025-11-17 22:54:17,653] Trial 3 finished with value: 0.7916666666666667 and parameters: {'max_depth': 4, 'learning_rate': 0.027010527749605478, 'subsample': 0.6831809216468459, 'colsample_bytree': 0.728034992108518, 'min_child_weight': 8, 'gamma': 0.9983689107917987, 'n_estimators': 281}. Best is trial 1 with value: 0.7949843260188088.
[2025-11-17T22:54:17.653+0000] {logging_mixin.py:154} WARNING - Best trial: 1. Best value: 0.794984:   6%|6         | 3/50 [00:00<00:09,  4.82it/s]
[2025-11-17T22:54:17.654+0000] {logging_mixin.py:154} WARNING - Best trial: 1. Best value: 0.794984:   6%|6         | 3/50 [00:00<00:09,  4.82it/s]
[2025-11-17T22:54:17.654+0000] {logging_mixin.py:154} WARNING - Best trial: 1. Best value: 0.794984:   8%|8         | 4/50 [00:00<00:09,  5.11it/s]
[2025-11-17T22:54:18.501+0000] {logging_mixin.py:154} WARNING -                                                                                    
[2025-11-17T22:54:18.501+0000] {logging_mixin.py:154} WARNING - 
[2025-11-17T22:54:18.501+0000] {logging_mixin.py:154} INFO - [I 2025-11-17 22:54:18,501] Trial 4 finished with value: 0.7889098928796472 and parameters: {'max_depth': 10, 'learning_rate': 0.011711509955524094, 'subsample': 0.8037724259507192, 'colsample_bytree': 0.5852620618436457, 'min_child_weight': 1, 'gamma': 4.7444276862666666, 'n_estimators': 485}. Best is trial 1 with value: 0.7949843260188088.
[2025-11-17T22:54:18.501+0000] {logging_mixin.py:154} WARNING - Best trial: 1. Best value: 0.794984:   8%|8         | 4/50 [00:01<00:09,  5.11it/s]
[2025-11-17T22:54:18.502+0000] {logging_mixin.py:154} WARNING - Best trial: 1. Best value: 0.794984:   8%|8         | 4/50 [00:01<00:09,  5.11it/s]
[2025-11-17T22:54:18.502+0000] {logging_mixin.py:154} WARNING - Best trial: 1. Best value: 0.794984:  10%|#         | 5/50 [00:01<00:19,  2.32it/s]
[2025-11-17T22:54:21.201+0000] {logging_mixin.py:154} WARNING -                                                                                    
[2025-11-17T22:54:21.202+0000] {logging_mixin.py:154} WARNING - 
[2025-11-17T22:54:21.202+0000] {logging_mixin.py:154} INFO - [I 2025-11-17 22:54:21,201] Trial 5 finished with value: 0.7961290322580645 and parameters: {'max_depth': 13, 'learning_rate': 0.028180680291847244, 'subsample': 0.5488360570031919, 'colsample_bytree': 0.8421165132560784, 'min_child_weight': 5, 'gamma': 0.6101911742238941, 'n_estimators': 273}. Best is trial 5 with value: 0.7961290322580645.
[2025-11-17T22:54:21.202+0000] {logging_mixin.py:154} WARNING - Best trial: 1. Best value: 0.794984:  10%|#         | 5/50 [00:04<00:19,  2.32it/s]
[2025-11-17T22:54:21.202+0000] {logging_mixin.py:154} WARNING - Best trial: 5. Best value: 0.796129:  10%|#         | 5/50 [00:04<00:19,  2.32it/s]
[2025-11-17T22:54:21.202+0000] {logging_mixin.py:154} WARNING - Best trial: 5. Best value: 0.796129:  12%|#2        | 6/50 [00:04<00:52,  1.20s/it]
[2025-11-17T22:54:21.460+0000] {logging_mixin.py:154} WARNING -                                                                                    
[2025-11-17T22:54:21.461+0000] {logging_mixin.py:154} WARNING - 
[2025-11-17T22:54:21.461+0000] {logging_mixin.py:154} INFO - [I 2025-11-17 22:54:21,460] Trial 6 finished with value: 0.7961783439490446 and parameters: {'max_depth': 3, 'learning_rate': 0.22038218939289875, 'subsample': 0.6293899908000085, 'colsample_bytree': 0.831261142176991, 'min_child_weight': 4, 'gamma': 2.600340105889054, 'n_estimators': 296}. Best is trial 6 with value: 0.7961783439490446.
[2025-11-17T22:54:21.461+0000] {logging_mixin.py:154} WARNING - Best trial: 5. Best value: 0.796129:  12%|#2        | 6/50 [00:04<00:52,  1.20s/it]
[2025-11-17T22:54:21.461+0000] {logging_mixin.py:154} WARNING - Best trial: 6. Best value: 0.796178:  12%|#2        | 6/50 [00:04<00:52,  1.20s/it]
[2025-11-17T22:54:21.461+0000] {logging_mixin.py:154} WARNING - Best trial: 6. Best value: 0.796178:  14%|#4        | 7/50 [00:04<00:38,  1.12it/s]
[2025-11-17T22:54:21.646+0000] {logging_mixin.py:154} WARNING -                                                                                    
[2025-11-17T22:54:21.647+0000] {logging_mixin.py:154} WARNING - 
[2025-11-17T22:54:21.647+0000] {logging_mixin.py:154} INFO - [I 2025-11-17 22:54:21,646] Trial 7 finished with value: 0.797717184527584 and parameters: {'max_depth': 5, 'learning_rate': 0.27051668818999286, 'subsample': 0.8875664116805573, 'colsample_bytree': 0.9697494707820946, 'min_child_weight': 9, 'gamma': 2.9894998940554256, 'n_estimators': 465}. Best is trial 7 with value: 0.797717184527584.
[2025-11-17T22:54:21.647+0000] {logging_mixin.py:154} WARNING - Best trial: 6. Best value: 0.796178:  14%|#4        | 7/50 [00:04<00:38,  1.12it/s]
[2025-11-17T22:54:21.647+0000] {logging_mixin.py:154} WARNING - Best trial: 7. Best value: 0.797717:  14%|#4        | 7/50 [00:04<00:38,  1.12it/s]
[2025-11-17T22:54:21.647+0000] {logging_mixin.py:154} WARNING - Best trial: 7. Best value: 0.797717:  16%|#6        | 8/50 [00:04<00:28,  1.50it/s]
[2025-11-17T22:54:22.022+0000] {logging_mixin.py:154} WARNING -                                                                                    
[2025-11-17T22:54:22.023+0000] {logging_mixin.py:154} WARNING - 
[2025-11-17T22:54:22.023+0000] {logging_mixin.py:154} INFO - [I 2025-11-17 22:54:22,022] Trial 8 finished with value: 0.7906388361796332 and parameters: {'max_depth': 4, 'learning_rate': 0.01947558230629543, 'subsample': 0.522613644455269, 'colsample_bytree': 0.6626651653816322, 'min_child_weight': 4, 'gamma': 1.3567451588694794, 'n_estimators': 423}. Best is trial 7 with value: 0.797717184527584.
[2025-11-17T22:54:22.023+0000] {logging_mixin.py:154} WARNING - Best trial: 7. Best value: 0.797717:  16%|#6        | 8/50 [00:05<00:28,  1.50it/s]
[2025-11-17T22:54:22.023+0000] {logging_mixin.py:154} WARNING - Best trial: 7. Best value: 0.797717:  16%|#6        | 8/50 [00:05<00:28,  1.50it/s]
[2025-11-17T22:54:22.023+0000] {logging_mixin.py:154} WARNING - Best trial: 7. Best value: 0.797717:  18%|#8        | 9/50 [00:05<00:23,  1.73it/s]
[2025-11-17T22:54:21.748+0000] {logging_mixin.py:154} WARNING -                                                                                    
[2025-11-17T22:54:21.749+0000] {logging_mixin.py:154} WARNING - 
[2025-11-17T22:54:21.749+0000] {logging_mixin.py:154} INFO - [I 2025-11-17 22:54:21,748] Trial 9 finished with value: 0.802295918367347 and parameters: {'max_depth': 7, 'learning_rate': 0.026000059117302653, 'subsample': 0.7713480415791243, 'colsample_bytree': 0.5704621124873813, 'min_child_weight': 9, 'gamma': 0.3727532183988541, 'n_estimators': 495}. Best is trial 9 with value: 0.802295918367347.
[2025-11-17T22:54:21.749+0000] {logging_mixin.py:154} WARNING - Best trial: 7. Best value: 0.797717:  18%|#8        | 9/50 [00:04<00:23,  1.73it/s]
[2025-11-17T22:54:21.749+0000] {logging_mixin.py:154} WARNING - Best trial: 9. Best value: 0.802296:  18%|#8        | 9/50 [00:04<00:23,  1.73it/s]
[2025-11-17T22:54:22.108+0000] {logging_mixin.py:154} WARNING -                                                                                    
[2025-11-17T22:54:22.108+0000] {logging_mixin.py:154} WARNING - 
[2025-11-17T22:54:22.108+0000] {logging_mixin.py:154} INFO - [I 2025-11-17 22:54:22,107] Trial 10 finished with value: 0.8020499679692504 and parameters: {'max_depth': 9, 'learning_rate': 0.050022091577274774, 'subsample': 0.9847685553939328, 'colsample_bytree': 0.5089809378074097, 'min_child_weight': 7, 'gamma': 0.19362599980591444, 'n_estimators': 379}. Best is trial 9 with value: 0.802295918367347.
[2025-11-17T22:54:22.109+0000] {logging_mixin.py:154} WARNING - Best trial: 9. Best value: 0.802296:  20%|##        | 10/50 [00:05<00:23,  1.73it/s]
[2025-11-17T22:54:22.109+0000] {logging_mixin.py:154} WARNING - Best trial: 9. Best value: 0.802296:  20%|##        | 10/50 [00:05<00:23,  1.73it/s]
[2025-11-17T22:54:22.449+0000] {logging_mixin.py:154} WARNING -                                                                                     
[2025-11-17T22:54:22.449+0000] {logging_mixin.py:154} WARNING - 
[2025-11-17T22:54:22.449+0000] {logging_mixin.py:154} INFO - [I 2025-11-17 22:54:22,449] Trial 11 finished with value: 0.7966751918158568 and parameters: {'max_depth': 9, 'learning_rate': 0.05378356815268503, 'subsample': 0.998050295132841, 'colsample_bytree': 0.5043736834843053, 'min_child_weight': 7, 'gamma': 0.11757387798799368, 'n_estimators': 375}. Best is trial 9 with value: 0.802295918367347.
[2025-11-17T22:54:22.449+0000] {logging_mixin.py:154} WARNING - Best trial: 9. Best value: 0.802296:  22%|##2       | 11/50 [00:05<00:22,  1.73it/s]
[2025-11-17T22:54:22.449+0000] {logging_mixin.py:154} WARNING - Best trial: 9. Best value: 0.802296:  22%|##2       | 11/50 [00:05<00:22,  1.73it/s]
[2025-11-17T22:54:22.450+0000] {logging_mixin.py:154} WARNING - Best trial: 9. Best value: 0.802296:  24%|##4       | 12/50 [00:05<00:12,  3.05it/s]
[2025-11-17T22:54:23.188+0000] {logging_mixin.py:154} WARNING -                                                                                     
[2025-11-17T22:54:23.188+0000] {logging_mixin.py:154} WARNING - 
[2025-11-17T22:54:23.188+0000] {logging_mixin.py:154} INFO - [I 2025-11-17 22:54:23,188] Trial 12 finished with value: 0.7974193548387097 and parameters: {'max_depth': 10, 'learning_rate': 0.05421283096830384, 'subsample': 0.995800325533728, 'colsample_bytree': 0.5927234475789327, 'min_child_weight': 7, 'gamma': 0.01955562095026886, 'n_estimators': 406}. Best is trial 9 with value: 0.802295918367347.
[2025-11-17T22:54:23.188+0000] {logging_mixin.py:154} WARNING - Best trial: 9. Best value: 0.802296:  24%|##4       | 12/50 [00:06<00:12,  3.05it/s]
[2025-11-17T22:54:23.189+0000] {logging_mixin.py:154} WARNING - Best trial: 9. Best value: 0.802296:  24%|##4       | 12/50 [00:06<00:12,  3.05it/s]
[2025-11-17T22:54:23.189+0000] {logging_mixin.py:154} WARNING - Best trial: 9. Best value: 0.802296:  26%|##6       | 13/50 [00:06<00:15,  2.40it/s]
[2025-11-17T22:54:24.787+0000] {logging_mixin.py:154} WARNING -                                                                                     
[2025-11-17T22:54:24.787+0000] {logging_mixin.py:154} WARNING - 
[2025-11-17T22:54:24.787+0000] {logging_mixin.py:154} INFO - [I 2025-11-17 22:54:24,787] Trial 13 finished with value: 0.7969543147208122 and parameters: {'max_depth': 8, 'learning_rate': 0.04002834754638359, 'subsample': 0.748020656084857, 'colsample_bytree': 0.5890641831958864, 'min_child_weight': 10, 'gamma': 1.7472912901066726, 'n_estimators': 499}. Best is trial 9 with value: 0.802295918367347.
[2025-11-17T22:54:24.787+0000] {logging_mixin.py:154} WARNING - Best trial: 9. Best value: 0.802296:  26%|##6       | 13/50 [00:07<00:15,  2.40it/s]
[2025-11-17T22:54:24.788+0000] {logging_mixin.py:154} WARNING - Best trial: 9. Best value: 0.802296:  26%|##6       | 13/50 [00:07<00:15,  2.40it/s]
[2025-11-17T22:54:24.788+0000] {logging_mixin.py:154} WARNING - Best trial: 9. Best value: 0.802296:  28%|##8       | 14/50 [00:07<00:24,  1.44it/s]
[2025-11-17T22:54:26.777+0000] {logging_mixin.py:154} WARNING -                                                                                     
[2025-11-17T22:54:26.777+0000] {logging_mixin.py:154} WARNING - 
[2025-11-17T22:54:26.778+0000] {logging_mixin.py:154} INFO - [I 2025-11-17 22:54:26,777] Trial 14 finished with value: 0.7862694300518136 and parameters: {'max_depth': 12, 'learning_rate': 0.09465946337743743, 'subsample': 0.9318657440733, 'colsample_bytree': 0.5012553993955753, 'min_child_weight': 7, 'gamma': 0.1795351823831436, 'n_estimators': 360}. Best is trial 9 with value: 0.802295918367347.
[2025-11-17T22:54:26.778+0000] {logging_mixin.py:154} WARNING - Best trial: 9. Best value: 0.802296:  28%|##8       | 14/50 [00:09<00:24,  1.44it/s]
[2025-11-17T22:54:26.778+0000] {logging_mixin.py:154} WARNING - Best trial: 9. Best value: 0.802296:  28%|##8       | 14/50 [00:09<00:24,  1.44it/s]
[2025-11-17T22:54:26.778+0000] {logging_mixin.py:154} WARNING - Best trial: 9. Best value: 0.802296:  30%|###       | 15/50 [00:09<00:35,  1.02s/it]
[2025-11-17T22:54:27.351+0000] {logging_mixin.py:154} WARNING -                                                                                     
[2025-11-17T22:54:27.351+0000] {logging_mixin.py:154} WARNING - 
[2025-11-17T22:54:27.351+0000] {logging_mixin.py:154} INFO - [I 2025-11-17 22:54:27,351] Trial 15 finished with value: 0.7899371069182389 and parameters: {'max_depth': 7, 'learning_rate': 0.010457065772553613, 'subsample': 0.7762460564116191, 'colsample_bytree': 0.6500599391804969, 'min_child_weight': 8, 'gamma': 1.8694954037778246, 'n_estimators': 200}. Best is trial 9 with value: 0.802295918367347.
[2025-11-17T22:54:27.351+0000] {logging_mixin.py:154} WARNING - Best trial: 9. Best value: 0.802296:  30%|###       | 15/50 [00:10<00:35,  1.02s/it]
[2025-11-17T22:54:27.352+0000] {logging_mixin.py:154} WARNING - Best trial: 9. Best value: 0.802296:  30%|###       | 15/50 [00:10<00:35,  1.02s/it]
[2025-11-17T22:54:27.352+0000] {logging_mixin.py:154} WARNING - Best trial: 9. Best value: 0.802296:  32%|###2      | 16/50 [00:10<00:30,  1.11it/s]
[2025-11-17T22:54:27.802+0000] {logging_mixin.py:154} WARNING -                                                                                     
[2025-11-17T22:54:27.802+0000] {logging_mixin.py:154} WARNING - 
[2025-11-17T22:54:27.803+0000] {logging_mixin.py:154} INFO - [I 2025-11-17 22:54:27,802] Trial 16 finished with value: 0.8038216560509555 and parameters: {'max_depth': 11, 'learning_rate': 0.03703772238189893, 'subsample': 0.9158022566129167, 'colsample_bytree': 0.5587404371074098, 'min_child_weight': 9, 'gamma': 0.7364943416771574, 'n_estimators': 439}. Best is trial 16 with value: 0.8038216560509555.
[2025-11-17T22:54:27.803+0000] {logging_mixin.py:154} WARNING - Best trial: 9. Best value: 0.802296:  32%|###2      | 16/50 [00:10<00:30,  1.11it/s]
[2025-11-17T22:54:27.803+0000] {logging_mixin.py:154} WARNING - Best trial: 16. Best value: 0.803822:  32%|###2      | 16/50 [00:10<00:30,  1.11it/s]
[2025-11-17T22:54:27.803+0000] {logging_mixin.py:154} WARNING - Best trial: 16. Best value: 0.803822:  34%|###4      | 17/50 [00:10<00:25,  1.29it/s]
[2025-11-17T22:54:28.297+0000] {logging_mixin.py:154} WARNING -                                                                                      
[2025-11-17T22:54:28.297+0000] {logging_mixin.py:154} WARNING - 
[2025-11-17T22:54:28.297+0000] {logging_mixin.py:154} INFO - [I 2025-11-17 22:54:28,297] Trial 17 finished with value: 0.7999999999999999 and parameters: {'max_depth': 11, 'learning_rate': 0.03228207355898402, 'subsample': 0.8314102086870525, 'colsample_bytree': 0.6597747511818023, 'min_child_weight': 9, 'gamma': 0.8560616035329855, 'n_estimators': 441}. Best is trial 16 with value: 0.8038216560509555.
[2025-11-17T22:54:28.297+0000] {logging_mixin.py:154} WARNING - Best trial: 16. Best value: 0.803822:  34%|###4      | 17/50 [00:11<00:25,  1.29it/s]
[2025-11-17T22:54:28.297+0000] {logging_mixin.py:154} WARNING - Best trial: 16. Best value: 0.803822:  34%|###4      | 17/50 [00:11<00:25,  1.29it/s]
[2025-11-17T22:54:28.298+0000] {logging_mixin.py:154} WARNING - Best trial: 16. Best value: 0.803822:  36%|###6      | 18/50 [00:11<00:22,  1.43it/s]
[2025-11-17T22:54:28.616+0000] {logging_mixin.py:154} WARNING -                                                                                      
[2025-11-17T22:54:28.616+0000] {logging_mixin.py:154} WARNING - 
[2025-11-17T22:54:28.616+0000] {logging_mixin.py:154} INFO - [I 2025-11-17 22:54:28,616] Trial 18 finished with value: 0.801010739102969 and parameters: {'max_depth': 15, 'learning_rate': 0.018325226220449863, 'subsample': 0.920268595864156, 'colsample_bytree': 0.5658026415888999, 'min_child_weight': 9, 'gamma': 2.0592202798349284, 'n_estimators': 211}. Best is trial 16 with value: 0.8038216560509555.
[2025-11-17T22:54:28.617+0000] {logging_mixin.py:154} WARNING - Best trial: 16. Best value: 0.803822:  36%|###6      | 18/50 [00:11<00:22,  1.43it/s]
[2025-11-17T22:54:28.617+0000] {logging_mixin.py:154} WARNING - Best trial: 16. Best value: 0.803822:  36%|###6      | 18/50 [00:11<00:22,  1.43it/s]
[2025-11-17T22:54:28.617+0000] {logging_mixin.py:154} WARNING - Best trial: 16. Best value: 0.803822:  38%|###8      | 19/50 [00:11<00:18,  1.70it/s]
[2025-11-17T22:54:28.956+0000] {logging_mixin.py:154} WARNING -                                                                                      
[2025-11-17T22:54:28.957+0000] {logging_mixin.py:154} WARNING - 
[2025-11-17T22:54:28.957+0000] {logging_mixin.py:154} INFO - [I 2025-11-17 22:54:28,956] Trial 19 finished with value: 0.7984742530197074 and parameters: {'max_depth': 7, 'learning_rate': 0.0793423791839793, 'subsample': 0.7457265639467195, 'colsample_bytree': 0.6371401945264097, 'min_child_weight': 10, 'gamma': 1.1505322625282899, 'n_estimators': 439}. Best is trial 16 with value: 0.8038216560509555.
[2025-11-17T22:54:28.957+0000] {logging_mixin.py:154} WARNING - Best trial: 16. Best value: 0.803822:  38%|###8      | 19/50 [00:12<00:18,  1.70it/s]
[2025-11-17T22:54:28.957+0000] {logging_mixin.py:154} WARNING - Best trial: 16. Best value: 0.803822:  38%|###8      | 19/50 [00:12<00:18,  1.70it/s]
[2025-11-17T22:54:28.957+0000] {logging_mixin.py:154} WARNING - Best trial: 16. Best value: 0.803822:  40%|####      | 20/50 [00:12<00:15,  1.93it/s]
[2025-11-17T22:54:31.618+0000] {logging_mixin.py:154} WARNING -                                                                                      
[2025-11-17T22:54:31.618+0000] {logging_mixin.py:154} WARNING - 
