[2025-11-17T21:04:07.203+0000] {logging_mixin.py:154} INFO - [I 2025-11-17 21:04:07,202] Trial 0 finished with value: 0.8094327597195666 and parameters: {'max_depth': 7, 'learning_rate': 0.2536999076681772, 'subsample': 0.8659969709057025, 'colsample_bytree': 0.7993292420985183, 'min_child_weight': 2, 'gamma': 0.7799726016810132, 'n_estimators': 76}. Best is trial 0 with value: 0.8094327597195666.
[2025-11-17T21:04:07.203+0000] {logging_mixin.py:154} WARNING -   0%|          | 0/50 [00:00<?, ?it/s]
[2025-11-17T21:04:07.203+0000] {logging_mixin.py:154} WARNING - Best trial: 0. Best value: 0.809433:   0%|          | 0/50 [00:00<?, ?it/s]
[2025-11-17T21:04:07.203+0000] {logging_mixin.py:154} WARNING - Best trial: 0. Best value: 0.809433:   2%|2         | 1/50 [00:00<00:06,  7.76it/s]
[2025-11-17T21:04:07.328+0000] {logging_mixin.py:154} WARNING -                                                                                    
[2025-11-17T21:04:07.329+0000] {logging_mixin.py:154} WARNING - 
[2025-11-17T21:04:07.329+0000] {logging_mixin.py:154} INFO - [I 2025-11-17 21:04:07,328] Trial 1 finished with value: 0.806861499364676 and parameters: {'max_depth': 14, 'learning_rate': 0.07725378389307355, 'subsample': 0.8540362888980227, 'colsample_bytree': 0.5102922471479012, 'min_child_weight': 10, 'gamma': 4.162213204002109, 'n_estimators': 145}. Best is trial 0 with value: 0.8094327597195666.
[2025-11-17T21:04:07.329+0000] {logging_mixin.py:154} WARNING - Best trial: 0. Best value: 0.809433:   2%|2         | 1/50 [00:00<00:06,  7.76it/s]
[2025-11-17T21:04:07.329+0000] {logging_mixin.py:154} WARNING - Best trial: 0. Best value: 0.809433:   2%|2         | 1/50 [00:00<00:06,  7.76it/s]
[2025-11-17T21:04:07.329+0000] {logging_mixin.py:154} WARNING - Best trial: 0. Best value: 0.809433:   4%|4         | 2/50 [00:00<00:06,  7.86it/s]
[2025-11-17T21:04:07.639+0000] {logging_mixin.py:154} WARNING -                                                                                    
[2025-11-17T21:04:07.639+0000] {logging_mixin.py:154} WARNING - 
[2025-11-17T21:04:07.639+0000] {logging_mixin.py:154} INFO - [I 2025-11-17 21:04:07,639] Trial 2 finished with value: 0.8150031786395423 and parameters: {'max_depth': 5, 'learning_rate': 0.018659959624904916, 'subsample': 0.6521211214797689, 'colsample_bytree': 0.762378215816119, 'min_child_weight': 5, 'gamma': 1.4561457009902097, 'n_estimators': 325}. Best is trial 2 with value: 0.8150031786395423.
[2025-11-17T21:04:07.639+0000] {logging_mixin.py:154} WARNING - Best trial: 0. Best value: 0.809433:   4%|4         | 2/50 [00:00<00:06,  7.86it/s]
[2025-11-17T21:04:07.640+0000] {logging_mixin.py:154} WARNING - Best trial: 2. Best value: 0.815003:   4%|4         | 2/50 [00:00<00:06,  7.86it/s]
[2025-11-17T21:04:07.640+0000] {logging_mixin.py:154} WARNING - Best trial: 2. Best value: 0.815003:   6%|6         | 3/50 [00:00<00:09,  4.74it/s]
[2025-11-17T21:04:10.670+0000] {logging_mixin.py:154} WARNING -                                                                                    
[2025-11-17T21:04:10.670+0000] {logging_mixin.py:154} WARNING - 
[2025-11-17T21:04:10.671+0000] {logging_mixin.py:154} INFO - [I 2025-11-17 21:04:10,670] Trial 3 finished with value: 0.811704834605598 and parameters: {'max_depth': 4, 'learning_rate': 0.027010527749605478, 'subsample': 0.6831809216468459, 'colsample_bytree': 0.728034992108518, 'min_child_weight': 8, 'gamma': 0.9983689107917987, 'n_estimators': 281}. Best is trial 2 with value: 0.8150031786395423.
[2025-11-17T21:04:10.671+0000] {logging_mixin.py:154} WARNING - Best trial: 2. Best value: 0.815003:   6%|6         | 3/50 [00:03<00:09,  4.74it/s]
[2025-11-17T21:04:10.671+0000] {logging_mixin.py:154} WARNING - Best trial: 2. Best value: 0.815003:   6%|6         | 3/50 [00:03<00:09,  4.74it/s]
[2025-11-17T21:04:10.671+0000] {logging_mixin.py:154} WARNING - Best trial: 2. Best value: 0.815003:   8%|8         | 4/50 [00:03<01:00,  1.32s/it]
[2025-11-17T21:04:11.949+0000] {logging_mixin.py:154} WARNING -                                                                                    
[2025-11-17T21:04:11.949+0000] {logging_mixin.py:154} WARNING - 
[2025-11-17T21:04:11.949+0000] {logging_mixin.py:154} INFO - [I 2025-11-17 21:04:11,948] Trial 4 finished with value: 0.8096446700507615 and parameters: {'max_depth': 10, 'learning_rate': 0.011711509955524094, 'subsample': 0.8037724259507192, 'colsample_bytree': 0.5852620618436457, 'min_child_weight': 1, 'gamma': 4.7444276862666666, 'n_estimators': 485}. Best is trial 2 with value: 0.8150031786395423.
[2025-11-17T21:04:11.949+0000] {logging_mixin.py:154} WARNING - Best trial: 2. Best value: 0.815003:   8%|8         | 4/50 [00:04<01:00,  1.32s/it]
[2025-11-17T21:04:11.950+0000] {logging_mixin.py:154} WARNING - Best trial: 2. Best value: 0.815003:   8%|8         | 4/50 [00:04<01:00,  1.32s/it]
[2025-11-17T21:04:11.950+0000] {logging_mixin.py:154} WARNING - Best trial: 2. Best value: 0.815003:  10%|#         | 5/50 [00:04<00:58,  1.31s/it]
[2025-11-17T21:04:12.653+0000] {logging_mixin.py:154} WARNING -                                                                                    
[2025-11-17T21:04:12.653+0000] {logging_mixin.py:154} WARNING - 
[2025-11-17T21:04:12.653+0000] {logging_mixin.py:154} INFO - [I 2025-11-17 21:04:12,653] Trial 5 finished with value: 0.8076923076923077 and parameters: {'max_depth': 13, 'learning_rate': 0.028180680291847244, 'subsample': 0.5488360570031919, 'colsample_bytree': 0.8421165132560784, 'min_child_weight': 5, 'gamma': 0.6101911742238941, 'n_estimators': 273}. Best is trial 2 with value: 0.8150031786395423.
[2025-11-17T21:04:12.654+0000] {logging_mixin.py:154} WARNING - Best trial: 2. Best value: 0.815003:  10%|#         | 5/50 [00:05<00:58,  1.31s/it]
[2025-11-17T21:04:12.654+0000] {logging_mixin.py:154} WARNING - Best trial: 2. Best value: 0.815003:  10%|#         | 5/50 [00:05<00:58,  1.31s/it]
[2025-11-17T21:04:12.654+0000] {logging_mixin.py:154} WARNING - Best trial: 2. Best value: 0.815003:  12%|#2        | 6/50 [00:05<00:48,  1.10s/it]
[2025-11-17T21:04:13.499+0000] {logging_mixin.py:154} WARNING -                                                                                    
[2025-11-17T21:04:13.499+0000] {logging_mixin.py:154} WARNING - 
[2025-11-17T21:04:13.499+0000] {logging_mixin.py:154} INFO - [I 2025-11-17 21:04:13,498] Trial 6 finished with value: 0.8185279187817258 and parameters: {'max_depth': 3, 'learning_rate': 0.22038218939289875, 'subsample': 0.6293899908000085, 'colsample_bytree': 0.831261142176991, 'min_child_weight': 4, 'gamma': 2.600340105889054, 'n_estimators': 296}. Best is trial 6 with value: 0.8185279187817258.
[2025-11-17T21:04:13.499+0000] {logging_mixin.py:154} WARNING - Best trial: 2. Best value: 0.815003:  12%|#2        | 6/50 [00:06<00:48,  1.10s/it]
[2025-11-17T21:04:13.500+0000] {logging_mixin.py:154} WARNING - Best trial: 6. Best value: 0.818528:  12%|#2        | 6/50 [00:06<00:48,  1.10s/it]
[2025-11-17T21:04:13.500+0000] {logging_mixin.py:154} WARNING - Best trial: 6. Best value: 0.818528:  14%|#4        | 7/50 [00:06<00:43,  1.02s/it]
[2025-11-17T21:04:13.744+0000] {logging_mixin.py:154} WARNING -                                                                                    
[2025-11-17T21:04:13.744+0000] {logging_mixin.py:154} WARNING - 
[2025-11-17T21:04:13.744+0000] {logging_mixin.py:154} INFO - [I 2025-11-17 21:04:13,744] Trial 7 finished with value: 0.8134092346616065 and parameters: {'max_depth': 5, 'learning_rate': 0.27051668818999286, 'subsample': 0.8875664116805573, 'colsample_bytree': 0.9697494707820946, 'min_child_weight': 9, 'gamma': 2.9894998940554256, 'n_estimators': 465}. Best is trial 6 with value: 0.8185279187817258.
[2025-11-17T21:04:13.745+0000] {logging_mixin.py:154} WARNING - Best trial: 6. Best value: 0.818528:  14%|#4        | 7/50 [00:06<00:43,  1.02s/it]
[2025-11-17T21:04:13.745+0000] {logging_mixin.py:154} WARNING - Best trial: 6. Best value: 0.818528:  14%|#4        | 7/50 [00:06<00:43,  1.02s/it]
[2025-11-17T21:04:13.745+0000] {logging_mixin.py:154} WARNING - Best trial: 6. Best value: 0.818528:  16%|#6        | 8/50 [00:06<00:32,  1.29it/s]
[2025-11-17T21:04:14.084+0000] {logging_mixin.py:154} WARNING -                                                                                    
[2025-11-17T21:04:14.084+0000] {logging_mixin.py:154} WARNING - 
[2025-11-17T21:04:14.084+0000] {logging_mixin.py:154} INFO - [I 2025-11-17 21:04:14,084] Trial 8 finished with value: 0.8111533586818758 and parameters: {'max_depth': 4, 'learning_rate': 0.01947558230629543, 'subsample': 0.522613644455269, 'colsample_bytree': 0.6626651653816322, 'min_child_weight': 4, 'gamma': 1.3567451588694794, 'n_estimators': 423}. Best is trial 6 with value: 0.8185279187817258.
[2025-11-17T21:04:14.084+0000] {logging_mixin.py:154} WARNING - Best trial: 6. Best value: 0.818528:  16%|#6        | 8/50 [00:07<00:32,  1.29it/s]
[2025-11-17T21:04:14.085+0000] {logging_mixin.py:154} WARNING - Best trial: 6. Best value: 0.818528:  16%|#6        | 8/50 [00:07<00:32,  1.29it/s]
[2025-11-17T21:04:14.085+0000] {logging_mixin.py:154} WARNING - Best trial: 6. Best value: 0.818528:  18%|#8        | 9/50 [00:07<00:26,  1.57it/s]
[2025-11-17T21:04:15.752+0000] {logging_mixin.py:154} WARNING -                                                                                    
[2025-11-17T21:04:15.752+0000] {logging_mixin.py:154} WARNING - 
[2025-11-17T21:04:15.752+0000] {logging_mixin.py:154} INFO - [I 2025-11-17 21:04:15,752] Trial 9 finished with value: 0.8106396453451552 and parameters: {'max_depth': 7, 'learning_rate': 0.026000059117302653, 'subsample': 0.7713480415791243, 'colsample_bytree': 0.5704621124873813, 'min_child_weight': 9, 'gamma': 0.3727532183988541, 'n_estimators': 495}. Best is trial 6 with value: 0.8185279187817258.
[2025-11-17T21:04:15.752+0000] {logging_mixin.py:154} WARNING - Best trial: 6. Best value: 0.818528:  18%|#8        | 9/50 [00:08<00:26,  1.57it/s]
[2025-11-17T21:04:15.753+0000] {logging_mixin.py:154} WARNING - Best trial: 6. Best value: 0.818528:  18%|#8        | 9/50 [00:08<00:26,  1.57it/s]
[2025-11-17T21:04:15.753+0000] {logging_mixin.py:154} WARNING - Best trial: 6. Best value: 0.818528:  20%|##        | 10/50 [00:08<00:38,  1.05it/s]
[2025-11-17T21:04:15.895+0000] {logging_mixin.py:154} WARNING -                                                                                     
[2025-11-17T21:04:15.895+0000] {logging_mixin.py:154} WARNING - 
[2025-11-17T21:04:15.895+0000] {logging_mixin.py:154} INFO - [I 2025-11-17 21:04:15,895] Trial 10 finished with value: 0.8132147395171537 and parameters: {'max_depth': 9, 'learning_rate': 0.11662210085018034, 'subsample': 0.9847685553939328, 'colsample_bytree': 0.9046749166920307, 'min_child_weight': 7, 'gamma': 2.5732224534594175, 'n_estimators': 212}. Best is trial 6 with value: 0.8185279187817258.
[2025-11-17T21:04:15.896+0000] {logging_mixin.py:154} WARNING - Best trial: 6. Best value: 0.818528:  20%|##        | 10/50 [00:08<00:38,  1.05it/s]
[2025-11-17T21:04:15.896+0000] {logging_mixin.py:154} WARNING - Best trial: 6. Best value: 0.818528:  20%|##        | 10/50 [00:08<00:38,  1.05it/s]
[2025-11-17T21:04:15.896+0000] {logging_mixin.py:154} WARNING - Best trial: 6. Best value: 0.818528:  22%|##2       | 11/50 [00:08<00:27,  1.41it/s]
[2025-11-17T21:04:16.203+0000] {logging_mixin.py:154} WARNING -                                                                                     
[2025-11-17T21:04:16.204+0000] {logging_mixin.py:154} WARNING - 
[2025-11-17T21:04:16.204+0000] {logging_mixin.py:154} INFO - [I 2025-11-17 21:04:16,203] Trial 11 finished with value: 0.8160407383831956 and parameters: {'max_depth': 3, 'learning_rate': 0.05378356815268503, 'subsample': 0.659116748316145, 'colsample_bytree': 0.7360779619310245, 'min_child_weight': 3, 'gamma': 1.8822979967939049, 'n_estimators': 356}. Best is trial 6 with value: 0.8185279187817258.
[2025-11-17T21:04:16.204+0000] {logging_mixin.py:154} WARNING - Best trial: 6. Best value: 0.818528:  22%|##2       | 11/50 [00:09<00:27,  1.41it/s]
[2025-11-17T21:04:16.204+0000] {logging_mixin.py:154} WARNING - Best trial: 6. Best value: 0.818528:  22%|##2       | 11/50 [00:09<00:27,  1.41it/s]
[2025-11-17T21:04:16.205+0000] {logging_mixin.py:154} WARNING - Best trial: 6. Best value: 0.818528:  24%|##4       | 12/50 [00:09<00:22,  1.71it/s]
[2025-11-17T21:04:16.430+0000] {logging_mixin.py:154} WARNING -                                                                                     
[2025-11-17T21:04:16.430+0000] {logging_mixin.py:154} WARNING - 
[2025-11-17T21:04:16.430+0000] {logging_mixin.py:154} INFO - [I 2025-11-17 21:04:16,430] Trial 12 finished with value: 0.8129770992366412 and parameters: {'max_depth': 3, 'learning_rate': 0.05771890707854544, 'subsample': 0.6396470776224414, 'colsample_bytree': 0.709790152518133, 'min_child_weight': 3, 'gamma': 1.9379710203198037, 'n_estimators': 365}. Best is trial 6 with value: 0.8185279187817258.
[2025-11-17T21:04:16.430+0000] {logging_mixin.py:154} WARNING - Best trial: 6. Best value: 0.818528:  24%|##4       | 12/50 [00:09<00:22,  1.71it/s]
[2025-11-17T21:04:16.430+0000] {logging_mixin.py:154} WARNING - Best trial: 6. Best value: 0.818528:  24%|##4       | 12/50 [00:09<00:22,  1.71it/s]
[2025-11-17T21:04:16.431+0000] {logging_mixin.py:154} WARNING - Best trial: 6. Best value: 0.818528:  26%|##6       | 13/50 [00:09<00:17,  2.10it/s]
[2025-11-17T21:04:16.781+0000] {logging_mixin.py:154} WARNING -                                                                                     
[2025-11-17T21:04:16.781+0000] {logging_mixin.py:154} WARNING - 
[2025-11-17T21:04:16.781+0000] {logging_mixin.py:154} INFO - [I 2025-11-17 21:04:16,781] Trial 13 finished with value: 0.8185279187817258 and parameters: {'max_depth': 7, 'learning_rate': 0.13633746360005283, 'subsample': 0.7042546159576535, 'colsample_bytree': 0.8505812976968798, 'min_child_weight': 3, 'gamma': 3.1722857018777013, 'n_estimators': 371}. Best is trial 6 with value: 0.8185279187817258.
[2025-11-17T21:04:16.781+0000] {logging_mixin.py:154} WARNING - Best trial: 6. Best value: 0.818528:  26%|##6       | 13/50 [00:09<00:17,  2.10it/s]
[2025-11-17T21:04:16.781+0000] {logging_mixin.py:154} WARNING - Best trial: 6. Best value: 0.818528:  26%|##6       | 13/50 [00:09<00:17,  2.10it/s]
[2025-11-17T21:04:16.782+0000] {logging_mixin.py:154} WARNING - Best trial: 6. Best value: 0.818528:  28%|##8       | 14/50 [00:09<00:15,  2.28it/s]
[2025-11-17T21:04:16.994+0000] {logging_mixin.py:154} WARNING -                                                                                     
[2025-11-17T21:04:16.994+0000] {logging_mixin.py:154} WARNING - 
[2025-11-17T21:04:16.994+0000] {logging_mixin.py:154} INFO - [I 2025-11-17 21:04:16,993] Trial 14 finished with value: 0.8152380952380953 and parameters: {'max_depth': 7, 'learning_rate': 0.15001335257655407, 'subsample': 0.7190650837455672, 'colsample_bytree': 0.860211631204547, 'min_child_weight': 6, 'gamma': 3.3170321430599126, 'n_estimators': 230}. Best is trial 6 with value: 0.8185279187817258.
[2025-11-17T21:04:16.994+0000] {logging_mixin.py:154} WARNING - Best trial: 6. Best value: 0.818528:  28%|##8       | 14/50 [00:09<00:15,  2.28it/s]
[2025-11-17T21:04:16.994+0000] {logging_mixin.py:154} WARNING - Best trial: 6. Best value: 0.818528:  28%|##8       | 14/50 [00:09<00:15,  2.28it/s]
[2025-11-17T21:04:16.994+0000] {logging_mixin.py:154} WARNING - Best trial: 6. Best value: 0.818528:  30%|###       | 15/50 [00:09<00:12,  2.70it/s]
[2025-11-17T21:04:16.228+0000] {logging_mixin.py:154} WARNING -                                                                                     
[2025-11-17T21:04:16.228+0000] {logging_mixin.py:154} WARNING - 
[2025-11-17T21:04:16.228+0000] {logging_mixin.py:154} INFO - [I 2025-11-17 21:04:16,228] Trial 15 finished with value: 0.8183556405353728 and parameters: {'max_depth': 11, 'learning_rate': 0.18677882394184023, 'subsample': 0.5895974542510894, 'colsample_bytree': 0.9245236465502216, 'min_child_weight': 1, 'gamma': 3.4837703235282182, 'n_estimators': 388}. Best is trial 6 with value: 0.8185279187817258.
[2025-11-17T21:04:16.228+0000] {logging_mixin.py:154} WARNING - Best trial: 6. Best value: 0.818528:  30%|###       | 15/50 [00:09<00:12,  2.70it/s]
[2025-11-17T21:04:16.229+0000] {logging_mixin.py:154} WARNING - Best trial: 6. Best value: 0.818528:  30%|###       | 15/50 [00:09<00:12,  2.70it/s]
[2025-11-17T21:04:16.472+0000] {logging_mixin.py:154} WARNING -                                                                                     
[2025-11-17T21:04:16.473+0000] {logging_mixin.py:154} WARNING - 
[2025-11-17T21:04:16.473+0000] {logging_mixin.py:154} INFO - [I 2025-11-17 21:04:16,472] Trial 16 finished with value: 0.8142948308870454 and parameters: {'max_depth': 8, 'learning_rate': 0.11630271413705008, 'subsample': 0.5919904580530095, 'colsample_bytree': 0.8295143024044869, 'min_child_weight': 3, 'gamma': 2.5044180887805285, 'n_estimators': 316}. Best is trial 6 with value: 0.8185279187817258.
[2025-11-17T21:04:16.473+0000] {logging_mixin.py:154} WARNING - Best trial: 6. Best value: 0.818528:  32%|###2      | 16/50 [00:09<00:12,  2.70it/s]
[2025-11-17T21:04:16.474+0000] {logging_mixin.py:154} WARNING - Best trial: 6. Best value: 0.818528:  32%|###2      | 16/50 [00:09<00:12,  2.70it/s]
[2025-11-17T21:04:17.566+0000] {logging_mixin.py:154} WARNING -                                                                                     
[2025-11-17T21:04:17.567+0000] {logging_mixin.py:154} WARNING - 
[2025-11-17T21:04:17.567+0000] {logging_mixin.py:154} INFO - [I 2025-11-17 21:04:17,566] Trial 17 finished with value: 0.7829508196721311 and parameters: {'max_depth': 12, 'learning_rate': 0.2828437645367315, 'subsample': 0.7320832480224756, 'colsample_bytree': 0.9984716209762532, 'min_child_weight': 4, 'gamma': 0.02370059826544546, 'n_estimators': 418}. Best is trial 6 with value: 0.8185279187817258.
[2025-11-17T21:04:17.567+0000] {logging_mixin.py:154} WARNING - Best trial: 6. Best value: 0.818528:  34%|###4      | 17/50 [00:10<00:12,  2.70it/s]
[2025-11-17T21:04:17.567+0000] {logging_mixin.py:154} WARNING - Best trial: 6. Best value: 0.818528:  34%|###4      | 17/50 [00:10<00:12,  2.70it/s]
[2025-11-17T21:04:17.567+0000] {logging_mixin.py:154} WARNING - Best trial: 6. Best value: 0.818528:  36%|###6      | 18/50 [00:10<00:08,  3.71it/s]
[2025-11-17T21:04:17.718+0000] {logging_mixin.py:154} WARNING -                                                                                     
[2025-11-17T21:04:17.718+0000] {logging_mixin.py:154} WARNING - 
[2025-11-17T21:04:17.718+0000] {logging_mixin.py:154} INFO - [I 2025-11-17 21:04:17,718] Trial 18 finished with value: 0.8186986734049274 and parameters: {'max_depth': 6, 'learning_rate': 0.17178329359598116, 'subsample': 0.5053763102374137, 'colsample_bytree': 0.8754986180062629, 'min_child_weight': 6, 'gamma': 3.8216059113430867, 'n_estimators': 191}. Best is trial 18 with value: 0.8186986734049274.
[2025-11-17T21:04:17.718+0000] {logging_mixin.py:154} WARNING - Best trial: 6. Best value: 0.818528:  36%|###6      | 18/50 [00:10<00:08,  3.71it/s]
[2025-11-17T21:04:17.718+0000] {logging_mixin.py:154} WARNING - Best trial: 18. Best value: 0.818699:  36%|###6      | 18/50 [00:10<00:08,  3.71it/s]
[2025-11-17T21:04:17.719+0000] {logging_mixin.py:154} WARNING - Best trial: 18. Best value: 0.818699:  38%|###8      | 19/50 [00:10<00:07,  4.09it/s]
[2025-11-17T21:04:17.818+0000] {logging_mixin.py:154} WARNING -                                                                                      
[2025-11-17T21:04:17.818+0000] {logging_mixin.py:154} WARNING - 
[2025-11-17T21:04:17.818+0000] {logging_mixin.py:154} INFO - [I 2025-11-17 21:04:17,818] Trial 19 finished with value: 0.8113924050632912 and parameters: {'max_depth': 5, 'learning_rate': 0.1932071193841226, 'subsample': 0.5091042526419193, 'colsample_bytree': 0.8964487210044978, 'min_child_weight': 6, 'gamma': 3.9793872180099115, 'n_estimators': 162}. Best is trial 18 with value: 0.8186986734049274.
[2025-11-17T21:04:17.818+0000] {logging_mixin.py:154} WARNING - Best trial: 18. Best value: 0.818699:  38%|###8      | 19/50 [00:10<00:07,  4.09it/s]
[2025-11-17T21:04:17.819+0000] {logging_mixin.py:154} WARNING - Best trial: 18. Best value: 0.818699:  38%|###8      | 19/50 [00:10<00:07,  4.09it/s]
[2025-11-17T21:04:17.819+0000] {logging_mixin.py:154} WARNING - Best trial: 18. Best value: 0.818699:  40%|####      | 20/50 [00:10<00:06,  4.74it/s]
[2025-11-17T21:04:17.988+0000] {logging_mixin.py:154} WARNING -                                                                                      
[2025-11-17T21:04:17.989+0000] {logging_mixin.py:154} WARNING - 
