[2025-11-17T23:46:00.446+0000] {logging_mixin.py:154} INFO - [I 2025-11-17 23:46:00,446] Trial 40 finished with value: 0.8012738853503185 and parameters: {'max_depth': 11, 'learning_rate': 0.08099598539151615, 'subsample': 0.9734910922844446, 'colsample_bytree': 0.6020512941564147, 'min_child_weight': 8, 'gamma': 0.6861613597540982, 'n_estimators': 391}. Best is trial 22 with value: 0.8048315321042594.
[2025-11-17T23:46:00.446+0000] {logging_mixin.py:154} WARNING - Best trial: 22. Best value: 0.804832:  80%|########  | 40/50 [00:29<00:06,  1.51it/s]
[2025-11-17T23:46:00.447+0000] {logging_mixin.py:154} WARNING - Best trial: 22. Best value: 0.804832:  80%|########  | 40/50 [00:29<00:06,  1.51it/s]
[2025-11-17T23:46:00.447+0000] {logging_mixin.py:154} WARNING - Best trial: 22. Best value: 0.804832:  82%|########2 | 41/50 [00:29<00:05,  1.72it/s]
[2025-11-17T23:46:00.656+0000] {logging_mixin.py:154} WARNING -                                                                                      
[2025-11-17T23:46:00.657+0000] {logging_mixin.py:154} WARNING - 
[2025-11-17T23:46:00.657+0000] {logging_mixin.py:154} INFO - [I 2025-11-17 23:46:00,656] Trial 41 finished with value: 0.8040583386176284 and parameters: {'max_depth': 12, 'learning_rate': 0.048743238542306916, 'subsample': 0.9645148362039293, 'colsample_bytree': 0.5817595992958474, 'min_child_weight': 9, 'gamma': 1.4542812238641498, 'n_estimators': 345}. Best is trial 22 with value: 0.8048315321042594.
[2025-11-17T23:46:00.657+0000] {logging_mixin.py:154} WARNING - Best trial: 22. Best value: 0.804832:  82%|########2 | 41/50 [00:30<00:05,  1.72it/s]
[2025-11-17T23:46:00.657+0000] {logging_mixin.py:154} WARNING - Best trial: 22. Best value: 0.804832:  82%|########2 | 41/50 [00:30<00:05,  1.72it/s]
[2025-11-17T23:46:00.657+0000] {logging_mixin.py:154} WARNING - Best trial: 22. Best value: 0.804832:  84%|########4 | 42/50 [00:30<00:03,  2.13it/s]
[2025-11-17T23:46:00.956+0000] {logging_mixin.py:154} WARNING -                                                                                      
[2025-11-17T23:46:00.956+0000] {logging_mixin.py:154} WARNING - 
[2025-11-17T23:46:00.957+0000] {logging_mixin.py:154} INFO - [I 2025-11-17 23:46:00,956] Trial 42 finished with value: 0.8005082592121983 and parameters: {'max_depth': 12, 'learning_rate': 0.04708579593629236, 'subsample': 0.9647637315753956, 'colsample_bytree': 0.5522012577943192, 'min_child_weight': 10, 'gamma': 1.3586581093234438, 'n_estimators': 317}. Best is trial 22 with value: 0.8048315321042594.
[2025-11-17T23:46:00.957+0000] {logging_mixin.py:154} WARNING - Best trial: 22. Best value: 0.804832:  84%|########4 | 42/50 [00:30<00:03,  2.13it/s]
[2025-11-17T23:46:00.957+0000] {logging_mixin.py:154} WARNING - Best trial: 22. Best value: 0.804832:  84%|########4 | 42/50 [00:30<00:03,  2.13it/s]
[2025-11-17T23:46:00.957+0000] {logging_mixin.py:154} WARNING - Best trial: 22. Best value: 0.804832:  86%|########6 | 43/50 [00:30<00:02,  2.39it/s]
[2025-11-17T23:46:01.853+0000] {logging_mixin.py:154} WARNING -                                                                                      
[2025-11-17T23:46:01.853+0000] {logging_mixin.py:154} WARNING - 
[2025-11-17T23:46:01.853+0000] {logging_mixin.py:154} INFO - [I 2025-11-17 23:46:01,852] Trial 43 finished with value: 0.8017902813299232 and parameters: {'max_depth': 14, 'learning_rate': 0.05818845766266493, 'subsample': 0.9257265288933062, 'colsample_bytree': 0.5789600265995569, 'min_child_weight': 9, 'gamma': 1.0281641573269438, 'n_estimators': 413}. Best is trial 22 with value: 0.8048315321042594.
[2025-11-17T23:46:01.853+0000] {logging_mixin.py:154} WARNING - Best trial: 22. Best value: 0.804832:  86%|########6 | 43/50 [00:31<00:02,  2.39it/s]
[2025-11-17T23:46:01.853+0000] {logging_mixin.py:154} WARNING - Best trial: 22. Best value: 0.804832:  86%|########6 | 43/50 [00:31<00:02,  2.39it/s]
[2025-11-17T23:46:01.853+0000] {logging_mixin.py:154} WARNING - Best trial: 22. Best value: 0.804832:  88%|########8 | 44/50 [00:31<00:03,  1.78it/s]
[2025-11-17T23:46:03.641+0000] {logging_mixin.py:154} WARNING -                                                                                      
[2025-11-17T23:46:03.641+0000] {logging_mixin.py:154} WARNING - 
[2025-11-17T23:46:03.641+0000] {logging_mixin.py:154} INFO - [I 2025-11-17 23:46:03,641] Trial 44 finished with value: 0.8045685279187816 and parameters: {'max_depth': 9, 'learning_rate': 0.028932707342245487, 'subsample': 0.974943570005506, 'colsample_bytree': 0.5194841038205044, 'min_child_weight': 8, 'gamma': 0.6462687015500123, 'n_estimators': 278}. Best is trial 22 with value: 0.8048315321042594.
[2025-11-17T23:46:03.642+0000] {logging_mixin.py:154} WARNING - Best trial: 22. Best value: 0.804832:  88%|########8 | 44/50 [00:32<00:03,  1.78it/s]
[2025-11-17T23:46:03.642+0000] {logging_mixin.py:154} WARNING - Best trial: 22. Best value: 0.804832:  88%|########8 | 44/50 [00:32<00:03,  1.78it/s]
[2025-11-17T23:46:03.643+0000] {logging_mixin.py:154} WARNING - Best trial: 22. Best value: 0.804832:  90%|######### | 45/50 [00:33<00:04,  1.07it/s]
[2025-11-17T23:46:06.982+0000] {logging_mixin.py:154} WARNING -                                                                                      
[2025-11-17T23:46:06.982+0000] {logging_mixin.py:154} WARNING - 
[2025-11-17T23:46:06.983+0000] {logging_mixin.py:154} INFO - [I 2025-11-17 23:46:06,982] Trial 45 finished with value: 0.799240025332489 and parameters: {'max_depth': 9, 'learning_rate': 0.026863588714973543, 'subsample': 0.9860244033760543, 'colsample_bytree': 0.5233176666620485, 'min_child_weight': 7, 'gamma': 0.45571560039347925, 'n_estimators': 286}. Best is trial 22 with value: 0.8048315321042594.
[2025-11-17T23:46:06.983+0000] {logging_mixin.py:154} WARNING - Best trial: 22. Best value: 0.804832:  90%|######### | 45/50 [00:36<00:04,  1.07it/s]
[2025-11-17T23:46:06.983+0000] {logging_mixin.py:154} WARNING - Best trial: 22. Best value: 0.804832:  90%|######### | 45/50 [00:36<00:04,  1.07it/s]
[2025-11-17T23:46:06.983+0000] {logging_mixin.py:154} WARNING - Best trial: 22. Best value: 0.804832:  92%|#########2| 46/50 [00:36<00:06,  1.65s/it]
[2025-11-17T23:46:07.553+0000] {logging_mixin.py:154} WARNING -                                                                                      
[2025-11-17T23:46:07.553+0000] {logging_mixin.py:154} WARNING - 
[2025-11-17T23:46:07.554+0000] {logging_mixin.py:154} INFO - [I 2025-11-17 23:46:07,553] Trial 46 finished with value: 0.8010204081632654 and parameters: {'max_depth': 10, 'learning_rate': 0.03754551115039342, 'subsample': 0.9973408618733371, 'colsample_bytree': 0.5797344860819836, 'min_child_weight': 8, 'gamma': 0.6742688217617143, 'n_estimators': 225}. Best is trial 22 with value: 0.8048315321042594.
[2025-11-17T23:46:07.554+0000] {logging_mixin.py:154} WARNING - Best trial: 22. Best value: 0.804832:  92%|#########2| 46/50 [00:36<00:06,  1.65s/it]
[2025-11-17T23:46:07.554+0000] {logging_mixin.py:154} WARNING - Best trial: 22. Best value: 0.804832:  92%|#########2| 46/50 [00:36<00:06,  1.65s/it]
[2025-11-17T23:46:07.554+0000] {logging_mixin.py:154} WARNING - Best trial: 22. Best value: 0.804832:  94%|#########3| 47/50 [00:36<00:03,  1.33s/it]
[2025-11-17T23:46:08.184+0000] {logging_mixin.py:154} WARNING -                                                                                      
[2025-11-17T23:46:08.185+0000] {logging_mixin.py:154} WARNING - 
[2025-11-17T23:46:08.185+0000] {logging_mixin.py:154} INFO - [I 2025-11-17 23:46:08,184] Trial 47 finished with value: 0.8017789072426939 and parameters: {'max_depth': 13, 'learning_rate': 0.02976596457249386, 'subsample': 0.947257865606021, 'colsample_bytree': 0.5167665237972624, 'min_child_weight': 5, 'gamma': 0.26742623731616355, 'n_estimators': 265}. Best is trial 22 with value: 0.8048315321042594.
[2025-11-17T23:46:08.185+0000] {logging_mixin.py:154} WARNING - Best trial: 22. Best value: 0.804832:  94%|#########3| 47/50 [00:37<00:03,  1.33s/it]
[2025-11-17T23:46:08.185+0000] {logging_mixin.py:154} WARNING - Best trial: 22. Best value: 0.804832:  94%|#########3| 47/50 [00:37<00:03,  1.33s/it]
[2025-11-17T23:46:08.185+0000] {logging_mixin.py:154} WARNING - Best trial: 22. Best value: 0.804832:  96%|#########6| 48/50 [00:37<00:02,  1.12s/it]
[2025-11-17T23:46:08.424+0000] {logging_mixin.py:154} WARNING -                                                                                      
[2025-11-17T23:46:08.425+0000] {logging_mixin.py:154} WARNING - 
[2025-11-17T23:46:08.425+0000] {logging_mixin.py:154} INFO - [I 2025-11-17 23:46:08,424] Trial 48 finished with value: 0.8055731475617479 and parameters: {'max_depth': 11, 'learning_rate': 0.020406225242038018, 'subsample': 0.9719203445724947, 'colsample_bytree': 0.6860304875117555, 'min_child_weight': 7, 'gamma': 0.23091753723281427, 'n_estimators': 162}. Best is trial 48 with value: 0.8055731475617479.
[2025-11-17T23:46:08.425+0000] {logging_mixin.py:154} WARNING - Best trial: 22. Best value: 0.804832:  96%|#########6| 48/50 [00:37<00:02,  1.12s/it]
[2025-11-17T23:46:08.425+0000] {logging_mixin.py:154} WARNING - Best trial: 48. Best value: 0.805573:  96%|#########6| 48/50 [00:37<00:02,  1.12s/it]
[2025-11-17T23:46:08.425+0000] {logging_mixin.py:154} WARNING - Best trial: 48. Best value: 0.805573:  98%|#########8| 49/50 [00:37<00:00,  1.17it/s]
[2025-11-17T23:46:09.334+0000] {logging_mixin.py:154} WARNING -                                                                                      
[2025-11-17T23:46:09.335+0000] {logging_mixin.py:154} WARNING - 
