[2025-11-17T22:07:55.624+0000] {logging_mixin.py:154} INFO - [I 2025-11-17 22:07:55,624] Trial 49 finished with value: 0.8596978823857755 and parameters: {'max_depth': 10, 'learning_rate': 0.26254192409403365, 'subsample': 0.7698979343390756, 'colsample_bytree': 0.72870055477439, 'min_child_weight': 3, 'gamma': 0.24763798608548396, 'n_estimators': 268}. Best is trial 47 with value: 0.8613203264146772.
[2025-11-17T22:07:55.625+0000] {logging_mixin.py:154} WARNING - Best trial: 47. Best value: 0.86132:  98%|#########8| 49/50 [02:25<00:02,  2.79s/it]
[2025-11-17T22:07:55.625+0000] {logging_mixin.py:154} WARNING - Best trial: 47. Best value: 0.86132:  98%|#########8| 49/50 [02:25<00:02,  2.79s/it]
[2025-11-17T22:07:55.625+0000] {logging_mixin.py:154} WARNING - Best trial: 47. Best value: 0.86132: 100%|##########| 50/50 [02:25<00:00,  2.98s/it]
[2025-11-17T22:07:55.626+0000] {logging_mixin.py:154} WARNING - Best trial: 47. Best value: 0.86132: 100%|##########| 50/50 [02:25<00:00,  2.92s/it]
[2025-11-17T22:07:55.626+0000] {model_training.py:111} INFO - ✅ Mejor F1-Score (validación): 0.8613
[2025-11-17T22:07:55.626+0000] {model_training.py:112} INFO - 📊 Mejores hiperparámetros encontrados:
[2025-11-17T22:07:55.626+0000] {model_training.py:114} INFO -    - max_depth: 12
[2025-11-17T22:07:55.626+0000] {model_training.py:114} INFO -    - learning_rate: 0.25501930243416493
[2025-11-17T22:07:55.626+0000] {model_training.py:114} INFO -    - subsample: 0.8587330337093806
[2025-11-17T22:07:55.626+0000] {model_training.py:114} INFO -    - colsample_bytree: 0.8140217789139716
[2025-11-17T22:07:55.626+0000] {model_training.py:114} INFO -    - min_child_weight: 2
[2025-11-17T22:07:55.626+0000] {model_training.py:114} INFO -    - gamma: 0.29842782258809014
[2025-11-17T22:07:55.626+0000] {model_training.py:114} INFO -    - n_estimators: 167
[2025-11-17T22:07:55.627+0000] {model_training.py:281} INFO - 🎯 Entrenando modelo final con mejores hiperparámetros...
[2025-11-17T22:07:55.709+0000] {logging_mixin.py:154} INFO - [0]	validation_0-logloss:0.60740	validation_1-logloss:0.60874	validation_2-logloss:0.60871
[2025-11-17T22:07:55.726+0000] {logging_mixin.py:154} INFO - [1]	validation_0-logloss:0.53894	validation_1-logloss:0.54201	validation_2-logloss:0.54153
[2025-11-17T22:07:55.743+0000] {logging_mixin.py:154} INFO - [2]	validation_0-logloss:0.51737	validation_1-logloss:0.52086	validation_2-logloss:0.52036
[2025-11-17T22:07:55.760+0000] {logging_mixin.py:154} INFO - [3]	validation_0-logloss:0.47909	validation_1-logloss:0.48384	validation_2-logloss:0.48358
[2025-11-17T22:07:55.779+0000] {logging_mixin.py:154} INFO - [4]	validation_0-logloss:0.45275	validation_1-logloss:0.45878	validation_2-logloss:0.45858
[2025-11-17T22:07:55.807+0000] {logging_mixin.py:154} INFO - [5]	validation_0-logloss:0.43823	validation_1-logloss:0.44499	validation_2-logloss:0.44481
[2025-11-17T22:07:55.829+0000] {logging_mixin.py:154} INFO - [6]	validation_0-logloss:0.42282	validation_1-logloss:0.43062	validation_2-logloss:0.43044
[2025-11-17T22:07:55.850+0000] {logging_mixin.py:154} INFO - [7]	validation_0-logloss:0.41215	validation_1-logloss:0.42118	validation_2-logloss:0.42077
[2025-11-17T22:07:55.864+0000] {logging_mixin.py:154} INFO - [8]	validation_0-logloss:0.40596	validation_1-logloss:0.41560	validation_2-logloss:0.41509
[2025-11-17T22:07:55.882+0000] {logging_mixin.py:154} INFO - [9]	validation_0-logloss:0.39629	validation_1-logloss:0.40727	validation_2-logloss:0.40714
[2025-11-17T22:07:55.899+0000] {logging_mixin.py:154} INFO - [10]	validation_0-logloss:0.39021	validation_1-logloss:0.40230	validation_2-logloss:0.40218
[2025-11-17T22:07:55.923+0000] {logging_mixin.py:154} INFO - [11]	validation_0-logloss:0.38413	validation_1-logloss:0.39700	validation_2-logloss:0.39670
[2025-11-17T22:07:55.952+0000] {logging_mixin.py:154} INFO - [12]	validation_0-logloss:0.37999	validation_1-logloss:0.39381	validation_2-logloss:0.39347
[2025-11-17T22:07:55.977+0000] {logging_mixin.py:154} INFO - [13]	validation_0-logloss:0.37706	validation_1-logloss:0.39142	validation_2-logloss:0.39110
[2025-11-17T22:07:55.999+0000] {logging_mixin.py:154} INFO - [14]	validation_0-logloss:0.37471	validation_1-logloss:0.38933	validation_2-logloss:0.38898
[2025-11-17T22:07:56.024+0000] {logging_mixin.py:154} INFO - [15]	validation_0-logloss:0.37269	validation_1-logloss:0.38768	validation_2-logloss:0.38737
[2025-11-17T22:07:56.048+0000] {logging_mixin.py:154} INFO - [16]	validation_0-logloss:0.36860	validation_1-logloss:0.38482	validation_2-logloss:0.38435
[2025-11-17T22:07:56.077+0000] {logging_mixin.py:154} INFO - [17]	validation_0-logloss:0.36519	validation_1-logloss:0.38221	validation_2-logloss:0.38170
[2025-11-17T22:07:56.101+0000] {logging_mixin.py:154} INFO - [18]	validation_0-logloss:0.36137	validation_1-logloss:0.37957	validation_2-logloss:0.37910
[2025-11-17T22:07:56.124+0000] {logging_mixin.py:154} INFO - [19]	validation_0-logloss:0.36035	validation_1-logloss:0.37875	validation_2-logloss:0.37829
[2025-11-17T22:07:56.146+0000] {logging_mixin.py:154} INFO - [20]	validation_0-logloss:0.35923	validation_1-logloss:0.37812	validation_2-logloss:0.37757
[2025-11-17T22:07:56.174+0000] {logging_mixin.py:154} INFO - [21]	validation_0-logloss:0.35744	validation_1-logloss:0.37671	validation_2-logloss:0.37627
[2025-11-17T22:07:56.202+0000] {logging_mixin.py:154} INFO - [22]	validation_0-logloss:0.35392	validation_1-logloss:0.37368	validation_2-logloss:0.37308
[2025-11-17T22:07:56.224+0000] {logging_mixin.py:154} INFO - [23]	validation_0-logloss:0.35221	validation_1-logloss:0.37242	validation_2-logloss:0.37181
[2025-11-17T22:07:56.350+0000] {logging_mixin.py:154} INFO - [24]	validation_0-logloss:0.35003	validation_1-logloss:0.37065	validation_2-logloss:0.36980
[2025-11-17T22:07:56.375+0000] {logging_mixin.py:154} INFO - [25]	validation_0-logloss:0.34874	validation_1-logloss:0.36973	validation_2-logloss:0.36882
[2025-11-17T22:07:56.398+0000] {logging_mixin.py:154} INFO - [26]	validation_0-logloss:0.34796	validation_1-logloss:0.36920	validation_2-logloss:0.36819
[2025-11-17T22:07:56.435+0000] {logging_mixin.py:154} INFO - [27]	validation_0-logloss:0.34615	validation_1-logloss:0.36771	validation_2-logloss:0.36672
[2025-11-17T22:07:56.468+0000] {logging_mixin.py:154} INFO - [28]	validation_0-logloss:0.34408	validation_1-logloss:0.36586	validation_2-logloss:0.36506
[2025-11-17T22:07:56.516+0000] {logging_mixin.py:154} INFO - [29]	validation_0-logloss:0.34361	validation_1-logloss:0.36556	validation_2-logloss:0.36473
[2025-11-17T22:07:56.538+0000] {logging_mixin.py:154} INFO - [30]	validation_0-logloss:0.34131	validation_1-logloss:0.36384	validation_2-logloss:0.36299
[2025-11-17T22:07:56.552+0000] {logging_mixin.py:154} INFO - [31]	validation_0-logloss:0.33914	validation_1-logloss:0.36233	validation_2-logloss:0.36156
[2025-11-17T22:07:56.568+0000] {logging_mixin.py:154} INFO - [32]	validation_0-logloss:0.33573	validation_1-logloss:0.36002	validation_2-logloss:0.35917
[2025-11-17T22:07:56.586+0000] {logging_mixin.py:154} INFO - [33]	validation_0-logloss:0.33442	validation_1-logloss:0.35913	validation_2-logloss:0.35830
[2025-11-17T22:07:56.623+0000] {logging_mixin.py:154} INFO - [34]	validation_0-logloss:0.33391	validation_1-logloss:0.35878	validation_2-logloss:0.35796
[2025-11-17T22:07:56.695+0000] {logging_mixin.py:154} INFO - [35]	validation_0-logloss:0.33280	validation_1-logloss:0.35826	validation_2-logloss:0.35737
[2025-11-17T22:07:56.722+0000] {logging_mixin.py:154} INFO - [36]	validation_0-logloss:0.33177	validation_1-logloss:0.35751	validation_2-logloss:0.35665
[2025-11-17T22:07:56.759+0000] {logging_mixin.py:154} INFO - [37]	validation_0-logloss:0.33039	validation_1-logloss:0.35655	validation_2-logloss:0.35578
[2025-11-17T22:07:56.788+0000] {logging_mixin.py:154} INFO - [38]	validation_0-logloss:0.32948	validation_1-logloss:0.35586	validation_2-logloss:0.35524
[2025-11-17T22:07:56.817+0000] {logging_mixin.py:154} INFO - [39]	validation_0-logloss:0.32829	validation_1-logloss:0.35534	validation_2-logloss:0.35466
[2025-11-17T22:07:56.839+0000] {logging_mixin.py:154} INFO - [40]	validation_0-logloss:0.32739	validation_1-logloss:0.35488	validation_2-logloss:0.35414
[2025-11-17T22:07:56.853+0000] {logging_mixin.py:154} INFO - [41]	validation_0-logloss:0.32694	validation_1-logloss:0.35457	validation_2-logloss:0.35378
[2025-11-17T22:07:56.887+0000] {logging_mixin.py:154} INFO - [42]	validation_0-logloss:0.32568	validation_1-logloss:0.35385	validation_2-logloss:0.35316
[2025-11-17T22:07:56.944+0000] {logging_mixin.py:154} INFO - [43]	validation_0-logloss:0.32446	validation_1-logloss:0.35315	validation_2-logloss:0.35256
[2025-11-17T22:07:56.957+0000] {logging_mixin.py:154} INFO - [44]	validation_0-logloss:0.32375	validation_1-logloss:0.35272	validation_2-logloss:0.35213
[2025-11-17T22:07:56.977+0000] {logging_mixin.py:154} INFO - [45]	validation_0-logloss:0.32250	validation_1-logloss:0.35218	validation_2-logloss:0.35161
[2025-11-17T22:07:56.992+0000] {logging_mixin.py:154} INFO - [46]	validation_0-logloss:0.32181	validation_1-logloss:0.35169	validation_2-logloss:0.35115
[2025-11-17T22:07:57.010+0000] {logging_mixin.py:154} INFO - [47]	validation_0-logloss:0.32100	validation_1-logloss:0.35134	validation_2-logloss:0.35067
[2025-11-17T22:07:57.025+0000] {logging_mixin.py:154} INFO - [48]	validation_0-logloss:0.32032	validation_1-logloss:0.35077	validation_2-logloss:0.35024
[2025-11-17T22:07:57.039+0000] {logging_mixin.py:154} INFO - [49]	validation_0-logloss:0.31887	validation_1-logloss:0.34982	validation_2-logloss:0.34928
[2025-11-17T22:07:57.050+0000] {logging_mixin.py:154} INFO - [50]	validation_0-logloss:0.31848	validation_1-logloss:0.34960	validation_2-logloss:0.34905
[2025-11-17T22:07:57.069+0000] {logging_mixin.py:154} INFO - [51]	validation_0-logloss:0.31758	validation_1-logloss:0.34925	validation_2-logloss:0.34872
[2025-11-17T22:07:57.087+0000] {logging_mixin.py:154} INFO - [52]	validation_0-logloss:0.31642	validation_1-logloss:0.34868	validation_2-logloss:0.34816
[2025-11-17T22:07:57.102+0000] {logging_mixin.py:154} INFO - [53]	validation_0-logloss:0.31573	validation_1-logloss:0.34822	validation_2-logloss:0.34772
[2025-11-17T22:07:57.114+0000] {logging_mixin.py:154} INFO - [54]	validation_0-logloss:0.31499	validation_1-logloss:0.34792	validation_2-logloss:0.34756
[2025-11-17T22:07:57.129+0000] {logging_mixin.py:154} INFO - [55]	validation_0-logloss:0.31395	validation_1-logloss:0.34730	validation_2-logloss:0.34695
[2025-11-17T22:07:57.141+0000] {logging_mixin.py:154} INFO - [56]	validation_0-logloss:0.31323	validation_1-logloss:0.34699	validation_2-logloss:0.34663
[2025-11-17T22:07:57.154+0000] {logging_mixin.py:154} INFO - [57]	validation_0-logloss:0.31241	validation_1-logloss:0.34647	validation_2-logloss:0.34617
[2025-11-17T22:07:57.167+0000] {logging_mixin.py:154} INFO - [58]	validation_0-logloss:0.31156	validation_1-logloss:0.34612	validation_2-logloss:0.34576
[2025-11-17T22:07:57.180+0000] {logging_mixin.py:154} INFO - [59]	validation_0-logloss:0.31097	validation_1-logloss:0.34590	validation_2-logloss:0.34551
[2025-11-17T22:07:57.191+0000] {logging_mixin.py:154} INFO - [60]	validation_0-logloss:0.31060	validation_1-logloss:0.34582	validation_2-logloss:0.34542
[2025-11-17T22:07:57.213+0000] {logging_mixin.py:154} INFO - [61]	validation_0-logloss:0.31005	validation_1-logloss:0.34555	validation_2-logloss:0.34516
[2025-11-17T22:07:57.229+0000] {logging_mixin.py:154} INFO - [62]	validation_0-logloss:0.30919	validation_1-logloss:0.34518	validation_2-logloss:0.34478
[2025-11-17T22:07:57.244+0000] {logging_mixin.py:154} INFO - [63]	validation_0-logloss:0.30847	validation_1-logloss:0.34492	validation_2-logloss:0.34459
[2025-11-17T22:07:57.257+0000] {logging_mixin.py:154} INFO - [64]	validation_0-logloss:0.30821	validation_1-logloss:0.34478	validation_2-logloss:0.34446
[2025-11-17T22:07:57.283+0000] {logging_mixin.py:154} INFO - [65]	validation_0-logloss:0.30800	validation_1-logloss:0.34468	validation_2-logloss:0.34433
[2025-11-17T22:07:57.305+0000] {logging_mixin.py:154} INFO - [66]	validation_0-logloss:0.30733	validation_1-logloss:0.34438	validation_2-logloss:0.34417
[2025-11-17T22:07:57.324+0000] {logging_mixin.py:154} INFO - [67]	validation_0-logloss:0.30695	validation_1-logloss:0.34415	validation_2-logloss:0.34395
[2025-11-17T22:07:57.337+0000] {logging_mixin.py:154} INFO - [68]	validation_0-logloss:0.30632	validation_1-logloss:0.34389	validation_2-logloss:0.34377
[2025-11-17T22:07:57.351+0000] {logging_mixin.py:154} INFO - [69]	validation_0-logloss:0.30598	validation_1-logloss:0.34380	validation_2-logloss:0.34367
[2025-11-17T22:07:57.364+0000] {logging_mixin.py:154} INFO - [70]	validation_0-logloss:0.30521	validation_1-logloss:0.34343	validation_2-logloss:0.34344
[2025-11-17T22:07:57.377+0000] {logging_mixin.py:154} INFO - [71]	validation_0-logloss:0.30486	validation_1-logloss:0.34337	validation_2-logloss:0.34341
[2025-11-17T22:07:57.391+0000] {logging_mixin.py:154} INFO - [72]	validation_0-logloss:0.30395	validation_1-logloss:0.34306	validation_2-logloss:0.34308
[2025-11-17T22:07:57.405+0000] {logging_mixin.py:154} INFO - [73]	validation_0-logloss:0.30324	validation_1-logloss:0.34285	validation_2-logloss:0.34280
[2025-11-17T22:07:57.419+0000] {logging_mixin.py:154} INFO - [74]	validation_0-logloss:0.30292	validation_1-logloss:0.34273	validation_2-logloss:0.34269
[2025-11-17T22:07:57.434+0000] {logging_mixin.py:154} INFO - [75]	validation_0-logloss:0.30229	validation_1-logloss:0.34250	validation_2-logloss:0.34235
[2025-11-17T22:07:57.449+0000] {logging_mixin.py:154} INFO - [76]	validation_0-logloss:0.30169	validation_1-logloss:0.34216	validation_2-logloss:0.34205
[2025-11-17T22:07:57.462+0000] {logging_mixin.py:154} INFO - [77]	validation_0-logloss:0.30142	validation_1-logloss:0.34211	validation_2-logloss:0.34194
[2025-11-17T22:07:57.476+0000] {logging_mixin.py:154} INFO - [78]	validation_0-logloss:0.30111	validation_1-logloss:0.34194	validation_2-logloss:0.34186
[2025-11-17T22:07:57.490+0000] {logging_mixin.py:154} INFO - [79]	validation_0-logloss:0.30099	validation_1-logloss:0.34191	validation_2-logloss:0.34185
[2025-11-17T22:07:57.503+0000] {logging_mixin.py:154} INFO - [80]	validation_0-logloss:0.30025	validation_1-logloss:0.34171	validation_2-logloss:0.34163
[2025-11-17T22:07:57.517+0000] {logging_mixin.py:154} INFO - [81]	validation_0-logloss:0.29981	validation_1-logloss:0.34156	validation_2-logloss:0.34149
[2025-11-17T22:07:57.530+0000] {logging_mixin.py:154} INFO - [82]	validation_0-logloss:0.29946	validation_1-logloss:0.34133	validation_2-logloss:0.34132
[2025-11-17T22:07:57.554+0000] {logging_mixin.py:154} INFO - [83]	validation_0-logloss:0.29909	validation_1-logloss:0.34123	validation_2-logloss:0.34122
[2025-11-17T22:07:57.566+0000] {logging_mixin.py:154} INFO - [84]	validation_0-logloss:0.29872	validation_1-logloss:0.34103	validation_2-logloss:0.34108
[2025-11-17T22:07:57.584+0000] {logging_mixin.py:154} INFO - [85]	validation_0-logloss:0.29838	validation_1-logloss:0.34083	validation_2-logloss:0.34101
[2025-11-17T22:07:57.597+0000] {logging_mixin.py:154} INFO - [86]	validation_0-logloss:0.29821	validation_1-logloss:0.34080	validation_2-logloss:0.34100
[2025-11-17T22:07:57.609+0000] {logging_mixin.py:154} INFO - [87]	validation_0-logloss:0.29819	validation_1-logloss:0.34081	validation_2-logloss:0.34098
[2025-11-17T22:07:57.621+0000] {logging_mixin.py:154} INFO - [88]	validation_0-logloss:0.29788	validation_1-logloss:0.34086	validation_2-logloss:0.34098
[2025-11-17T22:07:57.634+0000] {logging_mixin.py:154} INFO - [89]	validation_0-logloss:0.29764	validation_1-logloss:0.34079	validation_2-logloss:0.34096
[2025-11-17T22:07:57.662+0000] {logging_mixin.py:154} INFO - [90]	validation_0-logloss:0.29737	validation_1-logloss:0.34061	validation_2-logloss:0.34083
[2025-11-17T22:07:57.691+0000] {logging_mixin.py:154} INFO - [91]	validation_0-logloss:0.29723	validation_1-logloss:0.34056	validation_2-logloss:0.34076
[2025-11-17T22:07:57.703+0000] {logging_mixin.py:154} INFO - [92]	validation_0-logloss:0.29708	validation_1-logloss:0.34057	validation_2-logloss:0.34073
[2025-11-17T22:07:57.716+0000] {logging_mixin.py:154} INFO - [93]	validation_0-logloss:0.29699	validation_1-logloss:0.34051	validation_2-logloss:0.34064
[2025-11-17T22:07:57.728+0000] {logging_mixin.py:154} INFO - [94]	validation_0-logloss:0.29653	validation_1-logloss:0.34036	validation_2-logloss:0.34049
[2025-11-17T22:07:57.741+0000] {logging_mixin.py:154} INFO - [95]	validation_0-logloss:0.29622	validation_1-logloss:0.34030	validation_2-logloss:0.34046
[2025-11-17T22:07:57.754+0000] {logging_mixin.py:154} INFO - [96]	validation_0-logloss:0.29571	validation_1-logloss:0.34017	validation_2-logloss:0.34037
[2025-11-17T22:07:57.767+0000] {logging_mixin.py:154} INFO - [97]	validation_0-logloss:0.29550	validation_1-logloss:0.34006	validation_2-logloss:0.34028
[2025-11-17T22:07:57.778+0000] {logging_mixin.py:154} INFO - [98]	validation_0-logloss:0.29536	validation_1-logloss:0.34007	validation_2-logloss:0.34029
[2025-11-17T22:07:57.794+0000] {logging_mixin.py:154} INFO - [99]	validation_0-logloss:0.29525	validation_1-logloss:0.34002	validation_2-logloss:0.34025
[2025-11-17T22:07:57.805+0000] {logging_mixin.py:154} INFO - [100]	validation_0-logloss:0.29502	validation_1-logloss:0.33998	validation_2-logloss:0.34017
[2025-11-17T22:07:57.824+0000] {logging_mixin.py:154} INFO - [101]	validation_0-logloss:0.29461	validation_1-logloss:0.33988	validation_2-logloss:0.34015
[2025-11-17T22:07:57.839+0000] {logging_mixin.py:154} INFO - [102]	validation_0-logloss:0.29425	validation_1-logloss:0.33987	validation_2-logloss:0.34011
[2025-11-17T22:07:57.851+0000] {logging_mixin.py:154} INFO - [103]	validation_0-logloss:0.29411	validation_1-logloss:0.33993	validation_2-logloss:0.34009
[2025-11-17T22:07:57.865+0000] {logging_mixin.py:154} INFO - [104]	validation_0-logloss:0.29381	validation_1-logloss:0.33985	validation_2-logloss:0.34002
[2025-11-17T22:07:57.879+0000] {logging_mixin.py:154} INFO - [105]	validation_0-logloss:0.29341	validation_1-logloss:0.33973	validation_2-logloss:0.33988
[2025-11-17T22:07:57.889+0000] {logging_mixin.py:154} INFO - [106]	validation_0-logloss:0.29335	validation_1-logloss:0.33970	validation_2-logloss:0.33987
[2025-11-17T22:07:57.907+0000] {logging_mixin.py:154} INFO - [107]	validation_0-logloss:0.29309	validation_1-logloss:0.33960	validation_2-logloss:0.33971
[2025-11-17T22:07:57.924+0000] {logging_mixin.py:154} INFO - [108]	validation_0-logloss:0.29282	validation_1-logloss:0.33952	validation_2-logloss:0.33962
[2025-11-17T22:07:57.949+0000] {logging_mixin.py:154} INFO - [109]	validation_0-logloss:0.29242	validation_1-logloss:0.33942	validation_2-logloss:0.33952
[2025-11-17T22:07:57.967+0000] {logging_mixin.py:154} INFO - [110]	validation_0-logloss:0.29218	validation_1-logloss:0.33942	validation_2-logloss:0.33950
[2025-11-17T22:07:57.981+0000] {logging_mixin.py:154} INFO - [111]	validation_0-logloss:0.29170	validation_1-logloss:0.33929	validation_2-logloss:0.33944
[2025-11-17T22:07:57.994+0000] {logging_mixin.py:154} INFO - [112]	validation_0-logloss:0.29149	validation_1-logloss:0.33929	validation_2-logloss:0.33948
[2025-11-17T22:07:58.008+0000] {logging_mixin.py:154} INFO - [113]	validation_0-logloss:0.29126	validation_1-logloss:0.33923	validation_2-logloss:0.33941
[2025-11-17T22:07:58.019+0000] {logging_mixin.py:154} INFO - [114]	validation_0-logloss:0.29124	validation_1-logloss:0.33926	validation_2-logloss:0.33941
[2025-11-17T22:07:58.032+0000] {logging_mixin.py:154} INFO - [115]	validation_0-logloss:0.29108	validation_1-logloss:0.33923	validation_2-logloss:0.33936
[2025-11-17T22:07:58.052+0000] {logging_mixin.py:154} INFO - [116]	validation_0-logloss:0.29077	validation_1-logloss:0.33917	validation_2-logloss:0.33937
[2025-11-17T22:07:58.071+0000] {logging_mixin.py:154} INFO - [117]	validation_0-logloss:0.29054	validation_1-logloss:0.33912	validation_2-logloss:0.33942
[2025-11-17T22:07:58.084+0000] {logging_mixin.py:154} INFO - [118]	validation_0-logloss:0.29035	validation_1-logloss:0.33909	validation_2-logloss:0.33938
[2025-11-17T22:07:58.104+0000] {logging_mixin.py:154} INFO - [119]	validation_0-logloss:0.29012	validation_1-logloss:0.33909	validation_2-logloss:0.33937
[2025-11-17T22:07:58.122+0000] {logging_mixin.py:154} INFO - [120]	validation_0-logloss:0.29003	validation_1-logloss:0.33910	validation_2-logloss:0.33939
[2025-11-17T22:07:58.136+0000] {logging_mixin.py:154} INFO - [121]	validation_0-logloss:0.28970	validation_1-logloss:0.33904	validation_2-logloss:0.33943
[2025-11-17T22:07:58.151+0000] {logging_mixin.py:154} INFO - [122]	validation_0-logloss:0.28934	validation_1-logloss:0.33892	validation_2-logloss:0.33940
[2025-11-17T22:07:58.405+0000] {logging_mixin.py:154} INFO - [123]	validation_0-logloss:0.28899	validation_1-logloss:0.33881	validation_2-logloss:0.33937
[2025-11-17T22:07:58.469+0000] {logging_mixin.py:154} INFO - [124]	validation_0-logloss:0.28888	validation_1-logloss:0.33878	validation_2-logloss:0.33936
[2025-11-17T22:07:58.971+0000] {logging_mixin.py:154} INFO - [125]	validation_0-logloss:0.28869	validation_1-logloss:0.33870	validation_2-logloss:0.33928
[2025-11-17T22:07:59.087+0000] {logging_mixin.py:154} INFO - [126]	validation_0-logloss:0.28862	validation_1-logloss:0.33868	validation_2-logloss:0.33931
[2025-11-17T22:07:59.141+0000] {logging_mixin.py:154} INFO - [127]	validation_0-logloss:0.28834	validation_1-logloss:0.33866	validation_2-logloss:0.33929
[2025-11-17T22:07:59.158+0000] {logging_mixin.py:154} INFO - [128]	validation_0-logloss:0.28828	validation_1-logloss:0.33865	validation_2-logloss:0.33930
[2025-11-17T22:07:59.171+0000] {logging_mixin.py:154} INFO - [129]	validation_0-logloss:0.28819	validation_1-logloss:0.33865	validation_2-logloss:0.33931
[2025-11-17T22:07:59.183+0000] {logging_mixin.py:154} INFO - [130]	validation_0-logloss:0.28812	validation_1-loglos