[2025-11-17T20:51:47.151+0000] {logging_mixin.py:154} INFO - [I 2025-11-17 20:51:47,151] Trial 21 finished with value: 0.8157061431285624 and parameters: {'max_depth': 9, 'learning_rate': 0.16195826958536208, 'subsample': 0.6145777931279818, 'colsample_bytree': 0.8059957102470231, 'min_child_weight': 4, 'gamma': 3.139091586528407, 'n_estimators': 230}. Best is trial 18 with value: 0.8186986734049274.
[2025-11-17T20:51:47.152+0000] {logging_mixin.py:154} WARNING - Best trial: 18. Best value: 0.818699:  42%|####2     | 21/50 [00:13<00:09,  3.19it/s]
[2025-11-17T20:51:47.152+0000] {logging_mixin.py:154} WARNING - Best trial: 18. Best value: 0.818699:  42%|####2     | 21/50 [00:13<00:09,  3.19it/s]
[2025-11-17T20:51:47.152+0000] {logging_mixin.py:154} WARNING - Best trial: 18. Best value: 0.818699:  44%|####4     | 22/50 [00:13<00:05,  4.90it/s]
[2025-11-17T20:51:47.306+0000] {logging_mixin.py:154} WARNING -                                                                                      
[2025-11-17T20:51:47.306+0000] {logging_mixin.py:154} WARNING - 
[2025-11-17T20:51:47.306+0000] {logging_mixin.py:154} INFO - [I 2025-11-17 20:51:47,306] Trial 22 finished with value: 0.8058561425843412 and parameters: {'max_depth': 6, 'learning_rate': 0.21483616243677206, 'subsample': 0.5057359665961872, 'colsample_bytree': 0.868796017734545, 'min_child_weight': 2, 'gamma': 2.898619814172191, 'n_estimators': 276}. Best is trial 18 with value: 0.8186986734049274.
[2025-11-17T20:51:47.306+0000] {logging_mixin.py:154} WARNING - Best trial: 18. Best value: 0.818699:  44%|####4     | 22/50 [00:13<00:05,  4.90it/s]
[2025-11-17T20:51:47.307+0000] {logging_mixin.py:154} WARNING - Best trial: 18. Best value: 0.818699:  44%|####4     | 22/50 [00:13<00:05,  4.90it/s]
[2025-11-17T20:51:47.307+0000] {logging_mixin.py:154} WARNING - Best trial: 18. Best value: 0.818699:  46%|####6     | 23/50 [00:13<00:05,  5.21it/s]
[2025-11-17T20:51:47.396+0000] {logging_mixin.py:154} WARNING -                                                                                      
[2025-11-17T20:51:47.396+0000] {logging_mixin.py:154} WARNING - 
[2025-11-17T20:51:47.397+0000] {logging_mixin.py:154} INFO - [I 2025-11-17 20:51:47,396] Trial 23 finished with value: 0.821969696969697 and parameters: {'max_depth': 8, 'learning_rate': 0.2961731536915933, 'subsample': 0.6867155181448017, 'colsample_bytree': 0.86519958847395, 'min_child_weight': 5, 'gamma': 3.616582292728368, 'n_estimators': 175}. Best is trial 23 with value: 0.821969696969697.
[2025-11-17T20:51:47.397+0000] {logging_mixin.py:154} WARNING - Best trial: 18. Best value: 0.818699:  46%|####6     | 23/50 [00:13<00:05,  5.21it/s]
[2025-11-17T20:51:47.397+0000] {logging_mixin.py:154} WARNING - Best trial: 23. Best value: 0.82197:  46%|####6     | 23/50 [00:13<00:05,  5.21it/s] 
[2025-11-17T20:51:47.472+0000] {logging_mixin.py:154} WARNING -                                                                                     
[2025-11-17T20:51:47.472+0000] {logging_mixin.py:154} WARNING - 
[2025-11-17T20:51:47.472+0000] {logging_mixin.py:154} INFO - [I 2025-11-17 20:51:47,472] Trial 24 finished with value: 0.8167406467977172 and parameters: {'max_depth': 10, 'learning_rate': 0.2829962385064628, 'subsample': 0.6198150635675288, 'colsample_bytree': 0.7865893526040977, 'min_child_weight': 7, 'gamma': 4.355342976739857, 'n_estimators': 147}. Best is trial 23 with value: 0.821969696969697.
[2025-11-17T20:51:47.472+0000] {logging_mixin.py:154} WARNING - Best trial: 23. Best value: 0.82197:  48%|####8     | 24/50 [00:13<00:04,  5.21it/s]
[2025-11-17T20:51:47.473+0000] {logging_mixin.py:154} WARNING - Best trial: 23. Best value: 0.82197:  48%|####8     | 24/50 [00:13<00:04,  5.21it/s]
[2025-11-17T20:51:47.473+0000] {logging_mixin.py:154} WARNING - Best trial: 23. Best value: 0.82197:  50%|#####     | 25/50 [00:13<00:03,  6.82it/s]
[2025-11-17T20:51:47.653+0000] {logging_mixin.py:154} WARNING -                                                                                     
[2025-11-17T20:51:47.653+0000] {logging_mixin.py:154} WARNING - 
[2025-11-17T20:51:47.653+0000] {logging_mixin.py:154} INFO - [I 2025-11-17 20:51:47,653] Trial 25 finished with value: 0.8134517766497461 and parameters: {'max_depth': 8, 'learning_rate': 0.21128694172682358, 'subsample': 0.5687015336457728, 'colsample_bytree': 0.8840663308444058, 'min_child_weight': 5, 'gamma': 3.6915541033696435, 'n_estimators': 183}. Best is trial 23 with value: 0.821969696969697.
[2025-11-17T20:51:47.653+0000] {logging_mixin.py:154} WARNING - Best trial: 23. Best value: 0.82197:  50%|#####     | 25/50 [00:14<00:03,  6.82it/s]
[2025-11-17T20:51:47.653+0000] {logging_mixin.py:154} WARNING - Best trial: 23. Best value: 0.82197:  50%|#####     | 25/50 [00:14<00:03,  6.82it/s]
[2025-11-17T20:51:47.654+0000] {logging_mixin.py:154} WARNING - Best trial: 23. Best value: 0.82197:  52%|#####2    | 26/50 [00:14<00:03,  6.47it/s]
[2025-11-17T20:51:47.725+0000] {logging_mixin.py:154} WARNING -                                                                                     
[2025-11-17T20:51:47.725+0000] {logging_mixin.py:154} WARNING - 
[2025-11-17T20:51:47.725+0000] {logging_mixin.py:154} INFO - [I 2025-11-17 20:51:47,725] Trial 26 finished with value: 0.8097622027534419 and parameters: {'max_depth': 4, 'learning_rate': 0.2939492868384221, 'subsample': 0.6741515345857024, 'colsample_bytree': 0.9360957214720802, 'min_child_weight': 6, 'gamma': 3.6386877683560526, 'n_estimators': 104}. Best is trial 23 with value: 0.821969696969697.
[2025-11-17T20:51:47.725+0000] {logging_mixin.py:154} WARNING - Best trial: 23. Best value: 0.82197:  52%|#####2    | 26/50 [00:14<00:03,  6.47it/s]
[2025-11-17T20:51:47.726+0000] {logging_mixin.py:154} WARNING - Best trial: 23. Best value: 0.82197:  52%|#####2    | 26/50 [00:14<00:03,  6.47it/s]
[2025-11-17T20:51:47.801+0000] {logging_mixin.py:154} WARNING -                                                                                     
[2025-11-17T20:51:47.802+0000] {logging_mixin.py:154} WARNING - 
[2025-11-17T20:51:47.802+0000] {logging_mixin.py:154} INFO - [I 2025-11-17 20:51:47,801] Trial 27 finished with value: 0.8108108108108107 and parameters: {'max_depth': 6, 'learning_rate': 0.21630756112263988, 'subsample': 0.6147015886512818, 'colsample_bytree': 0.8169123111778869, 'min_child_weight': 5, 'gamma': 4.637958059966712, 'n_estimators': 108}. Best is trial 23 with value: 0.821969696969697.
[2025-11-17T20:51:47.802+0000] {logging_mixin.py:154} WARNING - Best trial: 23. Best value: 0.82197:  54%|#####4    | 27/50 [00:14<00:03,  6.47it/s]
[2025-11-17T20:51:47.802+0000] {logging_mixin.py:154} WARNING - Best trial: 23. Best value: 0.82197:  54%|#####4    | 27/50 [00:14<00:03,  6.47it/s]
[2025-11-17T20:51:47.802+0000] {logging_mixin.py:154} WARNING - Best trial: 23. Best value: 0.82197:  56%|#####6    | 28/50 [00:14<00:02,  8.14it/s]
[2025-11-17T20:51:47.930+0000] {logging_mixin.py:154} WARNING -                                                                                     
[2025-11-17T20:51:47.930+0000] {logging_mixin.py:154} WARNING - 
[2025-11-17T20:51:47.931+0000] {logging_mixin.py:154} INFO - [I 2025-11-17 20:51:47,930] Trial 28 finished with value: 0.8142041851616993 and parameters: {'max_depth': 3, 'learning_rate': 0.17401664261971608, 'subsample': 0.5446866755126428, 'colsample_bytree': 0.8742681487484665, 'min_child_weight': 4, 'gamma': 4.092509044953492, 'n_estimators': 198}. Best is trial 23 with value: 0.821969696969697.
[2025-11-17T20:51:47.931+0000] {logging_mixin.py:154} WARNING - Best trial: 23. Best value: 0.82197:  56%|#####6    | 28/50 [00:14<00:02,  8.14it/s]
[2025-11-17T20:51:47.931+0000] {logging_mixin.py:154} WARNING - Best trial: 23. Best value: 0.82197:  56%|#####6    | 28/50 [00:14<00:02,  8.14it/s]
[2025-11-17T20:51:47.931+0000] {logging_mixin.py:154} WARNING - Best trial: 23. Best value: 0.82197:  58%|#####8    | 29/50 [00:14<00:02,  8.05it/s]
[2025-11-17T20:51:48.071+0000] {logging_mixin.py:154} WARNING -                                                                                     
[2025-11-17T20:51:48.071+0000] {logging_mixin.py:154} WARNING - 
[2025-11-17T20:51:48.072+0000] {logging_mixin.py:154} INFO - [I 2025-11-17 20:51:48,071] Trial 29 finished with value: 0.8134092346616065 and parameters: {'max_depth': 8, 'learning_rate': 0.22822625069219526, 'subsample': 0.6925458612026015, 'colsample_bytree': 0.7876143731110701, 'min_child_weight': 8, 'gamma': 2.71347277059325, 'n_estimators': 248}. Best is trial 23 with value: 0.821969696969697.
[2025-11-17T20:51:48.072+0000] {logging_mixin.py:154} WARNING - Best trial: 23. Best value: 0.82197:  58%|#####8    | 29/50 [00:14<00:02,  8.05it/s]
[2025-11-17T20:51:48.072+0000] {logging_mixin.py:154} WARNING - Best trial: 23. Best value: 0.82197:  58%|#####8    | 29/50 [00:14<00:02,  8.05it/s]
[2025-11-17T20:51:48.072+0000] {logging_mixin.py:154} WARNING - Best trial: 23. Best value: 0.82197:  60%|######    | 30/50 [00:14<00:02,  7.80it/s]
[2025-11-17T20:51:48.140+0000] {logging_mixin.py:154} WARNING -                                                                                     
[2025-11-17T20:51:48.141+0000] {logging_mixin.py:154} WARNING - 
[2025-11-17T20:51:48.141+0000] {logging_mixin.py:154} INFO - [I 2025-11-17 20:51:48,140] Trial 30 finished with value: 0.817435249526216 and parameters: {'max_depth': 6, 'learning_rate': 0.2385883942936728, 'subsample': 0.5873366638078266, 'colsample_bytree': 0.8441297343300987, 'min_child_weight': 2, 'gamma': 3.4373186486883607, 'n_estimators': 105}. Best is trial 23 with value: 0.821969696969697.
[2025-11-17T20:51:48.141+0000] {logging_mixin.py:154} WARNING - Best trial: 23. Best value: 0.82197:  60%|######    | 30/50 [00:14<00:02,  7.80it/s]
[2025-11-17T20:51:48.141+0000] {logging_mixin.py:154} WARNING - Best trial: 23. Best value: 0.82197:  60%|######    | 30/50 [00:14<00:02,  7.80it/s]
[2025-11-17T20:51:48.375+0000] {logging_mixin.py:154} WARNING -                                                                                     
[2025-11-17T20:51:48.376+0000] {logging_mixin.py:154} WARNING - 
[2025-11-17T20:51:48.376+0000] {logging_mixin.py:154} INFO - [I 2025-11-17 20:51:48,375] Trial 31 finished with value: 0.8178954001260239 and parameters: {'max_depth': 7, 'learning_rate': 0.14253355128835915, 'subsample': 0.7060012319389273, 'colsample_bytree': 0.8355129443884577, 'min_child_weight': 3, 'gamma': 3.165787353005748, 'n_estimators': 313}. Best is trial 23 with value: 0.821969696969697.
[2025-11-17T20:51:48.376+0000] {logging_mixin.py:154} WARNING - Best trial: 23. Best value: 0.82197:  62%|######2   | 31/50 [00:14<00:02,  7.80it/s]
[2025-11-17T20:51:48.376+0000] {logging_mixin.py:154} WARNING - Best trial: 23. Best value: 0.82197:  62%|######2   | 31/50 [00:14<00:02,  7.80it/s]
[2025-11-17T20:51:48.376+0000] {logging_mixin.py:154} WARNING - Best trial: 23. Best value: 0.82197:  64%|######4   | 32/50 [00:14<00:02,  7.25it/s]
[2025-11-17T20:51:48.461+0000] {logging_mixin.py:154} WARNING -                                                                                     
[2025-11-17T20:51:48.462+0000] {logging_mixin.py:154} WARNING - 
[2025-11-17T20:51:48.462+0000] {logging_mixin.py:154} INFO - [I 2025-11-17 20:51:48,461] Trial 32 finished with value: 0.8177215189873417 and parameters: {'max_depth': 8, 'learning_rate': 0.1345963646203148, 'subsample': 0.7500949942496841, 'colsample_bytree': 0.8650397708057478, 'min_child_weight': 4, 'gamma': 2.9020033336707196, 'n_estimators': 178}. Best is trial 23 with value: 0.821969696969697.
[2025-11-17T20:51:48.462+0000] {logging_mixin.py:154} WARNING - Best trial: 23. Best value: 0.82197:  64%|######4   | 32/50 [00:14<00:02,  7.25it/s]
[2025-11-17T20:51:48.462+0000] {logging_mixin.py:154} WARNING - Best trial: 23. Best value: 0.82197:  64%|######4   | 32/50 [00:14<00:02,  7.25it/s]
[2025-11-17T20:51:48.623+0000] {logging_mixin.py:154} WARNING -                                                                                     
[2025-11-17T20:51:48.624+0000] {logging_mixin.py:154} WARNING - 
[2025-11-17T20:51:48.624+0000] {logging_mixin.py:154} INFO - [I 2025-11-17 20:51:48,623] Trial 33 finished with value: 0.820447284345048 and parameters: {'max_depth': 10, 'learning_rate': 0.16672203556677798, 'subsample': 0.6549914433312047, 'colsample_bytree': 0.8071868938792947, 'min_child_weight': 6, 'gamma': 2.285545670206392, 'n_estimators': 340}. Best is trial 23 with value: 0.821969696969697.
[2025-11-17T20:51:48.624+0000] {logging_mixin.py:154} WARNING - Best trial: 23. Best value: 0.82197:  66%|######6   | 33/50 [00:15<00:02,  7.25it/s]
[2025-11-17T20:51:48.624+0000] {logging_mixin.py:154} WARNING - Best trial: 23. Best value: 0.82197:  66%|######6   | 33/50 [00:15<00:02,  7.25it/s]
[2025-11-17T20:51:48.624+0000] {logging_mixin.py:154} WARNING - Best trial: 23. Best value: 0.82197:  68%|######8   | 34/50 [00:15<00:02,  7.53it/s]
[2025-11-17T20:51:48.809+0000] {logging_mixin.py:154} WARNING -                                                                                     
[2025-11-17T20:51:48.809+0000] {logging_mixin.py:154} WARNING - 
[2025-11-17T20:51:48.809+0000] {logging_mixin.py:154} INFO - [I 2025-11-17 20:51:48,809] Trial 34 finished with value: 0.8193384223918575 and parameters: {'max_depth': 10, 'learning_rate': 0.1801915250003015, 'subsample': 0.6479402703946394, 'colsample_bytree': 0.7768732917384981, 'min_child_weight': 6, 'gamma': 2.2597729224755763, 'n_estimators': 337}. Best is trial 23 with value: 0.821969696969697.
[2025-11-17T20:51:48.810+0000] {logging_mixin.py:154} WARNING - Best trial: 23. Best value: 0.82197:  68%|######8   | 34/50 [00:15<00:02,  7.53it/s]
[2025-11-17T20:51:48.810+0000] {logging_mixin.py:154} WARNING - Best trial: 23. Best value: 0.82197:  68%|######8   | 34/50 [00:15<00:02,  7.53it/s]
[2025-11-17T20:51:48.810+0000] {logging_mixin.py:154} WARNING - Best trial: 23. Best value: 0.82197:  70%|#######   | 35/50 [00:15<00:02,  6.96it/s]
[2025-11-17T20:51:48.988+0000] {logging_mixin.py:154} WARNING -                                                                                     
[2025-11-17T20:51:48.988+0000] {logging_mixin.py:154} WARNING - 
[2025-11-17T20:51:48.988+0000] {logging_mixin.py:154} INFO - [I 2025-11-17 20:51:48,988] Trial 35 finished with value: 0.8195679796696315 and parameters: {'max_depth': 10, 'learning_rate': 0.2952622772770483, 'subsample': 0.6658751414790413, 'colsample_bytree': 0.7730463857827476, 'min_child_weight': 6, 'gamma': 2.257851035810244, 'n_estimators': 335}. Best is trial 23 with value: 0.821969696969697.
[2025-11-17T20:51:48.988+0000] {logging_mixin.py:154} WARNING - Best trial: 23. Best value: 0.82197:  70%|#######   | 35/50 [00:15<00:02,  6.96it/s]
[2025-11-17T20:51:48.989+0000] {logging_mixin.py:154} WARNING - Best trial: 23. Best value: 0.82197:  70%|#######   | 35/50 [00:15<00:02,  6.96it/s]
[2025-11-17T20:51:48.989+0000] {logging_mixin.py:154} WARNING - Best trial: 23. Best value: 0.82197:  72%|#######2  | 36/50 [00:15<00:02,  6.59it/s]
[2025-11-17T20:51:49.173+0000] {logging_mixin.py:154} WARNING -                                                                                     
[2025-11-17T20:51:49.173+0000] {logging_mixin.py:154} WARNING - 
[2025-11-17T20:51:49.173+0000] {logging_mixin.py:154} INFO - [I 2025-11-17 20:51:49,173] Trial 36 finished with value: 0.813299232736573 and parameters: {'max_depth': 11, 'learning_rate': 0.2963100602215893, 'subsample': 0.653057267208021, 'colsample_bytree': 0.7567578866733125, 'min_child_weight': 7, 'gamma': 2.154499119672563, 'n_estimators': 339}. Best is trial 23 with value: 0.821969696969697.
[2025-11-17T20:51:49.173+0000] {logging_mixin.py:154} WARNING - Best trial: 23. Best value: 0.82197:  72%|#######2  | 36/50 [00:15<00:02,  6.59it/s]
[2025-11-17T20:51:49.174+0000] {logging_mixin.py:154} WARNING - Best trial: 23. Best value: 0.82197:  72%|#######2  | 36/50 [00:15<00:02,  6.59it/s]
[2025-11-17T20:51:49.174+0000] {logging_mixin.py:154} WARNING - Best trial: 23. Best value: 0.82197:  74%|#######4  | 37/50 [00:15<00:02,  6.25it/s]
[2025-11-17T20:51:49.308+0000] {logging_mixin.py:154} WARNING -                                                                                     
[2025-11-17T20:51:49.308+0000] {logging_mixin.py:154} WARNING - 
[2025-11-17T20:51:49.308+0000] {logging_mixin.py:154} INFO - [I 2025-11-17 20:51:49,308] Trial 37 finished with value: 0.8094327597195666 and parameters: {'max_depth': 14, 'learning_rate': 0.23266711863669523, 'subsample': 0.6721922480853463, 'colsample_bytree': 0.7742848282531624, 'min_child_weight': 8, 'gamma': 2.374698518798211, 'n_estimators': 342}. Best is trial 23 with value: 0.821969696969697.
[2025-11-17T20:51:49.308+0000] {logging_mixin.py:154} WARNING - Best trial: 23. Best value: 0.82197:  74%|#######4  | 37/50 [00:15<00:02,  6.25it/s]
[2025-11-17T20:51:49.308+0000] {logging_mixin.py:154} WARNING - Best trial: 23. Best value: 0.82197:  74%|#######4  | 37/50 [00:15<00:02,  6.25it/s]
[2025-11-17T20:51:49.309+0000] {logging_mixin.py:154} WARNING - Best trial: 23. Best value: 0.82197:  76%|#######6  | 38/50 [00:15<00:01,  6.52it/s]
[2025-11-17T20:51:50.167+0000] {logging_mixin.py:154} WARNING -                                                                                     
[2025-11-17T20:51:50.168+0000] {logging_mixin.py:154} WARNING - 
[2025-11-17T20:51:50.168+0000] {logging_mixin.py:154} INFO - [I 2025-11-17 20:51:50,167] Trial 38 finished with value: 0.821656050955414 and parameters: {'max_depth': 10, 'learning_rate': 0.2554280605726185, 'subsample': 0.681876037889931, 'colsample_bytree': 0.8115270368991969, 'min_child_weight': 5, 'gamma': 2.278129089208386, 'n_estimators': 401}. Best is trial 23 with value: 0.821969696969697.
[2025-11-17T20:51:50.168+0000] {logging_mixin.py:154} WARNING - Best trial: 23. Best value: 0.82197:  76%|#######6  | 38/50 [00:16<00:01,  6.52it/s]
[2025-11-17T20:51:50.168+0000] {logging_mixin.py:154} WARNING - Best trial: 23. Best value: 0.82197:  76%|#######6  | 38/50 [00:16<00:01,  6.52it/s]
[2025-11-17T20:51:50.169+0000] {logging_mixin.py:154} WARNING - Best trial: 23. Best value: 0.82197:  78%|#######8  | 39/50 [00:16<00:03,  2.90it/s]
[2025-11-17T20:51:50.922+0000] {logging_mixin.py:154} WARNING -                                                                                     
[2025-11-17T20:51:50.922+0000] {logging_mixin.py:154} WARNING - 
[2025-11-17T20:51:50.923+0000] {logging_mixin.py:154} INFO - [I 2025-11-17 20:51:50,922] Trial 39 finished with value: 0.8120590121872996 and parameters: {'max_depth': 11, 'learning_rate': 0.2535933616755778, 'subsample': 0.6818133317735567, 'colsample_bytree': 0.8004492118250908, 'min_child_weight': 5, 'gamma': 1.6933918169389515, 'n_estimators': 416}. Best is trial 23 with value: 0.821969696969697.
[2025-11-17T20:51:50.923+0000] {logging_mixin.py:154} WARNING - Best trial: 23. Best value: 0.82197:  78%|#######8  | 39/50 [00:17<00:03,  2.90it/s]
[2025-11-17T20:51:50.923+0000] {logging_mixin.py:154} WARNING - Best trial: 23. Best value: 0.82197:  78%|#######8  | 39/50 [00:17<00:03,  2.90it/s]
[2025-11-17T20:51:50.923+0000] {logging_mixin.py:154} WARNING - Best trial: 23. Best value: 0.82197:  80%|########  | 40/50 [00:17<00:04,  2.18it/s]
[2025-11-17T20:51:51.137+0000] {logging_mixin.py:154} WARNING -                                                                                     
[2025-11-17T20:51:51.137+0000] {logging_mixin.py:154} WARNING - 
[2025-11-17T20:51:51.137+0000] {logging_mixin.py:154} INFO - [I 2025-11-17 20:51:51,136] Trial 40 finished with value: 0.8220392653578213 and parameters: {'max_depth': 13, 'learning_rate': 0.26586927779980185, 'subsample': 0.7327028329245603, 'colsample_bytree': 0.7553147829342944, 'min_child_weight': 5, 'gamma': 2.1460534570210203, 'n_estimators': 400}. Best is trial 40 with value: 0.8220392653578213.
[2025-11-17T20:51:51.137+0000] {logging_mixin.py:154} WARNING - Best trial: 23. Best value: 0.82197:  80%|########  | 40/50 [00:17<00:04,  2.18it/s]
[2025-11-17T20:51:51.137+0000] {logging_mixin.py:154} WARNING - Best trial: 40. Best value: 0.822039:  80%|########  | 40/50 [00:17<00:04,  2.18it/s]
[2025-11-17T20:51:51.137+0000] {logging_mixin.py:154} WARNING - Best trial: 40. Best value: 0.822039:  82%|########2 | 41/50 [00:17<00:03,  2.57it/s]
[2025-11-17T20:51:52.268+0000] {logging_mixin.py:154} WARNING -                                                                                      
[2025-11-17T20:51:52.268+0000] {logging_mixin.py:154} WARNING - 
[2025-11-17T20:51:52.268+0000] {logging_mixin.py:154} INFO - [I 2025-11-17 20:51:52,267] Trial 41 finished with value: 0.8183556405353728 and parameters: {'max_depth': 15, 'learning_rate': 0.25013469169721997, 'subsample': 0.7345147004752268, 'colsample_bytree': 0.7555957737579784, 'min_child_weight': 5, 'gamma': 2.149765539215033, 'n_estimators': 455}. Best is trial 40 with value: 0.8220392653578213.
[2025-11-17T20:51:52.268+0000] {logging_mixin.py:154} WARNING - Best trial: 40. Best value: 0.822039:  82%|########2 | 41/50 [00:18<00:03,  2.57it/s]
[2025-11-17T20:51:52.268+0000] {logging_mixin.py:154} WARNING - Best trial: 40. Best value: 0.822039:  82%|########2 | 41/50 [00:18<00:03,  2.57it/s]
[2025-11-17T20:51:52.268+0000] {logging_mixin.py:154} WARNING - Best trial: 40. Best value: 0.822039:  84%|########4 | 42/50 [00:18<00:04,  1.66it/s]
[2025-11-17T20:51:52.797+0000] {logging_mixin.py:154} WARNING -                                                                                      
[2025-11-17T20:51:52.797+0000] {logging_mixin.py:154} WARNING - 
