[2025-11-17T16:34:25.888+0000] {logging_mixin.py:154} INFO - [I 2025-11-17 16:34:25,888] Trial 30 pruned. 
[2025-11-17T16:34:25.888+0000] {logging_mixin.py:154} WARNING -  60%|######    | 30/50 [00:00<00:00, 82.56it/s]
[2025-11-17T16:34:25.906+0000] {model_training.py:96} WARNING - Error al entrenar modelo: Invalid classes inferred from unique values of `y`.  Expected: [0], got [1]
[2025-11-17T16:34:25.907+0000] {logging_mixin.py:154} WARNING -                                                
[2025-11-17T16:34:25.907+0000] {logging_mixin.py:154} WARNING - 
[2025-11-17T16:34:25.907+0000] {logging_mixin.py:154} INFO - [I 2025-11-17 16:34:25,906] Trial 31 pruned. 
[2025-11-17T16:34:25.907+0000] {logging_mixin.py:154} WARNING -  62%|######2   | 31/50 [00:00<00:00, 82.56it/s]
[2025-11-17T16:34:25.924+0000] {model_training.py:96} WARNING - Error al entrenar modelo: Invalid classes inferred from unique values of `y`.  Expected: [0], got [1]
[2025-11-17T16:34:25.924+0000] {logging_mixin.py:154} WARNING -                                                
[2025-11-17T16:34:25.924+0000] {logging_mixin.py:154} WARNING - 
[2025-11-17T16:34:25.924+0000] {logging_mixin.py:154} INFO - [I 2025-11-17 16:34:25,924] Trial 32 pruned. 
[2025-11-17T16:34:25.924+0000] {logging_mixin.py:154} WARNING -  64%|######4   | 32/50 [00:00<00:00, 82.56it/s]
[2025-11-17T16:34:25.941+0000] {model_training.py:96} WARNING - Error al entrenar modelo: Invalid classes inferred from unique values of `y`.  Expected: [0], got [1]
[2025-11-17T16:34:25.941+0000] {logging_mixin.py:154} WARNING -                                                
[2025-11-17T16:34:25.941+0000] {logging_mixin.py:154} WARNING - 
[2025-11-17T16:34:25.941+0000] {logging_mixin.py:154} INFO - [I 2025-11-17 16:34:25,941] Trial 33 pruned. 
[2025-11-17T16:34:25.941+0000] {logging_mixin.py:154} WARNING -  66%|######6   | 33/50 [00:00<00:00, 82.56it/s]
[2025-11-17T16:34:25.958+0000] {model_training.py:96} WARNING - Error al entrenar modelo: Invalid classes inferred from unique values of `y`.  Expected: [0], got [1]
[2025-11-17T16:34:25.959+0000] {logging_mixin.py:154} WARNING -                                                
[2025-11-17T16:34:25.959+0000] {logging_mixin.py:154} WARNING - 
[2025-11-17T16:34:25.959+0000] {logging_mixin.py:154} INFO - [I 2025-11-17 16:34:25,958] Trial 34 pruned. 
[2025-11-17T16:34:25.959+0000] {logging_mixin.py:154} WARNING -  68%|######8   | 34/50 [00:00<00:00, 82.56it/s]
[2025-11-17T16:34:25.976+0000] {model_training.py:96} WARNING - Error al entrenar modelo: Invalid classes inferred from unique values of `y`.  Expected: [0], got [1]
[2025-11-17T16:34:25.976+0000] {logging_mixin.py:154} WARNING -                                                
[2025-11-17T16:34:25.976+0000] {logging_mixin.py:154} WARNING - 
[2025-11-17T16:34:25.976+0000] {logging_mixin.py:154} INFO - [I 2025-11-17 16:34:25,976] Trial 35 pruned. 
[2025-11-17T16:34:25.976+0000] {logging_mixin.py:154} WARNING -  70%|#######   | 35/50 [00:00<00:00, 82.56it/s]
[2025-11-17T16:34:25.993+0000] {model_training.py:96} WARNING - Error al entrenar modelo: Invalid classes inferred from unique values of `y`.  Expected: [0], got [1]
[2025-11-17T16:34:25.993+0000] {logging_mixin.py:154} WARNING -                                                
[2025-11-17T16:34:25.993+0000] {logging_mixin.py:154} WARNING - 
[2025-11-17T16:34:25.993+0000] {logging_mixin.py:154} INFO - [I 2025-11-17 16:34:25,993] Trial 36 pruned. 
[2025-11-17T16:34:25.993+0000] {logging_mixin.py:154} WARNING -  72%|#######2  | 36/50 [00:00<00:00, 82.56it/s]
[2025-11-17T16:34:26.009+0000] {model_training.py:96} WARNING - Error al entrenar modelo: Invalid classes inferred from unique values of `y`.  Expected: [0], got [1]
[2025-11-17T16:34:26.010+0000] {logging_mixin.py:154} WARNING -                                                
[2025-11-17T16:34:26.010+0000] {logging_mixin.py:154} WARNING - 
[2025-11-17T16:34:26.010+0000] {logging_mixin.py:154} INFO - [I 2025-11-17 16:34:26,010] Trial 37 pruned. 
[2025-11-17T16:34:26.010+0000] {logging_mixin.py:154} WARNING -  74%|#######4  | 37/50 [00:00<00:00, 82.56it/s]
[2025-11-17T16:34:26.026+0000] {model_training.py:96} WARNING - Error al entrenar modelo: Invalid classes inferred from unique values of `y`.  Expected: [0], got [1]
[2025-11-17T16:34:26.027+0000] {logging_mixin.py:154} WARNING -                                                
[2025-11-17T16:34:26.027+0000] {logging_mixin.py:154} WARNING - 
[2025-11-17T16:34:26.027+0000] {logging_mixin.py:154} INFO - [I 2025-11-17 16:34:26,027] Trial 38 pruned. 
[2025-11-17T16:34:26.027+0000] {logging_mixin.py:154} WARNING -  76%|#######6  | 38/50 [00:00<00:00, 82.56it/s]
[2025-11-17T16:34:26.044+0000] {model_training.py:96} WARNING - Error al entrenar modelo: Invalid classes inferred from unique values of `y`.  Expected: [0], got [1]
[2025-11-17T16:34:26.044+0000] {logging_mixin.py:154} WARNING -                                                
[2025-11-17T16:34:26.044+0000] {logging_mixin.py:154} WARNING - 
[2025-11-17T16:34:26.044+0000] {logging_mixin.py:154} INFO - [I 2025-11-17 16:34:26,044] Trial 39 pruned. 
[2025-11-17T16:34:26.044+0000] {logging_mixin.py:154} WARNING -  78%|#######8  | 39/50 [00:00<00:00, 82.56it/s]
[2025-11-17T16:34:26.044+0000] {logging_mixin.py:154} WARNING -  80%|########  | 40/50 [00:00<00:00, 71.39it/s]
[2025-11-17T16:34:26.061+0000] {model_training.py:96} WARNING - Error al entrenar modelo: Invalid classes inferred from unique values of `y`.  Expected: [0], got [1]
[2025-11-17T16:34:26.061+0000] {logging_mixin.py:154} WARNING -                                                
[2025-11-17T16:34:26.061+0000] {logging_mixin.py:154} WARNING - 
[2025-11-17T16:34:26.061+0000] {logging_mixin.py:154} INFO - [I 2025-11-17 16:34:26,061] Trial 40 pruned. 
[2025-11-17T16:34:26.062+0000] {logging_mixin.py:154} WARNING -  80%|########  | 40/50 [00:00<00:00, 71.39it/s]
[2025-11-17T16:34:26.080+0000] {model_training.py:96} WARNING - Error al entrenar modelo: Invalid classes inferred from unique values of `y`.  Expected: [0], got [1]
[2025-11-17T16:34:26.081+0000] {logging_mixin.py:154} WARNING -                                                
[2025-11-17T16:34:26.081+0000] {logging_mixin.py:154} WARNING - 
[2025-11-17T16:34:26.081+0000] {logging_mixin.py:154} INFO - [I 2025-11-17 16:34:26,081] Trial 41 pruned. 
[2025-11-17T16:34:26.081+0000] {logging_mixin.py:154} WARNING -  82%|########2 | 41/50 [00:00<00:00, 71.39it/s]
[2025-11-17T16:34:26.101+0000] {model_training.py:96} WARNING - Error al entrenar modelo: Invalid classes inferred from unique values of `y`.  Expected: [0], got [1]
[2025-11-17T16:34:26.101+0000] {logging_mixin.py:154} WARNING -                                                
[2025-11-17T16:34:26.101+0000] {logging_mixin.py:154} WARNING - 
[2025-11-17T16:34:26.102+0000] {logging_mixin.py:154} INFO - [I 2025-11-17 16:34:26,101] Trial 42 pruned. 
[2025-11-17T16:34:26.102+0000] {logging_mixin.py:154} WARNING -  84%|########4 | 42/50 [00:00<00:00, 71.39it/s]
[2025-11-17T16:34:26.120+0000] {model_training.py:96} WARNING - Error al entrenar modelo: Invalid classes inferred from unique values of `y`.  Expected: [0], got [1]
[2025-11-17T16:34:26.120+0000] {logging_mixin.py:154} WARNING -                                                
[2025-11-17T16:34:26.120+0000] {logging_mixin.py:154} WARNING - 
[2025-11-17T16:34:26.120+0000] {logging_mixin.py:154} INFO - [I 2025-11-17 16:34:26,120] Trial 43 pruned. 
[2025-11-17T16:34:26.120+0000] {logging_mixin.py:154} WARNING -  86%|########6 | 43/50 [00:00<00:00, 71.39it/s]
[2025-11-17T16:34:26.138+0000] {model_training.py:96} WARNING - Error al entrenar modelo: Invalid classes inferred from unique values of `y`.  Expected: [0], got [1]
[2025-11-17T16:34:26.138+0000] {logging_mixin.py:154} WARNING -                                                
[2025-11-17T16:34:26.138+0000] {logging_mixin.py:154} WARNING - 
[2025-11-17T16:34:26.138+0000] {logging_mixin.py:154} INFO - [I 2025-11-17 16:34:26,138] Trial 44 pruned. 
[2025-11-17T16:34:26.138+0000] {logging_mixin.py:154} WARNING -  88%|########8 | 44/50 [00:00<00:00, 71.39it/s]
[2025-11-17T16:34:26.157+0000] {model_training.py:96} WARNING - Error al entrenar modelo: Invalid classes inferred from unique values of `y`.  Expected: [0], got [1]
[2025-11-17T16:34:26.158+0000] {logging_mixin.py:154} WARNING -                                                
[2025-11-17T16:34:26.158+0000] {logging_mixin.py:154} WARNING - 
[2025-11-17T16:34:26.158+0000] {logging_mixin.py:154} INFO - [I 2025-11-17 16:34:26,158] Trial 45 pruned. 
[2025-11-17T16:34:26.158+0000] {logging_mixin.py:154} WARNING -  90%|######### | 45/50 [00:00<00:00, 71.39it/s]
[2025-11-17T16:34:26.182+0000] {model_training.py:96} WARNING - Error al entrenar modelo: Invalid classes inferred from unique values of `y`.  Expected: [0], got [1]
[2025-11-17T16:34:26.183+0000] {logging_mixin.py:154} WARNING -                                                
[2025-11-17T16:34:26.183+0000] {logging_mixin.py:154} WARNING - 
[2025-11-17T16:34:26.183+0000] {logging_mixin.py:154} INFO - [I 2025-11-17 16:34:26,183] Trial 46 pruned. 
[2025-11-17T16:34:26.183+0000] {logging_mixin.py:154} WARNING -  92%|#########2| 46/50 [00:00<00:00, 71.39it/s]
[2025-11-17T16:34:26.200+0000] {model_training.py:96} WARNING - Error al entrenar modelo: Invalid classes inferred from unique values of `y`.  Expected: [0], got [1]
[2025-11-17T16:34:26.201+0000] {logging_mixin.py:154} WARNING -                                                
[2025-11-17T16:34:26.201+0000] {logging_mixin.py:154} WARNING - 
[2025-11-17T16:34:26.201+0000] {logging_mixin.py:154} INFO - [I 2025-11-17 16:34:26,201] Trial 47 pruned. 
[2025-11-17T16:34:26.201+0000] {logging_mixin.py:154} WARNING -  94%|#########3| 47/50 [00:00<00:00, 71.39it/s]
[2025-11-17T16:34:26.201+0000] {logging_mixin.py:154} WARNING -  96%|#########6| 48/50 [00:00<00:00, 63.90it/s]
[2025-11-17T16:34:26.219+0000] {model_training.py:96} WARNING - Error al entrenar modelo: Invalid classes inferred from unique values of `y`.  Expected: [0], got [1]
[2025-11-17T16:34:26.219+0000] {logging_mixin.py:154} WARNING -                                                
[2025-11-17T16:34:26.219+0000] {logging_mixin.py:154} WARNING - 
[2025-11-17T16:34:26.220+0000] {logging_mixin.py:154} INFO - [I 2025-11-17 16:34:26,219] Trial 48 pruned. 
[2025-11-17T16:34:26.220+0000] {logging_mixin.py:154} WARNING -  96%|#########6| 48/50 [00:00<00:00, 63.90it/s]
[2025-11-17T16:34:26.237+0000] {model_training.py:96} WARNING - Error al entrenar modelo: Invalid classes inferred from unique values of `y`.  Expected: [0], got [1]
[2025-11-17T16:34:26.237+0000] {logging_mixin.py:154} WARNING -                                                
[2025-11-17T16:34:26.237+0000] {logging_mixin.py:154} WARNING - 
[2025-11-17T16:34:26.237+0000] {logging_mixin.py:154} INFO - [I 2025-11-17 16:34:26,237] Trial 49 pruned. 
[2025-11-17T16:34:26.238+0000] {logging_mixin.py:154} WARNING -  98%|#########8| 49/50 [00:00<00:00, 63.90it/s]
[2025-11-17T16:34:26.238+0000] {logging_mixin.py:154} WARNING - 100%|##########| 50/50 [00:00<00:00, 70.75it/s]
[2025-11-17T16:34:26.239+0000] {taskinstance.py:1937} ERROR - Task failed with exception
Traceback (most recent call last):
  File "/home/airflow/.local/lib/python3.10/site-packages/airflow/operators/python.py", line 192, in execute
    return_value = self.execute_callable()
  File "/home/airflow/.local/lib/python3.10/site-packages/airflow/operators/python.py", line 209, in execute_callable
    return self.python_callable(*self.op_args, **self.op_kwargs)
  File "/opt/airflow/dags/tasks/model_training.py", line 269, in train_model
    best_params, study = optimize_xgboost_hyperparameters(
  File "/opt/airflow/dags/tasks/model_training.py", line 111, in optimize_xgboost_hyperparameters
    logger.info(f"✅ Mejor F1-Score (validación): {study.best_value:.4f}")
  File "/home/airflow/.local/lib/python3.10/site-packages/optuna/study/study.py", line 128, in best_value
    best_value = self.best_trial.value
  File "/home/airflow/.local/lib/python3.10/site-packages/optuna/study/study.py", line 157, in best_trial
    return copy.deepcopy(self._storage.get_best_trial(self._study_id))
  File "/home/airflow/.local/lib/python3.10/site-packages/optuna/storages/_in_memory.py", line 234, in get_best_trial
    raise ValueError("No trials are completed yet.")
ValueError: No trials are completed yet.
[2025-11-17T16:34:26.247+0000] {taskinstance.py:1400} INFO - Marking task as UP_FOR_RETRY. dag_id=sodai_drinks_production_pipeline, task_id=train_model, execution_date=20251109T000000, start_date=20251117T163425, end_date=20251117T163426
[2025-11-17T16:34:26.255+0000] {standard_task_runner.py:104} ERROR - Failed to execute job 18 for task train_model (No trials are completed yet.; 17473)
[2025-11-17T16:34:26.313+0000] {local_task_job_runner.py:228} INFO - Task exited with return code 1
[2025-11-17T16:34:26.334+0000] {taskinstance.py:2778} INFO - 0 downstream tasks scheduled from follow-on schedule check
[2025-11-17T16:51:49.775+0000] {taskinstance.py:1159} INFO - Dependencies all met for dep_context=non-requeueable deps ti=<TaskInstance: sodai_drinks_production_pipeline.train_model scheduled__2025-11-09T00:00:00+00:00 [queued]>
[2025-11-17T16:51:49.782+0000] {taskinstance.py:1159} INFO - Dependencies all met for dep_context=requeueable deps ti=<TaskInstance: sodai_drinks_production_pipeline.train_model scheduled__2025-11-09T00:00:00+00:00 [queued]>
[2025-11-17T16:51:49.783+0000] {taskinstance.py:1361} INFO - Starting attempt 1 of 2
[2025-11-17T16:51:49.790+0000] {taskinstance.py:1382} INFO - Executing <Task(PythonOperator): train_model> on 2025-11-09 00:00:00+00:00
[2025-11-17T16:51:49.801+0000] {standard_task_runner.py:57} INFO - Started process 1496 to run task
[2025-11-17T16:51:49.804+0000] {standard_task_runner.py:84} INFO - Running: ['***', 'tasks', 'run', 'sodai_drinks_production_pipeline', 'train_model', 'scheduled__2025-11-09T00:00:00+00:00', '--job-id', '24', '--raw', '--subdir', 'DAGS_FOLDER/pipeline_productivo.py', '--cfg-path', '/tmp/tmpihtj8hdf']
[2025-11-17T16:51:49.807+0000] {standard_task_runner.py:85} INFO - Job 24: Subtask train_model
[2025-11-17T16:51:49.852+0000] {task_command.py:416} INFO - Running <TaskInstance: sodai_drinks_production_pipeline.train_model scheduled__2025-11-09T00:00:00+00:00 [running]> on host d1f907c36040
[2025-11-17T16:51:49.914+0000] {taskinstance.py:1662} INFO - Exporting env vars: AIRFLOW_CTX_DAG_EMAIL='team@sodaidrinks.com' AIRFLOW_CTX_DAG_OWNER='sodai_drinks_team' AIRFLOW_CTX_DAG_ID='sodai_drinks_production_pipeline' AIRFLOW_CTX_TASK_ID='train_model' AIRFLOW_CTX_EXECUTION_DATE='2025-11-09T00:00:00+00:00' AIRFLOW_CTX_TRY_NUMBER='1' AIRFLOW_CTX_DAG_RUN_ID='scheduled__2025-11-09T00:00:00+00:00'
[2025-11-17T16:51:49.915+0000] {model_training.py:229} INFO - 🚀 Iniciando entrenamiento del modelo XGBoost...
[2025-11-17T16:51:49.962+0000] {model_training.py:244} INFO - 📊 Dataset cargado:
[2025-11-17T16:51:49.962+0000] {model_training.py:245} INFO -    - Features: 16
[2025-11-17T16:51:49.962+0000] {model_training.py:246} INFO -    - Registros: 7438
[2025-11-17T16:51:49.963+0000] {model_training.py:247} INFO -    - Distribución de clases - Clase 0: 3719, Clase 1: 3719
[2025-11-17T16:51:49.969+0000] {model_training.py:257} INFO - 📂 Splits creados:
[2025-11-17T16:51:49.969+0000] {model_training.py:258} INFO -    - Train: 4462 muestras
[2025-11-17T16:51:49.969+0000] {model_training.py:259} INFO -    - Validation: 1488 muestras
[2025-11-17T16:51:49.969+0000] {model_training.py:260} INFO -    - Test: 1488 muestras
[2025-11-17T16:51:50.211+0000] {logging_mixin.py:154} WARNING - 2025/11/17 16:51:50 WARNING mlflow.utils.git_utils: Failed to import Git (the Git executable is probably not on your PATH), so Git SHA is not available. Error: Failed to initialize: Bad git executable.
The git executable must be specified in one of the following ways:
    - be included in your $PATH
    - be set via $GIT_PYTHON_GIT_EXECUTABLE
    - explicitly set via git.refresh(<full-path-to-git-executable>)

All git commands will error until this is rectified.

This initial message can be silenced or aggravated in the future by setting the
$GIT_PYTHON_REFRESH environment variable. Use one of the following values:
    - quiet|q|silence|s|silent|none|n|0: for no message or exception
    - warn|w|warning|log|l|1: for a warning message (logging level CRITICAL, displayed by default)
    - error|e|exception|raise|r|2: for a raised exception

Example:
    export GIT_PYTHON_REFRESH=quiet
[2025-11-17T16:51:50.221+0000] {model_training.py:64} INFO - 🔍 Iniciando optimización de hiperparámetros con 50 trials...
[2025-11-17T16:51:50.222+0000] {logging_mixin.py:154} WARNING -   0%|          | 0/50 [00:00<?, ?it/s]
[2025-11-17T16:51:50.564+0000] {logging_mixin.py:154} WARNING -                                       
[2025-11-17T16:51:50.564+0000] {logging_mixin.py:154} WARNING - 
[2025-11-17T16:51:50.564+0000] {logging_mixin.py:154} INFO - [I 2025-11-17 16:51:50,564] Trial 0 finished with value: 1.0 and parameters: {'max_depth': 7, 'learning_rate': 0.2536999076681772, 'subsample': 0.8659969709057025, 'colsample_bytree': 0.7993292420985183, 'min_child_weight': 2, 'gamma': 0.7799726016810132, 'n_estimators': 76}. Best is trial 0 with value: 1.0.
[2025-11-17T16:51:50.564+0000] {logging_mixin.py:154} WARNING -   0%|          | 0/50 [00:00<?, ?it/s]
[2025-11-17T16:51:50.565+0000] {logging_mixin.py:154} WARNING - Best trial: 0. Best value: 1:   0%|          | 0/50 [00:00<?, ?it/s]
[2025-11-17T16:51:50.565+0000] {logging_mixin.py:154} WARNING - Best trial: 0. Best value: 1:   2%|2         | 1/50 [00:00<00:16,  2.92it/s]
[2025-11-17T16:51:50.922+0000] {logging_mixin.py:154} WARNING -                                                                             
[2025-11-17T16:51:50.922+0000] {logging_mixin.py:154} WARNING - 
[2025-11-17T16:51:50.922+0000] {logging_mixin.py:154} INFO - [I 2025-11-17 16:51:50,921] Trial 1 finished with value: 1.0 and parameters: {'max_depth': 14, 'learning_rate': 0.07725378389307355, 'subsample': 0.8540362888980227, 'colsample_bytree': 0.5102922471479012, 'min_child_weight': 10, 'gamma': 4.162213204002109, 'n_estimators': 145}. Best is trial 0 with value: 1.0.
[2025-11-17T16:51:50.922+0000] {logging_mixin.py:154} WARNING - Best trial: 0. Best value: 1:   2%|2         | 1/50 [00:00<00:16,  2.92it/s]
[2025-11-17T16:51:50.922+0000] {logging_mixin.py:154} WARNING - Best trial: 0. Best value: 1:   2%|2         | 1/50 [00:00<00:16,  2.92it/s]
[2025-11-17T16:51:50.923+0000] {logging_mixin.py:154} WARNING - Best trial: 0. Best value: 1:   4%|4         | 2/50 [00:00<00:16,  2.85it/s]
[2025-11-17T16:51:51.194+0000] {logging_mixin.py:154} WARNING -                                                                             
[2025-11-17T16:51:51.194+0000] {logging_mixin.py:154} WARNING - 
[2025-11-17T16:51:51.194+0000] {logging_mixin.py:154} INFO - [I 2025-11-17 16:51:51,194] Trial 2 finished with value: 1.0 and parameters: {'max_depth': 5, 'learning_rate': 0.018659959624904916, 'subsample': 0.6521211214797689, 'colsample_bytree': 0.762378215816119, 'min_child_weight': 5, 'gamma': 1.4561457009902097, 'n_estimators': 325}. Best is trial 0 with value: 1.0.
[2025-11-17T16:51:51.194+0000] {logging_mixin.py:154} WARNING - Best trial: 0. Best value: 1:   4%|4         | 2/50 [00:00<00:16,  2.85it/s]
[2025-11-17T16:51:51.194+0000] {logging_mixin.py:154} WARNING - Best trial: 0. Best value: 1:   4%|4         | 2/50 [00:00<00:16,  2.85it/s]
[2025-11-17T16:51:51.195+0000] {logging_mixin.py:154} WARNING - Best trial: 0. Best value: 1:   6%|6         | 3/50 [00:00<00:14,  3.17it/s]
[2025-11-17T16:51:51.350+0000] {logging_mixin.py:154} WARNING -                                                                             
[2025-11-17T16:51:51.350+0000] {logging_mixin.py:154} WARNING - 
[2025-11-17T16:51:51.350+0000] {logging_mixin.py:154} INFO - [I 2025-11-17 16:51:51,350] Trial 3 finished with value: 1.0 and parameters: {'max_depth': 4, 'learning_rate': 0.027010527749605478, 'subsample': 0.6831809216468459, 'colsample_bytree': 0.728034992108518, 'min_child_weight': 8, 'gamma': 0.9983689107917987, 'n_estimators': 281}. Best is trial 0 with value: 1.0.
[2025-11-17T16:51:51.350+0000] {logging_mixin.py:154} WARNING - Best trial: 0. Best value: 1:   6%|6         | 3/50 [00:01<00:14,  3.17it/s]
[2025-11-17T16:51:51.351+0000] {logging_mixin.py:154} WARNING - Best trial: 0. Best value: 1:   6%|6         | 3/50 [00:01<00:14,  3.17it/s]
[2025-11-17T16:51:51.351+0000] {logging_mixin.py:154} WARNING - Best trial: 0. Best value: 1:   8%|8         | 4/50 [00:01<00:11,  3.96it/s]
[2025-11-17T16:51:52.368+0000] {logging_mixin.py:154} WARNING -                                                                             
[2025-11-17T16:51:52.369+0000] {logging_mixin.py:154} WARNING - 
