[2025-11-17T23:51:43.915+0000] {logging_mixin.py:154} INFO - [I 2025-11-17 23:51:43,914] Trial 20 finished with value: 0.7873303167420814 and parameters: {'max_depth': 12, 'learning_rate': 0.0358949844934207, 'subsample': 0.8200300495029408, 'colsample_bytree': 0.6994307568140108, 'min_child_weight': 6, 'gamma': 0.4883783734495456, 'n_estimators': 490}. Best is trial 16 with value: 0.8038216560509555.
[2025-11-17T23:51:43.915+0000] {logging_mixin.py:154} WARNING - Best trial: 16. Best value: 0.803822:  40%|####      | 20/50 [00:12<00:25,  1.17it/s]
[2025-11-17T23:51:43.915+0000] {logging_mixin.py:154} WARNING - Best trial: 16. Best value: 0.803822:  40%|####      | 20/50 [00:12<00:25,  1.17it/s]
[2025-11-17T23:51:43.915+0000] {logging_mixin.py:154} WARNING - Best trial: 16. Best value: 0.803822:  42%|####2     | 21/50 [00:12<00:24,  1.20it/s]
[2025-11-17T23:51:45.176+0000] {logging_mixin.py:154} WARNING -                                                                                      
[2025-11-17T23:51:45.176+0000] {logging_mixin.py:154} WARNING - 
[2025-11-17T23:51:45.176+0000] {logging_mixin.py:154} INFO - [I 2025-11-17 23:51:45,175] Trial 21 finished with value: 0.8028259473346179 and parameters: {'max_depth': 9, 'learning_rate': 0.043066667651212115, 'subsample': 0.942305739419524, 'colsample_bytree': 0.5573194938641721, 'min_child_weight': 8, 'gamma': 0.45377261503000543, 'n_estimators': 369}. Best is trial 16 with value: 0.8038216560509555.
[2025-11-17T23:51:45.176+0000] {logging_mixin.py:154} WARNING - Best trial: 16. Best value: 0.803822:  42%|####2     | 21/50 [00:14<00:24,  1.20it/s]
[2025-11-17T23:51:45.176+0000] {logging_mixin.py:154} WARNING - Best trial: 16. Best value: 0.803822:  42%|####2     | 21/50 [00:14<00:24,  1.20it/s]
[2025-11-17T23:51:45.176+0000] {logging_mixin.py:154} WARNING - Best trial: 16. Best value: 0.803822:  44%|####4     | 22/50 [00:14<00:26,  1.04it/s]
[2025-11-17T23:51:45.426+0000] {logging_mixin.py:154} WARNING -                                                                                      
[2025-11-17T23:51:45.426+0000] {logging_mixin.py:154} WARNING - 
[2025-11-17T23:51:45.426+0000] {logging_mixin.py:154} INFO - [I 2025-11-17 23:51:45,426] Trial 22 finished with value: 0.8048315321042594 and parameters: {'max_depth': 8, 'learning_rate': 0.040359456141514524, 'subsample': 0.9206263246539036, 'colsample_bytree': 0.5449522872486244, 'min_child_weight': 8, 'gamma': 0.751691444508812, 'n_estimators': 332}. Best is trial 22 with value: 0.8048315321042594.
[2025-11-17T23:51:45.426+0000] {logging_mixin.py:154} WARNING - Best trial: 16. Best value: 0.803822:  44%|####4     | 22/50 [00:14<00:26,  1.04it/s]
[2025-11-17T23:51:45.426+0000] {logging_mixin.py:154} WARNING - Best trial: 22. Best value: 0.804832:  44%|####4     | 22/50 [00:14<00:26,  1.04it/s]
[2025-11-17T23:51:45.427+0000] {logging_mixin.py:154} WARNING - Best trial: 22. Best value: 0.804832:  46%|####6     | 23/50 [00:14<00:20,  1.34it/s]
[2025-11-17T23:51:45.862+0000] {logging_mixin.py:154} WARNING -                                                                                      
[2025-11-17T23:51:45.862+0000] {logging_mixin.py:154} WARNING - 
[2025-11-17T23:51:45.862+0000] {logging_mixin.py:154} INFO - [I 2025-11-17 23:51:45,862] Trial 23 finished with value: 0.8010236724248241 and parameters: {'max_depth': 10, 'learning_rate': 0.043176737971360485, 'subsample': 0.9402135174480032, 'colsample_bytree': 0.5635029394703334, 'min_child_weight': 8, 'gamma': 0.8008407117565207, 'n_estimators': 333}. Best is trial 22 with value: 0.8048315321042594.
[2025-11-17T23:51:45.862+0000] {logging_mixin.py:154} WARNING - Best trial: 22. Best value: 0.804832:  46%|####6     | 23/50 [00:14<00:20,  1.34it/s]
[2025-11-17T23:51:45.863+0000] {logging_mixin.py:154} WARNING - Best trial: 22. Best value: 0.804832:  46%|####6     | 23/50 [00:14<00:20,  1.34it/s]
[2025-11-17T23:51:45.863+0000] {logging_mixin.py:154} WARNING - Best trial: 22. Best value: 0.804832:  48%|####8     | 24/50 [00:14<00:16,  1.53it/s]
[2025-11-17T23:51:51.072+0000] {logging_mixin.py:154} WARNING -                                                                                      
[2025-11-17T23:51:51.072+0000] {logging_mixin.py:154} WARNING - 
[2025-11-17T23:51:51.072+0000] {logging_mixin.py:154} INFO - [I 2025-11-17 23:51:51,072] Trial 24 finished with value: 0.8005050505050506 and parameters: {'max_depth': 8, 'learning_rate': 0.04052336378781284, 'subsample': 0.8950886266563672, 'colsample_bytree': 0.622883635063563, 'min_child_weight': 6, 'gamma': 1.3557877526082447, 'n_estimators': 335}. Best is trial 22 with value: 0.8048315321042594.
[2025-11-17T23:51:51.072+0000] {logging_mixin.py:154} WARNING - Best trial: 22. Best value: 0.804832:  48%|####8     | 24/50 [00:19<00:16,  1.53it/s]
[2025-11-17T23:51:51.073+0000] {logging_mixin.py:154} WARNING - Best trial: 22. Best value: 0.804832:  48%|####8     | 24/50 [00:19<00:16,  1.53it/s]
[2025-11-17T23:51:51.073+0000] {logging_mixin.py:154} WARNING - Best trial: 22. Best value: 0.804832:  50%|#####     | 25/50 [00:19<00:50,  2.02s/it]
[2025-11-17T23:51:51.434+0000] {logging_mixin.py:154} WARNING -                                                                                      
[2025-11-17T23:51:51.434+0000] {logging_mixin.py:154} WARNING - 
[2025-11-17T23:51:51.434+0000] {logging_mixin.py:154} INFO - [I 2025-11-17 23:51:51,434] Trial 25 finished with value: 0.8010171646535283 and parameters: {'max_depth': 11, 'learning_rate': 0.06035179465852514, 'subsample': 0.9442202267644441, 'colsample_bytree': 0.542237414363943, 'min_child_weight': 8, 'gamma': 0.5984622313098521, 'n_estimators': 244}. Best is trial 22 with value: 0.8048315321042594.
[2025-11-17T23:51:51.435+0000] {logging_mixin.py:154} WARNING - Best trial: 22. Best value: 0.804832:  50%|#####     | 25/50 [00:20<00:50,  2.02s/it]
[2025-11-17T23:51:51.435+0000] {logging_mixin.py:154} WARNING - Best trial: 22. Best value: 0.804832:  50%|#####     | 25/50 [00:20<00:50,  2.02s/it]
[2025-11-17T23:51:51.435+0000] {logging_mixin.py:154} WARNING - Best trial: 22. Best value: 0.804832:  52%|#####2    | 26/50 [00:20<00:36,  1.52s/it]
[2025-11-17T23:51:51.811+0000] {logging_mixin.py:154} WARNING -                                                                                      
[2025-11-17T23:51:51.811+0000] {logging_mixin.py:154} WARNING - 
[2025-11-17T23:51:51.811+0000] {logging_mixin.py:154} INFO - [I 2025-11-17 23:51:51,810] Trial 26 finished with value: 0.8038216560509555 and parameters: {'max_depth': 8, 'learning_rate': 0.06641911495783007, 'subsample': 0.8839869250575327, 'colsample_bytree': 0.5405632146491377, 'min_child_weight': 9, 'gamma': 0.96644750440953, 'n_estimators': 386}. Best is trial 22 with value: 0.8048315321042594.
[2025-11-17T23:51:51.811+0000] {logging_mixin.py:154} WARNING - Best trial: 22. Best value: 0.804832:  52%|#####2    | 26/50 [00:20<00:36,  1.52s/it]
[2025-11-17T23:51:51.811+0000] {logging_mixin.py:154} WARNING - Best trial: 22. Best value: 0.804832:  52%|#####2    | 26/50 [00:20<00:36,  1.52s/it]
[2025-11-17T23:51:51.811+0000] {logging_mixin.py:154} WARNING - Best trial: 22. Best value: 0.804832:  54%|#####4    | 27/50 [00:20<00:27,  1.18s/it]
[2025-11-17T23:51:51.675+0000] {logging_mixin.py:154} WARNING -                                                                                      
[2025-11-17T23:51:51.675+0000] {logging_mixin.py:154} WARNING - 
[2025-11-17T23:51:51.675+0000] {logging_mixin.py:154} INFO - [I 2025-11-17 23:51:51,675] Trial 27 finished with value: 0.7989789406509253 and parameters: {'max_depth': 6, 'learning_rate': 0.1136332963446731, 'subsample': 0.8793125810669065, 'colsample_bytree': 0.6063265876537156, 'min_child_weight': 10, 'gamma': 1.106370658196623, 'n_estimators': 400}. Best is trial 22 with value: 0.8048315321042594.
[2025-11-17T23:51:51.675+0000] {logging_mixin.py:154} WARNING - Best trial: 22. Best value: 0.804832:  54%|#####4    | 27/50 [00:20<00:27,  1.18s/it]
[2025-11-17T23:51:51.675+0000] {logging_mixin.py:154} WARNING - Best trial: 22. Best value: 0.804832:  54%|#####4    | 27/50 [00:20<00:27,  1.18s/it]
[2025-11-17T23:51:51.966+0000] {logging_mixin.py:154} WARNING -                                                                                      
[2025-11-17T23:51:51.967+0000] {logging_mixin.py:154} WARNING - 
[2025-11-17T23:51:51.967+0000] {logging_mixin.py:154} INFO - [I 2025-11-17 23:51:51,966] Trial 28 finished with value: 0.8017789072426939 and parameters: {'max_depth': 8, 'learning_rate': 0.0622026864941322, 'subsample': 0.8479600221200123, 'colsample_bytree': 0.5451856668789216, 'min_child_weight': 9, 'gamma': 1.590084338858835, 'n_estimators': 452}. Best is trial 22 with value: 0.8048315321042594.
[2025-11-17T23:51:51.967+0000] {logging_mixin.py:154} WARNING - Best trial: 22. Best value: 0.804832:  56%|#####6    | 28/50 [00:20<00:25,  1.18s/it]
[2025-11-17T23:51:51.967+0000] {logging_mixin.py:154} WARNING - Best trial: 22. Best value: 0.804832:  56%|#####6    | 28/50 [00:20<00:25,  1.18s/it]
[2025-11-17T23:51:51.967+0000] {logging_mixin.py:154} WARNING - Best trial: 22. Best value: 0.804832:  58%|#####8    | 29/50 [00:20<00:14,  1.49it/s]
[2025-11-17T23:51:52.635+0000] {logging_mixin.py:154} WARNING -                                                                                      
[2025-11-17T23:51:52.635+0000] {logging_mixin.py:154} WARNING - 
[2025-11-17T23:51:52.636+0000] {logging_mixin.py:154} INFO - [I 2025-11-17 23:51:52,635] Trial 29 finished with value: 0.7938540332906531 and parameters: {'max_depth': 6, 'learning_rate': 0.11278320621021909, 'subsample': 0.8539190926713088, 'colsample_bytree': 0.6251406276829714, 'min_child_weight': 2, 'gamma': 0.8678364830754686, 'n_estimators': 312}. Best is trial 22 with value: 0.8048315321042594.
[2025-11-17T23:51:52.636+0000] {logging_mixin.py:154} WARNING - Best trial: 22. Best value: 0.804832:  58%|#####8    | 29/50 [00:21<00:14,  1.49it/s]
[2025-11-17T23:51:52.636+0000] {logging_mixin.py:154} WARNING - Best trial: 22. Best value: 0.804832:  58%|#####8    | 29/50 [00:21<00:14,  1.49it/s]
[2025-11-17T23:51:52.636+0000] {logging_mixin.py:154} WARNING - Best trial: 22. Best value: 0.804832:  60%|######    | 30/50 [00:21<00:13,  1.49it/s]
[2025-11-17T23:51:52.835+0000] {logging_mixin.py:154} WARNING -                                                                                      
[2025-11-17T23:51:52.836+0000] {logging_mixin.py:154} WARNING - 
[2025-11-17T23:51:52.836+0000] {logging_mixin.py:154} INFO - [I 2025-11-17 23:51:52,835] Trial 30 finished with value: 0.7954545454545455 and parameters: {'max_depth': 11, 'learning_rate': 0.07197374060104013, 'subsample': 0.9106049299724355, 'colsample_bytree': 0.5404601292621971, 'min_child_weight': 6, 'gamma': 1.1200822264589698, 'n_estimators': 59}. Best is trial 22 with value: 0.8048315321042594.
[2025-11-17T23:51:52.836+0000] {logging_mixin.py:154} WARNING - Best trial: 22. Best value: 0.804832:  60%|######    | 30/50 [00:21<00:13,  1.49it/s]
[2025-11-17T23:51:52.836+0000] {logging_mixin.py:154} WARNING - Best trial: 22. Best value: 0.804832:  60%|######    | 30/50 [00:21<00:13,  1.49it/s]
[2025-11-17T23:51:52.836+0000] {logging_mixin.py:154} WARNING - Best trial: 22. Best value: 0.804832:  62%|######2   | 31/50 [00:21<00:10,  1.83it/s]
[2025-11-17T23:51:53.264+0000] {logging_mixin.py:154} WARNING -                                                                                      
[2025-11-17T23:51:53.264+0000] {logging_mixin.py:154} WARNING - 
[2025-11-17T23:51:53.264+0000] {logging_mixin.py:154} INFO - [I 2025-11-17 23:51:53,264] Trial 31 finished with value: 0.802555910543131 and parameters: {'max_depth': 9, 'learning_rate': 0.04470991201200388, 'subsample': 0.9611518756711329, 'colsample_bytree': 0.5330125477464511, 'min_child_weight': 8, 'gamma': 0.49950387226746695, 'n_estimators': 356}. Best is trial 22 with value: 0.8048315321042594.
[2025-11-17T23:51:53.264+0000] {logging_mixin.py:154} WARNING - Best trial: 22. Best value: 0.804832:  62%|######2   | 31/50 [00:22<00:10,  1.83it/s]
[2025-11-17T23:51:53.265+0000] {logging_mixin.py:154} WARNING - Best trial: 22. Best value: 0.804832:  62%|######2   | 31/50 [00:22<00:10,  1.83it/s]
[2025-11-17T23:51:53.265+0000] {logging_mixin.py:154} WARNING - Best trial: 22. Best value: 0.804832:  64%|######4   | 32/50 [00:22<00:09,  1.94it/s]
[2025-11-17T23:51:54.275+0000] {logging_mixin.py:154} WARNING -                                                                                      
[2025-11-17T23:51:54.275+0000] {logging_mixin.py:154} WARNING - 
[2025-11-17T23:51:54.275+0000] {logging_mixin.py:154} INFO - [I 2025-11-17 23:51:54,275] Trial 32 finished with value: 0.8040842373962986 and parameters: {'max_depth': 10, 'learning_rate': 0.035080146031608174, 'subsample': 0.9078738412955842, 'colsample_bytree': 0.5295716509674251, 'min_child_weight': 10, 'gamma': 0.700320602086383, 'n_estimators': 390}. Best is trial 22 with value: 0.8048315321042594.
[2025-11-17T23:51:54.275+0000] {logging_mixin.py:154} WARNING - Best trial: 22. Best value: 0.804832:  64%|######4   | 32/50 [00:23<00:09,  1.94it/s]
[2025-11-17T23:51:54.276+0000] {logging_mixin.py:154} WARNING - Best trial: 22. Best value: 0.804832:  64%|######4   | 32/50 [00:23<00:09,  1.94it/s]
[2025-11-17T23:51:54.276+0000] {logging_mixin.py:154} WARNING - Best trial: 22. Best value: 0.804832:  66%|######6   | 33/50 [00:23<00:11,  1.53it/s]
[2025-11-17T23:51:55.568+0000] {logging_mixin.py:154} WARNING -                                                                                      
[2025-11-17T23:51:55.568+0000] {logging_mixin.py:154} WARNING - 
[2025-11-17T23:51:55.568+0000] {logging_mixin.py:154} INFO - [I 2025-11-17 23:51:55,567] Trial 33 finished with value: 0.7949367088607594 and parameters: {'max_depth': 13, 'learning_rate': 0.03365584134447541, 'subsample': 0.8863815502354105, 'colsample_bytree': 0.5346384279790634, 'min_child_weight': 10, 'gamma': 0.7109318201925686, 'n_estimators': 110}. Best is trial 22 with value: 0.8048315321042594.
[2025-11-17T23:51:55.569+0000] {logging_mixin.py:154} WARNING - Best trial: 22. Best value: 0.804832:  66%|######6   | 33/50 [00:24<00:11,  1.53it/s]
[2025-11-17T23:51:55.569+0000] {logging_mixin.py:154} WARNING - Best trial: 22. Best value: 0.804832:  66%|######6   | 33/50 [00:24<00:11,  1.53it/s]
[2025-11-17T23:51:55.569+0000] {logging_mixin.py:154} WARNING - Best trial: 22. Best value: 0.804832:  68%|######8   | 34/50 [00:24<00:13,  1.20it/s]
[2025-11-17T23:51:56.638+0000] {logging_mixin.py:154} WARNING -                                                                                      
[2025-11-17T23:51:56.638+0000] {logging_mixin.py:154} WARNING - 
[2025-11-17T23:51:56.638+0000] {logging_mixin.py:154} INFO - [I 2025-11-17 23:51:56,638] Trial 34 finished with value: 0.800763844684914 and parameters: {'max_depth': 10, 'learning_rate': 0.03123384006198769, 'subsample': 0.9077871074541212, 'colsample_bytree': 0.6072000604491916, 'min_child_weight': 10, 'gamma': 1.2765560681622468, 'n_estimators': 399}. Best is trial 22 with value: 0.8048315321042594.
[2025-11-17T23:51:56.638+0000] {logging_mixin.py:154} WARNING - Best trial: 22. Best value: 0.804832:  68%|######8   | 34/50 [00:25<00:13,  1.20it/s]
[2025-11-17T23:51:56.639+0000] {logging_mixin.py:154} WARNING - Best trial: 22. Best value: 0.804832:  68%|######8   | 34/50 [00:25<00:13,  1.20it/s]
[2025-11-17T23:51:56.639+0000] {logging_mixin.py:154} WARNING - Best trial: 22. Best value: 0.804832:  70%|#######   | 35/50 [00:25<00:13,  1.11it/s]
[2025-11-17T23:51:57.372+0000] {logging_mixin.py:154} WARNING -                                                                                      
[2025-11-17T23:51:57.372+0000] {logging_mixin.py:154} WARNING - 
[2025-11-17T23:51:57.372+0000] {logging_mixin.py:154} INFO - [I 2025-11-17 23:51:57,372] Trial 35 finished with value: 0.8025396825396826 and parameters: {'max_depth': 8, 'learning_rate': 0.024375024069848896, 'subsample': 0.8618900172850131, 'colsample_bytree': 0.5262693571053811, 'min_child_weight': 9, 'gamma': 0.9077645066065027, 'n_estimators': 425}. Best is trial 22 with value: 0.8048315321042594.
[2025-11-17T23:51:57.373+0000] {logging_mixin.py:154} WARNING - Best trial: 22. Best value: 0.804832:  70%|#######   | 35/50 [00:26<00:13,  1.11it/s]
[2025-11-17T23:51:57.373+0000] {logging_mixin.py:154} WARNING - Best trial: 22. Best value: 0.804832:  70%|#######   | 35/50 [00:26<00:13,  1.11it/s]
[2025-11-17T23:51:57.373+0000] {logging_mixin.py:154} WARNING - Best trial: 22. Best value: 0.804832:  72%|#######2  | 36/50 [00:26<00:11,  1.17it/s]
[2025-11-17T23:51:57.690+0000] {logging_mixin.py:154} WARNING -                                                                                      
[2025-11-17T23:51:57.691+0000] {logging_mixin.py:154} WARNING - 
[2025-11-17T23:51:57.691+0000] {logging_mixin.py:154} INFO - [I 2025-11-17 23:51:57,690] Trial 36 finished with value: 0.8030495552731892 and parameters: {'max_depth': 12, 'learning_rate': 0.05087654486381147, 'subsample': 0.9597977223447891, 'colsample_bytree': 0.5808054012550603, 'min_child_weight': 9, 'gamma': 1.5614294039307972, 'n_estimators': 345}. Best is trial 22 with value: 0.8048315321042594.
[2025-11-17T23:51:57.691+0000] {logging_mixin.py:154} WARNING - Best trial: 22. Best value: 0.804832:  72%|#######2  | 36/50 [00:26<00:11,  1.17it/s]
[2025-11-17T23:51:57.691+0000] {logging_mixin.py:154} WARNING - Best trial: 22. Best value: 0.804832:  72%|#######2  | 36/50 [00:26<00:11,  1.17it/s]
[2025-11-17T23:51:57.692+0000] {logging_mixin.py:154} WARNING - Best trial: 22. Best value: 0.804832:  74%|#######4  | 37/50 [00:26<00:09,  1.44it/s]
[2025-11-17T23:51:58.059+0000] {logging_mixin.py:154} WARNING -                                                                                      
[2025-11-17T23:51:58.059+0000] {logging_mixin.py:154} WARNING - 
[2025-11-17T23:51:58.059+0000] {logging_mixin.py:154} INFO - [I 2025-11-17 23:51:58,059] Trial 37 finished with value: 0.7999999999999999 and parameters: {'max_depth': 6, 'learning_rate': 0.035641301817162074, 'subsample': 0.8667301202674141, 'colsample_bytree': 0.5208634342939849, 'min_child_weight': 10, 'gamma': 0.33467358795985264, 'n_estimators': 258}. Best is trial 22 with value: 0.8048315321042594.
[2025-11-17T23:51:58.059+0000] {logging_mixin.py:154} WARNING - Best trial: 22. Best value: 0.804832:  74%|#######4  | 37/50 [00:26<00:09,  1.44it/s]
[2025-11-17T23:51:58.060+0000] {logging_mixin.py:154} WARNING - Best trial: 22. Best value: 0.804832:  74%|#######4  | 37/50 [00:26<00:09,  1.44it/s]
[2025-11-17T23:51:58.060+0000] {logging_mixin.py:154} WARNING - Best trial: 22. Best value: 0.804832:  76%|#######6  | 38/50 [00:26<00:07,  1.67it/s]
[2025-11-17T23:51:58.605+0000] {logging_mixin.py:154} WARNING -                                                                                      
[2025-11-17T23:51:58.605+0000] {logging_mixin.py:154} WARNING - 
[2025-11-17T23:51:58.605+0000] {logging_mixin.py:154} INFO - [I 2025-11-17 23:51:58,605] Trial 38 finished with value: 0.8017902813299232 and parameters: {'max_depth': 10, 'learning_rate': 0.06577035992004197, 'subsample': 0.9159129388868827, 'colsample_bytree': 0.5674178589293486, 'min_child_weight': 9, 'gamma': 1.0029814107530692, 'n_estimators': 305}. Best is trial 22 with value: 0.8048315321042594.
[2025-11-17T23:51:58.605+0000] {logging_mixin.py:154} WARNING - Best trial: 22. Best value: 0.804832:  76%|#######6  | 38/50 [00:27<00:07,  1.67it/s]
[2025-11-17T23:51:58.606+0000] {logging_mixin.py:154} WARNING - Best trial: 22. Best value: 0.804832:  76%|#######6  | 38/50 [00:27<00:07,  1.67it/s]
[2025-11-17T23:51:58.606+0000] {logging_mixin.py:154} WARNING - Best trial: 22. Best value: 0.804832:  78%|#######8  | 39/50 [00:27<00:06,  1.71it/s]
[2025-11-17T23:51:59.148+0000] {logging_mixin.py:154} WARNING -                                                                                      
[2025-11-17T23:51:59.148+0000] {logging_mixin.py:154} WARNING - 
[2025-11-17T23:51:59.149+0000] {logging_mixin.py:154} INFO - [I 2025-11-17 23:51:59,148] Trial 39 finished with value: 0.7956298200514139 and parameters: {'max_depth': 13, 'learning_rate': 0.024149736099319453, 'subsample': 0.8896184945479426, 'colsample_bytree': 0.5009564238804844, 'min_child_weight': 4, 'gamma': 0.013282736215314839, 'n_estimators': 466}. Best is trial 22 with value: 0.8048315321042594.
[2025-11-17T23:51:59.149+0000] {logging_mixin.py:154} WARNING - Best trial: 22. Best value: 0.804832:  78%|#######8  | 39/50 [00:27<00:06,  1.71it/s]
[2025-11-17T23:51:59.149+0000] {logging_mixin.py:154} WARNING - Best trial: 22. Best value: 0.804832:  78%|#######8  | 39/50 [00:27<00:06,  1.71it/s]
[2025-11-17T23:51:59.149+0000] {logging_mixin.py:154} WARNING - Best trial: 22. Best value: 0.804832:  80%|########  | 40/50 [00:27<00:05,  1.75it/s]
[2025-11-17T23:51:59.323+0000] {logging_mixin.py:154} WARNING -                                                                                      
[2025-11-17T23:51:59.324+0000] {logging_mixin.py:154} WARNING - 
