[2025-11-17T21:04:28.023+0000] {logging_mixin.py:154} INFO - [I 2025-11-17 21:04:28,022] Trial 49 finished with value: 0.8197969543147208 and parameters: {'max_depth': 13, 'learning_rate': 0.2102131040158439, 'subsample': 0.6892586826980519, 'colsample_bytree': 0.7213266505336542, 'min_child_weight': 4, 'gamma': 2.5097611057280305, 'n_estimators': 298}. Best is trial 40 with value: 0.8220392653578213.
[2025-11-17T21:04:28.023+0000] {logging_mixin.py:154} WARNING - Best trial: 40. Best value: 0.822039:  98%|#########8| 49/50 [00:20<00:00,  2.87it/s]
[2025-11-17T21:04:28.023+0000] {logging_mixin.py:154} WARNING - Best trial: 40. Best value: 0.822039:  98%|#########8| 49/50 [00:20<00:00,  2.87it/s]
[2025-11-17T21:04:28.023+0000] {logging_mixin.py:154} WARNING - Best trial: 40. Best value: 0.822039: 100%|##########| 50/50 [00:20<00:00,  3.49it/s]
[2025-11-17T21:04:28.023+0000] {logging_mixin.py:154} WARNING - Best trial: 40. Best value: 0.822039: 100%|##########| 50/50 [00:20<00:00,  2.39it/s]
[2025-11-17T21:04:28.023+0000] {model_training.py:111} INFO - ✅ Mejor F1-Score (validación): 0.8220
[2025-11-17T21:04:28.023+0000] {model_training.py:112} INFO - 📊 Mejores hiperparámetros encontrados:
[2025-11-17T21:04:28.024+0000] {model_training.py:114} INFO -    - max_depth: 13
[2025-11-17T21:04:28.024+0000] {model_training.py:114} INFO -    - learning_rate: 0.26586927779980185
[2025-11-17T21:04:28.024+0000] {model_training.py:114} INFO -    - subsample: 0.7327028329245603
[2025-11-17T21:04:28.024+0000] {model_training.py:114} INFO -    - colsample_bytree: 0.7553147829342944
[2025-11-17T21:04:28.024+0000] {model_training.py:114} INFO -    - min_child_weight: 5
[2025-11-17T21:04:28.024+0000] {model_training.py:114} INFO -    - gamma: 2.1460534570210203
[2025-11-17T21:04:28.024+0000] {model_training.py:114} INFO -    - n_estimators: 400
[2025-11-17T21:04:28.024+0000] {model_training.py:281} INFO - 🎯 Entrenando modelo final con mejores hiperparámetros...
[2025-11-17T21:04:28.035+0000] {logging_mixin.py:154} INFO - [0]	validation_0-logloss:0.61566	validation_1-logloss:0.61958	validation_2-logloss:0.62530
[2025-11-17T21:04:28.037+0000] {logging_mixin.py:154} INFO - [1]	validation_0-logloss:0.55331	validation_1-logloss:0.55662	validation_2-logloss:0.56775
[2025-11-17T21:04:28.037+0000] {logging_mixin.py:154} INFO - [2]	validation_0-logloss:0.53798	validation_1-logloss:0.54182	validation_2-logloss:0.55529
[2025-11-17T21:04:28.038+0000] {logging_mixin.py:154} INFO - [3]	validation_0-logloss:0.51251	validation_1-logloss:0.51631	validation_2-logloss:0.53081
[2025-11-17T21:04:28.041+0000] {logging_mixin.py:154} INFO - [4]	validation_0-logloss:0.49491	validation_1-logloss:0.49998	validation_2-logloss:0.51741
[2025-11-17T21:04:28.043+0000] {logging_mixin.py:154} INFO - [5]	validation_0-logloss:0.48636	validation_1-logloss:0.49044	validation_2-logloss:0.50893
[2025-11-17T21:04:28.045+0000] {logging_mixin.py:154} INFO - [6]	validation_0-logloss:0.46870	validation_1-logloss:0.47688	validation_2-logloss:0.49396
[2025-11-17T21:04:28.046+0000] {logging_mixin.py:154} INFO - [7]	validation_0-logloss:0.45670	validation_1-logloss:0.46531	validation_2-logloss:0.48318
[2025-11-17T21:04:28.047+0000] {logging_mixin.py:154} INFO - [8]	validation_0-logloss:0.44894	validation_1-logloss:0.46101	validation_2-logloss:0.47981
[2025-11-17T21:04:28.049+0000] {logging_mixin.py:154} INFO - [9]	validation_0-logloss:0.43507	validation_1-logloss:0.45065	validation_2-logloss:0.47232
[2025-11-17T21:04:28.050+0000] {logging_mixin.py:154} INFO - [10]	validation_0-logloss:0.42600	validation_1-logloss:0.44237	validation_2-logloss:0.46978
[2025-11-17T21:04:28.051+0000] {logging_mixin.py:154} INFO - [11]	validation_0-logloss:0.42442	validation_1-logloss:0.44119	validation_2-logloss:0.46970
[2025-11-17T21:04:28.052+0000] {logging_mixin.py:154} INFO - [12]	validation_0-logloss:0.41894	validation_1-logloss:0.43746	validation_2-logloss:0.46705
[2025-11-17T21:04:28.053+0000] {logging_mixin.py:154} INFO - [13]	validation_0-logloss:0.41399	validation_1-logloss:0.43499	validation_2-logloss:0.46461
[2025-11-17T21:04:28.055+0000] {logging_mixin.py:154} INFO - [14]	validation_0-logloss:0.41017	validation_1-logloss:0.43726	validation_2-logloss:0.46510
[2025-11-17T21:04:28.055+0000] {logging_mixin.py:154} INFO - [15]	validation_0-logloss:0.40998	validation_1-logloss:0.43702	validation_2-logloss:0.46513
[2025-11-17T21:04:28.057+0000] {logging_mixin.py:154} INFO - [16]	validation_0-logloss:0.40371	validation_1-logloss:0.43557	validation_2-logloss:0.46547
[2025-11-17T21:04:28.057+0000] {logging_mixin.py:154} INFO - [17]	validation_0-logloss:0.40198	validation_1-logloss:0.43343	validation_2-logloss:0.46411
[2025-11-17T21:04:28.058+0000] {logging_mixin.py:154} INFO - [18]	validation_0-logloss:0.39948	validation_1-logloss:0.43268	validation_2-logloss:0.46386
[2025-11-17T21:04:28.059+0000] {logging_mixin.py:154} INFO - [19]	validation_0-logloss:0.39813	validation_1-logloss:0.43215	validation_2-logloss:0.46460
[2025-11-17T21:04:28.061+0000] {logging_mixin.py:154} INFO - [20]	validation_0-logloss:0.39619	validation_1-logloss:0.43121	validation_2-logloss:0.46467
[2025-11-17T21:04:28.062+0000] {logging_mixin.py:154} INFO - [21]	validation_0-logloss:0.39576	validation_1-logloss:0.43064	validation_2-logloss:0.46419
[2025-11-17T21:04:28.063+0000] {logging_mixin.py:154} INFO - [22]	validation_0-logloss:0.39561	validation_1-logloss:0.43057	validation_2-logloss:0.46425
[2025-11-17T21:04:28.064+0000] {logging_mixin.py:154} INFO - [23]	validation_0-logloss:0.39561	validation_1-logloss:0.43060	validation_2-logloss:0.46430
[2025-11-17T21:04:28.064+0000] {logging_mixin.py:154} INFO - [24]	validation_0-logloss:0.39562	validation_1-logloss:0.43053	validation_2-logloss:0.46421
[2025-11-17T21:04:28.065+0000] {logging_mixin.py:154} INFO - [25]	validation_0-logloss:0.39562	validation_1-logloss:0.43056	validation_2-logloss:0.46425
[2025-11-17T21:04:28.066+0000] {logging_mixin.py:154} INFO - [26]	validation_0-logloss:0.39562	validation_1-logloss:0.43055	validation_2-logloss:0.46424
[2025-11-17T21:04:28.067+0000] {logging_mixin.py:154} INFO - [27]	validation_0-logloss:0.39562	validation_1-logloss:0.43054	validation_2-logloss:0.46422
[2025-11-17T21:04:28.068+0000] {logging_mixin.py:154} INFO - [28]	validation_0-logloss:0.39447	validation_1-logloss:0.43061	validation_2-logloss:0.46333
[2025-11-17T21:04:28.068+0000] {logging_mixin.py:154} INFO - [29]	validation_0-logloss:0.39407	validation_1-logloss:0.43044	validation_2-logloss:0.46320
[2025-11-17T21:04:28.069+0000] {logging_mixin.py:154} INFO - [30]	validation_0-logloss:0.39251	validation_1-logloss:0.43009	validation_2-logloss:0.46282
[2025-11-17T21:04:28.070+0000] {logging_mixin.py:154} INFO - [31]	validation_0-logloss:0.39086	validation_1-logloss:0.42900	validation_2-logloss:0.46236
[2025-11-17T21:04:28.071+0000] {logging_mixin.py:154} INFO - [32]	validation_0-logloss:0.39078	validation_1-logloss:0.42902	validation_2-logloss:0.46252
[2025-11-17T21:04:28.073+0000] {logging_mixin.py:154} INFO - [33]	validation_0-logloss:0.38889	validation_1-logloss:0.42797	validation_2-logloss:0.46403
[2025-11-17T21:04:28.075+0000] {logging_mixin.py:154} INFO - [34]	validation_0-logloss:0.38890	validation_1-logloss:0.42787	validation_2-logloss:0.46391
[2025-11-17T21:04:28.080+0000] {logging_mixin.py:154} INFO - [35]	validation_0-logloss:0.38705	validation_1-logloss:0.42789	validation_2-logloss:0.46503
[2025-11-17T21:04:28.081+0000] {logging_mixin.py:154} INFO - [36]	validation_0-logloss:0.38703	validation_1-logloss:0.42801	validation_2-logloss:0.46500
[2025-11-17T21:04:28.082+0000] {logging_mixin.py:154} INFO - [37]	validation_0-logloss:0.38702	validation_1-logloss:0.42804	validation_2-logloss:0.46503
[2025-11-17T21:04:28.082+0000] {logging_mixin.py:154} INFO - [38]	validation_0-logloss:0.38702	validation_1-logloss:0.42805	validation_2-logloss:0.46504
[2025-11-17T21:04:28.083+0000] {logging_mixin.py:154} INFO - [39]	validation_0-logloss:0.38651	validation_1-logloss:0.42794	validation_2-logloss:0.46489
[2025-11-17T21:04:28.084+0000] {logging_mixin.py:154} INFO - [40]	validation_0-logloss:0.38452	validation_1-logloss:0.42772	validation_2-logloss:0.46437
[2025-11-17T21:04:28.086+0000] {logging_mixin.py:154} INFO - [41]	validation_0-logloss:0.38292	validation_1-logloss:0.42691	validation_2-logloss:0.46450
[2025-11-17T21:04:28.087+0000] {logging_mixin.py:154} INFO - [42]	validation_0-logloss:0.38264	validation_1-logloss:0.42757	validation_2-logloss:0.46407
[2025-11-17T21:04:28.088+0000] {logging_mixin.py:154} INFO - [43]	validation_0-logloss:0.38264	validation_1-logloss:0.42769	validation_2-logloss:0.46420
[2025-11-17T21:04:28.088+0000] {logging_mixin.py:154} INFO - [44]	validation_0-logloss:0.38261	validation_1-logloss:0.42773	validation_2-logloss:0.46435
[2025-11-17T21:04:28.089+0000] {logging_mixin.py:154} INFO - [45]	validation_0-logloss:0.38150	validation_1-logloss:0.42781	validation_2-logloss:0.46361
[2025-11-17T21:04:28.090+0000] {logging_mixin.py:154} INFO - [46]	validation_0-logloss:0.38071	validation_1-logloss:0.42905	validation_2-logloss:0.46344
[2025-11-17T21:04:28.091+0000] {logging_mixin.py:154} INFO - [47]	validation_0-logloss:0.38071	validation_1-logloss:0.42906	validation_2-logloss:0.46345
[2025-11-17T21:04:28.092+0000] {logging_mixin.py:154} INFO - [48]	validation_0-logloss:0.38048	validation_1-logloss:0.42905	validation_2-logloss:0.46337
[2025-11-17T21:04:28.093+0000] {logging_mixin.py:154} INFO - [49]	validation_0-logloss:0.37971	validation_1-logloss:0.43054	validation_2-logloss:0.46455
[2025-11-17T21:04:28.094+0000] {logging_mixin.py:154} INFO - [50]	validation_0-logloss:0.37971	validation_1-logloss:0.43056	validation_2-logloss:0.46458
[2025-11-17T21:04:28.095+0000] {logging_mixin.py:154} INFO - [51]	validation_0-logloss:0.37971	validation_1-logloss:0.43064	validation_2-logloss:0.46466
[2025-11-17T21:04:28.095+0000] {logging_mixin.py:154} INFO - [52]	validation_0-logloss:0.37937	validation_1-logloss:0.43005	validation_2-logloss:0.46460
[2025-11-17T21:04:28.096+0000] {logging_mixin.py:154} INFO - [53]	validation_0-logloss:0.37936	validation_1-logloss:0.42988	validation_2-logloss:0.46442
[2025-11-17T21:04:28.097+0000] {logging_mixin.py:154} INFO - [54]	validation_0-logloss:0.37937	validation_1-logloss:0.42977	validation_2-logloss:0.46430
[2025-11-17T21:04:28.097+0000] {logging_mixin.py:154} INFO - [55]	validation_0-logloss:0.37936	validation_1-logloss:0.42982	validation_2-logloss:0.46435
[2025-11-17T21:04:28.099+0000] {logging_mixin.py:154} INFO - [56]	validation_0-logloss:0.37936	validation_1-logloss:0.42987	validation_2-logloss:0.46441
[2025-11-17T21:04:28.099+0000] {logging_mixin.py:154} INFO - [57]	validation_0-logloss:0.37936	validation_1-logloss:0.42989	validation_2-logloss:0.46443
[2025-11-17T21:04:28.100+0000] {logging_mixin.py:154} INFO - [58]	validation_0-logloss:0.37912	validation_1-logloss:0.42996	validation_2-logloss:0.46514
[2025-11-17T21:04:28.101+0000] {logging_mixin.py:154} INFO - [59]	validation_0-logloss:0.37912	validation_1-logloss:0.42997	validation_2-logloss:0.46515
[2025-11-17T21:04:28.102+0000] {logging_mixin.py:154} INFO - [60]	validation_0-logloss:0.37912	validation_1-logloss:0.43002	validation_2-logloss:0.46519
[2025-11-17T21:04:28.103+0000] {logging_mixin.py:154} INFO - [61]	validation_0-logloss:0.37848	validation_1-logloss:0.42945	validation_2-logloss:0.46541
[2025-11-17T21:04:28.103+0000] {logging_mixin.py:154} INFO - [62]	validation_0-logloss:0.37848	validation_1-logloss:0.42944	validation_2-logloss:0.46539
[2025-11-17T21:04:28.105+0000] {logging_mixin.py:154} INFO - [63]	validation_0-logloss:0.37848	validation_1-logloss:0.42938	validation_2-logloss:0.46533
[2025-11-17T21:04:28.105+0000] {logging_mixin.py:154} INFO - [64]	validation_0-logloss:0.37848	validation_1-logloss:0.42934	validation_2-logloss:0.46529
[2025-11-17T21:04:28.106+0000] {logging_mixin.py:154} INFO - [65]	validation_0-logloss:0.37848	validation_1-logloss:0.42937	validation_2-logloss:0.46532
[2025-11-17T21:04:28.107+0000] {logging_mixin.py:154} INFO - [66]	validation_0-logloss:0.37733	validation_1-logloss:0.42966	validation_2-logloss:0.46457
[2025-11-17T21:04:28.108+0000] {logging_mixin.py:154} INFO - [67]	validation_0-logloss:0.37733	validation_1-logloss:0.42964	validation_2-logloss:0.46455
[2025-11-17T21:04:28.109+0000] {logging_mixin.py:154} INFO - [68]	validation_0-logloss:0.37724	validation_1-logloss:0.43004	validation_2-logloss:0.46440
[2025-11-17T21:04:28.109+0000] {logging_mixin.py:154} INFO - [69]	validation_0-logloss:0.37724	validation_1-logloss:0.43003	validation_2-logloss:0.46440
[2025-11-17T21:04:28.110+0000] {logging_mixin.py:154} INFO - [70]	validation_0-logloss:0.37724	validation_1-logloss:0.43001	validation_2-logloss:0.46437
[2025-11-17T21:04:28.111+0000] {logging_mixin.py:154} INFO - [71]	validation_0-logloss:0.37702	validation_1-logloss:0.43038	validation_2-logloss:0.46487
[2025-11-17T21:04:28.112+0000] {logging_mixin.py:154} INFO - [72]	validation_0-logloss:0.37705	validation_1-logloss:0.43055	validation_2-logloss:0.46505
[2025-11-17T21:04:28.113+0000] {logging_mixin.py:154} INFO - [73]	validation_0-logloss:0.37536	validation_1-logloss:0.43119	validation_2-logloss:0.46509
[2025-11-17T21:04:28.114+0000] {logging_mixin.py:154} INFO - [74]	validation_0-logloss:0.37535	validation_1-logloss:0.43112	validation_2-logloss:0.46501
[2025-11-17T21:04:28.115+0000] {logging_mixin.py:154} INFO - [75]	validation_0-logloss:0.37536	validation_1-logloss:0.43082	validation_2-logloss:0.46471
[2025-11-17T21:04:28.116+0000] {logging_mixin.py:154} INFO - [76]	validation_0-logloss:0.37535	validation_1-logloss:0.43085	validation_2-logloss:0.46475
[2025-11-17T21:04:28.116+0000] {logging_mixin.py:154} INFO - [77]	validation_0-logloss:0.37485	validation_1-logloss:0.43146	validation_2-logloss:0.46471
[2025-11-17T21:04:28.118+0000] {logging_mixin.py:154} INFO - [78]	validation_0-logloss:0.37486	validation_1-logloss:0.43140	validation_2-logloss:0.46465
[2025-11-17T21:04:28.118+0000] {logging_mixin.py:154} INFO - [79]	validation_0-logloss:0.37485	validation_1-logloss:0.43157	validation_2-logloss:0.46482
[2025-11-17T21:04:28.119+0000] {logging_mixin.py:154} INFO - [80]	validation_0-logloss:0.37485	validation_1-logloss:0.43168	validation_2-logloss:0.46493
[2025-11-17T21:04:28.120+0000] {logging_mixin.py:154} INFO - [81]	validation_0-logloss:0.37485	validation_1-logloss:0.43159	validation_2-logloss:0.46484
[2025-11-17T21:04:28.121+0000] {logging_mixin.py:154} INFO - [82]	validation_0-logloss:0.37485	validation_1-logloss:0.43161	validation_2-logloss:0.46487
[2025-11-17T21:04:28.121+0000] {logging_mixin.py:154} INFO - [83]	validation_0-logloss:0.37454	validation_1-logloss:0.43101	validation_2-logloss:0.46419
[2025-11-17T21:04:28.122+0000] {logging_mixin.py:154} INFO - [84]	validation_0-logloss:0.37454	validation_1-logloss:0.43104	validation_2-logloss:0.46423
[2025-11-17T21:04:28.123+0000] {logging_mixin.py:154} INFO - [85]	validation_0-logloss:0.37437	validation_1-logloss:0.43097	validation_2-logloss:0.46532
[2025-11-17T21:04:28.124+0000] {logging_mixin.py:154} INFO - [86]	validation_0-logloss:0.37437	validation_1-logloss:0.43102	validation_2-logloss:0.46537
[2025-11-17T21:04:28.124+0000] {logging_mixin.py:154} INFO - [87]	validation_0-logloss:0.37437	validation_1-logloss:0.43097	validation_2-logloss:0.46532
[2025-11-17T21:04:28.125+0000] {logging_mixin.py:154} INFO - [88]	validation_0-logloss:0.37436	validation_1-logloss:0.43089	validation_2-logloss:0.46524
[2025-11-17T21:04:28.126+0000] {logging_mixin.py:154} INFO - [89]	validation_0-logloss:0.37436	validation_1-logloss:0.43090	validation_2-logloss:0.46526
[2025-11-17T21:04:28.127+0000] {logging_mixin.py:154} INFO - [90]	validation_0-logloss:0.37437	validation_1-logloss:0.43082	validation_2-logloss:0.46518
[2025-11-17T21:04:28.127+0000] {logging_mixin.py:154} INFO - [91]	validation_0-logloss:0.37436	validation_1-logloss:0.43089	validation_2-logloss:0.46525
[2025-11-17T21:04:28.128+0000] {logging_mixin.py:154} INFO - [92]	validation_0-logloss:0.37436	validation_1-logloss:0.43090	validation_2-logloss:0.46525
[2025-11-17T21:04:28.129+0000] {logging_mixin.py:154} INFO - [93]	validation_0-logloss:0.37437	validation_1-logloss:0.43082	validation_2-logloss:0.46517
[2025-11-17T21:04:28.130+0000] {logging_mixin.py:154} INFO - [94]	validation_0-logloss:0.37436	validation_1-logloss:0.43084	validation_2-logloss:0.46519
[2025-11-17T21:04:28.131+0000] {logging_mixin.py:154} INFO - [95]	validation_0-logloss:0.37391	validation_1-logloss:0.43152	validation_2-logloss:0.46572
[2025-11-17T21:04:28.132+0000] {logging_mixin.py:154} INFO - [96]	validation_0-logloss:0.37391	validation_1-logloss:0.43150	validation_2-logloss:0.46571
[2025-11-17T21:04:28.135+0000] {logging_mixin.py:154} INFO - [97]	validation_0-logloss:0.37318	validation_1-logloss:0.43114	validation_2-logloss:0.46770
[2025-11-17T21:04:28.156+0000] {logging_mixin.py:154} INFO - [98]	validation_0-logloss:0.37288	validation_1-logloss:0.43181	validation_2-logloss:0.46807
[2025-11-17T21:04:28.157+0000] {logging_mixin.py:154} INFO - [99]	validation_0-logloss:0.37288	validation_1-logloss:0.43172	validation_2-logloss:0.46798
[2025-11-17T21:04:28.160+0000] {logging_mixin.py:154} INFO - [100]	validation_0-logloss:0.37286	validation_1-logloss:0.43149	validation_2-logloss:0.46823
[2025-11-17T21:04:28.160+0000] {logging_mixin.py:154} INFO - [101]	validation_0-logloss:0.37287	validation_1-logloss:0.43166	validation_2-logloss:0.46839
[2025-11-17T21:04:28.161+0000] {logging_mixin.py:154} INFO - [102]	validation_0-logloss:0.37289	validation_1-logloss:0.43180	validation_2-logloss:0.46853
[2025-11-17T21:04:28.162+0000] {logging_mixin.py:154} INFO - [103]	validation_0-logloss:0.37288	validation_1-logloss:0.43172	validation_2-logloss:0.46845
[2025-11-17T21:04:28.163+0000] {logging_mixin.py:154} INFO - [104]	validation_0-logloss:0.37291	validation_1-logloss:0.43189	validation_2-logloss:0.46861
[2025-11-17T21:04:28.163+0000] {logging_mixin.py:154} INFO - [105]	validation_0-logloss:0.37276	validation_1-logloss:0.43185	validation_2-logloss:0.46854
[2025-11-17T21:04:28.166+0000] {logging_mixin.py:154} INFO - [106]	validation_0-logloss:0.37275	validation_1-logloss:0.43180	validation_2-logloss:0.46849
[2025-11-17T21:04:28.167+0000] {logging_mixin.py:154} INFO - [107]	validation_0-logloss:0.37193	validation_1-logloss:0.43238	validation_2-logloss:0.46942
[2025-11-17T21:04:28.169+0000] {logging_mixin.py:154} INFO - [108]	validation_0-logloss:0.37193	validation_1-logloss:0.43238	validation_2-logloss:0.46942
[2025-11-17T21:04:28.171+0000] {logging_mixin.py:154} INFO - [109]	validation_0-logloss:0.37192	validation_1-logloss:0.43233	validation_2-logloss:0.46937
[2025-11-17T21:04:28.173+0000] {logging_mixin.py:154} INFO - [110]	validation_0-logloss:0.37193	validation_1-logloss:0.43241	validation_2-logloss:0.46945
[2025-11-17T21:04:28.174+0000] {logging_mixin.py:154} INFO - [111]	validation_0-logloss:0.37192	validation_1-logloss:0.43218	validation_2-logloss:0.46923
[2025-11-17T21:04:28.175+0000] {logging_mixin.py:154} INFO - [112]	validation_0-logloss:0.37192	validation_1-logloss:0.43227	validation_2-logloss:0.46931
[2025-11-17T21:04:28.176+0000] {logging_mixin.py:154} INFO - [113]	validation_0-logloss:0.37179	validation_1-logloss:0.43204	validation_2-logloss:0.46950
[2025-11-17T21:04:28.176+0000] {logging_mixin.py:154} INFO - [114]	validation_0-logloss:0.37178	validation_1-logloss:0.43197	validation_2-logloss:0.46944
[2025-11-17T21:04:28.177+0000] {logging_mixin.py:154} INFO - [115]	validation_0-logloss:0.37179	validation_1-logloss:0.43204	validation_2-logloss:0.46950
[2025-11-17T21:04:28.178+0000] {logging_mixin.py:154} INFO - [116]	validation_0-logloss:0.37179	validation_1-logloss:0.43184	validation_2-logloss:0.46932
[2025-11-17T21:04:28.179+0000] {logging_mixin.py:154} INFO - [117]	validation_0-logloss:0.37178	validation_1-logloss:0.43188	validation_2-logloss:0.46935
[2025-11-17T21:04:28.179+0000] {logging_mixin.py:154} INFO - [118]	validation_0-logloss:0.37179	validation_1-logloss:0.43183	validation_2-logloss:0.46931
[2025-11-17T21:04:28.180+0000] {logging_mixin.py:154} INFO - [119]	validation_0-logloss:0.37178	validation_1-logloss:0.43187	validation_2-logloss:0.46934
[2025-11-17T21:04:28.181+0000] {logging_mixin.py:154} INFO - [120]	validation_0-logloss:0.37179	validation_1-logloss:0.43186	validation_2-logloss:0.46933
[2025-11-17T21:04:28.182+0000] {logging_mixin.py:154} INFO - [121]	validation_0-logloss:0.37180	validation_1-logloss:0.43172	validation_2-logloss:0.46920
[2025-11-17T21:04:28.183+0000] {logging_mixin.py:154} INFO - [122]	validation_0-logloss:0.37180	validation_1-logloss:0.43176	validation_2-logloss:0.46924
[2025-11-17T21:04:28.184+0000] {logging_mixin.py:154} INFO - [123]	validation_0-logloss:0.37152	validation_1-logloss:0.43172	validation_2-logloss:0.46931
[2025-11-17T21:04:28.189+0000] {logging_mixin.py:154} INFO - [124]	validation_0-logloss:0.37099	validation_1-logloss:0.43142	validation_2-logloss:0.46910
[2025-11-17T21:04:28.193+0000] {logging_mixin.py:154} INFO - [125]	validation_0-logloss:0.37072	validation_1-logloss:0.43125	validation_2-logloss:0.46912
[2025-11-17T21:04:28.194+0000] {logging_mixin.py:154} INFO - [126]	validation_0-logloss:0.37072	validation_1-logloss:0.43128	validation_2-logloss:0.46915
[2025-11-17T21:04:28.195+0000] {logging_mixin.py:154} INFO - [127]	validation_0-logloss:0.37073	validation_1-logloss:0.43131	validation_2-logloss:0.46918
[2025-11-17T21:04:28.196+0000] {logging_mixin.py:154} INFO - [128]	validation_0-logloss:0.37070	validation_1-logloss:0.43180	validation_2-logloss:0.46934
[2025-11-17T21:04:28.197+0000] {logging_mixin.py:154} INFO - [129]	validation_0-logloss:0.37070	validation_1-logloss:0.43182	validation_2-logloss:0.46936
[2025-11-17T21:04:28.197+0000] {logging_mixin.py:154} INFO - [130]	validation_0-logloss:0.37070	validation_1-log