[2025-11-17T23:51:59.324+0000] {logging_mixin.py:154} INFO - [I 2025-11-17 23:51:59,323] Trial 40 finished with value: 0.8012738853503185 and parameters: {'max_depth': 11, 'learning_rate': 0.08099598539151615, 'subsample': 0.9734910922844446, 'colsample_bytree': 0.6020512941564147, 'min_child_weight': 8, 'gamma': 0.6861613597540982, 'n_estimators': 391}. Best is trial 22 with value: 0.8048315321042594.
[2025-11-17T23:51:59.324+0000] {logging_mixin.py:154} WARNING - Best trial: 22. Best value: 0.804832:  80%|########  | 40/50 [00:28<00:05,  1.75it/s]
[2025-11-17T23:51:59.324+0000] {logging_mixin.py:154} WARNING - Best trial: 22. Best value: 0.804832:  80%|########  | 40/50 [00:28<00:05,  1.75it/s]
[2025-11-17T23:51:59.324+0000] {logging_mixin.py:154} WARNING - Best trial: 22. Best value: 0.804832:  82%|########2 | 41/50 [00:28<00:04,  2.21it/s]
[2025-11-17T23:51:59.535+0000] {logging_mixin.py:154} WARNING -                                                                                      
[2025-11-17T23:51:59.535+0000] {logging_mixin.py:154} WARNING - 
[2025-11-17T23:51:59.535+0000] {logging_mixin.py:154} INFO - [I 2025-11-17 23:51:59,534] Trial 41 finished with value: 0.8040583386176284 and parameters: {'max_depth': 12, 'learning_rate': 0.048743238542306916, 'subsample': 0.9645148362039293, 'colsample_bytree': 0.5817595992958474, 'min_child_weight': 9, 'gamma': 1.4542812238641498, 'n_estimators': 345}. Best is trial 22 with value: 0.8048315321042594.
[2025-11-17T23:51:59.535+0000] {logging_mixin.py:154} WARNING - Best trial: 22. Best value: 0.804832:  82%|########2 | 41/50 [00:28<00:04,  2.21it/s]
[2025-11-17T23:51:59.535+0000] {logging_mixin.py:154} WARNING - Best trial: 22. Best value: 0.804832:  82%|########2 | 41/50 [00:28<00:04,  2.21it/s]
[2025-11-17T23:51:59.536+0000] {logging_mixin.py:154} WARNING - Best trial: 22. Best value: 0.804832:  84%|########4 | 42/50 [00:28<00:03,  2.63it/s]
[2025-11-17T23:52:01.966+0000] {logging_mixin.py:154} WARNING -                                                                                      
[2025-11-17T23:52:01.966+0000] {logging_mixin.py:154} WARNING - 
[2025-11-17T23:52:01.966+0000] {logging_mixin.py:154} INFO - [I 2025-11-17 23:52:01,966] Trial 42 finished with value: 0.8005082592121983 and parameters: {'max_depth': 12, 'learning_rate': 0.04708579593629236, 'subsample': 0.9647637315753956, 'colsample_bytree': 0.5522012577943192, 'min_child_weight': 10, 'gamma': 1.3586581093234438, 'n_estimators': 317}. Best is trial 22 with value: 0.8048315321042594.
[2025-11-17T23:52:01.966+0000] {logging_mixin.py:154} WARNING - Best trial: 22. Best value: 0.804832:  84%|########4 | 42/50 [00:30<00:03,  2.63it/s]
[2025-11-17T23:52:01.967+0000] {logging_mixin.py:154} WARNING - Best trial: 22. Best value: 0.804832:  84%|########4 | 42/50 [00:30<00:03,  2.63it/s]
[2025-11-17T23:52:01.967+0000] {logging_mixin.py:154} WARNING - Best trial: 22. Best value: 0.804832:  86%|########6 | 43/50 [00:30<00:06,  1.01it/s]
[2025-11-17T23:52:02.250+0000] {logging_mixin.py:154} WARNING -                                                                                      
[2025-11-17T23:52:02.250+0000] {logging_mixin.py:154} WARNING - 
[2025-11-17T23:52:02.250+0000] {logging_mixin.py:154} INFO - [I 2025-11-17 23:52:02,250] Trial 43 finished with value: 0.8017902813299232 and parameters: {'max_depth': 14, 'learning_rate': 0.05818845766266493, 'subsample': 0.9257265288933062, 'colsample_bytree': 0.5789600265995569, 'min_child_weight': 9, 'gamma': 1.0281641573269438, 'n_estimators': 413}. Best is trial 22 with value: 0.8048315321042594.
[2025-11-17T23:52:02.250+0000] {logging_mixin.py:154} WARNING - Best trial: 22. Best value: 0.804832:  86%|########6 | 43/50 [00:31<00:06,  1.01it/s]
[2025-11-17T23:52:02.251+0000] {logging_mixin.py:154} WARNING - Best trial: 22. Best value: 0.804832:  86%|########6 | 43/50 [00:31<00:06,  1.01it/s]
[2025-11-17T23:52:02.251+0000] {logging_mixin.py:154} WARNING - Best trial: 22. Best value: 0.804832:  88%|########8 | 44/50 [00:31<00:04,  1.28it/s]
[2025-11-17T23:52:02.495+0000] {logging_mixin.py:154} WARNING -                                                                                      
[2025-11-17T23:52:02.495+0000] {logging_mixin.py:154} WARNING - 
[2025-11-17T23:52:02.495+0000] {logging_mixin.py:154} INFO - [I 2025-11-17 23:52:02,495] Trial 44 finished with value: 0.8045685279187816 and parameters: {'max_depth': 9, 'learning_rate': 0.028932707342245487, 'subsample': 0.974943570005506, 'colsample_bytree': 0.5194841038205044, 'min_child_weight': 8, 'gamma': 0.6462687015500123, 'n_estimators': 278}. Best is trial 22 with value: 0.8048315321042594.
[2025-11-17T23:52:02.495+0000] {logging_mixin.py:154} WARNING - Best trial: 22. Best value: 0.804832:  88%|########8 | 44/50 [00:31<00:04,  1.28it/s]
[2025-11-17T23:52:02.496+0000] {logging_mixin.py:154} WARNING - Best trial: 22. Best value: 0.804832:  88%|########8 | 44/50 [00:31<00:04,  1.28it/s]
[2025-11-17T23:52:02.496+0000] {logging_mixin.py:154} WARNING - Best trial: 22. Best value: 0.804832:  90%|######### | 45/50 [00:31<00:03,  1.61it/s]
[2025-11-17T23:52:02.916+0000] {logging_mixin.py:154} WARNING -                                                                                      
[2025-11-17T23:52:02.916+0000] {logging_mixin.py:154} WARNING - 
[2025-11-17T23:52:02.916+0000] {logging_mixin.py:154} INFO - [I 2025-11-17 23:52:02,916] Trial 45 finished with value: 0.799240025332489 and parameters: {'max_depth': 9, 'learning_rate': 0.026863588714973543, 'subsample': 0.9860244033760543, 'colsample_bytree': 0.5233176666620485, 'min_child_weight': 7, 'gamma': 0.45571560039347925, 'n_estimators': 286}. Best is trial 22 with value: 0.8048315321042594.
[2025-11-17T23:52:02.916+0000] {logging_mixin.py:154} WARNING - Best trial: 22. Best value: 0.804832:  90%|######### | 45/50 [00:31<00:03,  1.61it/s]
[2025-11-17T23:52:02.917+0000] {logging_mixin.py:154} WARNING - Best trial: 22. Best value: 0.804832:  90%|######### | 45/50 [00:31<00:03,  1.61it/s]
[2025-11-17T23:52:02.917+0000] {logging_mixin.py:154} WARNING - Best trial: 22. Best value: 0.804832:  92%|#########2| 46/50 [00:31<00:02,  1.78it/s]
[2025-11-17T23:52:03.206+0000] {logging_mixin.py:154} WARNING -                                                                                      
[2025-11-17T23:52:03.206+0000] {logging_mixin.py:154} WARNING - 
[2025-11-17T23:52:03.206+0000] {logging_mixin.py:154} INFO - [I 2025-11-17 23:52:03,206] Trial 46 finished with value: 0.8010204081632654 and parameters: {'max_depth': 10, 'learning_rate': 0.03754551115039342, 'subsample': 0.9973408618733371, 'colsample_bytree': 0.5797344860819836, 'min_child_weight': 8, 'gamma': 0.6742688217617143, 'n_estimators': 225}. Best is trial 22 with value: 0.8048315321042594.
[2025-11-17T23:52:03.206+0000] {logging_mixin.py:154} WARNING - Best trial: 22. Best value: 0.804832:  92%|#########2| 46/50 [00:32<00:02,  1.78it/s]
[2025-11-17T23:52:03.207+0000] {logging_mixin.py:154} WARNING - Best trial: 22. Best value: 0.804832:  92%|#########2| 46/50 [00:32<00:02,  1.78it/s]
[2025-11-17T23:52:03.207+0000] {logging_mixin.py:154} WARNING - Best trial: 22. Best value: 0.804832:  94%|#########3| 47/50 [00:32<00:01,  2.08it/s]
[2025-11-17T23:52:03.459+0000] {logging_mixin.py:154} WARNING -                                                                                      
[2025-11-17T23:52:03.459+0000] {logging_mixin.py:154} WARNING - 
[2025-11-17T23:52:03.459+0000] {logging_mixin.py:154} INFO - [I 2025-11-17 23:52:03,458] Trial 47 finished with value: 0.8017789072426939 and parameters: {'max_depth': 13, 'learning_rate': 0.02976596457249386, 'subsample': 0.947257865606021, 'colsample_bytree': 0.5167665237972624, 'min_child_weight': 5, 'gamma': 0.26742623731616355, 'n_estimators': 265}. Best is trial 22 with value: 0.8048315321042594.
[2025-11-17T23:52:03.459+0000] {logging_mixin.py:154} WARNING - Best trial: 22. Best value: 0.804832:  94%|#########3| 47/50 [00:32<00:01,  2.08it/s]
[2025-11-17T23:52:03.459+0000] {logging_mixin.py:154} WARNING - Best trial: 22. Best value: 0.804832:  94%|#########3| 47/50 [00:32<00:01,  2.08it/s]
[2025-11-17T23:52:03.459+0000] {logging_mixin.py:154} WARNING - Best trial: 22. Best value: 0.804832:  96%|#########6| 48/50 [00:32<00:00,  2.43it/s]
[2025-11-17T23:52:03.654+0000] {logging_mixin.py:154} WARNING -                                                                                      
[2025-11-17T23:52:03.654+0000] {logging_mixin.py:154} WARNING - 
[2025-11-17T23:52:03.654+0000] {logging_mixin.py:154} INFO - [I 2025-11-17 23:52:03,654] Trial 48 finished with value: 0.8055731475617479 and parameters: {'max_depth': 11, 'learning_rate': 0.020406225242038018, 'subsample': 0.9719203445724947, 'colsample_bytree': 0.6860304875117555, 'min_child_weight': 7, 'gamma': 0.23091753723281427, 'n_estimators': 162}. Best is trial 48 with value: 0.8055731475617479.
[2025-11-17T23:52:03.655+0000] {logging_mixin.py:154} WARNING - Best trial: 22. Best value: 0.804832:  96%|#########6| 48/50 [00:32<00:00,  2.43it/s]
[2025-11-17T23:52:03.655+0000] {logging_mixin.py:154} WARNING - Best trial: 48. Best value: 0.805573:  96%|#########6| 48/50 [00:32<00:00,  2.43it/s]
[2025-11-17T23:52:03.655+0000] {logging_mixin.py:154} WARNING - Best trial: 48. Best value: 0.805573:  98%|#########8| 49/50 [00:32<00:00,  2.88it/s]
[2025-11-17T23:52:03.910+0000] {logging_mixin.py:154} WARNING -                                                                                      
[2025-11-17T23:52:03.910+0000] {logging_mixin.py:154} WARNING - 
