[2025-11-17T22:07:32.584+0000] {logging_mixin.py:154} INFO - [I 2025-11-17 22:07:32,584] Trial 40 finished with value: 0.8556395693229729 and parameters: {'max_depth': 14, 'learning_rate': 0.146436759401166, 'subsample': 0.7423614489102198, 'colsample_bytree': 0.8148528627311644, 'min_child_weight': 3, 'gamma': 0.6782194883009649, 'n_estimators': 71}. Best is trial 29 with value: 0.8590954071831888.
[2025-11-17T22:07:32.584+0000] {logging_mixin.py:154} WARNING - Best trial: 29. Best value: 0.859095:  80%|########  | 40/50 [02:02<00:18,  1.82s/it]
[2025-11-17T22:07:32.584+0000] {logging_mixin.py:154} WARNING - Best trial: 29. Best value: 0.859095:  80%|########  | 40/50 [02:02<00:18,  1.82s/it]
[2025-11-17T22:07:32.585+0000] {logging_mixin.py:154} WARNING - Best trial: 29. Best value: 0.859095:  82%|########2 | 41/50 [02:02<00:11,  1.28s/it]
[2025-11-17T22:07:35.533+0000] {logging_mixin.py:154} WARNING -                                                                                      
[2025-11-17T22:07:35.533+0000] {logging_mixin.py:154} WARNING - 
[2025-11-17T22:07:35.534+0000] {logging_mixin.py:154} INFO - [I 2025-11-17 22:07:35,533] Trial 41 finished with value: 0.8592198004140593 and parameters: {'max_depth': 13, 'learning_rate': 0.20098901379368944, 'subsample': 0.8658336161674728, 'colsample_bytree': 0.8466743730518109, 'min_child_weight': 1, 'gamma': 0.6442110932250174, 'n_estimators': 113}. Best is trial 41 with value: 0.8592198004140593.
[2025-11-17T22:07:35.534+0000] {logging_mixin.py:154} WARNING - Best trial: 29. Best value: 0.859095:  82%|########2 | 41/50 [02:05<00:11,  1.28s/it]
[2025-11-17T22:07:35.539+0000] {logging_mixin.py:154} WARNING - Best trial: 41. Best value: 0.85922:  82%|########2 | 41/50 [02:05<00:11,  1.28s/it] 
[2025-11-17T22:07:35.539+0000] {logging_mixin.py:154} WARNING - Best trial: 41. Best value: 0.85922:  84%|########4 | 42/50 [02:05<00:13,  1.69s/it]
[2025-11-17T22:07:36.969+0000] {logging_mixin.py:154} WARNING -                                                                                     
[2025-11-17T22:07:36.969+0000] {logging_mixin.py:154} WARNING - 
[2025-11-17T22:07:36.969+0000] {logging_mixin.py:154} INFO - [I 2025-11-17 22:07:36,969] Trial 42 finished with value: 0.8595871303700948 and parameters: {'max_depth': 13, 'learning_rate': 0.23743952855493503, 'subsample': 0.8707358192796737, 'colsample_bytree': 0.8573701441999005, 'min_child_weight': 1, 'gamma': 0.6853445090450273, 'n_estimators': 112}. Best is trial 42 with value: 0.8595871303700948.
[2025-11-17T22:07:36.969+0000] {logging_mixin.py:154} WARNING - Best trial: 41. Best value: 0.85922:  84%|########4 | 42/50 [02:07<00:13,  1.69s/it]
[2025-11-17T22:07:36.970+0000] {logging_mixin.py:154} WARNING - Best trial: 42. Best value: 0.859587:  84%|########4 | 42/50 [02:07<00:13,  1.69s/it]
[2025-11-17T22:07:36.970+0000] {logging_mixin.py:154} WARNING - Best trial: 42. Best value: 0.859587:  86%|########6 | 43/50 [02:07<00:11,  1.63s/it]
[2025-11-17T22:07:39.938+0000] {logging_mixin.py:154} WARNING -                                                                                      
[2025-11-17T22:07:39.938+0000] {logging_mixin.py:154} WARNING - 
[2025-11-17T22:07:39.938+0000] {logging_mixin.py:154} INFO - [I 2025-11-17 22:07:39,938] Trial 43 finished with value: 0.8587242157159136 and parameters: {'max_depth': 13, 'learning_rate': 0.24426977245306583, 'subsample': 0.8580968457251741, 'colsample_bytree': 0.7821925492465306, 'min_child_weight': 2, 'gamma': 0.6458400711438482, 'n_estimators': 114}. Best is trial 42 with value: 0.8595871303700948.
[2025-11-17T22:07:39.938+0000] {logging_mixin.py:154} WARNING - Best trial: 42. Best value: 0.859587:  86%|########6 | 43/50 [02:10<00:11,  1.63s/it]
[2025-11-17T22:07:39.938+0000] {logging_mixin.py:154} WARNING - Best trial: 42. Best value: 0.859587:  86%|########6 | 43/50 [02:10<00:11,  1.63s/it]
[2025-11-17T22:07:39.938+0000] {logging_mixin.py:154} WARNING - Best trial: 42. Best value: 0.859587:  88%|########8 | 44/50 [02:10<00:11,  1.99s/it]
[2025-11-17T22:07:41.540+0000] {logging_mixin.py:154} WARNING -                                                                                      
[2025-11-17T22:07:41.540+0000] {logging_mixin.py:154} WARNING - 
[2025-11-17T22:07:41.540+0000] {logging_mixin.py:154} INFO - [I 2025-11-17 22:07:41,540] Trial 44 finished with value: 0.857116341658643 and parameters: {'max_depth': 13, 'learning_rate': 0.1764155793891793, 'subsample': 0.8992725903825642, 'colsample_bytree': 0.8889209115993488, 'min_child_weight': 1, 'gamma': 0.9933755242510283, 'n_estimators': 155}. Best is trial 42 with value: 0.8595871303700948.
[2025-11-17T22:07:41.541+0000] {logging_mixin.py:154} WARNING - Best trial: 42. Best value: 0.859587:  88%|########8 | 44/50 [02:11<00:11,  1.99s/it]
[2025-11-17T22:07:41.541+0000] {logging_mixin.py:154} WARNING - Best trial: 42. Best value: 0.859587:  88%|########8 | 44/50 [02:11<00:11,  1.99s/it]
[2025-11-17T22:07:41.541+0000] {logging_mixin.py:154} WARNING - Best trial: 42. Best value: 0.859587:  90%|######### | 45/50 [02:11<00:09,  1.88s/it]
[2025-11-17T22:07:43.699+0000] {logging_mixin.py:154} WARNING -                                                                                      
[2025-11-17T22:07:43.699+0000] {logging_mixin.py:154} WARNING - 
[2025-11-17T22:07:43.699+0000] {logging_mixin.py:154} INFO - [I 2025-11-17 22:07:43,699] Trial 45 finished with value: 0.8609585853885529 and parameters: {'max_depth': 14, 'learning_rate': 0.2547325734872218, 'subsample': 0.8629952473782163, 'colsample_bytree': 0.8572906393500376, 'min_child_weight': 1, 'gamma': 0.37366289387006824, 'n_estimators': 97}. Best is trial 45 with value: 0.8609585853885529.
[2025-11-17T22:07:43.699+0000] {logging_mixin.py:154} WARNING - Best trial: 42. Best value: 0.859587:  90%|######### | 45/50 [02:13<00:09,  1.88s/it]
[2025-11-17T22:07:43.700+0000] {logging_mixin.py:154} WARNING - Best trial: 45. Best value: 0.860959:  90%|######### | 45/50 [02:13<00:09,  1.88s/it]
[2025-11-17T22:07:43.700+0000] {logging_mixin.py:154} WARNING - Best trial: 45. Best value: 0.860959:  92%|#########2| 46/50 [02:13<00:07,  1.96s/it]
[2025-11-17T22:07:44.657+0000] {logging_mixin.py:154} WARNING -                                                                                      
[2025-11-17T22:07:44.657+0000] {logging_mixin.py:154} WARNING - 
[2025-11-17T22:07:44.657+0000] {logging_mixin.py:154} INFO - [I 2025-11-17 22:07:44,657] Trial 46 finished with value: 0.8369250040594772 and parameters: {'max_depth': 6, 'learning_rate': 0.29283197703671693, 'subsample': 0.8280516840236946, 'colsample_bytree': 0.903744210423796, 'min_child_weight': 2, 'gamma': 0.3018507069739519, 'n_estimators': 98}. Best is trial 45 with value: 0.8609585853885529.
[2025-11-17T22:07:44.657+0000] {logging_mixin.py:154} WARNING - Best trial: 45. Best value: 0.860959:  92%|#########2| 46/50 [02:14<00:07,  1.96s/it]
[2025-11-17T22:07:44.657+0000] {logging_mixin.py:154} WARNING - Best trial: 45. Best value: 0.860959:  92%|#########2| 46/50 [02:14<00:07,  1.96s/it]
[2025-11-17T22:07:44.657+0000] {logging_mixin.py:154} WARNING - Best trial: 45. Best value: 0.860959:  94%|#########3| 47/50 [02:14<00:05,  1.67s/it]
[2025-11-17T22:07:47.674+0000] {logging_mixin.py:154} WARNING -                                                                                      
[2025-11-17T22:07:47.674+0000] {logging_mixin.py:154} WARNING - 
[2025-11-17T22:07:47.674+0000] {logging_mixin.py:154} INFO - [I 2025-11-17 22:07:47,674] Trial 47 finished with value: 0.8613203264146772 and parameters: {'max_depth': 12, 'learning_rate': 0.25501930243416493, 'subsample': 0.8587330337093806, 'colsample_bytree': 0.8140217789139716, 'min_child_weight': 2, 'gamma': 0.29842782258809014, 'n_estimators': 167}. Best is trial 47 with value: 0.8613203264146772.
[2025-11-17T22:07:47.674+0000] {logging_mixin.py:154} WARNING - Best trial: 45. Best value: 0.860959:  94%|#########3| 47/50 [02:17<00:05,  1.67s/it]
[2025-11-17T22:07:47.675+0000] {logging_mixin.py:154} WARNING - Best trial: 47. Best value: 0.86132:  94%|#########3| 47/50 [02:17<00:05,  1.67s/it] 
[2025-11-17T22:07:47.675+0000] {logging_mixin.py:154} WARNING - Best trial: 47. Best value: 0.86132:  96%|#########6| 48/50 [02:17<00:04,  2.06s/it]
[2025-11-17T22:07:52.209+0000] {logging_mixin.py:154} WARNING -                                                                                     
[2025-11-17T22:07:52.210+0000] {logging_mixin.py:154} WARNING - 
[2025-11-17T22:07:52.210+0000] {logging_mixin.py:154} INFO - [I 2025-11-17 22:07:52,209] Trial 48 finished with value: 0.8609694174644213 and parameters: {'max_depth': 12, 'learning_rate': 0.25180347795642116, 'subsample': 0.7927672530760002, 'colsample_bytree': 0.8149183474034263, 'min_child_weight': 3, 'gamma': 0.19405322047527096, 'n_estimators': 144}. Best is trial 47 with value: 0.8613203264146772.
[2025-11-17T22:07:52.210+0000] {logging_mixin.py:154} WARNING - Best trial: 47. Best value: 0.86132:  96%|#########6| 48/50 [02:22<00:04,  2.06s/it]
[2025-11-17T22:07:52.210+0000] {logging_mixin.py:154} WARNING - Best trial: 47. Best value: 0.86132:  96%|#########6| 48/50 [02:22<00:04,  2.06s/it]
[2025-11-17T22:07:52.210+0000] {logging_mixin.py:154} WARNING - Best trial: 47. Best value: 0.86132:  98%|#########8| 49/50 [02:22<00:02,  2.79s/it]
[2025-11-17T22:07:55.624+0000] {logging_mixin.py:154} WARNING -                                                                                     
[2025-11-17T22:07:55.624+0000] {logging_mixin.py:154} WARNING - 
