[2025-11-17T20:46:31.277+0000] {logging_mixin.py:154} INFO - [I 2025-11-17 20:46:31,277] Trial 0 finished with value: 0.8094327597195666 and parameters: {'max_depth': 7, 'learning_rate': 0.2536999076681772, 'subsample': 0.8659969709057025, 'colsample_bytree': 0.7993292420985183, 'min_child_weight': 2, 'gamma': 0.7799726016810132, 'n_estimators': 76}. Best is trial 0 with value: 0.8094327597195666.
[2025-11-17T20:46:31.277+0000] {logging_mixin.py:154} WARNING -   0%|          | 0/50 [00:00<?, ?it/s]
[2025-11-17T20:46:31.278+0000] {logging_mixin.py:154} WARNING - Best trial: 0. Best value: 0.809433:   0%|          | 0/50 [00:00<?, ?it/s]
[2025-11-17T20:46:31.278+0000] {logging_mixin.py:154} WARNING - Best trial: 0. Best value: 0.809433:   2%|2         | 1/50 [00:00<00:12,  3.80it/s]
[2025-11-17T20:46:31.389+0000] {logging_mixin.py:154} WARNING -                                                                                    
[2025-11-17T20:46:31.390+0000] {logging_mixin.py:154} WARNING - 
[2025-11-17T20:46:31.390+0000] {logging_mixin.py:154} INFO - [I 2025-11-17 20:46:31,389] Trial 1 finished with value: 0.806861499364676 and parameters: {'max_depth': 14, 'learning_rate': 0.07725378389307355, 'subsample': 0.8540362888980227, 'colsample_bytree': 0.5102922471479012, 'min_child_weight': 10, 'gamma': 4.162213204002109, 'n_estimators': 145}. Best is trial 0 with value: 0.8094327597195666.
[2025-11-17T20:46:31.390+0000] {logging_mixin.py:154} WARNING - Best trial: 0. Best value: 0.809433:   2%|2         | 1/50 [00:00<00:12,  3.80it/s]
[2025-11-17T20:46:31.390+0000] {logging_mixin.py:154} WARNING - Best trial: 0. Best value: 0.809433:   2%|2         | 1/50 [00:00<00:12,  3.80it/s]
[2025-11-17T20:46:31.390+0000] {logging_mixin.py:154} WARNING - Best trial: 0. Best value: 0.809433:   4%|4         | 2/50 [00:00<00:08,  5.73it/s]
[2025-11-17T20:46:31.878+0000] {logging_mixin.py:154} WARNING -                                                                                    
[2025-11-17T20:46:31.878+0000] {logging_mixin.py:154} WARNING - 
[2025-11-17T20:46:31.878+0000] {logging_mixin.py:154} INFO - [I 2025-11-17 20:46:31,878] Trial 2 finished with value: 0.8150031786395423 and parameters: {'max_depth': 5, 'learning_rate': 0.018659959624904916, 'subsample': 0.6521211214797689, 'colsample_bytree': 0.762378215816119, 'min_child_weight': 5, 'gamma': 1.4561457009902097, 'n_estimators': 325}. Best is trial 2 with value: 0.8150031786395423.
[2025-11-17T20:46:31.879+0000] {logging_mixin.py:154} WARNING - Best trial: 0. Best value: 0.809433:   4%|4         | 2/50 [00:00<00:08,  5.73it/s]
[2025-11-17T20:46:31.879+0000] {logging_mixin.py:154} WARNING - Best trial: 2. Best value: 0.815003:   4%|4         | 2/50 [00:00<00:08,  5.73it/s]
[2025-11-17T20:46:31.879+0000] {logging_mixin.py:154} WARNING - Best trial: 2. Best value: 0.815003:   6%|6         | 3/50 [00:00<00:14,  3.15it/s]
[2025-11-17T20:46:32.198+0000] {logging_mixin.py:154} WARNING -                                                                                    
[2025-11-17T20:46:32.198+0000] {logging_mixin.py:154} WARNING - 
[2025-11-17T20:46:32.198+0000] {logging_mixin.py:154} INFO - [I 2025-11-17 20:46:32,198] Trial 3 finished with value: 0.811704834605598 and parameters: {'max_depth': 4, 'learning_rate': 0.027010527749605478, 'subsample': 0.6831809216468459, 'colsample_bytree': 0.728034992108518, 'min_child_weight': 8, 'gamma': 0.9983689107917987, 'n_estimators': 281}. Best is trial 2 with value: 0.8150031786395423.
[2025-11-17T20:46:32.198+0000] {logging_mixin.py:154} WARNING - Best trial: 2. Best value: 0.815003:   6%|6         | 3/50 [00:01<00:14,  3.15it/s]
[2025-11-17T20:46:32.199+0000] {logging_mixin.py:154} WARNING - Best trial: 2. Best value: 0.815003:   6%|6         | 3/50 [00:01<00:14,  3.15it/s]
[2025-11-17T20:46:32.199+0000] {logging_mixin.py:154} WARNING - Best trial: 2. Best value: 0.815003:   8%|8         | 4/50 [00:01<00:14,  3.14it/s]
[2025-11-17T20:46:33.055+0000] {logging_mixin.py:154} WARNING -                                                                                    
[2025-11-17T20:46:33.055+0000] {logging_mixin.py:154} WARNING - 
[2025-11-17T20:46:33.056+0000] {logging_mixin.py:154} INFO - [I 2025-11-17 20:46:33,055] Trial 4 finished with value: 0.8096446700507615 and parameters: {'max_depth': 10, 'learning_rate': 0.011711509955524094, 'subsample': 0.8037724259507192, 'colsample_bytree': 0.5852620618436457, 'min_child_weight': 1, 'gamma': 4.7444276862666666, 'n_estimators': 485}. Best is trial 2 with value: 0.8150031786395423.
[2025-11-17T20:46:33.056+0000] {logging_mixin.py:154} WARNING - Best trial: 2. Best value: 0.815003:   8%|8         | 4/50 [00:02<00:14,  3.14it/s]
[2025-11-17T20:46:33.056+0000] {logging_mixin.py:154} WARNING - Best trial: 2. Best value: 0.815003:   8%|8         | 4/50 [00:02<00:14,  3.14it/s]
[2025-11-17T20:46:33.056+0000] {logging_mixin.py:154} WARNING - Best trial: 2. Best value: 0.815003:  10%|#         | 5/50 [00:02<00:23,  1.95it/s]
[2025-11-17T20:46:33.473+0000] {logging_mixin.py:154} WARNING -                                                                                    
[2025-11-17T20:46:33.473+0000] {logging_mixin.py:154} WARNING - 
[2025-11-17T20:46:33.474+0000] {logging_mixin.py:154} INFO - [I 2025-11-17 20:46:33,473] Trial 5 finished with value: 0.8076923076923077 and parameters: {'max_depth': 13, 'learning_rate': 0.028180680291847244, 'subsample': 0.5488360570031919, 'colsample_bytree': 0.8421165132560784, 'min_child_weight': 5, 'gamma': 0.6101911742238941, 'n_estimators': 273}. Best is trial 2 with value: 0.8150031786395423.
[2025-11-17T20:46:33.474+0000] {logging_mixin.py:154} WARNING - Best trial: 2. Best value: 0.815003:  10%|#         | 5/50 [00:02<00:23,  1.95it/s]
[2025-11-17T20:46:33.474+0000] {logging_mixin.py:154} WARNING - Best trial: 2. Best value: 0.815003:  10%|#         | 5/50 [00:02<00:23,  1.95it/s]
[2025-11-17T20:46:33.474+0000] {logging_mixin.py:154} WARNING - Best trial: 2. Best value: 0.815003:  12%|#2        | 6/50 [00:02<00:21,  2.08it/s]
[2025-11-17T20:46:33.714+0000] {logging_mixin.py:154} WARNING -                                                                                    
[2025-11-17T20:46:33.714+0000] {logging_mixin.py:154} WARNING - 
[2025-11-17T20:46:33.714+0000] {logging_mixin.py:154} INFO - [I 2025-11-17 20:46:33,714] Trial 6 finished with value: 0.8185279187817258 and parameters: {'max_depth': 3, 'learning_rate': 0.22038218939289875, 'subsample': 0.6293899908000085, 'colsample_bytree': 0.831261142176991, 'min_child_weight': 4, 'gamma': 2.600340105889054, 'n_estimators': 296}. Best is trial 6 with value: 0.8185279187817258.
[2025-11-17T20:46:33.715+0000] {logging_mixin.py:154} WARNING - Best trial: 2. Best value: 0.815003:  12%|#2        | 6/50 [00:02<00:21,  2.08it/s]
[2025-11-17T20:46:33.715+0000] {logging_mixin.py:154} WARNING - Best trial: 6. Best value: 0.818528:  12%|#2        | 6/50 [00:02<00:21,  2.08it/s]
[2025-11-17T20:46:33.715+0000] {logging_mixin.py:154} WARNING - Best trial: 6. Best value: 0.818528:  14%|#4        | 7/50 [00:02<00:17,  2.49it/s]
[2025-11-17T20:46:34.499+0000] {logging_mixin.py:154} WARNING -                                                                                    
[2025-11-17T20:46:34.499+0000] {logging_mixin.py:154} WARNING - 
[2025-11-17T20:46:34.499+0000] {logging_mixin.py:154} INFO - [I 2025-11-17 20:46:34,499] Trial 7 finished with value: 0.8134092346616065 and parameters: {'max_depth': 5, 'learning_rate': 0.27051668818999286, 'subsample': 0.8875664116805573, 'colsample_bytree': 0.9697494707820946, 'min_child_weight': 9, 'gamma': 2.9894998940554256, 'n_estimators': 465}. Best is trial 6 with value: 0.8185279187817258.
[2025-11-17T20:46:34.499+0000] {logging_mixin.py:154} WARNING - Best trial: 6. Best value: 0.818528:  14%|#4        | 7/50 [00:03<00:17,  2.49it/s]
[2025-11-17T20:46:34.500+0000] {logging_mixin.py:154} WARNING - Best trial: 6. Best value: 0.818528:  14%|#4        | 7/50 [00:03<00:17,  2.49it/s]
[2025-11-17T20:46:34.500+0000] {logging_mixin.py:154} WARNING - Best trial: 6. Best value: 0.818528:  16%|#6        | 8/50 [00:03<00:22,  1.91it/s]
[2025-11-17T20:46:35.262+0000] {logging_mixin.py:154} WARNING -                                                                                    
[2025-11-17T20:46:35.263+0000] {logging_mixin.py:154} WARNING - 
[2025-11-17T20:46:35.263+0000] {logging_mixin.py:154} INFO - [I 2025-11-17 20:46:35,262] Trial 8 finished with value: 0.8111533586818758 and parameters: {'max_depth': 4, 'learning_rate': 0.01947558230629543, 'subsample': 0.522613644455269, 'colsample_bytree': 0.6626651653816322, 'min_child_weight': 4, 'gamma': 1.3567451588694794, 'n_estimators': 423}. Best is trial 6 with value: 0.8185279187817258.
[2025-11-17T20:46:35.263+0000] {logging_mixin.py:154} WARNING - Best trial: 6. Best value: 0.818528:  16%|#6        | 8/50 [00:04<00:22,  1.91it/s]
[2025-11-17T20:46:35.263+0000] {logging_mixin.py:154} WARNING - Best trial: 6. Best value: 0.818528:  16%|#6        | 8/50 [00:04<00:22,  1.91it/s]
[2025-11-17T20:46:35.264+0000] {logging_mixin.py:154} WARNING - Best trial: 6. Best value: 0.818528:  18%|#8        | 9/50 [00:04<00:24,  1.67it/s]
[2025-11-17T20:46:36.208+0000] {logging_mixin.py:154} WARNING -                                                                                    
[2025-11-17T20:46:36.208+0000] {logging_mixin.py:154} WARNING - 
[2025-11-17T20:46:36.208+0000] {logging_mixin.py:154} INFO - [I 2025-11-17 20:46:36,208] Trial 9 finished with value: 0.8106396453451552 and parameters: {'max_depth': 7, 'learning_rate': 0.026000059117302653, 'subsample': 0.7713480415791243, 'colsample_bytree': 0.5704621124873813, 'min_child_weight': 9, 'gamma': 0.3727532183988541, 'n_estimators': 495}. Best is trial 6 with value: 0.8185279187817258.
[2025-11-17T20:46:36.208+0000] {logging_mixin.py:154} WARNING - Best trial: 6. Best value: 0.818528:  18%|#8        | 9/50 [00:05<00:24,  1.67it/s]
[2025-11-17T20:46:36.208+0000] {logging_mixin.py:154} WARNING - Best trial: 6. Best value: 0.818528:  18%|#8        | 9/50 [00:05<00:24,  1.67it/s]
[2025-11-17T20:46:36.209+0000] {logging_mixin.py:154} WARNING - Best trial: 6. Best value: 0.818528:  20%|##        | 10/50 [00:05<00:28,  1.42it/s]
[2025-11-17T20:46:36.358+0000] {logging_mixin.py:154} WARNING -                                                                                     
[2025-11-17T20:46:36.359+0000] {logging_mixin.py:154} WARNING - 
[2025-11-17T20:46:36.359+0000] {logging_mixin.py:154} INFO - [I 2025-11-17 20:46:36,358] Trial 10 finished with value: 0.8132147395171537 and parameters: {'max_depth': 9, 'learning_rate': 0.11662210085018034, 'subsample': 0.9847685553939328, 'colsample_bytree': 0.9046749166920307, 'min_child_weight': 7, 'gamma': 2.5732224534594175, 'n_estimators': 212}. Best is trial 6 with value: 0.8185279187817258.
[2025-11-17T20:46:36.359+0000] {logging_mixin.py:154} WARNING - Best trial: 6. Best value: 0.818528:  20%|##        | 10/50 [00:05<00:28,  1.42it/s]
[2025-11-17T20:46:36.359+0000] {logging_mixin.py:154} WARNING - Best trial: 6. Best value: 0.818528:  20%|##        | 10/50 [00:05<00:28,  1.42it/s]
[2025-11-17T20:46:36.359+0000] {logging_mixin.py:154} WARNING - Best trial: 6. Best value: 0.818528:  22%|##2       | 11/50 [00:05<00:20,  1.87it/s]
[2025-11-17T20:46:36.664+0000] {logging_mixin.py:154} WARNING -                                                                                     
[2025-11-17T20:46:36.664+0000] {logging_mixin.py:154} WARNING - 
[2025-11-17T20:46:36.664+0000] {logging_mixin.py:154} INFO - [I 2025-11-17 20:46:36,663] Trial 11 finished with value: 0.8160407383831956 and parameters: {'max_depth': 3, 'learning_rate': 0.05378356815268503, 'subsample': 0.659116748316145, 'colsample_bytree': 0.7360779619310245, 'min_child_weight': 3, 'gamma': 1.8822979967939049, 'n_estimators': 356}. Best is trial 6 with value: 0.8185279187817258.
[2025-11-17T20:46:36.664+0000] {logging_mixin.py:154} WARNING - Best trial: 6. Best value: 0.818528:  22%|##2       | 11/50 [00:05<00:20,  1.87it/s]
[2025-11-17T20:46:36.664+0000] {logging_mixin.py:154} WARNING - Best trial: 6. Best value: 0.818528:  22%|##2       | 11/50 [00:05<00:20,  1.87it/s]
[2025-11-17T20:46:36.664+0000] {logging_mixin.py:154} WARNING - Best trial: 6. Best value: 0.818528:  24%|##4       | 12/50 [00:05<00:17,  2.15it/s]
[2025-11-17T20:46:37.635+0000] {logging_mixin.py:154} WARNING -                                                                                     
[2025-11-17T20:46:37.635+0000] {logging_mixin.py:154} WARNING - 
[2025-11-17T20:46:37.635+0000] {logging_mixin.py:154} INFO - [I 2025-11-17 20:46:37,634] Trial 12 finished with value: 0.8129770992366412 and parameters: {'max_depth': 3, 'learning_rate': 0.05771890707854544, 'subsample': 0.6396470776224414, 'colsample_bytree': 0.709790152518133, 'min_child_weight': 3, 'gamma': 1.9379710203198037, 'n_estimators': 365}. Best is trial 6 with value: 0.8185279187817258.
[2025-11-17T20:46:37.635+0000] {logging_mixin.py:154} WARNING - Best trial: 6. Best value: 0.818528:  24%|##4       | 12/50 [00:06<00:17,  2.15it/s]
[2025-11-17T20:46:37.635+0000] {logging_mixin.py:154} WARNING - Best trial: 6. Best value: 0.818528:  24%|##4       | 12/50 [00:06<00:17,  2.15it/s]
[2025-11-17T20:46:37.636+0000] {logging_mixin.py:154} WARNING - Best trial: 6. Best value: 0.818528:  26%|##6       | 13/50 [00:06<00:22,  1.62it/s]
[2025-11-17T20:46:38.119+0000] {logging_mixin.py:154} WARNING -                                                                                     
[2025-11-17T20:46:38.119+0000] {logging_mixin.py:154} WARNING - 
[2025-11-17T20:46:38.119+0000] {logging_mixin.py:154} INFO - [I 2025-11-17 20:46:38,118] Trial 13 finished with value: 0.8185279187817258 and parameters: {'max_depth': 7, 'learning_rate': 0.13633746360005283, 'subsample': 0.7042546159576535, 'colsample_bytree': 0.8505812976968798, 'min_child_weight': 3, 'gamma': 3.1722857018777013, 'n_estimators': 371}. Best is trial 6 with value: 0.8185279187817258.
[2025-11-17T20:46:38.119+0000] {logging_mixin.py:154} WARNING - Best trial: 6. Best value: 0.818528:  26%|##6       | 13/50 [00:07<00:22,  1.62it/s]
[2025-11-17T20:46:38.119+0000] {logging_mixin.py:154} WARNING - Best trial: 6. Best value: 0.818528:  26%|##6       | 13/50 [00:07<00:22,  1.62it/s]
[2025-11-17T20:46:38.119+0000] {logging_mixin.py:154} WARNING - Best trial: 6. Best value: 0.818528:  28%|##8       | 14/50 [00:07<00:20,  1.73it/s]
[2025-11-17T20:46:38.336+0000] {logging_mixin.py:154} WARNING -                                                                                     
[2025-11-17T20:46:38.336+0000] {logging_mixin.py:154} WARNING - 
[2025-11-17T20:46:38.336+0000] {logging_mixin.py:154} INFO - [I 2025-11-17 20:46:38,336] Trial 14 finished with value: 0.8152380952380953 and parameters: {'max_depth': 7, 'learning_rate': 0.15001335257655407, 'subsample': 0.7190650837455672, 'colsample_bytree': 0.860211631204547, 'min_child_weight': 6, 'gamma': 3.3170321430599126, 'n_estimators': 230}. Best is trial 6 with value: 0.8185279187817258.
[2025-11-17T20:46:38.336+0000] {logging_mixin.py:154} WARNING - Best trial: 6. Best value: 0.818528:  28%|##8       | 14/50 [00:07<00:20,  1.73it/s]
[2025-11-17T20:46:38.336+0000] {logging_mixin.py:154} WARNING - Best trial: 6. Best value: 0.818528:  28%|##8       | 14/50 [00:07<00:20,  1.73it/s]
[2025-11-17T20:46:38.337+0000] {logging_mixin.py:154} WARNING - Best trial: 6. Best value: 0.818528:  30%|###       | 15/50 [00:07<00:16,  2.13it/s]
[2025-11-17T20:46:39.088+0000] {logging_mixin.py:154} WARNING -                                                                                     
[2025-11-17T20:46:39.088+0000] {logging_mixin.py:154} WARNING - 
[2025-11-17T20:46:39.089+0000] {logging_mixin.py:154} INFO - [I 2025-11-17 20:46:39,088] Trial 15 finished with value: 0.8183556405353728 and parameters: {'max_depth': 11, 'learning_rate': 0.18677882394184023, 'subsample': 0.5895974542510894, 'colsample_bytree': 0.9245236465502216, 'min_child_weight': 1, 'gamma': 3.4837703235282182, 'n_estimators': 388}. Best is trial 6 with value: 0.8185279187817258.
[2025-11-17T20:46:39.089+0000] {logging_mixin.py:154} WARNING - Best trial: 6. Best value: 0.818528:  30%|###       | 15/50 [00:08<00:16,  2.13it/s]
[2025-11-17T20:46:39.089+0000] {logging_mixin.py:154} WARNING - Best trial: 6. Best value: 0.818528:  30%|###       | 15/50 [00:08<00:16,  2.13it/s]
[2025-11-17T20:46:39.089+0000] {logging_mixin.py:154} WARNING - Best trial: 6. Best value: 0.818528:  32%|###2      | 16/50 [00:08<00:18,  1.80it/s]
[2025-11-17T20:46:39.375+0000] {logging_mixin.py:154} WARNING -                                                                                     
[2025-11-17T20:46:39.376+0000] {logging_mixin.py:154} WARNING - 
[2025-11-17T20:46:39.376+0000] {logging_mixin.py:154} INFO - [I 2025-11-17 20:46:39,375] Trial 16 finished with value: 0.8142948308870454 and parameters: {'max_depth': 8, 'learning_rate': 0.11630271413705008, 'subsample': 0.5919904580530095, 'colsample_bytree': 0.8295143024044869, 'min_child_weight': 3, 'gamma': 2.5044180887805285, 'n_estimators': 316}. Best is trial 6 with value: 0.8185279187817258.
[2025-11-17T20:46:39.376+0000] {logging_mixin.py:154} WARNING - Best trial: 6. Best value: 0.818528:  32%|###2      | 16/50 [00:08<00:18,  1.80it/s]
[2025-11-17T20:46:39.376+0000] {logging_mixin.py:154} WARNING - Best trial: 6. Best value: 0.818528:  32%|###2      | 16/50 [00:08<00:18,  1.80it/s]
[2025-11-17T20:46:39.376+0000] {logging_mixin.py:154} WARNING - Best trial: 6. Best value: 0.818528:  34%|###4      | 17/50 [00:08<00:15,  2.11it/s]
[2025-11-17T20:46:39.817+0000] {logging_mixin.py:154} WARNING -                                                                                     
[2025-11-17T20:46:39.818+0000] {logging_mixin.py:154} WARNING - 
[2025-11-17T20:46:39.818+0000] {logging_mixin.py:154} INFO - [I 2025-11-17 20:46:39,817] Trial 17 finished with value: 0.7829508196721311 and parameters: {'max_depth': 12, 'learning_rate': 0.2828437645367315, 'subsample': 0.7320832480224756, 'colsample_bytree': 0.9984716209762532, 'min_child_weight': 4, 'gamma': 0.02370059826544546, 'n_estimators': 418}. Best is trial 6 with value: 0.8185279187817258.
[2025-11-17T20:46:39.818+0000] {logging_mixin.py:154} WARNING - Best trial: 6. Best value: 0.818528:  34%|###4      | 17/50 [00:08<00:15,  2.11it/s]
[2025-11-17T20:46:39.818+0000] {logging_mixin.py:154} WARNING - Best trial: 6. Best value: 0.818528:  34%|###4      | 17/50 [00:08<00:15,  2.11it/s]
[2025-11-17T20:46:39.818+0000] {logging_mixin.py:154} WARNING - Best trial: 6. Best value: 0.818528:  36%|###6      | 18/50 [00:08<00:14,  2.15it/s]
[2025-11-17T20:46:39.911+0000] {logging_mixin.py:154} WARNING -                                                                                     
[2025-11-17T20:46:39.912+0000] {logging_mixin.py:154} WARNING - 
[2025-11-17T20:46:39.912+0000] {logging_mixin.py:154} INFO - [I 2025-11-17 20:46:39,911] Trial 18 finished with value: 0.8186986734049274 and parameters: {'max_depth': 6, 'learning_rate': 0.17178329359598116, 'subsample': 0.5053763102374137, 'colsample_bytree': 0.8754986180062629, 'min_child_weight': 6, 'gamma': 3.8216059113430867, 'n_estimators': 191}. Best is trial 18 with value: 0.8186986734049274.
[2025-11-17T20:46:39.912+0000] {logging_mixin.py:154} WARNING - Best trial: 6. Best value: 0.818528:  36%|###6      | 18/50 [00:08<00:14,  2.15it/s]
[2025-11-17T20:46:39.912+0000] {logging_mixin.py:154} WARNING - Best trial: 18. Best value: 0.818699:  36%|###6      | 18/50 [00:08<00:14,  2.15it/s]
[2025-11-17T20:46:39.988+0000] {logging_mixin.py:154} WARNING -                                                                                      
[2025-11-17T20:46:39.988+0000] {logging_mixin.py:154} WARNING - 
[2025-11-17T20:46:39.988+0000] {logging_mixin.py:154} INFO - [I 2025-11-17 20:46:39,988] Trial 19 finished with value: 0.8113924050632912 and parameters: {'max_depth': 5, 'learning_rate': 0.1932071193841226, 'subsample': 0.5091042526419193, 'colsample_bytree': 0.8964487210044978, 'min_child_weight': 6, 'gamma': 3.9793872180099115, 'n_estimators': 162}. Best is trial 18 with value: 0.8186986734049274.
[2025-11-17T20:46:39.988+0000] {logging_mixin.py:154} WARNING - Best trial: 18. Best value: 0.818699:  38%|###8      | 19/50 [00:08<00:14,  2.15it/s]
[2025-11-17T20:46:39.988+0000] {logging_mixin.py:154} WARNING - Best trial: 18. Best value: 0.818699:  38%|###8      | 19/50 [00:08<00:14,  2.15it/s]
[2025-11-17T20:46:39.989+0000] {logging_mixin.py:154} WARNING - Best trial: 18. Best value: 0.818699:  40%|####      | 20/50 [00:08<00:08,  3.46it/s]
[2025-11-17T20:46:40.175+0000] {logging_mixin.py:154} WARNING -                                                                                      
[2025-11-17T20:46:40.175+0000] {logging_mixin.py:154} WARNING - 
