[2025-11-17T21:04:25.147+0000] {logging_mixin.py:154} INFO - [I 2025-11-17 21:04:25,146] Trial 40 finished with value: 0.8220392653578213 and parameters: {'max_depth': 13, 'learning_rate': 0.26586927779980185, 'subsample': 0.7327028329245603, 'colsample_bytree': 0.7553147829342944, 'min_child_weight': 5, 'gamma': 2.1460534570210203, 'n_estimators': 400}. Best is trial 40 with value: 0.8220392653578213.
[2025-11-17T21:04:25.147+0000] {logging_mixin.py:154} WARNING - Best trial: 23. Best value: 0.82197:  80%|########  | 40/50 [00:18<00:02,  3.42it/s]
[2025-11-17T21:04:25.147+0000] {logging_mixin.py:154} WARNING - Best trial: 40. Best value: 0.822039:  80%|########  | 40/50 [00:18<00:02,  3.42it/s]
[2025-11-17T21:04:25.147+0000] {logging_mixin.py:154} WARNING - Best trial: 40. Best value: 0.822039:  82%|########2 | 41/50 [00:18<00:02,  3.32it/s]
[2025-11-17T21:04:25.518+0000] {logging_mixin.py:154} WARNING -                                                                                      
[2025-11-17T21:04:25.518+0000] {logging_mixin.py:154} WARNING - 
[2025-11-17T21:04:25.518+0000] {logging_mixin.py:154} INFO - [I 2025-11-17 21:04:25,518] Trial 41 finished with value: 0.8183556405353728 and parameters: {'max_depth': 15, 'learning_rate': 0.25013469169721997, 'subsample': 0.7345147004752268, 'colsample_bytree': 0.7555957737579784, 'min_child_weight': 5, 'gamma': 2.149765539215033, 'n_estimators': 455}. Best is trial 40 with value: 0.8220392653578213.
[2025-11-17T21:04:25.518+0000] {logging_mixin.py:154} WARNING - Best trial: 40. Best value: 0.822039:  82%|########2 | 41/50 [00:18<00:02,  3.32it/s]
[2025-11-17T21:04:25.519+0000] {logging_mixin.py:154} WARNING - Best trial: 40. Best value: 0.822039:  82%|########2 | 41/50 [00:18<00:02,  3.32it/s]
[2025-11-17T21:04:25.519+0000] {logging_mixin.py:154} WARNING - Best trial: 40. Best value: 0.822039:  84%|########4 | 42/50 [00:18<00:02,  3.11it/s]
[2025-11-17T21:04:25.720+0000] {logging_mixin.py:154} WARNING -                                                                                      
[2025-11-17T21:04:25.720+0000] {logging_mixin.py:154} WARNING - 
[2025-11-17T21:04:25.720+0000] {logging_mixin.py:154} INFO - [I 2025-11-17 21:04:25,720] Trial 42 finished with value: 0.8218829516539441 and parameters: {'max_depth': 12, 'learning_rate': 0.2925670466901754, 'subsample': 0.7004119939656738, 'colsample_bytree': 0.7180287079552196, 'min_child_weight': 5, 'gamma': 2.692304448914865, 'n_estimators': 393}. Best is trial 40 with value: 0.8220392653578213.
[2025-11-17T21:04:25.720+0000] {logging_mixin.py:154} WARNING - Best trial: 40. Best value: 0.822039:  84%|########4 | 42/50 [00:18<00:02,  3.11it/s]
[2025-11-17T21:04:25.721+0000] {logging_mixin.py:154} WARNING - Best trial: 40. Best value: 0.822039:  84%|########4 | 42/50 [00:18<00:02,  3.11it/s]
[2025-11-17T21:04:25.721+0000] {logging_mixin.py:154} WARNING - Best trial: 40. Best value: 0.822039:  86%|########6 | 43/50 [00:18<00:02,  3.50it/s]
[2025-11-17T21:04:25.895+0000] {logging_mixin.py:154} WARNING -                                                                                      
[2025-11-17T21:04:25.895+0000] {logging_mixin.py:154} WARNING - 
[2025-11-17T21:04:25.895+0000] {logging_mixin.py:154} INFO - [I 2025-11-17 21:04:25,895] Trial 43 finished with value: 0.8188175460902732 and parameters: {'max_depth': 13, 'learning_rate': 0.2451212494849401, 'subsample': 0.763742856000698, 'colsample_bytree': 0.7122156334140124, 'min_child_weight': 5, 'gamma': 2.7214281591452054, 'n_estimators': 389}. Best is trial 40 with value: 0.8220392653578213.
[2025-11-17T21:04:25.895+0000] {logging_mixin.py:154} WARNING - Best trial: 40. Best value: 0.822039:  86%|########6 | 43/50 [00:18<00:02,  3.50it/s]
[2025-11-17T21:04:25.896+0000] {logging_mixin.py:154} WARNING - Best trial: 40. Best value: 0.822039:  86%|########6 | 43/50 [00:18<00:02,  3.50it/s]
[2025-11-17T21:04:25.896+0000] {logging_mixin.py:154} WARNING - Best trial: 40. Best value: 0.822039:  88%|########8 | 44/50 [00:18<00:01,  3.96it/s]
[2025-11-17T21:04:26.166+0000] {logging_mixin.py:154} WARNING -                                                                                      
[2025-11-17T21:04:26.166+0000] {logging_mixin.py:154} WARNING - 
[2025-11-17T21:04:26.166+0000] {logging_mixin.py:154} INFO - [I 2025-11-17 21:04:26,166] Trial 44 finished with value: 0.8131443298969073 and parameters: {'max_depth': 12, 'learning_rate': 0.1874947988598784, 'subsample': 0.6987242864248353, 'colsample_bytree': 0.8128755916866788, 'min_child_weight': 5, 'gamma': 1.4894238971386666, 'n_estimators': 451}. Best is trial 40 with value: 0.8220392653578213.
[2025-11-17T21:04:26.166+0000] {logging_mixin.py:154} WARNING - Best trial: 40. Best value: 0.822039:  88%|########8 | 44/50 [00:19<00:01,  3.96it/s]
[2025-11-17T21:04:26.167+0000] {logging_mixin.py:154} WARNING - Best trial: 40. Best value: 0.822039:  88%|########8 | 44/50 [00:19<00:01,  3.96it/s]
[2025-11-17T21:04:26.167+0000] {logging_mixin.py:154} WARNING - Best trial: 40. Best value: 0.822039:  90%|######### | 45/50 [00:19<00:01,  3.87it/s]
[2025-11-17T21:04:26.399+0000] {logging_mixin.py:154} WARNING -                                                                                      
[2025-11-17T21:04:26.400+0000] {logging_mixin.py:154} WARNING - 
[2025-11-17T21:04:26.400+0000] {logging_mixin.py:154} INFO - [I 2025-11-17 21:04:26,399] Trial 45 finished with value: 0.8214285714285714 and parameters: {'max_depth': 12, 'learning_rate': 0.20138937588080424, 'subsample': 0.7193506642360497, 'colsample_bytree': 0.7424854810677134, 'min_child_weight': 5, 'gamma': 2.000163345932357, 'n_estimators': 397}. Best is trial 40 with value: 0.8220392653578213.
[2025-11-17T21:04:26.400+0000] {logging_mixin.py:154} WARNING - Best trial: 40. Best value: 0.822039:  90%|######### | 45/50 [00:19<00:01,  3.87it/s]
[2025-11-17T21:04:26.400+0000] {logging_mixin.py:154} WARNING - Best trial: 40. Best value: 0.822039:  90%|######### | 45/50 [00:19<00:01,  3.87it/s]
[2025-11-17T21:04:26.400+0000] {logging_mixin.py:154} WARNING - Best trial: 40. Best value: 0.822039:  92%|#########2| 46/50 [00:19<00:01,  3.99it/s]
[2025-11-17T21:04:27.424+0000] {logging_mixin.py:154} WARNING -                                                                                      
[2025-11-17T21:04:27.424+0000] {logging_mixin.py:154} WARNING - 
[2025-11-17T21:04:27.424+0000] {logging_mixin.py:154} INFO - [I 2025-11-17 21:04:27,423] Trial 46 finished with value: 0.8089743589743589 and parameters: {'max_depth': 13, 'learning_rate': 0.2075696182297025, 'subsample': 0.8052721759516217, 'colsample_bytree': 0.6841787747408874, 'min_child_weight': 4, 'gamma': 1.1942900145019897, 'n_estimators': 438}. Best is trial 40 with value: 0.8220392653578213.
[2025-11-17T21:04:27.424+0000] {logging_mixin.py:154} WARNING - Best trial: 40. Best value: 0.822039:  92%|#########2| 46/50 [00:20<00:01,  3.99it/s]
[2025-11-17T21:04:27.425+0000] {logging_mixin.py:154} WARNING - Best trial: 40. Best value: 0.822039:  92%|#########2| 46/50 [00:20<00:01,  3.99it/s]
[2025-11-17T21:04:27.425+0000] {logging_mixin.py:154} WARNING - Best trial: 40. Best value: 0.822039:  94%|#########3| 47/50 [00:20<00:01,  2.07it/s]
[2025-11-17T21:04:27.699+0000] {logging_mixin.py:154} WARNING -                                                                                      
[2025-11-17T21:04:27.699+0000] {logging_mixin.py:154} WARNING - 
[2025-11-17T21:04:27.699+0000] {logging_mixin.py:154} INFO - [I 2025-11-17 21:04:27,699] Trial 47 finished with value: 0.814102564102564 and parameters: {'max_depth': 12, 'learning_rate': 0.26952685035327767, 'subsample': 0.7209997580175973, 'colsample_bytree': 0.7454774168876486, 'min_child_weight': 5, 'gamma': 1.7684070340012097, 'n_estimators': 476}. Best is trial 40 with value: 0.8220392653578213.
[2025-11-17T21:04:27.700+0000] {logging_mixin.py:154} WARNING - Best trial: 40. Best value: 0.822039:  94%|#########3| 47/50 [00:20<00:01,  2.07it/s]
[2025-11-17T21:04:27.700+0000] {logging_mixin.py:154} WARNING - Best trial: 40. Best value: 0.822039:  94%|#########3| 47/50 [00:20<00:01,  2.07it/s]
[2025-11-17T21:04:27.700+0000] {logging_mixin.py:154} WARNING - Best trial: 40. Best value: 0.822039:  96%|#########6| 48/50 [00:20<00:00,  2.38it/s]
[2025-11-17T21:04:27.878+0000] {logging_mixin.py:154} WARNING -                                                                                      
[2025-11-17T21:04:27.879+0000] {logging_mixin.py:154} WARNING - 
[2025-11-17T21:04:27.879+0000] {logging_mixin.py:154} INFO - [I 2025-11-17 21:04:27,878] Trial 48 finished with value: 0.8152380952380953 and parameters: {'max_depth': 14, 'learning_rate': 0.2590631952856443, 'subsample': 0.7867321178073314, 'colsample_bytree': 0.7391473752717871, 'min_child_weight': 10, 'gamma': 2.0692191227788066, 'n_estimators': 395}. Best is trial 40 with value: 0.8220392653578213.
[2025-11-17T21:04:27.879+0000] {logging_mixin.py:154} WARNING - Best trial: 40. Best value: 0.822039:  96%|#########6| 48/50 [00:20<00:00,  2.38it/s]
[2025-11-17T21:04:27.880+0000] {logging_mixin.py:154} WARNING - Best trial: 40. Best value: 0.822039:  96%|#########6| 48/50 [00:20<00:00,  2.38it/s]
[2025-11-17T21:04:27.880+0000] {logging_mixin.py:154} WARNING - Best trial: 40. Best value: 0.822039:  98%|#########8| 49/50 [00:20<00:00,  2.87it/s]
[2025-11-17T21:04:28.022+0000] {logging_mixin.py:154} WARNING -                                                                                      
[2025-11-17T21:04:28.022+0000] {logging_mixin.py:154} WARNING - 
