[2025-11-18T00:14:08.134+0000] {taskinstance.py:1159} INFO - Dependencies all met for dep_context=non-requeueable deps ti=<TaskInstance: sodai_drinks_production_pipeline.train_model manual__2025-11-18T00:13:52.710922+00:00 [queued]>
[2025-11-18T00:14:08.140+0000] {taskinstance.py:1159} INFO - Dependencies all met for dep_context=requeueable deps ti=<TaskInstance: sodai_drinks_production_pipeline.train_model manual__2025-11-18T00:13:52.710922+00:00 [queued]>
[2025-11-18T00:14:08.140+0000] {taskinstance.py:1361} INFO - Starting attempt 1 of 2
[2025-11-18T00:14:08.147+0000] {taskinstance.py:1382} INFO - Executing <Task(PythonOperator): train_model> on 2025-11-18 00:13:52.710922+00:00
[2025-11-18T00:14:08.159+0000] {standard_task_runner.py:57} INFO - Started process 603 to run task
[2025-11-18T00:14:08.163+0000] {standard_task_runner.py:84} INFO - Running: ['***', 'tasks', 'run', 'sodai_drinks_production_pipeline', 'train_model', 'manual__2025-11-18T00:13:52.710922+00:00', '--job-id', '127', '--raw', '--subdir', 'DAGS_FOLDER/pipeline_productivo.py', '--cfg-path', '/tmp/tmpj1xexkvr']
[2025-11-18T00:14:08.166+0000] {standard_task_runner.py:85} INFO - Job 127: Subtask train_model
[2025-11-18T00:14:08.200+0000] {task_command.py:416} INFO - Running <TaskInstance: sodai_drinks_production_pipeline.train_model manual__2025-11-18T00:13:52.710922+00:00 [running]> on host 96e055fb3ec9
[2025-11-18T00:14:08.475+0000] {taskinstance.py:1662} INFO - Exporting env vars: AIRFLOW_CTX_DAG_EMAIL='team@sodaidrinks.com' AIRFLOW_CTX_DAG_OWNER='sodai_drinks_team' AIRFLOW_CTX_DAG_ID='sodai_drinks_production_pipeline' AIRFLOW_CTX_TASK_ID='train_model' AIRFLOW_CTX_EXECUTION_DATE='2025-11-18T00:13:52.710922+00:00' AIRFLOW_CTX_TRY_NUMBER='1' AIRFLOW_CTX_DAG_RUN_ID='manual__2025-11-18T00:13:52.710922+00:00'
[2025-11-18T00:14:08.475+0000] {model_training.py:229} INFO - 🚀 Iniciando entrenamiento del modelo XGBoost...
[2025-11-18T00:14:08.510+0000] {model_training.py:251} INFO - 📊 Dataset cargado:
[2025-11-18T00:14:08.510+0000] {model_training.py:252} INFO -    - Features: 15
[2025-11-18T00:14:08.510+0000] {model_training.py:253} INFO -    - Registros: 7438
[2025-11-18T00:14:08.510+0000] {model_training.py:254} INFO -    - Distribución de clases - Clase 0: 3719, Clase 1: 3719
[2025-11-18T00:14:08.516+0000] {model_training.py:264} INFO - 📂 Splits creados:
[2025-11-18T00:14:08.516+0000] {model_training.py:265} INFO -    - Train: 4462 muestras
[2025-11-18T00:14:08.516+0000] {model_training.py:266} INFO -    - Validation: 1488 muestras
[2025-11-18T00:14:08.516+0000] {model_training.py:267} INFO -    - Test: 1488 muestras
[2025-11-18T00:14:08.544+0000] {logging_mixin.py:154} WARNING - 2025/11/18 00:14:08 WARNING mlflow.utils.git_utils: Failed to import Git (the Git executable is probably not on your PATH), so Git SHA is not available. Error: Failed to initialize: Bad git executable.
The git executable must be specified in one of the following ways:
    - be included in your $PATH
    - be set via $GIT_PYTHON_GIT_EXECUTABLE
    - explicitly set via git.refresh(<full-path-to-git-executable>)

All git commands will error until this is rectified.

This initial message can be silenced or aggravated in the future by setting the
$GIT_PYTHON_REFRESH environment variable. Use one of the following values:
    - quiet|q|silence|s|silent|none|n|0: for no message or exception
    - warn|w|warning|log|l|1: for a warning message (logging level CRITICAL, displayed by default)
    - error|e|exception|raise|r|2: for a raised exception

Example:
    export GIT_PYTHON_REFRESH=quiet
[2025-11-18T00:14:08.552+0000] {model_training.py:64} INFO - 🔍 Iniciando optimización de hiperparámetros con 50 trials...
[2025-11-18T00:14:08.553+0000] {logging_mixin.py:154} WARNING -   0%|          | 0/50 [00:00<?, ?it/s]
[2025-11-18T00:14:08.707+0000] {logging_mixin.py:154} WARNING -                                       
[2025-11-18T00:14:08.707+0000] {logging_mixin.py:154} WARNING - 
[2025-11-18T00:14:08.707+0000] {logging_mixin.py:154} INFO - [I 2025-11-18 00:14:08,707] Trial 0 finished with value: 0.7868641339343206 and parameters: {'max_depth': 7, 'learning_rate': 0.2536999076681772, 'subsample': 0.8659969709057025, 'colsample_bytree': 0.7993292420985183, 'min_child_weight': 2, 'gamma': 0.7799726016810132, 'n_estimators': 76}. Best is trial 0 with value: 0.7868641339343206.
[2025-11-18T00:14:08.708+0000] {logging_mixin.py:154} WARNING -   0%|          | 0/50 [00:00<?, ?it/s]
[2025-11-18T00:14:08.708+0000] {logging_mixin.py:154} WARNING - Best trial: 0. Best value: 0.786864:   0%|          | 0/50 [00:00<?, ?it/s]
[2025-11-18T00:14:08.708+0000] {logging_mixin.py:154} WARNING - Best trial: 0. Best value: 0.786864:   2%|2         | 1/50 [00:00<00:07,  6.48it/s]
[2025-11-18T00:14:08.826+0000] {logging_mixin.py:154} WARNING -                                                                                    
[2025-11-18T00:14:08.826+0000] {logging_mixin.py:154} WARNING - 
[2025-11-18T00:14:08.826+0000] {logging_mixin.py:154} INFO - [I 2025-11-18 00:14:08,825] Trial 1 finished with value: 0.7949843260188088 and parameters: {'max_depth': 14, 'learning_rate': 0.07725378389307355, 'subsample': 0.8540362888980227, 'colsample_bytree': 0.5102922471479012, 'min_child_weight': 10, 'gamma': 4.162213204002109, 'n_estimators': 145}. Best is trial 1 with value: 0.7949843260188088.
[2025-11-18T00:14:08.826+0000] {logging_mixin.py:154} WARNING - Best trial: 0. Best value: 0.786864:   2%|2         | 1/50 [00:00<00:07,  6.48it/s]
[2025-11-18T00:14:08.826+0000] {logging_mixin.py:154} WARNING - Best trial: 1. Best value: 0.794984:   2%|2         | 1/50 [00:00<00:07,  6.48it/s]
[2025-11-18T00:14:08.827+0000] {logging_mixin.py:154} WARNING - Best trial: 1. Best value: 0.794984:   4%|4         | 2/50 [00:00<00:06,  7.50it/s]
[2025-11-18T00:14:09.290+0000] {logging_mixin.py:154} WARNING -                                                                                    
[2025-11-18T00:14:09.290+0000] {logging_mixin.py:154} WARNING - 
[2025-11-18T00:14:09.290+0000] {logging_mixin.py:154} INFO - [I 2025-11-18 00:14:09,290] Trial 2 finished with value: 0.7931253978357734 and parameters: {'max_depth': 5, 'learning_rate': 0.018659959624904916, 'subsample': 0.6521211214797689, 'colsample_bytree': 0.762378215816119, 'min_child_weight': 5, 'gamma': 1.4561457009902097, 'n_estimators': 325}. Best is trial 1 with value: 0.7949843260188088.
[2025-11-18T00:14:09.290+0000] {logging_mixin.py:154} WARNING - Best trial: 1. Best value: 0.794984:   4%|4         | 2/50 [00:00<00:06,  7.50it/s]
[2025-11-18T00:14:09.291+0000] {logging_mixin.py:154} WARNING - Best trial: 1. Best value: 0.794984:   4%|4         | 2/50 [00:00<00:06,  7.50it/s]
[2025-11-18T00:14:09.291+0000] {logging_mixin.py:154} WARNING - Best trial: 1. Best value: 0.794984:   6%|6         | 3/50 [00:00<00:13,  3.52it/s]
[2025-11-18T00:14:09.481+0000] {logging_mixin.py:154} WARNING -                                                                                    
[2025-11-18T00:14:09.481+0000] {logging_mixin.py:154} WARNING - 
[2025-11-18T00:14:09.481+0000] {logging_mixin.py:154} INFO - [I 2025-11-18 00:14:09,481] Trial 3 finished with value: 0.7916666666666667 and parameters: {'max_depth': 4, 'learning_rate': 0.027010527749605478, 'subsample': 0.6831809216468459, 'colsample_bytree': 0.728034992108518, 'min_child_weight': 8, 'gamma': 0.9983689107917987, 'n_estimators': 281}. Best is trial 1 with value: 0.7949843260188088.
[2025-11-18T00:14:09.481+0000] {logging_mixin.py:154} WARNING - Best trial: 1. Best value: 0.794984:   6%|6         | 3/50 [00:00<00:13,  3.52it/s]
[2025-11-18T00:14:09.482+0000] {logging_mixin.py:154} WARNING - Best trial: 1. Best value: 0.794984:   6%|6         | 3/50 [00:00<00:13,  3.52it/s]
[2025-11-18T00:14:09.482+0000] {logging_mixin.py:154} WARNING - Best trial: 1. Best value: 0.794984:   8%|8         | 4/50 [00:00<00:11,  4.04it/s]
[2025-11-18T00:14:10.028+0000] {logging_mixin.py:154} WARNING -                                                                                    
[2025-11-18T00:14:10.029+0000] {logging_mixin.py:154} WARNING - 
[2025-11-18T00:14:10.029+0000] {logging_mixin.py:154} INFO - [I 2025-11-18 00:14:10,028] Trial 4 finished with value: 0.7889098928796472 and parameters: {'max_depth': 10, 'learning_rate': 0.011711509955524094, 'subsample': 0.8037724259507192, 'colsample_bytree': 0.5852620618436457, 'min_child_weight': 1, 'gamma': 4.7444276862666666, 'n_estimators': 485}. Best is trial 1 with value: 0.7949843260188088.
[2025-11-18T00:14:10.029+0000] {logging_mixin.py:154} WARNING - Best trial: 1. Best value: 0.794984:   8%|8         | 4/50 [00:01<00:11,  4.04it/s]
[2025-11-18T00:14:10.030+0000] {logging_mixin.py:154} WARNING - Best trial: 1. Best value: 0.794984:   8%|8         | 4/50 [00:01<00:11,  4.04it/s]
[2025-11-18T00:14:10.030+0000] {logging_mixin.py:154} WARNING - Best trial: 1. Best value: 0.794984:  10%|#         | 5/50 [00:01<00:16,  2.81it/s]
[2025-11-18T00:14:10.496+0000] {logging_mixin.py:154} WARNING -                                                                                    
[2025-11-18T00:14:10.496+0000] {logging_mixin.py:154} WARNING - 
[2025-11-18T00:14:10.496+0000] {logging_mixin.py:154} INFO - [I 2025-11-18 00:14:10,496] Trial 5 finished with value: 0.7961290322580645 and parameters: {'max_depth': 13, 'learning_rate': 0.028180680291847244, 'subsample': 0.5488360570031919, 'colsample_bytree': 0.8421165132560784, 'min_child_weight': 5, 'gamma': 0.6101911742238941, 'n_estimators': 273}. Best is trial 5 with value: 0.7961290322580645.
[2025-11-18T00:14:10.497+0000] {logging_mixin.py:154} WARNING - Best trial: 1. Best value: 0.794984:  10%|#         | 5/50 [00:01<00:16,  2.81it/s]
[2025-11-18T00:14:10.497+0000] {logging_mixin.py:154} WARNING - Best trial: 5. Best value: 0.796129:  10%|#         | 5/50 [00:01<00:16,  2.81it/s]
[2025-11-18T00:14:10.497+0000] {logging_mixin.py:154} WARNING - Best trial: 5. Best value: 0.796129:  12%|#2        | 6/50 [00:01<00:17,  2.54it/s]
[2025-11-18T00:14:10.756+0000] {logging_mixin.py:154} WARNING -                                                                                    
[2025-11-18T00:14:10.756+0000] {logging_mixin.py:154} WARNING - 
[2025-11-18T00:14:10.756+0000] {logging_mixin.py:154} INFO - [I 2025-11-18 00:14:10,756] Trial 6 finished with value: 0.7961783439490446 and parameters: {'max_depth': 3, 'learning_rate': 0.22038218939289875, 'subsample': 0.6293899908000085, 'colsample_bytree': 0.831261142176991, 'min_child_weight': 4, 'gamma': 2.600340105889054, 'n_estimators': 296}. Best is trial 6 with value: 0.7961783439490446.
[2025-11-18T00:14:10.756+0000] {logging_mixin.py:154} WARNING - Best trial: 5. Best value: 0.796129:  12%|#2        | 6/50 [00:02<00:17,  2.54it/s]
[2025-11-18T00:14:10.757+0000] {logging_mixin.py:154} WARNING - Best trial: 6. Best value: 0.796178:  12%|#2        | 6/50 [00:02<00:17,  2.54it/s]
[2025-11-18T00:14:10.757+0000] {logging_mixin.py:154} WARNING - Best trial: 6. Best value: 0.796178:  14%|#4        | 7/50 [00:02<00:15,  2.86it/s]
[2025-11-18T00:14:13.035+0000] {logging_mixin.py:154} WARNING -                                                                                    
[2025-11-18T00:14:13.035+0000] {logging_mixin.py:154} WARNING - 
[2025-11-18T00:14:13.036+0000] {logging_mixin.py:154} INFO - [I 2025-11-18 00:14:13,035] Trial 7 finished with value: 0.797717184527584 and parameters: {'max_depth': 5, 'learning_rate': 0.27051668818999286, 'subsample': 0.8875664116805573, 'colsample_bytree': 0.9697494707820946, 'min_child_weight': 9, 'gamma': 2.9894998940554256, 'n_estimators': 465}. Best is trial 7 with value: 0.797717184527584.
[2025-11-18T00:14:13.036+0000] {logging_mixin.py:154} WARNING - Best trial: 6. Best value: 0.796178:  14%|#4        | 7/50 [00:04<00:15,  2.86it/s]
[2025-11-18T00:14:13.036+0000] {logging_mixin.py:154} WARNING - Best trial: 7. Best value: 0.797717:  14%|#4        | 7/50 [00:04<00:15,  2.86it/s]
[2025-11-18T00:14:13.037+0000] {logging_mixin.py:154} WARNING - Best trial: 7. Best value: 0.797717:  16%|#6        | 8/50 [00:04<00:40,  1.04it/s]
[2025-11-18T00:14:13.991+0000] {logging_mixin.py:154} WARNING -                                                                                    
[2025-11-18T00:14:13.991+0000] {logging_mixin.py:154} WARNING - 
[2025-11-18T00:14:13.991+0000] {logging_mixin.py:154} INFO - [I 2025-11-18 00:14:13,991] Trial 8 finished with value: 0.7906388361796332 and parameters: {'max_depth': 4, 'learning_rate': 0.01947558230629543, 'subsample': 0.522613644455269, 'colsample_bytree': 0.6626651653816322, 'min_child_weight': 4, 'gamma': 1.3567451588694794, 'n_estimators': 423}. Best is trial 7 with value: 0.797717184527584.
[2025-11-18T00:14:13.991+0000] {logging_mixin.py:154} WARNING - Best trial: 7. Best value: 0.797717:  16%|#6        | 8/50 [00:05<00:40,  1.04it/s]
[2025-11-18T00:14:13.991+0000] {logging_mixin.py:154} WARNING - Best trial: 7. Best value: 0.797717:  16%|#6        | 8/50 [00:05<00:40,  1.04it/s]
[2025-11-18T00:14:13.992+0000] {logging_mixin.py:154} WARNING - Best trial: 7. Best value: 0.797717:  18%|#8        | 9/50 [00:05<00:39,  1.04it/s]
[2025-11-18T00:14:14.315+0000] {logging_mixin.py:154} WARNING -                                                                                    
[2025-11-18T00:14:14.315+0000] {logging_mixin.py:154} WARNING - 
[2025-11-18T00:14:14.315+0000] {logging_mixin.py:154} INFO - [I 2025-11-18 00:14:14,315] Trial 9 finished with value: 0.802295918367347 and parameters: {'max_depth': 7, 'learning_rate': 0.026000059117302653, 'subsample': 0.7713480415791243, 'colsample_bytree': 0.5704621124873813, 'min_child_weight': 9, 'gamma': 0.3727532183988541, 'n_estimators': 495}. Best is trial 9 with value: 0.802295918367347.
[2025-11-18T00:14:14.316+0000] {logging_mixin.py:154} WARNING - Best trial: 7. Best value: 0.797717:  18%|#8        | 9/50 [00:05<00:39,  1.04it/s]
[2025-11-18T00:14:14.316+0000] {logging_mixin.py:154} WARNING - Best trial: 9. Best value: 0.802296:  18%|#8        | 9/50 [00:05<00:39,  1.04it/s]
[2025-11-18T00:14:14.316+0000] {logging_mixin.py:154} WARNING - Best trial: 9. Best value: 0.802296:  20%|##        | 10/50 [00:05<00:30,  1.31it/s]
[2025-11-18T00:14:15.085+0000] {logging_mixin.py:154} WARNING -                                                                                     
[2025-11-18T00:14:15.085+0000] {logging_mixin.py:154} WARNING - 
[2025-11-18T00:14:15.085+0000] {logging_mixin.py:154} INFO - [I 2025-11-18 00:14:15,085] Trial 10 finished with value: 0.8020499679692504 and parameters: {'max_depth': 9, 'learning_rate': 0.050022091577274774, 'subsample': 0.9847685553939328, 'colsample_bytree': 0.5089809378074097, 'min_child_weight': 7, 'gamma': 0.19362599980591444, 'n_estimators': 379}. Best is trial 9 with value: 0.802295918367347.
[2025-11-18T00:14:15.085+0000] {logging_mixin.py:154} WARNING - Best trial: 9. Best value: 0.802296:  20%|##        | 10/50 [00:06<00:30,  1.31it/s]
[2025-11-18T00:14:15.086+0000] {logging_mixin.py:154} WARNING - Best trial: 9. Best value: 0.802296:  20%|##        | 10/50 [00:06<00:30,  1.31it/s]
[2025-11-18T00:14:15.086+0000] {logging_mixin.py:154} WARNING - Best trial: 9. Best value: 0.802296:  22%|##2       | 11/50 [00:06<00:29,  1.31it/s]
[2025-11-18T00:14:17.238+0000] {logging_mixin.py:154} WARNING -                                                                                     
[2025-11-18T00:14:17.239+0000] {logging_mixin.py:154} WARNING - 
[2025-11-18T00:14:17.239+0000] {logging_mixin.py:154} INFO - [I 2025-11-18 00:14:17,238] Trial 11 finished with value: 0.7966751918158568 and parameters: {'max_depth': 9, 'learning_rate': 0.05378356815268503, 'subsample': 0.998050295132841, 'colsample_bytree': 0.5043736834843053, 'min_child_weight': 7, 'gamma': 0.11757387798799368, 'n_estimators': 375}. Best is trial 9 with value: 0.802295918367347.
[2025-11-18T00:14:17.239+0000] {logging_mixin.py:154} WARNING - Best trial: 9. Best value: 0.802296:  22%|##2       | 11/50 [00:08<00:29,  1.31it/s]
[2025-11-18T00:14:17.240+0000] {logging_mixin.py:154} WARNING - Best trial: 9. Best value: 0.802296:  22%|##2       | 11/50 [00:08<00:29,  1.31it/s]
[2025-11-18T00:14:17.240+0000] {logging_mixin.py:154} WARNING - Best trial: 9. Best value: 0.802296:  24%|##4       | 12/50 [00:08<00:45,  1.19s/it]
[2025-11-18T00:14:18.494+0000] {logging_mixin.py:154} WARNING -                                                                                     
[2025-11-18T00:14:18.495+0000] {logging_mixin.py:154} WARNING - 
[2025-11-18T00:14:18.495+0000] {logging_mixin.py:154} INFO - [I 2025-11-18 00:14:18,494] Trial 12 finished with value: 0.7974193548387097 and parameters: {'max_depth': 10, 'learning_rate': 0.05421283096830384, 'subsample': 0.995800325533728, 'colsample_bytree': 0.5927234475789327, 'min_child_weight': 7, 'gamma': 0.01955562095026886, 'n_estimators': 406}. Best is trial 9 with value: 0.802295918367347.
[2025-11-18T00:14:18.495+0000] {logging_mixin.py:154} WARNING - Best trial: 9. Best value: 0.802296:  24%|##4       | 12/50 [00:09<00:45,  1.19s/it]
[2025-11-18T00:14:18.496+0000] {logging_mixin.py:154} WARNING - Best trial: 9. Best value: 0.802296:  24%|##4       | 12/50 [00:09<00:45,  1.19s/it]
[2025-11-18T00:14:18.496+0000] {logging_mixin.py:154} WARNING - Best trial: 9. Best value: 0.802296:  26%|##6       | 13/50 [00:09<00:44,  1.21s/it]
[2025-11-18T00:14:19.018+0000] {logging_mixin.py:154} WARNING -                                                                                     
[2025-11-18T00:14:19.018+0000] {logging_mixin.py:154} WARNING - 
[2025-11-18T00:14:19.018+0000] {logging_mixin.py:154} INFO - [I 2025-11-18 00:14:19,018] Trial 13 finished with value: 0.7969543147208122 and parameters: {'max_depth': 8, 'learning_rate': 0.04002834754638359, 'subsample': 0.748020656084857, 'colsample_bytree': 0.5890641831958864, 'min_child_weight': 10, 'gamma': 1.7472912901066726, 'n_estimators': 499}. Best is trial 9 with value: 0.802295918367347.
[2025-11-18T00:14:19.018+0000] {logging_mixin.py:154} WARNING - Best trial: 9. Best value: 0.802296:  26%|##6       | 13/50 [00:10<00:44,  1.21s/it]
[2025-11-18T00:14:19.019+0000] {logging_mixin.py:154} WARNING - Best trial: 9. Best value: 0.802296:  26%|##6       | 13/50 [00:10<00:44,  1.21s/it]
[2025-11-18T00:14:19.019+0000] {logging_mixin.py:154} WARNING - Best trial: 9. Best value: 0.802296:  28%|##8       | 14/50 [00:10<00:36,  1.00s/it]
[2025-11-18T00:14:20.026+0000] {logging_mixin.py:154} WARNING -                                                                                     
[2025-11-18T00:14:20.026+0000] {logging_mixin.py:154} WARNING - 
[2025-11-18T00:14:20.026+0000] {logging_mixin.py:154} INFO - [I 2025-11-18 00:14:20,026] Trial 14 finished with value: 0.7862694300518136 and parameters: {'max_depth': 12, 'learning_rate': 0.09465946337743743, 'subsample': 0.9318657440733, 'colsample_bytree': 0.5012553993955753, 'min_child_weight': 7, 'gamma': 0.1795351823831436, 'n_estimators': 360}. Best is trial 9 with value: 0.802295918367347.
[2025-11-18T00:14:20.026+0000] {logging_mixin.py:154} WARNING - Best trial: 9. Best value: 0.802296:  28%|##8       | 14/50 [00:11<00:36,  1.00s/it]
[2025-11-18T00:14:20.027+0000] {logging_mixin.py:154} WARNING - Best trial: 9. Best value: 0.802296:  28%|##8       | 14/50 [00:11<00:36,  1.00s/it]
[2025-11-18T00:14:20.027+0000] {logging_mixin.py:154} WARNING - Best trial: 9. Best value: 0.802296:  30%|###       | 15/50 [00:11<00:35,  1.00s/it]
[2025-11-18T00:14:20.450+0000] {logging_mixin.py:154} WARNING -                                                                                     
[2025-11-18T00:14:20.451+0000] {logging_mixin.py:154} WARNING - 
[2025-11-18T00:14:20.451+0000] {logging_mixin.py:154} INFO - [I 2025-11-18 00:14:20,450] Trial 15 finished with value: 0.7899371069182389 and parameters: {'max_depth': 7, 'learning_rate': 0.010457065772553613, 'subsample': 0.7762460564116191, 'colsample_bytree': 0.6500599391804969, 'min_child_weight': 8, 'gamma': 1.8694954037778246, 'n_estimators': 200}. Best is trial 9 with value: 0.802295918367347.
[2025-11-18T00:14:20.451+0000] {logging_mixin.py:154} WARNING - Best trial: 9. Best value: 0.802296:  30%|###       | 15/50 [00:11<00:35,  1.00s/it]
[2025-11-18T00:14:20.451+0000] {logging_mixin.py:154} WARNING - Best trial: 9. Best value: 0.802296:  30%|###       | 15/50 [00:11<00:35,  1.00s/it]
[2025-11-18T00:14:20.451+0000] {logging_mixin.py:154} WARNING - Best trial: 9. Best value: 0.802296:  32%|###2      | 16/50 [00:11<00:28,  1.21it/s]
[2025-11-18T00:14:21.668+0000] {logging_mixin.py:154} WARNING -                                                                                     
[2025-11-18T00:14:21.668+0000] {logging_mixin.py:154} WARNING - 
