[2025-11-18T00:14:32.973+0000] {logging_mixin.py:154} INFO - [I 2025-11-18 00:14:32,973] Trial 36 finished with value: 0.8030495552731892 and parameters: {'max_depth': 12, 'learning_rate': 0.05087654486381147, 'subsample': 0.9597977223447891, 'colsample_bytree': 0.5808054012550603, 'min_child_weight': 9, 'gamma': 1.5614294039307972, 'n_estimators': 345}. Best is trial 22 with value: 0.8048315321042594.
[2025-11-18T00:14:32.974+0000] {logging_mixin.py:154} WARNING - Best trial: 22. Best value: 0.804832:  72%|#######2  | 36/50 [00:24<00:06,  2.15it/s]
[2025-11-18T00:14:32.974+0000] {logging_mixin.py:154} WARNING - Best trial: 22. Best value: 0.804832:  72%|#######2  | 36/50 [00:24<00:06,  2.15it/s]
[2025-11-18T00:14:32.974+0000] {logging_mixin.py:154} WARNING - Best trial: 22. Best value: 0.804832:  74%|#######4  | 37/50 [00:24<00:05,  2.50it/s]
[2025-11-18T00:14:33.226+0000] {logging_mixin.py:154} WARNING -                                                                                      
[2025-11-18T00:14:33.226+0000] {logging_mixin.py:154} WARNING - 
[2025-11-18T00:14:33.226+0000] {logging_mixin.py:154} INFO - [I 2025-11-18 00:14:33,226] Trial 37 finished with value: 0.7999999999999999 and parameters: {'max_depth': 6, 'learning_rate': 0.035641301817162074, 'subsample': 0.8667301202674141, 'colsample_bytree': 0.5208634342939849, 'min_child_weight': 10, 'gamma': 0.33467358795985264, 'n_estimators': 258}. Best is trial 22 with value: 0.8048315321042594.
[2025-11-18T00:14:33.227+0000] {logging_mixin.py:154} WARNING - Best trial: 22. Best value: 0.804832:  74%|#######4  | 37/50 [00:24<00:05,  2.50it/s]
[2025-11-18T00:14:33.227+0000] {logging_mixin.py:154} WARNING - Best trial: 22. Best value: 0.804832:  74%|#######4  | 37/50 [00:24<00:05,  2.50it/s]
[2025-11-18T00:14:33.227+0000] {logging_mixin.py:154} WARNING - Best trial: 22. Best value: 0.804832:  76%|#######6  | 38/50 [00:24<00:04,  2.80it/s]
[2025-11-18T00:14:33.462+0000] {logging_mixin.py:154} WARNING -                                                                                      
[2025-11-18T00:14:33.462+0000] {logging_mixin.py:154} WARNING - 
[2025-11-18T00:14:33.463+0000] {logging_mixin.py:154} INFO - [I 2025-11-18 00:14:33,462] Trial 38 finished with value: 0.8017902813299232 and parameters: {'max_depth': 10, 'learning_rate': 0.06577035992004197, 'subsample': 0.9159129388868827, 'colsample_bytree': 0.5674178589293486, 'min_child_weight': 9, 'gamma': 1.0029814107530692, 'n_estimators': 305}. Best is trial 22 with value: 0.8048315321042594.
[2025-11-18T00:14:33.463+0000] {logging_mixin.py:154} WARNING - Best trial: 22. Best value: 0.804832:  76%|#######6  | 38/50 [00:24<00:04,  2.80it/s]
[2025-11-18T00:14:33.463+0000] {logging_mixin.py:154} WARNING - Best trial: 22. Best value: 0.804832:  76%|#######6  | 38/50 [00:24<00:04,  2.80it/s]
[2025-11-18T00:14:33.463+0000] {logging_mixin.py:154} WARNING - Best trial: 22. Best value: 0.804832:  78%|#######8  | 39/50 [00:24<00:03,  3.11it/s]
[2025-11-18T00:14:37.599+0000] {logging_mixin.py:154} WARNING -                                                                                      
[2025-11-18T00:14:37.600+0000] {logging_mixin.py:154} WARNING - 
[2025-11-18T00:14:37.600+0000] {logging_mixin.py:154} INFO - [I 2025-11-18 00:14:37,599] Trial 39 finished with value: 0.7956298200514139 and parameters: {'max_depth': 13, 'learning_rate': 0.024149736099319453, 'subsample': 0.8896184945479426, 'colsample_bytree': 0.5009564238804844, 'min_child_weight': 4, 'gamma': 0.013282736215314839, 'n_estimators': 466}. Best is trial 22 with value: 0.8048315321042594.
[2025-11-18T00:14:37.600+0000] {logging_mixin.py:154} WARNING - Best trial: 22. Best value: 0.804832:  78%|#######8  | 39/50 [00:29<00:03,  3.11it/s]
[2025-11-18T00:14:37.600+0000] {logging_mixin.py:154} WARNING - Best trial: 22. Best value: 0.804832:  78%|#######8  | 39/50 [00:29<00:03,  3.11it/s]
[2025-11-18T00:14:37.600+0000] {logging_mixin.py:154} WARNING - Best trial: 22. Best value: 0.804832:  80%|########  | 40/50 [00:29<00:14,  1.45s/it]
[2025-11-18T00:14:38.209+0000] {logging_mixin.py:154} WARNING -                                                                                      
[2025-11-18T00:14:38.210+0000] {logging_mixin.py:154} WARNING - 
[2025-11-18T00:14:38.210+0000] {logging_mixin.py:154} INFO - [I 2025-11-18 00:14:38,209] Trial 40 finished with value: 0.8012738853503185 and parameters: {'max_depth': 11, 'learning_rate': 0.08099598539151615, 'subsample': 0.9734910922844446, 'colsample_bytree': 0.6020512941564147, 'min_child_weight': 8, 'gamma': 0.6861613597540982, 'n_estimators': 391}. Best is trial 22 with value: 0.8048315321042594.
[2025-11-18T00:14:38.210+0000] {logging_mixin.py:154} WARNING - Best trial: 22. Best value: 0.804832:  80%|########  | 40/50 [00:29<00:14,  1.45s/it]
[2025-11-18T00:14:38.210+0000] {logging_mixin.py:154} WARNING - Best trial: 22. Best value: 0.804832:  80%|########  | 40/50 [00:29<00:14,  1.45s/it]
[2025-11-18T00:14:38.210+0000] {logging_mixin.py:154} WARNING - Best trial: 22. Best value: 0.804832:  82%|########2 | 41/50 [00:29<00:10,  1.20s/it]
[2025-11-18T00:14:39.120+0000] {logging_mixin.py:154} WARNING -                                                                                      
[2025-11-18T00:14:39.120+0000] {logging_mixin.py:154} WARNING - 
[2025-11-18T00:14:39.120+0000] {logging_mixin.py:154} INFO - [I 2025-11-18 00:14:39,120] Trial 41 finished with value: 0.8040583386176284 and parameters: {'max_depth': 12, 'learning_rate': 0.048743238542306916, 'subsample': 0.9645148362039293, 'colsample_bytree': 0.5817595992958474, 'min_child_weight': 9, 'gamma': 1.4542812238641498, 'n_estimators': 345}. Best is trial 22 with value: 0.8048315321042594.
[2025-11-18T00:14:39.120+0000] {logging_mixin.py:154} WARNING - Best trial: 22. Best value: 0.804832:  82%|########2 | 41/50 [00:30<00:10,  1.20s/it]
[2025-11-18T00:14:39.121+0000] {logging_mixin.py:154} WARNING - Best trial: 22. Best value: 0.804832:  82%|########2 | 41/50 [00:30<00:10,  1.20s/it]
[2025-11-18T00:14:39.121+0000] {logging_mixin.py:154} WARNING - Best trial: 22. Best value: 0.804832:  84%|########4 | 42/50 [00:30<00:08,  1.11s/it]
[2025-11-18T00:14:39.325+0000] {logging_mixin.py:154} WARNING -                                                                                      
[2025-11-18T00:14:39.325+0000] {logging_mixin.py:154} WARNING - 
[2025-11-18T00:14:39.326+0000] {logging_mixin.py:154} INFO - [I 2025-11-18 00:14:39,325] Trial 42 finished with value: 0.8005082592121983 and parameters: {'max_depth': 12, 'learning_rate': 0.04708579593629236, 'subsample': 0.9647637315753956, 'colsample_bytree': 0.5522012577943192, 'min_child_weight': 10, 'gamma': 1.3586581093234438, 'n_estimators': 317}. Best is trial 22 with value: 0.8048315321042594.
[2025-11-18T00:14:39.326+0000] {logging_mixin.py:154} WARNING - Best trial: 22. Best value: 0.804832:  84%|########4 | 42/50 [00:30<00:08,  1.11s/it]
[2025-11-18T00:14:39.326+0000] {logging_mixin.py:154} WARNING - Best trial: 22. Best value: 0.804832:  84%|########4 | 42/50 [00:30<00:08,  1.11s/it]
[2025-11-18T00:14:39.326+0000] {logging_mixin.py:154} WARNING - Best trial: 22. Best value: 0.804832:  86%|########6 | 43/50 [00:30<00:05,  1.19it/s]
[2025-11-18T00:14:39.589+0000] {logging_mixin.py:154} WARNING -                                                                                      
[2025-11-18T00:14:39.589+0000] {logging_mixin.py:154} WARNING - 
[2025-11-18T00:14:39.589+0000] {logging_mixin.py:154} INFO - [I 2025-11-18 00:14:39,589] Trial 43 finished with value: 0.8017902813299232 and parameters: {'max_depth': 14, 'learning_rate': 0.05818845766266493, 'subsample': 0.9257265288933062, 'colsample_bytree': 0.5789600265995569, 'min_child_weight': 9, 'gamma': 1.0281641573269438, 'n_estimators': 413}. Best is trial 22 with value: 0.8048315321042594.
[2025-11-18T00:14:39.589+0000] {logging_mixin.py:154} WARNING - Best trial: 22. Best value: 0.804832:  86%|########6 | 43/50 [00:31<00:05,  1.19it/s]
[2025-11-18T00:14:39.590+0000] {logging_mixin.py:154} WARNING - Best trial: 22. Best value: 0.804832:  86%|########6 | 43/50 [00:31<00:05,  1.19it/s]
[2025-11-18T00:14:39.590+0000] {logging_mixin.py:154} WARNING - Best trial: 22. Best value: 0.804832:  88%|########8 | 44/50 [00:31<00:04,  1.49it/s]
[2025-11-18T00:14:39.838+0000] {logging_mixin.py:154} WARNING -                                                                                      
[2025-11-18T00:14:39.838+0000] {logging_mixin.py:154} WARNING - 
[2025-11-18T00:14:39.838+0000] {logging_mixin.py:154} INFO - [I 2025-11-18 00:14:39,838] Trial 44 finished with value: 0.8045685279187816 and parameters: {'max_depth': 9, 'learning_rate': 0.028932707342245487, 'subsample': 0.974943570005506, 'colsample_bytree': 0.5194841038205044, 'min_child_weight': 8, 'gamma': 0.6462687015500123, 'n_estimators': 278}. Best is trial 22 with value: 0.8048315321042594.
[2025-11-18T00:14:39.838+0000] {logging_mixin.py:154} WARNING - Best trial: 22. Best value: 0.804832:  88%|########8 | 44/50 [00:31<00:04,  1.49it/s]
[2025-11-18T00:14:39.839+0000] {logging_mixin.py:154} WARNING - Best trial: 22. Best value: 0.804832:  88%|########8 | 44/50 [00:31<00:04,  1.49it/s]
[2025-11-18T00:14:39.839+0000] {logging_mixin.py:154} WARNING - Best trial: 22. Best value: 0.804832:  90%|######### | 45/50 [00:31<00:02,  1.84it/s]
[2025-11-18T00:14:40.421+0000] {logging_mixin.py:154} WARNING -                                                                                      
[2025-11-18T00:14:40.422+0000] {logging_mixin.py:154} WARNING - 
[2025-11-18T00:14:40.422+0000] {logging_mixin.py:154} INFO - [I 2025-11-18 00:14:40,421] Trial 45 finished with value: 0.799240025332489 and parameters: {'max_depth': 9, 'learning_rate': 0.026863588714973543, 'subsample': 0.9860244033760543, 'colsample_bytree': 0.5233176666620485, 'min_child_weight': 7, 'gamma': 0.45571560039347925, 'n_estimators': 286}. Best is trial 22 with value: 0.8048315321042594.
[2025-11-18T00:14:40.422+0000] {logging_mixin.py:154} WARNING - Best trial: 22. Best value: 0.804832:  90%|######### | 45/50 [00:31<00:02,  1.84it/s]
[2025-11-18T00:14:40.423+0000] {logging_mixin.py:154} WARNING - Best trial: 22. Best value: 0.804832:  90%|######### | 45/50 [00:31<00:02,  1.84it/s]
[2025-11-18T00:14:40.423+0000] {logging_mixin.py:154} WARNING - Best trial: 22. Best value: 0.804832:  92%|#########2| 46/50 [00:31<00:02,  1.80it/s]
[2025-11-18T00:14:40.863+0000] {logging_mixin.py:154} WARNING -                                                                                      
[2025-11-18T00:14:40.863+0000] {logging_mixin.py:154} WARNING - 
[2025-11-18T00:14:40.863+0000] {logging_mixin.py:154} INFO - [I 2025-11-18 00:14:40,863] Trial 46 finished with value: 0.8010204081632654 and parameters: {'max_depth': 10, 'learning_rate': 0.03754551115039342, 'subsample': 0.9973408618733371, 'colsample_bytree': 0.5797344860819836, 'min_child_weight': 8, 'gamma': 0.6742688217617143, 'n_estimators': 225}. Best is trial 22 with value: 0.8048315321042594.
[2025-11-18T00:14:40.863+0000] {logging_mixin.py:154} WARNING - Best trial: 22. Best value: 0.804832:  92%|#########2| 46/50 [00:32<00:02,  1.80it/s]
[2025-11-18T00:14:40.864+0000] {logging_mixin.py:154} WARNING - Best trial: 22. Best value: 0.804832:  92%|#########2| 46/50 [00:32<00:02,  1.80it/s]
[2025-11-18T00:14:40.864+0000] {logging_mixin.py:154} WARNING - Best trial: 22. Best value: 0.804832:  94%|#########3| 47/50 [00:32<00:01,  1.92it/s]
[2025-11-18T00:14:41.210+0000] {logging_mixin.py:154} WARNING -                                                                                      
[2025-11-18T00:14:41.211+0000] {logging_mixin.py:154} WARNING - 
[2025-11-18T00:14:41.211+0000] {logging_mixin.py:154} INFO - [I 2025-11-18 00:14:41,210] Trial 47 finished with value: 0.8017789072426939 and parameters: {'max_depth': 13, 'learning_rate': 0.02976596457249386, 'subsample': 0.947257865606021, 'colsample_bytree': 0.5167665237972624, 'min_child_weight': 5, 'gamma': 0.26742623731616355, 'n_estimators': 265}. Best is trial 22 with value: 0.8048315321042594.
[2025-11-18T00:14:41.211+0000] {logging_mixin.py:154} WARNING - Best trial: 22. Best value: 0.804832:  94%|#########3| 47/50 [00:32<00:01,  1.92it/s]
[2025-11-18T00:14:41.211+0000] {logging_mixin.py:154} WARNING - Best trial: 22. Best value: 0.804832:  94%|#########3| 47/50 [00:32<00:01,  1.92it/s]
[2025-11-18T00:14:41.212+0000] {logging_mixin.py:154} WARNING - Best trial: 22. Best value: 0.804832:  96%|#########6| 48/50 [00:32<00:00,  2.13it/s]
[2025-11-18T00:14:41.379+0000] {logging_mixin.py:154} WARNING -                                                                                      
[2025-11-18T00:14:41.380+0000] {logging_mixin.py:154} WARNING - 
[2025-11-18T00:14:41.380+0000] {logging_mixin.py:154} INFO - [I 2025-11-18 00:14:41,379] Trial 48 finished with value: 0.8055731475617479 and parameters: {'max_depth': 11, 'learning_rate': 0.020406225242038018, 'subsample': 0.9719203445724947, 'colsample_bytree': 0.6860304875117555, 'min_child_weight': 7, 'gamma': 0.23091753723281427, 'n_estimators': 162}. Best is trial 48 with value: 0.8055731475617479.
[2025-11-18T00:14:41.380+0000] {logging_mixin.py:154} WARNING - Best trial: 22. Best value: 0.804832:  96%|#########6| 48/50 [00:32<00:00,  2.13it/s]
[2025-11-18T00:14:41.380+0000] {logging_mixin.py:154} WARNING - Best trial: 48. Best value: 0.805573:  96%|#########6| 48/50 [00:32<00:00,  2.13it/s]
[2025-11-18T00:14:41.380+0000] {logging_mixin.py:154} WARNING - Best trial: 48. Best value: 0.805573:  98%|#########8| 49/50 [00:32<00:00,  2.64it/s]
[2025-11-18T00:14:42.730+0000] {logging_mixin.py:154} WARNING -                                                                                      
[2025-11-18T00:14:42.731+0000] {logging_mixin.py:154} WARNING - 
