[2025-12-05T03:03:43.120+0000] {logging_mixin.py:154} INFO - [I 2025-12-05 03:03:43,119] Trial 27 finished with value: 0.7865626060400407 and parameters: {'max_depth': 8, 'learning_rate': 0.01300844164774653, 'subsample': 0.6577136112265429, 'colsample_bytree': 0.7003426676659894, 'min_child_weight': 3, 'gamma': 1.4952944918171496, 'n_estimators': 245}. Best is trial 18 with value: 0.7872412623006446.
[2025-12-05T03:03:43.120+0000] {logging_mixin.py:154} WARNING - Best trial: 18. Best value: 0.787241:  54%|#####4    | 27/50 [00:17<00:08,  2.56it/s, 17.04/60 seconds]
[2025-12-05T03:03:43.121+0000] {logging_mixin.py:154} WARNING - Best trial: 18. Best value: 0.787241:  54%|#####4    | 27/50 [00:17<00:08,  2.56it/s, 17.04/60 seconds]
[2025-12-05T03:03:43.121+0000] {logging_mixin.py:154} WARNING - Best trial: 18. Best value: 0.787241:  56%|#####6    | 28/50 [00:17<00:09,  2.22it/s, 17.04/60 seconds]
[2025-12-05T03:03:43.121+0000] {logging_mixin.py:154} WARNING - Best trial: 18. Best value: 0.787241:  56%|#####6    | 28/50 [00:17<00:09,  2.22it/s, 17.63/60 seconds]
[2025-12-05T03:03:43.387+0000] {logging_mixin.py:154} WARNING -                                                                                                        
[2025-12-05T03:03:43.387+0000] {logging_mixin.py:154} WARNING - 
[2025-12-05T03:03:43.387+0000] {logging_mixin.py:154} INFO - [I 2025-12-05 03:03:43,387] Trial 28 finished with value: 0.7842087654734025 and parameters: {'max_depth': 6, 'learning_rate': 0.010036316079145837, 'subsample': 0.6253927919279821, 'colsample_bytree': 0.6972248821194833, 'min_child_weight': 3, 'gamma': 1.4290418838821088, 'n_estimators': 355}. Best is trial 18 with value: 0.7872412623006446.
[2025-12-05T03:03:43.387+0000] {logging_mixin.py:154} WARNING - Best trial: 18. Best value: 0.787241:  56%|#####6    | 28/50 [00:17<00:09,  2.22it/s, 17.63/60 seconds]
[2025-12-05T03:03:43.388+0000] {logging_mixin.py:154} WARNING - Best trial: 18. Best value: 0.787241:  56%|#####6    | 28/50 [00:17<00:09,  2.22it/s, 17.63/60 seconds]
[2025-12-05T03:03:43.388+0000] {logging_mixin.py:154} WARNING - Best trial: 18. Best value: 0.787241:  58%|#####8    | 29/50 [00:17<00:08,  2.53it/s, 17.63/60 seconds]
[2025-12-05T03:03:43.388+0000] {logging_mixin.py:154} WARNING - Best trial: 18. Best value: 0.787241:  58%|#####8    | 29/50 [00:17<00:08,  2.53it/s, 17.90/60 seconds]
[2025-12-05T03:03:44.059+0000] {logging_mixin.py:154} WARNING -                                                                                                        
[2025-12-05T03:03:44.059+0000] {logging_mixin.py:154} WARNING - 
[2025-12-05T03:03:44.059+0000] {logging_mixin.py:154} INFO - [I 2025-12-05 03:03:44,058] Trial 29 finished with value: 0.7858117326057298 and parameters: {'max_depth': 11, 'learning_rate': 0.01296837629523353, 'subsample': 0.7364097151854239, 'colsample_bytree': 0.7620728188053074, 'min_child_weight': 1, 'gamma': 0.9755428104419999, 'n_estimators': 431}. Best is trial 18 with value: 0.7872412623006446.
[2025-12-05T03:03:44.059+0000] {logging_mixin.py:154} WARNING - Best trial: 18. Best value: 0.787241:  58%|#####8    | 29/50 [00:18<00:08,  2.53it/s, 17.90/60 seconds]
[2025-12-05T03:03:44.059+0000] {logging_mixin.py:154} WARNING - Best trial: 18. Best value: 0.787241:  58%|#####8    | 29/50 [00:18<00:08,  2.53it/s, 17.90/60 seconds]
[2025-12-05T03:03:44.059+0000] {logging_mixin.py:154} WARNING - Best trial: 18. Best value: 0.787241:  60%|######    | 30/50 [00:18<00:09,  2.09it/s, 17.90/60 seconds]
[2025-12-05T03:03:44.059+0000] {logging_mixin.py:154} WARNING - Best trial: 18. Best value: 0.787241:  60%|######    | 30/50 [00:18<00:09,  2.09it/s, 18.57/60 seconds]
[2025-12-05T03:03:44.263+0000] {logging_mixin.py:154} WARNING -                                                                                                        
[2025-12-05T03:03:44.263+0000] {logging_mixin.py:154} WARNING - 
[2025-12-05T03:03:44.263+0000] {logging_mixin.py:154} INFO - [I 2025-12-05 03:03:44,263] Trial 30 finished with value: 0.7742150968603874 and parameters: {'max_depth': 8, 'learning_rate': 0.021665562818517083, 'subsample': 0.6960062125573042, 'colsample_bytree': 0.6632081513046253, 'min_child_weight': 4, 'gamma': 1.7692438551454872, 'n_estimators': 59}. Best is trial 18 with value: 0.7872412623006446.
[2025-12-05T03:03:44.263+0000] {logging_mixin.py:154} WARNING - Best trial: 18. Best value: 0.787241:  60%|######    | 30/50 [00:18<00:09,  2.09it/s, 18.57/60 seconds]
[2025-12-05T03:03:44.264+0000] {logging_mixin.py:154} WARNING - Best trial: 18. Best value: 0.787241:  60%|######    | 30/50 [00:18<00:09,  2.09it/s, 18.57/60 seconds]
[2025-12-05T03:03:44.264+0000] {logging_mixin.py:154} WARNING - Best trial: 18. Best value: 0.787241:  62%|######2   | 31/50 [00:18<00:07,  2.53it/s, 18.57/60 seconds]
[2025-12-05T03:03:44.264+0000] {logging_mixin.py:154} WARNING - Best trial: 18. Best value: 0.787241:  62%|######2   | 31/50 [00:18<00:07,  2.53it/s, 18.77/60 seconds]
[2025-12-05T03:03:44.919+0000] {logging_mixin.py:154} WARNING -                                                                                                        
[2025-12-05T03:03:44.919+0000] {logging_mixin.py:154} WARNING - 
[2025-12-05T03:03:44.919+0000] {logging_mixin.py:154} INFO - [I 2025-12-05 03:03:44,919] Trial 31 finished with value: 0.7848101265822786 and parameters: {'max_depth': 11, 'learning_rate': 0.012617717952670074, 'subsample': 0.7369691529379923, 'colsample_bytree': 0.7653278416823284, 'min_child_weight': 1, 'gamma': 0.9640927861666354, 'n_estimators': 439}. Best is trial 18 with value: 0.7872412623006446.
[2025-12-05T03:03:44.920+0000] {logging_mixin.py:154} WARNING - Best trial: 18. Best value: 0.787241:  62%|######2   | 31/50 [00:19<00:07,  2.53it/s, 18.77/60 seconds]
[2025-12-05T03:03:44.920+0000] {logging_mixin.py:154} WARNING - Best trial: 18. Best value: 0.787241:  62%|######2   | 31/50 [00:19<00:07,  2.53it/s, 18.77/60 seconds]
[2025-12-05T03:03:44.920+0000] {logging_mixin.py:154} WARNING - Best trial: 18. Best value: 0.787241:  64%|######4   | 32/50 [00:19<00:08,  2.11it/s, 18.77/60 seconds]
[2025-12-05T03:03:44.920+0000] {logging_mixin.py:154} WARNING - Best trial: 18. Best value: 0.787241:  64%|######4   | 32/50 [00:19<00:08,  2.11it/s, 19.43/60 seconds]
[2025-12-05T03:03:45.393+0000] {logging_mixin.py:154} WARNING -                                                                                                        
[2025-12-05T03:03:45.394+0000] {logging_mixin.py:154} WARNING - 
[2025-12-05T03:03:45.394+0000] {logging_mixin.py:154} INFO - [I 2025-12-05 03:03:45,393] Trial 32 finished with value: 0.7840986977381769 and parameters: {'max_depth': 10, 'learning_rate': 0.01640304920465948, 'subsample': 0.6900422725809425, 'colsample_bytree': 0.7480704121363784, 'min_child_weight': 1, 'gamma': 1.0809666819491528, 'n_estimators': 396}. Best is trial 18 with value: 0.7872412623006446.
[2025-12-05T03:03:45.394+0000] {logging_mixin.py:154} WARNING - Best trial: 18. Best value: 0.787241:  64%|######4   | 32/50 [00:19<00:08,  2.11it/s, 19.43/60 seconds]
[2025-12-05T03:03:45.394+0000] {logging_mixin.py:154} WARNING - Best trial: 18. Best value: 0.787241:  64%|######4   | 32/50 [00:19<00:08,  2.11it/s, 19.43/60 seconds]
[2025-12-05T03:03:45.394+0000] {logging_mixin.py:154} WARNING - Best trial: 18. Best value: 0.787241:  66%|######6   | 33/50 [00:19<00:08,  2.11it/s, 19.43/60 seconds]
[2025-12-05T03:03:45.394+0000] {logging_mixin.py:154} WARNING - Best trial: 18. Best value: 0.787241:  66%|######6   | 33/50 [00:19<00:08,  2.11it/s, 19.90/60 seconds]
[2025-12-05T03:03:45.941+0000] {logging_mixin.py:154} WARNING -                                                                                                        
[2025-12-05T03:03:45.941+0000] {logging_mixin.py:154} WARNING - 
[2025-12-05T03:03:45.941+0000] {logging_mixin.py:154} INFO - [I 2025-12-05 03:03:45,941] Trial 33 finished with value: 0.7899388171312032 and parameters: {'max_depth': 12, 'learning_rate': 0.012596586394519792, 'subsample': 0.7702311444125595, 'colsample_bytree': 0.7072155962269836, 'min_child_weight': 2, 'gamma': 1.6066455487015165, 'n_estimators': 411}. Best is trial 33 with value: 0.7899388171312032.
[2025-12-05T03:03:45.941+0000] {logging_mixin.py:154} WARNING - Best trial: 18. Best value: 0.787241:  66%|######6   | 33/50 [00:20<00:08,  2.11it/s, 19.90/60 seconds]
[2025-12-05T03:03:45.942+0000] {logging_mixin.py:154} WARNING - Best trial: 33. Best value: 0.789939:  66%|######6   | 33/50 [00:20<00:08,  2.11it/s, 19.90/60 seconds]
[2025-12-05T03:03:45.942+0000] {logging_mixin.py:154} WARNING - Best trial: 33. Best value: 0.789939:  68%|######8   | 34/50 [00:20<00:07,  2.02it/s, 19.90/60 seconds]
[2025-12-05T03:03:45.942+0000] {logging_mixin.py:154} WARNING - Best trial: 33. Best value: 0.789939:  68%|######8   | 34/50 [00:20<00:07,  2.02it/s, 20.45/60 seconds]
[2025-12-05T03:03:46.389+0000] {logging_mixin.py:154} WARNING -                                                                                                        
[2025-12-05T03:03:46.389+0000] {logging_mixin.py:154} WARNING - 
[2025-12-05T03:03:46.389+0000] {logging_mixin.py:154} INFO - [I 2025-12-05 03:03:46,389] Trial 34 finished with value: 0.7863945578231292 and parameters: {'max_depth': 13, 'learning_rate': 0.018159046246671615, 'subsample': 0.7861542819491799, 'colsample_bytree': 0.7110682557379422, 'min_child_weight': 3, 'gamma': 1.607047286127559, 'n_estimators': 364}. Best is trial 33 with value: 0.7899388171312032.
[2025-12-05T03:03:46.389+0000] {logging_mixin.py:154} WARNING - Best trial: 33. Best value: 0.789939:  68%|######8   | 34/50 [00:20<00:07,  2.02it/s, 20.45/60 seconds]
[2025-12-05T03:03:46.390+0000] {logging_mixin.py:154} WARNING - Best trial: 33. Best value: 0.789939:  68%|######8   | 34/50 [00:20<00:07,  2.02it/s, 20.45/60 seconds]
[2025-12-05T03:03:46.390+0000] {logging_mixin.py:154} WARNING - Best trial: 33. Best value: 0.789939:  70%|#######   | 35/50 [00:20<00:07,  2.08it/s, 20.45/60 seconds]
[2025-12-05T03:03:46.390+0000] {logging_mixin.py:154} WARNING - Best trial: 33. Best value: 0.789939:  70%|#######   | 35/50 [00:20<00:07,  2.08it/s, 20.90/60 seconds]
[2025-12-05T03:03:46.763+0000] {logging_mixin.py:154} WARNING -                                                                                                        
[2025-12-05T03:03:46.763+0000] {logging_mixin.py:154} WARNING - 
[2025-12-05T03:03:46.763+0000] {logging_mixin.py:154} INFO - [I 2025-12-05 03:03:46,763] Trial 35 finished with value: 0.7819397993311037 and parameters: {'max_depth': 6, 'learning_rate': 0.01003070288743342, 'subsample': 0.8239734386108969, 'colsample_bytree': 0.5428906120066748, 'min_child_weight': 2, 'gamma': 1.629972400658617, 'n_estimators': 318}. Best is trial 33 with value: 0.7899388171312032.
[2025-12-05T03:03:46.763+0000] {logging_mixin.py:154} WARNING - Best trial: 33. Best value: 0.789939:  70%|#######   | 35/50 [00:21<00:07,  2.08it/s, 20.90/60 seconds]
[2025-12-05T03:03:46.764+0000] {logging_mixin.py:154} WARNING - Best trial: 33. Best value: 0.789939:  70%|#######   | 35/50 [00:21<00:07,  2.08it/s, 20.90/60 seconds]
[2025-12-05T03:03:46.764+0000] {logging_mixin.py:154} WARNING - Best trial: 33. Best value: 0.789939:  72%|#######2  | 36/50 [00:21<00:06,  2.23it/s, 20.90/60 seconds]
[2025-12-05T03:03:46.764+0000] {logging_mixin.py:154} WARNING - Best trial: 33. Best value: 0.789939:  72%|#######2  | 36/50 [00:21<00:06,  2.23it/s, 21.27/60 seconds]
[2025-12-05T03:03:47.031+0000] {logging_mixin.py:154} WARNING -                                                                                                        
[2025-12-05T03:03:47.031+0000] {logging_mixin.py:154} WARNING - 
[2025-12-05T03:03:47.031+0000] {logging_mixin.py:154} INFO - [I 2025-12-05 03:03:47,031] Trial 36 finished with value: 0.7846467391304348 and parameters: {'max_depth': 13, 'learning_rate': 0.01227360537014865, 'subsample': 0.7724760915157266, 'colsample_bytree': 0.5896225411985808, 'min_child_weight': 3, 'gamma': 2.077416071975657, 'n_estimators': 285}. Best is trial 33 with value: 0.7899388171312032.
[2025-12-05T03:03:47.031+0000] {logging_mixin.py:154} WARNING - Best trial: 33. Best value: 0.789939:  72%|#######2  | 36/50 [00:21<00:06,  2.23it/s, 21.27/60 seconds]
[2025-12-05T03:03:47.031+0000] {logging_mixin.py:154} WARNING - Best trial: 33. Best value: 0.789939:  72%|#######2  | 36/50 [00:21<00:06,  2.23it/s, 21.27/60 seconds]
[2025-12-05T03:03:47.032+0000] {logging_mixin.py:154} WARNING - Best trial: 33. Best value: 0.789939:  74%|#######4  | 37/50 [00:21<00:05,  2.53it/s, 21.27/60 seconds]
[2025-12-05T03:03:47.032+0000] {logging_mixin.py:154} WARNING - Best trial: 33. Best value: 0.789939:  74%|#######4  | 37/50 [00:21<00:05,  2.53it/s, 21.54/60 seconds]
[2025-12-05T03:03:47.369+0000] {logging_mixin.py:154} WARNING -                                                                                                        
[2025-12-05T03:03:47.369+0000] {logging_mixin.py:154} WARNING - 
[2025-12-05T03:03:47.369+0000] {logging_mixin.py:154} INFO - [I 2025-12-05 03:03:47,369] Trial 37 finished with value: 0.7834699453551912 and parameters: {'max_depth': 15, 'learning_rate': 0.017235108507588234, 'subsample': 0.6812042996332444, 'colsample_bytree': 0.6571580651481882, 'min_child_weight': 5, 'gamma': 1.2450621071069075, 'n_estimators': 258}. Best is trial 33 with value: 0.7899388171312032.
[2025-12-05T03:03:47.369+0000] {logging_mixin.py:154} WARNING - Best trial: 33. Best value: 0.789939:  74%|#######4  | 37/50 [00:21<00:05,  2.53it/s, 21.54/60 seconds]
[2025-12-05T03:03:47.370+0000] {logging_mixin.py:154} WARNING - Best trial: 33. Best value: 0.789939:  74%|#######4  | 37/50 [00:21<00:05,  2.53it/s, 21.54/60 seconds]
[2025-12-05T03:03:47.370+0000] {logging_mixin.py:154} WARNING - Best trial: 33. Best value: 0.789939:  76%|#######6  | 38/50 [00:21<00:04,  2.65it/s, 21.54/60 seconds]
[2025-12-05T03:03:47.370+0000] {logging_mixin.py:154} WARNING - Best trial: 33. Best value: 0.789939:  76%|#######6  | 38/50 [00:21<00:04,  2.65it/s, 21.88/60 seconds]
[2025-12-05T03:03:47.714+0000] {logging_mixin.py:154} WARNING -                                                                                                        
[2025-12-05T03:03:47.715+0000] {logging_mixin.py:154} WARNING - 
[2025-12-05T03:03:47.715+0000] {logging_mixin.py:154} INFO - [I 2025-12-05 03:03:47,714] Trial 38 finished with value: 0.7899388171312032 and parameters: {'max_depth': 9, 'learning_rate': 0.023692643536450578, 'subsample': 0.832232184918823, 'colsample_bytree': 0.7004328722584814, 'min_child_weight': 2, 'gamma': 1.6426154122133068, 'n_estimators': 401}. Best is trial 33 with value: 0.7899388171312032.
[2025-12-05T03:03:47.715+0000] {logging_mixin.py:154} WARNING - Best trial: 33. Best value: 0.789939:  76%|#######6  | 38/50 [00:22<00:04,  2.65it/s, 21.88/60 seconds]
[2025-12-05T03:03:47.715+0000] {logging_mixin.py:154} WARNING - Best trial: 33. Best value: 0.789939:  76%|#######6  | 38/50 [00:22<00:04,  2.65it/s, 21.88/60 seconds]
[2025-12-05T03:03:47.715+0000] {logging_mixin.py:154} WARNING - Best trial: 33. Best value: 0.789939:  78%|#######8  | 39/50 [00:22<00:04,  2.72it/s, 21.88/60 seconds]
[2025-12-05T03:03:47.716+0000] {logging_mixin.py:154} WARNING - Best trial: 33. Best value: 0.789939:  78%|#######8  | 39/50 [00:22<00:04,  2.72it/s, 22.22/60 seconds]
[2025-12-05T03:03:50.864+0000] {logging_mixin.py:154} WARNING -                                                                                                        
[2025-12-05T03:03:50.864+0000] {logging_mixin.py:154} WARNING - 
[2025-12-05T03:03:50.864+0000] {logging_mixin.py:154} INFO - [I 2025-12-05 03:03:50,864] Trial 39 finished with value: 0.7790777701307637 and parameters: {'max_depth': 12, 'learning_rate': 0.023614459552338325, 'subsample': 0.8431480398292688, 'colsample_bytree': 0.7946210024959318, 'min_child_weight': 2, 'gamma': 0.7411206535763661, 'n_estimators': 397}. Best is trial 33 with value: 0.7899388171312032.
[2025-12-05T03:03:50.864+0000] {logging_mixin.py:154} WARNING - Best trial: 33. Best value: 0.789939:  78%|#######8  | 39/50 [00:25<00:04,  2.72it/s, 22.22/60 seconds]
[2025-12-05T03:03:50.865+0000] {logging_mixin.py:154} WARNING - Best trial: 33. Best value: 0.789939:  78%|#######8  | 39/50 [00:25<00:04,  2.72it/s, 22.22/60 seconds]
[2025-12-05T03:03:50.865+0000] {logging_mixin.py:154} WARNING - Best trial: 33. Best value: 0.789939:  80%|########  | 40/50 [00:25<00:12,  1.20s/it, 22.22/60 seconds]
[2025-12-05T03:03:50.865+0000] {logging_mixin.py:154} WARNING - Best trial: 33. Best value: 0.789939:  80%|########  | 40/50 [00:25<00:12,  1.20s/it, 25.37/60 seconds]
[2025-12-05T03:03:51.210+0000] {logging_mixin.py:154} WARNING -                                                                                                        
[2025-12-05T03:03:51.210+0000] {logging_mixin.py:154} WARNING - 
[2025-12-05T03:03:51.210+0000] {logging_mixin.py:154} INFO - [I 2025-12-05 03:03:51,210] Trial 40 finished with value: 0.7880231371214699 and parameters: {'max_depth': 9, 'learning_rate': 0.028745689878530708, 'subsample': 0.7973872617528801, 'colsample_bytree': 0.7266367682142773, 'min_child_weight': 5, 'gamma': 1.7955608730723236, 'n_estimators': 457}. Best is trial 33 with value: 0.7899388171312032.
[2025-12-05T03:03:51.211+0000] {logging_mixin.py:154} WARNING - Best trial: 33. Best value: 0.789939:  80%|########  | 40/50 [00:25<00:12,  1.20s/it, 25.37/60 seconds]
[2025-12-05T03:03:51.211+0000] {logging_mixin.py:154} WARNING - Best trial: 33. Best value: 0.789939:  80%|########  | 40/50 [00:25<00:12,  1.20s/it, 25.37/60 seconds]
[2025-12-05T03:03:51.211+0000] {logging_mixin.py:154} WARNING - Best trial: 33. Best value: 0.789939:  82%|########2 | 41/50 [00:25<00:08,  1.06it/s, 25.37/60 seconds]
[2025-12-05T03:03:51.211+0000] {logging_mixin.py:154} WARNING - Best trial: 33. Best value: 0.789939:  82%|########2 | 41/50 [00:25<00:08,  1.06it/s, 25.72/60 seconds]
[2025-12-05T03:03:51.518+0000] {logging_mixin.py:154} WARNING -                                                                                                        
[2025-12-05T03:03:51.519+0000] {logging_mixin.py:154} WARNING - 
[2025-12-05T03:03:51.519+0000] {logging_mixin.py:154} INFO - [I 2025-12-05 03:03:51,518] Trial 41 finished with value: 0.7859097127222981 and parameters: {'max_depth': 9, 'learning_rate': 0.0312970701887831, 'subsample': 0.8198684974553233, 'colsample_bytree': 0.7302638500945381, 'min_child_weight': 6, 'gamma': 1.852543644305992, 'n_estimators': 461}. Best is trial 33 with value: 0.7899388171312032.
[2025-12-05T03:03:51.519+0000] {logging_mixin.py:154} WARNING - Best trial: 33. Best value: 0.789939:  82%|########2 | 41/50 [00:26<00:08,  1.06it/s, 25.72/60 seconds]
[2025-12-05T03:03:51.519+0000] {logging_mixin.py:154} WARNING - Best trial: 33. Best value: 0.789939:  82%|########2 | 41/50 [00:26<00:08,  1.06it/s, 25.72/60 seconds]
[2025-12-05T03:03:51.519+0000] {logging_mixin.py:154} WARNING - Best trial: 33. Best value: 0.789939:  84%|########4 | 42/50 [00:26<00:06,  1.33it/s, 25.72/60 seconds]
[2025-12-05T03:03:51.520+0000] {logging_mixin.py:154} WARNING - Best trial: 33. Best value: 0.789939:  84%|########4 | 42/50 [00:26<00:06,  1.33it/s, 26.03/60 seconds]
[2025-12-05T03:03:51.900+0000] {logging_mixin.py:154} WARNING -                                                                                                        
[2025-12-05T03:03:51.901+0000] {logging_mixin.py:154} WARNING - 
[2025-12-05T03:03:51.901+0000] {logging_mixin.py:154} INFO - [I 2025-12-05 03:03:51,900] Trial 42 finished with value: 0.7873426335488262 and parameters: {'max_depth': 10, 'learning_rate': 0.024437570733902455, 'subsample': 0.7909451022606107, 'colsample_bytree': 0.6889618550961344, 'min_child_weight': 5, 'gamma': 2.090012634366994, 'n_estimators': 463}. Best is trial 33 with value: 0.7899388171312032.
[2025-12-05T03:03:51.901+0000] {logging_mixin.py:154} WARNING - Best trial: 33. Best value: 0.789939:  84%|########4 | 42/50 [00:26<00:06,  1.33it/s, 26.03/60 seconds]
[2025-12-05T03:03:51.901+0000] {logging_mixin.py:154} WARNING - Best trial: 33. Best value: 0.789939:  84%|########4 | 42/50 [00:26<00:06,  1.33it/s, 26.03/60 seconds]
[2025-12-05T03:03:51.901+0000] {logging_mixin.py:154} WARNING - Best trial: 33. Best value: 0.789939:  86%|########6 | 43/50 [00:26<00:04,  1.56it/s, 26.03/60 seconds]
[2025-12-05T03:03:51.901+0000] {logging_mixin.py:154} WARNING - Best trial: 33. Best value: 0.789939:  86%|########6 | 43/50 [00:26<00:04,  1.56it/s, 26.41/60 seconds]
[2025-12-05T03:03:52.252+0000] {logging_mixin.py:154} WARNING -                                                                                                        
[2025-12-05T03:03:52.252+0000] {logging_mixin.py:154} WARNING - 
