[2025-12-05T03:25:53.348+0000] {logging_mixin.py:154} INFO - [I 2025-12-05 03:25:53,348] Trial 49 finished with value: 0.7658610271903323 and parameters: {'max_depth': 4, 'learning_rate': 0.14088031421805272, 'subsample': 0.7361068231369357, 'colsample_bytree': 0.5438494477490365, 'min_child_weight': 4, 'gamma': 0.023629929215965795, 'n_estimators': 441}. Best is trial 43 with value: 0.7855029585798817.
[2025-12-05T03:25:53.348+0000] {logging_mixin.py:154} WARNING - Best trial: 43. Best value: 0.785503:  98%|#########8| 49/50 [00:17<00:00,  2.64it/s, 17.28/60 seconds]
[2025-12-05T03:25:53.349+0000] {logging_mixin.py:154} WARNING - Best trial: 43. Best value: 0.785503:  98%|#########8| 49/50 [00:17<00:00,  2.64it/s, 17.28/60 seconds]
[2025-12-05T03:25:53.349+0000] {logging_mixin.py:154} WARNING - Best trial: 43. Best value: 0.785503: 100%|##########| 50/50 [00:17<00:00,  2.54it/s, 17.28/60 seconds]
[2025-12-05T03:25:53.349+0000] {logging_mixin.py:154} WARNING - Best trial: 43. Best value: 0.785503: 100%|##########| 50/50 [00:17<00:00,  2.54it/s, 17.71/60 seconds]
[2025-12-05T03:25:53.349+0000] {logging_mixin.py:154} WARNING - Best trial: 43. Best value: 0.785503: 100%|##########| 50/50 [00:17<00:00,  2.82it/s, 17.71/60 seconds]
[2025-12-05T03:25:53.352+0000] {model_training.py:121} INFO - ✅ Optimización completada: 50 trials en 60s
[2025-12-05T03:25:53.352+0000] {model_training.py:122} INFO - ✅ Mejor F1-Score (validación): 0.7855
[2025-12-05T03:25:53.352+0000] {model_training.py:123} INFO - 📊 Mejores hiperparámetros encontrados:
[2025-12-05T03:25:53.352+0000] {model_training.py:125} INFO -    - max_depth: 5
[2025-12-05T03:25:53.352+0000] {model_training.py:125} INFO -    - learning_rate: 0.20701516918375593
[2025-12-05T03:25:53.353+0000] {model_training.py:125} INFO -    - subsample: 0.7878051129869056
[2025-12-05T03:25:53.353+0000] {model_training.py:125} INFO -    - colsample_bytree: 0.6285214565356776
[2025-12-05T03:25:53.353+0000] {model_training.py:125} INFO -    - min_child_weight: 2
[2025-12-05T03:25:53.353+0000] {model_training.py:125} INFO -    - gamma: 1.0669898209834063
[2025-12-05T03:25:53.353+0000] {model_training.py:125} INFO -    - n_estimators: 408
[2025-12-05T03:25:53.353+0000] {model_training.py:142} INFO - 📊 Generando gráficos de optimización de Optuna...
[2025-12-05T03:25:53.753+0000] {model_training.py:179} INFO -    ✓ Gráfico de importancia guardado: /opt/***/diagrams/hyperparameter_importance.png
[2025-12-05T03:25:53.940+0000] {model_training.py:239} INFO -    ✓ Gráfico de optimization history guardado: /opt/***/diagrams/optimization_history.png
[2025-12-05T03:25:53.940+0000] {model_training.py:253} INFO - ✅ Gráficos de Optuna generados exitosamente
[2025-12-05T03:25:53.944+0000] {model_training.py:506} INFO - 🎯 Entrenando modelo final con mejores hiperparámetros...
[2025-12-05T03:25:54.012+0000] {logging_mixin.py:154} INFO - [0]	validation_0-logloss:0.67794	validation_1-logloss:0.68211	validation_2-logloss:0.68088
[2025-12-05T03:25:54.016+0000] {logging_mixin.py:154} INFO - [1]	validation_0-logloss:0.64261	validation_1-logloss:0.65382	validation_2-logloss:0.64947
[2025-12-05T03:25:54.018+0000] {logging_mixin.py:154} INFO - [2]	validation_0-logloss:0.63818	validation_1-logloss:0.65049	validation_2-logloss:0.64623
[2025-12-05T03:25:54.019+0000] {logging_mixin.py:154} INFO - [3]	validation_0-logloss:0.61490	validation_1-logloss:0.63083	validation_2-logloss:0.62503
[2025-12-05T03:25:54.020+0000] {logging_mixin.py:154} INFO - [4]	validation_0-logloss:0.59854	validation_1-logloss:0.61875	validation_2-logloss:0.61146
[2025-12-05T03:25:54.021+0000] {logging_mixin.py:154} INFO - [5]	validation_0-logloss:0.58695	validation_1-logloss:0.60980	validation_2-logloss:0.60081
[2025-12-05T03:25:54.022+0000] {logging_mixin.py:154} INFO - [6]	validation_0-logloss:0.57789	validation_1-logloss:0.60236	validation_2-logloss:0.59346
[2025-12-05T03:25:54.023+0000] {logging_mixin.py:154} INFO - [7]	validation_0-logloss:0.55554	validation_1-logloss:0.58113	validation_2-logloss:0.57107
[2025-12-05T03:25:54.024+0000] {logging_mixin.py:154} INFO - [8]	validation_0-logloss:0.53556	validation_1-logloss:0.56155	validation_2-logloss:0.55248
[2025-12-05T03:25:54.025+0000] {logging_mixin.py:154} INFO - [9]	validation_0-logloss:0.52387	validation_1-logloss:0.55188	validation_2-logloss:0.54058
[2025-12-05T03:25:54.027+0000] {logging_mixin.py:154} INFO - [10]	validation_0-logloss:0.51860	validation_1-logloss:0.54923	validation_2-logloss:0.53807
[2025-12-05T03:25:54.028+0000] {logging_mixin.py:154} INFO - [11]	validation_0-logloss:0.51458	validation_1-logloss:0.54814	validation_2-logloss:0.53524
[2025-12-05T03:25:54.029+0000] {logging_mixin.py:154} INFO - [12]	validation_0-logloss:0.50530	validation_1-logloss:0.54182	validation_2-logloss:0.52857
[2025-12-05T03:25:54.030+0000] {logging_mixin.py:154} INFO - [13]	validation_0-logloss:0.50295	validation_1-logloss:0.54072	validation_2-logloss:0.52747
[2025-12-05T03:25:54.031+0000] {logging_mixin.py:154} INFO - [14]	validation_0-logloss:0.50041	validation_1-logloss:0.54013	validation_2-logloss:0.52788
[2025-12-05T03:25:54.032+0000] {logging_mixin.py:154} INFO - [15]	validation_0-logloss:0.49793	validation_1-logloss:0.53918	validation_2-logloss:0.52694
[2025-12-05T03:25:54.034+0000] {logging_mixin.py:154} INFO - [16]	validation_0-logloss:0.49645	validation_1-logloss:0.53917	validation_2-logloss:0.52610
[2025-12-05T03:25:54.034+0000] {logging_mixin.py:154} INFO - [17]	validation_0-logloss:0.48767	validation_1-logloss:0.53038	validation_2-logloss:0.51675
[2025-12-05T03:25:54.035+0000] {logging_mixin.py:154} INFO - [18]	validation_0-logloss:0.48452	validation_1-logloss:0.52925	validation_2-logloss:0.51515
[2025-12-05T03:25:54.036+0000] {logging_mixin.py:154} INFO - [19]	validation_0-logloss:0.48339	validation_1-logloss:0.52847	validation_2-logloss:0.51465
[2025-12-05T03:25:54.037+0000] {logging_mixin.py:154} INFO - [20]	validation_0-logloss:0.48107	validation_1-logloss:0.52710	validation_2-logloss:0.51346
[2025-12-05T03:25:54.040+0000] {logging_mixin.py:154} INFO - [21]	validation_0-logloss:0.47600	validation_1-logloss:0.52279	validation_2-logloss:0.50905
[2025-12-05T03:25:54.041+0000] {logging_mixin.py:154} INFO - [22]	validation_0-logloss:0.47520	validation_1-logloss:0.52255	validation_2-logloss:0.50829
[2025-12-05T03:25:54.042+0000] {logging_mixin.py:154} INFO - [23]	validation_0-logloss:0.47387	validation_1-logloss:0.52229	validation_2-logloss:0.50751
[2025-12-05T03:25:54.043+0000] {logging_mixin.py:154} INFO - [24]	validation_0-logloss:0.47226	validation_1-logloss:0.52153	validation_2-logloss:0.50760
[2025-12-05T03:25:54.044+0000] {logging_mixin.py:154} INFO - [25]	validation_0-logloss:0.46875	validation_1-logloss:0.51896	validation_2-logloss:0.50454
[2025-12-05T03:25:54.045+0000] {logging_mixin.py:154} INFO - [26]	validation_0-logloss:0.46791	validation_1-logloss:0.51862	validation_2-logloss:0.50405
[2025-12-05T03:25:54.047+0000] {logging_mixin.py:154} INFO - [27]	validation_0-logloss:0.46664	validation_1-logloss:0.51844	validation_2-logloss:0.50422
[2025-12-05T03:25:54.048+0000] {logging_mixin.py:154} INFO - [28]	validation_0-logloss:0.46481	validation_1-logloss:0.51842	validation_2-logloss:0.50404
[2025-12-05T03:25:54.048+0000] {logging_mixin.py:154} INFO - [29]	validation_0-logloss:0.46019	validation_1-logloss:0.51437	validation_2-logloss:0.50103
[2025-12-05T03:25:54.049+0000] {logging_mixin.py:154} INFO - [30]	validation_0-logloss:0.45740	validation_1-logloss:0.51324	validation_2-logloss:0.49994
[2025-12-05T03:25:54.050+0000] {logging_mixin.py:154} INFO - [31]	validation_0-logloss:0.45574	validation_1-logloss:0.51280	validation_2-logloss:0.50013
[2025-12-05T03:25:54.051+0000] {logging_mixin.py:154} INFO - [32]	validation_0-logloss:0.45409	validation_1-logloss:0.51213	validation_2-logloss:0.49969
[2025-12-05T03:25:54.053+0000] {logging_mixin.py:154} INFO - [33]	validation_0-logloss:0.45247	validation_1-logloss:0.51183	validation_2-logloss:0.50065
[2025-12-05T03:25:54.054+0000] {logging_mixin.py:154} INFO - [34]	validation_0-logloss:0.45162	validation_1-logloss:0.51160	validation_2-logloss:0.50026
[2025-12-05T03:25:54.054+0000] {logging_mixin.py:154} INFO - [35]	validation_0-logloss:0.44933	validation_1-logloss:0.51021	validation_2-logloss:0.49852
[2025-12-05T03:25:54.055+0000] {logging_mixin.py:154} INFO - [36]	validation_0-logloss:0.44933	validation_1-logloss:0.51021	validation_2-logloss:0.49851
[2025-12-05T03:25:54.056+0000] {logging_mixin.py:154} INFO - [37]	validation_0-logloss:0.44810	validation_1-logloss:0.51038	validation_2-logloss:0.49860
[2025-12-05T03:25:54.057+0000] {logging_mixin.py:154} INFO - [38]	validation_0-logloss:0.44651	validation_1-logloss:0.50978	validation_2-logloss:0.49896
[2025-12-05T03:25:54.058+0000] {logging_mixin.py:154} INFO - [39]	validation_0-logloss:0.44523	validation_1-logloss:0.51009	validation_2-logloss:0.49938
[2025-12-05T03:25:54.060+0000] {logging_mixin.py:154} INFO - [40]	validation_0-logloss:0.44167	validation_1-logloss:0.50734	validation_2-logloss:0.49606
[2025-12-05T03:25:54.061+0000] {logging_mixin.py:154} INFO - [41]	validation_0-logloss:0.44083	validation_1-logloss:0.50722	validation_2-logloss:0.49519
[2025-12-05T03:25:54.062+0000] {logging_mixin.py:154} INFO - [42]	validation_0-logloss:0.43876	validation_1-logloss:0.50728	validation_2-logloss:0.49422
[2025-12-05T03:25:54.063+0000] {logging_mixin.py:154} INFO - [43]	validation_0-logloss:0.43701	validation_1-logloss:0.50811	validation_2-logloss:0.49363
[2025-12-05T03:25:54.064+0000] {logging_mixin.py:154} INFO - [44]	validation_0-logloss:0.43337	validation_1-logloss:0.50395	validation_2-logloss:0.49085
[2025-12-05T03:25:54.065+0000] {logging_mixin.py:154} INFO - [45]	validation_0-logloss:0.43234	validation_1-logloss:0.50316	validation_2-logloss:0.49112
[2025-12-05T03:25:54.067+0000] {logging_mixin.py:154} INFO - [46]	validation_0-logloss:0.43201	validation_1-logloss:0.50295	validation_2-logloss:0.49143
[2025-12-05T03:25:54.067+0000] {logging_mixin.py:154} INFO - [47]	validation_0-logloss:0.43201	validation_1-logloss:0.50295	validation_2-logloss:0.49143
[2025-12-05T03:25:54.129+0000] {logging_mixin.py:154} INFO - [48]	validation_0-logloss:0.43201	validation_1-logloss:0.50296	validation_2-logloss:0.49144
[2025-12-05T03:25:54.130+0000] {logging_mixin.py:154} INFO - [49]	validation_0-logloss:0.43017	validation_1-logloss:0.50238	validation_2-logloss:0.49227
[2025-12-05T03:25:54.132+0000] {logging_mixin.py:154} INFO - [50]	validation_0-logloss:0.43017	validation_1-logloss:0.50237	validation_2-logloss:0.49225
[2025-12-05T03:25:54.133+0000] {logging_mixin.py:154} INFO - [51]	validation_0-logloss:0.42740	validation_1-logloss:0.50149	validation_2-logloss:0.49026
[2025-12-05T03:25:54.134+0000] {logging_mixin.py:154} INFO - [52]	validation_0-logloss:0.42658	validation_1-logloss:0.50210	validation_2-logloss:0.49122
[2025-12-05T03:25:54.134+0000] {logging_mixin.py:154} INFO - [53]	validation_0-logloss:0.42658	validation_1-logloss:0.50207	validation_2-logloss:0.49118
[2025-12-05T03:25:54.135+0000] {logging_mixin.py:154} INFO - [54]	validation_0-logloss:0.42565	validation_1-logloss:0.50214	validation_2-logloss:0.49159
[2025-12-05T03:25:54.136+0000] {logging_mixin.py:154} INFO - [55]	validation_0-logloss:0.42475	validation_1-logloss:0.50267	validation_2-logloss:0.49124
[2025-12-05T03:25:54.137+0000] {logging_mixin.py:154} INFO - [56]	validation_0-logloss:0.42245	validation_1-logloss:0.50025	validation_2-logloss:0.48998
[2025-12-05T03:25:54.139+0000] {logging_mixin.py:154} INFO - [57]	validation_0-logloss:0.42245	validation_1-logloss:0.50025	validation_2-logloss:0.48999
[2025-12-05T03:25:54.140+0000] {logging_mixin.py:154} INFO - [58]	validation_0-logloss:0.42022	validation_1-logloss:0.49846	validation_2-logloss:0.48863
[2025-12-05T03:25:54.141+0000] {logging_mixin.py:154} INFO - [59]	validation_0-logloss:0.41967	validation_1-logloss:0.49901	validation_2-logloss:0.48878
[2025-12-05T03:25:54.142+0000] {logging_mixin.py:154} INFO - [60]	validation_0-logloss:0.41967	validation_1-logloss:0.49900	validation_2-logloss:0.48876
[2025-12-05T03:25:54.142+0000] {logging_mixin.py:154} INFO - [61]	validation_0-logloss:0.41927	validation_1-logloss:0.49895	validation_2-logloss:0.48871
[2025-12-05T03:25:54.143+0000] {logging_mixin.py:154} INFO - [62]	validation_0-logloss:0.41615	validation_1-logloss:0.49824	validation_2-logloss:0.48734
[2025-12-05T03:25:54.145+0000] {logging_mixin.py:154} INFO - [63]	validation_0-logloss:0.41542	validation_1-logloss:0.49899	validation_2-logloss:0.48755
[2025-12-05T03:25:54.146+0000] {logging_mixin.py:154} INFO - [64]	validation_0-logloss:0.41429	validation_1-logloss:0.49713	validation_2-logloss:0.48581
[2025-12-05T03:25:54.146+0000] {logging_mixin.py:154} INFO - [65]	validation_0-logloss:0.41429	validation_1-logloss:0.49713	validation_2-logloss:0.48581
[2025-12-05T03:25:54.147+0000] {logging_mixin.py:154} INFO - [66]	validation_0-logloss:0.41429	validation_1-logloss:0.49713	validation_2-logloss:0.48582
[2025-12-05T03:25:54.148+0000] {logging_mixin.py:154} INFO - [67]	validation_0-logloss:0.41195	validation_1-logloss:0.49728	validation_2-logloss:0.48589
[2025-12-05T03:25:54.149+0000] {logging_mixin.py:154} INFO - [68]	validation_0-logloss:0.41189	validation_1-logloss:0.49730	validation_2-logloss:0.48576
[2025-12-05T03:25:54.149+0000] {logging_mixin.py:154} INFO - [69]	validation_0-logloss:0.41173	validation_1-logloss:0.49729	validation_2-logloss:0.48566
[2025-12-05T03:25:54.150+0000] {logging_mixin.py:154} INFO - [70]	validation_0-logloss:0.41079	validation_1-logloss:0.49785	validation_2-logloss:0.48545
[2025-12-05T03:25:54.152+0000] {logging_mixin.py:154} INFO - [71]	validation_0-logloss:0.41079	validation_1-logloss:0.49785	validation_2-logloss:0.48545
[2025-12-05T03:25:54.153+0000] {logging_mixin.py:154} INFO - [72]	validation_0-logloss:0.41021	validation_1-logloss:0.49810	validation_2-logloss:0.48642
[2025-12-05T03:25:54.154+0000] {logging_mixin.py:154} INFO - [73]	validation_0-logloss:0.40917	validation_1-logloss:0.49872	validation_2-logloss:0.48603
[2025-12-05T03:25:54.154+0000] {logging_mixin.py:154} INFO - [74]	validation_0-logloss:0.40918	validation_1-logloss:0.49878	validation_2-logloss:0.48611
[2025-12-05T03:25:54.155+0000] {logging_mixin.py:154} INFO - [75]	validation_0-logloss:0.40906	validation_1-logloss:0.49883	validation_2-logloss:0.48609
[2025-12-05T03:25:54.156+0000] {logging_mixin.py:154} INFO - [76]	validation_0-logloss:0.40749	validation_1-logloss:0.49740	validation_2-logloss:0.48643
[2025-12-05T03:25:54.157+0000] {logging_mixin.py:154} INFO - [77]	validation_0-logloss:0.40699	validation_1-logloss:0.49713	validation_2-logloss:0.48595
[2025-12-05T03:25:54.158+0000] {logging_mixin.py:154} INFO - [78]	validation_0-logloss:0.40699	validation_1-logloss:0.49713	validation_2-logloss:0.48595
[2025-12-05T03:25:54.159+0000] {logging_mixin.py:154} INFO - [79]	validation_0-logloss:0.40698	validation_1-logloss:0.49706	validation_2-logloss:0.48587
[2025-12-05T03:25:54.159+0000] {logging_mixin.py:154} INFO - [80]	validation_0-logloss:0.40698	validation_1-logloss:0.49709	validation_2-logloss:0.48591
[2025-12-05T03:25:54.160+0000] {logging_mixin.py:154} INFO - [81]	validation_0-logloss:0.40698	validation_1-logloss:0.49705	validation_2-logloss:0.48586
[2025-12-05T03:25:54.161+0000] {logging_mixin.py:154} INFO - [82]	validation_0-logloss:0.40694	validation_1-logloss:0.49725	validation_2-logloss:0.48608
[2025-12-05T03:25:54.162+0000] {logging_mixin.py:154} INFO - [83]	validation_0-logloss:0.40668	validation_1-logloss:0.49729	validation_2-logloss:0.48571
[2025-12-05T03:25:54.163+0000] {logging_mixin.py:154} INFO - [84]	validation_0-logloss:0.40653	validation_1-logloss:0.49728	validation_2-logloss:0.48577
[2025-12-05T03:25:54.163+0000] {logging_mixin.py:154} INFO - [85]	validation_0-logloss:0.40605	validation_1-logloss:0.49736	validation_2-logloss:0.48623
[2025-12-05T03:25:54.165+0000] {logging_mixin.py:154} INFO - [86]	validation_0-logloss:0.40605	validation_1-logloss:0.49734	validation_2-logloss:0.48620
[2025-12-05T03:25:54.166+0000] {logging_mixin.py:154} INFO - [87]	validation_0-logloss:0.40605	validation_1-logloss:0.49733	validation_2-logloss:0.48619
[2025-12-05T03:25:54.167+0000] {logging_mixin.py:154} INFO - [88]	validation_0-logloss:0.40605	validation_1-logloss:0.49738	validation_2-logloss:0.48624
[2025-12-05T03:25:54.168+0000] {logging_mixin.py:154} INFO - [89]	validation_0-logloss:0.40605	validation_1-logloss:0.49737	validation_2-logloss:0.48623
[2025-12-05T03:25:54.169+0000] {logging_mixin.py:154} INFO - [90]	validation_0-logloss:0.40605	validation_1-logloss:0.49738	validation_2-logloss:0.48624
[2025-12-05T03:25:54.169+0000] {logging_mixin.py:154} INFO - [91]	validation_0-logloss:0.40605	validation_1-logloss:0.49740	validation_2-logloss:0.48627
[2025-12-05T03:25:54.170+0000] {logging_mixin.py:154} INFO - [92]	validation_0-logloss:0.40569	validation_1-logloss:0.49692	validation_2-logloss:0.48595
[2025-12-05T03:25:54.171+0000] {logging_mixin.py:154} INFO - [93]	validation_0-logloss:0.40516	validation_1-logloss:0.49728	validation_2-logloss:0.48535
[2025-12-05T03:25:54.172+0000] {logging_mixin.py:154} INFO - [94]	validation_0-logloss:0.40516	validation_1-logloss:0.49731	validation_2-logloss:0.48538
[2025-12-05T03:25:54.173+0000] {logging_mixin.py:154} INFO - [95]	validation_0-logloss:0.40421	validation_1-logloss:0.49672	validation_2-logloss:0.48538
[2025-12-05T03:25:54.174+0000] {logging_mixin.py:154} INFO - [96]	validation_0-logloss:0.40421	validation_1-logloss:0.49672	validation_2-logloss:0.48538
[2025-12-05T03:25:54.174+0000] {logging_mixin.py:154} INFO - [97]	validation_0-logloss:0.40421	validation_1-logloss:0.49670	validation_2-logloss:0.48535
[2025-12-05T03:25:54.175+0000] {logging_mixin.py:154} INFO - [98]	validation_0-logloss:0.40421	validation_1-logloss:0.49672	validation_2-logloss:0.48538
[2025-12-05T03:25:54.176+0000] {logging_mixin.py:154} INFO - [99]	validation_0-logloss:0.40409	validation_1-logloss:0.49699	validation_2-logloss:0.48539
[2025-12-05T03:25:54.177+0000] {logging_mixin.py:154} INFO - [100]	validation_0-logloss:0.40343	validation_1-logloss:0.49638	validation_2-logloss:0.48518
[2025-12-05T03:25:54.178+0000] {logging_mixin.py:154} INFO - [101]	validation_0-logloss:0.40262	validation_1-logloss:0.49739	validation_2-logloss:0.48452
[2025-12-05T03:25:54.180+0000] {logging_mixin.py:154} INFO - [102]	validation_0-logloss:0.40186	validation_1-logloss:0.49804	validation_2-logloss:0.48400
[2025-12-05T03:25:54.181+0000] {logging_mixin.py:154} INFO - [103]	validation_0-logloss:0.40186	validation_1-logloss:0.49804	validation_2-logloss:0.48400
[2025-12-05T03:25:54.181+0000] {logging_mixin.py:154} INFO - [104]	validation_0-logloss:0.40187	validation_1-logloss:0.49799	validation_2-logloss:0.48394
[2025-12-05T03:25:54.182+0000] {logging_mixin.py:154} INFO - [105]	validation_0-logloss:0.40187	validation_1-logloss:0.49799	validation_2-logloss:0.48395
[2025-12-05T03:25:54.183+0000] {logging_mixin.py:154} INFO - [106]	validation_0-logloss:0.40170	validation_1-logloss:0.49818	validation_2-logloss:0.48433
[2025-12-05T03:25:54.184+0000] {logging_mixin.py:154} INFO - [107]	validation_0-logloss:0.40171	validation_1-logloss:0.49815	validation_2-logloss:0.48431
[2025-12-05T03:25:54.185+0000] {logging_mixin.py:154} INFO - [108]	validation_0-logloss:0.40107	validation_1-logloss:0.49816	validation_2-logloss:0.48391
[2025-12-05T03:25:54.186+0000] {logging_mixin.py:154} INFO - [109]	validation_0-logloss:0.40107	validation_1-logloss:0.49815	validation_2-logloss:0.48391
[2025-12-05T03:25:54.187+0000] {logging_mixin.py:154} INFO - [110]	validation_0-logloss:0.40038	validation_1-logloss:0.49791	validation_2-logloss:0.48463
[2025-12-05T03:25:54.188+0000] {logging_mixin.py:154} INFO - [111]	validation_0-logloss:0.39953	validation_1-logloss:0.49697	validation_2-logloss:0.48423
[2025-12-05T03:25:54.189+0000] {logging_mixin.py:154} INFO - [112]	validation_0-logloss:0.39813	validation_1-logloss:0.49735	validation_2-logloss:0.48602
[2025-12-05T03:25:54.189+0000] {logging_mixin.py:154} INFO - [113]	validation_0-logloss:0.39703	validation_1-logloss:0.49741	validation_2-logloss:0.48516
[2025-12-05T03:25:54.191+0000] {logging_mixin.py:154} INFO - [114]	validation_0-logloss:0.39544	validation_1-logloss:0.49618	validation_2-logloss:0.48374
[2025-12-05T03:25:54.192+0000] {logging_mixin.py:154} INFO - [115]	validation_0-logloss:0.39534	validation_1-logloss:0.49644	validation_2-logloss:0.48378
[2025-12-05T03:25:54.192+0000] {logging_mixin.py:154} INFO - [116]	validation_0-logloss:0.39533	validation_1-logloss:0.49647	validation_2-logloss:0.48380
[2025-12-05T03:25:54.193+0000] {logging_mixin.py:154} INFO - [117]	validation_0-logloss:0.39534	validation_1-logloss:0.49644	validation_2-logloss:0.48378
[2025-12-05T03:25:54.194+0000] {logging_mixin.py:154} INFO - [118]	validation_0-logloss:0.39525	validation_1-logloss:0.49610	validation_2-logloss:0.48320
[2025-12-05T03:25:54.195+0000] {logging_mixin.py:154} INFO - [119]	validation_0-logloss:0.39478	validation_1-logloss:0.49575	validation_2-logloss:0.48346
[2025-12-05T03:25:54.199+0000] {logging_mixin.py:154} INFO - [120]	validation_0-logloss:0.39454	validation_1-logloss:0.49464	validation_2-logloss:0.48314
[2025-12-05T03:25:54.200+0000] {logging_mixin.py:154} INFO - [121]	validation_0-logloss:0.39389	validation_1-logloss:0.49485	validation_2-logloss:0.48356
[2025-12-05T03:25:54.201+0000] {logging_mixin.py:154} INFO - [122]	validation_0-logloss:0.39271	validation_1-logloss:0.49408	validation_2-logloss:0.48392
[2025-12-05T03:25:54.201+0000] {logging_mixin.py:154} INFO - [123]	validation_0-logloss:0.39246	validation_1-logloss:0.49432	validation_2-logloss:0.48361
[2025-12-05T03:25:54.202+0000] {logging_mixin.py:154} INFO - [124]	validation_0-logloss:0.39209	validation_1-logloss:0.49491	validation_2-logloss:0.48399
[2025-12-05T03:2