[2025-12-05T03:25:51.027+0000] {logging_mixin.py:154} INFO - [I 2025-12-05 03:25:51,027] Trial 43 finished with value: 0.7855029585798817 and parameters: {'max_depth': 5, 'learning_rate': 0.20701516918375593, 'subsample': 0.7878051129869056, 'colsample_bytree': 0.6285214565356776, 'min_child_weight': 2, 'gamma': 1.0669898209834063, 'n_estimators': 408}. Best is trial 43 with value: 0.7855029585798817.
[2025-12-05T03:25:51.027+0000] {logging_mixin.py:154} WARNING - Best trial: 35. Best value: 0.777695:  86%|########6 | 43/50 [00:15<00:02,  2.70it/s, 15.08/60 seconds]
[2025-12-05T03:25:51.028+0000] {logging_mixin.py:154} WARNING - Best trial: 43. Best value: 0.785503:  86%|########6 | 43/50 [00:15<00:02,  2.70it/s, 15.08/60 seconds]
[2025-12-05T03:25:51.028+0000] {logging_mixin.py:154} WARNING - Best trial: 43. Best value: 0.785503:  88%|########8 | 44/50 [00:15<00:02,  2.85it/s, 15.08/60 seconds]
[2025-12-05T03:25:51.028+0000] {logging_mixin.py:154} WARNING - Best trial: 43. Best value: 0.785503:  88%|########8 | 44/50 [00:15<00:02,  2.85it/s, 15.39/60 seconds]
[2025-12-05T03:25:51.315+0000] {logging_mixin.py:154} WARNING -                                                                                                        
[2025-12-05T03:25:51.315+0000] {logging_mixin.py:154} WARNING - 
[2025-12-05T03:25:51.316+0000] {logging_mixin.py:154} INFO - [I 2025-12-05 03:25:51,315] Trial 44 finished with value: 0.7780252412769117 and parameters: {'max_depth': 3, 'learning_rate': 0.2133063499167637, 'subsample': 0.7788237812562935, 'colsample_bytree': 0.619217604967411, 'min_child_weight': 2, 'gamma': 0.3325842633054602, 'n_estimators': 386}. Best is trial 43 with value: 0.7855029585798817.
[2025-12-05T03:25:51.316+0000] {logging_mixin.py:154} WARNING - Best trial: 43. Best value: 0.785503:  88%|########8 | 44/50 [00:15<00:02,  2.85it/s, 15.39/60 seconds]
[2025-12-05T03:25:51.316+0000] {logging_mixin.py:154} WARNING - Best trial: 43. Best value: 0.785503:  88%|########8 | 44/50 [00:15<00:02,  2.85it/s, 15.39/60 seconds]
[2025-12-05T03:25:51.316+0000] {logging_mixin.py:154} WARNING - Best trial: 43. Best value: 0.785503:  90%|######### | 45/50 [00:15<00:01,  3.01it/s, 15.39/60 seconds]
[2025-12-05T03:25:51.316+0000] {logging_mixin.py:154} WARNING - Best trial: 43. Best value: 0.785503:  90%|######### | 45/50 [00:15<00:01,  3.01it/s, 15.68/60 seconds]
[2025-12-05T03:25:51.759+0000] {logging_mixin.py:154} WARNING -                                                                                                        
[2025-12-05T03:25:51.759+0000] {logging_mixin.py:154} WARNING - 
[2025-12-05T03:25:51.759+0000] {logging_mixin.py:154} INFO - [I 2025-12-05 03:25:51,759] Trial 45 finished with value: 0.7757847533632288 and parameters: {'max_depth': 3, 'learning_rate': 0.24667569335826964, 'subsample': 0.7671809766547332, 'colsample_bytree': 0.6176546489695387, 'min_child_weight': 3, 'gamma': 0.3468857513214274, 'n_estimators': 384}. Best is trial 43 with value: 0.7855029585798817.
[2025-12-05T03:25:51.759+0000] {logging_mixin.py:154} WARNING - Best trial: 43. Best value: 0.785503:  90%|######### | 45/50 [00:16<00:01,  3.01it/s, 15.68/60 seconds]
[2025-12-05T03:25:51.759+0000] {logging_mixin.py:154} WARNING - Best trial: 43. Best value: 0.785503:  90%|######### | 45/50 [00:16<00:01,  3.01it/s, 15.68/60 seconds]
[2025-12-05T03:25:51.760+0000] {logging_mixin.py:154} WARNING - Best trial: 43. Best value: 0.785503:  92%|#########2| 46/50 [00:16<00:01,  2.73it/s, 15.68/60 seconds]
[2025-12-05T03:25:51.760+0000] {logging_mixin.py:154} WARNING - Best trial: 43. Best value: 0.785503:  92%|#########2| 46/50 [00:16<00:01,  2.73it/s, 16.12/60 seconds]
[2025-12-05T03:25:52.157+0000] {logging_mixin.py:154} WARNING -                                                                                                        
[2025-12-05T03:25:52.157+0000] {logging_mixin.py:154} WARNING - 
[2025-12-05T03:25:52.157+0000] {logging_mixin.py:154} INFO - [I 2025-12-05 03:25:52,157] Trial 46 finished with value: 0.7772795216741405 and parameters: {'max_depth': 3, 'learning_rate': 0.1595034830519462, 'subsample': 0.7785731722730439, 'colsample_bytree': 0.6044698241467493, 'min_child_weight': 3, 'gamma': 0.37455349236423974, 'n_estimators': 392}. Best is trial 43 with value: 0.7855029585798817.
[2025-12-05T03:25:52.158+0000] {logging_mixin.py:154} WARNING - Best trial: 43. Best value: 0.785503:  92%|#########2| 46/50 [00:16<00:01,  2.73it/s, 16.12/60 seconds]
[2025-12-05T03:25:52.158+0000] {logging_mixin.py:154} WARNING - Best trial: 43. Best value: 0.785503:  92%|#########2| 46/50 [00:16<00:01,  2.73it/s, 16.12/60 seconds]
[2025-12-05T03:25:52.158+0000] {logging_mixin.py:154} WARNING - Best trial: 43. Best value: 0.785503:  94%|#########3| 47/50 [00:16<00:01,  2.66it/s, 16.12/60 seconds]
[2025-12-05T03:25:52.158+0000] {logging_mixin.py:154} WARNING - Best trial: 43. Best value: 0.785503:  94%|#########3| 47/50 [00:16<00:01,  2.66it/s, 16.52/60 seconds]
[2025-12-05T03:25:52.534+0000] {logging_mixin.py:154} WARNING -                                                                                                        
[2025-12-05T03:25:52.534+0000] {logging_mixin.py:154} WARNING - 
[2025-12-05T03:25:52.534+0000] {logging_mixin.py:154} INFO - [I 2025-12-05 03:25:52,533] Trial 47 finished with value: 0.7807807807807808 and parameters: {'max_depth': 3, 'learning_rate': 0.1530948756358891, 'subsample': 0.7594499375128961, 'colsample_bytree': 0.5902967045377179, 'min_child_weight': 4, 'gamma': 0.2313934031031703, 'n_estimators': 393}. Best is trial 43 with value: 0.7855029585798817.
[2025-12-05T03:25:52.534+0000] {logging_mixin.py:154} WARNING - Best trial: 43. Best value: 0.785503:  94%|#########3| 47/50 [00:16<00:01,  2.66it/s, 16.52/60 seconds]
[2025-12-05T03:25:52.534+0000] {logging_mixin.py:154} WARNING - Best trial: 43. Best value: 0.785503:  94%|#########3| 47/50 [00:16<00:01,  2.66it/s, 16.52/60 seconds]
[2025-12-05T03:25:52.534+0000] {logging_mixin.py:154} WARNING - Best trial: 43. Best value: 0.785503:  96%|#########6| 48/50 [00:16<00:00,  2.66it/s, 16.52/60 seconds]
[2025-12-05T03:25:52.535+0000] {logging_mixin.py:154} WARNING - Best trial: 43. Best value: 0.785503:  96%|#########6| 48/50 [00:16<00:00,  2.66it/s, 16.89/60 seconds]
[2025-12-05T03:25:52.919+0000] {logging_mixin.py:154} WARNING -                                                                                                        
[2025-12-05T03:25:52.920+0000] {logging_mixin.py:154} WARNING - 
[2025-12-05T03:25:52.920+0000] {logging_mixin.py:154} INFO - [I 2025-12-05 03:25:52,919] Trial 48 finished with value: 0.7816265060240963 and parameters: {'max_depth': 3, 'learning_rate': 0.15453319825766593, 'subsample': 0.7350719486904502, 'colsample_bytree': 0.5656983540970767, 'min_child_weight': 4, 'gamma': 0.14840459759890434, 'n_estimators': 433}. Best is trial 43 with value: 0.7855029585798817.
[2025-12-05T03:25:52.920+0000] {logging_mixin.py:154} WARNING - Best trial: 43. Best value: 0.785503:  96%|#########6| 48/50 [00:17<00:00,  2.66it/s, 16.89/60 seconds]
[2025-12-05T03:25:52.920+0000] {logging_mixin.py:154} WARNING - Best trial: 43. Best value: 0.785503:  96%|#########6| 48/50 [00:17<00:00,  2.66it/s, 16.89/60 seconds]
[2025-12-05T03:25:52.920+0000] {logging_mixin.py:154} WARNING - Best trial: 43. Best value: 0.785503:  98%|#########8| 49/50 [00:17<00:00,  2.64it/s, 16.89/60 seconds]
[2025-12-05T03:25:52.921+0000] {logging_mixin.py:154} WARNING - Best trial: 43. Best value: 0.785503:  98%|#########8| 49/50 [00:17<00:00,  2.64it/s, 17.28/60 seconds]
[2025-12-05T03:25:53.348+0000] {logging_mixin.py:154} WARNING -                                                                                                        
[2025-12-05T03:25:53.348+0000] {logging_mixin.py:154} WARNING - 
