[2025-12-05T03:25:44.875+0000] {logging_mixin.py:154} INFO - [I 2025-12-05 03:25:44,875] Trial 27 finished with value: 0.7565543071161048 and parameters: {'max_depth': 8, 'learning_rate': 0.05584226968768896, 'subsample': 0.7958561724249666, 'colsample_bytree': 0.7327549453790402, 'min_child_weight': 8, 'gamma': 1.700287760506405, 'n_estimators': 245}. Best is trial 21 with value: 0.775112443778111.
[2025-12-05T03:25:44.876+0000] {logging_mixin.py:154} WARNING - Best trial: 21. Best value: 0.775112:  54%|#####4    | 27/50 [00:09<00:04,  5.68it/s, 8.99/60 seconds]
[2025-12-05T03:25:44.876+0000] {logging_mixin.py:154} WARNING - Best trial: 21. Best value: 0.775112:  54%|#####4    | 27/50 [00:09<00:04,  5.68it/s, 8.99/60 seconds]
[2025-12-05T03:25:44.876+0000] {logging_mixin.py:154} WARNING - Best trial: 21. Best value: 0.775112:  56%|#####6    | 28/50 [00:09<00:04,  5.15it/s, 8.99/60 seconds]
[2025-12-05T03:25:44.876+0000] {logging_mixin.py:154} WARNING - Best trial: 21. Best value: 0.775112:  56%|#####6    | 28/50 [00:09<00:04,  5.15it/s, 9.24/60 seconds]
[2025-12-05T03:25:44.996+0000] {logging_mixin.py:154} WARNING -                                                                                                       
[2025-12-05T03:25:44.997+0000] {logging_mixin.py:154} WARNING - 
[2025-12-05T03:25:44.997+0000] {logging_mixin.py:154} INFO - [I 2025-12-05 03:25:44,996] Trial 28 finished with value: 0.7616191904047976 and parameters: {'max_depth': 6, 'learning_rate': 0.15259873901740825, 'subsample': 0.9567247948940838, 'colsample_bytree': 0.8060059388151658, 'min_child_weight': 1, 'gamma': 1.0996972381381327, 'n_estimators': 175}. Best is trial 21 with value: 0.775112443778111.
[2025-12-05T03:25:44.997+0000] {logging_mixin.py:154} WARNING - Best trial: 21. Best value: 0.775112:  56%|#####6    | 28/50 [00:09<00:04,  5.15it/s, 9.24/60 seconds]
[2025-12-05T03:25:44.997+0000] {logging_mixin.py:154} WARNING - Best trial: 21. Best value: 0.775112:  56%|#####6    | 28/50 [00:09<00:04,  5.15it/s, 9.24/60 seconds]
[2025-12-05T03:25:44.997+0000] {logging_mixin.py:154} WARNING - Best trial: 21. Best value: 0.775112:  58%|#####8    | 29/50 [00:09<00:03,  5.77it/s, 9.24/60 seconds]
[2025-12-05T03:25:44.997+0000] {logging_mixin.py:154} WARNING - Best trial: 21. Best value: 0.775112:  58%|#####8    | 29/50 [00:09<00:03,  5.77it/s, 9.36/60 seconds]
[2025-12-05T03:25:45.362+0000] {logging_mixin.py:154} WARNING -                                                                                                       
[2025-12-05T03:25:45.363+0000] {logging_mixin.py:154} WARNING - 
[2025-12-05T03:25:45.363+0000] {logging_mixin.py:154} INFO - [I 2025-12-05 03:25:45,362] Trial 29 finished with value: 0.7631184407796102 and parameters: {'max_depth': 11, 'learning_rate': 0.22200955634936023, 'subsample': 0.8949296863945252, 'colsample_bytree': 0.7909636467062917, 'min_child_weight': 3, 'gamma': 0.7722754866208693, 'n_estimators': 94}. Best is trial 21 with value: 0.775112443778111.
[2025-12-05T03:25:45.363+0000] {logging_mixin.py:154} WARNING - Best trial: 21. Best value: 0.775112:  58%|#####8    | 29/50 [00:09<00:03,  5.77it/s, 9.36/60 seconds]
[2025-12-05T03:25:45.363+0000] {logging_mixin.py:154} WARNING - Best trial: 21. Best value: 0.775112:  58%|#####8    | 29/50 [00:09<00:03,  5.77it/s, 9.36/60 seconds]
[2025-12-05T03:25:45.363+0000] {logging_mixin.py:154} WARNING - Best trial: 21. Best value: 0.775112:  60%|######    | 30/50 [00:09<00:04,  4.36it/s, 9.36/60 seconds]
[2025-12-05T03:25:45.364+0000] {logging_mixin.py:154} WARNING - Best trial: 21. Best value: 0.775112:  60%|######    | 30/50 [00:09<00:04,  4.36it/s, 9.72/60 seconds]
[2025-12-05T03:25:45.919+0000] {logging_mixin.py:154} WARNING -                                                                                                       
[2025-12-05T03:25:45.919+0000] {logging_mixin.py:154} WARNING - 
[2025-12-05T03:25:45.919+0000] {logging_mixin.py:154} INFO - [I 2025-12-05 03:25:45,919] Trial 30 finished with value: 0.7593014426727411 and parameters: {'max_depth': 15, 'learning_rate': 0.1196543461539515, 'subsample': 0.8657965393283376, 'colsample_bytree': 0.8284857004172582, 'min_child_weight': 5, 'gamma': 0.4757684153696279, 'n_estimators': 346}. Best is trial 21 with value: 0.775112443778111.
[2025-12-05T03:25:45.919+0000] {logging_mixin.py:154} WARNING - Best trial: 21. Best value: 0.775112:  60%|######    | 30/50 [00:10<00:04,  4.36it/s, 9.72/60 seconds]
[2025-12-05T03:25:45.920+0000] {logging_mixin.py:154} WARNING - Best trial: 21. Best value: 0.775112:  60%|######    | 30/50 [00:10<00:04,  4.36it/s, 9.72/60 seconds]
[2025-12-05T03:25:45.920+0000] {logging_mixin.py:154} WARNING - Best trial: 21. Best value: 0.775112:  62%|######2   | 31/50 [00:10<00:06,  3.08it/s, 9.72/60 seconds]
[2025-12-05T03:25:45.920+0000] {logging_mixin.py:154} WARNING - Best trial: 21. Best value: 0.775112:  62%|######2   | 31/50 [00:10<00:06,  3.08it/s, 10.28/60 seconds]
[2025-12-05T03:25:46.015+0000] {logging_mixin.py:154} WARNING -                                                                                                        
[2025-12-05T03:25:46.016+0000] {logging_mixin.py:154} WARNING - 
[2025-12-05T03:25:46.016+0000] {logging_mixin.py:154} INFO - [I 2025-12-05 03:25:46,015] Trial 31 finished with value: 0.762825278810409 and parameters: {'max_depth': 6, 'learning_rate': 0.10259362174214338, 'subsample': 0.9297593175946055, 'colsample_bytree': 0.7653278416823284, 'min_child_weight': 3, 'gamma': 1.2808417130228722, 'n_estimators': 132}. Best is trial 21 with value: 0.775112443778111.
[2025-12-05T03:25:46.016+0000] {logging_mixin.py:154} WARNING - Best trial: 21. Best value: 0.775112:  62%|######2   | 31/50 [00:10<00:06,  3.08it/s, 10.28/60 seconds]
[2025-12-05T03:25:46.016+0000] {logging_mixin.py:154} WARNING - Best trial: 21. Best value: 0.775112:  62%|######2   | 31/50 [00:10<00:06,  3.08it/s, 10.28/60 seconds]
[2025-12-05T03:25:46.016+0000] {logging_mixin.py:154} WARNING - Best trial: 21. Best value: 0.775112:  64%|######4   | 32/50 [00:10<00:05,  3.08it/s, 10.38/60 seconds]
[2025-12-05T03:25:46.099+0000] {logging_mixin.py:154} WARNING -                                                                                                        
[2025-12-05T03:25:46.099+0000] {logging_mixin.py:154} WARNING - 
[2025-12-05T03:25:46.099+0000] {logging_mixin.py:154} INFO - [I 2025-12-05 03:25:46,099] Trial 32 finished with value: 0.765191297824456 and parameters: {'max_depth': 6, 'learning_rate': 0.08299585056151648, 'subsample': 0.9516148970184556, 'colsample_bytree': 0.8644342366198471, 'min_child_weight': 2, 'gamma': 0.9169632068485178, 'n_estimators': 87}. Best is trial 21 with value: 0.775112443778111.
[2025-12-05T03:25:46.100+0000] {logging_mixin.py:154} WARNING - Best trial: 21. Best value: 0.775112:  64%|######4   | 32/50 [00:10<00:05,  3.08it/s, 10.38/60 seconds]
[2025-12-05T03:25:46.100+0000] {logging_mixin.py:154} WARNING - Best trial: 21. Best value: 0.775112:  64%|######4   | 32/50 [00:10<00:05,  3.08it/s, 10.38/60 seconds]
[2025-12-05T03:25:46.100+0000] {logging_mixin.py:154} WARNING - Best trial: 21. Best value: 0.775112:  66%|######6   | 33/50 [00:10<00:03,  4.59it/s, 10.38/60 seconds]
[2025-12-05T03:25:46.100+0000] {logging_mixin.py:154} WARNING - Best trial: 21. Best value: 0.775112:  66%|######6   | 33/50 [00:10<00:03,  4.59it/s, 10.46/60 seconds]
[2025-12-05T03:25:46.213+0000] {logging_mixin.py:154} WARNING -                                                                                                        
[2025-12-05T03:25:46.213+0000] {logging_mixin.py:154} WARNING - 
[2025-12-05T03:25:46.213+0000] {logging_mixin.py:154} INFO - [I 2025-12-05 03:25:46,213] Trial 33 finished with value: 0.7694610778443114 and parameters: {'max_depth': 8, 'learning_rate': 0.11261227970928614, 'subsample': 0.915782572878348, 'colsample_bytree': 0.7761239596811167, 'min_child_weight': 1, 'gamma': 1.390080882092942, 'n_estimators': 130}. Best is trial 21 with value: 0.775112443778111.
[2025-12-05T03:25:46.213+0000] {logging_mixin.py:154} WARNING - Best trial: 21. Best value: 0.775112:  66%|######6   | 33/50 [00:10<00:03,  4.59it/s, 10.46/60 seconds]
[2025-12-05T03:25:46.214+0000] {logging_mixin.py:154} WARNING - Best trial: 21. Best value: 0.775112:  66%|######6   | 33/50 [00:10<00:03,  4.59it/s, 10.46/60 seconds]
[2025-12-05T03:25:46.214+0000] {logging_mixin.py:154} WARNING - Best trial: 21. Best value: 0.775112:  68%|######8   | 34/50 [00:10<00:03,  5.20it/s, 10.46/60 seconds]
[2025-12-05T03:25:46.214+0000] {logging_mixin.py:154} WARNING - Best trial: 21. Best value: 0.775112:  68%|######8   | 34/50 [00:10<00:03,  5.20it/s, 10.57/60 seconds]
[2025-12-05T03:25:46.397+0000] {logging_mixin.py:154} WARNING -                                                                                                        
[2025-12-05T03:25:46.397+0000] {logging_mixin.py:154} WARNING - 
[2025-12-05T03:25:46.397+0000] {logging_mixin.py:154} INFO - [I 2025-12-05 03:25:46,396] Trial 34 finished with value: 0.7655430711610487 and parameters: {'max_depth': 8, 'learning_rate': 0.0794795600199904, 'subsample': 0.8766344223423645, 'colsample_bytree': 0.7358853506850181, 'min_child_weight': 1, 'gamma': 1.5019237195448731, 'n_estimators': 135}. Best is trial 21 with value: 0.775112443778111.
[2025-12-05T03:25:46.397+0000] {logging_mixin.py:154} WARNING - Best trial: 21. Best value: 0.775112:  68%|######8   | 34/50 [00:10<00:03,  5.20it/s, 10.57/60 seconds]
[2025-12-05T03:25:46.397+0000] {logging_mixin.py:154} WARNING - Best trial: 21. Best value: 0.775112:  68%|######8   | 34/50 [00:10<00:03,  5.20it/s, 10.57/60 seconds]
[2025-12-05T03:25:46.398+0000] {logging_mixin.py:154} WARNING - Best trial: 21. Best value: 0.775112:  70%|#######   | 35/50 [00:10<00:02,  5.26it/s, 10.57/60 seconds]
[2025-12-05T03:25:46.398+0000] {logging_mixin.py:154} WARNING - Best trial: 21. Best value: 0.775112:  70%|#######   | 35/50 [00:10<00:02,  5.26it/s, 10.76/60 seconds]
[2025-12-05T03:25:46.581+0000] {logging_mixin.py:154} WARNING -                                                                                                        
[2025-12-05T03:25:46.581+0000] {logging_mixin.py:154} WARNING - 
[2025-12-05T03:25:46.581+0000] {logging_mixin.py:154} INFO - [I 2025-12-05 03:25:46,581] Trial 35 finished with value: 0.7776951672862454 and parameters: {'max_depth': 9, 'learning_rate': 0.15323910350479245, 'subsample': 0.8404037845705216, 'colsample_bytree': 0.6986396182085532, 'min_child_weight': 2, 'gamma': 0.8547268362823294, 'n_estimators': 194}. Best is trial 35 with value: 0.7776951672862454.
[2025-12-05T03:25:46.581+0000] {logging_mixin.py:154} WARNING - Best trial: 21. Best value: 0.775112:  70%|#######   | 35/50 [00:10<00:02,  5.26it/s, 10.76/60 seconds]
[2025-12-05T03:25:46.582+0000] {logging_mixin.py:154} WARNING - Best trial: 35. Best value: 0.777695:  70%|#######   | 35/50 [00:10<00:02,  5.26it/s, 10.76/60 seconds]
[2025-12-05T03:25:46.582+0000] {logging_mixin.py:154} WARNING - Best trial: 35. Best value: 0.777695:  72%|#######2  | 36/50 [00:10<00:02,  5.30it/s, 10.76/60 seconds]
[2025-12-05T03:25:46.582+0000] {logging_mixin.py:154} WARNING - Best trial: 35. Best value: 0.777695:  72%|#######2  | 36/50 [00:10<00:02,  5.30it/s, 10.94/60 seconds]
[2025-12-05T03:25:48.898+0000] {logging_mixin.py:154} WARNING -                                                                                                        
[2025-12-05T03:25:48.898+0000] {logging_mixin.py:154} WARNING - 
[2025-12-05T03:25:48.898+0000] {logging_mixin.py:154} INFO - [I 2025-12-05 03:25:48,898] Trial 36 finished with value: 0.7575757575757575 and parameters: {'max_depth': 9, 'learning_rate': 0.18489019184379343, 'subsample': 0.8442508401830646, 'colsample_bytree': 0.7064681941343821, 'min_child_weight': 2, 'gamma': 0.3548947697592404, 'n_estimators': 190}. Best is trial 35 with value: 0.7776951672862454.
[2025-12-05T03:25:48.899+0000] {logging_mixin.py:154} WARNING - Best trial: 35. Best value: 0.777695:  72%|#######2  | 36/50 [00:13<00:02,  5.30it/s, 10.94/60 seconds]
[2025-12-05T03:25:48.899+0000] {logging_mixin.py:154} WARNING - Best trial: 35. Best value: 0.777695:  72%|#######2  | 36/50 [00:13<00:02,  5.30it/s, 10.94/60 seconds]
[2025-12-05T03:25:48.899+0000] {logging_mixin.py:154} WARNING - Best trial: 35. Best value: 0.777695:  74%|#######4  | 37/50 [00:13<00:10,  1.28it/s, 10.94/60 seconds]
[2025-12-05T03:25:48.899+0000] {logging_mixin.py:154} WARNING - Best trial: 35. Best value: 0.777695:  74%|#######4  | 37/50 [00:13<00:10,  1.28it/s, 13.26/60 seconds]
[2025-12-05T03:25:49.045+0000] {logging_mixin.py:154} WARNING -                                                                                                        
[2025-12-05T03:25:49.045+0000] {logging_mixin.py:154} WARNING - 
[2025-12-05T03:25:49.045+0000] {logging_mixin.py:154} INFO - [I 2025-12-05 03:25:49,045] Trial 37 finished with value: 0.7749627421758569 and parameters: {'max_depth': 7, 'learning_rate': 0.2394211094846464, 'subsample': 0.8234957385370493, 'colsample_bytree': 0.6962241227668929, 'min_child_weight': 1, 'gamma': 1.1269708278294703, 'n_estimators': 238}. Best is trial 35 with value: 0.7776951672862454.
[2025-12-05T03:25:49.046+0000] {logging_mixin.py:154} WARNING - Best trial: 35. Best value: 0.777695:  74%|#######4  | 37/50 [00:13<00:10,  1.28it/s, 13.26/60 seconds]
[2025-12-05T03:25:49.046+0000] {logging_mixin.py:154} WARNING - Best trial: 35. Best value: 0.777695:  74%|#######4  | 37/50 [00:13<00:10,  1.28it/s, 13.26/60 seconds]
[2025-12-05T03:25:49.046+0000] {logging_mixin.py:154} WARNING - Best trial: 35. Best value: 0.777695:  76%|#######6  | 38/50 [00:13<00:07,  1.66it/s, 13.26/60 seconds]
[2025-12-05T03:25:49.046+0000] {logging_mixin.py:154} WARNING - Best trial: 35. Best value: 0.777695:  76%|#######6  | 38/50 [00:13<00:07,  1.66it/s, 13.41/60 seconds]
[2025-12-05T03:25:49.502+0000] {logging_mixin.py:154} WARNING -                                                                                                        
[2025-12-05T03:25:49.502+0000] {logging_mixin.py:154} WARNING - 
[2025-12-05T03:25:49.502+0000] {logging_mixin.py:154} INFO - [I 2025-12-05 03:25:49,502] Trial 38 finished with value: 0.7558578987150416 and parameters: {'max_depth': 7, 'learning_rate': 0.2554280605726185, 'subsample': 0.7336345751708471, 'colsample_bytree': 0.6992922328652329, 'min_child_weight': 2, 'gamma': 0.7104523823195631, 'n_estimators': 242}. Best is trial 35 with value: 0.7776951672862454.
[2025-12-05T03:25:49.503+0000] {logging_mixin.py:154} WARNING - Best trial: 35. Best value: 0.777695:  76%|#######6  | 38/50 [00:13<00:07,  1.66it/s, 13.41/60 seconds]
[2025-12-05T03:25:49.503+0000] {logging_mixin.py:154} WARNING - Best trial: 35. Best value: 0.777695:  76%|#######6  | 38/50 [00:13<00:07,  1.66it/s, 13.41/60 seconds]
[2025-12-05T03:25:49.503+0000] {logging_mixin.py:154} WARNING - Best trial: 35. Best value: 0.777695:  78%|#######8  | 39/50 [00:13<00:06,  1.79it/s, 13.41/60 seconds]
[2025-12-05T03:25:49.503+0000] {logging_mixin.py:154} WARNING - Best trial: 35. Best value: 0.777695:  78%|#######8  | 39/50 [00:13<00:06,  1.79it/s, 13.86/60 seconds]
[2025-12-05T03:25:49.886+0000] {logging_mixin.py:154} WARNING -                                                                                                        
[2025-12-05T03:25:49.887+0000] {logging_mixin.py:154} WARNING - 
[2025-12-05T03:25:49.887+0000] {logging_mixin.py:154} INFO - [I 2025-12-05 03:25:49,886] Trial 39 finished with value: 0.7711738484398216 and parameters: {'max_depth': 5, 'learning_rate': 0.2966561246183198, 'subsample': 0.8109627011794927, 'colsample_bytree': 0.6487611707871773, 'min_child_weight': 1, 'gamma': 1.0208001800636606, 'n_estimators': 332}. Best is trial 35 with value: 0.7776951672862454.
[2025-12-05T03:25:49.887+0000] {logging_mixin.py:154} WARNING - Best trial: 35. Best value: 0.777695:  78%|#######8  | 39/50 [00:14<00:06,  1.79it/s, 13.86/60 seconds]
[2025-12-05T03:25:49.887+0000] {logging_mixin.py:154} WARNING - Best trial: 35. Best value: 0.777695:  78%|#######8  | 39/50 [00:14<00:06,  1.79it/s, 13.86/60 seconds]
[2025-12-05T03:25:49.888+0000] {logging_mixin.py:154} WARNING - Best trial: 35. Best value: 0.777695:  80%|########  | 40/50 [00:14<00:05,  1.97it/s, 13.86/60 seconds]
[2025-12-05T03:25:49.888+0000] {logging_mixin.py:154} WARNING - Best trial: 35. Best value: 0.777695:  80%|########  | 40/50 [00:14<00:05,  1.97it/s, 14.25/60 seconds]
[2025-12-05T03:25:50.153+0000] {logging_mixin.py:154} WARNING -                                                                                                        
[2025-12-05T03:25:50.153+0000] {logging_mixin.py:154} WARNING - 
[2025-12-05T03:25:50.153+0000] {logging_mixin.py:154} INFO - [I 2025-12-05 03:25:50,153] Trial 40 finished with value: 0.7640449438202248 and parameters: {'max_depth': 4, 'learning_rate': 0.24316696996529646, 'subsample': 0.8141469002325823, 'colsample_bytree': 0.6587332249345943, 'min_child_weight': 4, 'gamma': 0.2569836308559448, 'n_estimators': 359}. Best is trial 35 with value: 0.7776951672862454.
[2025-12-05T03:25:50.153+0000] {logging_mixin.py:154} WARNING - Best trial: 35. Best value: 0.777695:  80%|########  | 40/50 [00:14<00:05,  1.97it/s, 14.25/60 seconds]
[2025-12-05T03:25:50.154+0000] {logging_mixin.py:154} WARNING - Best trial: 35. Best value: 0.777695:  80%|########  | 40/50 [00:14<00:05,  1.97it/s, 14.25/60 seconds]
[2025-12-05T03:25:50.154+0000] {logging_mixin.py:154} WARNING - Best trial: 35. Best value: 0.777695:  82%|########2 | 41/50 [00:14<00:03,  2.29it/s, 14.25/60 seconds]
[2025-12-05T03:25:50.154+0000] {logging_mixin.py:154} WARNING - Best trial: 35. Best value: 0.777695:  82%|########2 | 41/50 [00:14<00:03,  2.29it/s, 14.51/60 seconds]
[2025-12-05T03:25:50.316+0000] {logging_mixin.py:154} WARNING -                                                                                                        
[2025-12-05T03:25:50.316+0000] {logging_mixin.py:154} WARNING - 
[2025-12-05T03:25:50.316+0000] {logging_mixin.py:154} INFO - [I 2025-12-05 03:25:50,315] Trial 41 finished with value: 0.7749627421758569 and parameters: {'max_depth': 5, 'learning_rate': 0.20739938588940834, 'subsample': 0.8558102873155138, 'colsample_bytree': 0.6640253143746593, 'min_child_weight': 1, 'gamma': 1.107115767118993, 'n_estimators': 305}. Best is trial 35 with value: 0.7776951672862454.
[2025-12-05T03:25:50.316+0000] {logging_mixin.py:154} WARNING - Best trial: 35. Best value: 0.777695:  82%|########2 | 41/50 [00:14<00:03,  2.29it/s, 14.51/60 seconds]
[2025-12-05T03:25:50.316+0000] {logging_mixin.py:154} WARNING - Best trial: 35. Best value: 0.777695:  82%|########2 | 41/50 [00:14<00:03,  2.29it/s, 14.51/60 seconds]
[2025-12-05T03:25:50.317+0000] {logging_mixin.py:154} WARNING - Best trial: 35. Best value: 0.777695:  84%|########4 | 42/50 [00:14<00:02,  2.81it/s, 14.51/60 seconds]
[2025-12-05T03:25:50.317+0000] {logging_mixin.py:154} WARNING - Best trial: 35. Best value: 0.777695:  84%|########4 | 42/50 [00:14<00:02,  2.81it/s, 14.68/60 seconds]
[2025-12-05T03:25:50.721+0000] {logging_mixin.py:154} WARNING -                                                                                                        
[2025-12-05T03:25:50.721+0000] {logging_mixin.py:154} WARNING - 
[2025-12-05T03:25:50.721+0000] {logging_mixin.py:154} INFO - [I 2025-12-05 03:25:50,721] Trial 42 finished with value: 0.7686510926902789 and parameters: {'max_depth': 5, 'learning_rate': 0.2879238507400402, 'subsample': 0.858886224609519, 'colsample_bytree': 0.6487320772169054, 'min_child_weight': 1, 'gamma': 0.7036705165585145, 'n_estimators': 310}. Best is trial 35 with value: 0.7776951672862454.
[2025-12-05T03:25:50.721+0000] {logging_mixin.py:154} WARNING - Best trial: 35. Best value: 0.777695:  84%|########4 | 42/50 [00:15<00:02,  2.81it/s, 14.68/60 seconds]
[2025-12-05T03:25:50.722+0000] {logging_mixin.py:154} WARNING - Best trial: 35. Best value: 0.777695:  84%|########4 | 42/50 [00:15<00:02,  2.81it/s, 14.68/60 seconds]
[2025-12-05T03:25:50.722+0000] {logging_mixin.py:154} WARNING - Best trial: 35. Best value: 0.777695:  86%|########6 | 43/50 [00:15<00:02,  2.70it/s, 14.68/60 seconds]
[2025-12-05T03:25:50.722+0000] {logging_mixin.py:154} WARNING - Best trial: 35. Best value: 0.777695:  86%|########6 | 43/50 [00:15<00:02,  2.70it/s, 15.08/60 seconds]
[2025-12-05T03:25:51.027+0000] {logging_mixin.py:154} WARNING -                                                                                                        
[2025-12-05T03:25:51.027+0000] {logging_mixin.py:154} WARNING - 
