[2025-12-05T03:25:41.861+0000] {logging_mixin.py:154} INFO - [I 2025-12-05 03:25:41,861] Trial 11 finished with value: 0.7550561797752808 and parameters: {'max_depth': 9, 'learning_rate': 0.1437195898802835, 'subsample': 0.9987827539727656, 'colsample_bytree': 0.9968676185612809, 'min_child_weight': 1, 'gamma': 0.12352312203068405, 'n_estimators': 62}. Best is trial 10 with value: 0.7659894657637322.
[2025-12-05T03:25:41.862+0000] {logging_mixin.py:154} WARNING - Best trial: 10. Best value: 0.765989:  22%|##2       | 11/50 [00:06<00:31,  1.24it/s, 6.11/60 seconds]
[2025-12-05T03:25:41.862+0000] {logging_mixin.py:154} WARNING - Best trial: 10. Best value: 0.765989:  22%|##2       | 11/50 [00:06<00:31,  1.24it/s, 6.11/60 seconds]
[2025-12-05T03:25:41.862+0000] {logging_mixin.py:154} WARNING - Best trial: 10. Best value: 0.765989:  24%|##4       | 12/50 [00:06<00:18,  2.09it/s, 6.11/60 seconds]
[2025-12-05T03:25:41.862+0000] {logging_mixin.py:154} WARNING - Best trial: 10. Best value: 0.765989:  24%|##4       | 12/50 [00:06<00:18,  2.09it/s, 6.22/60 seconds]
[2025-12-05T03:25:42.056+0000] {logging_mixin.py:154} WARNING -                                                                                                       
[2025-12-05T03:25:42.057+0000] {logging_mixin.py:154} WARNING - 
[2025-12-05T03:25:42.057+0000] {logging_mixin.py:154} INFO - [I 2025-12-05 03:25:42,056] Trial 12 finished with value: 0.762902019446522 and parameters: {'max_depth': 10, 'learning_rate': 0.13022805284850864, 'subsample': 0.9871721128052858, 'colsample_bytree': 0.9178085244924704, 'min_child_weight': 2, 'gamma': 0.01955562095026886, 'n_estimators': 77}. Best is trial 10 with value: 0.7659894657637322.
[2025-12-05T03:25:42.057+0000] {logging_mixin.py:154} WARNING - Best trial: 10. Best value: 0.765989:  24%|##4       | 12/50 [00:06<00:18,  2.09it/s, 6.22/60 seconds]
[2025-12-05T03:25:42.057+0000] {logging_mixin.py:154} WARNING - Best trial: 10. Best value: 0.765989:  24%|##4       | 12/50 [00:06<00:18,  2.09it/s, 6.22/60 seconds]
[2025-12-05T03:25:42.057+0000] {logging_mixin.py:154} WARNING - Best trial: 10. Best value: 0.765989:  26%|##6       | 13/50 [00:06<00:15,  2.45it/s, 6.22/60 seconds]
[2025-12-05T03:25:42.057+0000] {logging_mixin.py:154} WARNING - Best trial: 10. Best value: 0.765989:  26%|##6       | 13/50 [00:06<00:15,  2.45it/s, 6.42/60 seconds]
[2025-12-05T03:25:42.227+0000] {logging_mixin.py:154} WARNING -                                                                                                       
[2025-12-05T03:25:42.228+0000] {logging_mixin.py:154} WARNING - 
[2025-12-05T03:25:42.228+0000] {logging_mixin.py:154} INFO - [I 2025-12-05 03:25:42,227] Trial 13 finished with value: 0.762902019446522 and parameters: {'max_depth': 8, 'learning_rate': 0.2929136104303599, 'subsample': 0.9087748113565707, 'colsample_bytree': 0.8968773951820449, 'min_child_weight': 3, 'gamma': 1.6762755686604947, 'n_estimators': 152}. Best is trial 10 with value: 0.7659894657637322.
[2025-12-05T03:25:42.228+0000] {logging_mixin.py:154} WARNING - Best trial: 10. Best value: 0.765989:  26%|##6       | 13/50 [00:06<00:15,  2.45it/s, 6.42/60 seconds]
[2025-12-05T03:25:42.228+0000] {logging_mixin.py:154} WARNING - Best trial: 10. Best value: 0.765989:  26%|##6       | 13/50 [00:06<00:15,  2.45it/s, 6.42/60 seconds]
[2025-12-05T03:25:42.228+0000] {logging_mixin.py:154} WARNING - Best trial: 10. Best value: 0.765989:  28%|##8       | 14/50 [00:06<00:12,  2.89it/s, 6.42/60 seconds]
[2025-12-05T03:25:42.229+0000] {logging_mixin.py:154} WARNING - Best trial: 10. Best value: 0.765989:  28%|##8       | 14/50 [00:06<00:12,  2.89it/s, 6.59/60 seconds]
[2025-12-05T03:25:42.350+0000] {logging_mixin.py:154} WARNING -                                                                                                       
[2025-12-05T03:25:42.350+0000] {logging_mixin.py:154} WARNING - 
[2025-12-05T03:25:42.350+0000] {logging_mixin.py:154} INFO - [I 2025-12-05 03:25:42,350] Trial 14 finished with value: 0.7678437265214125 and parameters: {'max_depth': 12, 'learning_rate': 0.14088079975957407, 'subsample': 0.9358515504377549, 'colsample_bytree': 0.9042292950691871, 'min_child_weight': 7, 'gamma': 0.8181505339637749, 'n_estimators': 153}. Best is trial 14 with value: 0.7678437265214125.
[2025-12-05T03:25:42.350+0000] {logging_mixin.py:154} WARNING - Best trial: 10. Best value: 0.765989:  28%|##8       | 14/50 [00:06<00:12,  2.89it/s, 6.59/60 seconds]
[2025-12-05T03:25:42.350+0000] {logging_mixin.py:154} WARNING - Best trial: 14. Best value: 0.767844:  28%|##8       | 14/50 [00:06<00:12,  2.89it/s, 6.59/60 seconds]
[2025-12-05T03:25:42.351+0000] {logging_mixin.py:154} WARNING - Best trial: 14. Best value: 0.767844:  30%|###       | 15/50 [00:06<00:09,  3.51it/s, 6.59/60 seconds]
[2025-12-05T03:25:42.351+0000] {logging_mixin.py:154} WARNING - Best trial: 14. Best value: 0.767844:  30%|###       | 15/50 [00:06<00:09,  3.51it/s, 6.71/60 seconds]
[2025-12-05T03:25:42.791+0000] {logging_mixin.py:154} WARNING -                                                                                                       
[2025-12-05T03:25:42.791+0000] {logging_mixin.py:154} WARNING - 
[2025-12-05T03:25:42.791+0000] {logging_mixin.py:154} INFO - [I 2025-12-05 03:25:42,791] Trial 15 finished with value: 0.7516778523489933 and parameters: {'max_depth': 12, 'learning_rate': 0.06820500860025401, 'subsample': 0.9341108304509558, 'colsample_bytree': 0.9177568726719, 'min_child_weight': 7, 'gamma': 1.954721037811397, 'n_estimators': 171}. Best is trial 14 with value: 0.7678437265214125.
[2025-12-05T03:25:42.791+0000] {logging_mixin.py:154} WARNING - Best trial: 14. Best value: 0.767844:  30%|###       | 15/50 [00:07<00:09,  3.51it/s, 6.71/60 seconds]
[2025-12-05T03:25:42.792+0000] {logging_mixin.py:154} WARNING - Best trial: 14. Best value: 0.767844:  30%|###       | 15/50 [00:07<00:09,  3.51it/s, 6.71/60 seconds]
[2025-12-05T03:25:42.792+0000] {logging_mixin.py:154} WARNING - Best trial: 14. Best value: 0.767844:  32%|###2      | 16/50 [00:07<00:11,  3.04it/s, 6.71/60 seconds]
[2025-12-05T03:25:42.792+0000] {logging_mixin.py:154} WARNING - Best trial: 14. Best value: 0.767844:  32%|###2      | 16/50 [00:07<00:11,  3.04it/s, 7.15/60 seconds]
[2025-12-05T03:25:42.996+0000] {logging_mixin.py:154} WARNING -                                                                                                       
[2025-12-05T03:25:42.997+0000] {logging_mixin.py:154} WARNING - 
[2025-12-05T03:25:42.997+0000] {logging_mixin.py:154} INFO - [I 2025-12-05 03:25:42,996] Trial 16 finished with value: 0.7581009796533534 and parameters: {'max_depth': 15, 'learning_rate': 0.11392461047973464, 'subsample': 0.9497160190184845, 'colsample_bytree': 0.9954469938142169, 'min_child_weight': 7, 'gamma': 0.8626470879881051, 'n_estimators': 218}. Best is trial 14 with value: 0.7678437265214125.
[2025-12-05T03:25:42.997+0000] {logging_mixin.py:154} WARNING - Best trial: 14. Best value: 0.767844:  32%|###2      | 16/50 [00:07<00:11,  3.04it/s, 7.15/60 seconds]
[2025-12-05T03:25:42.997+0000] {logging_mixin.py:154} WARNING - Best trial: 14. Best value: 0.767844:  32%|###2      | 16/50 [00:07<00:11,  3.04it/s, 7.15/60 seconds]
[2025-12-05T03:25:42.998+0000] {logging_mixin.py:154} WARNING - Best trial: 14. Best value: 0.767844:  34%|###4      | 17/50 [00:07<00:09,  3.41it/s, 7.15/60 seconds]
[2025-12-05T03:25:42.998+0000] {logging_mixin.py:154} WARNING - Best trial: 14. Best value: 0.767844:  34%|###4      | 17/50 [00:07<00:09,  3.41it/s, 7.36/60 seconds]
[2025-12-05T03:25:43.190+0000] {logging_mixin.py:154} WARNING -                                                                                                       
[2025-12-05T03:25:43.190+0000] {logging_mixin.py:154} WARNING - 
[2025-12-05T03:25:43.190+0000] {logging_mixin.py:154} INFO - [I 2025-12-05 03:25:43,189] Trial 17 finished with value: 0.7616191904047976 and parameters: {'max_depth': 12, 'learning_rate': 0.04628187176468941, 'subsample': 0.8324501968124601, 'colsample_bytree': 0.8805304594988683, 'min_child_weight': 6, 'gamma': 0.02370059826544546, 'n_estimators': 114}. Best is trial 14 with value: 0.7678437265214125.
[2025-12-05T03:25:43.190+0000] {logging_mixin.py:154} WARNING - Best trial: 14. Best value: 0.767844:  34%|###4      | 17/50 [00:07<00:09,  3.41it/s, 7.36/60 seconds]
[2025-12-05T03:25:43.190+0000] {logging_mixin.py:154} WARNING - Best trial: 14. Best value: 0.767844:  34%|###4      | 17/50 [00:07<00:09,  3.41it/s, 7.36/60 seconds]
[2025-12-05T03:25:43.190+0000] {logging_mixin.py:154} WARNING - Best trial: 14. Best value: 0.767844:  36%|###6      | 18/50 [00:07<00:08,  3.78it/s, 7.36/60 seconds]
[2025-12-05T03:25:43.191+0000] {logging_mixin.py:154} WARNING - Best trial: 14. Best value: 0.767844:  36%|###6      | 18/50 [00:07<00:08,  3.78it/s, 7.55/60 seconds]
[2025-12-05T03:25:43.311+0000] {logging_mixin.py:154} WARNING -                                                                                                       
[2025-12-05T03:25:43.311+0000] {logging_mixin.py:154} WARNING - 
[2025-12-05T03:25:43.311+0000] {logging_mixin.py:154} INFO - [I 2025-12-05 03:25:43,311] Trial 18 finished with value: 0.7634730538922156 and parameters: {'max_depth': 11, 'learning_rate': 0.17178329359598116, 'subsample': 0.9410811696495807, 'colsample_bytree': 0.9438872354180711, 'min_child_weight': 6, 'gamma': 1.1240375422774536, 'n_estimators': 211}. Best is trial 14 with value: 0.7678437265214125.
[2025-12-05T03:25:43.311+0000] {logging_mixin.py:154} WARNING - Best trial: 14. Best value: 0.767844:  36%|###6      | 18/50 [00:07<00:08,  3.78it/s, 7.55/60 seconds]
[2025-12-05T03:25:43.312+0000] {logging_mixin.py:154} WARNING - Best trial: 14. Best value: 0.767844:  36%|###6      | 18/50 [00:07<00:08,  3.78it/s, 7.55/60 seconds]
[2025-12-05T03:25:43.312+0000] {logging_mixin.py:154} WARNING - Best trial: 14. Best value: 0.767844:  38%|###8      | 19/50 [00:07<00:06,  4.50it/s, 7.55/60 seconds]
[2025-12-05T03:25:43.312+0000] {logging_mixin.py:154} WARNING - Best trial: 14. Best value: 0.767844:  38%|###8      | 19/50 [00:07<00:06,  4.50it/s, 7.67/60 seconds]
[2025-12-05T03:25:43.521+0000] {logging_mixin.py:154} WARNING -                                                                                                       
[2025-12-05T03:25:43.521+0000] {logging_mixin.py:154} WARNING - 
[2025-12-05T03:25:43.521+0000] {logging_mixin.py:154} INFO - [I 2025-12-05 03:25:43,521] Trial 19 finished with value: 0.7591897974493622 and parameters: {'max_depth': 8, 'learning_rate': 0.17505937172174266, 'subsample': 0.9013599224058213, 'colsample_bytree': 0.951726283899732, 'min_child_weight': 7, 'gamma': 0.6259094104020158, 'n_estimators': 109}. Best is trial 14 with value: 0.7678437265214125.
[2025-12-05T03:25:43.521+0000] {logging_mixin.py:154} WARNING - Best trial: 14. Best value: 0.767844:  38%|###8      | 19/50 [00:07<00:06,  4.50it/s, 7.67/60 seconds]
[2025-12-05T03:25:43.522+0000] {logging_mixin.py:154} WARNING - Best trial: 14. Best value: 0.767844:  38%|###8      | 19/50 [00:07<00:06,  4.50it/s, 7.67/60 seconds]
[2025-12-05T03:25:43.522+0000] {logging_mixin.py:154} WARNING - Best trial: 14. Best value: 0.767844:  40%|####      | 20/50 [00:07<00:06,  4.57it/s, 7.67/60 seconds]
[2025-12-05T03:25:43.522+0000] {logging_mixin.py:154} WARNING - Best trial: 14. Best value: 0.767844:  40%|####      | 20/50 [00:07<00:06,  4.57it/s, 7.88/60 seconds]
[2025-12-05T03:25:43.758+0000] {logging_mixin.py:154} WARNING -                                                                                                       
[2025-12-05T03:25:43.759+0000] {logging_mixin.py:154} WARNING - 
[2025-12-05T03:25:43.759+0000] {logging_mixin.py:154} INFO - [I 2025-12-05 03:25:43,758] Trial 20 finished with value: 0.756152125279642 and parameters: {'max_depth': 13, 'learning_rate': 0.0980614682240005, 'subsample': 0.9991464041697049, 'colsample_bytree': 0.8644553893436897, 'min_child_weight': 4, 'gamma': 2.0137889405711684, 'n_estimators': 200}. Best is trial 14 with value: 0.7678437265214125.
[2025-12-05T03:25:43.759+0000] {logging_mixin.py:154} WARNING - Best trial: 14. Best value: 0.767844:  40%|####      | 20/50 [00:08<00:06,  4.57it/s, 7.88/60 seconds]
[2025-12-05T03:25:43.759+0000] {logging_mixin.py:154} WARNING - Best trial: 14. Best value: 0.767844:  40%|####      | 20/50 [00:08<00:06,  4.57it/s, 7.88/60 seconds]
[2025-12-05T03:25:43.759+0000] {logging_mixin.py:154} WARNING - Best trial: 14. Best value: 0.767844:  42%|####2     | 21/50 [00:08<00:06,  4.46it/s, 7.88/60 seconds]
[2025-12-05T03:25:43.759+0000] {logging_mixin.py:154} WARNING - Best trial: 14. Best value: 0.767844:  42%|####2     | 21/50 [00:08<00:06,  4.46it/s, 8.12/60 seconds]
[2025-12-05T03:25:43.859+0000] {logging_mixin.py:154} WARNING -                                                                                                       
[2025-12-05T03:25:43.859+0000] {logging_mixin.py:154} WARNING - 
[2025-12-05T03:25:43.859+0000] {logging_mixin.py:154} INFO - [I 2025-12-05 03:25:43,858] Trial 21 finished with value: 0.775112443778111 and parameters: {'max_depth': 7, 'learning_rate': 0.19882411190271673, 'subsample': 0.8658506748313085, 'colsample_bytree': 0.7950528466174889, 'min_child_weight': 2, 'gamma': 0.611278901488235, 'n_estimators': 54}. Best is trial 21 with value: 0.775112443778111.
[2025-12-05T03:25:43.859+0000] {logging_mixin.py:154} WARNING - Best trial: 14. Best value: 0.767844:  42%|####2     | 21/50 [00:08<00:06,  4.46it/s, 8.12/60 seconds]
[2025-12-05T03:25:43.860+0000] {logging_mixin.py:154} WARNING - Best trial: 21. Best value: 0.775112:  42%|####2     | 21/50 [00:08<00:06,  4.46it/s, 8.12/60 seconds]
[2025-12-05T03:25:43.860+0000] {logging_mixin.py:154} WARNING - Best trial: 21. Best value: 0.775112:  44%|####4     | 22/50 [00:08<00:05,  5.34it/s, 8.12/60 seconds]
[2025-12-05T03:25:43.860+0000] {logging_mixin.py:154} WARNING - Best trial: 21. Best value: 0.775112:  44%|####4     | 22/50 [00:08<00:05,  5.34it/s, 8.22/60 seconds]
[2025-12-05T03:25:43.955+0000] {logging_mixin.py:154} WARNING -                                                                                                       
[2025-12-05T03:25:43.956+0000] {logging_mixin.py:154} WARNING - 
[2025-12-05T03:25:43.956+0000] {logging_mixin.py:154} INFO - [I 2025-12-05 03:25:43,955] Trial 22 finished with value: 0.7606263982102909 and parameters: {'max_depth': 7, 'learning_rate': 0.17851076051150053, 'subsample': 0.8334080509230033, 'colsample_bytree': 0.8873210047315259, 'min_child_weight': 2, 'gamma': 0.4628267507451494, 'n_estimators': 57}. Best is trial 21 with value: 0.775112443778111.
[2025-12-05T03:25:43.956+0000] {logging_mixin.py:154} WARNING - Best trial: 21. Best value: 0.775112:  44%|####4     | 22/50 [00:08<00:05,  5.34it/s, 8.22/60 seconds]
[2025-12-05T03:25:43.956+0000] {logging_mixin.py:154} WARNING - Best trial: 21. Best value: 0.775112:  44%|####4     | 22/50 [00:08<00:05,  5.34it/s, 8.22/60 seconds]
[2025-12-05T03:25:43.956+0000] {logging_mixin.py:154} WARNING - Best trial: 21. Best value: 0.775112:  46%|####6     | 23/50 [00:08<00:05,  5.34it/s, 8.32/60 seconds]
[2025-12-05T03:25:44.048+0000] {logging_mixin.py:154} WARNING -                                                                                                       
[2025-12-05T03:25:44.049+0000] {logging_mixin.py:154} WARNING - 
[2025-12-05T03:25:44.049+0000] {logging_mixin.py:154} INFO - [I 2025-12-05 03:25:44,048] Trial 23 finished with value: 0.7702602230483271 and parameters: {'max_depth': 9, 'learning_rate': 0.09662880500310508, 'subsample': 0.9567174267416829, 'colsample_bytree': 0.8221844921666234, 'min_child_weight': 1, 'gamma': 1.0868124039247529, 'n_estimators': 113}. Best is trial 21 with value: 0.775112443778111.
[2025-12-05T03:25:44.049+0000] {logging_mixin.py:154} WARNING - Best trial: 21. Best value: 0.775112:  46%|####6     | 23/50 [00:08<00:05,  5.34it/s, 8.32/60 seconds]
[2025-12-05T03:25:44.049+0000] {logging_mixin.py:154} WARNING - Best trial: 21. Best value: 0.775112:  46%|####6     | 23/50 [00:08<00:05,  5.34it/s, 8.32/60 seconds]
[2025-12-05T03:25:44.049+0000] {logging_mixin.py:154} WARNING - Best trial: 21. Best value: 0.775112:  48%|####8     | 24/50 [00:08<00:03,  6.90it/s, 8.32/60 seconds]
[2025-12-05T03:25:44.050+0000] {logging_mixin.py:154} WARNING - Best trial: 21. Best value: 0.775112:  48%|####8     | 24/50 [00:08<00:03,  6.90it/s, 8.41/60 seconds]
[2025-12-05T03:25:44.262+0000] {logging_mixin.py:154} WARNING -                                                                                                       
[2025-12-05T03:25:44.262+0000] {logging_mixin.py:154} WARNING - 
[2025-12-05T03:25:44.262+0000] {logging_mixin.py:154} INFO - [I 2025-12-05 03:25:44,261] Trial 24 finished with value: 0.765191297824456 and parameters: {'max_depth': 11, 'learning_rate': 0.0917360050061796, 'subsample': 0.8972391974543255, 'colsample_bytree': 0.8086531682622942, 'min_child_weight': 3, 'gamma': 0.9717723389583448, 'n_estimators': 116}. Best is trial 21 with value: 0.775112443778111.
[2025-12-05T03:25:44.262+0000] {logging_mixin.py:154} WARNING - Best trial: 21. Best value: 0.775112:  48%|####8     | 24/50 [00:08<00:03,  6.90it/s, 8.41/60 seconds]
[2025-12-05T03:25:44.262+0000] {logging_mixin.py:154} WARNING - Best trial: 21. Best value: 0.775112:  48%|####8     | 24/50 [00:08<00:03,  6.90it/s, 8.41/60 seconds]
[2025-12-05T03:25:44.262+0000] {logging_mixin.py:154} WARNING - Best trial: 21. Best value: 0.775112:  50%|#####     | 25/50 [00:08<00:04,  6.18it/s, 8.41/60 seconds]
[2025-12-05T03:25:44.263+0000] {logging_mixin.py:154} WARNING - Best trial: 21. Best value: 0.775112:  50%|#####     | 25/50 [00:08<00:04,  6.18it/s, 8.62/60 seconds]
[2025-12-05T03:25:44.409+0000] {logging_mixin.py:154} WARNING -                                                                                                       
[2025-12-05T03:25:44.410+0000] {logging_mixin.py:154} WARNING - 
[2025-12-05T03:25:44.410+0000] {logging_mixin.py:154} INFO - [I 2025-12-05 03:25:44,409] Trial 25 finished with value: 0.7674074074074073 and parameters: {'max_depth': 6, 'learning_rate': 0.10712689700090712, 'subsample': 0.9393135032915165, 'colsample_bytree': 0.7727564520952537, 'min_child_weight': 3, 'gamma': 1.2488137579520953, 'n_estimators': 102}. Best is trial 21 with value: 0.775112443778111.
[2025-12-05T03:25:44.410+0000] {logging_mixin.py:154} WARNING - Best trial: 21. Best value: 0.775112:  50%|#####     | 25/50 [00:08<00:04,  6.18it/s, 8.62/60 seconds]
[2025-12-05T03:25:44.410+0000] {logging_mixin.py:154} WARNING - Best trial: 21. Best value: 0.775112:  50%|#####     | 25/50 [00:08<00:04,  6.18it/s, 8.62/60 seconds]
[2025-12-05T03:25:44.410+0000] {logging_mixin.py:154} WARNING - Best trial: 21. Best value: 0.775112:  52%|#####2    | 26/50 [00:08<00:03,  6.32it/s, 8.62/60 seconds]
[2025-12-05T03:25:44.411+0000] {logging_mixin.py:154} WARNING - Best trial: 21. Best value: 0.775112:  52%|#####2    | 26/50 [00:08<00:03,  6.32it/s, 8.77/60 seconds]
[2025-12-05T03:25:44.634+0000] {logging_mixin.py:154} WARNING -                                                                                                       
[2025-12-05T03:25:44.634+0000] {logging_mixin.py:154} WARNING - 
[2025-12-05T03:25:44.634+0000] {logging_mixin.py:154} INFO - [I 2025-12-05 03:25:44,634] Trial 26 finished with value: 0.7529940119760479 and parameters: {'max_depth': 10, 'learning_rate': 0.21475775332738095, 'subsample': 0.862194311909872, 'colsample_bytree': 0.8469288840301767, 'min_child_weight': 2, 'gamma': 0.5598063886894273, 'n_estimators': 158}. Best is trial 21 with value: 0.775112443778111.
[2025-12-05T03:25:44.634+0000] {logging_mixin.py:154} WARNING - Best trial: 21. Best value: 0.775112:  52%|#####2    | 26/50 [00:08<00:03,  6.32it/s, 8.77/60 seconds]
[2025-12-05T03:25:44.634+0000] {logging_mixin.py:154} WARNING - Best trial: 21. Best value: 0.775112:  52%|#####2    | 26/50 [00:08<00:03,  6.32it/s, 8.77/60 seconds]
[2025-12-05T03:25:44.635+0000] {logging_mixin.py:154} WARNING - Best trial: 21. Best value: 0.775112:  54%|#####4    | 27/50 [00:08<00:04,  5.68it/s, 8.77/60 seconds]
[2025-12-05T03:25:44.635+0000] {logging_mixin.py:154} WARNING - Best trial: 21. Best value: 0.775112:  54%|#####4    | 27/50 [00:08<00:04,  5.68it/s, 8.99/60 seconds]
[2025-12-05T03:25:44.875+0000] {logging_mixin.py:154} WARNING -                                                                                                       
[2025-12-05T03:25:44.875+0000] {logging_mixin.py:154} WARNING - 
