[2025-12-05T03:25:35.153+0000] {taskinstance.py:1159} INFO - Dependencies all met for dep_context=non-requeueable deps ti=<TaskInstance: sodai_drinks_production_pipeline.train_model manual__2025-12-05T03:25:21+00:00 [queued]>
[2025-12-05T03:25:35.159+0000] {taskinstance.py:1159} INFO - Dependencies all met for dep_context=requeueable deps ti=<TaskInstance: sodai_drinks_production_pipeline.train_model manual__2025-12-05T03:25:21+00:00 [queued]>
[2025-12-05T03:25:35.159+0000] {taskinstance.py:1361} INFO - Starting attempt 1 of 2
[2025-12-05T03:25:35.167+0000] {taskinstance.py:1382} INFO - Executing <Task(PythonOperator): train_model> on 2025-12-05 03:25:21+00:00
[2025-12-05T03:25:35.177+0000] {standard_task_runner.py:57} INFO - Started process 1808 to run task
[2025-12-05T03:25:35.180+0000] {standard_task_runner.py:84} INFO - Running: ['***', 'tasks', 'run', 'sodai_drinks_production_pipeline', 'train_model', 'manual__2025-12-05T03:25:21+00:00', '--job-id', '20', '--raw', '--subdir', 'DAGS_FOLDER/pipeline_productivo.py', '--cfg-path', '/tmp/tmp9v8vj_vt']
[2025-12-05T03:25:35.182+0000] {standard_task_runner.py:85} INFO - Job 20: Subtask train_model
[2025-12-05T03:25:35.217+0000] {task_command.py:416} INFO - Running <TaskInstance: sodai_drinks_production_pipeline.train_model manual__2025-12-05T03:25:21+00:00 [running]> on host d63631a18ada
[2025-12-05T03:25:35.274+0000] {taskinstance.py:1662} INFO - Exporting env vars: AIRFLOW_CTX_DAG_EMAIL='team@sodaidrinks.com' AIRFLOW_CTX_DAG_OWNER='sodai_drinks_team' AIRFLOW_CTX_DAG_ID='sodai_drinks_production_pipeline' AIRFLOW_CTX_TASK_ID='train_model' AIRFLOW_CTX_EXECUTION_DATE='2025-12-05T03:25:21+00:00' AIRFLOW_CTX_TRY_NUMBER='1' AIRFLOW_CTX_DAG_RUN_ID='manual__2025-12-05T03:25:21+00:00'
[2025-12-05T03:25:35.475+0000] {model_training.py:373} INFO - 🚀 Iniciando entrenamiento del modelo XGBoost...
[2025-12-05T03:25:35.510+0000] {model_training.py:395} INFO - 📊 Dataset cargado:
[2025-12-05T03:25:35.511+0000] {model_training.py:396} INFO -    - Features: 15
[2025-12-05T03:25:35.511+0000] {model_training.py:397} INFO -    - Registros: 6528
[2025-12-05T03:25:35.511+0000] {model_training.py:398} INFO -    - Distribución de clases - Clase 0: 3264, Clase 1: 3264
[2025-12-05T03:25:35.517+0000] {model_training.py:408} INFO - 📂 Splits creados:
[2025-12-05T03:25:35.517+0000] {model_training.py:409} INFO -    - Train: 3916 muestras
[2025-12-05T03:25:35.517+0000] {model_training.py:410} INFO -    - Validation: 1306 muestras
[2025-12-05T03:25:35.517+0000] {model_training.py:411} INFO -    - Test: 1306 muestras
[2025-12-05T03:25:35.534+0000] {model_training.py:426} INFO - 📊 MLflow Run: drift_evaluation_2025-W01_predict_20251205_032535
[2025-12-05T03:25:35.581+0000] {logging_mixin.py:154} WARNING - 2025/12/05 03:25:35 WARNING mlflow.utils.git_utils: Failed to import Git (the Git executable is probably not on your PATH), so Git SHA is not available. Error: Failed to initialize: Bad git executable.
The git executable must be specified in one of the following ways:
    - be included in your $PATH
    - be set via $GIT_PYTHON_GIT_EXECUTABLE
    - explicitly set via git.refresh(<full-path-to-git-executable>)

All git commands will error until this is rectified.

This initial message can be silenced or aggravated in the future by setting the
$GIT_PYTHON_REFRESH environment variable. Use one of the following values:
    - quiet|q|silence|s|silent|none|n|0: for no message or exception
    - warn|w|warning|log|l|1: for a warning message (logging level CRITICAL, displayed by default)
    - error|e|exception|raise|r|2: for a raised exception

Example:
    export GIT_PYTHON_REFRESH=quiet
[2025-12-05T03:25:35.592+0000] {model_training.py:435} INFO - 📊 Registrando datasets en MLflow...
[2025-12-05T03:25:35.611+0000] {logging_mixin.py:154} WARNING - /home/***/.local/lib/python3.10/site-packages/mlflow/data/dataset_source_registry.py:143 UserWarning: The specified dataset source can be interpreted in multiple ways: LocalArtifactDatasetSource, LocalArtifactDatasetSource. MLflow will assume that this is a LocalArtifactDatasetSource source.
[2025-12-05T03:25:35.621+0000] {logging_mixin.py:154} WARNING - /home/***/.local/lib/python3.10/site-packages/mlflow/data/pandas_dataset.py:134 UserWarning: Hint: Inferred schema contains integer column(s). Integer columns in Python cannot represent missing values. If your input data contains missing values at inference time, it will be encoded as floats and will cause a schema enforcement error. The best way to avoid this problem is to infer the model schema based on a realistic data sample (training dataset) that includes missing values. Alternatively, you can declare integer columns as doubles (float64) whenever these columns may have missing values. See `Handling Integers With Missing Values <https://www.mlflow.org/docs/latest/models.html#handling-integers-with-missing-values>`_ for more details.
[2025-12-05T03:25:35.624+0000] {logging_mixin.py:154} WARNING - /home/***/.local/lib/python3.10/site-packages/mlflow/data/dataset_source_registry.py:143 UserWarning: The specified dataset source can be interpreted in multiple ways: LocalArtifactDatasetSource, LocalArtifactDatasetSource. MLflow will assume that this is a LocalArtifactDatasetSource source.
[2025-12-05T03:25:35.629+0000] {logging_mixin.py:154} WARNING - /home/***/.local/lib/python3.10/site-packages/mlflow/data/pandas_dataset.py:134 UserWarning: Hint: Inferred schema contains integer column(s). Integer columns in Python cannot represent missing values. If your input data contains missing values at inference time, it will be encoded as floats and will cause a schema enforcement error. The best way to avoid this problem is to infer the model schema based on a realistic data sample (training dataset) that includes missing values. Alternatively, you can declare integer columns as doubles (float64) whenever these columns may have missing values. See `Handling Integers With Missing Values <https://www.mlflow.org/docs/latest/models.html#handling-integers-with-missing-values>`_ for more details.
[2025-12-05T03:25:35.632+0000] {logging_mixin.py:154} WARNING - /home/***/.local/lib/python3.10/site-packages/mlflow/data/dataset_source_registry.py:143 UserWarning: The specified dataset source can be interpreted in multiple ways: LocalArtifactDatasetSource, LocalArtifactDatasetSource. MLflow will assume that this is a LocalArtifactDatasetSource source.
[2025-12-05T03:25:35.636+0000] {logging_mixin.py:154} WARNING - /home/***/.local/lib/python3.10/site-packages/mlflow/data/pandas_dataset.py:134 UserWarning: Hint: Inferred schema contains integer column(s). Integer columns in Python cannot represent missing values. If your input data contains missing values at inference time, it will be encoded as floats and will cause a schema enforcement error. The best way to avoid this problem is to infer the model schema based on a realistic data sample (training dataset) that includes missing values. Alternatively, you can declare integer columns as doubles (float64) whenever these columns may have missing values. See `Handling Integers With Missing Values <https://www.mlflow.org/docs/latest/models.html#handling-integers-with-missing-values>`_ for more details.
[2025-12-05T03:25:35.638+0000] {model_training.py:489} INFO - ✅ Datasets registrados en MLflow
[2025-12-05T03:25:35.638+0000] {model_training.py:69} INFO - 🔍 Iniciando optimización de hiperparámetros (timeout: 60s = 1 min)...
[2025-12-05T03:25:35.639+0000] {logging_mixin.py:154} WARNING -   0%|          | 0/50 [00:00<?, ?it/s]
[2025-12-05T03:25:35.771+0000] {logging_mixin.py:154} WARNING -                                       
[2025-12-05T03:25:35.772+0000] {logging_mixin.py:154} WARNING - 
[2025-12-05T03:25:35.772+0000] {logging_mixin.py:154} INFO - [I 2025-12-05 03:25:35,771] Trial 0 finished with value: 0.7657657657657658 and parameters: {'max_depth': 7, 'learning_rate': 0.2536999076681772, 'subsample': 0.8659969709057025, 'colsample_bytree': 0.7993292420985183, 'min_child_weight': 2, 'gamma': 0.7799726016810132, 'n_estimators': 76}. Best is trial 0 with value: 0.7657657657657658.
[2025-12-05T03:25:35.772+0000] {logging_mixin.py:154} WARNING -   0%|          | 0/50 [00:00<?, ?it/s]
[2025-12-05T03:25:35.772+0000] {logging_mixin.py:154} WARNING - Best trial: 0. Best value: 0.765766:   0%|          | 0/50 [00:00<?, ?it/s]
[2025-12-05T03:25:35.772+0000] {logging_mixin.py:154} WARNING - Best trial: 0. Best value: 0.765766:   2%|2         | 1/50 [00:00<00:06,  7.54it/s]
[2025-12-05T03:25:35.772+0000] {logging_mixin.py:154} WARNING - Best trial: 0. Best value: 0.765766:   2%|2         | 1/50 [00:00<00:06,  7.54it/s, 0.13/60 seconds]
[2025-12-05T03:25:35.855+0000] {logging_mixin.py:154} WARNING -                                                                                                     
[2025-12-05T03:25:35.855+0000] {logging_mixin.py:154} WARNING - 
[2025-12-05T03:25:35.855+0000] {logging_mixin.py:154} INFO - [I 2025-12-05 03:25:35,854] Trial 1 finished with value: 0.7430293896006029 and parameters: {'max_depth': 14, 'learning_rate': 0.07725378389307355, 'subsample': 0.8540362888980227, 'colsample_bytree': 0.5102922471479012, 'min_child_weight': 10, 'gamma': 4.162213204002109, 'n_estimators': 145}. Best is trial 0 with value: 0.7657657657657658.
[2025-12-05T03:25:35.855+0000] {logging_mixin.py:154} WARNING - Best trial: 0. Best value: 0.765766:   2%|2         | 1/50 [00:00<00:06,  7.54it/s, 0.13/60 seconds]
[2025-12-05T03:25:35.855+0000] {logging_mixin.py:154} WARNING - Best trial: 0. Best value: 0.765766:   2%|2         | 1/50 [00:00<00:06,  7.54it/s, 0.13/60 seconds]
[2025-12-05T03:25:35.855+0000] {logging_mixin.py:154} WARNING - Best trial: 0. Best value: 0.765766:   4%|4         | 2/50 [00:00<00:06,  7.54it/s, 0.22/60 seconds]
[2025-12-05T03:25:36.253+0000] {logging_mixin.py:154} WARNING -                                                                                                     
[2025-12-05T03:25:36.253+0000] {logging_mixin.py:154} WARNING - 
[2025-12-05T03:25:36.253+0000] {logging_mixin.py:154} INFO - [I 2025-12-05 03:25:36,253] Trial 2 finished with value: 0.757002271006813 and parameters: {'max_depth': 5, 'learning_rate': 0.018659959624904916, 'subsample': 0.6521211214797689, 'colsample_bytree': 0.762378215816119, 'min_child_weight': 5, 'gamma': 1.4561457009902097, 'n_estimators': 325}. Best is trial 0 with value: 0.7657657657657658.
[2025-12-05T03:25:36.253+0000] {logging_mixin.py:154} WARNING - Best trial: 0. Best value: 0.765766:   4%|4         | 2/50 [00:00<00:06,  7.54it/s, 0.22/60 seconds]
[2025-12-05T03:25:36.254+0000] {logging_mixin.py:154} WARNING - Best trial: 0. Best value: 0.765766:   4%|4         | 2/50 [00:00<00:06,  7.54it/s, 0.22/60 seconds]
[2025-12-05T03:25:36.254+0000] {logging_mixin.py:154} WARNING - Best trial: 0. Best value: 0.765766:   6%|6         | 3/50 [00:00<00:09,  4.70it/s, 0.22/60 seconds]
[2025-12-05T03:25:36.254+0000] {logging_mixin.py:154} WARNING - Best trial: 0. Best value: 0.765766:   6%|6         | 3/50 [00:00<00:09,  4.70it/s, 0.61/60 seconds]
[2025-12-05T03:25:36.572+0000] {logging_mixin.py:154} WARNING -                                                                                                     
[2025-12-05T03:25:36.573+0000] {logging_mixin.py:154} WARNING - 
[2025-12-05T03:25:36.573+0000] {logging_mixin.py:154} INFO - [I 2025-12-05 03:25:36,572] Trial 3 finished with value: 0.7573253193087903 and parameters: {'max_depth': 4, 'learning_rate': 0.027010527749605478, 'subsample': 0.6831809216468459, 'colsample_bytree': 0.728034992108518, 'min_child_weight': 8, 'gamma': 0.9983689107917987, 'n_estimators': 281}. Best is trial 0 with value: 0.7657657657657658.
[2025-12-05T03:25:36.573+0000] {logging_mixin.py:154} WARNING - Best trial: 0. Best value: 0.765766:   6%|6         | 3/50 [00:00<00:09,  4.70it/s, 0.61/60 seconds]
[2025-12-05T03:25:36.573+0000] {logging_mixin.py:154} WARNING - Best trial: 0. Best value: 0.765766:   6%|6         | 3/50 [00:00<00:09,  4.70it/s, 0.61/60 seconds]
[2025-12-05T03:25:36.573+0000] {logging_mixin.py:154} WARNING - Best trial: 0. Best value: 0.765766:   8%|8         | 4/50 [00:00<00:11,  4.01it/s, 0.61/60 seconds]
[2025-12-05T03:25:36.573+0000] {logging_mixin.py:154} WARNING - Best trial: 0. Best value: 0.765766:   8%|8         | 4/50 [00:00<00:11,  4.01it/s, 0.93/60 seconds]
[2025-12-05T03:25:36.813+0000] {logging_mixin.py:154} WARNING -                                                                                                     
[2025-12-05T03:25:36.813+0000] {logging_mixin.py:154} WARNING - 
[2025-12-05T03:25:36.813+0000] {logging_mixin.py:154} INFO - [I 2025-12-05 03:25:36,813] Trial 4 finished with value: 0.7422524565381708 and parameters: {'max_depth': 10, 'learning_rate': 0.011711509955524094, 'subsample': 0.8037724259507192, 'colsample_bytree': 0.5852620618436457, 'min_child_weight': 1, 'gamma': 4.7444276862666666, 'n_estimators': 485}. Best is trial 0 with value: 0.7657657657657658.
[2025-12-05T03:25:36.813+0000] {logging_mixin.py:154} WARNING - Best trial: 0. Best value: 0.765766:   8%|8         | 4/50 [00:01<00:11,  4.01it/s, 0.93/60 seconds]
[2025-12-05T03:25:36.814+0000] {logging_mixin.py:154} WARNING - Best trial: 0. Best value: 0.765766:   8%|8         | 4/50 [00:01<00:11,  4.01it/s, 0.93/60 seconds]
[2025-12-05T03:25:36.814+0000] {logging_mixin.py:154} WARNING - Best trial: 0. Best value: 0.765766:  10%|#         | 5/50 [00:01<00:11,  4.06it/s, 0.93/60 seconds]
[2025-12-05T03:25:36.814+0000] {logging_mixin.py:154} WARNING - Best trial: 0. Best value: 0.765766:  10%|#         | 5/50 [00:01<00:11,  4.06it/s, 1.17/60 seconds]
[2025-12-05T03:25:39.170+0000] {logging_mixin.py:154} WARNING -                                                                                                     
[2025-12-05T03:25:39.171+0000] {logging_mixin.py:154} WARNING - 
[2025-12-05T03:25:39.171+0000] {logging_mixin.py:154} INFO - [I 2025-12-05 03:25:39,170] Trial 5 finished with value: 0.7648384673178061 and parameters: {'max_depth': 13, 'learning_rate': 0.028180680291847244, 'subsample': 0.5488360570031919, 'colsample_bytree': 0.8421165132560784, 'min_child_weight': 5, 'gamma': 0.6101911742238941, 'n_estimators': 273}. Best is trial 0 with value: 0.7657657657657658.
[2025-12-05T03:25:39.171+0000] {logging_mixin.py:154} WARNING - Best trial: 0. Best value: 0.765766:  10%|#         | 5/50 [00:03<00:11,  4.06it/s, 1.17/60 seconds]
[2025-12-05T03:25:39.172+0000] {logging_mixin.py:154} WARNING - Best trial: 0. Best value: 0.765766:  10%|#         | 5/50 [00:03<00:11,  4.06it/s, 1.17/60 seconds]
[2025-12-05T03:25:39.172+0000] {logging_mixin.py:154} WARNING - Best trial: 0. Best value: 0.765766:  12%|#2        | 6/50 [00:03<00:40,  1.08it/s, 1.17/60 seconds]
[2025-12-05T03:25:39.172+0000] {logging_mixin.py:154} WARNING - Best trial: 0. Best value: 0.765766:  12%|#2        | 6/50 [00:03<00:40,  1.08it/s, 3.53/60 seconds]
[2025-12-05T03:25:39.405+0000] {logging_mixin.py:154} WARNING -                                                                                                     
[2025-12-05T03:25:39.405+0000] {logging_mixin.py:154} WARNING - 
[2025-12-05T03:25:39.405+0000] {logging_mixin.py:154} INFO - [I 2025-12-05 03:25:39,404] Trial 6 finished with value: 0.7641296156744537 and parameters: {'max_depth': 3, 'learning_rate': 0.22038218939289875, 'subsample': 0.6293899908000085, 'colsample_bytree': 0.831261142176991, 'min_child_weight': 4, 'gamma': 2.600340105889054, 'n_estimators': 296}. Best is trial 0 with value: 0.7657657657657658.
[2025-12-05T03:25:39.405+0000] {logging_mixin.py:154} WARNING - Best trial: 0. Best value: 0.765766:  12%|#2        | 6/50 [00:03<00:40,  1.08it/s, 3.53/60 seconds]
[2025-12-05T03:25:39.406+0000] {logging_mixin.py:154} WARNING - Best trial: 0. Best value: 0.765766:  12%|#2        | 6/50 [00:03<00:40,  1.08it/s, 3.53/60 seconds]
[2025-12-05T03:25:39.406+0000] {logging_mixin.py:154} WARNING - Best trial: 0. Best value: 0.765766:  14%|#4        | 7/50 [00:03<00:30,  1.41it/s, 3.53/60 seconds]
[2025-12-05T03:25:39.406+0000] {logging_mixin.py:154} WARNING - Best trial: 0. Best value: 0.765766:  14%|#4        | 7/50 [00:03<00:30,  1.41it/s, 3.77/60 seconds]
[2025-12-05T03:25:39.689+0000] {logging_mixin.py:154} WARNING -                                                                                                     
[2025-12-05T03:25:39.689+0000] {logging_mixin.py:154} WARNING - 
[2025-12-05T03:25:39.689+0000] {logging_mixin.py:154} INFO - [I 2025-12-05 03:25:39,689] Trial 7 finished with value: 0.7451274362818591 and parameters: {'max_depth': 5, 'learning_rate': 0.27051668818999286, 'subsample': 0.8875664116805573, 'colsample_bytree': 0.9697494707820946, 'min_child_weight': 9, 'gamma': 2.9894998940554256, 'n_estimators': 465}. Best is trial 0 with value: 0.7657657657657658.
[2025-12-05T03:25:39.690+0000] {logging_mixin.py:154} WARNING - Best trial: 0. Best value: 0.765766:  14%|#4        | 7/50 [00:04<00:30,  1.41it/s, 3.77/60 seconds]
[2025-12-05T03:25:39.690+0000] {logging_mixin.py:154} WARNING - Best trial: 0. Best value: 0.765766:  14%|#4        | 7/50 [00:04<00:30,  1.41it/s, 3.77/60 seconds]
[2025-12-05T03:25:39.690+0000] {logging_mixin.py:154} WARNING - Best trial: 0. Best value: 0.765766:  16%|#6        | 8/50 [00:04<00:24,  1.74it/s, 3.77/60 seconds]
[2025-12-05T03:25:39.690+0000] {logging_mixin.py:154} WARNING - Best trial: 0. Best value: 0.765766:  16%|#6        | 8/50 [00:04<00:24,  1.74it/s, 4.05/60 seconds]
[2025-12-05T03:25:40.472+0000] {logging_mixin.py:154} WARNING -                                                                                                     
[2025-12-05T03:25:40.472+0000] {logging_mixin.py:154} WARNING - 
[2025-12-05T03:25:40.472+0000] {logging_mixin.py:154} INFO - [I 2025-12-05 03:25:40,472] Trial 8 finished with value: 0.7597597597597596 and parameters: {'max_depth': 4, 'learning_rate': 0.01947558230629543, 'subsample': 0.522613644455269, 'colsample_bytree': 0.6626651653816322, 'min_child_weight': 4, 'gamma': 1.3567451588694794, 'n_estimators': 423}. Best is trial 0 with value: 0.7657657657657658.
[2025-12-05T03:25:40.472+0000] {logging_mixin.py:154} WARNING - Best trial: 0. Best value: 0.765766:  16%|#6        | 8/50 [00:04<00:24,  1.74it/s, 4.05/60 seconds]
[2025-12-05T03:25:40.473+0000] {logging_mixin.py:154} WARNING - Best trial: 0. Best value: 0.765766:  16%|#6        | 8/50 [00:04<00:24,  1.74it/s, 4.05/60 seconds]
[2025-12-05T03:25:40.473+0000] {logging_mixin.py:154} WARNING - Best trial: 0. Best value: 0.765766:  18%|#8        | 9/50 [00:04<00:26,  1.56it/s, 4.05/60 seconds]
[2025-12-05T03:25:40.473+0000] {logging_mixin.py:154} WARNING - Best trial: 0. Best value: 0.765766:  18%|#8        | 9/50 [00:04<00:26,  1.56it/s, 4.83/60 seconds]
[2025-12-05T03:25:41.657+0000] {logging_mixin.py:154} WARNING -                                                                                                     
[2025-12-05T03:25:41.658+0000] {logging_mixin.py:154} WARNING - 
[2025-12-05T03:25:41.658+0000] {logging_mixin.py:154} INFO - [I 2025-12-05 03:25:41,657] Trial 9 finished with value: 0.764928193499622 and parameters: {'max_depth': 7, 'learning_rate': 0.026000059117302653, 'subsample': 0.7713480415791243, 'colsample_bytree': 0.5704621124873813, 'min_child_weight': 9, 'gamma': 0.3727532183988541, 'n_estimators': 495}. Best is trial 0 with value: 0.7657657657657658.
[2025-12-05T03:25:41.658+0000] {logging_mixin.py:154} WARNING - Best trial: 0. Best value: 0.765766:  18%|#8        | 9/50 [00:06<00:26,  1.56it/s, 4.83/60 seconds]
[2025-12-05T03:25:41.659+0000] {logging_mixin.py:154} WARNING - Best trial: 0. Best value: 0.765766:  18%|#8        | 9/50 [00:06<00:26,  1.56it/s, 4.83/60 seconds]
[2025-12-05T03:25:41.659+0000] {logging_mixin.py:154} WARNING - Best trial: 0. Best value: 0.765766:  20%|##        | 10/50 [00:06<00:32,  1.24it/s, 4.83/60 seconds]
[2025-12-05T03:25:41.659+0000] {logging_mixin.py:154} WARNING - Best trial: 0. Best value: 0.765766:  20%|##        | 10/50 [00:06<00:32,  1.24it/s, 6.02/60 seconds]
[2025-12-05T03:25:41.753+0000] {logging_mixin.py:154} WARNING -                                                                                                      
[2025-12-05T03:25:41.753+0000] {logging_mixin.py:154} WARNING - 
[2025-12-05T03:25:41.754+0000] {logging_mixin.py:154} INFO - [I 2025-12-05 03:25:41,753] Trial 10 finished with value: 0.7659894657637322 and parameters: {'max_depth': 9, 'learning_rate': 0.13402293085826736, 'subsample': 0.9847685553939328, 'colsample_bytree': 0.9661451709558936, 'min_child_weight': 1, 'gamma': 0.19362599980591444, 'n_estimators': 56}. Best is trial 10 with value: 0.7659894657637322.
[2025-12-05T03:25:41.754+0000] {logging_mixin.py:154} WARNING - Best trial: 0. Best value: 0.765766:  20%|##        | 10/50 [00:06<00:32,  1.24it/s, 6.02/60 seconds]
[2025-12-05T03:25:41.754+0000] {logging_mixin.py:154} WARNING - Best trial: 10. Best value: 0.765989:  20%|##        | 10/50 [00:06<00:32,  1.24it/s, 6.02/60 seconds]
[2025-12-05T03:25:41.754+0000] {logging_mixin.py:154} WARNING - Best trial: 10. Best value: 0.765989:  22%|##2       | 11/50 [00:06<00:31,  1.24it/s, 6.11/60 seconds]
[2025-12-05T03:25:41.861+0000] {logging_mixin.py:154} WARNING -                                                                                                       
[2025-12-05T03:25:41.861+0000] {logging_mixin.py:154} WARNING - 
