[2025-11-18T00:44:53.876+0000] {logging_mixin.py:154} INFO - [I 2025-11-18 00:44:53,875] Trial 18 finished with value: 0.801010739102969 and parameters: {'max_depth': 15, 'learning_rate': 0.018325226220449863, 'subsample': 0.920268595864156, 'colsample_bytree': 0.5658026415888999, 'min_child_weight': 9, 'gamma': 2.0592202798349284, 'n_estimators': 211}. Best is trial 16 with value: 0.8038216560509555.
[2025-11-18T00:44:53.877+0000] {logging_mixin.py:154} WARNING - Best trial: 16. Best value: 0.803822:  36%|###6      | 18/50 [00:12<00:35,  1.10s/it]
[2025-11-18T00:44:53.877+0000] {logging_mixin.py:154} WARNING - Best trial: 16. Best value: 0.803822:  36%|###6      | 18/50 [00:12<00:35,  1.10s/it]
[2025-11-18T00:44:53.878+0000] {logging_mixin.py:154} WARNING - Best trial: 16. Best value: 0.803822:  38%|###8      | 19/50 [00:12<00:31,  1.00s/it]
[2025-11-18T00:44:54.316+0000] {logging_mixin.py:154} WARNING -                                                                                      
[2025-11-18T00:44:54.316+0000] {logging_mixin.py:154} WARNING - 
[2025-11-18T00:44:54.316+0000] {logging_mixin.py:154} INFO - [I 2025-11-18 00:44:54,316] Trial 19 finished with value: 0.7984742530197074 and parameters: {'max_depth': 7, 'learning_rate': 0.0793423791839793, 'subsample': 0.7457265639467195, 'colsample_bytree': 0.6371401945264097, 'min_child_weight': 10, 'gamma': 1.1505322625282899, 'n_estimators': 439}. Best is trial 16 with value: 0.8038216560509555.
[2025-11-18T00:44:54.317+0000] {logging_mixin.py:154} WARNING - Best trial: 16. Best value: 0.803822:  38%|###8      | 19/50 [00:12<00:31,  1.00s/it]
[2025-11-18T00:44:54.317+0000] {logging_mixin.py:154} WARNING - Best trial: 16. Best value: 0.803822:  38%|###8      | 19/50 [00:12<00:31,  1.00s/it]
[2025-11-18T00:44:54.317+0000] {logging_mixin.py:154} WARNING - Best trial: 16. Best value: 0.803822:  40%|####      | 20/50 [00:12<00:25,  1.18it/s]
[2025-11-18T00:44:55.066+0000] {logging_mixin.py:154} WARNING -                                                                                      
[2025-11-18T00:44:55.067+0000] {logging_mixin.py:154} WARNING - 
[2025-11-18T00:44:55.067+0000] {logging_mixin.py:154} INFO - [I 2025-11-18 00:44:55,066] Trial 20 finished with value: 0.7873303167420814 and parameters: {'max_depth': 12, 'learning_rate': 0.0358949844934207, 'subsample': 0.8200300495029408, 'colsample_bytree': 0.6994307568140108, 'min_child_weight': 6, 'gamma': 0.4883783734495456, 'n_estimators': 490}. Best is trial 16 with value: 0.8038216560509555.
[2025-11-18T00:44:55.067+0000] {logging_mixin.py:154} WARNING - Best trial: 16. Best value: 0.803822:  40%|####      | 20/50 [00:13<00:25,  1.18it/s]
[2025-11-18T00:44:55.067+0000] {logging_mixin.py:154} WARNING - Best trial: 16. Best value: 0.803822:  40%|####      | 20/50 [00:13<00:25,  1.18it/s]
[2025-11-18T00:44:55.067+0000] {logging_mixin.py:154} WARNING - Best trial: 16. Best value: 0.803822:  42%|####2     | 21/50 [00:13<00:23,  1.22it/s]
[2025-11-18T00:44:55.513+0000] {logging_mixin.py:154} WARNING -                                                                                      
[2025-11-18T00:44:55.513+0000] {logging_mixin.py:154} WARNING - 
[2025-11-18T00:44:55.514+0000] {logging_mixin.py:154} INFO - [I 2025-11-18 00:44:55,513] Trial 21 finished with value: 0.8028259473346179 and parameters: {'max_depth': 9, 'learning_rate': 0.043066667651212115, 'subsample': 0.942305739419524, 'colsample_bytree': 0.5573194938641721, 'min_child_weight': 8, 'gamma': 0.45377261503000543, 'n_estimators': 369}. Best is trial 16 with value: 0.8038216560509555.
[2025-11-18T00:44:55.514+0000] {logging_mixin.py:154} WARNING - Best trial: 16. Best value: 0.803822:  42%|####2     | 21/50 [00:13<00:23,  1.22it/s]
[2025-11-18T00:44:55.514+0000] {logging_mixin.py:154} WARNING - Best trial: 16. Best value: 0.803822:  42%|####2     | 21/50 [00:13<00:23,  1.22it/s]
[2025-11-18T00:44:55.514+0000] {logging_mixin.py:154} WARNING - Best trial: 16. Best value: 0.803822:  44%|####4     | 22/50 [00:13<00:19,  1.41it/s]
[2025-11-18T00:44:55.724+0000] {logging_mixin.py:154} WARNING -                                                                                      
[2025-11-18T00:44:55.725+0000] {logging_mixin.py:154} WARNING - 
[2025-11-18T00:44:55.725+0000] {logging_mixin.py:154} INFO - [I 2025-11-18 00:44:55,724] Trial 22 finished with value: 0.8048315321042594 and parameters: {'max_depth': 8, 'learning_rate': 0.040359456141514524, 'subsample': 0.9206263246539036, 'colsample_bytree': 0.5449522872486244, 'min_child_weight': 8, 'gamma': 0.751691444508812, 'n_estimators': 332}. Best is trial 22 with value: 0.8048315321042594.
[2025-11-18T00:44:55.725+0000] {logging_mixin.py:154} WARNING - Best trial: 16. Best value: 0.803822:  44%|####4     | 22/50 [00:13<00:19,  1.41it/s]
[2025-11-18T00:44:55.725+0000] {logging_mixin.py:154} WARNING - Best trial: 22. Best value: 0.804832:  44%|####4     | 22/50 [00:13<00:19,  1.41it/s]
[2025-11-18T00:44:55.725+0000] {logging_mixin.py:154} WARNING - Best trial: 22. Best value: 0.804832:  46%|####6     | 23/50 [00:13<00:15,  1.77it/s]
[2025-11-18T00:44:55.989+0000] {logging_mixin.py:154} WARNING -                                                                                      
[2025-11-18T00:44:55.989+0000] {logging_mixin.py:154} WARNING - 
[2025-11-18T00:44:55.990+0000] {logging_mixin.py:154} INFO - [I 2025-11-18 00:44:55,989] Trial 23 finished with value: 0.8010236724248241 and parameters: {'max_depth': 10, 'learning_rate': 0.043176737971360485, 'subsample': 0.9402135174480032, 'colsample_bytree': 0.5635029394703334, 'min_child_weight': 8, 'gamma': 0.8008407117565207, 'n_estimators': 333}. Best is trial 22 with value: 0.8048315321042594.
[2025-11-18T00:44:55.990+0000] {logging_mixin.py:154} WARNING - Best trial: 22. Best value: 0.804832:  46%|####6     | 23/50 [00:14<00:15,  1.77it/s]
[2025-11-18T00:44:55.990+0000] {logging_mixin.py:154} WARNING - Best trial: 22. Best value: 0.804832:  46%|####6     | 23/50 [00:14<00:15,  1.77it/s]
[2025-11-18T00:44:55.990+0000] {logging_mixin.py:154} WARNING - Best trial: 22. Best value: 0.804832:  48%|####8     | 24/50 [00:14<00:12,  2.10it/s]
[2025-11-18T00:44:56.250+0000] {logging_mixin.py:154} WARNING -                                                                                      
[2025-11-18T00:44:56.251+0000] {logging_mixin.py:154} WARNING - 
[2025-11-18T00:44:56.251+0000] {logging_mixin.py:154} INFO - [I 2025-11-18 00:44:56,250] Trial 24 finished with value: 0.8005050505050506 and parameters: {'max_depth': 8, 'learning_rate': 0.04052336378781284, 'subsample': 0.8950886266563672, 'colsample_bytree': 0.622883635063563, 'min_child_weight': 6, 'gamma': 1.3557877526082447, 'n_estimators': 335}. Best is trial 22 with value: 0.8048315321042594.
[2025-11-18T00:44:56.251+0000] {logging_mixin.py:154} WARNING - Best trial: 22. Best value: 0.804832:  48%|####8     | 24/50 [00:14<00:12,  2.10it/s]
[2025-11-18T00:44:56.251+0000] {logging_mixin.py:154} WARNING - Best trial: 22. Best value: 0.804832:  48%|####8     | 24/50 [00:14<00:12,  2.10it/s]
[2025-11-18T00:44:56.252+0000] {logging_mixin.py:154} WARNING - Best trial: 22. Best value: 0.804832:  50%|#####     | 25/50 [00:14<00:10,  2.43it/s]
[2025-11-18T00:44:56.512+0000] {logging_mixin.py:154} WARNING -                                                                                      
[2025-11-18T00:44:56.512+0000] {logging_mixin.py:154} WARNING - 
[2025-11-18T00:44:56.512+0000] {logging_mixin.py:154} INFO - [I 2025-11-18 00:44:56,512] Trial 25 finished with value: 0.8010171646535283 and parameters: {'max_depth': 11, 'learning_rate': 0.06035179465852514, 'subsample': 0.9442202267644441, 'colsample_bytree': 0.542237414363943, 'min_child_weight': 8, 'gamma': 0.5984622313098521, 'n_estimators': 244}. Best is trial 22 with value: 0.8048315321042594.
[2025-11-18T00:44:56.512+0000] {logging_mixin.py:154} WARNING - Best trial: 22. Best value: 0.804832:  50%|#####     | 25/50 [00:14<00:10,  2.43it/s]
[2025-11-18T00:44:56.513+0000] {logging_mixin.py:154} WARNING - Best trial: 22. Best value: 0.804832:  50%|#####     | 25/50 [00:14<00:10,  2.43it/s]
[2025-11-18T00:44:56.513+0000] {logging_mixin.py:154} WARNING - Best trial: 22. Best value: 0.804832:  52%|#####2    | 26/50 [00:14<00:08,  2.72it/s]
[2025-11-18T00:44:56.727+0000] {logging_mixin.py:154} WARNING -                                                                                      
[2025-11-18T00:44:56.727+0000] {logging_mixin.py:154} WARNING - 
[2025-11-18T00:44:56.727+0000] {logging_mixin.py:154} INFO - [I 2025-11-18 00:44:56,727] Trial 26 finished with value: 0.8038216560509555 and parameters: {'max_depth': 8, 'learning_rate': 0.06641911495783007, 'subsample': 0.8839869250575327, 'colsample_bytree': 0.5405632146491377, 'min_child_weight': 9, 'gamma': 0.96644750440953, 'n_estimators': 386}. Best is trial 22 with value: 0.8048315321042594.
[2025-11-18T00:44:56.728+0000] {logging_mixin.py:154} WARNING - Best trial: 22. Best value: 0.804832:  52%|#####2    | 26/50 [00:14<00:08,  2.72it/s]
[2025-11-18T00:44:56.728+0000] {logging_mixin.py:154} WARNING - Best trial: 22. Best value: 0.804832:  52%|#####2    | 26/50 [00:14<00:08,  2.72it/s]
[2025-11-18T00:44:56.728+0000] {logging_mixin.py:154} WARNING - Best trial: 22. Best value: 0.804832:  54%|#####4    | 27/50 [00:14<00:07,  3.11it/s]
[2025-11-18T00:44:59.710+0000] {logging_mixin.py:154} WARNING -                                                                                      
[2025-11-18T00:44:59.711+0000] {logging_mixin.py:154} WARNING - 
[2025-11-18T00:44:59.711+0000] {logging_mixin.py:154} INFO - [I 2025-11-18 00:44:59,710] Trial 27 finished with value: 0.7989789406509253 and parameters: {'max_depth': 6, 'learning_rate': 0.1136332963446731, 'subsample': 0.8793125810669065, 'colsample_bytree': 0.6063265876537156, 'min_child_weight': 10, 'gamma': 1.106370658196623, 'n_estimators': 400}. Best is trial 22 with value: 0.8048315321042594.
[2025-11-18T00:44:59.711+0000] {logging_mixin.py:154} WARNING - Best trial: 22. Best value: 0.804832:  54%|#####4    | 27/50 [00:17<00:07,  3.11it/s]
[2025-11-18T00:44:59.712+0000] {logging_mixin.py:154} WARNING - Best trial: 22. Best value: 0.804832:  54%|#####4    | 27/50 [00:17<00:07,  3.11it/s]
[2025-11-18T00:44:59.712+0000] {logging_mixin.py:154} WARNING - Best trial: 22. Best value: 0.804832:  56%|#####6    | 28/50 [00:17<00:24,  1.12s/it]
[2025-11-18T00:44:59.963+0000] {logging_mixin.py:154} WARNING -                                                                                      
[2025-11-18T00:44:59.963+0000] {logging_mixin.py:154} WARNING - 
[2025-11-18T00:44:59.963+0000] {logging_mixin.py:154} INFO - [I 2025-11-18 00:44:59,963] Trial 28 finished with value: 0.8017789072426939 and parameters: {'max_depth': 8, 'learning_rate': 0.0622026864941322, 'subsample': 0.8479600221200123, 'colsample_bytree': 0.5451856668789216, 'min_child_weight': 9, 'gamma': 1.590084338858835, 'n_estimators': 452}. Best is trial 22 with value: 0.8048315321042594.
[2025-11-18T00:44:59.964+0000] {logging_mixin.py:154} WARNING - Best trial: 22. Best value: 0.804832:  56%|#####6    | 28/50 [00:18<00:24,  1.12s/it]
[2025-11-18T00:44:59.964+0000] {logging_mixin.py:154} WARNING - Best trial: 22. Best value: 0.804832:  56%|#####6    | 28/50 [00:18<00:24,  1.12s/it]
[2025-11-18T00:44:59.964+0000] {logging_mixin.py:154} WARNING - Best trial: 22. Best value: 0.804832:  58%|#####8    | 29/50 [00:18<00:18,  1.16it/s]
[2025-11-18T00:45:00.185+0000] {logging_mixin.py:154} WARNING -                                                                                      
[2025-11-18T00:45:00.186+0000] {logging_mixin.py:154} WARNING - 
[2025-11-18T00:45:00.186+0000] {logging_mixin.py:154} INFO - [I 2025-11-18 00:45:00,185] Trial 29 finished with value: 0.7938540332906531 and parameters: {'max_depth': 6, 'learning_rate': 0.11278320621021909, 'subsample': 0.8539190926713088, 'colsample_bytree': 0.6251406276829714, 'min_child_weight': 2, 'gamma': 0.8678364830754686, 'n_estimators': 312}. Best is trial 22 with value: 0.8048315321042594.
[2025-11-18T00:45:00.186+0000] {logging_mixin.py:154} WARNING - Best trial: 22. Best value: 0.804832:  58%|#####8    | 29/50 [00:18<00:18,  1.16it/s]
[2025-11-18T00:45:00.187+0000] {logging_mixin.py:154} WARNING - Best trial: 22. Best value: 0.804832:  58%|#####8    | 29/50 [00:18<00:18,  1.16it/s]
[2025-11-18T00:45:00.187+0000] {logging_mixin.py:154} WARNING - Best trial: 22. Best value: 0.804832:  60%|######    | 30/50 [00:18<00:13,  1.50it/s]
[2025-11-18T00:45:00.301+0000] {logging_mixin.py:154} WARNING -                                                                                      
[2025-11-18T00:45:00.302+0000] {logging_mixin.py:154} WARNING - 
[2025-11-18T00:45:00.302+0000] {logging_mixin.py:154} INFO - [I 2025-11-18 00:45:00,301] Trial 30 finished with value: 0.7954545454545455 and parameters: {'max_depth': 11, 'learning_rate': 0.07197374060104013, 'subsample': 0.9106049299724355, 'colsample_bytree': 0.5404601292621971, 'min_child_weight': 6, 'gamma': 1.1200822264589698, 'n_estimators': 59}. Best is trial 22 with value: 0.8048315321042594.
[2025-11-18T00:45:00.302+0000] {logging_mixin.py:154} WARNING - Best trial: 22. Best value: 0.804832:  60%|######    | 30/50 [00:18<00:13,  1.50it/s]
[2025-11-18T00:45:00.303+0000] {logging_mixin.py:154} WARNING - Best trial: 22. Best value: 0.804832:  60%|######    | 30/50 [00:18<00:13,  1.50it/s]
[2025-11-18T00:45:00.303+0000] {logging_mixin.py:154} WARNING - Best trial: 22. Best value: 0.804832:  62%|######2   | 31/50 [00:18<00:09,  1.99it/s]
[2025-11-18T00:45:00.612+0000] {logging_mixin.py:154} WARNING -                                                                                      
[2025-11-18T00:45:00.612+0000] {logging_mixin.py:154} WARNING - 
[2025-11-18T00:45:00.613+0000] {logging_mixin.py:154} INFO - [I 2025-11-18 00:45:00,612] Trial 31 finished with value: 0.802555910543131 and parameters: {'max_depth': 9, 'learning_rate': 0.04470991201200388, 'subsample': 0.9611518756711329, 'colsample_bytree': 0.5330125477464511, 'min_child_weight': 8, 'gamma': 0.49950387226746695, 'n_estimators': 356}. Best is trial 22 with value: 0.8048315321042594.
[2025-11-18T00:45:00.613+0000] {logging_mixin.py:154} WARNING - Best trial: 22. Best value: 0.804832:  62%|######2   | 31/50 [00:18<00:09,  1.99it/s]
[2025-11-18T00:45:00.613+0000] {logging_mixin.py:154} WARNING - Best trial: 22. Best value: 0.804832:  62%|######2   | 31/50 [00:18<00:09,  1.99it/s]
[2025-11-18T00:45:00.613+0000] {logging_mixin.py:154} WARNING - Best trial: 22. Best value: 0.804832:  64%|######4   | 32/50 [00:18<00:08,  2.25it/s]
[2025-11-18T00:45:00.997+0000] {logging_mixin.py:154} WARNING -                                                                                      
[2025-11-18T00:45:00.998+0000] {logging_mixin.py:154} WARNING - 
[2025-11-18T00:45:00.998+0000] {logging_mixin.py:154} INFO - [I 2025-11-18 00:45:00,997] Trial 32 finished with value: 0.8040842373962986 and parameters: {'max_depth': 10, 'learning_rate': 0.035080146031608174, 'subsample': 0.9078738412955842, 'colsample_bytree': 0.5295716509674251, 'min_child_weight': 10, 'gamma': 0.700320602086383, 'n_estimators': 390}. Best is trial 22 with value: 0.8048315321042594.
[2025-11-18T00:45:00.998+0000] {logging_mixin.py:154} WARNING - Best trial: 22. Best value: 0.804832:  64%|######4   | 32/50 [00:19<00:08,  2.25it/s]
[2025-11-18T00:45:00.998+0000] {logging_mixin.py:154} WARNING - Best trial: 22. Best value: 0.804832:  64%|######4   | 32/50 [00:19<00:08,  2.25it/s]
[2025-11-18T00:45:00.998+0000] {logging_mixin.py:154} WARNING - Best trial: 22. Best value: 0.804832:  66%|######6   | 33/50 [00:19<00:07,  2.34it/s]
[2025-11-18T00:45:01.151+0000] {logging_mixin.py:154} WARNING -                                                                                      
[2025-11-18T00:45:01.151+0000] {logging_mixin.py:154} WARNING - 
[2025-11-18T00:45:01.151+0000] {logging_mixin.py:154} INFO - [I 2025-11-18 00:45:01,151] Trial 33 finished with value: 0.7949367088607594 and parameters: {'max_depth': 13, 'learning_rate': 0.03365584134447541, 'subsample': 0.8863815502354105, 'colsample_bytree': 0.5346384279790634, 'min_child_weight': 10, 'gamma': 0.7109318201925686, 'n_estimators': 110}. Best is trial 22 with value: 0.8048315321042594.
[2025-11-18T00:45:01.151+0000] {logging_mixin.py:154} WARNING - Best trial: 22. Best value: 0.804832:  66%|######6   | 33/50 [00:19<00:07,  2.34it/s]
[2025-11-18T00:45:01.152+0000] {logging_mixin.py:154} WARNING - Best trial: 22. Best value: 0.804832:  66%|######6   | 33/50 [00:19<00:07,  2.34it/s]
[2025-11-18T00:45:01.152+0000] {logging_mixin.py:154} WARNING - Best trial: 22. Best value: 0.804832:  68%|######8   | 34/50 [00:19<00:05,  2.90it/s]
[2025-11-18T00:45:01.658+0000] {logging_mixin.py:154} WARNING -                                                                                      
[2025-11-18T00:45:01.658+0000] {logging_mixin.py:154} WARNING - 
[2025-11-18T00:45:01.658+0000] {logging_mixin.py:154} INFO - [I 2025-11-18 00:45:01,658] Trial 34 finished with value: 0.800763844684914 and parameters: {'max_depth': 10, 'learning_rate': 0.03123384006198769, 'subsample': 0.9077871074541212, 'colsample_bytree': 0.6072000604491916, 'min_child_weight': 10, 'gamma': 1.2765560681622468, 'n_estimators': 399}. Best is trial 22 with value: 0.8048315321042594.
[2025-11-18T00:45:01.658+0000] {logging_mixin.py:154} WARNING - Best trial: 22. Best value: 0.804832:  68%|######8   | 34/50 [00:19<00:05,  2.90it/s]
[2025-11-18T00:45:01.659+0000] {logging_mixin.py:154} WARNING - Best trial: 22. Best value: 0.804832:  68%|######8   | 34/50 [00:19<00:05,  2.90it/s]
[2025-11-18T00:45:01.659+0000] {logging_mixin.py:154} WARNING - Best trial: 22. Best value: 0.804832:  70%|#######   | 35/50 [00:19<00:05,  2.54it/s]
[2025-11-18T00:45:03.491+0000] {logging_mixin.py:154} WARNING -                                                                                      
[2025-11-18T00:45:03.491+0000] {logging_mixin.py:154} WARNING - 
[2025-11-18T00:45:03.492+0000] {logging_mixin.py:154} INFO - [I 2025-11-18 00:45:03,491] Trial 35 finished with value: 0.8025396825396826 and parameters: {'max_depth': 8, 'learning_rate': 0.024375024069848896, 'subsample': 0.8618900172850131, 'colsample_bytree': 0.5262693571053811, 'min_child_weight': 9, 'gamma': 0.9077645066065027, 'n_estimators': 425}. Best is trial 22 with value: 0.8048315321042594.
[2025-11-18T00:45:03.492+0000] {logging_mixin.py:154} WARNING - Best trial: 22. Best value: 0.804832:  70%|#######   | 35/50 [00:21<00:05,  2.54it/s]
[2025-11-18T00:45:03.492+0000] {logging_mixin.py:154} WARNING - Best trial: 22. Best value: 0.804832:  70%|#######   | 35/50 [00:21<00:05,  2.54it/s]
[2025-11-18T00:45:03.493+0000] {logging_mixin.py:154} WARNING - Best trial: 22. Best value: 0.804832:  72%|#######2  | 36/50 [00:21<00:11,  1.21it/s]
[2025-11-18T00:45:04.274+0000] {logging_mixin.py:154} WARNING -                                                                                      
[2025-11-18T00:45:04.274+0000] {logging_mixin.py:154} WARNING - 
[2025-11-18T00:45:04.275+0000] {logging_mixin.py:154} INFO - [I 2025-11-18 00:45:04,274] Trial 36 finished with value: 0.8030495552731892 and parameters: {'max_depth': 12, 'learning_rate': 0.05087654486381147, 'subsample': 0.9597977223447891, 'colsample_bytree': 0.5808054012550603, 'min_child_weight': 9, 'gamma': 1.5614294039307972, 'n_estimators': 345}. Best is trial 22 with value: 0.8048315321042594.
[2025-11-18T00:45:04.275+0000] {logging_mixin.py:154} WARNING - Best trial: 22. Best value: 0.804832:  72%|#######2  | 36/50 [00:22<00:11,  1.21it/s]
[2025-11-18T00:45:04.275+0000] {logging_mixin.py:154} WARNING - Best trial: 22. Best value: 0.804832:  72%|#######2  | 36/50 [00:22<00:11,  1.21it/s]
[2025-11-18T00:45:04.276+0000] {logging_mixin.py:154} WARNING - Best trial: 22. Best value: 0.804832:  74%|#######4  | 37/50 [00:22<00:10,  1.23it/s]
[2025-11-18T00:45:04.467+0000] {logging_mixin.py:154} WARNING -                                                                                      
[2025-11-18T00:45:04.467+0000] {logging_mixin.py:154} WARNING - 
[2025-11-18T00:45:04.467+0000] {logging_mixin.py:154} INFO - [I 2025-11-18 00:45:04,467] Trial 37 finished with value: 0.7999999999999999 and parameters: {'max_depth': 6, 'learning_rate': 0.035641301817162074, 'subsample': 0.8667301202674141, 'colsample_bytree': 0.5208634342939849, 'min_child_weight': 10, 'gamma': 0.33467358795985264, 'n_estimators': 258}. Best is trial 22 with value: 0.8048315321042594.
[2025-11-18T00:45:04.468+0000] {logging_mixin.py:154} WARNING - Best trial: 22. Best value: 0.804832:  74%|#######4  | 37/50 [00:22<00:10,  1.23it/s]
[2025-11-18T00:45:04.468+0000] {logging_mixin.py:154} WARNING - Best trial: 22. Best value: 0.804832:  74%|#######4  | 37/50 [00:22<00:10,  1.23it/s]
[2025-11-18T00:45:04.468+0000] {logging_mixin.py:154} WARNING - Best trial: 22. Best value: 0.804832:  76%|#######6  | 38/50 [00:22<00:07,  1.60it/s]
[2025-11-18T00:45:04.668+0000] {logging_mixin.py:154} WARNING -                                                                                      
[2025-11-18T00:45:04.668+0000] {logging_mixin.py:154} WARNING - 
