[2025-11-18T00:45:04.668+0000] {logging_mixin.py:154} INFO - [I 2025-11-18 00:45:04,668] Trial 38 finished with value: 0.8017902813299232 and parameters: {'max_depth': 10, 'learning_rate': 0.06577035992004197, 'subsample': 0.9159129388868827, 'colsample_bytree': 0.5674178589293486, 'min_child_weight': 9, 'gamma': 1.0029814107530692, 'n_estimators': 305}. Best is trial 22 with value: 0.8048315321042594.
[2025-11-18T00:45:04.669+0000] {logging_mixin.py:154} WARNING - Best trial: 22. Best value: 0.804832:  76%|#######6  | 38/50 [00:22<00:07,  1.60it/s]
[2025-11-18T00:45:04.669+0000] {logging_mixin.py:154} WARNING - Best trial: 22. Best value: 0.804832:  76%|#######6  | 38/50 [00:22<00:07,  1.60it/s]
[2025-11-18T00:45:04.669+0000] {logging_mixin.py:154} WARNING - Best trial: 22. Best value: 0.804832:  78%|#######8  | 39/50 [00:22<00:05,  2.00it/s]
[2025-11-18T00:45:08.474+0000] {logging_mixin.py:154} WARNING -                                                                                      
[2025-11-18T00:45:08.475+0000] {logging_mixin.py:154} WARNING - 
[2025-11-18T00:45:08.475+0000] {logging_mixin.py:154} INFO - [I 2025-11-18 00:45:08,474] Trial 39 finished with value: 0.7956298200514139 and parameters: {'max_depth': 13, 'learning_rate': 0.024149736099319453, 'subsample': 0.8896184945479426, 'colsample_bytree': 0.5009564238804844, 'min_child_weight': 4, 'gamma': 0.013282736215314839, 'n_estimators': 466}. Best is trial 22 with value: 0.8048315321042594.
[2025-11-18T00:45:08.475+0000] {logging_mixin.py:154} WARNING - Best trial: 22. Best value: 0.804832:  78%|#######8  | 39/50 [00:26<00:05,  2.00it/s]
[2025-11-18T00:45:08.475+0000] {logging_mixin.py:154} WARNING - Best trial: 22. Best value: 0.804832:  78%|#######8  | 39/50 [00:26<00:05,  2.00it/s]
[2025-11-18T00:45:08.475+0000] {logging_mixin.py:154} WARNING - Best trial: 22. Best value: 0.804832:  80%|########  | 40/50 [00:26<00:14,  1.49s/it]
[2025-11-18T00:45:10.817+0000] {logging_mixin.py:154} WARNING -                                                                                      
[2025-11-18T00:45:10.817+0000] {logging_mixin.py:154} WARNING - 
[2025-11-18T00:45:10.817+0000] {logging_mixin.py:154} INFO - [I 2025-11-18 00:45:10,817] Trial 40 finished with value: 0.8012738853503185 and parameters: {'max_depth': 11, 'learning_rate': 0.08099598539151615, 'subsample': 0.9734910922844446, 'colsample_bytree': 0.6020512941564147, 'min_child_weight': 8, 'gamma': 0.6861613597540982, 'n_estimators': 391}. Best is trial 22 with value: 0.8048315321042594.
[2025-11-18T00:45:10.817+0000] {logging_mixin.py:154} WARNING - Best trial: 22. Best value: 0.804832:  80%|########  | 40/50 [00:28<00:14,  1.49s/it]
[2025-11-18T00:45:10.818+0000] {logging_mixin.py:154} WARNING - Best trial: 22. Best value: 0.804832:  80%|########  | 40/50 [00:28<00:14,  1.49s/it]
[2025-11-18T00:45:10.818+0000] {logging_mixin.py:154} WARNING - Best trial: 22. Best value: 0.804832:  82%|########2 | 41/50 [00:28<00:15,  1.75s/it]
[2025-11-18T00:45:11.008+0000] {logging_mixin.py:154} WARNING -                                                                                      
[2025-11-18T00:45:11.008+0000] {logging_mixin.py:154} WARNING - 
[2025-11-18T00:45:11.008+0000] {logging_mixin.py:154} INFO - [I 2025-11-18 00:45:11,008] Trial 41 finished with value: 0.8040583386176284 and parameters: {'max_depth': 12, 'learning_rate': 0.048743238542306916, 'subsample': 0.9645148362039293, 'colsample_bytree': 0.5817595992958474, 'min_child_weight': 9, 'gamma': 1.4542812238641498, 'n_estimators': 345}. Best is trial 22 with value: 0.8048315321042594.
[2025-11-18T00:45:11.009+0000] {logging_mixin.py:154} WARNING - Best trial: 22. Best value: 0.804832:  82%|########2 | 41/50 [00:29<00:15,  1.75s/it]
[2025-11-18T00:45:11.009+0000] {logging_mixin.py:154} WARNING - Best trial: 22. Best value: 0.804832:  82%|########2 | 41/50 [00:29<00:15,  1.75s/it]
[2025-11-18T00:45:11.009+0000] {logging_mixin.py:154} WARNING - Best trial: 22. Best value: 0.804832:  84%|########4 | 42/50 [00:29<00:10,  1.28s/it]
[2025-11-18T00:45:11.991+0000] {logging_mixin.py:154} WARNING -                                                                                      
[2025-11-18T00:45:11.992+0000] {logging_mixin.py:154} WARNING - 
[2025-11-18T00:45:11.992+0000] {logging_mixin.py:154} INFO - [I 2025-11-18 00:45:11,991] Trial 42 finished with value: 0.8005082592121983 and parameters: {'max_depth': 12, 'learning_rate': 0.04708579593629236, 'subsample': 0.9647637315753956, 'colsample_bytree': 0.5522012577943192, 'min_child_weight': 10, 'gamma': 1.3586581093234438, 'n_estimators': 317}. Best is trial 22 with value: 0.8048315321042594.
[2025-11-18T00:45:11.992+0000] {logging_mixin.py:154} WARNING - Best trial: 22. Best value: 0.804832:  84%|########4 | 42/50 [00:30<00:10,  1.28s/it]
[2025-11-18T00:45:11.992+0000] {logging_mixin.py:154} WARNING - Best trial: 22. Best value: 0.804832:  84%|########4 | 42/50 [00:30<00:10,  1.28s/it]
[2025-11-18T00:45:11.992+0000] {logging_mixin.py:154} WARNING - Best trial: 22. Best value: 0.804832:  86%|########6 | 43/50 [00:30<00:08,  1.19s/it]
[2025-11-18T00:45:12.636+0000] {logging_mixin.py:154} WARNING -                                                                                      
[2025-11-18T00:45:12.636+0000] {logging_mixin.py:154} WARNING - 
[2025-11-18T00:45:12.636+0000] {logging_mixin.py:154} INFO - [I 2025-11-18 00:45:12,636] Trial 43 finished with value: 0.8017902813299232 and parameters: {'max_depth': 14, 'learning_rate': 0.05818845766266493, 'subsample': 0.9257265288933062, 'colsample_bytree': 0.5789600265995569, 'min_child_weight': 9, 'gamma': 1.0281641573269438, 'n_estimators': 413}. Best is trial 22 with value: 0.8048315321042594.
[2025-11-18T00:45:12.636+0000] {logging_mixin.py:154} WARNING - Best trial: 22. Best value: 0.804832:  86%|########6 | 43/50 [00:30<00:08,  1.19s/it]
[2025-11-18T00:45:12.636+0000] {logging_mixin.py:154} WARNING - Best trial: 22. Best value: 0.804832:  86%|########6 | 43/50 [00:30<00:08,  1.19s/it]
[2025-11-18T00:45:12.637+0000] {logging_mixin.py:154} WARNING - Best trial: 22. Best value: 0.804832:  88%|########8 | 44/50 [00:30<00:06,  1.03s/it]
[2025-11-18T00:45:13.327+0000] {logging_mixin.py:154} WARNING -                                                                                      
[2025-11-18T00:45:13.327+0000] {logging_mixin.py:154} WARNING - 
[2025-11-18T00:45:13.327+0000] {logging_mixin.py:154} INFO - [I 2025-11-18 00:45:13,327] Trial 44 finished with value: 0.8045685279187816 and parameters: {'max_depth': 9, 'learning_rate': 0.028932707342245487, 'subsample': 0.974943570005506, 'colsample_bytree': 0.5194841038205044, 'min_child_weight': 8, 'gamma': 0.6462687015500123, 'n_estimators': 278}. Best is trial 22 with value: 0.8048315321042594.
[2025-11-18T00:45:13.327+0000] {logging_mixin.py:154} WARNING - Best trial: 22. Best value: 0.804832:  88%|########8 | 44/50 [00:31<00:06,  1.03s/it]
[2025-11-18T00:45:13.327+0000] {logging_mixin.py:154} WARNING - Best trial: 22. Best value: 0.804832:  88%|########8 | 44/50 [00:31<00:06,  1.03s/it]
[2025-11-18T00:45:13.327+0000] {logging_mixin.py:154} WARNING - Best trial: 22. Best value: 0.804832:  90%|######### | 45/50 [00:31<00:04,  1.08it/s]
[2025-11-18T00:45:13.613+0000] {logging_mixin.py:154} WARNING -                                                                                      
[2025-11-18T00:45:13.613+0000] {logging_mixin.py:154} WARNING - 
[2025-11-18T00:45:13.613+0000] {logging_mixin.py:154} INFO - [I 2025-11-18 00:45:13,613] Trial 45 finished with value: 0.799240025332489 and parameters: {'max_depth': 9, 'learning_rate': 0.026863588714973543, 'subsample': 0.9860244033760543, 'colsample_bytree': 0.5233176666620485, 'min_child_weight': 7, 'gamma': 0.45571560039347925, 'n_estimators': 286}. Best is trial 22 with value: 0.8048315321042594.
[2025-11-18T00:45:13.614+0000] {logging_mixin.py:154} WARNING - Best trial: 22. Best value: 0.804832:  90%|######### | 45/50 [00:31<00:04,  1.08it/s]
[2025-11-18T00:45:13.614+0000] {logging_mixin.py:154} WARNING - Best trial: 22. Best value: 0.804832:  90%|######### | 45/50 [00:31<00:04,  1.08it/s]
[2025-11-18T00:45:13.614+0000] {logging_mixin.py:154} WARNING - Best trial: 22. Best value: 0.804832:  92%|#########2| 46/50 [00:31<00:02,  1.36it/s]
[2025-11-18T00:45:13.882+0000] {logging_mixin.py:154} WARNING -                                                                                      
[2025-11-18T00:45:13.882+0000] {logging_mixin.py:154} WARNING - 
[2025-11-18T00:45:13.882+0000] {logging_mixin.py:154} INFO - [I 2025-11-18 00:45:13,882] Trial 46 finished with value: 0.8010204081632654 and parameters: {'max_depth': 10, 'learning_rate': 0.03754551115039342, 'subsample': 0.9973408618733371, 'colsample_bytree': 0.5797344860819836, 'min_child_weight': 8, 'gamma': 0.6742688217617143, 'n_estimators': 225}. Best is trial 22 with value: 0.8048315321042594.
[2025-11-18T00:45:13.882+0000] {logging_mixin.py:154} WARNING - Best trial: 22. Best value: 0.804832:  92%|#########2| 46/50 [00:32<00:02,  1.36it/s]
[2025-11-18T00:45:13.883+0000] {logging_mixin.py:154} WARNING - Best trial: 22. Best value: 0.804832:  92%|#########2| 46/50 [00:32<00:02,  1.36it/s]
[2025-11-18T00:45:13.883+0000] {logging_mixin.py:154} WARNING - Best trial: 22. Best value: 0.804832:  94%|#########3| 47/50 [00:32<00:01,  1.68it/s]
[2025-11-18T00:45:14.258+0000] {logging_mixin.py:154} WARNING -                                                                                      
[2025-11-18T00:45:14.258+0000] {logging_mixin.py:154} WARNING - 
[2025-11-18T00:45:14.258+0000] {logging_mixin.py:154} INFO - [I 2025-11-18 00:45:14,257] Trial 47 finished with value: 0.8017789072426939 and parameters: {'max_depth': 13, 'learning_rate': 0.02976596457249386, 'subsample': 0.947257865606021, 'colsample_bytree': 0.5167665237972624, 'min_child_weight': 5, 'gamma': 0.26742623731616355, 'n_estimators': 265}. Best is trial 22 with value: 0.8048315321042594.
[2025-11-18T00:45:14.258+0000] {logging_mixin.py:154} WARNING - Best trial: 22. Best value: 0.804832:  94%|#########3| 47/50 [00:32<00:01,  1.68it/s]
[2025-11-18T00:45:14.259+0000] {logging_mixin.py:154} WARNING - Best trial: 22. Best value: 0.804832:  94%|#########3| 47/50 [00:32<00:01,  1.68it/s]
[2025-11-18T00:45:14.259+0000] {logging_mixin.py:154} WARNING - Best trial: 22. Best value: 0.804832:  96%|#########6| 48/50 [00:32<00:01,  1.89it/s]
[2025-11-18T00:45:14.437+0000] {logging_mixin.py:154} WARNING -                                                                                      
[2025-11-18T00:45:14.437+0000] {logging_mixin.py:154} WARNING - 
[2025-11-18T00:45:14.437+0000] {logging_mixin.py:154} INFO - [I 2025-11-18 00:45:14,436] Trial 48 finished with value: 0.8055731475617479 and parameters: {'max_depth': 11, 'learning_rate': 0.020406225242038018, 'subsample': 0.9719203445724947, 'colsample_bytree': 0.6860304875117555, 'min_child_weight': 7, 'gamma': 0.23091753723281427, 'n_estimators': 162}. Best is trial 48 with value: 0.8055731475617479.
[2025-11-18T00:45:14.437+0000] {logging_mixin.py:154} WARNING - Best trial: 22. Best value: 0.804832:  96%|#########6| 48/50 [00:32<00:01,  1.89it/s]
[2025-11-18T00:45:14.437+0000] {logging_mixin.py:154} WARNING - Best trial: 48. Best value: 0.805573:  96%|#########6| 48/50 [00:32<00:01,  1.89it/s]
[2025-11-18T00:45:14.437+0000] {logging_mixin.py:154} WARNING - Best trial: 48. Best value: 0.805573:  98%|#########8| 49/50 [00:32<00:00,  2.36it/s]
[2025-11-18T00:45:14.711+0000] {logging_mixin.py:154} WARNING -                                                                                      
[2025-11-18T00:45:14.711+0000] {logging_mixin.py:154} WARNING - 
