[2025-12-07T03:12:19.000+0000] {logging_mixin.py:154} INFO - [I 2025-12-07 03:12:18,999] Trial 43 finished with value: 0.7958579881656804 and parameters: {'max_depth': 10, 'learning_rate': 0.01104125757513892, 'subsample': 0.6689222009381379, 'colsample_bytree': 0.6851091462398922, 'min_child_weight': 1, 'gamma': 0.7578034907914254, 'n_estimators': 267}. Best is trial 43 with value: 0.7958579881656804.
[2025-12-07T03:12:19.000+0000] {logging_mixin.py:154} WARNING - Best trial: 38. Best value: 0.795455:  86%|########6 | 43/50 [00:41<00:05,  1.29it/s, 40.96/60 seconds]
[2025-12-07T03:12:19.000+0000] {logging_mixin.py:154} WARNING - Best trial: 43. Best value: 0.795858:  86%|########6 | 43/50 [00:41<00:05,  1.29it/s, 40.96/60 seconds]
[2025-12-07T03:12:19.001+0000] {logging_mixin.py:154} WARNING - Best trial: 43. Best value: 0.795858:  88%|########8 | 44/50 [00:41<00:02,  2.22it/s, 40.96/60 seconds]
[2025-12-07T03:12:19.001+0000] {logging_mixin.py:154} WARNING - Best trial: 43. Best value: 0.795858:  88%|########8 | 44/50 [00:41<00:02,  2.22it/s, 41.02/60 seconds]
[2025-12-07T03:12:19.270+0000] {logging_mixin.py:154} WARNING -                                                                                                        
[2025-12-07T03:12:19.270+0000] {logging_mixin.py:154} WARNING - 
[2025-12-07T03:12:19.270+0000] {logging_mixin.py:154} INFO - [I 2025-12-07 03:12:19,270] Trial 44 finished with value: 0.791522917693445 and parameters: {'max_depth': 6, 'learning_rate': 0.011056782530728542, 'subsample': 0.6485609231391544, 'colsample_bytree': 0.6784597648255047, 'min_child_weight': 1, 'gamma': 0.2820996052221238, 'n_estimators': 269}. Best is trial 43 with value: 0.7958579881656804.
[2025-12-07T03:12:19.270+0000] {logging_mixin.py:154} WARNING - Best trial: 43. Best value: 0.795858:  88%|########8 | 44/50 [00:41<00:02,  2.22it/s, 41.02/60 seconds]
[2025-12-07T03:12:19.271+0000] {logging_mixin.py:154} WARNING - Best trial: 43. Best value: 0.795858:  88%|########8 | 44/50 [00:41<00:02,  2.22it/s, 41.02/60 seconds]
[2025-12-07T03:12:19.271+0000] {logging_mixin.py:154} WARNING - Best trial: 43. Best value: 0.795858:  90%|######### | 45/50 [00:41<00:02,  2.46it/s, 41.02/60 seconds]
[2025-12-07T03:12:19.271+0000] {logging_mixin.py:154} WARNING - Best trial: 43. Best value: 0.795858:  90%|######### | 45/50 [00:41<00:02,  2.46it/s, 41.29/60 seconds]
[2025-12-07T03:12:19.618+0000] {logging_mixin.py:154} WARNING -                                                                                                        
[2025-12-07T03:12:19.618+0000] {logging_mixin.py:154} WARNING - 
[2025-12-07T03:12:19.618+0000] {logging_mixin.py:154} INFO - [I 2025-12-07 03:12:19,617] Trial 45 finished with value: 0.794682422451994 and parameters: {'max_depth': 9, 'learning_rate': 0.010151191192939788, 'subsample': 0.6821620459448093, 'colsample_bytree': 0.7724723859510517, 'min_child_weight': 1, 'gamma': 0.8079114338527572, 'n_estimators': 268}. Best is trial 43 with value: 0.7958579881656804.
[2025-12-07T03:12:19.618+0000] {logging_mixin.py:154} WARNING - Best trial: 43. Best value: 0.795858:  90%|######### | 45/50 [00:41<00:02,  2.46it/s, 41.29/60 seconds]
[2025-12-07T03:12:19.618+0000] {logging_mixin.py:154} WARNING - Best trial: 43. Best value: 0.795858:  90%|######### | 45/50 [00:41<00:02,  2.46it/s, 41.29/60 seconds]
[2025-12-07T03:12:19.619+0000] {logging_mixin.py:154} WARNING - Best trial: 43. Best value: 0.795858:  92%|#########2| 46/50 [00:41<00:01,  2.56it/s, 41.29/60 seconds]
[2025-12-07T03:12:19.619+0000] {logging_mixin.py:154} WARNING - Best trial: 43. Best value: 0.795858:  92%|#########2| 46/50 [00:41<00:01,  2.56it/s, 41.63/60 seconds]
[2025-12-07T03:12:22.774+0000] {logging_mixin.py:154} WARNING -                                                                                                        
[2025-12-07T03:12:22.774+0000] {logging_mixin.py:154} WARNING - 
[2025-12-07T03:12:22.774+0000] {logging_mixin.py:154} INFO - [I 2025-12-07 03:12:22,773] Trial 46 finished with value: 0.7866732968672304 and parameters: {'max_depth': 9, 'learning_rate': 0.012967125730643753, 'subsample': 0.683390103488178, 'colsample_bytree': 0.7722583993574016, 'min_child_weight': 10, 'gamma': 0.7015429899656296, 'n_estimators': 260}. Best is trial 43 with value: 0.7958579881656804.
[2025-12-07T03:12:22.775+0000] {logging_mixin.py:154} WARNING - Best trial: 43. Best value: 0.795858:  92%|#########2| 46/50 [00:44<00:01,  2.56it/s, 41.63/60 seconds]
[2025-12-07T03:12:22.775+0000] {logging_mixin.py:154} WARNING - Best trial: 43. Best value: 0.795858:  92%|#########2| 46/50 [00:44<00:01,  2.56it/s, 41.63/60 seconds]
[2025-12-07T03:12:22.775+0000] {logging_mixin.py:154} WARNING - Best trial: 43. Best value: 0.795858:  94%|#########3| 47/50 [00:44<00:03,  1.14s/it, 41.63/60 seconds]
[2025-12-07T03:12:22.775+0000] {logging_mixin.py:154} WARNING - Best trial: 43. Best value: 0.795858:  94%|#########3| 47/50 [00:44<00:03,  1.14s/it, 44.79/60 seconds]
[2025-12-07T03:12:23.639+0000] {logging_mixin.py:154} WARNING -                                                                                                        
[2025-12-07T03:12:23.640+0000] {logging_mixin.py:154} WARNING - 
[2025-12-07T03:12:23.640+0000] {logging_mixin.py:154} INFO - [I 2025-12-07 03:12:23,639] Trial 47 finished with value: 0.7907662082514735 and parameters: {'max_depth': 8, 'learning_rate': 0.010008694591668485, 'subsample': 0.6372338013511314, 'colsample_bytree': 0.7128085926874694, 'min_child_weight': 2, 'gamma': 0.17240399416992513, 'n_estimators': 341}. Best is trial 43 with value: 0.7958579881656804.
[2025-12-07T03:12:23.640+0000] {logging_mixin.py:154} WARNING - Best trial: 43. Best value: 0.795858:  94%|#########3| 47/50 [00:45<00:03,  1.14s/it, 44.79/60 seconds]
[2025-12-07T03:12:23.640+0000] {logging_mixin.py:154} WARNING - Best trial: 43. Best value: 0.795858:  94%|#########3| 47/50 [00:45<00:03,  1.14s/it, 44.79/60 seconds]
[2025-12-07T03:12:23.640+0000] {logging_mixin.py:154} WARNING - Best trial: 43. Best value: 0.795858:  96%|#########6| 48/50 [00:45<00:02,  1.07s/it, 44.79/60 seconds]
[2025-12-07T03:12:23.640+0000] {logging_mixin.py:154} WARNING - Best trial: 43. Best value: 0.795858:  96%|#########6| 48/50 [00:45<00:02,  1.07s/it, 45.65/60 seconds]
[2025-12-07T03:12:24.217+0000] {logging_mixin.py:154} WARNING -                                                                                                        
[2025-12-07T03:12:24.217+0000] {logging_mixin.py:154} WARNING - 
[2025-12-07T03:12:24.217+0000] {logging_mixin.py:154} INFO - [I 2025-12-07 03:12:24,217] Trial 48 finished with value: 0.7882703777335984 and parameters: {'max_depth': 9, 'learning_rate': 0.01583511980992952, 'subsample': 0.6043468313461302, 'colsample_bytree': 0.7875473646511012, 'min_child_weight': 7, 'gamma': 0.7736762155076731, 'n_estimators': 234}. Best is trial 43 with value: 0.7958579881656804.
[2025-12-07T03:12:24.217+0000] {logging_mixin.py:154} WARNING - Best trial: 43. Best value: 0.795858:  96%|#########6| 48/50 [00:46<00:02,  1.07s/it, 45.65/60 seconds]
[2025-12-07T03:12:24.218+0000] {logging_mixin.py:154} WARNING - Best trial: 43. Best value: 0.795858:  96%|#########6| 48/50 [00:46<00:02,  1.07s/it, 45.65/60 seconds]
[2025-12-07T03:12:24.218+0000] {logging_mixin.py:154} WARNING - Best trial: 43. Best value: 0.795858:  98%|#########8| 49/50 [00:46<00:00,  1.08it/s, 45.65/60 seconds]
[2025-12-07T03:12:24.218+0000] {logging_mixin.py:154} WARNING - Best trial: 43. Best value: 0.795858:  98%|#########8| 49/50 [00:46<00:00,  1.08it/s, 46.23/60 seconds]
[2025-12-07T03:12:24.545+0000] {logging_mixin.py:154} WARNING -                                                                                                        
[2025-12-07T03:12:24.545+0000] {logging_mixin.py:154} WARNING - 
