[2025-12-07T03:11:59.084+0000] {logging_mixin.py:154} INFO - [I 2025-12-07 03:11:59,083] Trial 11 finished with value: 0.783608195902049 and parameters: {'max_depth': 11, 'learning_rate': 0.12587933563680417, 'subsample': 0.5034331983772904, 'colsample_bytree': 0.8527907812846764, 'min_child_weight': 1, 'gamma': 0.12352312203068405, 'n_estimators': 77}. Best is trial 5 with value: 0.7928642220019823.
[2025-12-07T03:11:59.084+0000] {logging_mixin.py:154} WARNING - Best trial: 5. Best value: 0.792864:  22%|##2       | 11/50 [00:21<02:00,  3.09s/it, 20.72/60 seconds]
[2025-12-07T03:11:59.084+0000] {logging_mixin.py:154} WARNING - Best trial: 5. Best value: 0.792864:  22%|##2       | 11/50 [00:21<02:00,  3.09s/it, 20.72/60 seconds]
[2025-12-07T03:11:59.084+0000] {logging_mixin.py:154} WARNING - Best trial: 5. Best value: 0.792864:  24%|##4       | 12/50 [00:21<01:25,  2.26s/it, 20.72/60 seconds]
[2025-12-07T03:11:59.084+0000] {logging_mixin.py:154} WARNING - Best trial: 5. Best value: 0.792864:  24%|##4       | 12/50 [00:21<01:25,  2.26s/it, 21.10/60 seconds]
[2025-12-07T03:11:59.334+0000] {logging_mixin.py:154} WARNING -                                                                                                       
[2025-12-07T03:11:59.334+0000] {logging_mixin.py:154} WARNING - 
[2025-12-07T03:11:59.334+0000] {logging_mixin.py:154} INFO - [I 2025-12-07 03:11:59,333] Trial 12 finished with value: 0.7940886699507389 and parameters: {'max_depth': 12, 'learning_rate': 0.05289198206568896, 'subsample': 0.7135561528166658, 'colsample_bytree': 0.7958418179650298, 'min_child_weight': 3, 'gamma': 1.8140360337166404, 'n_estimators': 187}. Best is trial 12 with value: 0.7940886699507389.
[2025-12-07T03:11:59.334+0000] {logging_mixin.py:154} WARNING - Best trial: 5. Best value: 0.792864:  24%|##4       | 12/50 [00:21<01:25,  2.26s/it, 21.10/60 seconds]
[2025-12-07T03:11:59.334+0000] {logging_mixin.py:154} WARNING - Best trial: 12. Best value: 0.794089:  24%|##4       | 12/50 [00:21<01:25,  2.26s/it, 21.10/60 seconds]
[2025-12-07T03:11:59.334+0000] {logging_mixin.py:154} WARNING - Best trial: 12. Best value: 0.794089:  26%|##6       | 13/50 [00:21<01:01,  1.65s/it, 21.10/60 seconds]
[2025-12-07T03:11:59.334+0000] {logging_mixin.py:154} WARNING - Best trial: 12. Best value: 0.794089:  26%|##6       | 13/50 [00:21<01:01,  1.65s/it, 21.35/60 seconds]
[2025-12-07T03:11:59.595+0000] {logging_mixin.py:154} WARNING -                                                                                                        
[2025-12-07T03:11:59.596+0000] {logging_mixin.py:154} WARNING - 
[2025-12-07T03:11:59.596+0000] {logging_mixin.py:154} INFO - [I 2025-12-07 03:11:59,595] Trial 13 finished with value: 0.7930864197530864 and parameters: {'max_depth': 12, 'learning_rate': 0.044895226135441196, 'subsample': 0.5665366910967536, 'colsample_bytree': 0.8859620061900355, 'min_child_weight': 3, 'gamma': 1.917402313638418, 'n_estimators': 204}. Best is trial 12 with value: 0.7940886699507389.
[2025-12-07T03:11:59.596+0000] {logging_mixin.py:154} WARNING - Best trial: 12. Best value: 0.794089:  26%|##6       | 13/50 [00:21<01:01,  1.65s/it, 21.35/60 seconds]
[2025-12-07T03:11:59.596+0000] {logging_mixin.py:154} WARNING - Best trial: 12. Best value: 0.794089:  26%|##6       | 13/50 [00:21<01:01,  1.65s/it, 21.35/60 seconds]
[2025-12-07T03:11:59.596+0000] {logging_mixin.py:154} WARNING - Best trial: 12. Best value: 0.794089:  28%|##8       | 14/50 [00:21<00:44,  1.23s/it, 21.35/60 seconds]
[2025-12-07T03:11:59.596+0000] {logging_mixin.py:154} WARNING - Best trial: 12. Best value: 0.794089:  28%|##8       | 14/50 [00:21<00:44,  1.23s/it, 21.61/60 seconds]
[2025-12-07T03:11:59.867+0000] {logging_mixin.py:154} WARNING -                                                                                                        
[2025-12-07T03:11:59.867+0000] {logging_mixin.py:154} WARNING - 
[2025-12-07T03:11:59.867+0000] {logging_mixin.py:154} INFO - [I 2025-12-07 03:11:59,867] Trial 14 finished with value: 0.7934943321833415 and parameters: {'max_depth': 11, 'learning_rate': 0.053930744054772994, 'subsample': 0.7117937607264596, 'colsample_bytree': 0.9836749939091477, 'min_child_weight': 3, 'gamma': 1.8599179738626925, 'n_estimators': 190}. Best is trial 12 with value: 0.7940886699507389.
[2025-12-07T03:11:59.867+0000] {logging_mixin.py:154} WARNING - Best trial: 12. Best value: 0.794089:  28%|##8       | 14/50 [00:21<00:44,  1.23s/it, 21.61/60 seconds]
[2025-12-07T03:11:59.868+0000] {logging_mixin.py:154} WARNING - Best trial: 12. Best value: 0.794089:  28%|##8       | 14/50 [00:21<00:44,  1.23s/it, 21.61/60 seconds]
[2025-12-07T03:11:59.868+0000] {logging_mixin.py:154} WARNING - Best trial: 12. Best value: 0.794089:  30%|###       | 15/50 [00:21<00:33,  1.06it/s, 21.61/60 seconds]
[2025-12-07T03:11:59.868+0000] {logging_mixin.py:154} WARNING - Best trial: 12. Best value: 0.794089:  30%|###       | 15/50 [00:21<00:33,  1.06it/s, 21.88/60 seconds]
[2025-12-07T03:12:00.083+0000] {logging_mixin.py:154} WARNING -                                                                                                        
[2025-12-07T03:12:00.083+0000] {logging_mixin.py:154} WARNING - 
[2025-12-07T03:12:00.083+0000] {logging_mixin.py:154} INFO - [I 2025-12-07 03:12:00,083] Trial 15 finished with value: 0.7901234567901234 and parameters: {'max_depth': 9, 'learning_rate': 0.0640593263272859, 'subsample': 0.6834409384238629, 'colsample_bytree': 0.9961659353279209, 'min_child_weight': 3, 'gamma': 2.0670704984635635, 'n_estimators': 166}. Best is trial 12 with value: 0.7940886699507389.
[2025-12-07T03:12:00.083+0000] {logging_mixin.py:154} WARNING - Best trial: 12. Best value: 0.794089:  30%|###       | 15/50 [00:22<00:33,  1.06it/s, 21.88/60 seconds]
[2025-12-07T03:12:00.084+0000] {logging_mixin.py:154} WARNING - Best trial: 12. Best value: 0.794089:  30%|###       | 15/50 [00:22<00:33,  1.06it/s, 21.88/60 seconds]
[2025-12-07T03:12:00.084+0000] {logging_mixin.py:154} WARNING - Best trial: 12. Best value: 0.794089:  32%|###2      | 16/50 [00:22<00:24,  1.38it/s, 21.88/60 seconds]
[2025-12-07T03:12:00.084+0000] {logging_mixin.py:154} WARNING - Best trial: 12. Best value: 0.794089:  32%|###2      | 16/50 [00:22<00:24,  1.38it/s, 22.10/60 seconds]
[2025-12-07T03:12:00.454+0000] {logging_mixin.py:154} WARNING -                                                                                                        
[2025-12-07T03:12:00.454+0000] {logging_mixin.py:154} WARNING - 
[2025-12-07T03:12:00.455+0000] {logging_mixin.py:154} INFO - [I 2025-12-07 03:12:00,454] Trial 16 finished with value: 0.7854330708661418 and parameters: {'max_depth': 9, 'learning_rate': 0.09783111019587115, 'subsample': 0.7293317726134729, 'colsample_bytree': 0.9286955650046743, 'min_child_weight': 6, 'gamma': 2.2871072942155934, 'n_estimators': 229}. Best is trial 12 with value: 0.7940886699507389.
[2025-12-07T03:12:00.455+0000] {logging_mixin.py:154} WARNING - Best trial: 12. Best value: 0.794089:  32%|###2      | 16/50 [00:22<00:24,  1.38it/s, 22.10/60 seconds]
[2025-12-07T03:12:00.456+0000] {logging_mixin.py:154} WARNING - Best trial: 12. Best value: 0.794089:  32%|###2      | 16/50 [00:22<00:24,  1.38it/s, 22.10/60 seconds]
[2025-12-07T03:12:00.456+0000] {logging_mixin.py:154} WARNING - Best trial: 12. Best value: 0.794089:  34%|###4      | 17/50 [00:22<00:20,  1.62it/s, 22.10/60 seconds]
[2025-12-07T03:12:00.456+0000] {logging_mixin.py:154} WARNING - Best trial: 12. Best value: 0.794089:  34%|###4      | 17/50 [00:22<00:20,  1.62it/s, 22.47/60 seconds]
[2025-12-07T03:12:00.702+0000] {logging_mixin.py:154} WARNING -                                                                                                        
[2025-12-07T03:12:00.702+0000] {logging_mixin.py:154} WARNING - 
[2025-12-07T03:12:00.702+0000] {logging_mixin.py:154} INFO - [I 2025-12-07 03:12:00,702] Trial 17 finished with value: 0.788621873467386 and parameters: {'max_depth': 12, 'learning_rate': 0.042690651393913995, 'subsample': 0.7320832480224756, 'colsample_bytree': 0.9413017401393611, 'min_child_weight': 3, 'gamma': 3.10794512580289, 'n_estimators': 126}. Best is trial 12 with value: 0.7940886699507389.
[2025-12-07T03:12:00.703+0000] {logging_mixin.py:154} WARNING - Best trial: 12. Best value: 0.794089:  34%|###4      | 17/50 [00:22<00:20,  1.62it/s, 22.47/60 seconds]
[2025-12-07T03:12:00.703+0000] {logging_mixin.py:154} WARNING - Best trial: 12. Best value: 0.794089:  34%|###4      | 17/50 [00:22<00:20,  1.62it/s, 22.47/60 seconds]
[2025-12-07T03:12:00.703+0000] {logging_mixin.py:154} WARNING - Best trial: 12. Best value: 0.794089:  36%|###6      | 18/50 [00:22<00:16,  1.97it/s, 22.47/60 seconds]
[2025-12-07T03:12:00.703+0000] {logging_mixin.py:154} WARNING - Best trial: 12. Best value: 0.794089:  36%|###6      | 18/50 [00:22<00:16,  1.97it/s, 22.72/60 seconds]
[2025-12-07T03:12:01.040+0000] {logging_mixin.py:154} WARNING -                                                                                                        
[2025-12-07T03:12:01.040+0000] {logging_mixin.py:154} WARNING - 
[2025-12-07T03:12:01.040+0000] {logging_mixin.py:154} INFO - [I 2025-12-07 03:12:01,040] Trial 18 finished with value: 0.7916459472899056 and parameters: {'max_depth': 11, 'learning_rate': 0.10256767291752679, 'subsample': 0.6275285346069479, 'colsample_bytree': 0.9734024632067816, 'min_child_weight': 2, 'gamma': 1.6094593839505538, 'n_estimators': 350}. Best is trial 12 with value: 0.7940886699507389.
[2025-12-07T03:12:01.041+0000] {logging_mixin.py:154} WARNING - Best trial: 12. Best value: 0.794089:  36%|###6      | 18/50 [00:23<00:16,  1.97it/s, 22.72/60 seconds]
[2025-12-07T03:12:01.041+0000] {logging_mixin.py:154} WARNING - Best trial: 12. Best value: 0.794089:  36%|###6      | 18/50 [00:23<00:16,  1.97it/s, 22.72/60 seconds]
[2025-12-07T03:12:01.041+0000] {logging_mixin.py:154} WARNING - Best trial: 12. Best value: 0.794089:  38%|###8      | 19/50 [00:23<00:14,  2.19it/s, 22.72/60 seconds]
[2025-12-07T03:12:01.041+0000] {logging_mixin.py:154} WARNING - Best trial: 12. Best value: 0.794089:  38%|###8      | 19/50 [00:23<00:14,  2.19it/s, 23.06/60 seconds]
[2025-12-07T03:12:01.455+0000] {logging_mixin.py:154} WARNING -                                                                                                        
[2025-12-07T03:12:01.455+0000] {logging_mixin.py:154} WARNING - 
[2025-12-07T03:12:01.455+0000] {logging_mixin.py:154} INFO - [I 2025-12-07 03:12:01,455] Trial 19 finished with value: 0.7904667328699108 and parameters: {'max_depth': 15, 'learning_rate': 0.07190098532460501, 'subsample': 0.5793232378331259, 'colsample_bytree': 0.8841401392435734, 'min_child_weight': 6, 'gamma': 1.1019095545526527, 'n_estimators': 246}. Best is trial 12 with value: 0.7940886699507389.
[2025-12-07T03:12:01.455+0000] {logging_mixin.py:154} WARNING - Best trial: 12. Best value: 0.794089:  38%|###8      | 19/50 [00:23<00:14,  2.19it/s, 23.06/60 seconds]
[2025-12-07T03:12:01.456+0000] {logging_mixin.py:154} WARNING - Best trial: 12. Best value: 0.794089:  38%|###8      | 19/50 [00:23<00:14,  2.19it/s, 23.06/60 seconds]
[2025-12-07T03:12:01.456+0000] {logging_mixin.py:154} WARNING - Best trial: 12. Best value: 0.794089:  40%|####      | 20/50 [00:23<00:13,  2.25it/s, 23.06/60 seconds]
[2025-12-07T03:12:01.456+0000] {logging_mixin.py:154} WARNING - Best trial: 12. Best value: 0.794089:  40%|####      | 20/50 [00:23<00:13,  2.25it/s, 23.47/60 seconds]
[2025-12-07T03:12:01.571+0000] {logging_mixin.py:154} WARNING -                                                                                                        
[2025-12-07T03:12:01.571+0000] {logging_mixin.py:154} WARNING - 
[2025-12-07T03:12:01.571+0000] {logging_mixin.py:154} INFO - [I 2025-12-07 03:12:01,571] Trial 20 finished with value: 0.7885939036381515 and parameters: {'max_depth': 8, 'learning_rate': 0.03823322635654055, 'subsample': 0.713173333047047, 'colsample_bytree': 0.7283973162459985, 'min_child_weight': 4, 'gamma': 1.7835198485403547, 'n_estimators': 103}. Best is trial 12 with value: 0.7940886699507389.
[2025-12-07T03:12:01.571+0000] {logging_mixin.py:154} WARNING - Best trial: 12. Best value: 0.794089:  40%|####      | 20/50 [00:23<00:13,  2.25it/s, 23.47/60 seconds]
[2025-12-07T03:12:01.572+0000] {logging_mixin.py:154} WARNING - Best trial: 12. Best value: 0.794089:  40%|####      | 20/50 [00:23<00:13,  2.25it/s, 23.47/60 seconds]
[2025-12-07T03:12:01.572+0000] {logging_mixin.py:154} WARNING - Best trial: 12. Best value: 0.794089:  42%|####2     | 21/50 [00:23<00:10,  2.90it/s, 23.47/60 seconds]
[2025-12-07T03:12:01.572+0000] {logging_mixin.py:154} WARNING - Best trial: 12. Best value: 0.794089:  42%|####2     | 21/50 [00:23<00:10,  2.90it/s, 23.59/60 seconds]
[2025-12-07T03:12:01.913+0000] {logging_mixin.py:154} WARNING -                                                                                                        
[2025-12-07T03:12:01.913+0000] {logging_mixin.py:154} WARNING - 
[2025-12-07T03:12:01.913+0000] {logging_mixin.py:154} INFO - [I 2025-12-07 03:12:01,912] Trial 21 finished with value: 0.787192118226601 and parameters: {'max_depth': 13, 'learning_rate': 0.04465080545537893, 'subsample': 0.5961123102841477, 'colsample_bytree': 0.8997156880287537, 'min_child_weight': 3, 'gamma': 1.8973028109067678, 'n_estimators': 190}. Best is trial 12 with value: 0.7940886699507389.
[2025-12-07T03:12:01.913+0000] {logging_mixin.py:154} WARNING - Best trial: 12. Best value: 0.794089:  42%|####2     | 21/50 [00:23<00:10,  2.90it/s, 23.59/60 seconds]
[2025-12-07T03:12:01.914+0000] {logging_mixin.py:154} WARNING - Best trial: 12. Best value: 0.794089:  42%|####2     | 21/50 [00:23<00:10,  2.90it/s, 23.59/60 seconds]
[2025-12-07T03:12:01.914+0000] {logging_mixin.py:154} WARNING - Best trial: 12. Best value: 0.794089:  44%|####4     | 22/50 [00:23<00:09,  2.90it/s, 23.59/60 seconds]
[2025-12-07T03:12:01.914+0000] {logging_mixin.py:154} WARNING - Best trial: 12. Best value: 0.794089:  44%|####4     | 22/50 [00:23<00:09,  2.90it/s, 23.93/60 seconds]
[2025-12-07T03:12:02.142+0000] {logging_mixin.py:154} WARNING -                                                                                                        
[2025-12-07T03:12:02.142+0000] {logging_mixin.py:154} WARNING - 
[2025-12-07T03:12:02.142+0000] {logging_mixin.py:154} INFO - [I 2025-12-07 03:12:02,142] Trial 22 finished with value: 0.7911330049261084 and parameters: {'max_depth': 12, 'learning_rate': 0.055296352868879226, 'subsample': 0.5672076180448165, 'colsample_bytree': 0.9398943127608111, 'min_child_weight': 2, 'gamma': 2.473326579015991, 'n_estimators': 216}. Best is trial 12 with value: 0.7940886699507389.
[2025-12-07T03:12:02.142+0000] {logging_mixin.py:154} WARNING - Best trial: 12. Best value: 0.794089:  44%|####4     | 22/50 [00:24<00:09,  2.90it/s, 23.93/60 seconds]
[2025-12-07T03:12:02.143+0000] {logging_mixin.py:154} WARNING - Best trial: 12. Best value: 0.794089:  44%|####4     | 22/50 [00:24<00:09,  2.90it/s, 23.93/60 seconds]
[2025-12-07T03:12:02.143+0000] {logging_mixin.py:154} WARNING - Best trial: 12. Best value: 0.794089:  46%|####6     | 23/50 [00:24<00:08,  3.23it/s, 23.93/60 seconds]
[2025-12-07T03:12:02.143+0000] {logging_mixin.py:154} WARNING - Best trial: 12. Best value: 0.794089:  46%|####6     | 23/50 [00:24<00:08,  3.23it/s, 24.16/60 seconds]
[2025-12-07T03:12:02.350+0000] {logging_mixin.py:154} WARNING -                                                                                                        
[2025-12-07T03:12:02.351+0000] {logging_mixin.py:154} WARNING - 
[2025-12-07T03:12:02.351+0000] {logging_mixin.py:154} INFO - [I 2025-12-07 03:12:02,350] Trial 23 finished with value: 0.7910891089108909 and parameters: {'max_depth': 11, 'learning_rate': 0.03844567655785623, 'subsample': 0.6057478977720524, 'colsample_bytree': 0.9995624472381344, 'min_child_weight': 3, 'gamma': 1.2640008154911218, 'n_estimators': 166}. Best is trial 12 with value: 0.7940886699507389.
[2025-12-07T03:12:02.351+0000] {logging_mixin.py:154} WARNING - Best trial: 12. Best value: 0.794089:  46%|####6     | 23/50 [00:24<00:08,  3.23it/s, 24.16/60 seconds]
[2025-12-07T03:12:02.351+0000] {logging_mixin.py:154} WARNING - Best trial: 12. Best value: 0.794089:  46%|####6     | 23/50 [00:24<00:08,  3.23it/s, 24.16/60 seconds]
[2025-12-07T03:12:02.351+0000] {logging_mixin.py:154} WARNING - Best trial: 12. Best value: 0.794089:  48%|####8     | 24/50 [00:24<00:07,  3.58it/s, 24.16/60 seconds]
[2025-12-07T03:12:02.351+0000] {logging_mixin.py:154} WARNING - Best trial: 12. Best value: 0.794089:  48%|####8     | 24/50 [00:24<00:07,  3.58it/s, 24.37/60 seconds]
[2025-12-07T03:12:03.002+0000] {logging_mixin.py:154} WARNING -                                                                                                        
[2025-12-07T03:12:03.002+0000] {logging_mixin.py:154} WARNING - 
[2025-12-07T03:12:03.002+0000] {logging_mixin.py:154} INFO - [I 2025-12-07 03:12:03,002] Trial 24 finished with value: 0.7887740029542097 and parameters: {'max_depth': 13, 'learning_rate': 0.05333117662424394, 'subsample': 0.6584533293940609, 'colsample_bytree': 0.8826401584031807, 'min_child_weight': 4, 'gamma': 1.83787404954989, 'n_estimators': 247}. Best is trial 12 with value: 0.7940886699507389.
[2025-12-07T03:12:03.002+0000] {logging_mixin.py:154} WARNING - Best trial: 12. Best value: 0.794089:  48%|####8     | 24/50 [00:25<00:07,  3.58it/s, 24.37/60 seconds]
[2025-12-07T03:12:03.002+0000] {logging_mixin.py:154} WARNING - Best trial: 12. Best value: 0.794089:  48%|####8     | 24/50 [00:25<00:07,  3.58it/s, 24.37/60 seconds]
[2025-12-07T03:12:03.003+0000] {logging_mixin.py:154} WARNING - Best trial: 12. Best value: 0.794089:  50%|#####     | 25/50 [00:25<00:09,  2.56it/s, 24.37/60 seconds]
[2025-12-07T03:12:03.003+0000] {logging_mixin.py:154} WARNING - Best trial: 12. Best value: 0.794089:  50%|#####     | 25/50 [00:25<00:09,  2.56it/s, 25.02/60 seconds]
[2025-12-07T03:12:03.376+0000] {logging_mixin.py:154} WARNING -                                                                                                        
[2025-12-07T03:12:03.377+0000] {logging_mixin.py:154} WARNING - 
[2025-12-07T03:12:03.377+0000] {logging_mixin.py:154} INFO - [I 2025-12-07 03:12:03,376] Trial 25 finished with value: 0.791522917693445 and parameters: {'max_depth': 10, 'learning_rate': 0.06629083891210888, 'subsample': 0.6961268001838345, 'colsample_bytree': 0.798546921264343, 'min_child_weight': 2, 'gamma': 2.1774582834198766, 'n_estimators': 120}. Best is trial 12 with value: 0.7940886699507389.
[2025-12-07T03:12:03.377+0000] {logging_mixin.py:154} WARNING - Best trial: 12. Best value: 0.794089:  50%|#####     | 25/50 [00:25<00:09,  2.56it/s, 25.02/60 seconds]
[2025-12-07T03:12:03.377+0000] {logging_mixin.py:154} WARNING - Best trial: 12. Best value: 0.794089:  50%|#####     | 25/50 [00:25<00:09,  2.56it/s, 25.02/60 seconds]
[2025-12-07T03:12:03.377+0000] {logging_mixin.py:154} WARNING - Best trial: 12. Best value: 0.794089:  52%|#####2    | 26/50 [00:25<00:09,  2.59it/s, 25.02/60 seconds]
[2025-12-07T03:12:03.378+0000] {logging_mixin.py:154} WARNING - Best trial: 12. Best value: 0.794089:  52%|#####2    | 26/50 [00:25<00:09,  2.59it/s, 25.39/60 seconds]
[2025-12-07T03:12:05.263+0000] {logging_mixin.py:154} WARNING -                                                                                                        
[2025-12-07T03:12:05.263+0000] {logging_mixin.py:154} WARNING - 
[2025-12-07T03:12:05.263+0000] {logging_mixin.py:154} INFO - [I 2025-12-07 03:12:05,263] Trial 26 finished with value: 0.7908594138102334 and parameters: {'max_depth': 12, 'learning_rate': 0.03292341872883342, 'subsample': 0.5468759455172107, 'colsample_bytree': 0.8642095814696831, 'min_child_weight': 1, 'gamma': 1.4948264847425374, 'n_estimators': 167}. Best is trial 12 with value: 0.7940886699507389.
[2025-12-07T03:12:05.263+0000] {logging_mixin.py:154} WARNING - Best trial: 12. Best value: 0.794089:  52%|#####2    | 26/50 [00:27<00:09,  2.59it/s, 25.39/60 seconds]
[2025-12-07T03:12:05.264+0000] {logging_mixin.py:154} WARNING - Best trial: 12. Best value: 0.794089:  52%|#####2    | 26/50 [00:27<00:09,  2.59it/s, 25.39/60 seconds]
[2025-12-07T03:12:05.264+0000] {logging_mixin.py:154} WARNING - Best trial: 12. Best value: 0.794089:  54%|#####4    | 27/50 [00:27<00:19,  1.20it/s, 25.39/60 seconds]
[2025-12-07T03:12:05.264+0000] {logging_mixin.py:154} WARNING - Best trial: 12. Best value: 0.794089:  54%|#####4    | 27/50 [00:27<00:19,  1.20it/s, 27.28/60 seconds]
[2025-12-07T03:12:05.942+0000] {logging_mixin.py:154} WARNING -                                                                                                        
[2025-12-07T03:12:05.942+0000] {logging_mixin.py:154} WARNING - 
