[2025-12-07T03:12:24.545+0000] {logging_mixin.py:154} INFO - [I 2025-12-07 03:12:24,545] Trial 49 finished with value: 0.7907206317867719 and parameters: {'max_depth': 7, 'learning_rate': 0.015177095679649262, 'subsample': 0.7265370275090872, 'colsample_bytree': 0.8176259954102969, 'min_child_weight': 1, 'gamma': 1.0802924864907744, 'n_estimators': 284}. Best is trial 43 with value: 0.7958579881656804.
[2025-12-07T03:12:24.546+0000] {logging_mixin.py:154} WARNING - Best trial: 43. Best value: 0.795858:  98%|#########8| 49/50 [00:46<00:00,  1.08it/s, 46.23/60 seconds]
[2025-12-07T03:12:24.546+0000] {logging_mixin.py:154} WARNING - Best trial: 43. Best value: 0.795858:  98%|#########8| 49/50 [00:46<00:00,  1.08it/s, 46.23/60 seconds]
[2025-12-07T03:12:24.546+0000] {logging_mixin.py:154} WARNING - Best trial: 43. Best value: 0.795858: 100%|##########| 50/50 [00:46<00:00,  1.33it/s, 46.23/60 seconds]
[2025-12-07T03:12:24.546+0000] {logging_mixin.py:154} WARNING - Best trial: 43. Best value: 0.795858: 100%|##########| 50/50 [00:46<00:00,  1.33it/s, 46.56/60 seconds]
[2025-12-07T03:12:24.547+0000] {logging_mixin.py:154} WARNING - Best trial: 43. Best value: 0.795858: 100%|##########| 50/50 [00:46<00:00,  1.07it/s, 46.56/60 seconds]
[2025-12-07T03:12:24.550+0000] {model_training.py:121} INFO - ✅ Optimización completada: 50 trials en 60s
[2025-12-07T03:12:24.550+0000] {model_training.py:122} INFO - ✅ Mejor F1-Score (validación): 0.7959
[2025-12-07T03:12:24.551+0000] {model_training.py:123} INFO - 📊 Mejores hiperparámetros encontrados:
[2025-12-07T03:12:24.551+0000] {model_training.py:125} INFO -    - max_depth: 10
[2025-12-07T03:12:24.551+0000] {model_training.py:125} INFO -    - learning_rate: 0.01104125757513892
[2025-12-07T03:12:24.551+0000] {model_training.py:125} INFO -    - subsample: 0.6689222009381379
[2025-12-07T03:12:24.551+0000] {model_training.py:125} INFO -    - colsample_bytree: 0.6851091462398922
[2025-12-07T03:12:24.551+0000] {model_training.py:125} INFO -    - min_child_weight: 1
[2025-12-07T03:12:24.551+0000] {model_training.py:125} INFO -    - gamma: 0.7578034907914254
[2025-12-07T03:12:24.552+0000] {model_training.py:125} INFO -    - n_estimators: 267
[2025-12-07T03:12:24.552+0000] {model_training.py:294} INFO - 📊 Generando gráficos de optimización de Optuna...
[2025-12-07T03:12:24.985+0000] {model_training.py:337} INFO -    ✓ Gráfico de importancia de hiperparámetros guardado: /opt/***/diagrams/hyperparameter_importance.png
[2025-12-07T03:12:24.989+0000] {model_training.py:350} INFO -    ✓ Datos de importancia guardados: /opt/***/diagrams/hyperparameter_importance.json
[2025-12-07T03:12:25.199+0000] {model_training.py:410} INFO -    ✓ Gráfico de optimization history guardado: /opt/***/diagrams/optimization_history.png
[2025-12-07T03:12:25.200+0000] {model_training.py:424} INFO -    ✓ Datos de optimization history guardados: /opt/***/diagrams/optimization_history.json
[2025-12-07T03:12:25.200+0000] {model_training.py:426} INFO - ✅ Gráficos de optimización de Optuna generados exitosamente
[2025-12-07T03:12:25.204+0000] {model_training.py:681} INFO - 🎯 Entrenando modelo final con mejores hiperparámetros...
[2025-12-07T03:12:25.254+0000] {logging_mixin.py:154} INFO - [0]	validation_0-logloss:0.68983	validation_1-logloss:0.69009	validation_2-logloss:0.69012
[2025-12-07T03:12:25.255+0000] {logging_mixin.py:154} INFO - [1]	validation_0-logloss:0.68699	validation_1-logloss:0.68752	validation_2-logloss:0.68759
[2025-12-07T03:12:25.258+0000] {logging_mixin.py:154} INFO - [2]	validation_0-logloss:0.68595	validation_1-logloss:0.68697	validation_2-logloss:0.68694
[2025-12-07T03:12:25.259+0000] {logging_mixin.py:154} INFO - [3]	validation_0-logloss:0.68318	validation_1-logloss:0.68455	validation_2-logloss:0.68449
[2025-12-07T03:12:25.261+0000] {logging_mixin.py:154} INFO - [4]	validation_0-logloss:0.68046	validation_1-logloss:0.68219	validation_2-logloss:0.68213
[2025-12-07T03:12:25.262+0000] {logging_mixin.py:154} INFO - [5]	validation_0-logloss:0.67806	validation_1-logloss:0.67994	validation_2-logloss:0.67983
[2025-12-07T03:12:25.264+0000] {logging_mixin.py:154} INFO - [6]	validation_0-logloss:0.67550	validation_1-logloss:0.67783	validation_2-logloss:0.67763
[2025-12-07T03:12:25.266+0000] {logging_mixin.py:154} INFO - [7]	validation_0-logloss:0.67247	validation_1-logloss:0.67508	validation_2-logloss:0.67492
[2025-12-07T03:12:25.267+0000] {logging_mixin.py:154} INFO - [8]	validation_0-logloss:0.66939	validation_1-logloss:0.67227	validation_2-logloss:0.67218
[2025-12-07T03:12:25.268+0000] {logging_mixin.py:154} INFO - [9]	validation_0-logloss:0.66570	validation_1-logloss:0.66910	validation_2-logloss:0.66901
[2025-12-07T03:12:25.270+0000] {logging_mixin.py:154} INFO - [10]	validation_0-logloss:0.66183	validation_1-logloss:0.66565	validation_2-logloss:0.66552
[2025-12-07T03:12:25.272+0000] {logging_mixin.py:154} INFO - [11]	validation_0-logloss:0.65935	validation_1-logloss:0.66367	validation_2-logloss:0.66360
[2025-12-07T03:12:25.273+0000] {logging_mixin.py:154} INFO - [12]	validation_0-logloss:0.65584	validation_1-logloss:0.66056	validation_2-logloss:0.66058
[2025-12-07T03:12:25.274+0000] {logging_mixin.py:154} INFO - [13]	validation_0-logloss:0.65345	validation_1-logloss:0.65837	validation_2-logloss:0.65857
[2025-12-07T03:12:25.277+0000] {logging_mixin.py:154} INFO - [14]	validation_0-logloss:0.65265	validation_1-logloss:0.65786	validation_2-logloss:0.65813
[2025-12-07T03:12:25.279+0000] {logging_mixin.py:154} INFO - [15]	validation_0-logloss:0.65148	validation_1-logloss:0.65687	validation_2-logloss:0.65720
[2025-12-07T03:12:25.280+0000] {logging_mixin.py:154} INFO - [16]	validation_0-logloss:0.64786	validation_1-logloss:0.65362	validation_2-logloss:0.65398
[2025-12-07T03:12:25.282+0000] {logging_mixin.py:154} INFO - [17]	validation_0-logloss:0.64462	validation_1-logloss:0.65058	validation_2-logloss:0.65089
[2025-12-07T03:12:25.286+0000] {logging_mixin.py:154} INFO - [18]	validation_0-logloss:0.64103	validation_1-logloss:0.64736	validation_2-logloss:0.64773
[2025-12-07T03:12:25.287+0000] {logging_mixin.py:154} INFO - [19]	validation_0-logloss:0.64011	validation_1-logloss:0.64667	validation_2-logloss:0.64697
[2025-12-07T03:12:25.291+0000] {logging_mixin.py:154} INFO - [20]	validation_0-logloss:0.63823	validation_1-logloss:0.64500	validation_2-logloss:0.64524
[2025-12-07T03:12:25.292+0000] {logging_mixin.py:154} INFO - [21]	validation_0-logloss:0.63487	validation_1-logloss:0.64202	validation_2-logloss:0.64249
[2025-12-07T03:12:25.295+0000] {logging_mixin.py:154} INFO - [22]	validation_0-logloss:0.63405	validation_1-logloss:0.64150	validation_2-logloss:0.64210
[2025-12-07T03:12:25.296+0000] {logging_mixin.py:154} INFO - [23]	validation_0-logloss:0.63158	validation_1-logloss:0.63939	validation_2-logloss:0.63998
[2025-12-07T03:12:25.297+0000] {logging_mixin.py:154} INFO - [24]	validation_0-logloss:0.63075	validation_1-logloss:0.63867	validation_2-logloss:0.63943
[2025-12-07T03:12:25.299+0000] {logging_mixin.py:154} INFO - [25]	validation_0-logloss:0.62865	validation_1-logloss:0.63680	validation_2-logloss:0.63772
[2025-12-07T03:12:25.300+0000] {logging_mixin.py:154} INFO - [26]	validation_0-logloss:0.62680	validation_1-logloss:0.63509	validation_2-logloss:0.63594
[2025-12-07T03:12:25.302+0000] {logging_mixin.py:154} INFO - [27]	validation_0-logloss:0.62468	validation_1-logloss:0.63347	validation_2-logloss:0.63436
[2025-12-07T03:12:25.304+0000] {logging_mixin.py:154} INFO - [28]	validation_0-logloss:0.62257	validation_1-logloss:0.63178	validation_2-logloss:0.63272
[2025-12-07T03:12:25.305+0000] {logging_mixin.py:154} INFO - [29]	validation_0-logloss:0.61983	validation_1-logloss:0.62919	validation_2-logloss:0.63012
[2025-12-07T03:12:25.307+0000] {logging_mixin.py:154} INFO - [30]	validation_0-logloss:0.61758	validation_1-logloss:0.62712	validation_2-logloss:0.62817
[2025-12-07T03:12:25.309+0000] {logging_mixin.py:154} INFO - [31]	validation_0-logloss:0.61518	validation_1-logloss:0.62515	validation_2-logloss:0.62632
[2025-12-07T03:12:25.310+0000] {logging_mixin.py:154} INFO - [32]	validation_0-logloss:0.61248	validation_1-logloss:0.62282	validation_2-logloss:0.62393
[2025-12-07T03:12:25.312+0000] {logging_mixin.py:154} INFO - [33]	validation_0-logloss:0.60952	validation_1-logloss:0.62019	validation_2-logloss:0.62149
[2025-12-07T03:12:25.315+0000] {logging_mixin.py:154} INFO - [34]	validation_0-logloss:0.60792	validation_1-logloss:0.61872	validation_2-logloss:0.61999
[2025-12-07T03:12:25.316+0000] {logging_mixin.py:154} INFO - [35]	validation_0-logloss:0.60569	validation_1-logloss:0.61680	validation_2-logloss:0.61799
[2025-12-07T03:12:25.317+0000] {logging_mixin.py:154} INFO - [36]	validation_0-logloss:0.60474	validation_1-logloss:0.61614	validation_2-logloss:0.61734
[2025-12-07T03:12:25.319+0000] {logging_mixin.py:154} INFO - [37]	validation_0-logloss:0.60277	validation_1-logloss:0.61461	validation_2-logloss:0.61588
[2025-12-07T03:12:25.321+0000] {logging_mixin.py:154} INFO - [38]	validation_0-logloss:0.60084	validation_1-logloss:0.61326	validation_2-logloss:0.61446
[2025-12-07T03:12:25.323+0000] {logging_mixin.py:154} INFO - [39]	validation_0-logloss:0.59890	validation_1-logloss:0.61150	validation_2-logloss:0.61271
[2025-12-07T03:12:25.324+0000] {logging_mixin.py:154} INFO - [40]	validation_0-logloss:0.59694	validation_1-logloss:0.60970	validation_2-logloss:0.61101
[2025-12-07T03:12:25.327+0000] {logging_mixin.py:154} INFO - [41]	validation_0-logloss:0.59524	validation_1-logloss:0.60838	validation_2-logloss:0.60958
[2025-12-07T03:12:25.328+0000] {logging_mixin.py:154} INFO - [42]	validation_0-logloss:0.59253	validation_1-logloss:0.60613	validation_2-logloss:0.60728
[2025-12-07T03:12:25.332+0000] {logging_mixin.py:154} INFO - [43]	validation_0-logloss:0.58975	validation_1-logloss:0.60387	validation_2-logloss:0.60504
[2025-12-07T03:12:25.337+0000] {logging_mixin.py:154} INFO - [44]	validation_0-logloss:0.58739	validation_1-logloss:0.60170	validation_2-logloss:0.60285
[2025-12-07T03:12:25.341+0000] {logging_mixin.py:154} INFO - [45]	validation_0-logloss:0.58563	validation_1-logloss:0.60044	validation_2-logloss:0.60155
[2025-12-07T03:12:25.343+0000] {logging_mixin.py:154} INFO - [46]	validation_0-logloss:0.58509	validation_1-logloss:0.60006	validation_2-logloss:0.60128
[2025-12-07T03:12:25.345+0000] {logging_mixin.py:154} INFO - [47]	validation_0-logloss:0.58331	validation_1-logloss:0.59849	validation_2-logloss:0.59972
[2025-12-07T03:12:25.347+0000] {logging_mixin.py:154} INFO - [48]	validation_0-logloss:0.58182	validation_1-logloss:0.59723	validation_2-logloss:0.59838
[2025-12-07T03:12:25.348+0000] {logging_mixin.py:154} INFO - [49]	validation_0-logloss:0.57945	validation_1-logloss:0.59522	validation_2-logloss:0.59659
[2025-12-07T03:12:25.349+0000] {logging_mixin.py:154} INFO - [50]	validation_0-logloss:0.57866	validation_1-logloss:0.59473	validation_2-logloss:0.59606
[2025-12-07T03:12:25.352+0000] {logging_mixin.py:154} INFO - [51]	validation_0-logloss:0.57694	validation_1-logloss:0.59321	validation_2-logloss:0.59457
[2025-12-07T03:12:25.353+0000] {logging_mixin.py:154} INFO - [52]	validation_0-logloss:0.57444	validation_1-logloss:0.59113	validation_2-logloss:0.59256
[2025-12-07T03:12:25.355+0000] {logging_mixin.py:154} INFO - [53]	validation_0-logloss:0.57302	validation_1-logloss:0.59016	validation_2-logloss:0.59152
[2025-12-07T03:12:25.356+0000] {logging_mixin.py:154} INFO - [54]	validation_0-logloss:0.57121	validation_1-logloss:0.58860	validation_2-logloss:0.59006
[2025-12-07T03:12:25.358+0000] {logging_mixin.py:154} INFO - [55]	validation_0-logloss:0.56896	validation_1-logloss:0.58652	validation_2-logloss:0.58805
[2025-12-07T03:12:25.360+0000] {logging_mixin.py:154} INFO - [56]	validation_0-logloss:0.56712	validation_1-logloss:0.58502	validation_2-logloss:0.58661
[2025-12-07T03:12:25.361+0000] {logging_mixin.py:154} INFO - [57]	validation_0-logloss:0.56556	validation_1-logloss:0.58386	validation_2-logloss:0.58555
[2025-12-07T03:12:25.364+0000] {logging_mixin.py:154} INFO - [58]	validation_0-logloss:0.56389	validation_1-logloss:0.58263	validation_2-logloss:0.58427
[2025-12-07T03:12:25.365+0000] {logging_mixin.py:154} INFO - [59]	validation_0-logloss:0.56247	validation_1-logloss:0.58154	validation_2-logloss:0.58321
[2025-12-07T03:12:25.366+0000] {logging_mixin.py:154} INFO - [60]	validation_0-logloss:0.56099	validation_1-logloss:0.58031	validation_2-logloss:0.58208
[2025-12-07T03:12:25.367+0000] {logging_mixin.py:154} INFO - [61]	validation_0-logloss:0.55932	validation_1-logloss:0.57888	validation_2-logloss:0.58077
[2025-12-07T03:12:25.370+0000] {logging_mixin.py:154} INFO - [62]	validation_0-logloss:0.55714	validation_1-logloss:0.57694	validation_2-logloss:0.57899
[2025-12-07T03:12:25.371+0000] {logging_mixin.py:154} INFO - [63]	validation_0-logloss:0.55569	validation_1-logloss:0.57604	validation_2-logloss:0.57803
[2025-12-07T03:12:25.373+0000] {logging_mixin.py:154} INFO - [64]	validation_0-logloss:0.55427	validation_1-logloss:0.57471	validation_2-logloss:0.57668
[2025-12-07T03:12:25.374+0000] {logging_mixin.py:154} INFO - [65]	validation_0-logloss:0.55311	validation_1-logloss:0.57382	validation_2-logloss:0.57577
[2025-12-07T03:12:25.376+0000] {logging_mixin.py:154} INFO - [66]	validation_0-logloss:0.55114	validation_1-logloss:0.57216	validation_2-logloss:0.57423
[2025-12-07T03:12:25.377+0000] {logging_mixin.py:154} INFO - [67]	validation_0-logloss:0.54975	validation_1-logloss:0.57110	validation_2-logloss:0.57315
[2025-12-07T03:12:25.379+0000] {logging_mixin.py:154} INFO - [68]	validation_0-logloss:0.54798	validation_1-logloss:0.56954	validation_2-logloss:0.57163
[2025-12-07T03:12:25.380+0000] {logging_mixin.py:154} INFO - [69]	validation_0-logloss:0.54616	validation_1-logloss:0.56796	validation_2-logloss:0.57014
[2025-12-07T03:12:25.382+0000] {logging_mixin.py:154} INFO - [70]	validation_0-logloss:0.54436	validation_1-logloss:0.56639	validation_2-logloss:0.56857
[2025-12-07T03:12:25.384+0000] {logging_mixin.py:154} INFO - [71]	validation_0-logloss:0.54325	validation_1-logloss:0.56557	validation_2-logloss:0.56780
[2025-12-07T03:12:25.389+0000] {logging_mixin.py:154} INFO - [72]	validation_0-logloss:0.54198	validation_1-logloss:0.56462	validation_2-logloss:0.56692
[2025-12-07T03:12:25.395+0000] {logging_mixin.py:154} INFO - [73]	validation_0-logloss:0.53999	validation_1-logloss:0.56302	validation_2-logloss:0.56538
[2025-12-07T03:12:25.396+0000] {logging_mixin.py:154} INFO - [74]	validation_0-logloss:0.53886	validation_1-logloss:0.56191	validation_2-logloss:0.56431
[2025-12-07T03:12:25.397+0000] {logging_mixin.py:154} INFO - [75]	validation_0-logloss:0.53760	validation_1-logloss:0.56088	validation_2-logloss:0.56324
[2025-12-07T03:12:25.399+0000] {logging_mixin.py:154} INFO - [76]	validation_0-logloss:0.53643	validation_1-logloss:0.56000	validation_2-logloss:0.56234
[2025-12-07T03:12:25.402+0000] {logging_mixin.py:154} INFO - [77]	validation_0-logloss:0.53525	validation_1-logloss:0.55912	validation_2-logloss:0.56149
[2025-12-07T03:12:25.403+0000] {logging_mixin.py:154} INFO - [78]	validation_0-logloss:0.53389	validation_1-logloss:0.55802	validation_2-logloss:0.56043
[2025-12-07T03:12:25.405+0000] {logging_mixin.py:154} INFO - [79]	validation_0-logloss:0.53290	validation_1-logloss:0.55718	validation_2-logloss:0.55968
[2025-12-07T03:12:25.406+0000] {logging_mixin.py:154} INFO - [80]	validation_0-logloss:0.53119	validation_1-logloss:0.55591	validation_2-logloss:0.55847
[2025-12-07T03:12:25.408+0000] {logging_mixin.py:154} INFO - [81]	validation_0-logloss:0.52935	validation_1-logloss:0.55453	validation_2-logloss:0.55716
[2025-12-07T03:12:25.410+0000] {logging_mixin.py:154} INFO - [82]	validation_0-logloss:0.52825	validation_1-logloss:0.55368	validation_2-logloss:0.55630
[2025-12-07T03:12:25.411+0000] {logging_mixin.py:154} INFO - [83]	validation_0-logloss:0.52668	validation_1-logloss:0.55227	validation_2-logloss:0.55489
[2025-12-07T03:12:25.413+0000] {logging_mixin.py:154} INFO - [84]	validation_0-logloss:0.52545	validation_1-logloss:0.55138	validation_2-logloss:0.55415
[2025-12-07T03:12:25.414+0000] {logging_mixin.py:154} INFO - [85]	validation_0-logloss:0.52482	validation_1-logloss:0.55102	validation_2-logloss:0.55379
[2025-12-07T03:12:25.416+0000] {logging_mixin.py:154} INFO - [86]	validation_0-logloss:0.52382	validation_1-logloss:0.55006	validation_2-logloss:0.55288
[2025-12-07T03:12:25.417+0000] {logging_mixin.py:154} INFO - [87]	validation_0-logloss:0.52298	validation_1-logloss:0.54927	validation_2-logloss:0.55205
[2025-12-07T03:12:25.418+0000] {logging_mixin.py:154} INFO - [88]	validation_0-logloss:0.52202	validation_1-logloss:0.54837	validation_2-logloss:0.55110
[2025-12-07T03:12:25.420+0000] {logging_mixin.py:154} INFO - [89]	validation_0-logloss:0.52031	validation_1-logloss:0.54725	validation_2-logloss:0.54993
[2025-12-07T03:12:25.424+0000] {logging_mixin.py:154} INFO - [90]	validation_0-logloss:0.51922	validation_1-logloss:0.54638	validation_2-logloss:0.54924
[2025-12-07T03:12:25.427+0000] {logging_mixin.py:154} INFO - [91]	validation_0-logloss:0.51824	validation_1-logloss:0.54568	validation_2-logloss:0.54858
[2025-12-07T03:12:25.429+0000] {logging_mixin.py:154} INFO - [92]	validation_0-logloss:0.51715	validation_1-logloss:0.54486	validation_2-logloss:0.54780
[2025-12-07T03:12:25.430+0000] {logging_mixin.py:154} INFO - [93]	validation_0-logloss:0.51664	validation_1-logloss:0.54455	validation_2-logloss:0.54756
[2025-12-07T03:12:25.431+0000] {logging_mixin.py:154} INFO - [94]	validation_0-logloss:0.51508	validation_1-logloss:0.54326	validation_2-logloss:0.54630
[2025-12-07T03:12:25.440+0000] {logging_mixin.py:154} INFO - [95]	validation_0-logloss:0.51395	validation_1-logloss:0.54246	validation_2-logloss:0.54556
[2025-12-07T03:12:25.442+0000] {logging_mixin.py:154} INFO - [96]	validation_0-logloss:0.51285	validation_1-logloss:0.54173	validation_2-logloss:0.54495
[2025-12-07T03:12:25.443+0000] {logging_mixin.py:154} INFO - [97]	validation_0-logloss:0.51184	validation_1-logloss:0.54109	validation_2-logloss:0.54437
[2025-12-07T03:12:25.447+0000] {logging_mixin.py:154} INFO - [98]	validation_0-logloss:0.51079	validation_1-logloss:0.54024	validation_2-logloss:0.54350
[2025-12-07T03:12:25.448+0000] {logging_mixin.py:154} INFO - [99]	validation_0-logloss:0.51035	validation_1-logloss:0.53998	validation_2-logloss:0.54331
[2025-12-07T03:12:25.450+0000] {logging_mixin.py:154} INFO - [100]	validation_0-logloss:0.50931	validation_1-logloss:0.53918	validation_2-logloss:0.54247
[2025-12-07T03:12:25.454+0000] {logging_mixin.py:154} INFO - [101]	validation_0-logloss:0.50778	validation_1-logloss:0.53808	validation_2-logloss:0.54144
[2025-12-07T03:12:25.455+0000] {logging_mixin.py:154} INFO - [102]	validation_0-logloss:0.50635	validation_1-logloss:0.53692	validation_2-logloss:0.54032
[2025-12-07T03:12:25.459+0000] {logging_mixin.py:154} INFO - [103]	validation_0-logloss:0.50533	validation_1-logloss:0.53640	validation_2-logloss:0.53982
[2025-12-07T03:12:25.466+0000] {logging_mixin.py:154} INFO - [104]	validation_0-logloss:0.50426	validation_1-logloss:0.53565	validation_2-logloss:0.53922
[2025-12-07T03:12:25.472+0000] {logging_mixin.py:154} INFO - [105]	validation_0-logloss:0.50279	validation_1-logloss:0.53462	validation_2-logloss:0.53827
[2025-12-07T03:12:25.474+0000] {logging_mixin.py:154} INFO - [106]	validation_0-logloss:0.50151	validation_1-logloss:0.53351	validation_2-logloss:0.53721
[2025-12-07T03:12:25.476+0000] {logging_mixin.py:154} INFO - [107]	validation_0-logloss:0.50056	validation_1-logloss:0.53291	validation_2-logloss:0.53648
[2025-12-07T03:12:25.478+0000] {logging_mixin.py:154} INFO - [108]	validation_0-logloss:0.49925	validation_1-logloss:0.53182	validation_2-logloss:0.53541
[2025-12-07T03:12:25.479+0000] {logging_mixin.py:154} INFO - [109]	validation_0-logloss:0.49836	validation_1-logloss:0.53126	validation_2-logloss:0.53490
[2025-12-07T03:12:25.480+0000] {logging_mixin.py:154} INFO - [110]	validation_0-logloss:0.49745	validation_1-logloss:0.53054	validation_2-logloss:0.53429
[2025-12-07T03:12:25.483+0000] {logging_mixin.py:154} INFO - [111]	validation_0-logloss:0.49649	validation_1-logloss:0.53006	validation_2-logloss:0.53370
[2025-12-07T03:12:25.485+0000] {logging_mixin.py:154} INFO - [112]	validation_0-logloss:0.49554	validation_1-logloss:0.52933	validation_2-logloss:0.53306
[2025-12-07T03:12:25.486+0000] {logging_mixin.py:154} INFO - [113]	validation_0-logloss:0.49421	validation_1-logloss:0.52836	validation_2-logloss:0.53214
[2025-12-07T03:12:25.488+0000] {logging_mixin.py:154} INFO - [114]	validation_0-logloss:0.49327	validation_1-logloss:0.52754	validation_2-logloss:0.53128
[2025-12-07T03:12:25.490+0000] {logging_mixin.py:154} INFO - [115]	validation_0-logloss:0.49209	validation_1-logloss:0.52662	validation_2-logloss:0.53040
[2025-12-07T03:12:25.491+0000] {logging_mixin.py:154} INFO - [116]	validation_0-logloss:0.49074	validation_1-logloss:0.52565	validation_2-logloss:0.52949
[2025-12-07T03:12:25.493+0000] {logging_mixin.py:154} INFO - [117]	validation_0-logloss:0.48984	validation_1-logloss:0.52515	validation_2-logloss:0.52896
[2025-12-07T03:12:25.495+0000] {logging_mixin.py:154} INFO - [118]	validation_0-logloss:0.48904	validation_1-logloss:0.52455	validation_2-logloss:0.52829
[2025-12-07T03:12:25.497+0000] {logging_mixin.py:154} INFO - [119]	validation_0-logloss:0.48859	validation_1-logloss:0.52430	validation_2-logloss:0.52811
[2025-12-07T03:12:25.499+0000] {logging_mixin.py:154} INFO - [120]	validation_0-logloss:0.48780	validation_1-logloss:0.52366	validation_2-logloss:0.52749
[2025-12-07T03:12:25.501+0000] {logging_mixin.py:154} INFO - [121]	validation_0-logloss:0.48696	validation_1-logloss:0.52324	validation_2-logloss:0.52710
[2025-12-07T03:12:25.503+0000] {logging_mixin.py:154} INFO - [122]	validation_0-logloss:0.48606	validation_1-logloss:0.52264	validation_2-loglo