[2025-12-07T03:12:05.942+0000] {logging_mixin.py:154} INFO - [I 2025-12-07 03:12:05,942] Trial 27 finished with value: 0.7870967741935483 and parameters: {'max_depth': 14, 'learning_rate': 0.054229412136988155, 'subsample': 0.7513556979356735, 'colsample_bytree': 0.9237333438176313, 'min_child_weight': 5, 'gamma': 0.9311967502781462, 'n_estimators': 368}. Best is trial 12 with value: 0.7940886699507389.
[2025-12-07T03:12:05.942+0000] {logging_mixin.py:154} WARNING - Best trial: 12. Best value: 0.794089:  54%|#####4    | 27/50 [00:27<00:19,  1.20it/s, 27.28/60 seconds]
[2025-12-07T03:12:05.943+0000] {logging_mixin.py:154} WARNING - Best trial: 12. Best value: 0.794089:  54%|#####4    | 27/50 [00:27<00:19,  1.20it/s, 27.28/60 seconds]
[2025-12-07T03:12:05.943+0000] {logging_mixin.py:154} WARNING - Best trial: 12. Best value: 0.794089:  56%|#####6    | 28/50 [00:27<00:17,  1.27it/s, 27.28/60 seconds]
[2025-12-07T03:12:05.943+0000] {logging_mixin.py:154} WARNING - Best trial: 12. Best value: 0.794089:  56%|#####6    | 28/50 [00:27<00:17,  1.27it/s, 27.96/60 seconds]
[2025-12-07T03:12:06.195+0000] {logging_mixin.py:154} WARNING -                                                                                                        
[2025-12-07T03:12:06.195+0000] {logging_mixin.py:154} WARNING - 
[2025-12-07T03:12:06.195+0000] {logging_mixin.py:154} INFO - [I 2025-12-07 03:12:06,194] Trial 28 finished with value: 0.7893961708394698 and parameters: {'max_depth': 10, 'learning_rate': 0.08440818823926904, 'subsample': 0.662678758858301, 'colsample_bytree': 0.8981253286426786, 'min_child_weight': 3, 'gamma': 2.5417827001006916, 'n_estimators': 202}. Best is trial 12 with value: 0.7940886699507389.
[2025-12-07T03:12:06.195+0000] {logging_mixin.py:154} WARNING - Best trial: 12. Best value: 0.794089:  56%|#####6    | 28/50 [00:28<00:17,  1.27it/s, 27.96/60 seconds]
[2025-12-07T03:12:06.196+0000] {logging_mixin.py:154} WARNING - Best trial: 12. Best value: 0.794089:  56%|#####6    | 28/50 [00:28<00:17,  1.27it/s, 27.96/60 seconds]
[2025-12-07T03:12:06.196+0000] {logging_mixin.py:154} WARNING - Best trial: 12. Best value: 0.794089:  58%|#####8    | 29/50 [00:28<00:13,  1.59it/s, 27.96/60 seconds]
[2025-12-07T03:12:06.196+0000] {logging_mixin.py:154} WARNING - Best trial: 12. Best value: 0.794089:  58%|#####8    | 29/50 [00:28<00:13,  1.59it/s, 28.21/60 seconds]
[2025-12-07T03:12:06.542+0000] {logging_mixin.py:154} WARNING -                                                                                                        
[2025-12-07T03:12:06.542+0000] {logging_mixin.py:154} WARNING - 
[2025-12-07T03:12:06.543+0000] {logging_mixin.py:154} INFO - [I 2025-12-07 03:12:06,542] Trial 29 finished with value: 0.792712949286066 and parameters: {'max_depth': 8, 'learning_rate': 0.0354403614090584, 'subsample': 0.6178143794299643, 'colsample_bytree': 0.7867228302622381, 'min_child_weight': 2, 'gamma': 0.8739246013320259, 'n_estimators': 94}. Best is trial 12 with value: 0.7940886699507389.
[2025-12-07T03:12:06.543+0000] {logging_mixin.py:154} WARNING - Best trial: 12. Best value: 0.794089:  58%|#####8    | 29/50 [00:28<00:13,  1.59it/s, 28.21/60 seconds]
[2025-12-07T03:12:06.543+0000] {logging_mixin.py:154} WARNING - Best trial: 12. Best value: 0.794089:  58%|#####8    | 29/50 [00:28<00:13,  1.59it/s, 28.21/60 seconds]
[2025-12-07T03:12:06.543+0000] {logging_mixin.py:154} WARNING - Best trial: 12. Best value: 0.794089:  60%|######    | 30/50 [00:28<00:10,  1.84it/s, 28.21/60 seconds]
[2025-12-07T03:12:06.543+0000] {logging_mixin.py:154} WARNING - Best trial: 12. Best value: 0.794089:  60%|######    | 30/50 [00:28<00:10,  1.84it/s, 28.56/60 seconds]
[2025-12-07T03:12:06.653+0000] {logging_mixin.py:154} WARNING -                                                                                                        
[2025-12-07T03:12:06.653+0000] {logging_mixin.py:154} WARNING - 
[2025-12-07T03:12:06.653+0000] {logging_mixin.py:154} INFO - [I 2025-12-07 03:12:06,653] Trial 30 finished with value: 0.782435129740519 and parameters: {'max_depth': 14, 'learning_rate': 0.1354019964150952, 'subsample': 0.5873366638078266, 'colsample_bytree': 0.8460597333897542, 'min_child_weight': 4, 'gamma': 0.6833205165655478, 'n_estimators': 59}. Best is trial 12 with value: 0.7940886699507389.
[2025-12-07T03:12:06.653+0000] {logging_mixin.py:154} WARNING - Best trial: 12. Best value: 0.794089:  60%|######    | 30/50 [00:28<00:10,  1.84it/s, 28.56/60 seconds]
[2025-12-07T03:12:06.654+0000] {logging_mixin.py:154} WARNING - Best trial: 12. Best value: 0.794089:  60%|######    | 30/50 [00:28<00:10,  1.84it/s, 28.56/60 seconds]
[2025-12-07T03:12:06.654+0000] {logging_mixin.py:154} WARNING - Best trial: 12. Best value: 0.794089:  62%|######2   | 31/50 [00:28<00:07,  2.42it/s, 28.56/60 seconds]
[2025-12-07T03:12:06.654+0000] {logging_mixin.py:154} WARNING - Best trial: 12. Best value: 0.794089:  62%|######2   | 31/50 [00:28<00:07,  2.42it/s, 28.67/60 seconds]
[2025-12-07T03:12:07.477+0000] {logging_mixin.py:154} WARNING -                                                                                                        
[2025-12-07T03:12:07.478+0000] {logging_mixin.py:154} WARNING - 
[2025-12-07T03:12:07.478+0000] {logging_mixin.py:154} INFO - [I 2025-12-07 03:12:07,477] Trial 31 finished with value: 0.7942345924453281 and parameters: {'max_depth': 13, 'learning_rate': 0.03159359655705285, 'subsample': 0.559681588523837, 'colsample_bytree': 0.8233819200512668, 'min_child_weight': 5, 'gamma': 0.5400959160130215, 'n_estimators': 245}. Best is trial 31 with value: 0.7942345924453281.
[2025-12-07T03:12:07.478+0000] {logging_mixin.py:154} WARNING - Best trial: 12. Best value: 0.794089:  62%|######2   | 31/50 [00:29<00:07,  2.42it/s, 28.67/60 seconds]
[2025-12-07T03:12:07.478+0000] {logging_mixin.py:154} WARNING - Best trial: 31. Best value: 0.794235:  62%|######2   | 31/50 [00:29<00:07,  2.42it/s, 28.67/60 seconds]
[2025-12-07T03:12:07.478+0000] {logging_mixin.py:154} WARNING - Best trial: 31. Best value: 0.794235:  64%|######4   | 32/50 [00:29<00:09,  1.86it/s, 28.67/60 seconds]
[2025-12-07T03:12:07.479+0000] {logging_mixin.py:154} WARNING - Best trial: 31. Best value: 0.794235:  64%|######4   | 32/50 [00:29<00:09,  1.86it/s, 29.49/60 seconds]
[2025-12-07T03:12:08.230+0000] {logging_mixin.py:154} WARNING -                                                                                                        
[2025-12-07T03:12:08.231+0000] {logging_mixin.py:154} WARNING - 
[2025-12-07T03:12:08.231+0000] {logging_mixin.py:154} INFO - [I 2025-12-07 03:12:08,230] Trial 32 finished with value: 0.7926221335992024 and parameters: {'max_depth': 12, 'learning_rate': 0.04602716010304528, 'subsample': 0.5312296744514299, 'colsample_bytree': 0.8318219656769074, 'min_child_weight': 6, 'gamma': 0.5356313096548757, 'n_estimators': 252}. Best is trial 31 with value: 0.7942345924453281.
[2025-12-07T03:12:08.231+0000] {logging_mixin.py:154} WARNING - Best trial: 31. Best value: 0.794235:  64%|######4   | 32/50 [00:30<00:09,  1.86it/s, 29.49/60 seconds]
[2025-12-07T03:12:08.232+0000] {logging_mixin.py:154} WARNING - Best trial: 31. Best value: 0.794235:  64%|######4   | 32/50 [00:30<00:09,  1.86it/s, 29.49/60 seconds]
[2025-12-07T03:12:08.232+0000] {logging_mixin.py:154} WARNING - Best trial: 31. Best value: 0.794235:  66%|######6   | 33/50 [00:30<00:10,  1.66it/s, 29.49/60 seconds]
[2025-12-07T03:12:08.232+0000] {logging_mixin.py:154} WARNING - Best trial: 31. Best value: 0.794235:  66%|######6   | 33/50 [00:30<00:10,  1.66it/s, 30.25/60 seconds]
[2025-12-07T03:12:08.614+0000] {logging_mixin.py:154} WARNING -                                                                                                        
[2025-12-07T03:12:08.614+0000] {logging_mixin.py:154} WARNING - 
[2025-12-07T03:12:08.615+0000] {logging_mixin.py:154} INFO - [I 2025-12-07 03:12:08,614] Trial 33 finished with value: 0.7902825979176995 and parameters: {'max_depth': 14, 'learning_rate': 0.06336743055596639, 'subsample': 0.5017281459793337, 'colsample_bytree': 0.801713793259303, 'min_child_weight': 5, 'gamma': 1.6066455487015165, 'n_estimators': 139}. Best is trial 31 with value: 0.7942345924453281.
[2025-12-07T03:12:08.615+0000] {logging_mixin.py:154} WARNING - Best trial: 31. Best value: 0.794235:  66%|######6   | 33/50 [00:30<00:10,  1.66it/s, 30.25/60 seconds]
[2025-12-07T03:12:08.615+0000] {logging_mixin.py:154} WARNING - Best trial: 31. Best value: 0.794235:  66%|######6   | 33/50 [00:30<00:10,  1.66it/s, 30.25/60 seconds]
[2025-12-07T03:12:08.616+0000] {logging_mixin.py:154} WARNING - Best trial: 31. Best value: 0.794235:  68%|######8   | 34/50 [00:30<00:08,  1.86it/s, 30.25/60 seconds]
[2025-12-07T03:12:08.616+0000] {logging_mixin.py:154} WARNING - Best trial: 31. Best value: 0.794235:  68%|######8   | 34/50 [00:30<00:08,  1.86it/s, 30.63/60 seconds]
[2025-12-07T03:12:13.510+0000] {logging_mixin.py:154} WARNING -                                                                                                        
[2025-12-07T03:12:13.511+0000] {logging_mixin.py:154} WARNING - 
[2025-12-07T03:12:13.511+0000] {logging_mixin.py:154} INFO - [I 2025-12-07 03:12:13,510] Trial 34 finished with value: 0.7883941970985493 and parameters: {'max_depth': 11, 'learning_rate': 0.03284138450123549, 'subsample': 0.5677029465398535, 'colsample_bytree': 0.8140087036863212, 'min_child_weight': 7, 'gamma': 1.2227130351225615, 'n_estimators': 169}. Best is trial 31 with value: 0.7942345924453281.
[2025-12-07T03:12:13.512+0000] {logging_mixin.py:154} WARNING - Best trial: 31. Best value: 0.794235:  68%|######8   | 34/50 [00:35<00:08,  1.86it/s, 30.63/60 seconds]
[2025-12-07T03:12:13.512+0000] {logging_mixin.py:154} WARNING - Best trial: 31. Best value: 0.794235:  68%|######8   | 34/50 [00:35<00:08,  1.86it/s, 30.63/60 seconds]
[2025-12-07T03:12:13.512+0000] {logging_mixin.py:154} WARNING - Best trial: 31. Best value: 0.794235:  70%|#######   | 35/50 [00:35<00:27,  1.84s/it, 30.63/60 seconds]
[2025-12-07T03:12:13.513+0000] {logging_mixin.py:154} WARNING - Best trial: 31. Best value: 0.794235:  70%|#######   | 35/50 [00:35<00:27,  1.84s/it, 35.53/60 seconds]
[2025-12-07T03:12:14.893+0000] {logging_mixin.py:154} WARNING -                                                                                                        
[2025-12-07T03:12:14.893+0000] {logging_mixin.py:154} WARNING - 
[2025-12-07T03:12:14.893+0000] {logging_mixin.py:154} INFO - [I 2025-12-07 03:12:14,892] Trial 35 finished with value: 0.7920398009950249 and parameters: {'max_depth': 13, 'learning_rate': 0.0430571118164083, 'subsample': 0.6310592808460209, 'colsample_bytree': 0.7443159278169246, 'min_child_weight': 3, 'gamma': 0.9090165882815255, 'n_estimators': 322}. Best is trial 31 with value: 0.7942345924453281.
[2025-12-07T03:12:14.894+0000] {logging_mixin.py:154} WARNING - Best trial: 31. Best value: 0.794235:  70%|#######   | 35/50 [00:36<00:27,  1.84s/it, 35.53/60 seconds]
[2025-12-07T03:12:14.894+0000] {logging_mixin.py:154} WARNING - Best trial: 31. Best value: 0.794235:  70%|#######   | 35/50 [00:36<00:27,  1.84s/it, 35.53/60 seconds]
[2025-12-07T03:12:14.894+0000] {logging_mixin.py:154} WARNING - Best trial: 31. Best value: 0.794235:  72%|#######2  | 36/50 [00:36<00:23,  1.71s/it, 35.53/60 seconds]
[2025-12-07T03:12:14.894+0000] {logging_mixin.py:154} WARNING - Best trial: 31. Best value: 0.794235:  72%|#######2  | 36/50 [00:36<00:23,  1.71s/it, 36.91/60 seconds]
[2025-12-07T03:12:15.808+0000] {logging_mixin.py:154} WARNING -                                                                                                        
[2025-12-07T03:12:15.809+0000] {logging_mixin.py:154} WARNING - 
[2025-12-07T03:12:15.809+0000] {logging_mixin.py:154} INFO - [I 2025-12-07 03:12:15,808] Trial 36 finished with value: 0.7932905772076961 and parameters: {'max_depth': 10, 'learning_rate': 0.023715940129922498, 'subsample': 0.6487321859786432, 'colsample_bytree': 0.7757969736292899, 'min_child_weight': 2, 'gamma': 1.2432148159447998, 'n_estimators': 286}. Best is trial 31 with value: 0.7942345924453281.
[2025-12-07T03:12:15.809+0000] {logging_mixin.py:154} WARNING - Best trial: 31. Best value: 0.794235:  72%|#######2  | 36/50 [00:37<00:23,  1.71s/it, 36.91/60 seconds]
[2025-12-07T03:12:15.809+0000] {logging_mixin.py:154} WARNING - Best trial: 31. Best value: 0.794235:  72%|#######2  | 36/50 [00:37<00:23,  1.71s/it, 36.91/60 seconds]
[2025-12-07T03:12:15.809+0000] {logging_mixin.py:154} WARNING - Best trial: 31. Best value: 0.794235:  74%|#######4  | 37/50 [00:37<00:19,  1.47s/it, 36.91/60 seconds]
[2025-12-07T03:12:15.809+0000] {logging_mixin.py:154} WARNING - Best trial: 31. Best value: 0.794235:  74%|#######4  | 37/50 [00:37<00:19,  1.47s/it, 37.82/60 seconds]
[2025-12-07T03:12:16.489+0000] {logging_mixin.py:154} WARNING -                                                                                                        
[2025-12-07T03:12:16.489+0000] {logging_mixin.py:154} WARNING - 
[2025-12-07T03:12:16.489+0000] {logging_mixin.py:154} INFO - [I 2025-12-07 03:12:16,489] Trial 37 finished with value: 0.7938704893722195 and parameters: {'max_depth': 10, 'learning_rate': 0.020811485797205986, 'subsample': 0.6719335642809247, 'colsample_bytree': 0.7580312613059688, 'min_child_weight': 1, 'gamma': 0.4566745809984386, 'n_estimators': 301}. Best is trial 31 with value: 0.7942345924453281.
[2025-12-07T03:12:16.489+0000] {logging_mixin.py:154} WARNING - Best trial: 31. Best value: 0.794235:  74%|#######4  | 37/50 [00:38<00:19,  1.47s/it, 37.82/60 seconds]
[2025-12-07T03:12:16.490+0000] {logging_mixin.py:154} WARNING - Best trial: 31. Best value: 0.794235:  74%|#######4  | 37/50 [00:38<00:19,  1.47s/it, 37.82/60 seconds]
[2025-12-07T03:12:16.490+0000] {logging_mixin.py:154} WARNING - Best trial: 31. Best value: 0.794235:  76%|#######6  | 38/50 [00:38<00:14,  1.23s/it, 37.82/60 seconds]
[2025-12-07T03:12:16.490+0000] {logging_mixin.py:154} WARNING - Best trial: 31. Best value: 0.794235:  76%|#######6  | 38/50 [00:38<00:14,  1.23s/it, 38.50/60 seconds]
[2025-12-07T03:12:16.869+0000] {logging_mixin.py:154} WARNING -                                                                                                        
[2025-12-07T03:12:16.869+0000] {logging_mixin.py:154} WARNING - 
[2025-12-07T03:12:16.869+0000] {logging_mixin.py:154} INFO - [I 2025-12-07 03:12:16,869] Trial 38 finished with value: 0.7954545454545454 and parameters: {'max_depth': 8, 'learning_rate': 0.014332218564622683, 'subsample': 0.6833763674486895, 'colsample_bytree': 0.7600684459768939, 'min_child_weight': 1, 'gamma': 0.4849085346386006, 'n_estimators': 320}. Best is trial 38 with value: 0.7954545454545454.
[2025-12-07T03:12:16.869+0000] {logging_mixin.py:154} WARNING - Best trial: 31. Best value: 0.794235:  76%|#######6  | 38/50 [00:38<00:14,  1.23s/it, 38.50/60 seconds]
[2025-12-07T03:12:16.870+0000] {logging_mixin.py:154} WARNING - Best trial: 38. Best value: 0.795455:  76%|#######6  | 38/50 [00:38<00:14,  1.23s/it, 38.50/60 seconds]
[2025-12-07T03:12:16.870+0000] {logging_mixin.py:154} WARNING - Best trial: 38. Best value: 0.795455:  78%|#######8  | 39/50 [00:38<00:10,  1.02it/s, 38.50/60 seconds]
[2025-12-07T03:12:16.870+0000] {logging_mixin.py:154} WARNING - Best trial: 38. Best value: 0.795455:  78%|#######8  | 39/50 [00:38<00:10,  1.02it/s, 38.88/60 seconds]
[2025-12-07T03:12:17.466+0000] {logging_mixin.py:154} WARNING -                                                                                                        
[2025-12-07T03:12:17.466+0000] {logging_mixin.py:154} WARNING - 
[2025-12-07T03:12:17.467+0000] {logging_mixin.py:154} INFO - [I 2025-12-07 03:12:17,466] Trial 39 finished with value: 0.7897334649555775 and parameters: {'max_depth': 6, 'learning_rate': 0.013219775832951931, 'subsample': 0.6951143723208003, 'colsample_bytree': 0.7498262147410982, 'min_child_weight': 1, 'gamma': 0.01191302554920104, 'n_estimators': 396}. Best is trial 38 with value: 0.7954545454545454.
[2025-12-07T03:12:17.467+0000] {logging_mixin.py:154} WARNING - Best trial: 38. Best value: 0.795455:  78%|#######8  | 39/50 [00:39<00:10,  1.02it/s, 38.88/60 seconds]
[2025-12-07T03:12:17.467+0000] {logging_mixin.py:154} WARNING - Best trial: 38. Best value: 0.795455:  78%|#######8  | 39/50 [00:39<00:10,  1.02it/s, 38.88/60 seconds]
[2025-12-07T03:12:17.467+0000] {logging_mixin.py:154} WARNING - Best trial: 38. Best value: 0.795455:  80%|########  | 40/50 [00:39<00:08,  1.16it/s, 38.88/60 seconds]
[2025-12-07T03:12:17.467+0000] {logging_mixin.py:154} WARNING - Best trial: 38. Best value: 0.795455:  80%|########  | 40/50 [00:39<00:08,  1.16it/s, 39.48/60 seconds]
[2025-12-07T03:12:18.173+0000] {logging_mixin.py:154} WARNING -                                                                                                        
[2025-12-07T03:12:18.174+0000] {logging_mixin.py:154} WARNING - 
[2025-12-07T03:12:18.174+0000] {logging_mixin.py:154} INFO - [I 2025-12-07 03:12:18,173] Trial 40 finished with value: 0.7926768926274123 and parameters: {'max_depth': 8, 'learning_rate': 0.015638489040169894, 'subsample': 0.6686376040687214, 'colsample_bytree': 0.7046663814052827, 'min_child_weight': 1, 'gamma': 0.5768060252773896, 'n_estimators': 314}. Best is trial 38 with value: 0.7954545454545454.
[2025-12-07T03:12:18.174+0000] {logging_mixin.py:154} WARNING - Best trial: 38. Best value: 0.795455:  80%|########  | 40/50 [00:40<00:08,  1.16it/s, 39.48/60 seconds]
[2025-12-07T03:12:18.175+0000] {logging_mixin.py:154} WARNING - Best trial: 38. Best value: 0.795455:  80%|########  | 40/50 [00:40<00:08,  1.16it/s, 39.48/60 seconds]
[2025-12-07T03:12:18.175+0000] {logging_mixin.py:154} WARNING - Best trial: 38. Best value: 0.795455:  82%|########2 | 41/50 [00:40<00:07,  1.22it/s, 39.48/60 seconds]
[2025-12-07T03:12:18.176+0000] {logging_mixin.py:154} WARNING - Best trial: 38. Best value: 0.795455:  82%|########2 | 41/50 [00:40<00:07,  1.22it/s, 40.19/60 seconds]
[2025-12-07T03:12:18.854+0000] {logging_mixin.py:154} WARNING -                                                                                                        
[2025-12-07T03:12:18.855+0000] {logging_mixin.py:154} WARNING - 
[2025-12-07T03:12:18.855+0000] {logging_mixin.py:154} INFO - [I 2025-12-07 03:12:18,854] Trial 41 finished with value: 0.7934782608695652 and parameters: {'max_depth': 9, 'learning_rate': 0.01958608185585127, 'subsample': 0.7070780450716563, 'colsample_bytree': 0.7668460423928997, 'min_child_weight': 1, 'gamma': 0.5335710990575608, 'n_estimators': 346}. Best is trial 38 with value: 0.7954545454545454.
[2025-12-07T03:12:18.855+0000] {logging_mixin.py:154} WARNING - Best trial: 38. Best value: 0.795455:  82%|########2 | 41/50 [00:40<00:07,  1.22it/s, 40.19/60 seconds]
[2025-12-07T03:12:18.855+0000] {logging_mixin.py:154} WARNING - Best trial: 38. Best value: 0.795455:  82%|########2 | 41/50 [00:40<00:07,  1.22it/s, 40.19/60 seconds]
[2025-12-07T03:12:18.856+0000] {logging_mixin.py:154} WARNING - Best trial: 38. Best value: 0.795455:  84%|########4 | 42/50 [00:40<00:06,  1.29it/s, 40.19/60 seconds]
[2025-12-07T03:12:18.856+0000] {logging_mixin.py:154} WARNING - Best trial: 38. Best value: 0.795455:  84%|########4 | 42/50 [00:40<00:06,  1.29it/s, 40.87/60 seconds]
[2025-12-07T03:12:18.949+0000] {logging_mixin.py:154} WARNING -                                                                                                        
[2025-12-07T03:12:18.949+0000] {logging_mixin.py:154} WARNING - 
[2025-12-07T03:12:18.949+0000] {logging_mixin.py:154} INFO - [I 2025-12-07 03:12:18,949] Trial 42 finished with value: 0.7897080653142009 and parameters: {'max_depth': 7, 'learning_rate': 0.02182855045249825, 'subsample': 0.7787919890333316, 'colsample_bytree': 0.8178488393161414, 'min_child_weight': 2, 'gamma': 0.39015920312426433, 'n_estimators': 304}. Best is trial 38 with value: 0.7954545454545454.
[2025-12-07T03:12:18.949+0000] {logging_mixin.py:154} WARNING - Best trial: 38. Best value: 0.795455:  84%|########4 | 42/50 [00:40<00:06,  1.29it/s, 40.87/60 seconds]
[2025-12-07T03:12:18.950+0000] {logging_mixin.py:154} WARNING - Best trial: 38. Best value: 0.795455:  84%|########4 | 42/50 [00:40<00:06,  1.29it/s, 40.87/60 seconds]
[2025-12-07T03:12:18.950+0000] {logging_mixin.py:154} WARNING - Best trial: 38. Best value: 0.795455:  86%|########6 | 43/50 [00:40<00:05,  1.29it/s, 40.96/60 seconds]
[2025-12-07T03:12:18.999+0000] {logging_mixin.py:154} WARNING -                                                                                                        
[2025-12-07T03:12:19.000+0000] {logging_mixin.py:154} WARNING - 
