[2025-12-07T03:11:37.477+0000] {taskinstance.py:1159} INFO - Dependencies all met for dep_context=non-requeueable deps ti=<TaskInstance: sodai_drinks_production_pipeline.train_model manual__2025-12-07T03:11:24+00:00 [queued]>
[2025-12-07T03:11:37.483+0000] {taskinstance.py:1159} INFO - Dependencies all met for dep_context=requeueable deps ti=<TaskInstance: sodai_drinks_production_pipeline.train_model manual__2025-12-07T03:11:24+00:00 [queued]>
[2025-12-07T03:11:37.483+0000] {taskinstance.py:1361} INFO - Starting attempt 1 of 2
[2025-12-07T03:11:37.490+0000] {taskinstance.py:1382} INFO - Executing <Task(PythonOperator): train_model> on 2025-12-07 03:11:24+00:00
[2025-12-07T03:11:37.500+0000] {standard_task_runner.py:57} INFO - Started process 1526 to run task
[2025-12-07T03:11:37.503+0000] {standard_task_runner.py:84} INFO - Running: ['***', 'tasks', 'run', 'sodai_drinks_production_pipeline', 'train_model', 'manual__2025-12-07T03:11:24+00:00', '--job-id', '50', '--raw', '--subdir', 'DAGS_FOLDER/pipeline_productivo.py', '--cfg-path', '/tmp/tmpp070t4xn']
[2025-12-07T03:11:37.506+0000] {standard_task_runner.py:85} INFO - Job 50: Subtask train_model
[2025-12-07T03:11:37.538+0000] {task_command.py:416} INFO - Running <TaskInstance: sodai_drinks_production_pipeline.train_model manual__2025-12-07T03:11:24+00:00 [running]> on host d63631a18ada
[2025-12-07T03:11:37.589+0000] {taskinstance.py:1662} INFO - Exporting env vars: AIRFLOW_CTX_DAG_EMAIL='team@sodaidrinks.com' AIRFLOW_CTX_DAG_OWNER='sodai_drinks_team' AIRFLOW_CTX_DAG_ID='sodai_drinks_production_pipeline' AIRFLOW_CTX_TASK_ID='train_model' AIRFLOW_CTX_EXECUTION_DATE='2025-12-07T03:11:24+00:00' AIRFLOW_CTX_TRY_NUMBER='1' AIRFLOW_CTX_DAG_RUN_ID='manual__2025-12-07T03:11:24+00:00'
[2025-12-07T03:11:37.590+0000] {model_training.py:546} INFO - Iniciando entrenamiento del modelo XGBoost...
[2025-12-07T03:11:37.628+0000] {model_training.py:568} INFO - Dataset cargado:
[2025-12-07T03:11:37.628+0000] {model_training.py:569} INFO -    - Features: 15
[2025-12-07T03:11:37.629+0000] {model_training.py:570} INFO -    - Registros: 9732
[2025-12-07T03:11:37.629+0000] {model_training.py:571} INFO -    - Distribución de clases - Clase 0: 4866, Clase 1: 4866
[2025-12-07T03:11:37.636+0000] {model_training.py:581} INFO - Splits creados:
[2025-12-07T03:11:37.636+0000] {model_training.py:582} INFO -    - Train: 5839 muestras
[2025-12-07T03:11:37.636+0000] {model_training.py:583} INFO -    - Validation: 1946 muestras
[2025-12-07T03:11:37.636+0000] {model_training.py:584} INFO -    - Test: 1947 muestras
[2025-12-07T03:11:37.655+0000] {model_training.py:599} INFO - MLflow Run: drift_evaluation_2025-W04_predict_20251207_031137
[2025-12-07T03:11:37.909+0000] {logging_mixin.py:154} WARNING - 2025/12/07 03:11:37 WARNING mlflow.utils.git_utils: Failed to import Git (the Git executable is probably not on your PATH), so Git SHA is not available. Error: Failed to initialize: Bad git executable.
The git executable must be specified in one of the following ways:
    - be included in your $PATH
    - be set via $GIT_PYTHON_GIT_EXECUTABLE
    - explicitly set via git.refresh(<full-path-to-git-executable>)

All git commands will error until this is rectified.

This initial message can be silenced or aggravated in the future by setting the
$GIT_PYTHON_REFRESH environment variable. Use one of the following values:
    - quiet|q|silence|s|silent|none|n|0: for no message or exception
    - warn|w|warning|log|l|1: for a warning message (logging level CRITICAL, displayed by default)
    - error|e|exception|raise|r|2: for a raised exception

Example:
    export GIT_PYTHON_REFRESH=quiet
[2025-12-07T03:11:37.918+0000] {model_training.py:608} INFO - Registrando datasets en MLflow...
[2025-12-07T03:11:37.951+0000] {logging_mixin.py:154} WARNING - /home/***/.local/lib/python3.10/site-packages/mlflow/data/dataset_source_registry.py:143 UserWarning: The specified dataset source can be interpreted in multiple ways: LocalArtifactDatasetSource, LocalArtifactDatasetSource. MLflow will assume that this is a LocalArtifactDatasetSource source.
[2025-12-07T03:11:37.964+0000] {logging_mixin.py:154} WARNING - /home/***/.local/lib/python3.10/site-packages/mlflow/data/pandas_dataset.py:134 UserWarning: Hint: Inferred schema contains integer column(s). Integer columns in Python cannot represent missing values. If your input data contains missing values at inference time, it will be encoded as floats and will cause a schema enforcement error. The best way to avoid this problem is to infer the model schema based on a realistic data sample (training dataset) that includes missing values. Alternatively, you can declare integer columns as doubles (float64) whenever these columns may have missing values. See `Handling Integers With Missing Values <https://www.mlflow.org/docs/latest/models.html#handling-integers-with-missing-values>`_ for more details.
[2025-12-07T03:11:37.967+0000] {logging_mixin.py:154} WARNING - /home/***/.local/lib/python3.10/site-packages/mlflow/data/dataset_source_registry.py:143 UserWarning: The specified dataset source can be interpreted in multiple ways: LocalArtifactDatasetSource, LocalArtifactDatasetSource. MLflow will assume that this is a LocalArtifactDatasetSource source.
[2025-12-07T03:11:37.972+0000] {logging_mixin.py:154} WARNING - /home/***/.local/lib/python3.10/site-packages/mlflow/data/pandas_dataset.py:134 UserWarning: Hint: Inferred schema contains integer column(s). Integer columns in Python cannot represent missing values. If your input data contains missing values at inference time, it will be encoded as floats and will cause a schema enforcement error. The best way to avoid this problem is to infer the model schema based on a realistic data sample (training dataset) that includes missing values. Alternatively, you can declare integer columns as doubles (float64) whenever these columns may have missing values. See `Handling Integers With Missing Values <https://www.mlflow.org/docs/latest/models.html#handling-integers-with-missing-values>`_ for more details.
[2025-12-07T03:11:37.976+0000] {logging_mixin.py:154} WARNING - /home/***/.local/lib/python3.10/site-packages/mlflow/data/dataset_source_registry.py:143 UserWarning: The specified dataset source can be interpreted in multiple ways: LocalArtifactDatasetSource, LocalArtifactDatasetSource. MLflow will assume that this is a LocalArtifactDatasetSource source.
[2025-12-07T03:11:37.982+0000] {logging_mixin.py:154} WARNING - /home/***/.local/lib/python3.10/site-packages/mlflow/data/pandas_dataset.py:134 UserWarning: Hint: Inferred schema contains integer column(s). Integer columns in Python cannot represent missing values. If your input data contains missing values at inference time, it will be encoded as floats and will cause a schema enforcement error. The best way to avoid this problem is to infer the model schema based on a realistic data sample (training dataset) that includes missing values. Alternatively, you can declare integer columns as doubles (float64) whenever these columns may have missing values. See `Handling Integers With Missing Values <https://www.mlflow.org/docs/latest/models.html#handling-integers-with-missing-values>`_ for more details.
[2025-12-07T03:11:37.984+0000] {model_training.py:662} INFO - ✅ Datasets registrados en MLflow
[2025-12-07T03:11:37.984+0000] {model_training.py:69} INFO - 🔍 Iniciando optimización de hiperparámetros (timeout: 60s = 1 min)...
[2025-12-07T03:11:37.985+0000] {logging_mixin.py:154} WARNING -   0%|          | 0/50 [00:00<?, ?it/s]
[2025-12-07T03:11:39.873+0000] {logging_mixin.py:154} WARNING -                                       
[2025-12-07T03:11:39.873+0000] {logging_mixin.py:154} WARNING - 
[2025-12-07T03:11:39.873+0000] {logging_mixin.py:154} INFO - [I 2025-12-07 03:11:39,873] Trial 0 finished with value: 0.7914809311540366 and parameters: {'max_depth': 7, 'learning_rate': 0.2536999076681772, 'subsample': 0.8659969709057025, 'colsample_bytree': 0.7993292420985183, 'min_child_weight': 2, 'gamma': 0.7799726016810132, 'n_estimators': 76}. Best is trial 0 with value: 0.7914809311540366.
[2025-12-07T03:11:39.874+0000] {logging_mixin.py:154} WARNING -   0%|          | 0/50 [00:01<?, ?it/s]
[2025-12-07T03:11:39.874+0000] {logging_mixin.py:154} WARNING - Best trial: 0. Best value: 0.791481:   0%|          | 0/50 [00:01<?, ?it/s]
[2025-12-07T03:11:39.874+0000] {logging_mixin.py:154} WARNING - Best trial: 0. Best value: 0.791481:   2%|2         | 1/50 [00:01<01:32,  1.89s/it]
[2025-12-07T03:11:39.874+0000] {logging_mixin.py:154} WARNING - Best trial: 0. Best value: 0.791481:   2%|2         | 1/50 [00:01<01:32,  1.89s/it, 1.89/60 seconds]
[2025-12-07T03:11:40.023+0000] {logging_mixin.py:154} WARNING -                                                                                                     
[2025-12-07T03:11:40.023+0000] {logging_mixin.py:154} WARNING - 
[2025-12-07T03:11:40.023+0000] {logging_mixin.py:154} INFO - [I 2025-12-07 03:11:40,023] Trial 1 finished with value: 0.7829076620825146 and parameters: {'max_depth': 14, 'learning_rate': 0.07725378389307355, 'subsample': 0.8540362888980227, 'colsample_bytree': 0.5102922471479012, 'min_child_weight': 10, 'gamma': 4.162213204002109, 'n_estimators': 145}. Best is trial 0 with value: 0.7914809311540366.
[2025-12-07T03:11:40.023+0000] {logging_mixin.py:154} WARNING - Best trial: 0. Best value: 0.791481:   2%|2         | 1/50 [00:02<01:32,  1.89s/it, 1.89/60 seconds]
[2025-12-07T03:11:40.024+0000] {logging_mixin.py:154} WARNING - Best trial: 0. Best value: 0.791481:   2%|2         | 1/50 [00:02<01:32,  1.89s/it, 1.89/60 seconds]
[2025-12-07T03:11:40.024+0000] {logging_mixin.py:154} WARNING - Best trial: 0. Best value: 0.791481:   4%|4         | 2/50 [00:02<00:41,  1.15it/s, 1.89/60 seconds]
[2025-12-07T03:11:40.024+0000] {logging_mixin.py:154} WARNING - Best trial: 0. Best value: 0.791481:   4%|4         | 2/50 [00:02<00:41,  1.15it/s, 2.04/60 seconds]
[2025-12-07T03:11:40.550+0000] {logging_mixin.py:154} WARNING -                                                                                                     
[2025-12-07T03:11:40.550+0000] {logging_mixin.py:154} WARNING - 
[2025-12-07T03:11:40.550+0000] {logging_mixin.py:154} INFO - [I 2025-12-07 03:11:40,549] Trial 2 finished with value: 0.7884143348060874 and parameters: {'max_depth': 5, 'learning_rate': 0.018659959624904916, 'subsample': 0.6521211214797689, 'colsample_bytree': 0.762378215816119, 'min_child_weight': 5, 'gamma': 1.4561457009902097, 'n_estimators': 325}. Best is trial 0 with value: 0.7914809311540366.
[2025-12-07T03:11:40.550+0000] {logging_mixin.py:154} WARNING - Best trial: 0. Best value: 0.791481:   4%|4         | 2/50 [00:02<00:41,  1.15it/s, 2.04/60 seconds]
[2025-12-07T03:11:40.550+0000] {logging_mixin.py:154} WARNING - Best trial: 0. Best value: 0.791481:   4%|4         | 2/50 [00:02<00:41,  1.15it/s, 2.04/60 seconds]
[2025-12-07T03:11:40.550+0000] {logging_mixin.py:154} WARNING - Best trial: 0. Best value: 0.791481:   6%|6         | 3/50 [00:02<00:33,  1.41it/s, 2.04/60 seconds]
[2025-12-07T03:11:40.551+0000] {logging_mixin.py:154} WARNING - Best trial: 0. Best value: 0.791481:   6%|6         | 3/50 [00:02<00:33,  1.41it/s, 2.57/60 seconds]
[2025-12-07T03:11:41.465+0000] {logging_mixin.py:154} WARNING -                                                                                                     
[2025-12-07T03:11:41.465+0000] {logging_mixin.py:154} WARNING - 
[2025-12-07T03:11:41.465+0000] {logging_mixin.py:154} INFO - [I 2025-12-07 03:11:41,464] Trial 3 finished with value: 0.7852216748768472 and parameters: {'max_depth': 4, 'learning_rate': 0.027010527749605478, 'subsample': 0.6831809216468459, 'colsample_bytree': 0.728034992108518, 'min_child_weight': 8, 'gamma': 0.9983689107917987, 'n_estimators': 281}. Best is trial 0 with value: 0.7914809311540366.
[2025-12-07T03:11:41.465+0000] {logging_mixin.py:154} WARNING - Best trial: 0. Best value: 0.791481:   6%|6         | 3/50 [00:03<00:33,  1.41it/s, 2.57/60 seconds]
[2025-12-07T03:11:41.465+0000] {logging_mixin.py:154} WARNING - Best trial: 0. Best value: 0.791481:   6%|6         | 3/50 [00:03<00:33,  1.41it/s, 2.57/60 seconds]
[2025-12-07T03:11:41.466+0000] {logging_mixin.py:154} WARNING - Best trial: 0. Best value: 0.791481:   8%|8         | 4/50 [00:03<00:36,  1.26it/s, 2.57/60 seconds]
[2025-12-07T03:11:41.466+0000] {logging_mixin.py:154} WARNING - Best trial: 0. Best value: 0.791481:   8%|8         | 4/50 [00:03<00:36,  1.26it/s, 3.48/60 seconds]
[2025-12-07T03:11:43.369+0000] {logging_mixin.py:154} WARNING -                                                                                                     
[2025-12-07T03:11:43.370+0000] {logging_mixin.py:154} WARNING - 
[2025-12-07T03:11:43.370+0000] {logging_mixin.py:154} INFO - [I 2025-12-07 03:11:43,369] Trial 4 finished with value: 0.7878490935815776 and parameters: {'max_depth': 10, 'learning_rate': 0.011711509955524094, 'subsample': 0.8037724259507192, 'colsample_bytree': 0.5852620618436457, 'min_child_weight': 1, 'gamma': 4.7444276862666666, 'n_estimators': 485}. Best is trial 0 with value: 0.7914809311540366.
[2025-12-07T03:11:43.370+0000] {logging_mixin.py:154} WARNING - Best trial: 0. Best value: 0.791481:   8%|8         | 4/50 [00:05<00:36,  1.26it/s, 3.48/60 seconds]
[2025-12-07T03:11:43.370+0000] {logging_mixin.py:154} WARNING - Best trial: 0. Best value: 0.791481:   8%|8         | 4/50 [00:05<00:36,  1.26it/s, 3.48/60 seconds]
[2025-12-07T03:11:43.370+0000] {logging_mixin.py:154} WARNING - Best trial: 0. Best value: 0.791481:  10%|#         | 5/50 [00:05<00:53,  1.19s/it, 3.48/60 seconds]
[2025-12-07T03:11:43.370+0000] {logging_mixin.py:154} WARNING - Best trial: 0. Best value: 0.791481:  10%|#         | 5/50 [00:05<00:53,  1.19s/it, 5.38/60 seconds]
[2025-12-07T03:11:44.038+0000] {logging_mixin.py:154} WARNING -                                                                                                     
[2025-12-07T03:11:44.038+0000] {logging_mixin.py:154} WARNING - 
[2025-12-07T03:11:44.038+0000] {logging_mixin.py:154} INFO - [I 2025-12-07 03:11:44,037] Trial 5 finished with value: 0.7928642220019823 and parameters: {'max_depth': 13, 'learning_rate': 0.028180680291847244, 'subsample': 0.5488360570031919, 'colsample_bytree': 0.8421165132560784, 'min_child_weight': 5, 'gamma': 0.6101911742238941, 'n_estimators': 273}. Best is trial 5 with value: 0.7928642220019823.
[2025-12-07T03:11:44.038+0000] {logging_mixin.py:154} WARNING - Best trial: 0. Best value: 0.791481:  10%|#         | 5/50 [00:06<00:53,  1.19s/it, 5.38/60 seconds]
[2025-12-07T03:11:44.038+0000] {logging_mixin.py:154} WARNING - Best trial: 5. Best value: 0.792864:  10%|#         | 5/50 [00:06<00:53,  1.19s/it, 5.38/60 seconds]
[2025-12-07T03:11:44.038+0000] {logging_mixin.py:154} WARNING - Best trial: 5. Best value: 0.792864:  12%|#2        | 6/50 [00:06<00:44,  1.01s/it, 5.38/60 seconds]
[2025-12-07T03:11:44.039+0000] {logging_mixin.py:154} WARNING - Best trial: 5. Best value: 0.792864:  12%|#2        | 6/50 [00:06<00:44,  1.01s/it, 6.05/60 seconds]
[2025-12-07T03:11:44.445+0000] {logging_mixin.py:154} WARNING -                                                                                                     
[2025-12-07T03:11:44.445+0000] {logging_mixin.py:154} WARNING - 
[2025-12-07T03:11:44.445+0000] {logging_mixin.py:154} INFO - [I 2025-12-07 03:11:44,445] Trial 6 finished with value: 0.7809239940387481 and parameters: {'max_depth': 3, 'learning_rate': 0.22038218939289875, 'subsample': 0.6293899908000085, 'colsample_bytree': 0.831261142176991, 'min_child_weight': 4, 'gamma': 2.600340105889054, 'n_estimators': 296}. Best is trial 5 with value: 0.7928642220019823.
[2025-12-07T03:11:44.445+0000] {logging_mixin.py:154} WARNING - Best trial: 5. Best value: 0.792864:  12%|#2        | 6/50 [00:06<00:44,  1.01s/it, 6.05/60 seconds]
[2025-12-07T03:11:44.446+0000] {logging_mixin.py:154} WARNING - Best trial: 5. Best value: 0.792864:  12%|#2        | 6/50 [00:06<00:44,  1.01s/it, 6.05/60 seconds]
[2025-12-07T03:11:44.446+0000] {logging_mixin.py:154} WARNING - Best trial: 5. Best value: 0.792864:  14%|#4        | 7/50 [00:06<00:35,  1.23it/s, 6.05/60 seconds]
[2025-12-07T03:11:44.446+0000] {logging_mixin.py:154} WARNING - Best trial: 5. Best value: 0.792864:  14%|#4        | 7/50 [00:06<00:35,  1.23it/s, 6.46/60 seconds]
[2025-12-07T03:11:48.328+0000] {logging_mixin.py:154} WARNING -                                                                                                     
[2025-12-07T03:11:48.329+0000] {logging_mixin.py:154} WARNING - 
[2025-12-07T03:11:48.329+0000] {logging_mixin.py:154} INFO - [I 2025-12-07 03:11:48,328] Trial 7 finished with value: 0.7832512315270935 and parameters: {'max_depth': 5, 'learning_rate': 0.27051668818999286, 'subsample': 0.8875664116805573, 'colsample_bytree': 0.9697494707820946, 'min_child_weight': 9, 'gamma': 2.9894998940554256, 'n_estimators': 465}. Best is trial 5 with value: 0.7928642220019823.
[2025-12-07T03:11:48.329+0000] {logging_mixin.py:154} WARNING - Best trial: 5. Best value: 0.792864:  14%|#4        | 7/50 [00:10<00:35,  1.23it/s, 6.46/60 seconds]
[2025-12-07T03:11:48.329+0000] {logging_mixin.py:154} WARNING - Best trial: 5. Best value: 0.792864:  14%|#4        | 7/50 [00:10<00:35,  1.23it/s, 6.46/60 seconds]
[2025-12-07T03:11:48.329+0000] {logging_mixin.py:154} WARNING - Best trial: 5. Best value: 0.792864:  16%|#6        | 8/50 [00:10<01:15,  1.79s/it, 6.46/60 seconds]
[2025-12-07T03:11:48.330+0000] {logging_mixin.py:154} WARNING - Best trial: 5. Best value: 0.792864:  16%|#6        | 8/50 [00:10<01:15,  1.79s/it, 10.34/60 seconds]
[2025-12-07T03:11:49.334+0000] {logging_mixin.py:154} WARNING -                                                                                                      
[2025-12-07T03:11:49.334+0000] {logging_mixin.py:154} WARNING - 
[2025-12-07T03:11:49.334+0000] {logging_mixin.py:154} INFO - [I 2025-12-07 03:11:49,334] Trial 8 finished with value: 0.7835455435847208 and parameters: {'max_depth': 4, 'learning_rate': 0.01947558230629543, 'subsample': 0.522613644455269, 'colsample_bytree': 0.6626651653816322, 'min_child_weight': 4, 'gamma': 1.3567451588694794, 'n_estimators': 423}. Best is trial 5 with value: 0.7928642220019823.
[2025-12-07T03:11:49.334+0000] {logging_mixin.py:154} WARNING - Best trial: 5. Best value: 0.792864:  16%|#6        | 8/50 [00:11<01:15,  1.79s/it, 10.34/60 seconds]
[2025-12-07T03:11:49.335+0000] {logging_mixin.py:154} WARNING - Best trial: 5. Best value: 0.792864:  16%|#6        | 8/50 [00:11<01:15,  1.79s/it, 10.34/60 seconds]
[2025-12-07T03:11:49.335+0000] {logging_mixin.py:154} WARNING - Best trial: 5. Best value: 0.792864:  18%|#8        | 9/50 [00:11<01:03,  1.55s/it, 10.34/60 seconds]
[2025-12-07T03:11:49.335+0000] {logging_mixin.py:154} WARNING - Best trial: 5. Best value: 0.792864:  18%|#8        | 9/50 [00:11<01:03,  1.55s/it, 11.35/60 seconds]
[2025-12-07T03:11:55.032+0000] {logging_mixin.py:154} WARNING -                                                                                                      
[2025-12-07T03:11:55.032+0000] {logging_mixin.py:154} WARNING - 
[2025-12-07T03:11:55.032+0000] {logging_mixin.py:154} INFO - [I 2025-12-07 03:11:55,031] Trial 9 finished with value: 0.7900990099009901 and parameters: {'max_depth': 7, 'learning_rate': 0.026000059117302653, 'subsample': 0.7713480415791243, 'colsample_bytree': 0.5704621124873813, 'min_child_weight': 9, 'gamma': 0.3727532183988541, 'n_estimators': 495}. Best is trial 5 with value: 0.7928642220019823.
[2025-12-07T03:11:55.032+0000] {logging_mixin.py:154} WARNING - Best trial: 5. Best value: 0.792864:  18%|#8        | 9/50 [00:17<01:03,  1.55s/it, 11.35/60 seconds]
[2025-12-07T03:11:55.033+0000] {logging_mixin.py:154} WARNING - Best trial: 5. Best value: 0.792864:  18%|#8        | 9/50 [00:17<01:03,  1.55s/it, 11.35/60 seconds]
[2025-12-07T03:11:55.033+0000] {logging_mixin.py:154} WARNING - Best trial: 5. Best value: 0.792864:  20%|##        | 10/50 [00:17<01:53,  2.83s/it, 11.35/60 seconds]
[2025-12-07T03:11:55.033+0000] {logging_mixin.py:154} WARNING - Best trial: 5. Best value: 0.792864:  20%|##        | 10/50 [00:17<01:53,  2.83s/it, 17.05/60 seconds]
[2025-12-07T03:11:58.704+0000] {logging_mixin.py:154} WARNING -                                                                                                       
[2025-12-07T03:11:58.705+0000] {logging_mixin.py:154} WARNING - 
[2025-12-07T03:11:58.705+0000] {logging_mixin.py:154} INFO - [I 2025-12-07 03:11:58,704] Trial 10 finished with value: 0.7896568871208354 and parameters: {'max_depth': 15, 'learning_rate': 0.050022091577274774, 'subsample': 0.9847685553939328, 'colsample_bytree': 0.9046749166920307, 'min_child_weight': 7, 'gamma': 0.19362599980591444, 'n_estimators': 199}. Best is trial 5 with value: 0.7928642220019823.
[2025-12-07T03:11:58.705+0000] {logging_mixin.py:154} WARNING - Best trial: 5. Best value: 0.792864:  20%|##        | 10/50 [00:20<01:53,  2.83s/it, 17.05/60 seconds]
[2025-12-07T03:11:58.706+0000] {logging_mixin.py:154} WARNING - Best trial: 5. Best value: 0.792864:  20%|##        | 10/50 [00:20<01:53,  2.83s/it, 17.05/60 seconds]
[2025-12-07T03:11:58.706+0000] {logging_mixin.py:154} WARNING - Best trial: 5. Best value: 0.792864:  22%|##2       | 11/50 [00:20<02:00,  3.09s/it, 17.05/60 seconds]
[2025-12-07T03:11:58.706+0000] {logging_mixin.py:154} WARNING - Best trial: 5. Best value: 0.792864:  22%|##2       | 11/50 [00:20<02:00,  3.09s/it, 20.72/60 seconds]
[2025-12-07T03:11:59.083+0000] {logging_mixin.py:154} WARNING -                                                                                                       
[2025-12-07T03:11:59.084+0000] {logging_mixin.py:154} WARNING - 
