[2025-11-17T20:59:58.632+0000] {logging_mixin.py:154} INFO - [I 2025-11-17 20:59:58,632] Trial 38 finished with value: 0.821656050955414 and parameters: {'max_depth': 10, 'learning_rate': 0.2554280605726185, 'subsample': 0.681876037889931, 'colsample_bytree': 0.8115270368991969, 'min_child_weight': 5, 'gamma': 2.278129089208386, 'n_estimators': 401}. Best is trial 23 with value: 0.821969696969697.
[2025-11-17T20:59:58.632+0000] {logging_mixin.py:154} WARNING - Best trial: 23. Best value: 0.82197:  76%|#######6  | 38/50 [00:28<00:12,  1.08s/it]
[2025-11-17T20:59:58.633+0000] {logging_mixin.py:154} WARNING - Best trial: 23. Best value: 0.82197:  76%|#######6  | 38/50 [00:28<00:12,  1.08s/it]
[2025-11-17T20:59:59.139+0000] {logging_mixin.py:154} WARNING -                                                                                     
[2025-11-17T20:59:59.140+0000] {logging_mixin.py:154} WARNING - 
[2025-11-17T20:59:59.140+0000] {logging_mixin.py:154} INFO - [I 2025-11-17 20:59:59,139] Trial 39 finished with value: 0.8120590121872996 and parameters: {'max_depth': 11, 'learning_rate': 0.2535933616755778, 'subsample': 0.6818133317735567, 'colsample_bytree': 0.8004492118250908, 'min_child_weight': 5, 'gamma': 1.6933918169389515, 'n_estimators': 416}. Best is trial 23 with value: 0.821969696969697.
[2025-11-17T20:59:59.140+0000] {logging_mixin.py:154} WARNING - Best trial: 23. Best value: 0.82197:  78%|#######8  | 39/50 [00:29<00:11,  1.08s/it]
[2025-11-17T20:59:59.140+0000] {logging_mixin.py:154} WARNING - Best trial: 23. Best value: 0.82197:  78%|#######8  | 39/50 [00:29<00:11,  1.08s/it]
[2025-11-17T20:59:59.140+0000] {logging_mixin.py:154} WARNING - Best trial: 23. Best value: 0.82197:  80%|########  | 40/50 [00:29<00:03,  2.89it/s]
[2025-11-17T20:59:59.543+0000] {logging_mixin.py:154} WARNING -                                                                                     
[2025-11-17T20:59:59.543+0000] {logging_mixin.py:154} WARNING - 
[2025-11-17T20:59:59.543+0000] {logging_mixin.py:154} INFO - [I 2025-11-17 20:59:59,543] Trial 40 finished with value: 0.8220392653578213 and parameters: {'max_depth': 13, 'learning_rate': 0.26586927779980185, 'subsample': 0.7327028329245603, 'colsample_bytree': 0.7553147829342944, 'min_child_weight': 5, 'gamma': 2.1460534570210203, 'n_estimators': 400}. Best is trial 40 with value: 0.8220392653578213.
[2025-11-17T20:59:59.543+0000] {logging_mixin.py:154} WARNING - Best trial: 23. Best value: 0.82197:  80%|########  | 40/50 [00:29<00:03,  2.89it/s]
[2025-11-17T20:59:59.544+0000] {logging_mixin.py:154} WARNING - Best trial: 40. Best value: 0.822039:  80%|########  | 40/50 [00:29<00:03,  2.89it/s]
[2025-11-17T20:59:59.544+0000] {logging_mixin.py:154} WARNING - Best trial: 40. Best value: 0.822039:  82%|########2 | 41/50 [00:29<00:03,  2.82it/s]
[2025-11-17T20:59:59.890+0000] {logging_mixin.py:154} WARNING -                                                                                      
[2025-11-17T20:59:59.890+0000] {logging_mixin.py:154} WARNING - 
[2025-11-17T20:59:59.890+0000] {logging_mixin.py:154} INFO - [I 2025-11-17 20:59:59,890] Trial 41 finished with value: 0.8183556405353728 and parameters: {'max_depth': 15, 'learning_rate': 0.25013469169721997, 'subsample': 0.7345147004752268, 'colsample_bytree': 0.7555957737579784, 'min_child_weight': 5, 'gamma': 2.149765539215033, 'n_estimators': 455}. Best is trial 40 with value: 0.8220392653578213.
[2025-11-17T20:59:59.890+0000] {logging_mixin.py:154} WARNING - Best trial: 40. Best value: 0.822039:  82%|########2 | 41/50 [00:30<00:03,  2.82it/s]
[2025-11-17T20:59:59.891+0000] {logging_mixin.py:154} WARNING - Best trial: 40. Best value: 0.822039:  82%|########2 | 41/50 [00:30<00:03,  2.82it/s]
[2025-11-17T20:59:59.891+0000] {logging_mixin.py:154} WARNING - Best trial: 40. Best value: 0.822039:  84%|########4 | 42/50 [00:30<00:02,  2.83it/s]
[2025-11-17T21:00:00.207+0000] {logging_mixin.py:154} WARNING -                                                                                      
[2025-11-17T21:00:00.207+0000] {logging_mixin.py:154} WARNING - 
[2025-11-17T21:00:00.207+0000] {logging_mixin.py:154} INFO - [I 2025-11-17 21:00:00,207] Trial 42 finished with value: 0.8218829516539441 and parameters: {'max_depth': 12, 'learning_rate': 0.2925670466901754, 'subsample': 0.7004119939656738, 'colsample_bytree': 0.7180287079552196, 'min_child_weight': 5, 'gamma': 2.692304448914865, 'n_estimators': 393}. Best is trial 40 with value: 0.8220392653578213.
[2025-11-17T21:00:00.207+0000] {logging_mixin.py:154} WARNING - Best trial: 40. Best value: 0.822039:  84%|########4 | 42/50 [00:30<00:02,  2.83it/s]
[2025-11-17T21:00:00.207+0000] {logging_mixin.py:154} WARNING - Best trial: 40. Best value: 0.822039:  84%|########4 | 42/50 [00:30<00:02,  2.83it/s]
[2025-11-17T21:00:00.208+0000] {logging_mixin.py:154} WARNING - Best trial: 40. Best value: 0.822039:  86%|########6 | 43/50 [00:30<00:02,  2.89it/s]
[2025-11-17T21:00:00.407+0000] {logging_mixin.py:154} WARNING -                                                                                      
[2025-11-17T21:00:00.407+0000] {logging_mixin.py:154} WARNING - 
[2025-11-17T21:00:00.408+0000] {logging_mixin.py:154} INFO - [I 2025-11-17 21:00:00,407] Trial 43 finished with value: 0.8188175460902732 and parameters: {'max_depth': 13, 'learning_rate': 0.2451212494849401, 'subsample': 0.763742856000698, 'colsample_bytree': 0.7122156334140124, 'min_child_weight': 5, 'gamma': 2.7214281591452054, 'n_estimators': 389}. Best is trial 40 with value: 0.8220392653578213.
[2025-11-17T21:00:00.408+0000] {logging_mixin.py:154} WARNING - Best trial: 40. Best value: 0.822039:  86%|########6 | 43/50 [00:30<00:02,  2.89it/s]
[2025-11-17T21:00:00.408+0000] {logging_mixin.py:154} WARNING - Best trial: 40. Best value: 0.822039:  86%|########6 | 43/50 [00:30<00:02,  2.89it/s]
[2025-11-17T21:00:00.408+0000] {logging_mixin.py:154} WARNING - Best trial: 40. Best value: 0.822039:  88%|########8 | 44/50 [00:30<00:01,  3.19it/s]
[2025-11-17T21:00:00.666+0000] {logging_mixin.py:154} WARNING -                                                                                      
[2025-11-17T21:00:00.667+0000] {logging_mixin.py:154} WARNING - 
[2025-11-17T21:00:00.667+0000] {logging_mixin.py:154} INFO - [I 2025-11-17 21:00:00,666] Trial 44 finished with value: 0.8131443298969073 and parameters: {'max_depth': 12, 'learning_rate': 0.1874947988598784, 'subsample': 0.6987242864248353, 'colsample_bytree': 0.8128755916866788, 'min_child_weight': 5, 'gamma': 1.4894238971386666, 'n_estimators': 451}. Best is trial 40 with value: 0.8220392653578213.
[2025-11-17T21:00:00.667+0000] {logging_mixin.py:154} WARNING - Best trial: 40. Best value: 0.822039:  88%|########8 | 44/50 [00:31<00:01,  3.19it/s]
[2025-11-17T21:00:00.667+0000] {logging_mixin.py:154} WARNING - Best trial: 40. Best value: 0.822039:  88%|########8 | 44/50 [00:31<00:01,  3.19it/s]
[2025-11-17T21:00:00.667+0000] {logging_mixin.py:154} WARNING - Best trial: 40. Best value: 0.822039:  90%|######### | 45/50 [00:31<00:01,  3.32it/s]
[2025-11-17T21:00:00.896+0000] {logging_mixin.py:154} WARNING -                                                                                      
[2025-11-17T21:00:00.896+0000] {logging_mixin.py:154} WARNING - 
[2025-11-17T21:00:00.896+0000] {logging_mixin.py:154} INFO - [I 2025-11-17 21:00:00,896] Trial 45 finished with value: 0.8214285714285714 and parameters: {'max_depth': 12, 'learning_rate': 0.20138937588080424, 'subsample': 0.7193506642360497, 'colsample_bytree': 0.7424854810677134, 'min_child_weight': 5, 'gamma': 2.000163345932357, 'n_estimators': 397}. Best is trial 40 with value: 0.8220392653578213.
[2025-11-17T21:00:00.896+0000] {logging_mixin.py:154} WARNING - Best trial: 40. Best value: 0.822039:  90%|######### | 45/50 [00:31<00:01,  3.32it/s]
[2025-11-17T21:00:00.897+0000] {logging_mixin.py:154} WARNING - Best trial: 40. Best value: 0.822039:  90%|######### | 45/50 [00:31<00:01,  3.32it/s]
[2025-11-17T21:00:00.897+0000] {logging_mixin.py:154} WARNING - Best trial: 40. Best value: 0.822039:  92%|#########2| 46/50 [00:31<00:01,  3.54it/s]
[2025-11-17T21:00:01.273+0000] {logging_mixin.py:154} WARNING -                                                                                      
[2025-11-17T21:00:01.273+0000] {logging_mixin.py:154} WARNING - 
[2025-11-17T21:00:01.273+0000] {logging_mixin.py:154} INFO - [I 2025-11-17 21:00:01,273] Trial 46 finished with value: 0.8089743589743589 and parameters: {'max_depth': 13, 'learning_rate': 0.2075696182297025, 'subsample': 0.8052721759516217, 'colsample_bytree': 0.6841787747408874, 'min_child_weight': 4, 'gamma': 1.1942900145019897, 'n_estimators': 438}. Best is trial 40 with value: 0.8220392653578213.
[2025-11-17T21:00:01.273+0000] {logging_mixin.py:154} WARNING - Best trial: 40. Best value: 0.822039:  92%|#########2| 46/50 [00:31<00:01,  3.54it/s]
[2025-11-17T21:00:01.273+0000] {logging_mixin.py:154} WARNING - Best trial: 40. Best value: 0.822039:  92%|#########2| 46/50 [00:31<00:01,  3.54it/s]
[2025-11-17T21:00:01.273+0000] {logging_mixin.py:154} WARNING - Best trial: 40. Best value: 0.822039:  94%|#########3| 47/50 [00:31<00:00,  3.25it/s]
[2025-11-17T21:00:03.744+0000] {logging_mixin.py:154} WARNING -                                                                                      
[2025-11-17T21:00:03.744+0000] {logging_mixin.py:154} WARNING - 
[2025-11-17T21:00:03.744+0000] {logging_mixin.py:154} INFO - [I 2025-11-17 21:00:03,743] Trial 47 finished with value: 0.814102564102564 and parameters: {'max_depth': 12, 'learning_rate': 0.26952685035327767, 'subsample': 0.7209997580175973, 'colsample_bytree': 0.7454774168876486, 'min_child_weight': 5, 'gamma': 1.7684070340012097, 'n_estimators': 476}. Best is trial 40 with value: 0.8220392653578213.
[2025-11-17T21:00:03.744+0000] {logging_mixin.py:154} WARNING - Best trial: 40. Best value: 0.822039:  94%|#########3| 47/50 [00:34<00:00,  3.25it/s]
[2025-11-17T21:00:03.744+0000] {logging_mixin.py:154} WARNING - Best trial: 40. Best value: 0.822039:  94%|#########3| 47/50 [00:34<00:00,  3.25it/s]
[2025-11-17T21:00:03.744+0000] {logging_mixin.py:154} WARNING - Best trial: 40. Best value: 0.822039:  96%|#########6| 48/50 [00:34<00:01,  1.11it/s]
[2025-11-17T21:00:05.445+0000] {logging_mixin.py:154} WARNING -                                                                                      
[2025-11-17T21:00:05.445+0000] {logging_mixin.py:154} WARNING - 
[2025-11-17T21:00:05.445+0000] {logging_mixin.py:154} INFO - [I 2025-11-17 21:00:05,445] Trial 48 finished with value: 0.8152380952380953 and parameters: {'max_depth': 14, 'learning_rate': 0.2590631952856443, 'subsample': 0.7867321178073314, 'colsample_bytree': 0.7391473752717871, 'min_child_weight': 10, 'gamma': 2.0692191227788066, 'n_estimators': 395}. Best is trial 40 with value: 0.8220392653578213.
[2025-11-17T21:00:05.445+0000] {logging_mixin.py:154} WARNING - Best trial: 40. Best value: 0.822039:  96%|#########6| 48/50 [00:35<00:01,  1.11it/s]
[2025-11-17T21:00:05.445+0000] {logging_mixin.py:154} WARNING - Best trial: 40. Best value: 0.822039:  96%|#########6| 48/50 [00:35<00:01,  1.11it/s]
[2025-11-17T21:00:05.446+0000] {logging_mixin.py:154} WARNING - Best trial: 40. Best value: 0.822039:  98%|#########8| 49/50 [00:35<00:01,  1.13s/it]
[2025-11-17T21:00:06.009+0000] {logging_mixin.py:154} WARNING -                                                                                      
[2025-11-17T21:00:06.009+0000] {logging_mixin.py:154} WARNING - 
