[2025-11-17T20:59:49.526+0000] {logging_mixin.py:154} INFO - [I 2025-11-17 20:59:49,526] Trial 17 finished with value: 0.7829508196721311 and parameters: {'max_depth': 12, 'learning_rate': 0.2828437645367315, 'subsample': 0.7320832480224756, 'colsample_bytree': 0.9984716209762532, 'min_child_weight': 4, 'gamma': 0.02370059826544546, 'n_estimators': 418}. Best is trial 6 with value: 0.8185279187817258.
[2025-11-17T20:59:49.527+0000] {logging_mixin.py:154} WARNING - Best trial: 6. Best value: 0.818528:  34%|###4      | 17/50 [00:19<00:42,  1.28s/it]
[2025-11-17T20:59:49.527+0000] {logging_mixin.py:154} WARNING - Best trial: 6. Best value: 0.818528:  34%|###4      | 17/50 [00:19<00:42,  1.28s/it]
[2025-11-17T20:59:49.527+0000] {logging_mixin.py:154} WARNING - Best trial: 6. Best value: 0.818528:  36%|###6      | 18/50 [00:19<00:43,  1.36s/it]
[2025-11-17T20:59:49.628+0000] {logging_mixin.py:154} WARNING -                                                                                     
[2025-11-17T20:59:49.628+0000] {logging_mixin.py:154} WARNING - 
[2025-11-17T20:59:49.628+0000] {logging_mixin.py:154} INFO - [I 2025-11-17 20:59:49,628] Trial 18 finished with value: 0.8186986734049274 and parameters: {'max_depth': 6, 'learning_rate': 0.17178329359598116, 'subsample': 0.5053763102374137, 'colsample_bytree': 0.8754986180062629, 'min_child_weight': 6, 'gamma': 3.8216059113430867, 'n_estimators': 191}. Best is trial 18 with value: 0.8186986734049274.
[2025-11-17T20:59:49.629+0000] {logging_mixin.py:154} WARNING - Best trial: 6. Best value: 0.818528:  36%|###6      | 18/50 [00:19<00:43,  1.36s/it]
[2025-11-17T20:59:49.629+0000] {logging_mixin.py:154} WARNING - Best trial: 18. Best value: 0.818699:  36%|###6      | 18/50 [00:19<00:43,  1.36s/it]
[2025-11-17T20:59:49.629+0000] {logging_mixin.py:154} WARNING - Best trial: 18. Best value: 0.818699:  38%|###8      | 19/50 [00:19<00:30,  1.02it/s]
[2025-11-17T20:59:51.589+0000] {logging_mixin.py:154} WARNING -                                                                                      
[2025-11-17T20:59:51.590+0000] {logging_mixin.py:154} WARNING - 
[2025-11-17T20:59:51.590+0000] {logging_mixin.py:154} INFO - [I 2025-11-17 20:59:51,589] Trial 19 finished with value: 0.8113924050632912 and parameters: {'max_depth': 5, 'learning_rate': 0.1932071193841226, 'subsample': 0.5091042526419193, 'colsample_bytree': 0.8964487210044978, 'min_child_weight': 6, 'gamma': 3.9793872180099115, 'n_estimators': 162}. Best is trial 18 with value: 0.8186986734049274.
[2025-11-17T20:59:51.590+0000] {logging_mixin.py:154} WARNING - Best trial: 18. Best value: 0.818699:  38%|###8      | 19/50 [00:21<00:30,  1.02it/s]
[2025-11-17T20:59:51.590+0000] {logging_mixin.py:154} WARNING - Best trial: 18. Best value: 0.818699:  38%|###8      | 19/50 [00:21<00:30,  1.02it/s]
[2025-11-17T20:59:51.590+0000] {logging_mixin.py:154} WARNING - Best trial: 18. Best value: 0.818699:  40%|####      | 20/50 [00:21<00:38,  1.28s/it]
[2025-11-17T20:59:51.883+0000] {logging_mixin.py:154} WARNING -                                                                                      
[2025-11-17T20:59:51.883+0000] {logging_mixin.py:154} WARNING - 
[2025-11-17T20:59:51.883+0000] {logging_mixin.py:154} INFO - [I 2025-11-17 20:59:51,883] Trial 20 finished with value: 0.8128205128205128 and parameters: {'max_depth': 6, 'learning_rate': 0.09027755855390837, 'subsample': 0.5591199314066355, 'colsample_bytree': 0.9340098378031474, 'min_child_weight': 7, 'gamma': 3.763900252272743, 'n_estimators': 60}. Best is trial 18 with value: 0.8186986734049274.
[2025-11-17T20:59:51.883+0000] {logging_mixin.py:154} WARNING - Best trial: 18. Best value: 0.818699:  40%|####      | 20/50 [00:22<00:38,  1.28s/it]
[2025-11-17T20:59:51.884+0000] {logging_mixin.py:154} WARNING - Best trial: 18. Best value: 0.818699:  40%|####      | 20/50 [00:22<00:38,  1.28s/it]
[2025-11-17T20:59:51.884+0000] {logging_mixin.py:154} WARNING - Best trial: 18. Best value: 0.818699:  42%|####2     | 21/50 [00:22<00:28,  1.02it/s]
[2025-11-17T20:59:53.186+0000] {logging_mixin.py:154} WARNING -                                                                                      
[2025-11-17T20:59:53.186+0000] {logging_mixin.py:154} WARNING - 
[2025-11-17T20:59:53.186+0000] {logging_mixin.py:154} INFO - [I 2025-11-17 20:59:53,186] Trial 21 finished with value: 0.8157061431285624 and parameters: {'max_depth': 9, 'learning_rate': 0.16195826958536208, 'subsample': 0.6145777931279818, 'colsample_bytree': 0.8059957102470231, 'min_child_weight': 4, 'gamma': 3.139091586528407, 'n_estimators': 230}. Best is trial 18 with value: 0.8186986734049274.
[2025-11-17T20:59:53.187+0000] {logging_mixin.py:154} WARNING - Best trial: 18. Best value: 0.818699:  42%|####2     | 21/50 [00:23<00:28,  1.02it/s]
[2025-11-17T20:59:53.187+0000] {logging_mixin.py:154} WARNING - Best trial: 18. Best value: 0.818699:  42%|####2     | 21/50 [00:23<00:28,  1.02it/s]
[2025-11-17T20:59:53.187+0000] {logging_mixin.py:154} WARNING - Best trial: 18. Best value: 0.818699:  44%|####4     | 22/50 [00:23<00:30,  1.08s/it]
[2025-11-17T20:59:53.894+0000] {logging_mixin.py:154} WARNING -                                                                                      
[2025-11-17T20:59:53.895+0000] {logging_mixin.py:154} WARNING - 
[2025-11-17T20:59:53.895+0000] {logging_mixin.py:154} INFO - [I 2025-11-17 20:59:53,894] Trial 22 finished with value: 0.8058561425843412 and parameters: {'max_depth': 6, 'learning_rate': 0.21483616243677206, 'subsample': 0.5057359665961872, 'colsample_bytree': 0.868796017734545, 'min_child_weight': 2, 'gamma': 2.898619814172191, 'n_estimators': 276}. Best is trial 18 with value: 0.8186986734049274.
[2025-11-17T20:59:53.895+0000] {logging_mixin.py:154} WARNING - Best trial: 18. Best value: 0.818699:  44%|####4     | 22/50 [00:24<00:30,  1.08s/it]
[2025-11-17T20:59:53.895+0000] {logging_mixin.py:154} WARNING - Best trial: 18. Best value: 0.818699:  44%|####4     | 22/50 [00:24<00:30,  1.08s/it]
[2025-11-17T20:59:53.895+0000] {logging_mixin.py:154} WARNING - Best trial: 18. Best value: 0.818699:  46%|####6     | 23/50 [00:24<00:26,  1.03it/s]
[2025-11-17T20:59:54.142+0000] {logging_mixin.py:154} WARNING -                                                                                      
[2025-11-17T20:59:54.142+0000] {logging_mixin.py:154} WARNING - 
[2025-11-17T20:59:54.142+0000] {logging_mixin.py:154} INFO - [I 2025-11-17 20:59:54,142] Trial 23 finished with value: 0.821969696969697 and parameters: {'max_depth': 8, 'learning_rate': 0.2961731536915933, 'subsample': 0.6867155181448017, 'colsample_bytree': 0.86519958847395, 'min_child_weight': 5, 'gamma': 3.616582292728368, 'n_estimators': 175}. Best is trial 23 with value: 0.821969696969697.
[2025-11-17T20:59:54.142+0000] {logging_mixin.py:154} WARNING - Best trial: 18. Best value: 0.818699:  46%|####6     | 23/50 [00:24<00:26,  1.03it/s]
[2025-11-17T20:59:54.142+0000] {logging_mixin.py:154} WARNING - Best trial: 23. Best value: 0.82197:  46%|####6     | 23/50 [00:24<00:26,  1.03it/s] 
[2025-11-17T20:59:54.143+0000] {logging_mixin.py:154} WARNING - Best trial: 23. Best value: 0.82197:  48%|####8     | 24/50 [00:24<00:19,  1.33it/s]
[2025-11-17T20:59:54.507+0000] {logging_mixin.py:154} WARNING -                                                                                     
[2025-11-17T20:59:54.507+0000] {logging_mixin.py:154} WARNING - 
[2025-11-17T20:59:54.507+0000] {logging_mixin.py:154} INFO - [I 2025-11-17 20:59:54,507] Trial 24 finished with value: 0.8167406467977172 and parameters: {'max_depth': 10, 'learning_rate': 0.2829962385064628, 'subsample': 0.6198150635675288, 'colsample_bytree': 0.7865893526040977, 'min_child_weight': 7, 'gamma': 4.355342976739857, 'n_estimators': 147}. Best is trial 23 with value: 0.821969696969697.
[2025-11-17T20:59:54.508+0000] {logging_mixin.py:154} WARNING - Best trial: 23. Best value: 0.82197:  48%|####8     | 24/50 [00:24<00:19,  1.33it/s]
[2025-11-17T20:59:54.508+0000] {logging_mixin.py:154} WARNING - Best trial: 23. Best value: 0.82197:  48%|####8     | 24/50 [00:24<00:19,  1.33it/s]
[2025-11-17T20:59:54.508+0000] {logging_mixin.py:154} WARNING - Best trial: 23. Best value: 0.82197:  50%|#####     | 25/50 [00:24<00:15,  1.57it/s]
[2025-11-17T20:59:54.599+0000] {logging_mixin.py:154} WARNING -                                                                                     
[2025-11-17T20:59:54.599+0000] {logging_mixin.py:154} WARNING - 
[2025-11-17T20:59:54.600+0000] {logging_mixin.py:154} INFO - [I 2025-11-17 20:59:54,599] Trial 25 finished with value: 0.8134517766497461 and parameters: {'max_depth': 8, 'learning_rate': 0.21128694172682358, 'subsample': 0.5687015336457728, 'colsample_bytree': 0.8840663308444058, 'min_child_weight': 5, 'gamma': 3.6915541033696435, 'n_estimators': 183}. Best is trial 23 with value: 0.821969696969697.
[2025-11-17T20:59:54.600+0000] {logging_mixin.py:154} WARNING - Best trial: 23. Best value: 0.82197:  50%|#####     | 25/50 [00:24<00:15,  1.57it/s]
[2025-11-17T20:59:54.600+0000] {logging_mixin.py:154} WARNING - Best trial: 23. Best value: 0.82197:  50%|#####     | 25/50 [00:24<00:15,  1.57it/s]
[2025-11-17T20:59:54.716+0000] {logging_mixin.py:154} WARNING -                                                                                     
[2025-11-17T20:59:54.717+0000] {logging_mixin.py:154} WARNING - 
[2025-11-17T20:59:54.717+0000] {logging_mixin.py:154} INFO - [I 2025-11-17 20:59:54,716] Trial 26 finished with value: 0.8097622027534419 and parameters: {'max_depth': 4, 'learning_rate': 0.2939492868384221, 'subsample': 0.6741515345857024, 'colsample_bytree': 0.9360957214720802, 'min_child_weight': 6, 'gamma': 3.6386877683560526, 'n_estimators': 104}. Best is trial 23 with value: 0.821969696969697.
[2025-11-17T20:59:54.717+0000] {logging_mixin.py:154} WARNING - Best trial: 23. Best value: 0.82197:  52%|#####2    | 26/50 [00:25<00:15,  1.57it/s]
[2025-11-17T20:59:54.717+0000] {logging_mixin.py:154} WARNING - Best trial: 23. Best value: 0.82197:  52%|#####2    | 26/50 [00:25<00:15,  1.57it/s]
[2025-11-17T20:59:54.717+0000] {logging_mixin.py:154} WARNING - Best trial: 23. Best value: 0.82197:  54%|#####4    | 27/50 [00:25<00:08,  2.56it/s]
[2025-11-17T20:59:54.817+0000] {logging_mixin.py:154} WARNING -                                                                                     
[2025-11-17T20:59:54.817+0000] {logging_mixin.py:154} WARNING - 
[2025-11-17T20:59:54.817+0000] {logging_mixin.py:154} INFO - [I 2025-11-17 20:59:54,816] Trial 27 finished with value: 0.8108108108108107 and parameters: {'max_depth': 6, 'learning_rate': 0.21630756112263988, 'subsample': 0.6147015886512818, 'colsample_bytree': 0.8169123111778869, 'min_child_weight': 5, 'gamma': 4.637958059966712, 'n_estimators': 108}. Best is trial 23 with value: 0.821969696969697.
[2025-11-17T20:59:54.817+0000] {logging_mixin.py:154} WARNING - Best trial: 23. Best value: 0.82197:  54%|#####4    | 27/50 [00:25<00:08,  2.56it/s]
[2025-11-17T20:59:54.817+0000] {logging_mixin.py:154} WARNING - Best trial: 23. Best value: 0.82197:  54%|#####4    | 27/50 [00:25<00:08,  2.56it/s]
[2025-11-17T20:59:54.817+0000] {logging_mixin.py:154} WARNING - Best trial: 23. Best value: 0.82197:  56%|#####6    | 28/50 [00:25<00:07,  3.14it/s]
[2025-11-17T20:59:54.920+0000] {logging_mixin.py:154} WARNING -                                                                                     
[2025-11-17T20:59:54.920+0000] {logging_mixin.py:154} WARNING - 
[2025-11-17T20:59:54.920+0000] {logging_mixin.py:154} INFO - [I 2025-11-17 20:59:54,920] Trial 28 finished with value: 0.8142041851616993 and parameters: {'max_depth': 3, 'learning_rate': 0.17401664261971608, 'subsample': 0.5446866755126428, 'colsample_bytree': 0.8742681487484665, 'min_child_weight': 4, 'gamma': 4.092509044953492, 'n_estimators': 198}. Best is trial 23 with value: 0.821969696969697.
[2025-11-17T20:59:54.920+0000] {logging_mixin.py:154} WARNING - Best trial: 23. Best value: 0.82197:  56%|#####6    | 28/50 [00:25<00:07,  3.14it/s]
[2025-11-17T20:59:54.921+0000] {logging_mixin.py:154} WARNING - Best trial: 23. Best value: 0.82197:  56%|#####6    | 28/50 [00:25<00:07,  3.14it/s]
[2025-11-17T20:59:54.921+0000] {logging_mixin.py:154} WARNING - Best trial: 23. Best value: 0.82197:  58%|#####8    | 29/50 [00:25<00:05,  3.81it/s]
[2025-11-17T20:59:55.062+0000] {logging_mixin.py:154} WARNING -                                                                                     
[2025-11-17T20:59:55.063+0000] {logging_mixin.py:154} WARNING - 
[2025-11-17T20:59:55.063+0000] {logging_mixin.py:154} INFO - [I 2025-11-17 20:59:55,062] Trial 29 finished with value: 0.8134092346616065 and parameters: {'max_depth': 8, 'learning_rate': 0.22822625069219526, 'subsample': 0.6925458612026015, 'colsample_bytree': 0.7876143731110701, 'min_child_weight': 8, 'gamma': 2.71347277059325, 'n_estimators': 248}. Best is trial 23 with value: 0.821969696969697.
[2025-11-17T20:59:55.063+0000] {logging_mixin.py:154} WARNING - Best trial: 23. Best value: 0.82197:  58%|#####8    | 29/50 [00:25<00:05,  3.81it/s]
[2025-11-17T20:59:55.063+0000] {logging_mixin.py:154} WARNING - Best trial: 23. Best value: 0.82197:  58%|#####8    | 29/50 [00:25<00:05,  3.81it/s]
[2025-11-17T20:59:55.063+0000] {logging_mixin.py:154} WARNING - Best trial: 23. Best value: 0.82197:  60%|######    | 30/50 [00:25<00:04,  4.36it/s]
[2025-11-17T20:59:55.174+0000] {logging_mixin.py:154} WARNING -                                                                                     
[2025-11-17T20:59:55.174+0000] {logging_mixin.py:154} WARNING - 
[2025-11-17T20:59:55.174+0000] {logging_mixin.py:154} INFO - [I 2025-11-17 20:59:55,174] Trial 30 finished with value: 0.817435249526216 and parameters: {'max_depth': 6, 'learning_rate': 0.2385883942936728, 'subsample': 0.5873366638078266, 'colsample_bytree': 0.8441297343300987, 'min_child_weight': 2, 'gamma': 3.4373186486883607, 'n_estimators': 105}. Best is trial 23 with value: 0.821969696969697.
[2025-11-17T20:59:55.175+0000] {logging_mixin.py:154} WARNING - Best trial: 23. Best value: 0.82197:  60%|######    | 30/50 [00:25<00:04,  4.36it/s]
[2025-11-17T20:59:55.175+0000] {logging_mixin.py:154} WARNING - Best trial: 23. Best value: 0.82197:  60%|######    | 30/50 [00:25<00:04,  4.36it/s]
[2025-11-17T20:59:55.175+0000] {logging_mixin.py:154} WARNING - Best trial: 23. Best value: 0.82197:  62%|######2   | 31/50 [00:25<00:03,  5.09it/s]
[2025-11-17T20:59:55.479+0000] {logging_mixin.py:154} WARNING -                                                                                     
[2025-11-17T20:59:55.480+0000] {logging_mixin.py:154} WARNING - 
[2025-11-17T20:59:55.480+0000] {logging_mixin.py:154} INFO - [I 2025-11-17 20:59:55,479] Trial 31 finished with value: 0.8178954001260239 and parameters: {'max_depth': 7, 'learning_rate': 0.14253355128835915, 'subsample': 0.7060012319389273, 'colsample_bytree': 0.8355129443884577, 'min_child_weight': 3, 'gamma': 3.165787353005748, 'n_estimators': 313}. Best is trial 23 with value: 0.821969696969697.
[2025-11-17T20:59:55.480+0000] {logging_mixin.py:154} WARNING - Best trial: 23. Best value: 0.82197:  62%|######2   | 31/50 [00:25<00:03,  5.09it/s]
[2025-11-17T20:59:55.480+0000] {logging_mixin.py:154} WARNING - Best trial: 23. Best value: 0.82197:  62%|######2   | 31/50 [00:25<00:03,  5.09it/s]
[2025-11-17T20:59:55.480+0000] {logging_mixin.py:154} WARNING - Best trial: 23. Best value: 0.82197:  64%|######4   | 32/50 [00:25<00:04,  4.39it/s]
[2025-11-17T20:59:55.631+0000] {logging_mixin.py:154} WARNING -                                                                                     
[2025-11-17T20:59:55.632+0000] {logging_mixin.py:154} WARNING - 
[2025-11-17T20:59:55.632+0000] {logging_mixin.py:154} INFO - [I 2025-11-17 20:59:55,631] Trial 32 finished with value: 0.8177215189873417 and parameters: {'max_depth': 8, 'learning_rate': 0.1345963646203148, 'subsample': 0.7500949942496841, 'colsample_bytree': 0.8650397708057478, 'min_child_weight': 4, 'gamma': 2.9020033336707196, 'n_estimators': 178}. Best is trial 23 with value: 0.821969696969697.
[2025-11-17T20:59:55.632+0000] {logging_mixin.py:154} WARNING - Best trial: 23. Best value: 0.82197:  64%|######4   | 32/50 [00:25<00:04,  4.39it/s]
[2025-11-17T20:59:55.632+0000] {logging_mixin.py:154} WARNING - Best trial: 23. Best value: 0.82197:  64%|######4   | 32/50 [00:25<00:04,  4.39it/s]
[2025-11-17T20:59:55.632+0000] {logging_mixin.py:154} WARNING - Best trial: 23. Best value: 0.82197:  66%|######6   | 33/50 [00:25<00:03,  4.86it/s]
[2025-11-17T20:59:58.809+0000] {logging_mixin.py:154} WARNING -                                                                                     
[2025-11-17T20:59:58.810+0000] {logging_mixin.py:154} WARNING - 
[2025-11-17T20:59:58.810+0000] {logging_mixin.py:154} INFO - [I 2025-11-17 20:59:58,809] Trial 33 finished with value: 0.820447284345048 and parameters: {'max_depth': 10, 'learning_rate': 0.16672203556677798, 'subsample': 0.6549914433312047, 'colsample_bytree': 0.8071868938792947, 'min_child_weight': 6, 'gamma': 2.285545670206392, 'n_estimators': 340}. Best is trial 23 with value: 0.821969696969697.
[2025-11-17T20:59:58.810+0000] {logging_mixin.py:154} WARNING - Best trial: 23. Best value: 0.82197:  66%|######6   | 33/50 [00:29<00:03,  4.86it/s]
[2025-11-17T20:59:58.810+0000] {logging_mixin.py:154} WARNING - Best trial: 23. Best value: 0.82197:  66%|######6   | 33/50 [00:29<00:03,  4.86it/s]
[2025-11-17T20:59:58.810+0000] {logging_mixin.py:154} WARNING - Best trial: 23. Best value: 0.82197:  68%|######8   | 34/50 [00:29<00:17,  1.08s/it]
[2025-11-17T20:59:58.610+0000] {logging_mixin.py:154} WARNING -                                                                                     
[2025-11-17T20:59:58.610+0000] {logging_mixin.py:154} WARNING - 
[2025-11-17T20:59:58.610+0000] {logging_mixin.py:154} INFO - [I 2025-11-17 20:59:58,610] Trial 34 finished with value: 0.8193384223918575 and parameters: {'max_depth': 10, 'learning_rate': 0.1801915250003015, 'subsample': 0.6479402703946394, 'colsample_bytree': 0.7768732917384981, 'min_child_weight': 6, 'gamma': 2.2597729224755763, 'n_estimators': 337}. Best is trial 23 with value: 0.821969696969697.
[2025-11-17T20:59:58.610+0000] {logging_mixin.py:154} WARNING - Best trial: 23. Best value: 0.82197:  68%|######8   | 34/50 [00:28<00:17,  1.08s/it]
[2025-11-17T20:59:58.611+0000] {logging_mixin.py:154} WARNING - Best trial: 23. Best value: 0.82197:  68%|######8   | 34/50 [00:28<00:17,  1.08s/it]
[2025-11-17T20:59:58.009+0000] {logging_mixin.py:154} WARNING -                                                                                     
[2025-11-17T20:59:58.009+0000] {logging_mixin.py:154} WARNING - 
[2025-11-17T20:59:58.009+0000] {logging_mixin.py:154} INFO - [I 2025-11-17 20:59:58,008] Trial 35 finished with value: 0.8195679796696315 and parameters: {'max_depth': 10, 'learning_rate': 0.2952622772770483, 'subsample': 0.6658751414790413, 'colsample_bytree': 0.7730463857827476, 'min_child_weight': 6, 'gamma': 2.257851035810244, 'n_estimators': 335}. Best is trial 23 with value: 0.821969696969697.
[2025-11-17T20:59:58.009+0000] {logging_mixin.py:154} WARNING - Best trial: 23. Best value: 0.82197:  70%|#######   | 35/50 [00:28<00:16,  1.08s/it]
[2025-11-17T20:59:58.009+0000] {logging_mixin.py:154} WARNING - Best trial: 23. Best value: 0.82197:  70%|#######   | 35/50 [00:28<00:16,  1.08s/it]
[2025-11-17T20:59:58.164+0000] {logging_mixin.py:154} WARNING -                                                                                     
[2025-11-17T20:59:58.164+0000] {logging_mixin.py:154} WARNING - 
[2025-11-17T20:59:58.164+0000] {logging_mixin.py:154} INFO - [I 2025-11-17 20:59:58,164] Trial 36 finished with value: 0.813299232736573 and parameters: {'max_depth': 11, 'learning_rate': 0.2963100602215893, 'subsample': 0.653057267208021, 'colsample_bytree': 0.7567578866733125, 'min_child_weight': 7, 'gamma': 2.154499119672563, 'n_estimators': 339}. Best is trial 23 with value: 0.821969696969697.
[2025-11-17T20:59:58.165+0000] {logging_mixin.py:154} WARNING - Best trial: 23. Best value: 0.82197:  72%|#######2  | 36/50 [00:28<00:15,  1.08s/it]
[2025-11-17T20:59:58.165+0000] {logging_mixin.py:154} WARNING - Best trial: 23. Best value: 0.82197:  72%|#######2  | 36/50 [00:28<00:15,  1.08s/it]
[2025-11-17T20:59:58.361+0000] {logging_mixin.py:154} WARNING -                                                                                     
[2025-11-17T20:59:58.361+0000] {logging_mixin.py:154} WARNING - 
[2025-11-17T20:59:58.362+0000] {logging_mixin.py:154} INFO - [I 2025-11-17 20:59:58,361] Trial 37 finished with value: 0.8094327597195666 and parameters: {'max_depth': 14, 'learning_rate': 0.23266711863669523, 'subsample': 0.6721922480853463, 'colsample_bytree': 0.7742848282531624, 'min_child_weight': 8, 'gamma': 2.374698518798211, 'n_estimators': 342}. Best is trial 23 with value: 0.821969696969697.
[2025-11-17T20:59:58.362+0000] {logging_mixin.py:154} WARNING - Best trial: 23. Best value: 0.82197:  74%|#######4  | 37/50 [00:28<00:13,  1.08s/it]
[2025-11-17T20:59:58.362+0000] {logging_mixin.py:154} WARNING - Best trial: 23. Best value: 0.82197:  74%|#######4  | 37/50 [00:28<00:13,  1.08s/it]
[2025-11-17T20:59:58.632+0000] {logging_mixin.py:154} WARNING -                                                                                     
[2025-11-17T20:59:58.632+0000] {logging_mixin.py:154} WARNING - 
