[2025-11-17T20:59:29.257+0000] {taskinstance.py:1159} INFO - Dependencies all met for dep_context=non-requeueable deps ti=<TaskInstance: sodai_drinks_production_pipeline.train_model manual__2025-11-17T20:59:07.033360+00:00 [queued]>
[2025-11-17T20:59:29.262+0000] {taskinstance.py:1159} INFO - Dependencies all met for dep_context=requeueable deps ti=<TaskInstance: sodai_drinks_production_pipeline.train_model manual__2025-11-17T20:59:07.033360+00:00 [queued]>
[2025-11-17T20:59:29.263+0000] {taskinstance.py:1361} INFO - Starting attempt 1 of 2
[2025-11-17T20:59:29.270+0000] {taskinstance.py:1382} INFO - Executing <Task(PythonOperator): train_model> on 2025-11-17 20:59:07.033360+00:00
[2025-11-17T20:59:29.281+0000] {standard_task_runner.py:57} INFO - Started process 1693 to run task
[2025-11-17T20:59:29.284+0000] {standard_task_runner.py:84} INFO - Running: ['***', 'tasks', 'run', 'sodai_drinks_production_pipeline', 'train_model', 'manual__2025-11-17T20:59:07.033360+00:00', '--job-id', '52', '--raw', '--subdir', 'DAGS_FOLDER/pipeline_productivo.py', '--cfg-path', '/tmp/tmpm3nzu7vb']
[2025-11-17T20:59:29.286+0000] {standard_task_runner.py:85} INFO - Job 52: Subtask train_model
[2025-11-17T20:59:29.321+0000] {task_command.py:416} INFO - Running <TaskInstance: sodai_drinks_production_pipeline.train_model manual__2025-11-17T20:59:07.033360+00:00 [running]> on host d1f907c36040
[2025-11-17T20:59:29.371+0000] {taskinstance.py:1662} INFO - Exporting env vars: AIRFLOW_CTX_DAG_EMAIL='team@sodaidrinks.com' AIRFLOW_CTX_DAG_OWNER='sodai_drinks_team' AIRFLOW_CTX_DAG_ID='sodai_drinks_production_pipeline' AIRFLOW_CTX_TASK_ID='train_model' AIRFLOW_CTX_EXECUTION_DATE='2025-11-17T20:59:07.033360+00:00' AIRFLOW_CTX_TRY_NUMBER='1' AIRFLOW_CTX_DAG_RUN_ID='manual__2025-11-17T20:59:07.033360+00:00'
[2025-11-17T20:59:29.372+0000] {model_training.py:229} INFO - 🚀 Iniciando entrenamiento del modelo XGBoost...
[2025-11-17T20:59:29.408+0000] {model_training.py:251} INFO - 📊 Dataset cargado:
[2025-11-17T20:59:29.408+0000] {model_training.py:252} INFO -    - Features: 15
[2025-11-17T20:59:29.409+0000] {model_training.py:253} INFO -    - Registros: 7438
[2025-11-17T20:59:29.409+0000] {model_training.py:254} INFO -    - Distribución de clases - Clase 0: 3719, Clase 1: 3719
[2025-11-17T20:59:29.416+0000] {model_training.py:264} INFO - 📂 Splits creados:
[2025-11-17T20:59:29.416+0000] {model_training.py:265} INFO -    - Train: 4462 muestras
[2025-11-17T20:59:29.416+0000] {model_training.py:266} INFO -    - Validation: 1488 muestras
[2025-11-17T20:59:29.416+0000] {model_training.py:267} INFO -    - Test: 1488 muestras
[2025-11-17T20:59:29.628+0000] {logging_mixin.py:154} WARNING - 2025/11/17 20:59:29 WARNING mlflow.utils.git_utils: Failed to import Git (the Git executable is probably not on your PATH), so Git SHA is not available. Error: Failed to initialize: Bad git executable.
The git executable must be specified in one of the following ways:
    - be included in your $PATH
    - be set via $GIT_PYTHON_GIT_EXECUTABLE
    - explicitly set via git.refresh(<full-path-to-git-executable>)

All git commands will error until this is rectified.

This initial message can be silenced or aggravated in the future by setting the
$GIT_PYTHON_REFRESH environment variable. Use one of the following values:
    - quiet|q|silence|s|silent|none|n|0: for no message or exception
    - warn|w|warning|log|l|1: for a warning message (logging level CRITICAL, displayed by default)
    - error|e|exception|raise|r|2: for a raised exception

Example:
    export GIT_PYTHON_REFRESH=quiet
[2025-11-17T20:59:29.636+0000] {model_training.py:64} INFO - 🔍 Iniciando optimización de hiperparámetros con 50 trials...
[2025-11-17T20:59:29.637+0000] {logging_mixin.py:154} WARNING -   0%|          | 0/50 [00:00<?, ?it/s]
[2025-11-17T20:59:29.718+0000] {logging_mixin.py:154} WARNING -                                       
[2025-11-17T20:59:29.718+0000] {logging_mixin.py:154} WARNING - 
[2025-11-17T20:59:29.718+0000] {logging_mixin.py:154} INFO - [I 2025-11-17 20:59:29,718] Trial 0 finished with value: 0.8094327597195666 and parameters: {'max_depth': 7, 'learning_rate': 0.2536999076681772, 'subsample': 0.8659969709057025, 'colsample_bytree': 0.7993292420985183, 'min_child_weight': 2, 'gamma': 0.7799726016810132, 'n_estimators': 76}. Best is trial 0 with value: 0.8094327597195666.
[2025-11-17T20:59:29.718+0000] {logging_mixin.py:154} WARNING -   0%|          | 0/50 [00:00<?, ?it/s]
[2025-11-17T20:59:29.718+0000] {logging_mixin.py:154} WARNING - Best trial: 0. Best value: 0.809433:   0%|          | 0/50 [00:00<?, ?it/s]
[2025-11-17T20:59:29.973+0000] {logging_mixin.py:154} WARNING -                                                                            
[2025-11-17T20:59:29.973+0000] {logging_mixin.py:154} WARNING - 
[2025-11-17T20:59:29.973+0000] {logging_mixin.py:154} INFO - [I 2025-11-17 20:59:29,973] Trial 1 finished with value: 0.806861499364676 and parameters: {'max_depth': 14, 'learning_rate': 0.07725378389307355, 'subsample': 0.8540362888980227, 'colsample_bytree': 0.5102922471479012, 'min_child_weight': 10, 'gamma': 4.162213204002109, 'n_estimators': 145}. Best is trial 0 with value: 0.8094327597195666.
[2025-11-17T20:59:29.973+0000] {logging_mixin.py:154} WARNING - Best trial: 0. Best value: 0.809433:   2%|2         | 1/50 [00:00<00:16,  2.97it/s]
[2025-11-17T20:59:29.974+0000] {logging_mixin.py:154} WARNING - Best trial: 0. Best value: 0.809433:   2%|2         | 1/50 [00:00<00:16,  2.97it/s]
[2025-11-17T20:59:29.974+0000] {logging_mixin.py:154} WARNING - Best trial: 0. Best value: 0.809433:   4%|4         | 2/50 [00:00<00:08,  5.94it/s]
[2025-11-17T20:59:34.101+0000] {logging_mixin.py:154} WARNING -                                                                                    
[2025-11-17T20:59:34.102+0000] {logging_mixin.py:154} WARNING - 
[2025-11-17T20:59:34.102+0000] {logging_mixin.py:154} INFO - [I 2025-11-17 20:59:34,101] Trial 2 finished with value: 0.8150031786395423 and parameters: {'max_depth': 5, 'learning_rate': 0.018659959624904916, 'subsample': 0.6521211214797689, 'colsample_bytree': 0.762378215816119, 'min_child_weight': 5, 'gamma': 1.4561457009902097, 'n_estimators': 325}. Best is trial 2 with value: 0.8150031786395423.
[2025-11-17T20:59:34.102+0000] {logging_mixin.py:154} WARNING - Best trial: 0. Best value: 0.809433:   4%|4         | 2/50 [00:04<00:08,  5.94it/s]
[2025-11-17T20:59:34.103+0000] {logging_mixin.py:154} WARNING - Best trial: 2. Best value: 0.815003:   4%|4         | 2/50 [00:04<00:08,  5.94it/s]
[2025-11-17T20:59:34.103+0000] {logging_mixin.py:154} WARNING - Best trial: 2. Best value: 0.815003:   6%|6         | 3/50 [00:04<01:25,  1.82s/it]
[2025-11-17T20:59:34.596+0000] {logging_mixin.py:154} WARNING -                                                                                    
[2025-11-17T20:59:34.597+0000] {logging_mixin.py:154} WARNING - 
[2025-11-17T20:59:34.597+0000] {logging_mixin.py:154} INFO - [I 2025-11-17 20:59:34,596] Trial 3 finished with value: 0.811704834605598 and parameters: {'max_depth': 4, 'learning_rate': 0.027010527749605478, 'subsample': 0.6831809216468459, 'colsample_bytree': 0.728034992108518, 'min_child_weight': 8, 'gamma': 0.9983689107917987, 'n_estimators': 281}. Best is trial 2 with value: 0.8150031786395423.
[2025-11-17T20:59:34.597+0000] {logging_mixin.py:154} WARNING - Best trial: 2. Best value: 0.815003:   6%|6         | 3/50 [00:04<01:25,  1.82s/it]
[2025-11-17T20:59:34.597+0000] {logging_mixin.py:154} WARNING - Best trial: 2. Best value: 0.815003:   6%|6         | 3/50 [00:04<01:25,  1.82s/it]
[2025-11-17T20:59:34.597+0000] {logging_mixin.py:154} WARNING - Best trial: 2. Best value: 0.815003:   8%|8         | 4/50 [00:04<01:00,  1.32s/it]
[2025-11-17T20:59:34.907+0000] {logging_mixin.py:154} WARNING -                                                                                    
[2025-11-17T20:59:34.907+0000] {logging_mixin.py:154} WARNING - 
[2025-11-17T20:59:34.907+0000] {logging_mixin.py:154} INFO - [I 2025-11-17 20:59:34,907] Trial 4 finished with value: 0.8096446700507615 and parameters: {'max_depth': 10, 'learning_rate': 0.011711509955524094, 'subsample': 0.8037724259507192, 'colsample_bytree': 0.5852620618436457, 'min_child_weight': 1, 'gamma': 4.7444276862666666, 'n_estimators': 485}. Best is trial 2 with value: 0.8150031786395423.
[2025-11-17T20:59:34.907+0000] {logging_mixin.py:154} WARNING - Best trial: 2. Best value: 0.815003:   8%|8         | 4/50 [00:05<01:00,  1.32s/it]
[2025-11-17T20:59:34.908+0000] {logging_mixin.py:154} WARNING - Best trial: 2. Best value: 0.815003:   8%|8         | 4/50 [00:05<01:00,  1.32s/it]
[2025-11-17T20:59:34.908+0000] {logging_mixin.py:154} WARNING - Best trial: 2. Best value: 0.815003:  10%|#         | 5/50 [00:05<00:43,  1.03it/s]
[2025-11-17T20:59:35.580+0000] {logging_mixin.py:154} WARNING -                                                                                    
[2025-11-17T20:59:35.580+0000] {logging_mixin.py:154} WARNING - 
[2025-11-17T20:59:35.580+0000] {logging_mixin.py:154} INFO - [I 2025-11-17 20:59:35,580] Trial 5 finished with value: 0.8076923076923077 and parameters: {'max_depth': 13, 'learning_rate': 0.028180680291847244, 'subsample': 0.5488360570031919, 'colsample_bytree': 0.8421165132560784, 'min_child_weight': 5, 'gamma': 0.6101911742238941, 'n_estimators': 273}. Best is trial 2 with value: 0.8150031786395423.
[2025-11-17T20:59:35.581+0000] {logging_mixin.py:154} WARNING - Best trial: 2. Best value: 0.815003:  10%|#         | 5/50 [00:05<00:43,  1.03it/s]
[2025-11-17T20:59:35.581+0000] {logging_mixin.py:154} WARNING - Best trial: 2. Best value: 0.815003:  10%|#         | 5/50 [00:05<00:43,  1.03it/s]
[2025-11-17T20:59:35.581+0000] {logging_mixin.py:154} WARNING - Best trial: 2. Best value: 0.815003:  12%|#2        | 6/50 [00:05<00:38,  1.15it/s]
[2025-11-17T20:59:35.720+0000] {logging_mixin.py:154} WARNING -                                                                                    
[2025-11-17T20:59:35.720+0000] {logging_mixin.py:154} WARNING - 
[2025-11-17T20:59:35.720+0000] {logging_mixin.py:154} INFO - [I 2025-11-17 20:59:35,720] Trial 6 finished with value: 0.8185279187817258 and parameters: {'max_depth': 3, 'learning_rate': 0.22038218939289875, 'subsample': 0.6293899908000085, 'colsample_bytree': 0.831261142176991, 'min_child_weight': 4, 'gamma': 2.600340105889054, 'n_estimators': 296}. Best is trial 6 with value: 0.8185279187817258.
[2025-11-17T20:59:35.720+0000] {logging_mixin.py:154} WARNING - Best trial: 2. Best value: 0.815003:  12%|#2        | 6/50 [00:06<00:38,  1.15it/s]
[2025-11-17T20:59:35.721+0000] {logging_mixin.py:154} WARNING - Best trial: 6. Best value: 0.818528:  12%|#2        | 6/50 [00:06<00:38,  1.15it/s]
[2025-11-17T20:59:35.721+0000] {logging_mixin.py:154} WARNING - Best trial: 6. Best value: 0.818528:  14%|#4        | 7/50 [00:06<00:27,  1.57it/s]
[2025-11-17T20:59:35.906+0000] {logging_mixin.py:154} WARNING -                                                                                    
[2025-11-17T20:59:35.906+0000] {logging_mixin.py:154} WARNING - 
[2025-11-17T20:59:35.906+0000] {logging_mixin.py:154} INFO - [I 2025-11-17 20:59:35,906] Trial 7 finished with value: 0.8134092346616065 and parameters: {'max_depth': 5, 'learning_rate': 0.27051668818999286, 'subsample': 0.8875664116805573, 'colsample_bytree': 0.9697494707820946, 'min_child_weight': 9, 'gamma': 2.9894998940554256, 'n_estimators': 465}. Best is trial 6 with value: 0.8185279187817258.
[2025-11-17T20:59:35.907+0000] {logging_mixin.py:154} WARNING - Best trial: 6. Best value: 0.818528:  14%|#4        | 7/50 [00:06<00:27,  1.57it/s]
[2025-11-17T20:59:35.907+0000] {logging_mixin.py:154} WARNING - Best trial: 6. Best value: 0.818528:  14%|#4        | 7/50 [00:06<00:27,  1.57it/s]
[2025-11-17T20:59:35.907+0000] {logging_mixin.py:154} WARNING - Best trial: 6. Best value: 0.818528:  16%|#6        | 8/50 [00:06<00:20,  2.02it/s]
[2025-11-17T20:59:36.505+0000] {logging_mixin.py:154} WARNING -                                                                                    
[2025-11-17T20:59:36.506+0000] {logging_mixin.py:154} WARNING - 
[2025-11-17T20:59:36.506+0000] {logging_mixin.py:154} INFO - [I 2025-11-17 20:59:36,505] Trial 8 finished with value: 0.8111533586818758 and parameters: {'max_depth': 4, 'learning_rate': 0.01947558230629543, 'subsample': 0.522613644455269, 'colsample_bytree': 0.6626651653816322, 'min_child_weight': 4, 'gamma': 1.3567451588694794, 'n_estimators': 423}. Best is trial 6 with value: 0.8185279187817258.
[2025-11-17T20:59:36.506+0000] {logging_mixin.py:154} WARNING - Best trial: 6. Best value: 0.818528:  16%|#6        | 8/50 [00:06<00:20,  2.02it/s]
[2025-11-17T20:59:36.506+0000] {logging_mixin.py:154} WARNING - Best trial: 6. Best value: 0.818528:  16%|#6        | 8/50 [00:06<00:20,  2.02it/s]
[2025-11-17T20:59:36.506+0000] {logging_mixin.py:154} WARNING - Best trial: 6. Best value: 0.818528:  18%|#8        | 9/50 [00:06<00:21,  1.90it/s]
[2025-11-17T20:59:38.528+0000] {logging_mixin.py:154} WARNING -                                                                                    
[2025-11-17T20:59:38.528+0000] {logging_mixin.py:154} WARNING - 
[2025-11-17T20:59:38.528+0000] {logging_mixin.py:154} INFO - [I 2025-11-17 20:59:38,528] Trial 9 finished with value: 0.8106396453451552 and parameters: {'max_depth': 7, 'learning_rate': 0.026000059117302653, 'subsample': 0.7713480415791243, 'colsample_bytree': 0.5704621124873813, 'min_child_weight': 9, 'gamma': 0.3727532183988541, 'n_estimators': 495}. Best is trial 6 with value: 0.8185279187817258.
[2025-11-17T20:59:38.528+0000] {logging_mixin.py:154} WARNING - Best trial: 6. Best value: 0.818528:  18%|#8        | 9/50 [00:08<00:21,  1.90it/s]
[2025-11-17T20:59:38.529+0000] {logging_mixin.py:154} WARNING - Best trial: 6. Best value: 0.818528:  18%|#8        | 9/50 [00:08<00:21,  1.90it/s]
[2025-11-17T20:59:38.529+0000] {logging_mixin.py:154} WARNING - Best trial: 6. Best value: 0.818528:  20%|##        | 10/50 [00:08<00:39,  1.01it/s]
[2025-11-17T20:59:38.675+0000] {logging_mixin.py:154} WARNING -                                                                                     
[2025-11-17T20:59:38.675+0000] {logging_mixin.py:154} WARNING - 
[2025-11-17T20:59:38.675+0000] {logging_mixin.py:154} INFO - [I 2025-11-17 20:59:38,675] Trial 10 finished with value: 0.8132147395171537 and parameters: {'max_depth': 9, 'learning_rate': 0.11662210085018034, 'subsample': 0.9847685553939328, 'colsample_bytree': 0.9046749166920307, 'min_child_weight': 7, 'gamma': 2.5732224534594175, 'n_estimators': 212}. Best is trial 6 with value: 0.8185279187817258.
[2025-11-17T20:59:38.675+0000] {logging_mixin.py:154} WARNING - Best trial: 6. Best value: 0.818528:  20%|##        | 10/50 [00:09<00:39,  1.01it/s]
[2025-11-17T20:59:38.676+0000] {logging_mixin.py:154} WARNING - Best trial: 6. Best value: 0.818528:  20%|##        | 10/50 [00:09<00:39,  1.01it/s]
[2025-11-17T20:59:38.676+0000] {logging_mixin.py:154} WARNING - Best trial: 6. Best value: 0.818528:  22%|##2       | 11/50 [00:09<00:28,  1.37it/s]
[2025-11-17T20:59:38.884+0000] {logging_mixin.py:154} WARNING -                                                                                     
[2025-11-17T20:59:38.884+0000] {logging_mixin.py:154} WARNING - 
[2025-11-17T20:59:38.884+0000] {logging_mixin.py:154} INFO - [I 2025-11-17 20:59:38,884] Trial 11 finished with value: 0.8160407383831956 and parameters: {'max_depth': 3, 'learning_rate': 0.05378356815268503, 'subsample': 0.659116748316145, 'colsample_bytree': 0.7360779619310245, 'min_child_weight': 3, 'gamma': 1.8822979967939049, 'n_estimators': 356}. Best is trial 6 with value: 0.8185279187817258.
[2025-11-17T20:59:38.884+0000] {logging_mixin.py:154} WARNING - Best trial: 6. Best value: 0.818528:  22%|##2       | 11/50 [00:09<00:28,  1.37it/s]
[2025-11-17T20:59:38.884+0000] {logging_mixin.py:154} WARNING - Best trial: 6. Best value: 0.818528:  22%|##2       | 11/50 [00:09<00:28,  1.37it/s]
[2025-11-17T20:59:38.884+0000] {logging_mixin.py:154} WARNING - Best trial: 6. Best value: 0.818528:  24%|##4       | 12/50 [00:09<00:21,  1.75it/s]
[2025-11-17T20:59:39.200+0000] {logging_mixin.py:154} WARNING -                                                                                     
[2025-11-17T20:59:39.201+0000] {logging_mixin.py:154} WARNING - 
[2025-11-17T20:59:39.201+0000] {logging_mixin.py:154} INFO - [I 2025-11-17 20:59:39,200] Trial 12 finished with value: 0.8129770992366412 and parameters: {'max_depth': 3, 'learning_rate': 0.05771890707854544, 'subsample': 0.6396470776224414, 'colsample_bytree': 0.709790152518133, 'min_child_weight': 3, 'gamma': 1.9379710203198037, 'n_estimators': 365}. Best is trial 6 with value: 0.8185279187817258.
[2025-11-17T20:59:39.201+0000] {logging_mixin.py:154} WARNING - Best trial: 6. Best value: 0.818528:  24%|##4       | 12/50 [00:09<00:21,  1.75it/s]
[2025-11-17T20:59:39.201+0000] {logging_mixin.py:154} WARNING - Best trial: 6. Best value: 0.818528:  24%|##4       | 12/50 [00:09<00:21,  1.75it/s]
[2025-11-17T20:59:39.202+0000] {logging_mixin.py:154} WARNING - Best trial: 6. Best value: 0.818528:  26%|##6       | 13/50 [00:09<00:18,  2.02it/s]
[2025-11-17T20:59:46.038+0000] {logging_mixin.py:154} WARNING -                                                                                     
[2025-11-17T20:59:46.039+0000] {logging_mixin.py:154} WARNING - 
[2025-11-17T20:59:46.039+0000] {logging_mixin.py:154} INFO - [I 2025-11-17 20:59:46,038] Trial 13 finished with value: 0.8185279187817258 and parameters: {'max_depth': 7, 'learning_rate': 0.13633746360005283, 'subsample': 0.7042546159576535, 'colsample_bytree': 0.8505812976968798, 'min_child_weight': 3, 'gamma': 3.1722857018777013, 'n_estimators': 371}. Best is trial 6 with value: 0.8185279187817258.
[2025-11-17T20:59:46.039+0000] {logging_mixin.py:154} WARNING - Best trial: 6. Best value: 0.818528:  26%|##6       | 13/50 [00:16<00:18,  2.02it/s]
[2025-11-17T20:59:46.039+0000] {logging_mixin.py:154} WARNING - Best trial: 6. Best value: 0.818528:  26%|##6       | 13/50 [00:16<00:18,  2.02it/s]
[2025-11-17T20:59:46.039+0000] {logging_mixin.py:154} WARNING - Best trial: 6. Best value: 0.818528:  28%|##8       | 14/50 [00:16<01:26,  2.41s/it]
[2025-11-17T20:59:46.589+0000] {logging_mixin.py:154} WARNING -                                                                                     
[2025-11-17T20:59:46.589+0000] {logging_mixin.py:154} WARNING - 
[2025-11-17T20:59:46.589+0000] {logging_mixin.py:154} INFO - [I 2025-11-17 20:59:46,589] Trial 14 finished with value: 0.8152380952380953 and parameters: {'max_depth': 7, 'learning_rate': 0.15001335257655407, 'subsample': 0.7190650837455672, 'colsample_bytree': 0.860211631204547, 'min_child_weight': 6, 'gamma': 3.3170321430599126, 'n_estimators': 230}. Best is trial 6 with value: 0.8185279187817258.
[2025-11-17T20:59:46.589+0000] {logging_mixin.py:154} WARNING - Best trial: 6. Best value: 0.818528:  28%|##8       | 14/50 [00:16<01:26,  2.41s/it]
[2025-11-17T20:59:46.589+0000] {logging_mixin.py:154} WARNING - Best trial: 6. Best value: 0.818528:  28%|##8       | 14/50 [00:16<01:26,  2.41s/it]
[2025-11-17T20:59:46.590+0000] {logging_mixin.py:154} WARNING - Best trial: 6. Best value: 0.818528:  30%|###       | 15/50 [00:16<01:04,  1.85s/it]
[2025-11-17T20:59:47.082+0000] {logging_mixin.py:154} WARNING -                                                                                     
[2025-11-17T20:59:47.082+0000] {logging_mixin.py:154} WARNING - 
[2025-11-17T20:59:47.082+0000] {logging_mixin.py:154} INFO - [I 2025-11-17 20:59:47,082] Trial 15 finished with value: 0.8183556405353728 and parameters: {'max_depth': 11, 'learning_rate': 0.18677882394184023, 'subsample': 0.5895974542510894, 'colsample_bytree': 0.9245236465502216, 'min_child_weight': 1, 'gamma': 3.4837703235282182, 'n_estimators': 388}. Best is trial 6 with value: 0.8185279187817258.
[2025-11-17T20:59:47.082+0000] {logging_mixin.py:154} WARNING - Best trial: 6. Best value: 0.818528:  30%|###       | 15/50 [00:17<01:04,  1.85s/it]
[2025-11-17T20:59:47.083+0000] {logging_mixin.py:154} WARNING - Best trial: 6. Best value: 0.818528:  30%|###       | 15/50 [00:17<01:04,  1.85s/it]
[2025-11-17T20:59:47.083+0000] {logging_mixin.py:154} WARNING - Best trial: 6. Best value: 0.818528:  32%|###2      | 16/50 [00:17<00:48,  1.44s/it]
[2025-11-17T20:59:47.982+0000] {logging_mixin.py:154} WARNING -                                                                                     
[2025-11-17T20:59:47.982+0000] {logging_mixin.py:154} WARNING - 
[2025-11-17T20:59:47.982+0000] {logging_mixin.py:154} INFO - [I 2025-11-17 20:59:47,982] Trial 16 finished with value: 0.8142948308870454 and parameters: {'max_depth': 8, 'learning_rate': 0.11630271413705008, 'subsample': 0.5919904580530095, 'colsample_bytree': 0.8295143024044869, 'min_child_weight': 3, 'gamma': 2.5044180887805285, 'n_estimators': 316}. Best is trial 6 with value: 0.8185279187817258.
[2025-11-17T20:59:47.982+0000] {logging_mixin.py:154} WARNING - Best trial: 6. Best value: 0.818528:  32%|###2      | 16/50 [00:18<00:48,  1.44s/it]
[2025-11-17T20:59:47.983+0000] {logging_mixin.py:154} WARNING - Best trial: 6. Best value: 0.818528:  32%|###2      | 16/50 [00:18<00:48,  1.44s/it]
[2025-11-17T20:59:47.983+0000] {logging_mixin.py:154} WARNING - Best trial: 6. Best value: 0.818528:  34%|###4      | 17/50 [00:18<00:42,  1.28s/it]
[2025-11-17T20:59:49.526+0000] {logging_mixin.py:154} WARNING -                                                                                     
[2025-11-17T20:59:49.526+0000] {logging_mixin.py:154} WARNING - 
