[2025-12-05T03:23:07.762+0000] {taskinstance.py:1159} INFO - Dependencies all met for dep_context=non-requeueable deps ti=<TaskInstance: sodai_drinks_production_pipeline.train_model manual__2025-12-05T03:22:53+00:00 [queued]>
[2025-12-05T03:23:07.769+0000] {taskinstance.py:1159} INFO - Dependencies all met for dep_context=requeueable deps ti=<TaskInstance: sodai_drinks_production_pipeline.train_model manual__2025-12-05T03:22:53+00:00 [queued]>
[2025-12-05T03:23:07.770+0000] {taskinstance.py:1361} INFO - Starting attempt 1 of 2
[2025-12-05T03:23:07.778+0000] {taskinstance.py:1382} INFO - Executing <Task(PythonOperator): train_model> on 2025-12-05 03:22:53+00:00
[2025-12-05T03:23:07.788+0000] {standard_task_runner.py:57} INFO - Started process 1215 to run task
[2025-12-05T03:23:07.792+0000] {standard_task_runner.py:84} INFO - Running: ['***', 'tasks', 'run', 'sodai_drinks_production_pipeline', 'train_model', 'manual__2025-12-05T03:22:53+00:00', '--job-id', '13', '--raw', '--subdir', 'DAGS_FOLDER/pipeline_productivo.py', '--cfg-path', '/tmp/tmpq6lflrwl']
[2025-12-05T03:23:07.794+0000] {standard_task_runner.py:85} INFO - Job 13: Subtask train_model
[2025-12-05T03:23:07.832+0000] {task_command.py:416} INFO - Running <TaskInstance: sodai_drinks_production_pipeline.train_model manual__2025-12-05T03:22:53+00:00 [running]> on host d63631a18ada
[2025-12-05T03:23:07.888+0000] {taskinstance.py:1662} INFO - Exporting env vars: AIRFLOW_CTX_DAG_EMAIL='team@sodaidrinks.com' AIRFLOW_CTX_DAG_OWNER='sodai_drinks_team' AIRFLOW_CTX_DAG_ID='sodai_drinks_production_pipeline' AIRFLOW_CTX_TASK_ID='train_model' AIRFLOW_CTX_EXECUTION_DATE='2025-12-05T03:22:53+00:00' AIRFLOW_CTX_TRY_NUMBER='1' AIRFLOW_CTX_DAG_RUN_ID='manual__2025-12-05T03:22:53+00:00'
[2025-12-05T03:23:08.107+0000] {model_training.py:373} INFO - 🚀 Iniciando entrenamiento del modelo XGBoost...
[2025-12-05T03:23:08.146+0000] {model_training.py:395} INFO - 📊 Dataset cargado:
[2025-12-05T03:23:08.146+0000] {model_training.py:396} INFO -    - Features: 15
[2025-12-05T03:23:08.146+0000] {model_training.py:397} INFO -    - Registros: 11596
[2025-12-05T03:23:08.147+0000] {model_training.py:398} INFO -    - Distribución de clases - Clase 0: 5798, Clase 1: 5798
[2025-12-05T03:23:08.154+0000] {model_training.py:408} INFO - 📂 Splits creados:
[2025-12-05T03:23:08.154+0000] {model_training.py:409} INFO -    - Train: 6957 muestras
[2025-12-05T03:23:08.154+0000] {model_training.py:410} INFO -    - Validation: 2319 muestras
[2025-12-05T03:23:08.154+0000] {model_training.py:411} INFO -    - Test: 2320 muestras
[2025-12-05T03:23:08.173+0000] {model_training.py:426} INFO - 📊 MLflow Run: drift_evaluation_2024-W52_predict_20251205_032308
[2025-12-05T03:23:08.198+0000] {logging_mixin.py:154} WARNING - 2025/12/05 03:23:08 WARNING mlflow.utils.git_utils: Failed to import Git (the Git executable is probably not on your PATH), so Git SHA is not available. Error: Failed to initialize: Bad git executable.
The git executable must be specified in one of the following ways:
    - be included in your $PATH
    - be set via $GIT_PYTHON_GIT_EXECUTABLE
    - explicitly set via git.refresh(<full-path-to-git-executable>)

All git commands will error until this is rectified.

This initial message can be silenced or aggravated in the future by setting the
$GIT_PYTHON_REFRESH environment variable. Use one of the following values:
    - quiet|q|silence|s|silent|none|n|0: for no message or exception
    - warn|w|warning|log|l|1: for a warning message (logging level CRITICAL, displayed by default)
    - error|e|exception|raise|r|2: for a raised exception

Example:
    export GIT_PYTHON_REFRESH=quiet
[2025-12-05T03:23:08.207+0000] {model_training.py:435} INFO - 📊 Registrando datasets en MLflow...
[2025-12-05T03:23:08.238+0000] {logging_mixin.py:154} WARNING - /home/***/.local/lib/python3.10/site-packages/mlflow/data/dataset_source_registry.py:143 UserWarning: The specified dataset source can be interpreted in multiple ways: LocalArtifactDatasetSource, LocalArtifactDatasetSource. MLflow will assume that this is a LocalArtifactDatasetSource source.
[2025-12-05T03:23:08.253+0000] {logging_mixin.py:154} WARNING - /home/***/.local/lib/python3.10/site-packages/mlflow/data/pandas_dataset.py:134 UserWarning: Hint: Inferred schema contains integer column(s). Integer columns in Python cannot represent missing values. If your input data contains missing values at inference time, it will be encoded as floats and will cause a schema enforcement error. The best way to avoid this problem is to infer the model schema based on a realistic data sample (training dataset) that includes missing values. Alternatively, you can declare integer columns as doubles (float64) whenever these columns may have missing values. See `Handling Integers With Missing Values <https://www.mlflow.org/docs/latest/models.html#handling-integers-with-missing-values>`_ for more details.
[2025-12-05T03:23:08.256+0000] {logging_mixin.py:154} WARNING - /home/***/.local/lib/python3.10/site-packages/mlflow/data/dataset_source_registry.py:143 UserWarning: The specified dataset source can be interpreted in multiple ways: LocalArtifactDatasetSource, LocalArtifactDatasetSource. MLflow will assume that this is a LocalArtifactDatasetSource source.
[2025-12-05T03:23:08.265+0000] {logging_mixin.py:154} WARNING - /home/***/.local/lib/python3.10/site-packages/mlflow/data/pandas_dataset.py:134 UserWarning: Hint: Inferred schema contains integer column(s). Integer columns in Python cannot represent missing values. If your input data contains missing values at inference time, it will be encoded as floats and will cause a schema enforcement error. The best way to avoid this problem is to infer the model schema based on a realistic data sample (training dataset) that includes missing values. Alternatively, you can declare integer columns as doubles (float64) whenever these columns may have missing values. See `Handling Integers With Missing Values <https://www.mlflow.org/docs/latest/models.html#handling-integers-with-missing-values>`_ for more details.
[2025-12-05T03:23:08.268+0000] {logging_mixin.py:154} WARNING - /home/***/.local/lib/python3.10/site-packages/mlflow/data/dataset_source_registry.py:143 UserWarning: The specified dataset source can be interpreted in multiple ways: LocalArtifactDatasetSource, LocalArtifactDatasetSource. MLflow will assume that this is a LocalArtifactDatasetSource source.
[2025-12-05T03:23:08.274+0000] {logging_mixin.py:154} WARNING - /home/***/.local/lib/python3.10/site-packages/mlflow/data/pandas_dataset.py:134 UserWarning: Hint: Inferred schema contains integer column(s). Integer columns in Python cannot represent missing values. If your input data contains missing values at inference time, it will be encoded as floats and will cause a schema enforcement error. The best way to avoid this problem is to infer the model schema based on a realistic data sample (training dataset) that includes missing values. Alternatively, you can declare integer columns as doubles (float64) whenever these columns may have missing values. See `Handling Integers With Missing Values <https://www.mlflow.org/docs/latest/models.html#handling-integers-with-missing-values>`_ for more details.
[2025-12-05T03:23:08.276+0000] {model_training.py:489} INFO - ✅ Datasets registrados en MLflow
[2025-12-05T03:23:08.277+0000] {model_training.py:69} INFO - 🔍 Iniciando optimización de hiperparámetros (timeout: 60s = 1 min)...
[2025-12-05T03:23:08.278+0000] {logging_mixin.py:154} WARNING -   0%|          | 0/50 [00:00<?, ?it/s]
[2025-12-05T03:23:09.286+0000] {logging_mixin.py:154} WARNING -                                       
[2025-12-05T03:23:09.286+0000] {logging_mixin.py:154} WARNING - 
[2025-12-05T03:23:09.286+0000] {logging_mixin.py:154} INFO - [I 2025-12-05 03:23:09,286] Trial 0 finished with value: 0.7854149203688181 and parameters: {'max_depth': 7, 'learning_rate': 0.2536999076681772, 'subsample': 0.8659969709057025, 'colsample_bytree': 0.7993292420985183, 'min_child_weight': 2, 'gamma': 0.7799726016810132, 'n_estimators': 76}. Best is trial 0 with value: 0.7854149203688181.
[2025-12-05T03:23:09.286+0000] {logging_mixin.py:154} WARNING -   0%|          | 0/50 [00:01<?, ?it/s]
[2025-12-05T03:23:09.287+0000] {logging_mixin.py:154} WARNING - Best trial: 0. Best value: 0.785415:   0%|          | 0/50 [00:01<?, ?it/s]
[2025-12-05T03:23:09.287+0000] {logging_mixin.py:154} WARNING - Best trial: 0. Best value: 0.785415:   2%|2         | 1/50 [00:01<00:49,  1.01s/it]
[2025-12-05T03:23:09.287+0000] {logging_mixin.py:154} WARNING - Best trial: 0. Best value: 0.785415:   2%|2         | 1/50 [00:01<00:49,  1.01s/it, 1.01/60 seconds]
[2025-12-05T03:23:09.751+0000] {logging_mixin.py:154} WARNING -                                                                                                     
[2025-12-05T03:23:09.751+0000] {logging_mixin.py:154} WARNING - 
[2025-12-05T03:23:09.751+0000] {logging_mixin.py:154} INFO - [I 2025-12-05 03:23:09,751] Trial 1 finished with value: 0.7786447638603695 and parameters: {'max_depth': 14, 'learning_rate': 0.07725378389307355, 'subsample': 0.8540362888980227, 'colsample_bytree': 0.5102922471479012, 'min_child_weight': 10, 'gamma': 4.162213204002109, 'n_estimators': 145}. Best is trial 0 with value: 0.7854149203688181.
[2025-12-05T03:23:09.752+0000] {logging_mixin.py:154} WARNING - Best trial: 0. Best value: 0.785415:   2%|2         | 1/50 [00:01<00:49,  1.01s/it, 1.01/60 seconds]
[2025-12-05T03:23:09.752+0000] {logging_mixin.py:154} WARNING - Best trial: 0. Best value: 0.785415:   2%|2         | 1/50 [00:01<00:49,  1.01s/it, 1.01/60 seconds]
[2025-12-05T03:23:09.752+0000] {logging_mixin.py:154} WARNING - Best trial: 0. Best value: 0.785415:   4%|4         | 2/50 [00:01<00:33,  1.45it/s, 1.01/60 seconds]
[2025-12-05T03:23:09.752+0000] {logging_mixin.py:154} WARNING - Best trial: 0. Best value: 0.785415:   4%|4         | 2/50 [00:01<00:33,  1.45it/s, 1.47/60 seconds]
[2025-12-05T03:23:12.156+0000] {logging_mixin.py:154} WARNING -                                                                                                     
[2025-12-05T03:23:12.157+0000] {logging_mixin.py:154} WARNING - 
[2025-12-05T03:23:12.157+0000] {logging_mixin.py:154} INFO - [I 2025-12-05 03:23:12,156] Trial 2 finished with value: 0.7855987055016181 and parameters: {'max_depth': 5, 'learning_rate': 0.018659959624904916, 'subsample': 0.6521211214797689, 'colsample_bytree': 0.762378215816119, 'min_child_weight': 5, 'gamma': 1.4561457009902097, 'n_estimators': 325}. Best is trial 2 with value: 0.7855987055016181.
[2025-12-05T03:23:12.157+0000] {logging_mixin.py:154} WARNING - Best trial: 0. Best value: 0.785415:   4%|4         | 2/50 [00:03<00:33,  1.45it/s, 1.47/60 seconds]
[2025-12-05T03:23:12.157+0000] {logging_mixin.py:154} WARNING - Best trial: 2. Best value: 0.785599:   4%|4         | 2/50 [00:03<00:33,  1.45it/s, 1.47/60 seconds]
[2025-12-05T03:23:12.157+0000] {logging_mixin.py:154} WARNING - Best trial: 2. Best value: 0.785599:   6%|6         | 3/50 [00:03<01:09,  1.47s/it, 1.47/60 seconds]
[2025-12-05T03:23:12.157+0000] {logging_mixin.py:154} WARNING - Best trial: 2. Best value: 0.785599:   6%|6         | 3/50 [00:03<01:09,  1.47s/it, 3.88/60 seconds]
[2025-12-05T03:23:12.527+0000] {logging_mixin.py:154} WARNING -                                                                                                     
[2025-12-05T03:23:12.528+0000] {logging_mixin.py:154} WARNING - 
[2025-12-05T03:23:12.528+0000] {logging_mixin.py:154} INFO - [I 2025-12-05 03:23:12,527] Trial 3 finished with value: 0.779975777149778 and parameters: {'max_depth': 4, 'learning_rate': 0.027010527749605478, 'subsample': 0.6831809216468459, 'colsample_bytree': 0.728034992108518, 'min_child_weight': 8, 'gamma': 0.9983689107917987, 'n_estimators': 281}. Best is trial 2 with value: 0.7855987055016181.
[2025-12-05T03:23:12.528+0000] {logging_mixin.py:154} WARNING - Best trial: 2. Best value: 0.785599:   6%|6         | 3/50 [00:04<01:09,  1.47s/it, 3.88/60 seconds]
[2025-12-05T03:23:12.528+0000] {logging_mixin.py:154} WARNING - Best trial: 2. Best value: 0.785599:   6%|6         | 3/50 [00:04<01:09,  1.47s/it, 3.88/60 seconds]
[2025-12-05T03:23:12.529+0000] {logging_mixin.py:154} WARNING - Best trial: 2. Best value: 0.785599:   8%|8         | 4/50 [00:04<00:47,  1.04s/it, 3.88/60 seconds]
[2025-12-05T03:23:12.529+0000] {logging_mixin.py:154} WARNING - Best trial: 2. Best value: 0.785599:   8%|8         | 4/50 [00:04<00:47,  1.04s/it, 4.25/60 seconds]
[2025-12-05T03:23:13.105+0000] {logging_mixin.py:154} WARNING -                                                                                                     
[2025-12-05T03:23:13.105+0000] {logging_mixin.py:154} WARNING - 
[2025-12-05T03:23:13.105+0000] {logging_mixin.py:154} INFO - [I 2025-12-05 03:23:13,105] Trial 4 finished with value: 0.7790077900779008 and parameters: {'max_depth': 10, 'learning_rate': 0.011711509955524094, 'subsample': 0.8037724259507192, 'colsample_bytree': 0.5852620618436457, 'min_child_weight': 1, 'gamma': 4.7444276862666666, 'n_estimators': 485}. Best is trial 2 with value: 0.7855987055016181.
[2025-12-05T03:23:13.106+0000] {logging_mixin.py:154} WARNING - Best trial: 2. Best value: 0.785599:   8%|8         | 4/50 [00:04<00:47,  1.04s/it, 4.25/60 seconds]
[2025-12-05T03:23:13.106+0000] {logging_mixin.py:154} WARNING - Best trial: 2. Best value: 0.785599:   8%|8         | 4/50 [00:04<00:47,  1.04s/it, 4.25/60 seconds]
[2025-12-05T03:23:13.106+0000] {logging_mixin.py:154} WARNING - Best trial: 2. Best value: 0.785599:  10%|#         | 5/50 [00:04<00:39,  1.15it/s, 4.25/60 seconds]
[2025-12-05T03:23:13.106+0000] {logging_mixin.py:154} WARNING - Best trial: 2. Best value: 0.785599:  10%|#         | 5/50 [00:04<00:39,  1.15it/s, 4.83/60 seconds]
[2025-12-05T03:23:13.552+0000] {logging_mixin.py:154} WARNING -                                                                                                     
[2025-12-05T03:23:13.552+0000] {logging_mixin.py:154} WARNING - 
[2025-12-05T03:23:13.552+0000] {logging_mixin.py:154} INFO - [I 2025-12-05 03:23:13,552] Trial 5 finished with value: 0.7878028404344193 and parameters: {'max_depth': 13, 'learning_rate': 0.028180680291847244, 'subsample': 0.5488360570031919, 'colsample_bytree': 0.8421165132560784, 'min_child_weight': 5, 'gamma': 0.6101911742238941, 'n_estimators': 273}. Best is trial 5 with value: 0.7878028404344193.
[2025-12-05T03:23:13.553+0000] {logging_mixin.py:154} WARNING - Best trial: 2. Best value: 0.785599:  10%|#         | 5/50 [00:05<00:39,  1.15it/s, 4.83/60 seconds]
[2025-12-05T03:23:13.553+0000] {logging_mixin.py:154} WARNING - Best trial: 5. Best value: 0.787803:  10%|#         | 5/50 [00:05<00:39,  1.15it/s, 4.83/60 seconds]
[2025-12-05T03:23:13.553+0000] {logging_mixin.py:154} WARNING - Best trial: 5. Best value: 0.787803:  12%|#2        | 6/50 [00:05<00:32,  1.37it/s, 4.83/60 seconds]
[2025-12-05T03:23:13.553+0000] {logging_mixin.py:154} WARNING - Best trial: 5. Best value: 0.787803:  12%|#2        | 6/50 [00:05<00:32,  1.37it/s, 5.27/60 seconds]
[2025-12-05T03:23:13.681+0000] {logging_mixin.py:154} WARNING -                                                                                                     
[2025-12-05T03:23:13.682+0000] {logging_mixin.py:154} WARNING - 
[2025-12-05T03:23:13.682+0000] {logging_mixin.py:154} INFO - [I 2025-12-05 03:23:13,681] Trial 6 finished with value: 0.7847682119205298 and parameters: {'max_depth': 3, 'learning_rate': 0.22038218939289875, 'subsample': 0.6293899908000085, 'colsample_bytree': 0.831261142176991, 'min_child_weight': 4, 'gamma': 2.600340105889054, 'n_estimators': 296}. Best is trial 5 with value: 0.7878028404344193.
[2025-12-05T03:23:13.682+0000] {logging_mixin.py:154} WARNING - Best trial: 5. Best value: 0.787803:  12%|#2        | 6/50 [00:05<00:32,  1.37it/s, 5.27/60 seconds]
[2025-12-05T03:23:13.682+0000] {logging_mixin.py:154} WARNING - Best trial: 5. Best value: 0.787803:  12%|#2        | 6/50 [00:05<00:32,  1.37it/s, 5.27/60 seconds]
[2025-12-05T03:23:13.682+0000] {logging_mixin.py:154} WARNING - Best trial: 5. Best value: 0.787803:  14%|#4        | 7/50 [00:05<00:22,  1.88it/s, 5.27/60 seconds]
[2025-12-05T03:23:13.682+0000] {logging_mixin.py:154} WARNING - Best trial: 5. Best value: 0.787803:  14%|#4        | 7/50 [00:05<00:22,  1.88it/s, 5.40/60 seconds]
[2025-12-05T03:23:13.938+0000] {logging_mixin.py:154} WARNING -                                                                                                     
[2025-12-05T03:23:13.938+0000] {logging_mixin.py:154} WARNING - 
[2025-12-05T03:23:13.938+0000] {logging_mixin.py:154} INFO - [I 2025-12-05 03:23:13,938] Trial 7 finished with value: 0.7838383838383838 and parameters: {'max_depth': 5, 'learning_rate': 0.27051668818999286, 'subsample': 0.8875664116805573, 'colsample_bytree': 0.9697494707820946, 'min_child_weight': 9, 'gamma': 2.9894998940554256, 'n_estimators': 465}. Best is trial 5 with value: 0.7878028404344193.
[2025-12-05T03:23:13.938+0000] {logging_mixin.py:154} WARNING - Best trial: 5. Best value: 0.787803:  14%|#4        | 7/50 [00:05<00:22,  1.88it/s, 5.40/60 seconds]
[2025-12-05T03:23:13.939+0000] {logging_mixin.py:154} WARNING - Best trial: 5. Best value: 0.787803:  14%|#4        | 7/50 [00:05<00:22,  1.88it/s, 5.40/60 seconds]
[2025-12-05T03:23:13.939+0000] {logging_mixin.py:154} WARNING - Best trial: 5. Best value: 0.787803:  16%|#6        | 8/50 [00:05<00:18,  2.25it/s, 5.40/60 seconds]
[2025-12-05T03:23:13.939+0000] {logging_mixin.py:154} WARNING - Best trial: 5. Best value: 0.787803:  16%|#6        | 8/50 [00:05<00:18,  2.25it/s, 5.66/60 seconds]
[2025-12-05T03:23:14.487+0000] {logging_mixin.py:154} WARNING -                                                                                                     
[2025-12-05T03:23:14.487+0000] {logging_mixin.py:154} WARNING - 
[2025-12-05T03:23:14.487+0000] {logging_mixin.py:154} INFO - [I 2025-12-05 03:23:14,487] Trial 8 finished with value: 0.7781376518218625 and parameters: {'max_depth': 4, 'learning_rate': 0.01947558230629543, 'subsample': 0.522613644455269, 'colsample_bytree': 0.6626651653816322, 'min_child_weight': 4, 'gamma': 1.3567451588694794, 'n_estimators': 423}. Best is trial 5 with value: 0.7878028404344193.
[2025-12-05T03:23:14.487+0000] {logging_mixin.py:154} WARNING - Best trial: 5. Best value: 0.787803:  16%|#6        | 8/50 [00:06<00:18,  2.25it/s, 5.66/60 seconds]
[2025-12-05T03:23:14.487+0000] {logging_mixin.py:154} WARNING - Best trial: 5. Best value: 0.787803:  16%|#6        | 8/50 [00:06<00:18,  2.25it/s, 5.66/60 seconds]
[2025-12-05T03:23:14.488+0000] {logging_mixin.py:154} WARNING - Best trial: 5. Best value: 0.787803:  18%|#8        | 9/50 [00:06<00:19,  2.10it/s, 5.66/60 seconds]
[2025-12-05T03:23:14.488+0000] {logging_mixin.py:154} WARNING - Best trial: 5. Best value: 0.787803:  18%|#8        | 9/50 [00:06<00:19,  2.10it/s, 6.21/60 seconds]
[2025-12-05T03:23:14.855+0000] {logging_mixin.py:154} WARNING -                                                                                                     
[2025-12-05T03:23:14.855+0000] {logging_mixin.py:154} WARNING - 
[2025-12-05T03:23:14.856+0000] {logging_mixin.py:154} INFO - [I 2025-12-05 03:23:14,855] Trial 9 finished with value: 0.7845257903494176 and parameters: {'max_depth': 7, 'learning_rate': 0.026000059117302653, 'subsample': 0.7713480415791243, 'colsample_bytree': 0.5704621124873813, 'min_child_weight': 9, 'gamma': 0.3727532183988541, 'n_estimators': 495}. Best is trial 5 with value: 0.7878028404344193.
[2025-12-05T03:23:14.856+0000] {logging_mixin.py:154} WARNING - Best trial: 5. Best value: 0.787803:  18%|#8        | 9/50 [00:06<00:19,  2.10it/s, 6.21/60 seconds]
[2025-12-05T03:23:14.856+0000] {logging_mixin.py:154} WARNING - Best trial: 5. Best value: 0.787803:  18%|#8        | 9/50 [00:06<00:19,  2.10it/s, 6.21/60 seconds]
[2025-12-05T03:23:14.856+0000] {logging_mixin.py:154} WARNING - Best trial: 5. Best value: 0.787803:  20%|##        | 10/50 [00:06<00:17,  2.26it/s, 6.21/60 seconds]
[2025-12-05T03:23:14.856+0000] {logging_mixin.py:154} WARNING - Best trial: 5. Best value: 0.787803:  20%|##        | 10/50 [00:06<00:17,  2.26it/s, 6.58/60 seconds]
[2025-12-05T03:23:15.246+0000] {logging_mixin.py:154} WARNING -                                                                                                      
[2025-12-05T03:23:15.246+0000] {logging_mixin.py:154} WARNING - 
[2025-12-05T03:23:15.246+0000] {logging_mixin.py:154} INFO - [I 2025-12-05 03:23:15,246] Trial 10 finished with value: 0.7862818904224174 and parameters: {'max_depth': 15, 'learning_rate': 0.050022091577274774, 'subsample': 0.9847685553939328, 'colsample_bytree': 0.9046749166920307, 'min_child_weight': 7, 'gamma': 0.19362599980591444, 'n_estimators': 199}. Best is trial 5 with value: 0.7878028404344193.
[2025-12-05T03:23:15.246+0000] {logging_mixin.py:154} WARNING - Best trial: 5. Best value: 0.787803:  20%|##        | 10/50 [00:06<00:17,  2.26it/s, 6.58/60 seconds]
[2025-12-05T03:23:15.247+0000] {logging_mixin.py:154} WARNING - Best trial: 5. Best value: 0.787803:  20%|##        | 10/50 [00:06<00:17,  2.26it/s, 6.58/60 seconds]
[2025-12-05T03:23:15.247+0000] {logging_mixin.py:154} WARNING - Best trial: 5. Best value: 0.787803:  22%|##2       | 11/50 [00:06<00:16,  2.34it/s, 6.58/60 seconds]
[2025-12-05T03:23:15.247+0000] {logging_mixin.py:154} WARNING - Best trial: 5. Best value: 0.787803:  22%|##2       | 11/50 [00:06<00:16,  2.34it/s, 6.97/60 seconds]
[2025-12-05T03:23:15.637+0000] {logging_mixin.py:154} WARNING -                                                                                                      
[2025-12-05T03:23:15.637+0000] {logging_mixin.py:154} WARNING - 
