[2025-12-05T03:23:22.674+0000] {logging_mixin.py:154} INFO - [I 2025-12-05 03:23:22,674] Trial 27 finished with value: 0.7915106117353309 and parameters: {'max_depth': 8, 'learning_rate': 0.11009722150568939, 'subsample': 0.8168613701225936, 'colsample_bytree': 0.9623602848636389, 'min_child_weight': 3, 'gamma': 1.3370487086789078, 'n_estimators': 452}. Best is trial 17 with value: 0.7955665024630542.
[2025-12-05T03:23:22.674+0000] {logging_mixin.py:154} WARNING - Best trial: 17. Best value: 0.795567:  54%|#####4    | 27/50 [00:14<00:11,  1.97it/s, 14.07/60 seconds]
[2025-12-05T03:23:22.675+0000] {logging_mixin.py:154} WARNING - Best trial: 17. Best value: 0.795567:  54%|#####4    | 27/50 [00:14<00:11,  1.97it/s, 14.07/60 seconds]
[2025-12-05T03:23:22.675+0000] {logging_mixin.py:154} WARNING - Best trial: 17. Best value: 0.795567:  56%|#####6    | 28/50 [00:14<00:09,  2.20it/s, 14.07/60 seconds]
[2025-12-05T03:23:22.675+0000] {logging_mixin.py:154} WARNING - Best trial: 17. Best value: 0.795567:  56%|#####6    | 28/50 [00:14<00:09,  2.20it/s, 14.40/60 seconds]
[2025-12-05T03:23:23.225+0000] {logging_mixin.py:154} WARNING -                                                                                                        
[2025-12-05T03:23:23.225+0000] {logging_mixin.py:154} WARNING - 
[2025-12-05T03:23:23.226+0000] {logging_mixin.py:154} INFO - [I 2025-12-05 03:23:23,225] Trial 28 finished with value: 0.7874276261373034 and parameters: {'max_depth': 8, 'learning_rate': 0.09827781845568237, 'subsample': 0.8303241450006473, 'colsample_bytree': 0.970806439095466, 'min_child_weight': 3, 'gamma': 1.47819428163055, 'n_estimators': 471}. Best is trial 17 with value: 0.7955665024630542.
[2025-12-05T03:23:23.226+0000] {logging_mixin.py:154} WARNING - Best trial: 17. Best value: 0.795567:  56%|#####6    | 28/50 [00:14<00:09,  2.20it/s, 14.40/60 seconds]
[2025-12-05T03:23:23.226+0000] {logging_mixin.py:154} WARNING - Best trial: 17. Best value: 0.795567:  56%|#####6    | 28/50 [00:14<00:09,  2.20it/s, 14.40/60 seconds]
[2025-12-05T03:23:23.226+0000] {logging_mixin.py:154} WARNING - Best trial: 17. Best value: 0.795567:  58%|#####8    | 29/50 [00:14<00:10,  2.07it/s, 14.40/60 seconds]
[2025-12-05T03:23:23.226+0000] {logging_mixin.py:154} WARNING - Best trial: 17. Best value: 0.795567:  58%|#####8    | 29/50 [00:14<00:10,  2.07it/s, 14.95/60 seconds]
[2025-12-05T03:23:23.504+0000] {logging_mixin.py:154} WARNING -                                                                                                        
[2025-12-05T03:23:23.504+0000] {logging_mixin.py:154} WARNING - 
[2025-12-05T03:23:23.504+0000] {logging_mixin.py:154} INFO - [I 2025-12-05 03:23:23,504] Trial 29 finished with value: 0.7925465838509316 and parameters: {'max_depth': 6, 'learning_rate': 0.0690994400072118, 'subsample': 0.8915552084640979, 'colsample_bytree': 0.8451222040988928, 'min_child_weight': 1, 'gamma': 0.8665663493730988, 'n_estimators': 396}. Best is trial 17 with value: 0.7955665024630542.
[2025-12-05T03:23:23.504+0000] {logging_mixin.py:154} WARNING - Best trial: 17. Best value: 0.795567:  58%|#####8    | 29/50 [00:15<00:10,  2.07it/s, 14.95/60 seconds]
[2025-12-05T03:23:23.504+0000] {logging_mixin.py:154} WARNING - Best trial: 17. Best value: 0.795567:  58%|#####8    | 29/50 [00:15<00:10,  2.07it/s, 14.95/60 seconds]
[2025-12-05T03:23:23.504+0000] {logging_mixin.py:154} WARNING - Best trial: 17. Best value: 0.795567:  60%|######    | 30/50 [00:15<00:08,  2.37it/s, 14.95/60 seconds]
[2025-12-05T03:23:23.505+0000] {logging_mixin.py:154} WARNING - Best trial: 17. Best value: 0.795567:  60%|######    | 30/50 [00:15<00:08,  2.37it/s, 15.23/60 seconds]
[2025-12-05T03:23:23.600+0000] {logging_mixin.py:154} WARNING -                                                                                                        
[2025-12-05T03:23:23.601+0000] {logging_mixin.py:154} WARNING - 
[2025-12-05T03:23:23.601+0000] {logging_mixin.py:154} INFO - [I 2025-12-05 03:23:23,600] Trial 30 finished with value: 0.7861178369652945 and parameters: {'max_depth': 6, 'learning_rate': 0.07006309563696453, 'subsample': 0.8960316209270348, 'colsample_bytree': 0.846046930656914, 'min_child_weight': 1, 'gamma': 0.8494485228695554, 'n_estimators': 59}. Best is trial 17 with value: 0.7955665024630542.
[2025-12-05T03:23:23.601+0000] {logging_mixin.py:154} WARNING - Best trial: 17. Best value: 0.795567:  60%|######    | 30/50 [00:15<00:08,  2.37it/s, 15.23/60 seconds]
[2025-12-05T03:23:23.601+0000] {logging_mixin.py:154} WARNING - Best trial: 17. Best value: 0.795567:  60%|######    | 30/50 [00:15<00:08,  2.37it/s, 15.23/60 seconds]
[2025-12-05T03:23:23.601+0000] {logging_mixin.py:154} WARNING - Best trial: 17. Best value: 0.795567:  62%|######2   | 31/50 [00:15<00:08,  2.37it/s, 15.32/60 seconds]
[2025-12-05T03:23:23.866+0000] {logging_mixin.py:154} WARNING -                                                                                                        
[2025-12-05T03:23:23.867+0000] {logging_mixin.py:154} WARNING - 
[2025-12-05T03:23:23.867+0000] {logging_mixin.py:154} INFO - [I 2025-12-05 03:23:23,866] Trial 31 finished with value: 0.7866004962779156 and parameters: {'max_depth': 6, 'learning_rate': 0.06757226349884832, 'subsample': 0.8505247336390429, 'colsample_bytree': 0.9003138516631383, 'min_child_weight': 2, 'gamma': 1.1159078185167508, 'n_estimators': 392}. Best is trial 17 with value: 0.7955665024630542.
[2025-12-05T03:23:23.867+0000] {logging_mixin.py:154} WARNING - Best trial: 17. Best value: 0.795567:  62%|######2   | 31/50 [00:15<00:08,  2.37it/s, 15.32/60 seconds]
[2025-12-05T03:23:23.867+0000] {logging_mixin.py:154} WARNING - Best trial: 17. Best value: 0.795567:  62%|######2   | 31/50 [00:15<00:08,  2.37it/s, 15.32/60 seconds]
[2025-12-05T03:23:23.867+0000] {logging_mixin.py:154} WARNING - Best trial: 17. Best value: 0.795567:  64%|######4   | 32/50 [00:15<00:05,  3.22it/s, 15.32/60 seconds]
[2025-12-05T03:23:23.867+0000] {logging_mixin.py:154} WARNING - Best trial: 17. Best value: 0.795567:  64%|######4   | 32/50 [00:15<00:05,  3.22it/s, 15.59/60 seconds]
[2025-12-05T03:23:24.228+0000] {logging_mixin.py:154} WARNING -                                                                                                        
[2025-12-05T03:23:24.229+0000] {logging_mixin.py:154} WARNING - 
[2025-12-05T03:23:24.229+0000] {logging_mixin.py:154} INFO - [I 2025-12-05 03:23:24,228] Trial 32 finished with value: 0.7834877843302442 and parameters: {'max_depth': 6, 'learning_rate': 0.09768470284611826, 'subsample': 0.8225651269358478, 'colsample_bytree': 0.9627870737022093, 'min_child_weight': 1, 'gamma': 0.7417227530804076, 'n_estimators': 452}. Best is trial 17 with value: 0.7955665024630542.
[2025-12-05T03:23:24.229+0000] {logging_mixin.py:154} WARNING - Best trial: 17. Best value: 0.795567:  64%|######4   | 32/50 [00:15<00:05,  3.22it/s, 15.59/60 seconds]
[2025-12-05T03:23:24.229+0000] {logging_mixin.py:154} WARNING - Best trial: 17. Best value: 0.795567:  64%|######4   | 32/50 [00:15<00:05,  3.22it/s, 15.59/60 seconds]
[2025-12-05T03:23:24.229+0000] {logging_mixin.py:154} WARNING - Best trial: 17. Best value: 0.795567:  66%|######6   | 33/50 [00:15<00:05,  3.09it/s, 15.59/60 seconds]
[2025-12-05T03:23:24.229+0000] {logging_mixin.py:154} WARNING - Best trial: 17. Best value: 0.795567:  66%|######6   | 33/50 [00:15<00:05,  3.09it/s, 15.95/60 seconds]
[2025-12-05T03:23:24.364+0000] {logging_mixin.py:154} WARNING -                                                                                                        
[2025-12-05T03:23:24.364+0000] {logging_mixin.py:154} WARNING - 
[2025-12-05T03:23:24.364+0000] {logging_mixin.py:154} INFO - [I 2025-12-05 03:23:24,364] Trial 33 finished with value: 0.7916496111338518 and parameters: {'max_depth': 7, 'learning_rate': 0.06423129078952725, 'subsample': 0.8809920442509036, 'colsample_bytree': 0.8094294623889711, 'min_child_weight': 3, 'gamma': 1.365332796973232, 'n_estimators': 110}. Best is trial 17 with value: 0.7955665024630542.
[2025-12-05T03:23:24.364+0000] {logging_mixin.py:154} WARNING - Best trial: 17. Best value: 0.795567:  66%|######6   | 33/50 [00:16<00:05,  3.09it/s, 15.95/60 seconds]
[2025-12-05T03:23:24.365+0000] {logging_mixin.py:154} WARNING - Best trial: 17. Best value: 0.795567:  66%|######6   | 33/50 [00:16<00:05,  3.09it/s, 15.95/60 seconds]
[2025-12-05T03:23:24.365+0000] {logging_mixin.py:154} WARNING - Best trial: 17. Best value: 0.795567:  68%|######8   | 34/50 [00:16<00:04,  3.65it/s, 15.95/60 seconds]
[2025-12-05T03:23:24.365+0000] {logging_mixin.py:154} WARNING - Best trial: 17. Best value: 0.795567:  68%|######8   | 34/50 [00:16<00:04,  3.65it/s, 16.09/60 seconds]
[2025-12-05T03:23:24.499+0000] {logging_mixin.py:154} WARNING -                                                                                                        
[2025-12-05T03:23:24.499+0000] {logging_mixin.py:154} WARNING - 
[2025-12-05T03:23:24.499+0000] {logging_mixin.py:154} INFO - [I 2025-12-05 03:23:24,499] Trial 34 finished with value: 0.7895807895807895 and parameters: {'max_depth': 7, 'learning_rate': 0.06525508972428479, 'subsample': 0.9152439128117876, 'colsample_bytree': 0.7936671744355059, 'min_child_weight': 2, 'gamma': 1.6698299619022858, 'n_estimators': 130}. Best is trial 17 with value: 0.7955665024630542.
[2025-12-05T03:23:24.499+0000] {logging_mixin.py:154} WARNING - Best trial: 17. Best value: 0.795567:  68%|######8   | 34/50 [00:16<00:04,  3.65it/s, 16.09/60 seconds]
[2025-12-05T03:23:24.499+0000] {logging_mixin.py:154} WARNING - Best trial: 17. Best value: 0.795567:  68%|######8   | 34/50 [00:16<00:04,  3.65it/s, 16.09/60 seconds]
[2025-12-05T03:23:24.500+0000] {logging_mixin.py:154} WARNING - Best trial: 17. Best value: 0.795567:  70%|#######   | 35/50 [00:16<00:03,  4.23it/s, 16.09/60 seconds]
[2025-12-05T03:23:24.500+0000] {logging_mixin.py:154} WARNING - Best trial: 17. Best value: 0.795567:  70%|#######   | 35/50 [00:16<00:03,  4.23it/s, 16.22/60 seconds]
[2025-12-05T03:23:24.626+0000] {logging_mixin.py:154} WARNING -                                                                                                        
[2025-12-05T03:23:24.626+0000] {logging_mixin.py:154} WARNING - 
[2025-12-05T03:23:24.626+0000] {logging_mixin.py:154} INFO - [I 2025-12-05 03:23:24,625] Trial 35 finished with value: 0.7895595432300163 and parameters: {'max_depth': 5, 'learning_rate': 0.08558592608669884, 'subsample': 0.8668428945362742, 'colsample_bytree': 0.8004266202822925, 'min_child_weight': 1, 'gamma': 0.5762771720953659, 'n_estimators': 97}. Best is trial 17 with value: 0.7955665024630542.
[2025-12-05T03:23:24.626+0000] {logging_mixin.py:154} WARNING - Best trial: 17. Best value: 0.795567:  70%|#######   | 35/50 [00:16<00:03,  4.23it/s, 16.22/60 seconds]
[2025-12-05T03:23:24.626+0000] {logging_mixin.py:154} WARNING - Best trial: 17. Best value: 0.795567:  70%|#######   | 35/50 [00:16<00:03,  4.23it/s, 16.22/60 seconds]
[2025-12-05T03:23:24.627+0000] {logging_mixin.py:154} WARNING - Best trial: 17. Best value: 0.795567:  72%|#######2  | 36/50 [00:16<00:02,  4.86it/s, 16.22/60 seconds]
[2025-12-05T03:23:24.627+0000] {logging_mixin.py:154} WARNING - Best trial: 17. Best value: 0.795567:  72%|#######2  | 36/50 [00:16<00:02,  4.86it/s, 16.35/60 seconds]
[2025-12-05T03:23:22.609+0000] {logging_mixin.py:154} WARNING -                                                                                                        
[2025-12-05T03:23:22.610+0000] {logging_mixin.py:154} WARNING - 
[2025-12-05T03:23:22.610+0000] {logging_mixin.py:154} INFO - [I 2025-12-05 03:23:22,609] Trial 36 finished with value: 0.7922346137959522 and parameters: {'max_depth': 11, 'learning_rate': 0.045864886554707315, 'subsample': 0.9268782005699934, 'colsample_bytree': 0.7417902398612948, 'min_child_weight': 4, 'gamma': 1.0137900797848938, 'n_estimators': 252}. Best is trial 17 with value: 0.7955665024630542.
[2025-12-05T03:23:22.610+0000] {logging_mixin.py:154} WARNING - Best trial: 17. Best value: 0.795567:  72%|#######2  | 36/50 [00:14<00:02,  4.86it/s, 16.35/60 seconds]
[2025-12-05T03:23:22.610+0000] {logging_mixin.py:154} WARNING - Best trial: 17. Best value: 0.795567:  72%|#######2  | 36/50 [00:14<00:02,  4.86it/s, 16.35/60 seconds]
[2025-12-05T03:23:22.610+0000] {logging_mixin.py:154} WARNING - Best trial: 17. Best value: 0.795567:  74%|#######4  | 37/50 [00:14<00:02,  4.86it/s, 14.33/60 seconds]
[2025-12-05T03:23:22.900+0000] {logging_mixin.py:154} WARNING -                                                                                                        
[2025-12-05T03:23:22.900+0000] {logging_mixin.py:154} WARNING - 
[2025-12-05T03:23:22.900+0000] {logging_mixin.py:154} INFO - [I 2025-12-05 03:23:22,899] Trial 37 finished with value: 0.7863956864371631 and parameters: {'max_depth': 11, 'learning_rate': 0.04578269319934563, 'subsample': 0.9210615246771995, 'colsample_bytree': 0.7470945773245996, 'min_child_weight': 5, 'gamma': 1.0480159885706164, 'n_estimators': 256}. Best is trial 17 with value: 0.7955665024630542.
[2025-12-05T03:23:22.900+0000] {logging_mixin.py:154} WARNING - Best trial: 17. Best value: 0.795567:  74%|#######4  | 37/50 [00:14<00:02,  4.86it/s, 14.33/60 seconds]
[2025-12-05T03:23:22.900+0000] {logging_mixin.py:154} WARNING - Best trial: 17. Best value: 0.795567:  74%|#######4  | 37/50 [00:14<00:02,  4.86it/s, 14.33/60 seconds]
[2025-12-05T03:23:22.901+0000] {logging_mixin.py:154} WARNING - Best trial: 17. Best value: 0.795567:  76%|#######6  | 38/50 [00:14<00:02,  4.86it/s, 14.62/60 seconds]
[2025-12-05T03:23:23.164+0000] {logging_mixin.py:154} WARNING -                                                                                                        
[2025-12-05T03:23:23.164+0000] {logging_mixin.py:154} WARNING - 
[2025-12-05T03:23:23.164+0000] {logging_mixin.py:154} INFO - [I 2025-12-05 03:23:23,163] Trial 38 finished with value: 0.7896924355777223 and parameters: {'max_depth': 12, 'learning_rate': 0.05882733507214584, 'subsample': 0.9337223790221333, 'colsample_bytree': 0.7004328722584814, 'min_child_weight': 4, 'gamma': 0.8232412704979594, 'n_estimators': 288}. Best is trial 17 with value: 0.7955665024630542.
[2025-12-05T03:23:23.164+0000] {logging_mixin.py:154} WARNING - Best trial: 17. Best value: 0.795567:  76%|#######6  | 38/50 [00:14<00:02,  4.86it/s, 14.62/60 seconds]
[2025-12-05T03:23:23.164+0000] {logging_mixin.py:154} WARNING - Best trial: 17. Best value: 0.795567:  76%|#######6  | 38/50 [00:14<00:02,  4.86it/s, 14.62/60 seconds]
[2025-12-05T03:23:23.164+0000] {logging_mixin.py:154} WARNING - Best trial: 17. Best value: 0.795567:  78%|#######8  | 39/50 [00:14<00:02,  4.86it/s, 14.89/60 seconds]
[2025-12-05T03:23:23.532+0000] {logging_mixin.py:154} WARNING -                                                                                                        
[2025-12-05T03:23:23.532+0000] {logging_mixin.py:154} WARNING - 
[2025-12-05T03:23:23.532+0000] {logging_mixin.py:154} INFO - [I 2025-12-05 03:23:23,532] Trial 39 finished with value: 0.7872429710449014 and parameters: {'max_depth': 10, 'learning_rate': 0.07565008159494407, 'subsample': 0.8439864007578638, 'colsample_bytree': 0.8573474087357992, 'min_child_weight': 5, 'gamma': 0.44707646777028387, 'n_estimators': 346}. Best is trial 17 with value: 0.7955665024630542.
[2025-12-05T03:23:23.532+0000] {logging_mixin.py:154} WARNING - Best trial: 17. Best value: 0.795567:  78%|#######8  | 39/50 [00:15<00:02,  4.86it/s, 14.89/60 seconds]
[2025-12-05T03:23:23.533+0000] {logging_mixin.py:154} WARNING - Best trial: 17. Best value: 0.795567:  78%|#######8  | 39/50 [00:15<00:02,  4.86it/s, 14.89/60 seconds]
[2025-12-05T03:23:23.533+0000] {logging_mixin.py:154} WARNING - Best trial: 17. Best value: 0.795567:  80%|########  | 40/50 [00:15<00:02,  4.86it/s, 15.25/60 seconds]
[2025-12-05T03:23:23.749+0000] {logging_mixin.py:154} WARNING -                                                                                                        
[2025-12-05T03:23:23.749+0000] {logging_mixin.py:154} WARNING - 
[2025-12-05T03:23:23.749+0000] {logging_mixin.py:154} INFO - [I 2025-12-05 03:23:23,749] Trial 40 finished with value: 0.7888707037643208 and parameters: {'max_depth': 13, 'learning_rate': 0.04328805803283836, 'subsample': 0.9452495947014103, 'colsample_bytree': 0.7811044450714166, 'min_child_weight': 1, 'gamma': 3.49648286766645, 'n_estimators': 314}. Best is trial 17 with value: 0.7955665024630542.
[2025-12-05T03:23:23.749+0000] {logging_mixin.py:154} WARNING - Best trial: 17. Best value: 0.795567:  80%|########  | 40/50 [00:15<00:02,  4.86it/s, 15.25/60 seconds]
[2025-12-05T03:23:23.750+0000] {logging_mixin.py:154} WARNING - Best trial: 17. Best value: 0.795567:  80%|########  | 40/50 [00:15<00:02,  4.86it/s, 15.25/60 seconds]
[2025-12-05T03:23:23.750+0000] {logging_mixin.py:154} WARNING - Best trial: 17. Best value: 0.795567:  82%|########2 | 41/50 [00:15<00:01,  4.86it/s, 15.47/60 seconds]
[2025-12-05T03:23:23.982+0000] {logging_mixin.py:154} WARNING -                                                                                                        
[2025-12-05T03:23:23.983+0000] {logging_mixin.py:154} WARNING - 
[2025-12-05T03:23:23.983+0000] {logging_mixin.py:154} INFO - [I 2025-12-05 03:23:23,982] Trial 41 finished with value: 0.7909090909090908 and parameters: {'max_depth': 9, 'learning_rate': 0.06577759260987599, 'subsample': 0.8815963050704287, 'colsample_bytree': 0.8152276057488185, 'min_child_weight': 3, 'gamma': 1.3127015716942618, 'n_estimators': 137}. Best is trial 17 with value: 0.7955665024630542.
[2025-12-05T03:23:23.983+0000] {logging_mixin.py:154} WARNING - Best trial: 17. Best value: 0.795567:  82%|########2 | 41/50 [00:15<00:01,  4.86it/s, 15.47/60 seconds]
[2025-12-05T03:23:23.983+0000] {logging_mixin.py:154} WARNING - Best trial: 17. Best value: 0.795567:  82%|########2 | 41/50 [00:15<00:01,  4.86it/s, 15.47/60 seconds]
[2025-12-05T03:23:23.983+0000] {logging_mixin.py:154} WARNING - Best trial: 17. Best value: 0.795567:  84%|########4 | 42/50 [00:15<00:01,  4.86it/s, 15.70/60 seconds]
[2025-12-05T03:23:24.101+0000] {logging_mixin.py:154} WARNING -                                                                                                        
[2025-12-05T03:23:24.101+0000] {logging_mixin.py:154} WARNING - 
[2025-12-05T03:23:24.101+0000] {logging_mixin.py:154} INFO - [I 2025-12-05 03:23:24,101] Trial 42 finished with value: 0.7916152897657213 and parameters: {'max_depth': 11, 'learning_rate': 0.08322857624226912, 'subsample': 0.861610455899473, 'colsample_bytree': 0.8229158324450786, 'min_child_weight': 4, 'gamma': 1.9027488614165873, 'n_estimators': 109}. Best is trial 17 with value: 0.7955665024630542.
[2025-12-05T03:23:24.101+0000] {logging_mixin.py:154} WARNING - Best trial: 17. Best value: 0.795567:  84%|########4 | 42/50 [00:15<00:01,  4.86it/s, 15.70/60 seconds]
[2025-12-05T03:23:24.101+0000] {logging_mixin.py:154} WARNING - Best trial: 17. Best value: 0.795567:  84%|########4 | 42/50 [00:15<00:01,  4.86it/s, 15.70/60 seconds]
[2025-12-05T03:23:24.102+0000] {logging_mixin.py:154} WARNING - Best trial: 17. Best value: 0.795567:  86%|########6 | 43/50 [00:15<00:01,  4.86it/s, 15.82/60 seconds]
[2025-12-05T03:23:24.345+0000] {logging_mixin.py:154} WARNING -                                                                                                        
[2025-12-05T03:23:24.345+0000] {logging_mixin.py:154} WARNING - 
[2025-12-05T03:23:24.345+0000] {logging_mixin.py:154} INFO - [I 2025-12-05 03:23:24,345] Trial 43 finished with value: 0.7761194029850746 and parameters: {'max_depth': 3, 'learning_rate': 0.061194624268335926, 'subsample': 0.9059077635852097, 'colsample_bytree': 0.7664310360881681, 'min_child_weight': 2, 'gamma': 1.5486150273841546, 'n_estimators': 232}. Best is trial 17 with value: 0.7955665024630542.
[2025-12-05T03:23:24.345+0000] {logging_mixin.py:154} WARNING - Best trial: 17. Best value: 0.795567:  86%|########6 | 43/50 [00:16<00:01,  4.86it/s, 15.82/60 seconds]
[2025-12-05T03:23:24.346+0000] {logging_mixin.py:154} WARNING - Best trial: 17. Best value: 0.795567:  86%|########6 | 43/50 [00:16<00:01,  4.86it/s, 15.82/60 seconds]
[2025-12-05T03:23:24.346+0000] {logging_mixin.py:154} WARNING - Best trial: 17. Best value: 0.795567:  88%|########8 | 44/50 [00:16<00:01,  4.86it/s, 16.07/60 seconds]
[2025-12-05T03:23:24.550+0000] {logging_mixin.py:154} WARNING -                                                                                                        
[2025-12-05T03:23:24.550+0000] {logging_mixin.py:154} WARNING - 
[2025-12-05T03:23:24.550+0000] {logging_mixin.py:154} INFO - [I 2025-12-05 03:23:24,549] Trial 44 finished with value: 0.7852760736196319 and parameters: {'max_depth': 4, 'learning_rate': 0.05616277706840104, 'subsample': 0.961225983382828, 'colsample_bytree': 0.8591622917773647, 'min_child_weight': 3, 'gamma': 1.225777449182198, 'n_estimators': 390}. Best is trial 17 with value: 0.7955665024630542.
[2025-12-05T03:23:24.550+0000] {logging_mixin.py:154} WARNING - Best trial: 17. Best value: 0.795567:  88%|########8 | 44/50 [00:16<00:01,  4.86it/s, 16.07/60 seconds]
[2025-12-05T03:23:24.550+0000] {logging_mixin.py:154} WARNING - Best trial: 17. Best value: 0.795567:  88%|########8 | 44/50 [00:16<00:01,  4.86it/s, 16.07/60 seconds]
[2025-12-05T03:23:24.550+0000] {logging_mixin.py:154} WARNING - Best trial: 17. Best value: 0.795567:  90%|######### | 45/50 [00:16<00:01,  4.86it/s, 16.27/60 seconds]
[2025-12-05T03:23:24.852+0000] {logging_mixin.py:154} WARNING -                                                                                                        
[2025-12-05T03:23:24.852+0000] {logging_mixin.py:154} WARNING - 
