[2025-12-05T03:23:24.852+0000] {logging_mixin.py:154} INFO - [I 2025-12-05 03:23:24,852] Trial 45 finished with value: 0.7917525773195876 and parameters: {'max_depth': 7, 'learning_rate': 0.07461368613446388, 'subsample': 0.8684136523242416, 'colsample_bytree': 0.7356937765452092, 'min_child_weight': 4, 'gamma': 0.9287029686994908, 'n_estimators': 163}. Best is trial 17 with value: 0.7955665024630542.
[2025-12-05T03:23:24.852+0000] {logging_mixin.py:154} WARNING - Best trial: 17. Best value: 0.795567:  90%|######### | 45/50 [00:16<00:01,  4.86it/s, 16.27/60 seconds]
[2025-12-05T03:23:24.853+0000] {logging_mixin.py:154} WARNING - Best trial: 17. Best value: 0.795567:  90%|######### | 45/50 [00:16<00:01,  4.86it/s, 16.27/60 seconds]
[2025-12-05T03:23:24.853+0000] {logging_mixin.py:154} WARNING - Best trial: 17. Best value: 0.795567:  92%|#########2| 46/50 [00:16<00:00, 16.87it/s, 16.27/60 seconds]
[2025-12-05T03:23:24.853+0000] {logging_mixin.py:154} WARNING - Best trial: 17. Best value: 0.795567:  92%|#########2| 46/50 [00:16<00:00, 16.87it/s, 16.57/60 seconds]
[2025-12-05T03:23:25.038+0000] {logging_mixin.py:154} WARNING -                                                                                                        
[2025-12-05T03:23:25.039+0000] {logging_mixin.py:154} WARNING - 
[2025-12-05T03:23:25.039+0000] {logging_mixin.py:154} INFO - [I 2025-12-05 03:23:25,038] Trial 46 finished with value: 0.7861609003751562 and parameters: {'max_depth': 14, 'learning_rate': 0.07886112096314782, 'subsample': 0.9089145275012726, 'colsample_bytree': 0.7217129070812289, 'min_child_weight': 5, 'gamma': 0.9050243696672121, 'n_estimators': 163}. Best is trial 17 with value: 0.7955665024630542.
[2025-12-05T03:23:25.039+0000] {logging_mixin.py:154} WARNING - Best trial: 17. Best value: 0.795567:  92%|#########2| 46/50 [00:16<00:00, 16.87it/s, 16.57/60 seconds]
[2025-12-05T03:23:25.039+0000] {logging_mixin.py:154} WARNING - Best trial: 17. Best value: 0.795567:  92%|#########2| 46/50 [00:16<00:00, 16.87it/s, 16.57/60 seconds]
[2025-12-05T03:23:25.039+0000] {logging_mixin.py:154} WARNING - Best trial: 17. Best value: 0.795567:  94%|#########3| 47/50 [00:16<00:00, 16.87it/s, 16.76/60 seconds]
[2025-12-05T03:23:25.281+0000] {logging_mixin.py:154} WARNING -                                                                                                        
[2025-12-05T03:23:25.281+0000] {logging_mixin.py:154} WARNING - 
[2025-12-05T03:23:25.281+0000] {logging_mixin.py:154} INFO - [I 2025-12-05 03:23:25,281] Trial 47 finished with value: 0.7909090909090908 and parameters: {'max_depth': 6, 'learning_rate': 0.0496596526308349, 'subsample': 0.7762465876786767, 'colsample_bytree': 0.9188587627968927, 'min_child_weight': 4, 'gamma': 0.3238659007774469, 'n_estimators': 219}. Best is trial 17 with value: 0.7955665024630542.
[2025-12-05T03:23:25.281+0000] {logging_mixin.py:154} WARNING - Best trial: 17. Best value: 0.795567:  94%|#########3| 47/50 [00:17<00:00, 16.87it/s, 16.76/60 seconds]
[2025-12-05T03:23:25.282+0000] {logging_mixin.py:154} WARNING - Best trial: 17. Best value: 0.795567:  94%|#########3| 47/50 [00:17<00:00, 16.87it/s, 16.76/60 seconds]
[2025-12-05T03:23:25.282+0000] {logging_mixin.py:154} WARNING - Best trial: 17. Best value: 0.795567:  96%|#########6| 48/50 [00:17<00:00, 11.35it/s, 16.76/60 seconds]
[2025-12-05T03:23:25.282+0000] {logging_mixin.py:154} WARNING - Best trial: 17. Best value: 0.795567:  96%|#########6| 48/50 [00:17<00:00, 11.35it/s, 17.00/60 seconds]
[2025-12-05T03:23:25.529+0000] {logging_mixin.py:154} WARNING -                                                                                                        
[2025-12-05T03:23:25.529+0000] {logging_mixin.py:154} WARNING - 
[2025-12-05T03:23:25.529+0000] {logging_mixin.py:154} INFO - [I 2025-12-05 03:23:25,528] Trial 48 finished with value: 0.7813798836242728 and parameters: {'max_depth': 10, 'learning_rate': 0.09556398748083149, 'subsample': 0.8735116714326242, 'colsample_bytree': 0.7745469662944375, 'min_child_weight': 10, 'gamma': 1.055685606246334, 'n_estimators': 272}. Best is trial 17 with value: 0.7955665024630542.
[2025-12-05T03:23:25.529+0000] {logging_mixin.py:154} WARNING - Best trial: 17. Best value: 0.795567:  96%|#########6| 48/50 [00:17<00:00, 11.35it/s, 17.00/60 seconds]
[2025-12-05T03:23:25.529+0000] {logging_mixin.py:154} WARNING - Best trial: 17. Best value: 0.795567:  96%|#########6| 48/50 [00:17<00:00, 11.35it/s, 17.00/60 seconds]
[2025-12-05T03:23:25.529+0000] {logging_mixin.py:154} WARNING - Best trial: 17. Best value: 0.795567:  98%|#########8| 49/50 [00:17<00:00, 11.35it/s, 17.25/60 seconds]
[2025-12-05T03:23:25.841+0000] {logging_mixin.py:154} WARNING -                                                                                                        
[2025-12-05T03:23:25.841+0000] {logging_mixin.py:154} WARNING - 
