[2025-12-05T03:23:15.637+0000] {logging_mixin.py:154} INFO - [I 2025-12-05 03:23:15,636] Trial 11 finished with value: 0.7796467619848613 and parameters: {'max_depth': 15, 'learning_rate': 0.05378356815268503, 'subsample': 0.9978996494132066, 'colsample_bytree': 0.9148154490068297, 'min_child_weight': 7, 'gamma': 0.11980023076172625, 'n_estimators': 181}. Best is trial 5 with value: 0.7878028404344193.
[2025-12-05T03:23:15.637+0000] {logging_mixin.py:154} WARNING - Best trial: 5. Best value: 0.787803:  22%|##2       | 11/50 [00:07<00:16,  2.34it/s, 6.97/60 seconds]
[2025-12-05T03:23:15.637+0000] {logging_mixin.py:154} WARNING - Best trial: 5. Best value: 0.787803:  22%|##2       | 11/50 [00:07<00:16,  2.34it/s, 6.97/60 seconds]
[2025-12-05T03:23:15.638+0000] {logging_mixin.py:154} WARNING - Best trial: 5. Best value: 0.787803:  24%|##4       | 12/50 [00:07<00:15,  2.40it/s, 6.97/60 seconds]
[2025-12-05T03:23:15.638+0000] {logging_mixin.py:154} WARNING - Best trial: 5. Best value: 0.787803:  24%|##4       | 12/50 [00:07<00:15,  2.40it/s, 7.36/60 seconds]
[2025-12-05T03:23:15.894+0000] {logging_mixin.py:154} WARNING -                                                                                                      
[2025-12-05T03:23:15.894+0000] {logging_mixin.py:154} WARNING - 
[2025-12-05T03:23:15.894+0000] {logging_mixin.py:154} INFO - [I 2025-12-05 03:23:15,893] Trial 12 finished with value: 0.7860738255033557 and parameters: {'max_depth': 12, 'learning_rate': 0.05421283096830384, 'subsample': 0.5054699672832429, 'colsample_bytree': 0.8838129988503955, 'min_child_weight': 6, 'gamma': 0.01955562095026886, 'n_estimators': 200}. Best is trial 5 with value: 0.7878028404344193.
[2025-12-05T03:23:15.894+0000] {logging_mixin.py:154} WARNING - Best trial: 5. Best value: 0.787803:  24%|##4       | 12/50 [00:07<00:15,  2.40it/s, 7.36/60 seconds]
[2025-12-05T03:23:15.894+0000] {logging_mixin.py:154} WARNING - Best trial: 5. Best value: 0.787803:  24%|##4       | 12/50 [00:07<00:15,  2.40it/s, 7.36/60 seconds]
[2025-12-05T03:23:15.894+0000] {logging_mixin.py:154} WARNING - Best trial: 5. Best value: 0.787803:  26%|##6       | 13/50 [00:07<00:13,  2.72it/s, 7.36/60 seconds]
[2025-12-05T03:23:15.894+0000] {logging_mixin.py:154} WARNING - Best trial: 5. Best value: 0.787803:  26%|##6       | 13/50 [00:07<00:13,  2.72it/s, 7.62/60 seconds]
[2025-12-05T03:23:16.333+0000] {logging_mixin.py:154} WARNING -                                                                                                      
[2025-12-05T03:23:16.334+0000] {logging_mixin.py:154} WARNING - 
[2025-12-05T03:23:16.334+0000] {logging_mixin.py:154} INFO - [I 2025-12-05 03:23:16,333] Trial 13 finished with value: 0.7884773662551442 and parameters: {'max_depth': 13, 'learning_rate': 0.037125333864844845, 'subsample': 0.9603988378219538, 'colsample_bytree': 0.9915857514389516, 'min_child_weight': 6, 'gamma': 1.7028123369947754, 'n_estimators': 371}. Best is trial 13 with value: 0.7884773662551442.
[2025-12-05T03:23:16.334+0000] {logging_mixin.py:154} WARNING - Best trial: 5. Best value: 0.787803:  26%|##6       | 13/50 [00:08<00:13,  2.72it/s, 7.62/60 seconds]
[2025-12-05T03:23:16.334+0000] {logging_mixin.py:154} WARNING - Best trial: 13. Best value: 0.788477:  26%|##6       | 13/50 [00:08<00:13,  2.72it/s, 7.62/60 seconds]
[2025-12-05T03:23:16.334+0000] {logging_mixin.py:154} WARNING - Best trial: 13. Best value: 0.788477:  28%|##8       | 14/50 [00:08<00:14,  2.57it/s, 7.62/60 seconds]
[2025-12-05T03:23:16.334+0000] {logging_mixin.py:154} WARNING - Best trial: 13. Best value: 0.788477:  28%|##8       | 14/50 [00:08<00:14,  2.57it/s, 8.06/60 seconds]
[2025-12-05T03:23:16.776+0000] {logging_mixin.py:154} WARNING -                                                                                                       
[2025-12-05T03:23:16.776+0000] {logging_mixin.py:154} WARNING - 
[2025-12-05T03:23:16.776+0000] {logging_mixin.py:154} INFO - [I 2025-12-05 03:23:16,776] Trial 14 finished with value: 0.788580885395118 and parameters: {'max_depth': 12, 'learning_rate': 0.03578101073445649, 'subsample': 0.7190650837455672, 'colsample_bytree': 0.9912980705502237, 'min_child_weight': 3, 'gamma': 1.8140489385151815, 'n_estimators': 367}. Best is trial 14 with value: 0.788580885395118.
[2025-12-05T03:23:16.776+0000] {logging_mixin.py:154} WARNING - Best trial: 13. Best value: 0.788477:  28%|##8       | 14/50 [00:08<00:14,  2.57it/s, 8.06/60 seconds]
[2025-12-05T03:23:16.777+0000] {logging_mixin.py:154} WARNING - Best trial: 14. Best value: 0.788581:  28%|##8       | 14/50 [00:08<00:14,  2.57it/s, 8.06/60 seconds]
[2025-12-05T03:23:16.777+0000] {logging_mixin.py:154} WARNING - Best trial: 14. Best value: 0.788581:  30%|###       | 15/50 [00:08<00:14,  2.47it/s, 8.06/60 seconds]
[2025-12-05T03:23:16.777+0000] {logging_mixin.py:154} WARNING - Best trial: 14. Best value: 0.788581:  30%|###       | 15/50 [00:08<00:14,  2.47it/s, 8.50/60 seconds]
[2025-12-05T03:23:17.009+0000] {logging_mixin.py:154} WARNING -                                                                                                       
[2025-12-05T03:23:17.009+0000] {logging_mixin.py:154} WARNING - 
[2025-12-05T03:23:17.009+0000] {logging_mixin.py:154} INFO - [I 2025-12-05 03:23:17,009] Trial 15 finished with value: 0.7904290429042904 and parameters: {'max_depth': 11, 'learning_rate': 0.08897588326299928, 'subsample': 0.7536059687212608, 'colsample_bytree': 0.9954222628393371, 'min_child_weight': 3, 'gamma': 1.8816908344926566, 'n_estimators': 378}. Best is trial 15 with value: 0.7904290429042904.
[2025-12-05T03:23:17.009+0000] {logging_mixin.py:154} WARNING - Best trial: 14. Best value: 0.788581:  30%|###       | 15/50 [00:08<00:14,  2.47it/s, 8.50/60 seconds]
[2025-12-05T03:23:17.010+0000] {logging_mixin.py:154} WARNING - Best trial: 15. Best value: 0.790429:  30%|###       | 15/50 [00:08<00:14,  2.47it/s, 8.50/60 seconds]
[2025-12-05T03:23:17.010+0000] {logging_mixin.py:154} WARNING - Best trial: 15. Best value: 0.790429:  32%|###2      | 16/50 [00:08<00:12,  2.83it/s, 8.50/60 seconds]
[2025-12-05T03:23:17.010+0000] {logging_mixin.py:154} WARNING - Best trial: 15. Best value: 0.790429:  32%|###2      | 16/50 [00:08<00:12,  2.83it/s, 8.73/60 seconds]
[2025-12-05T03:23:17.313+0000] {logging_mixin.py:154} WARNING -                                                                                                       
[2025-12-05T03:23:17.313+0000] {logging_mixin.py:154} WARNING - 
[2025-12-05T03:23:17.313+0000] {logging_mixin.py:154} INFO - [I 2025-12-05 03:23:17,313] Trial 16 finished with value: 0.7950413223140494 and parameters: {'max_depth': 10, 'learning_rate': 0.08796740557592607, 'subsample': 0.7261631564388041, 'colsample_bytree': 0.9930730745968337, 'min_child_weight': 2, 'gamma': 2.0238679625177247, 'n_estimators': 376}. Best is trial 16 with value: 0.7950413223140494.
[2025-12-05T03:23:17.313+0000] {logging_mixin.py:154} WARNING - Best trial: 15. Best value: 0.790429:  32%|###2      | 16/50 [00:09<00:12,  2.83it/s, 8.73/60 seconds]
[2025-12-05T03:23:17.314+0000] {logging_mixin.py:154} WARNING - Best trial: 16. Best value: 0.795041:  32%|###2      | 16/50 [00:09<00:12,  2.83it/s, 8.73/60 seconds]
[2025-12-05T03:23:17.314+0000] {logging_mixin.py:154} WARNING - Best trial: 16. Best value: 0.795041:  34%|###4      | 17/50 [00:09<00:11,  2.95it/s, 8.73/60 seconds]
[2025-12-05T03:23:17.314+0000] {logging_mixin.py:154} WARNING - Best trial: 16. Best value: 0.795041:  34%|###4      | 17/50 [00:09<00:11,  2.95it/s, 9.04/60 seconds]
[2025-12-05T03:23:17.583+0000] {logging_mixin.py:154} WARNING -                                                                                                       
[2025-12-05T03:23:17.584+0000] {logging_mixin.py:154} WARNING - 
[2025-12-05T03:23:17.584+0000] {logging_mixin.py:154} INFO - [I 2025-12-05 03:23:17,583] Trial 17 finished with value: 0.7955665024630542 and parameters: {'max_depth': 10, 'learning_rate': 0.10003717278588871, 'subsample': 0.7463167709978713, 'colsample_bytree': 0.9434895649052069, 'min_child_weight': 1, 'gamma': 2.373505519824846, 'n_estimators': 410}. Best is trial 17 with value: 0.7955665024630542.
[2025-12-05T03:23:17.584+0000] {logging_mixin.py:154} WARNING - Best trial: 16. Best value: 0.795041:  34%|###4      | 17/50 [00:09<00:11,  2.95it/s, 9.04/60 seconds]
[2025-12-05T03:23:17.584+0000] {logging_mixin.py:154} WARNING - Best trial: 17. Best value: 0.795567:  34%|###4      | 17/50 [00:09<00:11,  2.95it/s, 9.04/60 seconds]
[2025-12-05T03:23:17.584+0000] {logging_mixin.py:154} WARNING - Best trial: 17. Best value: 0.795567:  36%|###6      | 18/50 [00:09<00:10,  3.14it/s, 9.04/60 seconds]
[2025-12-05T03:23:17.584+0000] {logging_mixin.py:154} WARNING - Best trial: 17. Best value: 0.795567:  36%|###6      | 18/50 [00:09<00:10,  3.14it/s, 9.31/60 seconds]
[2025-12-05T03:23:17.929+0000] {logging_mixin.py:154} WARNING -                                                                                                       
[2025-12-05T03:23:17.929+0000] {logging_mixin.py:154} WARNING - 
[2025-12-05T03:23:17.929+0000] {logging_mixin.py:154} INFO - [I 2025-12-05 03:23:17,929] Trial 18 finished with value: 0.7889530090684255 and parameters: {'max_depth': 8, 'learning_rate': 0.1500935170641626, 'subsample': 0.703222478416619, 'colsample_bytree': 0.9348710101531555, 'min_child_weight': 1, 'gamma': 3.122490681674515, 'n_estimators': 432}. Best is trial 17 with value: 0.7955665024630542.
[2025-12-05T03:23:17.929+0000] {logging_mixin.py:154} WARNING - Best trial: 17. Best value: 0.795567:  36%|###6      | 18/50 [00:09<00:10,  3.14it/s, 9.31/60 seconds]
[2025-12-05T03:23:17.930+0000] {logging_mixin.py:154} WARNING - Best trial: 17. Best value: 0.795567:  36%|###6      | 18/50 [00:09<00:10,  3.14it/s, 9.31/60 seconds]
[2025-12-05T03:23:17.930+0000] {logging_mixin.py:154} WARNING - Best trial: 17. Best value: 0.795567:  38%|###8      | 19/50 [00:09<00:10,  3.06it/s, 9.31/60 seconds]
[2025-12-05T03:23:17.930+0000] {logging_mixin.py:154} WARNING - Best trial: 17. Best value: 0.795567:  38%|###8      | 19/50 [00:09<00:10,  3.06it/s, 9.65/60 seconds]
[2025-12-05T03:23:18.152+0000] {logging_mixin.py:154} WARNING -                                                                                                       
[2025-12-05T03:23:18.152+0000] {logging_mixin.py:154} WARNING - 
[2025-12-05T03:23:18.152+0000] {logging_mixin.py:154} INFO - [I 2025-12-05 03:23:18,152] Trial 19 finished with value: 0.7907552620718119 and parameters: {'max_depth': 9, 'learning_rate': 0.11781145327743466, 'subsample': 0.7980333055037083, 'colsample_bytree': 0.9460672570355475, 'min_child_weight': 2, 'gamma': 2.180499167861401, 'n_estimators': 417}. Best is trial 17 with value: 0.7955665024630542.
[2025-12-05T03:23:18.152+0000] {logging_mixin.py:154} WARNING - Best trial: 17. Best value: 0.795567:  38%|###8      | 19/50 [00:09<00:10,  3.06it/s, 9.65/60 seconds]
[2025-12-05T03:23:18.153+0000] {logging_mixin.py:154} WARNING - Best trial: 17. Best value: 0.795567:  38%|###8      | 19/50 [00:09<00:10,  3.06it/s, 9.65/60 seconds]
[2025-12-05T03:23:18.153+0000] {logging_mixin.py:154} WARNING - Best trial: 17. Best value: 0.795567:  40%|####      | 20/50 [00:09<00:08,  3.39it/s, 9.65/60 seconds]
[2025-12-05T03:23:18.153+0000] {logging_mixin.py:154} WARNING - Best trial: 17. Best value: 0.795567:  40%|####      | 20/50 [00:09<00:08,  3.39it/s, 9.87/60 seconds]
[2025-12-05T03:23:18.470+0000] {logging_mixin.py:154} WARNING -                                                                                                       
[2025-12-05T03:23:18.470+0000] {logging_mixin.py:154} WARNING - 
[2025-12-05T03:23:18.470+0000] {logging_mixin.py:154} INFO - [I 2025-12-05 03:23:18,469] Trial 20 finished with value: 0.7874535699546017 and parameters: {'max_depth': 10, 'learning_rate': 0.08278721101034317, 'subsample': 0.6095890091783663, 'colsample_bytree': 0.8781369914416552, 'min_child_weight': 2, 'gamma': 2.4771465760914726, 'n_estimators': 330}. Best is trial 17 with value: 0.7955665024630542.
[2025-12-05T03:23:18.470+0000] {logging_mixin.py:154} WARNING - Best trial: 17. Best value: 0.795567:  40%|####      | 20/50 [00:10<00:08,  3.39it/s, 9.87/60 seconds]
[2025-12-05T03:23:18.470+0000] {logging_mixin.py:154} WARNING - Best trial: 17. Best value: 0.795567:  40%|####      | 20/50 [00:10<00:08,  3.39it/s, 9.87/60 seconds]
[2025-12-05T03:23:18.470+0000] {logging_mixin.py:154} WARNING - Best trial: 17. Best value: 0.795567:  42%|####2     | 21/50 [00:10<00:08,  3.31it/s, 9.87/60 seconds]
[2025-12-05T03:23:18.471+0000] {logging_mixin.py:154} WARNING - Best trial: 17. Best value: 0.795567:  42%|####2     | 21/50 [00:10<00:08,  3.31it/s, 10.19/60 seconds]
[2025-12-05T03:23:18.782+0000] {logging_mixin.py:154} WARNING -                                                                                                        
[2025-12-05T03:23:18.782+0000] {logging_mixin.py:154} WARNING - 
[2025-12-05T03:23:18.782+0000] {logging_mixin.py:154} INFO - [I 2025-12-05 03:23:18,782] Trial 21 finished with value: 0.7891268533772652 and parameters: {'max_depth': 9, 'learning_rate': 0.12362595482478989, 'subsample': 0.7899381040792671, 'colsample_bytree': 0.9397997381394905, 'min_child_weight': 2, 'gamma': 2.2677542994482534, 'n_estimators': 418}. Best is trial 17 with value: 0.7955665024630542.
[2025-12-05T03:23:18.782+0000] {logging_mixin.py:154} WARNING - Best trial: 17. Best value: 0.795567:  42%|####2     | 21/50 [00:10<00:08,  3.31it/s, 10.19/60 seconds]
[2025-12-05T03:23:18.783+0000] {logging_mixin.py:154} WARNING - Best trial: 17. Best value: 0.795567:  42%|####2     | 21/50 [00:10<00:08,  3.31it/s, 10.19/60 seconds]
[2025-12-05T03:23:18.783+0000] {logging_mixin.py:154} WARNING - Best trial: 17. Best value: 0.795567:  44%|####4     | 22/50 [00:10<00:08,  3.28it/s, 10.19/60 seconds]
[2025-12-05T03:23:18.783+0000] {logging_mixin.py:154} WARNING - Best trial: 17. Best value: 0.795567:  44%|####4     | 22/50 [00:10<00:08,  3.28it/s, 10.50/60 seconds]
[2025-12-05T03:23:19.161+0000] {logging_mixin.py:154} WARNING -                                                                                                        
[2025-12-05T03:23:19.161+0000] {logging_mixin.py:154} WARNING - 
[2025-12-05T03:23:19.161+0000] {logging_mixin.py:154} INFO - [I 2025-12-05 03:23:19,160] Trial 22 finished with value: 0.7901234567901235 and parameters: {'max_depth': 9, 'learning_rate': 0.12777418660726625, 'subsample': 0.7435838701405986, 'colsample_bytree': 0.942577815446342, 'min_child_weight': 1, 'gamma': 2.1431617084048775, 'n_estimators': 400}. Best is trial 17 with value: 0.7955665024630542.
[2025-12-05T03:23:19.161+0000] {logging_mixin.py:154} WARNING - Best trial: 17. Best value: 0.795567:  44%|####4     | 22/50 [00:10<00:08,  3.28it/s, 10.50/60 seconds]
[2025-12-05T03:23:19.162+0000] {logging_mixin.py:154} WARNING - Best trial: 17. Best value: 0.795567:  44%|####4     | 22/50 [00:10<00:08,  3.28it/s, 10.50/60 seconds]
[2025-12-05T03:23:19.162+0000] {logging_mixin.py:154} WARNING - Best trial: 17. Best value: 0.795567:  46%|####6     | 23/50 [00:10<00:08,  3.06it/s, 10.50/60 seconds]
[2025-12-05T03:23:19.162+0000] {logging_mixin.py:154} WARNING - Best trial: 17. Best value: 0.795567:  46%|####6     | 23/50 [00:10<00:08,  3.06it/s, 10.88/60 seconds]
[2025-12-05T03:23:21.305+0000] {logging_mixin.py:154} WARNING -                                                                                                        
[2025-12-05T03:23:21.305+0000] {logging_mixin.py:154} WARNING - 
[2025-12-05T03:23:21.305+0000] {logging_mixin.py:154} INFO - [I 2025-12-05 03:23:21,305] Trial 23 finished with value: 0.7869120654396728 and parameters: {'max_depth': 8, 'learning_rate': 0.1792919209952106, 'subsample': 0.8029423301406537, 'colsample_bytree': 0.9544928266808178, 'min_child_weight': 3, 'gamma': 2.762946953317596, 'n_estimators': 449}. Best is trial 17 with value: 0.7955665024630542.
[2025-12-05T03:23:21.306+0000] {logging_mixin.py:154} WARNING - Best trial: 17. Best value: 0.795567:  46%|####6     | 23/50 [00:13<00:08,  3.06it/s, 10.88/60 seconds]
[2025-12-05T03:23:21.306+0000] {logging_mixin.py:154} WARNING - Best trial: 17. Best value: 0.795567:  46%|####6     | 23/50 [00:13<00:08,  3.06it/s, 10.88/60 seconds]
[2025-12-05T03:23:21.306+0000] {logging_mixin.py:154} WARNING - Best trial: 17. Best value: 0.795567:  48%|####8     | 24/50 [00:13<00:22,  1.15it/s, 10.88/60 seconds]
[2025-12-05T03:23:21.306+0000] {logging_mixin.py:154} WARNING - Best trial: 17. Best value: 0.795567:  48%|####8     | 24/50 [00:13<00:22,  1.15it/s, 13.03/60 seconds]
[2025-12-05T03:23:21.742+0000] {logging_mixin.py:154} WARNING -                                                                                                        
[2025-12-05T03:23:21.742+0000] {logging_mixin.py:154} WARNING - 
[2025-12-05T03:23:21.743+0000] {logging_mixin.py:154} INFO - [I 2025-12-05 03:23:21,742] Trial 24 finished with value: 0.7853618421052632 and parameters: {'max_depth': 11, 'learning_rate': 0.10460132676294942, 'subsample': 0.719480263495421, 'colsample_bytree': 0.8781834763450985, 'min_child_weight': 2, 'gamma': 3.1726274450781684, 'n_estimators': 360}. Best is trial 17 with value: 0.7955665024630542.
[2025-12-05T03:23:21.743+0000] {logging_mixin.py:154} WARNING - Best trial: 17. Best value: 0.795567:  48%|####8     | 24/50 [00:13<00:22,  1.15it/s, 13.03/60 seconds]
[2025-12-05T03:23:21.743+0000] {logging_mixin.py:154} WARNING - Best trial: 17. Best value: 0.795567:  48%|####8     | 24/50 [00:13<00:22,  1.15it/s, 13.03/60 seconds]
[2025-12-05T03:23:21.743+0000] {logging_mixin.py:154} WARNING - Best trial: 17. Best value: 0.795567:  50%|#####     | 25/50 [00:13<00:18,  1.35it/s, 13.03/60 seconds]
[2025-12-05T03:23:21.744+0000] {logging_mixin.py:154} WARNING - Best trial: 17. Best value: 0.795567:  50%|#####     | 25/50 [00:13<00:18,  1.35it/s, 13.46/60 seconds]
[2025-12-05T03:23:22.153+0000] {logging_mixin.py:154} WARNING -                                                                                                        
[2025-12-05T03:23:22.154+0000] {logging_mixin.py:154} WARNING - 
[2025-12-05T03:23:22.154+0000] {logging_mixin.py:154} INFO - [I 2025-12-05 03:23:22,153] Trial 25 finished with value: 0.787251655629139 and parameters: {'max_depth': 10, 'learning_rate': 0.07350356870259914, 'subsample': 0.6649371233213165, 'colsample_bytree': 0.9236553170440034, 'min_child_weight': 1, 'gamma': 2.14200768334993, 'n_estimators': 332}. Best is trial 17 with value: 0.7955665024630542.
[2025-12-05T03:23:22.154+0000] {logging_mixin.py:154} WARNING - Best trial: 17. Best value: 0.795567:  50%|#####     | 25/50 [00:13<00:18,  1.35it/s, 13.46/60 seconds]
[2025-12-05T03:23:22.155+0000] {logging_mixin.py:154} WARNING - Best trial: 17. Best value: 0.795567:  50%|#####     | 25/50 [00:13<00:18,  1.35it/s, 13.46/60 seconds]
[2025-12-05T03:23:22.155+0000] {logging_mixin.py:154} WARNING - Best trial: 17. Best value: 0.795567:  52%|#####2    | 26/50 [00:13<00:15,  1.56it/s, 13.46/60 seconds]
[2025-12-05T03:23:22.155+0000] {logging_mixin.py:154} WARNING - Best trial: 17. Best value: 0.795567:  52%|#####2    | 26/50 [00:13<00:15,  1.56it/s, 13.88/60 seconds]
[2025-12-05T03:23:22.347+0000] {logging_mixin.py:154} WARNING -                                                                                                        
[2025-12-05T03:23:22.347+0000] {logging_mixin.py:154} WARNING - 
[2025-12-05T03:23:22.347+0000] {logging_mixin.py:154} INFO - [I 2025-12-05 03:23:22,347] Trial 26 finished with value: 0.7846730528946273 and parameters: {'max_depth': 7, 'learning_rate': 0.18073809936134513, 'subsample': 0.7444770463026807, 'colsample_bytree': 0.9987349142404867, 'min_child_weight': 4, 'gamma': 1.1102683624224863, 'n_estimators': 242}. Best is trial 17 with value: 0.7955665024630542.
[2025-12-05T03:23:22.347+0000] {logging_mixin.py:154} WARNING - Best trial: 17. Best value: 0.795567:  52%|#####2    | 26/50 [00:14<00:15,  1.56it/s, 13.88/60 seconds]
[2025-12-05T03:23:22.347+0000] {logging_mixin.py:154} WARNING - Best trial: 17. Best value: 0.795567:  52%|#####2    | 26/50 [00:14<00:15,  1.56it/s, 13.88/60 seconds]
[2025-12-05T03:23:22.348+0000] {logging_mixin.py:154} WARNING - Best trial: 17. Best value: 0.795567:  54%|#####4    | 27/50 [00:14<00:11,  1.97it/s, 13.88/60 seconds]
[2025-12-05T03:23:22.348+0000] {logging_mixin.py:154} WARNING - Best trial: 17. Best value: 0.795567:  54%|#####4    | 27/50 [00:14<00:11,  1.97it/s, 14.07/60 seconds]
[2025-12-05T03:23:22.674+0000] {logging_mixin.py:154} WARNING -                                                                                                        
[2025-12-05T03:23:22.674+0000] {logging_mixin.py:154} WARNING - 
