[2025-12-05T03:23:25.841+0000] {logging_mixin.py:154} INFO - [I 2025-12-05 03:23:25,841] Trial 49 finished with value: 0.788627935723115 and parameters: {'max_depth': 5, 'learning_rate': 0.03872947511874017, 'subsample': 0.8434718425145458, 'colsample_bytree': 0.7460559483031597, 'min_child_weight': 6, 'gamma': 0.6367728537526558, 'n_estimators': 316}. Best is trial 17 with value: 0.7955665024630542.
[2025-12-05T03:23:25.842+0000] {logging_mixin.py:154} WARNING - Best trial: 17. Best value: 0.795567:  98%|#########8| 49/50 [00:17<00:00, 11.35it/s, 17.25/60 seconds]
[2025-12-05T03:23:25.842+0000] {logging_mixin.py:154} WARNING - Best trial: 17. Best value: 0.795567:  98%|#########8| 49/50 [00:17<00:00, 11.35it/s, 17.25/60 seconds]
[2025-12-05T03:23:25.842+0000] {logging_mixin.py:154} WARNING - Best trial: 17. Best value: 0.795567: 100%|##########| 50/50 [00:17<00:00,  7.79it/s, 17.25/60 seconds]
[2025-12-05T03:23:25.842+0000] {logging_mixin.py:154} WARNING - Best trial: 17. Best value: 0.795567: 100%|##########| 50/50 [00:17<00:00,  7.79it/s, 17.56/60 seconds]
[2025-12-05T03:23:25.842+0000] {logging_mixin.py:154} WARNING - Best trial: 17. Best value: 0.795567: 100%|##########| 50/50 [00:17<00:00,  2.85it/s, 17.56/60 seconds]
[2025-12-05T03:23:25.845+0000] {model_training.py:121} INFO - ✅ Optimización completada: 50 trials en 60s
[2025-12-05T03:23:25.845+0000] {model_training.py:122} INFO - ✅ Mejor F1-Score (validación): 0.7956
[2025-12-05T03:23:25.846+0000] {model_training.py:123} INFO - 📊 Mejores hiperparámetros encontrados:
[2025-12-05T03:23:25.846+0000] {model_training.py:125} INFO -    - max_depth: 10
[2025-12-05T03:23:25.846+0000] {model_training.py:125} INFO -    - learning_rate: 0.10003717278588871
[2025-12-05T03:23:25.846+0000] {model_training.py:125} INFO -    - subsample: 0.7463167709978713
[2025-12-05T03:23:25.846+0000] {model_training.py:125} INFO -    - colsample_bytree: 0.9434895649052069
[2025-12-05T03:23:25.846+0000] {model_training.py:125} INFO -    - min_child_weight: 1
[2025-12-05T03:23:25.846+0000] {model_training.py:125} INFO -    - gamma: 2.373505519824846
[2025-12-05T03:23:25.846+0000] {model_training.py:125} INFO -    - n_estimators: 410
[2025-12-05T03:23:25.846+0000] {model_training.py:142} INFO - 📊 Generando gráficos de optimización de Optuna...
[2025-12-05T03:23:26.270+0000] {model_training.py:179} INFO -    ✓ Gráfico de importancia guardado: /opt/***/diagrams/hyperparameter_importance.png
[2025-12-05T03:23:26.479+0000] {model_training.py:239} INFO -    ✓ Gráfico de optimization history guardado: /opt/***/diagrams/optimization_history.png
[2025-12-05T03:23:26.480+0000] {model_training.py:253} INFO - ✅ Gráficos de Optuna generados exitosamente
[2025-12-05T03:23:26.487+0000] {model_training.py:506} INFO - 🎯 Entrenando modelo final con mejores hiperparámetros...
[2025-12-05T03:23:26.536+0000] {logging_mixin.py:154} INFO - [0]	validation_0-logloss:0.66609	validation_1-logloss:0.66782	validation_2-logloss:0.66741
[2025-12-05T03:23:26.538+0000] {logging_mixin.py:154} INFO - [1]	validation_0-logloss:0.63257	validation_1-logloss:0.63716	validation_2-logloss:0.63533
[2025-12-05T03:23:26.541+0000] {logging_mixin.py:154} INFO - [2]	validation_0-logloss:0.61401	validation_1-logloss:0.62048	validation_2-logloss:0.61891
[2025-12-05T03:23:26.542+0000] {logging_mixin.py:154} INFO - [3]	validation_0-logloss:0.58892	validation_1-logloss:0.59797	validation_2-logloss:0.59566
[2025-12-05T03:23:26.544+0000] {logging_mixin.py:154} INFO - [4]	validation_0-logloss:0.56759	validation_1-logloss:0.57907	validation_2-logloss:0.57563
[2025-12-05T03:23:26.545+0000] {logging_mixin.py:154} INFO - [5]	validation_0-logloss:0.55019	validation_1-logloss:0.56441	validation_2-logloss:0.55950
[2025-12-05T03:23:26.547+0000] {logging_mixin.py:154} INFO - [6]	validation_0-logloss:0.53493	validation_1-logloss:0.55121	validation_2-logloss:0.54568
[2025-12-05T03:23:26.549+0000] {logging_mixin.py:154} INFO - [7]	validation_0-logloss:0.52058	validation_1-logloss:0.53921	validation_2-logloss:0.53344
[2025-12-05T03:23:26.550+0000] {logging_mixin.py:154} INFO - [8]	validation_0-logloss:0.50939	validation_1-logloss:0.52996	validation_2-logloss:0.52321
[2025-12-05T03:23:26.552+0000] {logging_mixin.py:154} INFO - [9]	validation_0-logloss:0.49890	validation_1-logloss:0.52150	validation_2-logloss:0.51425
[2025-12-05T03:23:26.554+0000] {logging_mixin.py:154} INFO - [10]	validation_0-logloss:0.48967	validation_1-logloss:0.51424	validation_2-logloss:0.50692
[2025-12-05T03:23:26.555+0000] {logging_mixin.py:154} INFO - [11]	validation_0-logloss:0.48142	validation_1-logloss:0.50784	validation_2-logloss:0.50011
[2025-12-05T03:23:26.556+0000] {logging_mixin.py:154} INFO - [12]	validation_0-logloss:0.47612	validation_1-logloss:0.50353	validation_2-logloss:0.49523
[2025-12-05T03:23:26.558+0000] {logging_mixin.py:154} INFO - [13]	validation_0-logloss:0.47058	validation_1-logloss:0.49950	validation_2-logloss:0.49037
[2025-12-05T03:23:26.560+0000] {logging_mixin.py:154} INFO - [14]	validation_0-logloss:0.46502	validation_1-logloss:0.49667	validation_2-logloss:0.48638
[2025-12-05T03:23:26.561+0000] {logging_mixin.py:154} INFO - [15]	validation_0-logloss:0.46164	validation_1-logloss:0.49409	validation_2-logloss:0.48325
[2025-12-05T03:23:26.562+0000] {logging_mixin.py:154} INFO - [16]	validation_0-logloss:0.45633	validation_1-logloss:0.49104	validation_2-logloss:0.47921
[2025-12-05T03:23:26.564+0000] {logging_mixin.py:154} INFO - [17]	validation_0-logloss:0.45242	validation_1-logloss:0.48957	validation_2-logloss:0.47686
[2025-12-05T03:23:26.566+0000] {logging_mixin.py:154} INFO - [18]	validation_0-logloss:0.44901	validation_1-logloss:0.48764	validation_2-logloss:0.47411
[2025-12-05T03:23:26.567+0000] {logging_mixin.py:154} INFO - [19]	validation_0-logloss:0.44596	validation_1-logloss:0.48548	validation_2-logloss:0.47138
[2025-12-05T03:23:26.573+0000] {logging_mixin.py:154} INFO - [20]	validation_0-logloss:0.44229	validation_1-logloss:0.48417	validation_2-logloss:0.46940
[2025-12-05T03:23:26.575+0000] {logging_mixin.py:154} INFO - [21]	validation_0-logloss:0.43847	validation_1-logloss:0.48165	validation_2-logloss:0.46690
[2025-12-05T03:23:26.576+0000] {logging_mixin.py:154} INFO - [22]	validation_0-logloss:0.43627	validation_1-logloss:0.48013	validation_2-logloss:0.46561
[2025-12-05T03:23:26.578+0000] {logging_mixin.py:154} INFO - [23]	validation_0-logloss:0.43405	validation_1-logloss:0.47867	validation_2-logloss:0.46431
[2025-12-05T03:23:26.579+0000] {logging_mixin.py:154} INFO - [24]	validation_0-logloss:0.43266	validation_1-logloss:0.47770	validation_2-logloss:0.46318
[2025-12-05T03:23:26.580+0000] {logging_mixin.py:154} INFO - [25]	validation_0-logloss:0.43053	validation_1-logloss:0.47677	validation_2-logloss:0.46208
[2025-12-05T03:23:26.582+0000] {logging_mixin.py:154} INFO - [26]	validation_0-logloss:0.42979	validation_1-logloss:0.47657	validation_2-logloss:0.46172
[2025-12-05T03:23:26.583+0000] {logging_mixin.py:154} INFO - [27]	validation_0-logloss:0.42733	validation_1-logloss:0.47580	validation_2-logloss:0.46042
[2025-12-05T03:23:26.585+0000] {logging_mixin.py:154} INFO - [28]	validation_0-logloss:0.42521	validation_1-logloss:0.47490	validation_2-logloss:0.45980
[2025-12-05T03:23:26.586+0000] {logging_mixin.py:154} INFO - [29]	validation_0-logloss:0.42396	validation_1-logloss:0.47385	validation_2-logloss:0.45922
[2025-12-05T03:23:26.587+0000] {logging_mixin.py:154} INFO - [30]	validation_0-logloss:0.42253	validation_1-logloss:0.47342	validation_2-logloss:0.45852
[2025-12-05T03:23:26.588+0000] {logging_mixin.py:154} INFO - [31]	validation_0-logloss:0.42125	validation_1-logloss:0.47312	validation_2-logloss:0.45845
[2025-12-05T03:23:26.590+0000] {logging_mixin.py:154} INFO - [32]	validation_0-logloss:0.41952	validation_1-logloss:0.47232	validation_2-logloss:0.45804
[2025-12-05T03:23:26.592+0000] {logging_mixin.py:154} INFO - [33]	validation_0-logloss:0.41820	validation_1-logloss:0.47197	validation_2-logloss:0.45772
[2025-12-05T03:23:26.593+0000] {logging_mixin.py:154} INFO - [34]	validation_0-logloss:0.41677	validation_1-logloss:0.47154	validation_2-logloss:0.45730
[2025-12-05T03:23:26.594+0000] {logging_mixin.py:154} INFO - [35]	validation_0-logloss:0.41594	validation_1-logloss:0.47090	validation_2-logloss:0.45665
[2025-12-05T03:23:26.595+0000] {logging_mixin.py:154} INFO - [36]	validation_0-logloss:0.41594	validation_1-logloss:0.47090	validation_2-logloss:0.45665
[2025-12-05T03:23:26.596+0000] {logging_mixin.py:154} INFO - [37]	validation_0-logloss:0.41555	validation_1-logloss:0.47063	validation_2-logloss:0.45651
[2025-12-05T03:23:26.598+0000] {logging_mixin.py:154} INFO - [38]	validation_0-logloss:0.41386	validation_1-logloss:0.47037	validation_2-logloss:0.45598
[2025-12-05T03:23:26.599+0000] {logging_mixin.py:154} INFO - [39]	validation_0-logloss:0.41333	validation_1-logloss:0.47025	validation_2-logloss:0.45565
[2025-12-05T03:23:26.600+0000] {logging_mixin.py:154} INFO - [40]	validation_0-logloss:0.41333	validation_1-logloss:0.47025	validation_2-logloss:0.45565
[2025-12-05T03:23:26.601+0000] {logging_mixin.py:154} INFO - [41]	validation_0-logloss:0.41249	validation_1-logloss:0.46997	validation_2-logloss:0.45542
[2025-12-05T03:23:26.602+0000] {logging_mixin.py:154} INFO - [42]	validation_0-logloss:0.41161	validation_1-logloss:0.46992	validation_2-logloss:0.45503
[2025-12-05T03:23:26.604+0000] {logging_mixin.py:154} INFO - [43]	validation_0-logloss:0.41147	validation_1-logloss:0.46994	validation_2-logloss:0.45488
[2025-12-05T03:23:26.605+0000] {logging_mixin.py:154} INFO - [44]	validation_0-logloss:0.41060	validation_1-logloss:0.46968	validation_2-logloss:0.45393
[2025-12-05T03:23:26.606+0000] {logging_mixin.py:154} INFO - [45]	validation_0-logloss:0.41056	validation_1-logloss:0.46960	validation_2-logloss:0.45384
[2025-12-05T03:23:26.607+0000] {logging_mixin.py:154} INFO - [46]	validation_0-logloss:0.41022	validation_1-logloss:0.46947	validation_2-logloss:0.45376
[2025-12-05T03:23:26.608+0000] {logging_mixin.py:154} INFO - [47]	validation_0-logloss:0.40940	validation_1-logloss:0.46928	validation_2-logloss:0.45353
[2025-12-05T03:23:26.609+0000] {logging_mixin.py:154} INFO - [48]	validation_0-logloss:0.40878	validation_1-logloss:0.46919	validation_2-logloss:0.45354
[2025-12-05T03:23:26.611+0000] {logging_mixin.py:154} INFO - [49]	validation_0-logloss:0.40860	validation_1-logloss:0.46901	validation_2-logloss:0.45331
[2025-12-05T03:23:26.612+0000] {logging_mixin.py:154} INFO - [50]	validation_0-logloss:0.40856	validation_1-logloss:0.46895	validation_2-logloss:0.45324
[2025-12-05T03:23:26.613+0000] {logging_mixin.py:154} INFO - [51]	validation_0-logloss:0.40856	validation_1-logloss:0.46895	validation_2-logloss:0.45324
[2025-12-05T03:23:26.614+0000] {logging_mixin.py:154} INFO - [52]	validation_0-logloss:0.40822	validation_1-logloss:0.46903	validation_2-logloss:0.45341
[2025-12-05T03:23:26.615+0000] {logging_mixin.py:154} INFO - [53]	validation_0-logloss:0.40822	validation_1-logloss:0.46904	validation_2-logloss:0.45341
[2025-12-05T03:23:26.616+0000] {logging_mixin.py:154} INFO - [54]	validation_0-logloss:0.40816	validation_1-logloss:0.46893	validation_2-logloss:0.45327
[2025-12-05T03:23:26.618+0000] {logging_mixin.py:154} INFO - [55]	validation_0-logloss:0.40707	validation_1-logloss:0.46846	validation_2-logloss:0.45250
[2025-12-05T03:23:26.619+0000] {logging_mixin.py:154} INFO - [56]	validation_0-logloss:0.40677	validation_1-logloss:0.46837	validation_2-logloss:0.45260
[2025-12-05T03:23:26.622+0000] {logging_mixin.py:154} INFO - [57]	validation_0-logloss:0.40648	validation_1-logloss:0.46821	validation_2-logloss:0.45252
[2025-12-05T03:23:26.623+0000] {logging_mixin.py:154} INFO - [58]	validation_0-logloss:0.40648	validation_1-logloss:0.46821	validation_2-logloss:0.45252
[2025-12-05T03:23:26.625+0000] {logging_mixin.py:154} INFO - [59]	validation_0-logloss:0.40613	validation_1-logloss:0.46801	validation_2-logloss:0.45230
[2025-12-05T03:23:26.626+0000] {logging_mixin.py:154} INFO - [60]	validation_0-logloss:0.40611	validation_1-logloss:0.46795	validation_2-logloss:0.45223
[2025-12-05T03:23:26.627+0000] {logging_mixin.py:154} INFO - [61]	validation_0-logloss:0.40611	validation_1-logloss:0.46795	validation_2-logloss:0.45223
[2025-12-05T03:23:26.628+0000] {logging_mixin.py:154} INFO - [62]	validation_0-logloss:0.40608	validation_1-logloss:0.46793	validation_2-logloss:0.45224
[2025-12-05T03:23:26.629+0000] {logging_mixin.py:154} INFO - [63]	validation_0-logloss:0.40606	validation_1-logloss:0.46788	validation_2-logloss:0.45217
[2025-12-05T03:23:26.631+0000] {logging_mixin.py:154} INFO - [64]	validation_0-logloss:0.40606	validation_1-logloss:0.46788	validation_2-logloss:0.45217
[2025-12-05T03:23:26.631+0000] {logging_mixin.py:154} INFO - [65]	validation_0-logloss:0.40606	validation_1-logloss:0.46787	validation_2-logloss:0.45217
[2025-12-05T03:23:26.632+0000] {logging_mixin.py:154} INFO - [66]	validation_0-logloss:0.40604	validation_1-logloss:0.46786	validation_2-logloss:0.45219
[2025-12-05T03:23:26.633+0000] {logging_mixin.py:154} INFO - [67]	validation_0-logloss:0.40603	validation_1-logloss:0.46787	validation_2-logloss:0.45219
[2025-12-05T03:23:26.634+0000] {logging_mixin.py:154} INFO - [68]	validation_0-logloss:0.40603	validation_1-logloss:0.46787	validation_2-logloss:0.45219
[2025-12-05T03:23:26.635+0000] {logging_mixin.py:154} INFO - [69]	validation_0-logloss:0.40603	validation_1-logloss:0.46788	validation_2-logloss:0.45219
[2025-12-05T03:23:26.637+0000] {logging_mixin.py:154} INFO - [70]	validation_0-logloss:0.40587	validation_1-logloss:0.46764	validation_2-logloss:0.45208
[2025-12-05T03:23:26.638+0000] {logging_mixin.py:154} INFO - [71]	validation_0-logloss:0.40587	validation_1-logloss:0.46763	validation_2-logloss:0.45208
[2025-12-05T03:23:26.639+0000] {logging_mixin.py:154} INFO - [72]	validation_0-logloss:0.40587	validation_1-logloss:0.46762	validation_2-logloss:0.45208
[2025-12-05T03:23:26.640+0000] {logging_mixin.py:154} INFO - [73]	validation_0-logloss:0.40587	validation_1-logloss:0.46763	validation_2-logloss:0.45208
[2025-12-05T03:23:26.641+0000] {logging_mixin.py:154} INFO - [74]	validation_0-logloss:0.40582	validation_1-logloss:0.46766	validation_2-logloss:0.45200
[2025-12-05T03:23:26.642+0000] {logging_mixin.py:154} INFO - [75]	validation_0-logloss:0.40582	validation_1-logloss:0.46765	validation_2-logloss:0.45200
[2025-12-05T03:23:26.642+0000] {logging_mixin.py:154} INFO - [76]	validation_0-logloss:0.40582	validation_1-logloss:0.46766	validation_2-logloss:0.45200
[2025-12-05T03:23:26.644+0000] {logging_mixin.py:154} INFO - [77]	validation_0-logloss:0.40549	validation_1-logloss:0.46774	validation_2-logloss:0.45209
[2025-12-05T03:23:26.645+0000] {logging_mixin.py:154} INFO - [78]	validation_0-logloss:0.40549	validation_1-logloss:0.46774	validation_2-logloss:0.45209
[2025-12-05T03:23:26.646+0000] {logging_mixin.py:154} INFO - [79]	validation_0-logloss:0.40495	validation_1-logloss:0.46759	validation_2-logloss:0.45233
[2025-12-05T03:23:26.647+0000] {logging_mixin.py:154} INFO - [80]	validation_0-logloss:0.40494	validation_1-logloss:0.46759	validation_2-logloss:0.45233
[2025-12-05T03:23:26.648+0000] {logging_mixin.py:154} INFO - [81]	validation_0-logloss:0.40494	validation_1-logloss:0.46760	validation_2-logloss:0.45233
[2025-12-05T03:23:26.648+0000] {logging_mixin.py:154} INFO - [82]	validation_0-logloss:0.40492	validation_1-logloss:0.46759	validation_2-logloss:0.45228
[2025-12-05T03:23:26.650+0000] {logging_mixin.py:154} INFO - [83]	validation_0-logloss:0.40473	validation_1-logloss:0.46750	validation_2-logloss:0.45221
[2025-12-05T03:23:26.651+0000] {logging_mixin.py:154} INFO - [84]	validation_0-logloss:0.40473	validation_1-logloss:0.46750	validation_2-logloss:0.45221
[2025-12-05T03:23:26.652+0000] {logging_mixin.py:154} INFO - [85]	validation_0-logloss:0.40466	validation_1-logloss:0.46743	validation_2-logloss:0.45226
[2025-12-05T03:23:26.652+0000] {logging_mixin.py:154} INFO - [86]	validation_0-logloss:0.40465	validation_1-logloss:0.46744	validation_2-logloss:0.45226
[2025-12-05T03:23:26.653+0000] {logging_mixin.py:154} INFO - [87]	validation_0-logloss:0.40465	validation_1-logloss:0.46745	validation_2-logloss:0.45226
[2025-12-05T03:23:26.654+0000] {logging_mixin.py:154} INFO - [88]	validation_0-logloss:0.40464	validation_1-logloss:0.46745	validation_2-logloss:0.45231
[2025-12-05T03:23:26.655+0000] {logging_mixin.py:154} INFO - [89]	validation_0-logloss:0.40464	validation_1-logloss:0.46746	validation_2-logloss:0.45231
[2025-12-05T03:23:26.656+0000] {logging_mixin.py:154} INFO - [90]	validation_0-logloss:0.40454	validation_1-logloss:0.46767	validation_2-logloss:0.45219
[2025-12-05T03:23:26.658+0000] {logging_mixin.py:154} INFO - [91]	validation_0-logloss:0.40454	validation_1-logloss:0.46767	validation_2-logloss:0.45219
[2025-12-05T03:23:26.659+0000] {logging_mixin.py:154} INFO - [92]	validation_0-logloss:0.40454	validation_1-logloss:0.46767	validation_2-logloss:0.45219
[2025-12-05T03:23:26.659+0000] {logging_mixin.py:154} INFO - [93]	validation_0-logloss:0.40452	validation_1-logloss:0.46771	validation_2-logloss:0.45223
[2025-12-05T03:23:26.660+0000] {logging_mixin.py:154} INFO - [94]	validation_0-logloss:0.40452	validation_1-logloss:0.46770	validation_2-logloss:0.45223
[2025-12-05T03:23:26.661+0000] {logging_mixin.py:154} INFO - [95]	validation_0-logloss:0.40452	validation_1-logloss:0.46769	validation_2-logloss:0.45223
[2025-12-05T03:23:26.662+0000] {logging_mixin.py:154} INFO - [96]	validation_0-logloss:0.40450	validation_1-logloss:0.46771	validation_2-logloss:0.45228
[2025-12-05T03:23:26.663+0000] {logging_mixin.py:154} INFO - [97]	validation_0-logloss:0.40450	validation_1-logloss:0.46770	validation_2-logloss:0.45228
[2025-12-05T03:23:26.664+0000] {logging_mixin.py:154} INFO - [98]	validation_0-logloss:0.40450	validation_1-logloss:0.46770	validation_2-logloss:0.45228
[2025-12-05T03:23:26.665+0000] {logging_mixin.py:154} INFO - [99]	validation_0-logloss:0.40451	validation_1-logloss:0.46779	validation_2-logloss:0.45223
[2025-12-05T03:23:26.666+0000] {logging_mixin.py:154} INFO - [100]	validation_0-logloss:0.40451	validation_1-logloss:0.46779	validation_2-logloss:0.45223
[2025-12-05T03:23:26.667+0000] {logging_mixin.py:154} INFO - [101]	validation_0-logloss:0.40450	validation_1-logloss:0.46779	validation_2-logloss:0.45223
[2025-12-05T03:23:26.667+0000] {logging_mixin.py:154} INFO - [102]	validation_0-logloss:0.40450	validation_1-logloss:0.46778	validation_2-logloss:0.45223
[2025-12-05T03:23:26.668+0000] {logging_mixin.py:154} INFO - [103]	validation_0-logloss:0.40448	validation_1-logloss:0.46772	validation_2-logloss:0.45229
[2025-12-05T03:23:26.670+0000] {logging_mixin.py:154} INFO - [104]	validation_0-logloss:0.40448	validation_1-logloss:0.46773	validation_2-logloss:0.45229
[2025-12-05T03:23:26.671+0000] {logging_mixin.py:154} INFO - [105]	validation_0-logloss:0.40446	validation_1-logloss:0.46764	validation_2-logloss:0.45227
[2025-12-05T03:23:26.672+0000] {logging_mixin.py:154} INFO - [106]	validation_0-logloss:0.40446	validation_1-logloss:0.46765	validation_2-logloss:0.45227
[2025-12-05T03:23:26.672+0000] {logging_mixin.py:154} INFO - [107]	validation_0-logloss:0.40446	validation_1-logloss:0.46765	validation_2-logloss:0.45227
[2025-12-05T03:23:26.673+0000] {logging_mixin.py:154} INFO - [108]	validation_0-logloss:0.40446	validation_1-logloss:0.46763	validation_2-logloss:0.45227
[2025-12-05T03:23:26.674+0000] {logging_mixin.py:154} INFO - [109]	validation_0-logloss:0.40425	validation_1-logloss:0.46773	validation_2-logloss:0.45207
[2025-12-05T03:23:26.675+0000] {logging_mixin.py:154} INFO - [110]	validation_0-logloss:0.40426	validation_1-logloss:0.46774	validation_2-logloss:0.45207
[2025-12-05T03:23:26.677+0000] {logging_mixin.py:154} INFO - [111]	validation_0-logloss:0.40425	validation_1-logloss:0.46773	validation_2-logloss:0.45207
[2025-12-05T03:23:26.677+0000] {logging_mixin.py:154} INFO - [112]	validation_0-logloss:0.40425	validation_1-logloss:0.46772	validation_2-logloss:0.45207
[2025-12-05T03:23:26.678+0000] {logging_mixin.py:154} INFO - [113]	validation_0-logloss:0.40425	validation_1-logloss:0.46770	validation_2-logloss:0.45207
[2025-12-05T03:23:26.679+0000] {logging_mixin.py:154} INFO - [114]	validation_0-logloss:0.40425	validation_1-logloss:0.46771	validation_2-logloss:0.45207
[2025-12-05T03:23:26.680+0000] {logging_mixin.py:154} INFO - [115]	validation_0-logloss:0.40425	validation_1-logloss:0.46770	validation_2-logloss:0.45207
[2025-12-05T03:23:26.681+0000] {logging_mixin.py:154} INFO - [116]	validation_0-logloss:0.40425	validation_1-logloss:0.46770	validation_2-logloss:0.45207
[2025-12-05T03:23:26.682+0000] {logging_mixin.py:154} INFO - [117]	validation_0-logloss:0.40413	validation_1-logloss:0.46777	validation_2-logloss:0.45200
[2025-12-05T03:23:26.683+0000] {logging_mixin.py:154} INFO - [118]	validation_0-logloss:0.40413	validation_1-logloss:0.46776	validation_2-logloss:0.45201
[2025-12-05T03:23:26.685+0000] {logging_mixin.py:154} INFO - [119]	validation_0-logloss:0.40364	validation_1-logloss:0.46743	validation_2-logloss:0.45157
[2025-12-05T03:23:26.686+0000] {logging_mixin.py:154} INFO - [120]	validation_0-logloss:0.40363	validation_1-logloss:0.46743	validation_2-logloss:0.45157
[2025-12-05T03:23:26.686+0000] {logging_mixin.py:154} INFO - [121]	validation_0-logloss:0.40355	validation_1-logloss:0.46728	validation_2-logloss:0.45150
[2025-12-05T03:23:26.688+0000] {logging_mixin.py:154} INFO - [122]	validation_0-logloss:0.40295	validation_1-logloss:0.46682	validation_2-logloss:0.45098
[2025-12-05T03:23:26.689+0000] {logging_mixin.py:154} INFO - [123]	validation_0-logloss:0.40295	validation_1-logloss:0.46684	validation_2-logloss:0.45098
[2025-12-05T03:23:26.690+0000] {logging_mixin.py:154} INFO - [124]	validation_0-logloss:0.40285	validation_1-logloss:0.46684	validation_2-logloss:0.45081
[2025-12-05T03:23:2